Year, day, hour, inflow_r(m**3/timestep)
  2000     1     1    2502062.250    3000074.000    3745598.500    4984179.500    4779261.500
  2000     2     1    2876315.250    3448823.500    4305874.000    5729733.500    5830275.000
  2000     3     1    2678930.250    3212148.500    4010379.500    5336522.500    5178335.000
  2000     4     1    2711183.250    3250820.250    4058659.250    5400765.500    5207560.000
  2000     5     1    2874798.000    3447005.000    4303606.000    5726717.000    5529695.000
  2000     6     1    2936791.000    3521336.000    4396406.000    5850202.500    5703565.500
  2000     7     1    3012425.250    3612024.000    4509628.500    6000864.500    5819522.500
  2000     8     1    3129582.500    3752498.500    4685007.000    6234234.000    6058279.500
  2000     9     1    3196382.000    3832593.000    4785004.000    6367295.500    6173036.000
  2000    10     1    3221381.250    3862566.750    4822423.500    6417087.500    6163791.500
  2000    11     1    3268107.750    3918593.500    4892372.500    6510166.000    6225700.500
  2000    12     1    3325990.500    3987997.500    4979024.000    6625471.500    6328217.500
  2000    13     1    3384456.500    4058100.500    5066548.000    6741937.000    6439100.500
  2000    14     1    3429819.500    4112492.500    5134456.000    6832301.000    6517584.000
  2000    15     1    3471793.750    4162821.500    5197291.500    6915914.000    6591883.000
  2000    16     1    3510811.250    4209605.000    5255701.000    6993638.500    6662803.000
  2000    17     1    3546959.500    4252950.000    5309820.000    7065656.000    6728951.000
  2000    18     1    3588136.000    4302324.000    5371468.000    7147693.000    6805614.000
  2000    19     1    3636304.500    4360081.500    5443583.500    7243658.500    6889280.000
  2000    20     1    3682268.000    4415189.000    5512375.000    7335190.000    6971754.000
  2000    21     1    3720294.000    4460783.500    5569298.000    7410936.000    7035207.500
  2000    22     1    3755606.750    4503124.500    5622161.000    7481278.000    7096049.000
  2000    23     1    3787443.500    4541298.000    5669820.500    7544698.000    7151415.000
  2000    24     1    3815634.000    4575099.500    5712022.000    7600855.000    7200204.000
  2000    25     1    3840376.000    4604767.000    5749062.000    7650143.000    7242453.000
  2000    26     1    3862218.500    4630956.000    5781759.000    7693653.000    7279685.500
  2000    27     1    3881381.500    4653934.000    5810447.500    7731828.500    7312119.000
  2000    28     1    3902552.750    4679322.000    5842150.000    7774018.000    7348216.000
  2000    29     1    3959948.750    4748145.000    5928082.000    7888369.500    7484979.500
  2000    30     1    3965483.250    4754779.500    5936363.000    7899388.500    7458444.000
  2000    31     1    4002707.500    4799411.000    5992081.500    7973528.500    7529708.000
  2000    32     1    4038335.500    4842129.000    6045411.000    8044490.500    7598767.000
  2000    33     1    4070816.500    4881074.000    6094033.000    8109189.000    7661399.500
  2000    34     1    4100031.500    4916104.500    6137767.500    8167384.500    7717866.500
  2000    35     1    4125854.750    4947067.000    6176424.000    8218823.500    7768084.000
  2000    36     1    4148520.750    4974244.500    6210355.500    8263975.500    7812440.000
  2000    37     1    4168070.500    4997685.500    6239621.000    8302919.000    7850706.000
  2000    38     1    4186943.000    5020316.000    6267880.000    8340526.000    7888121.500
  2000    39     1    4348775.500    5214363.500    6510156.000    8662922.000    8347921.000
  2000    40     1    4299258.000    5154991.000    6436033.000    8564290.000    8021344.000
  2000    41     1    4779725.000    5731092.000    7155299.000    9521403.000    8188103.000
  2000    42     1    4841530.000    5805197.000    7247817.500    9644514.000    8299791.500
  2000    43     1    4481781.000    5373842.000    6709266.500    8927874.000    8496274.000
  2000    44     1    4682284.000    5614255.000    7009424.500    9327290.000    8879697.000
  2000    45     1    7451259.000    8934370.000   11154603.000   14843185.000   16904528.000
  2000    46     1    4867881.500    5836789.000    7287249.500    9696977.000    9275256.000
  2000    47     1    4879475.500    5850689.000    7304601.000    9720064.000    9213846.000
  2000    48     1    4931588.000    5913173.500    7382612.000    9823870.000    9274274.000
  2000    49     1    5006870.500    6003441.000    7495310.000    9973836.000    9413919.000
  2000    50     1    5076153.000    6086513.000    7599027.000   10111850.000    9544012.000
  2000    51     1    5142127.000    6165619.000    7697790.500   10243272.000    9671550.000
  2000    52     1    5194346.000    6228232.000    7775963.500   10347295.000    9765196.000
  2000    53     1    5241898.000    6285248.000    7847148.000   10442018.000    9851571.000
  2000    54     1    5285517.000    6337549.500    7912445.500   10528909.000    9932427.000
  2000    55     1    5324208.000    6383942.000    7970366.000   10605982.000   10004248.000
  2000    56     1    5358214.000    6424716.000    8021273.500   10673723.000   10067098.000
  2000    57     1    5387893.000    6460303.000    8065703.500   10732845.000   10122068.000
  2000    58     1    5413743.000    6491297.500    8104401.000   10784340.000   10169797.000
  2000    59     1    5436394.500    6518457.500    8138311.000   10829462.000   10211556.000
  2000    60     1    5456051.000    6542026.000    8167736.000   10868618.000   10247968.000
  2000    61     1    5472662.500    6561944.500    8192603.000   10901708.000   10278762.000
  2000    62     1    5486381.500    6578394.000    8213140.500   10929036.000   10304062.000
  2000    63     1    5497689.000    6591952.500    8230069.000   10951563.000   10324760.000
  2000    64     1    5507138.500    6603283.000    8244215.000   10970388.000   10341981.000
  2000    65     1    5514816.500    6612489.000    8255709.500   10985682.000   10355690.000
  2000    66     1    5520851.000    6619724.500    8264744.000   10997704.000   10366143.000
  2000    67     1    5525337.000    6625104.000    8271459.500   11006641.000   10373538.000
  2000    68     1    5528268.000    6628618.000    8275846.000   11012477.000   10377898.000
  2000    69     1    5529679.000    6630309.500    8277958.000   11015288.000   10379408.000
  2000    70     1    5529651.000    6630276.000    8277917.000   11015234.000   10378294.000
  2000    71     1    5528463.000    6628852.000    8276138.000   11012866.000   10375124.000
  2000    72     1    5526073.000    6625986.000    8272560.000   11008105.000   10369866.000
  2000    73     1    5522758.000    6622012.000    8267599.500   11001505.000   10363109.000
  2000    74     1    5518279.500    6616641.000    8260892.500   10992579.000   10354377.000
  2000    75     1    5512722.000    6609978.000    8252573.500   10981509.000   10343786.000
  2000    76     1    5506086.000    6602021.000    8242640.000   10968291.000   10331256.000
  2000    77     1    5498574.000    6593013.000    8231393.500   10953326.000   10317261.000
  2000    78     1    5490226.500    6583004.000    8218897.500   10936698.000   10301898.000
  2000    79     1    5481055.000    6572007.500    8205168.000   10918428.000   10285158.000
  2000    80     1    5472573.000    6561838.500    8192474.000   10901538.000   10271391.000
  2000    81     1    5463160.000    6550551.000    8178382.000   10882786.000   10255599.000
  2000    82     1    5453078.000    6538462.000    8163285.000   10862695.000   10238564.000
  2000    83     1    5442197.000    6525415.000    8146997.500   10841021.000   10219785.000
  2000    84     1    5430616.000    6511528.500    8129660.000   10817952.000   10199477.000
  2000    85     1    5418178.000    6496615.000    8111039.500   10793172.000   10177475.000
  2000    86     1    5404889.500    6480681.000    8091145.500   10766701.000   10153782.000
  2000    87     1    5390828.500    6463822.000    8070097.500   10738692.000   10128532.000
  2000    88     1    5376154.500    6446227.000    8048131.000   10709462.000   10102031.000
  2000    89     1    5360946.500    6427992.000    8025365.000   10679168.000   10074475.000
  2000    90     1    5345218.000    6409133.500    8001819.000   10647837.000   10045901.000
  2000    91     1    5329012.500    6389702.500    7977560.000   10615556.000   10016323.000
  2000    92     1    5312304.000    6369668.000    7952546.500   10582270.000    9985751.000
  2000    93     1    5295111.000    6349053.000    7926808.000   10548020.000    9954187.000
  2000    94     1    5277414.500    6327833.500    7900315.500   10512768.000    9921620.000
  2000    95     1    5259249.000    6306053.000    7873122.000   10476582.000    9888120.000
  2000    96     1    5240612.000    6283706.500    7845223.000   10439457.000    9853709.000
  2000    97     1    5221448.000    6260728.500    7816534.500   10401282.000    9818281.000
  2000    98     1    5201792.500    6237160.000    7787109.000   10362126.000    9781902.000
  2000    99     1    5181682.000    6213046.000    7757003.000   10322064.000    9744632.000
  2000   100     1    5161188.000    6188474.000    7726324.000   10281242.000    9706617.000
  2000   101     1    5140388.500    6163534.000    7695188.000   10239809.000    9667984.000
  2000   102     1    5119325.000    6138278.500    7663656.000   10197850.000    9628856.000
  2000   103     1    5097962.000    6112662.000    7631673.500   10155292.000    9589132.000
  2000   104     1    5076337.000    6086734.000    7599302.000   10112216.000    9548887.000
  2000   105     1    5054453.000    6060494.000    7566541.500   10068622.000    9508125.000
  2000   106     1    5032285.500    6033914.000    7533356.000   10024463.000    9466786.000
  2000   107     1    5009832.000    6006991.000    7499743.000    9979734.000    9424891.000
  2000   108     1    4987134.000    5979776.000    7465765.000    9934520.000    9382537.000
  2000   109     1    4964278.000    5952371.000    7431548.500    9888991.000    9339900.000
  2000   110     1    4941251.000    5924759.500    7397077.000    9843120.000    9296908.000
  2000   111     1    4918135.000    5897043.000    7362473.500    9797074.000    9253736.000
  2000   112     1    4894965.500    5869262.000    7327789.000    9750920.000    9210432.000
  2000   113     1    4871722.500    5841392.500    7292993.500    9704619.000    9166948.000
  2000   114     1    4848379.500    5813403.000    7258048.000    9658118.000    9123269.000
  2000   115     1    4824975.500    5785341.000    7223013.000    9611497.000    9079437.000
  2000   116     1    4801474.000    5757162.000    7187830.500    9564680.000    9035391.000
  2000   117     1    4777855.500    5728842.000    7152473.000    9517630.000    8991097.000
  2000   118     1    4754117.500    5700379.500    7116937.000    9470343.000    8946558.000
  2000   119     1    4730293.500    5671814.000    7081273.000    9422886.000    8901866.000
  2000   120     1    4706402.500    5643167.500    7045508.000    9375295.000    8857025.000
  2000   121     1    4682442.000    5614438.000    7009639.000    9327564.000    8812036.000
  2000   122     1    4658433.000    5585650.000    6973697.000    9279738.000    8766959.000
  2000   123     1    4634351.000    5556775.000    6937646.000    9231764.000    8721742.000
  2000   124     1    4610246.500    5527872.000    6901562.000    9183749.000    8676473.000
  2000   125     1    4586146.500    5498976.000    6865484.500    9135742.000    8631204.000
  2000   126     1    4562065.500    5470101.500    6829435.000    9087772.000    8585947.000
  2000   127     1    4537993.500    5441238.000    6793398.500    9039818.000    8540706.000
  2000   128     1    4513955.000    5412415.000    6757413.500    8991934.000    8495512.000
  2000   129     1    4489975.500    5383663.000    6721517.000    8944168.000    8450414.000
  2000   130     1    4466031.000    5354952.000    6685671.000    8896468.000    8405371.000
  2000   131     1    4442101.000    5326259.000    6649847.500    8848798.000    8360348.000
  2000   132     1    4418188.000    5297586.500    6614049.000    8801163.000    8315352.000
  2000   133     1    4394320.000    5268968.000    6578319.500    8753618.000    8270423.000
  2000   134     1    4370488.000    5240392.000    6542642.500    8706144.000    8225565.000
  2000   135     1    4346685.000    5211851.500    6507009.000    8658726.000    8180751.000
  2000   136     1    4322916.000    5183351.500    6471426.000    8611377.000    8136001.500
  2000   137     1    4299187.000    5154899.500    6435904.000    8564108.000    8091318.500
  2000   138     1    4275503.000    5126501.000    6400449.000    8516930.000    8046715.000
  2000   139     1    4251870.500    5098164.500    6365071.000    8469853.000    8002199.000
  2000   140     1    4228289.000    5069889.500    6329769.000    8422878.000    7957774.000
  2000   141     1    4204756.500    5041673.000    6294541.000    8375999.500    7913440.000
  2000   142     1    4181278.500    5013522.000    6259394.000    8329231.000    7869209.500
  2000   143     1    4157855.500    4985436.500    6224329.500    8282571.000    7825084.500
  2000   144     1    4134507.500    4957442.000    6189378.000    8236062.500    7781103.000
  2000   145     1    4111222.000    4929521.500    6154519.000    8189675.500    7737232.000
  2000   146     1    4087998.000    4901675.000    6119752.000    8143413.000    7693480.500
  2000   147     1    4064835.000    4873902.000    6085077.000    8097271.500    7649837.000
  2000   148     1    4041733.750    4846202.500    6050495.000    8051253.000    7606303.000
  2000   149     1    4018702.250    4818587.000    6016016.500    8005374.000    7562899.000
  2000   150     1    3995750.000    4791066.000    5981657.000    7959653.000    7519641.500
  2000   151     1    3972874.500    4763637.500    5947412.000    7914084.000    7476525.500
  2000   152     1    3950071.000    4736295.000    5913275.000    7868658.000    7433541.000
  2000   153     1    3927344.000    4709044.000    5879252.500    7823385.000    7390702.500
  2000   154     1    3904684.000    4681874.000    5845330.500    7778246.000    7348016.000
  2000   155     1    3882098.500    4654793.500    5811521.000    7733257.000    7305509.000
  2000   156     1    3859587.250    4627801.000    5777821.000    7688413.500    7263185.000
  2000   157     1    3837183.000    4600937.500    5744282.000    7643784.500    7221061.000
  2000   158     1    3814888.000    4574205.500    5710907.000    7599373.000    7179142.000
  2000   159     1    3792697.000    4547597.000    5677686.500    7555166.500    7137403.000
  2000   160     1    3770599.000    4521100.500    5644604.000    7511144.500    7095834.000
  2000   161     1    3748594.750    4494717.000    5611664.000    7467311.000    7054437.000
  2000   162     1    3726687.500    4468449.000    5578869.000    7423671.500    7013216.000
  2000   163     1    3704871.000    4442290.500    5546209.000    7380212.500    6972160.000
  2000   164     1    3683150.000    4416245.500    5513693.000    7336943.000    6931281.000
  2000   165     1    3661534.750    4390328.500    5481336.000    7293887.000    6890596.500
  2000   166     1    3640023.000    4364535.000    5449132.500    7251034.500    6850104.000
  2000   167     1    3618609.750    4338859.500    5417076.000    7208377.000    6809789.000
  2000   168     1    3597291.000    4313297.500    5385161.000    7165909.000    6769653.000
  2000   169     1    3576065.250    4287847.000    5353386.000    7123627.000    6729686.000
  2000   170     1    3554936.000    4262512.000    5321756.000    7081537.000    6689896.000
  2000   171     1    3533902.750    4237292.000    5290269.000    7039638.500    6650281.000
  2000   172     1    3512963.500    4212185.500    5258922.000    6997925.000    6610838.000
  2000   173     1    3492119.500    4187192.250    5227718.000    6956402.500    6571571.500
  2000   174     1    3471370.250    4162313.250    5196657.000    6915069.500    6532480.000
  2000   175     1    3450725.500    4137559.250    5165752.000    6873947.000    6493591.000
  2000   176     1    3430182.000    4112927.000    5134998.500    6833023.500    6454885.000
  2000   177     1    3409744.500    4088421.250    5104403.000    6792311.000    6416380.000
  2000   178     1    3389414.000    4064044.000    5073968.500    6751812.500    6378072.000
  2000   179     1    3369189.500    4039794.500    5043692.000    6711524.500    6339957.500
  2000   180     1    3349068.000    4015667.750    5013569.500    6671440.500    6302035.000
  2000   181     1    3329048.500    3991663.500    4983600.000    6631560.000    6264303.500
  2000   182     1    3309114.000    3967761.500    4953758.000    6591850.000    6226715.000
  2000   183     1    3289255.000    3943949.500    4924029.000    6552291.000    6189239.000
  2000   184     1    3269487.000    3920247.000    4894436.000    6512912.500    6151917.000
  2000   185     1    3249827.500    3896674.500    4865006.000    6473750.500    6114801.500
  2000   186     1    3230274.500    3873230.000    4835735.000    6434799.500    6077890.000
  2000   187     1    3210831.500    3849916.750    4806629.500    6396071.000    6041189.500
  2000   188     1    3191496.500    3826733.000    4777684.000    6357552.000    6004691.500
  2000   189     1    3172267.750    3803677.250    4748898.500    6319248.000    5968398.000
  2000   190     1    3153145.750    3780749.000    4720272.500    6281156.000    5932308.500
  2000   191     1    3134132.000    3757950.500    4691809.000    6243281.500    5896427.000
  2000   192     1    3115225.000    3735280.750    4663505.000    6205618.000    5860748.000
  2000   193     1    3096425.000    3712738.500    4635361.000    6168167.000    5825271.000
  2000   194     1    3077732.000    3690325.000    4607378.000    6130930.500    5790000.500
  2000   195     1    3059149.500    3668044.000    4579561.000    6093916.000    5754940.500
  2000   196     1    3040674.750    3645892.000    4551903.000    6057110.500    5720079.500
  2000   197     1    3022307.000    3623868.000    4524406.500    6020521.000    5685425.000
  2000   198     1    3004045.500    3601971.750    4497068.500    5984144.000    5650973.500
  2000   199     1    2985891.250    3580204.000    4469891.500    5947980.000    5616725.000
  2000   200     1    2967843.500    3558564.500    4442874.000    5912028.000    5582678.500
  2000   201     1    2949901.250    3537050.500    4416014.000    5876287.000    5548831.500
  2000   202     1    2932063.250    3515662.250    4389310.500    5840753.000    5515184.000
  2000   203     1    2914329.500    3494398.500    4362763.000    5805427.000    5481734.000
  2000   204     1    2896698.250    3473258.250    4336369.000    5770304.500    5448478.000
  2000   205     1    2879171.000    3452242.500    4310131.000    5735391.000    5415422.000
  2000   206     1    2861744.750    3431347.500    4284043.500    5700676.000    5382555.000
  2000   207     1    2844419.500    3410573.750    4258107.500    5666164.000    5349882.000
  2000   208     1    2827193.000    3389918.500    4232319.500    5631848.000    5317396.000
  2000   209     1    2810064.500    3369380.500    4206678.000    5597727.000    5285097.000
  2000   210     1    2793032.250    3348958.500    4181180.500    5563799.000    5252982.500
  2000   211     1    2776101.750    3328658.250    4155836.500    5530075.000    5221073.000
  2000   212     1    2759263.500    3308468.250    4130628.500    5496531.000    5189323.000
  2000   213     1    2742523.250    3288396.000    4105568.000    5463182.500    5157764.000
  2000   214     1    2725878.500    3268438.250    4080650.750    5430026.000    5126391.000
  2000   215     1    2709329.000    3248594.750    4055876.500    5397059.500    5095199.000
  2000   216     1    2692880.750    3228873.000    4031254.750    5364297.000    5064213.000
  2000   217     1    2676527.000    3209264.500    4006774.250    5331721.500    5033375.000
  2000   218     1    2660264.750    3189765.000    3982429.750    5299328.000    5002743.500
  2000   219     1    2644116.000    3170402.750    3958256.000    5267160.000    4972334.000
  2000   220     1    2628261.500    3151396.000    3934534.000    5235599.000    4942687.500
  2000   221     1    2612381.000    3132351.750    3910751.250    5203948.000    4912863.500
  2000   222     1    2596498.500    3113306.500    3886969.250    5172299.000    4882903.000
  2000   223     1    2580826.000    3094514.500    3863506.500    5141077.000    4853487.000
  2000   224     1    2565240.500    3075826.500    3840175.000    5110031.000    4824238.000
  2000   225     1    2549741.000    3057242.250    3816972.000    5079154.500    4795146.000
  2000   226     1    2534326.500    3038759.500    3793896.500    5048448.500    4766214.000
  2000   227     1    2518996.250    3020378.250    3770947.000    5017910.000    4737438.000
  2000   228     1    2503749.500    3002097.000    3748122.750    4987538.000    4708818.500
  2000   229     1    2488586.250    2983915.250    3725423.000    4957332.000    4680355.000
  2000   230     1    2473505.000    2965832.000    3702846.250    4927290.000    4652044.500
  2000   231     1    2458507.000    2947849.000    3680394.250    4897413.500    4623890.000
  2000   232     1    2443590.500    2929963.500    3658064.000    4867699.000    4595886.500
  2000   233     1    2428746.500    2912165.000    3635842.500    4838129.000    4568034.500
  2000   234     1    2413946.750    2894419.500    3613687.250    4808647.500    4540334.500
  2000   235     1    2399211.750    2876751.500    3591628.500    4779294.500    4512783.000
  2000   236     1    2384558.750    2859182.000    3569693.250    4750105.500    4485380.500
  2000   237     1    2369988.000    2841711.250    3547881.000    4721081.000    4458126.000
  2000   238     1    2355499.750    2824339.000    3526191.750    4692220.000    4431021.500
  2000   239     1    2341094.500    2807066.750    3504627.000    4663524.000    4404068.000
  2000   240     1    2326773.750    2789895.500    3483189.000    4634998.000    4377269.500
  2000   241     1    2312540.500    2772829.500    3461883.000    4606647.000    4350631.500
  2000   242     1    2298385.000    2755856.500    3440691.000    4578445.500    4324129.000
  2000   243     1    2284314.000    2738984.250    3419626.000    4550415.000    4297786.000
  2000   244     1    2270323.500    2722209.250    3398682.750    4522546.000    4271591.000
  2000   245     1    2256415.750    2705533.500    3377863.000    4494843.000    4245548.500
  2000   246     1    2242587.500    2688953.000    3357161.500    4467295.500    4219644.500
  2000   247     1    2228839.250    2672467.750    3336580.000    4439907.500    4193889.250
  2000   248     1    2215171.250    2656079.750    3316119.500    4412682.000    4168285.500
  2000   249     1    2201686.000    2639913.000    3295941.000    4385834.000    4143140.250
  2000   250     1    2188233.250    2623782.500    3275802.500    4359038.000    4117960.500
  2000   251     1    2174725.500    2607583.500    3255572.000    4332112.000    4092577.500
  2000   252     1    2161408.000    2591615.250    3235635.250    4305582.500    4067645.250
  2000   253     1    2148163.000    2575733.750    3215807.250    4279197.500    4042856.500
  2000   254     1    2134965.500    2559909.250    3196050.500    4252907.500    4018202.500
  2000   255     1    2121844.000    2544176.000    3176407.500    4226769.000    3993681.500
  2000   256     1    2108798.500    2528534.250    3156878.500    4200782.000    3969295.000
  2000   257     1    2095828.625    2512982.750    3137462.500    4174945.500    3945041.000
  2000   258     1    2082934.625    2497522.500    3118160.500    4149260.500    3920923.500
  2000   259     1    2070107.250    2482142.000    3098957.500    4123708.000    3896911.500
  2000   260     1    2057303.625    2466789.750    3079790.250    4098202.750    3872880.750
  2000   261     1    2044578.500    2451531.750    3060740.750    4072854.000    3848994.000
  2000   262     1    2031931.250    2436367.250    3041807.750    4047660.250    3825249.750
  2000   263     1    2019361.750    2421296.000    3022991.000    4022621.500    3801650.000
  2000   264     1    2006869.500    2406317.250    3004290.250    3997736.750    3778191.250
  2000   265     1    1994454.000    2391430.500    2985704.250    3973004.500    3754873.000
  2000   266     1    1982116.625    2376637.750    2967235.500    3948429.250    3731704.750
  2000   267     1    1969852.500    2361932.500    2948875.500    3923997.750    3708662.500
  2000   268     1    1957665.750    2347319.750    2930631.750    3899721.000    3685767.500
  2000   269     1    1945554.125    2332797.500    2912500.750    3875594.500    3663011.250
  2000   270     1    1933517.500    2318365.000    2894481.750    3851616.750    3640392.750
  2000   271     1    1921555.250    2304021.750    2876574.000    3827788.000    3617914.000
  2000   272     1    1909672.500    2289774.500    2858787.500    3804120.250    3595594.000
  2000   273     1    1898028.625    2275817.000    2841370.500    3780951.000    3573902.500
  2000   274     1    1886354.250    2261817.500    2823888.750    3757686.500    3551784.500
  2000   275     1    1874719.750    2247867.000    2806471.500    3734509.750    3529879.000
  2000   276     1    1862989.625    2233800.250    2788904.500    3711130.250    3507932.500
  2000   277     1    1851475.250    2219994.000    2771667.000    3688192.500    3486331.000
  2000   278     1    1840246.500    2206533.500    2754868.250    3665844.000    3465208.500
  2000   279     1    3017123.000    3617663.500    4516685.000    6010266.000    3444342.500
  2000   280     1    1818055.375    2179929.500    2721662.750    3621664.750    3423697.500
  2000   281     1    1807136.750    2166837.750    2705318.500    3599916.500    3403264.250
  2000   282     1    1796479.125    2154057.500    2689359.000    3578677.000    3383336.750
  2000   283     1    1785586.750    2140990.500    2673031.500    3556941.250    3363018.250
  2000   284     1    1775045.500    2128351.000    2657250.000    3535940.250    3343234.000
  2000   285     1    1764861.000    2116142.250    2642013.250    3515669.250    3324037.000
  2000   286     1    1754432.750    2103637.000    2626397.000    3494886.750    3304494.000
  2000   287     1    1744302.000    2091492.500    2611240.500    3474722.750    3285402.000
  2000   288     1    1734233.375    2079418.750    2596164.250    3454659.250    3266580.000
  2000   289     1    1724590.375    2067861.375    2581745.000    3435479.000    3248587.000
  2000   290     1    1715376.250    2056814.250    2567955.000    3417131.000    3231419.000
  2000   291     1    1706035.625    2045607.000    2553946.500    3398477.500    3214382.000
  2000   292     1    1696819.000    2034554.250    2540143.000    3380107.250    3197192.000
  2000   293     1    1687740.750    2023669.250    2526553.750    3362024.250    3180423.000
  2000   294     1    1678684.375    2012810.500    2512997.500    3343986.000    3163703.000
  2000   295     1    1669628.500    2001951.750    2499439.250    3325943.500    3146949.250
  2000   296     1    1660588.500    1991112.125    2485905.500    3307934.000    3130232.500
  2000   297     1    1651557.500    1980283.750    2472386.250    3289944.000    3113531.250
  2000   298     1    1642532.750    1969462.625    2458875.750    3271966.500    3096824.750
  2000   299     1    1633524.000    1958660.750    2445390.250    3254021.750    3080144.500
  2000   300     1    1624545.625    1947896.000    2431951.500    3236140.000    3063514.500
  2000   301     1    1615966.375    1937614.000    2419123.500    3219077.250    3048005.000
  2000   302     1    1607499.250    1927459.750    2406443.250    3202201.500    3032582.250
  2000   303     1    1598859.000    1917096.750    2393498.500    3184972.000    3017055.750
  2000   304     1    1590482.625    1907053.500    2380960.000    3168288.000    3002024.500
  2000   305     1    1582202.375    1897126.125    2368568.250    3151800.000    2987173.500
  2000   306     1    1574248.125    1887590.750    2356668.000    3135968.500    2972959.500
  2000   307     1    1566550.250    1878362.000    2345149.250    3120643.250    2959335.000
  2000   308     1    1559220.000    1869572.875    2334174.750    3106038.500    2946666.000
  2000   309     1    1612901.625    1933942.000    2414547.500    3212994.500    2935559.750
  2000   310     1    1546461.125    1854272.625    2315069.750    3080614.250    2925075.750
  2000   311     1    1541363.125    1848163.750    2307450.500    3070480.750    2917266.500
  2000   312     1    1536579.125    1842422.875    2300274.000    3060924.500    2910486.500
  2000   313     1    1531699.000    1836569.500    2292961.000    3051189.500    2903512.000
  2000   314     1    1527404.250    1831421.375    2286536.250    3042642.000    2897782.750
  2000   315     1    2597711.500    3114772.000    3888823.000    5174783.000    4416293.000
  2000   316     1    1524129.875    1827498.500    2281646.500    3036142.500    2897765.250
  2000   317     1    1523766.500    1827061.250    2281097.500    3035409.500    2899935.250
  2000   318     1    1524729.500    1828216.250    2282540.000    3037328.750    2905269.000
  2000   319     1    1527285.250    1831281.500    2286368.750    3042425.000    2913757.250
  2000   320     1    1530693.500    1835366.500    2291465.250    3049204.500    2923717.750
  2000   321     1    1535325.000    1840920.500    2298401.500    3058435.750    2935135.250
  2000   322     1    1540716.625    1847384.000    2306468.500    3069168.500    2947665.750
  2000   323     1    1548188.375    1856344.500    2317658.250    3084059.750    2965230.000
  2000   324     1    1556522.250    1866335.250    2330128.000    3100650.500    2984523.750
  2000   325     1    1566412.000    1878194.625    2344936.500    3120357.000    3006856.750
  2000   326     1    1577155.750    1891075.500    2361016.750    3141753.250    3030519.250
  2000   327     1    1586898.000    1902755.000    2375593.000    3161145.250    3052410.750
  2000   328     1    1595936.500    1913592.000    2389122.000    3179146.750    3072647.250
  2000   329     1    1604141.375    1923430.000    2401404.250    3195490.500    3091250.750
  2000   330     1    1611395.750    1932128.125    2412263.750    3209940.500    3107873.000
  2000   331     1    1617688.500    1939673.250    2421684.000    3222476.250    3122416.500
  2000   332     1    1623078.000    1946135.500    2429752.000    3233212.000    3135002.000
  2000   333     1    1627641.250    1951607.250    2436583.750    3242303.000    3145771.250
  2000   334     1    1631659.000    1956426.625    2442604.750    3250318.750    3155327.250
  2000   335     1    1638885.000    1965095.250    2453437.500    3264740.750    3171098.500
  2001     1     1    1648865.375    1977061.750    2468377.750    3284621.250    3192332.000
  2001     2     1    2368220.000    2839601.500    3545268.500    4717621.000    3950655.000
  2001     3     1    1684647.750    2019964.500    2521938.000    3355890.250    3265157.000
  2001     4     1    1707529.250    2047401.000    2556194.000    3401474.500    3311064.250
  2001     5     1    1728984.000    2073121.750    2588297.500    3444187.500    3354247.500
  2001     6     1    1749644.250    2097894.000    2619225.500    3485342.750    3395677.000
  2001     7     1    1769221.000    2121367.000    2648530.500    3524337.750    3434876.500
  2001     8     1    1787774.750    2143614.000    2676306.500    3561299.000    3472004.500
  2001     9     1    1805484.375    2164848.500    2702818.000    3596577.000    3507528.750
  2001    10     1    1822505.125    2185257.500    2728299.500    3630485.000    3541836.250
  2001    11     1    1838696.500    2204671.000    2752536.750    3662736.750    3574435.000
  2001    12     1    1853990.750    2223009.500    2775431.500    3693202.000    3605183.500
  2001    13     1    1868420.250    2240311.000    2797033.000    3721946.500    3634175.500
  2001    14     1    1882028.500    2256628.000    2817404.500    3749054.500    3661516.000
  2001    15     1    1894634.125    2271742.500    2836274.250    3774163.500    3686758.500
  2001    16     1    1906224.250    2285639.500    2853625.000    3797251.500    3709842.000
  2001    17     1    1917999.750    2299760.250    2871258.500    3820718.750    3734099.500
  2001    18     1    1930757.625    2315058.250    2890359.500    3846137.000    3759411.500
  2001    19     1    1944257.250    2331244.750    2910567.750    3873027.750    3786777.000
  2001    20     1    2795138.500    3351493.500    4184366.250    5568053.000    3999249.500
  2001    21     1    2166115.500    2597268.000    3242711.000    4315012.000    4027367.500
  2001    22     1    2340463.250    2806318.000    3503711.000    4662318.500    4563942.000
  2001    23     1    2122547.250    2545025.500    3177482.000    4228210.000    4034379.000
  2001    24     1    2133629.500    2558312.500    3194068.750    4250280.000    4126822.500
  2001    25     1    2201659.000    2639883.000    3295909.250    4385797.000    4251430.000
  2001    26     1    2253255.250    2701745.000    3373137.000    4488557.000    4327698.500
  2001    27     1    2315577.750    2776473.000    3466436.000    4612708.000    4435492.000
  2001    28     1    2368000.000    2839329.000    3544910.750    4717132.000    4517505.500
  2001    29     1    2432928.000    2917182.000    3642114.500    4846481.500    4632241.500
  2001    30     1    2538624.000    3043916.250    3800341.750    5057030.000    4874617.500
  2001    31     1    2573282.500    3085470.500    3852218.000    5126057.000    4911159.500
