Year, day, hour, outflow_r(m**3/timestep)
  2000     1     1    2502059.250    3000062.000    3745589.000    4984166.500    4779259.000
  2000     2     1    2876337.000    3448854.000    4305889.000    5729773.000    5830286.000
  2000     3     1    2678940.500    3212158.500    4010384.000    5336532.000    5178337.500
  2000     4     1    2711188.000    3250822.000    4058660.500    5400762.500    5207558.500
  2000     5     1    2874823.500    3447044.000    4303626.500    5726754.000    5529703.500
  2000     6     1    2936810.500    3521365.500    4396421.500    5850230.500    5703572.500
  2000     7     1    3012442.000    3612047.500    4509641.500    6000881.000    5819525.500
  2000     8     1    3129590.250    3752505.500    4685010.000    6234248.000    6058284.000
  2000     9     1    3196385.500    3832593.750    4785003.000    6367304.000    6173039.500
  2000    10     1    3221379.000    3862556.500    4822417.000    6417080.000    6163790.500
  2000    11     1    3268104.000    3918581.000    4892365.000    6510155.000    6225698.000
  2000    12     1    3325987.000    3987985.250    4979017.000    6625458.000    6328214.500
  2000    13     1    3384453.000    4058088.250    5066539.000    6741924.000    6439097.500
  2000    14     1    3429815.750    4112480.000    5134447.000    6832285.500    6517580.500
  2000    15     1    3471789.000    4162806.750    5197281.500    6915896.500    6591879.500
  2000    16     1    3510806.500    4209590.500    5255691.000    6993621.000    6662798.500
  2000    17     1    3546962.500    4252948.000    5309818.000    7065653.000    6728950.500
  2000    18     1    3588149.000    4302340.000    5371476.500    7147712.000    6805619.000
  2000    19     1    3636325.000    4360115.500    5443602.000    7243684.000    6889284.500
  2000    20     1    3682266.750    4415181.000    5512370.000    7335184.000    6971753.500
  2000    21     1    3720290.500    4460771.000    5569290.500    7410924.000    7035205.500
  2000    22     1    3755602.000    4503110.000    5622151.500    7481262.000    7096045.500
  2000    23     1    3787438.250    4541283.000    5669811.000    7544681.000    7151411.500
  2000    24     1    3815629.500    4575086.000    5712013.500    7600838.000    7200200.500
  2000    25     1    3840372.000    4604753.500    5749053.000    7650128.000    7242449.000
  2000    26     1    3862214.000    4630943.000    5781750.500    7693637.000    7279682.000
  2000    27     1    3881378.500    4653923.000    5810441.000    7731815.500    7312116.000
  2000    28     1    3902563.000    4679332.000    5842155.000    7774028.000    7348218.000
  2000    29     1    3959973.500    4748180.500    5928100.000    7888408.000    7484989.500
  2000    30     1    3965500.500    4754807.500    5936378.500    7899412.000    7458449.000
  2000    31     1    4002717.000    4799422.000    5992086.000    7973550.000    7529715.000
  2000    32     1    4038335.500    4842124.000    6045408.000    8044490.000    7598767.500
  2000    33     1    4070813.500    4881063.000    6094026.500    8109179.500    7661397.500
  2000    34     1    4100027.250    4916090.500    6137759.000    8167370.000    7717863.500
  2000    35     1    4125850.000    4947052.000    6176414.000    8218807.000    7768079.500
  2000    36     1    4148515.500    4974230.000    6210346.000    8263959.000    7812436.500
  2000    37     1    4168065.000    4997669.500    6239612.000    8302901.000    7850702.500
  2000    38     1    4186947.500    5020318.000    6267881.000    8340528.000    7888122.000
  2000    39     1    4348796.500    5214394.500    6510171.000    8662965.000    8347933.500
  2000    40     1    4299286.000    5155036.500    6436058.000    8564331.000    8021352.500
  2000    41     1    4779759.000    5731147.000    7155329.000    9521451.000    8188113.500
  2000    42     1    4841557.500    5805243.500    7247843.000    9644550.000    8299798.500
  2000    43     1    4481802.000    5373875.500    6709284.500    8927906.000    8496282.000
  2000    44     1    4682311.000    5614298.500    7009448.000    9327331.000    8879707.000
  2000    45     1    7451294.500    8934426.000   11154631.000   14843247.000   16904544.000
  2000    46     1    4867885.500    5836792.000    7287250.000    9696987.000    9275261.000
  2000    47     1    4879473.000    5850680.500    7304595.000    9720059.000    9213845.000
  2000    48     1    4931583.000    5913160.000    7382603.000    9823857.000    9274272.000
  2000    49     1    5006865.500    6003426.500    7495302.000    9973822.000    9413916.000
  2000    50     1    5076149.000    6086501.000    7599020.500   10111837.000    9544009.000
  2000    51     1    5142123.500    6165606.000    7697782.500   10243259.000    9671548.000
  2000    52     1    5194342.000    6228220.000    7775956.500   10347284.000    9765194.000
  2000    53     1    5241893.000    6285234.000    7847139.000   10442004.000    9851568.000
  2000    54     1    5285512.000    6337535.000    7912437.000   10528894.000    9932424.000
  2000    55     1    5324203.000    6383927.000    7970357.500   10605967.000   10004245.000
  2000    56     1    5358209.000    6424702.000    8021265.000   10673709.000   10067096.000
  2000    57     1    5387888.500    6460288.000    8065694.000   10732829.000   10122066.000
  2000    58     1    5413738.500    6491284.000    8104393.000   10784326.000   10169794.000
  2000    59     1    5436390.500    6518445.000    8138304.000   10829451.000   10211554.000
  2000    60     1    5456046.000    6542013.000    8167728.000   10868605.000   10247966.000
  2000    61     1    5472657.000    6561929.000    8192594.000   10901692.000   10278758.000
  2000    62     1    5486376.000    6578378.500    8213132.000   10929021.000   10304059.000
  2000    63     1    5497684.500    6591939.500    8230062.000   10951550.000   10324758.000
  2000    64     1    5507133.000    6603273.000    8244210.000   10970378.000   10341979.000
  2000    65     1    5514811.000    6612479.000    8255704.000   10985673.000   10355688.000
  2000    66     1    5520846.500    6619715.000    8264738.000   10997694.000   10366141.000
  2000    67     1    5525333.000    6625093.000    8271454.000   11006630.000   10373537.000
  2000    68     1    5528263.500    6628605.000    8275839.500   11012465.000   10377895.000
  2000    69     1    5529674.000    6630296.500    8277951.000   11015276.000   10379406.000
  2000    70     1    5529648.000    6630266.000    8277911.000   11015224.000   10378293.000
  2000    71     1    5528459.000    6628839.000    8276131.000   11012854.000   10375122.000
  2000    72     1    5526068.500    6625973.000    8272553.000   11008092.000   10369864.000
  2000    73     1    5522754.500    6622004.500    8267595.500   11001500.000   10363108.000
  2000    74     1    5518274.000    6616626.000    8260884.000   10992564.000   10354374.000
  2000    75     1    5512717.500    6609964.000    8252566.000   10981495.000   10343784.000
  2000    76     1    5506082.500    6602009.000    8242633.000   10968281.000   10331254.000
  2000    77     1    5498569.500    6593001.000    8231387.000   10953315.000   10317258.000
  2000    78     1    5490222.000    6582992.500    8218891.000   10936687.000   10301896.000
  2000    79     1    5481051.000    6571996.000    8205161.500   10918418.000   10285156.000
  2000    80     1    5472575.000    6561836.500    8192473.000   10901542.000   10271393.000
  2000    81     1    5463159.000    6550547.000    8178379.500   10882780.000   10255598.000
  2000    82     1    5453073.000    6538447.000    8163277.000   10862680.000   10238561.000
  2000    83     1    5442192.000    6525403.000    8146990.500   10841007.000   10219782.000
  2000    84     1    5430610.500    6511518.000    8129655.000   10817941.000   10199474.000
  2000    85     1    5418172.000    6496599.500    8111030.500   10793158.000   10177472.000
  2000    86     1    5404883.500    6480665.000    8091136.500   10766684.000   10153779.000
  2000    87     1    5390823.000    6463807.000    8070089.000   10738677.000   10128528.000
  2000    88     1    5376149.000    6446215.000    8048124.500   10709450.000   10102029.000
  2000    89     1    5360941.500    6427981.000    8025359.000   10679158.000   10074473.000
  2000    90     1    5345213.000    6409122.000    8001813.000   10647826.000   10045898.000
  2000    91     1    5329007.500    6389692.000    7977554.500   10615545.000   10016322.000
  2000    92     1    5312298.500    6369656.000    7952540.000   10582259.000    9985748.000
  2000    93     1    5295105.000    6349040.000    7926801.500   10548008.000    9954184.000
  2000    94     1    5277408.000    6327820.000    7900308.000   10512754.000    9921617.000
  2000    95     1    5259243.000    6306038.500    7873114.500   10476568.000    9888117.000
  2000    96     1    5240606.500    6283692.000    7845215.000   10439443.000    9853706.000
  2000    97     1    5221442.500    6260712.000    7816525.500   10401265.000    9818278.000
  2000    98     1    5201787.000    6237144.000    7787100.000   10362110.000    9781898.000
  2000    99     1    5181675.500    6213030.000    7756994.000   10322049.000    9744628.000
  2000   100     1    5161182.000    6188460.000    7726317.000   10281228.000    9706614.000
  2000   101     1    5140383.000    6163521.000    7695180.500   10239796.000    9667981.000
  2000   102     1    5119319.000    6138266.000    7663649.000   10197838.000    9628854.000
  2000   103     1    5097955.500    6112647.000    7631665.000   10155277.000    9589129.000
  2000   104     1    5076331.500    6086719.000    7599293.500   10112201.000    9548884.000
  2000   105     1    5054447.500    6060479.000    7566533.000   10068607.000    9508122.000
  2000   106     1    5032280.000    6033899.000    7533348.000   10024447.000    9466782.000
  2000   107     1    5009826.000    6006975.500    7499734.000    9979719.000    9424888.000
  2000   108     1    4987128.500    5979761.000    7465756.000    9934506.000    9382533.000
  2000   109     1    4964272.000    5952357.500    7431542.000    9888978.000    9339898.000
  2000   110     1    4941244.500    5924746.500    7397070.000    9843106.000    9296904.000
  2000   111     1    4918130.000    5897033.000    7362468.000    9797064.000    9253734.000
  2000   112     1    4894960.500    5869254.000    7327784.500    9750912.000    9210430.000
  2000   113     1    4871716.500    5841383.000    7292988.500    9704608.000    9166945.000
  2000   114     1    4848373.500    5813391.000    7258041.500    9658104.000    9123266.000
  2000   115     1    4824969.500    5785330.500    7223007.000    9611485.000    9079435.000
  2000   116     1    4801468.500    5757149.000    7187823.500    9564666.000    9035388.000
  2000   117     1    4777850.000    5728828.000    7152465.500    9517617.000    8991094.000
  2000   118     1    4754111.500    5700364.000    7116928.500    9470328.000    8946554.000
  2000   119     1    4730288.000    5671799.500    7081265.000    9422872.000    8901864.000
  2000   120     1    4706396.500    5643155.000    7045501.500    9375282.000    8857023.000
  2000   121     1    4682436.500    5614425.000    7009632.000    9327552.000    8812034.000
  2000   122     1    4658427.500    5585637.000    6973690.500    9279726.000    8766956.000
  2000   123     1    4634345.000    5556759.500    6937637.500    9231750.000    8721738.000
  2000   124     1    4610240.500    5527859.500    6901554.500    9183736.000    8676470.000
  2000   125     1    4586141.000    5498964.500    6865478.500    9135731.000    8631202.000
  2000   126     1    4562060.000    5470091.000    6829429.500    9087761.000    8585945.000
  2000   127     1    4537987.500    5441225.000    6793391.500    9039806.000    8540704.000
  2000   128     1    4513949.000    5412404.500    6757408.000    8991923.000    8495510.000
  2000   129     1    4489970.500    5383654.000    6721512.500    8944160.000    8450412.000
  2000   130     1    4466025.500    5354942.000    6685665.500    8896458.000    8405368.000
  2000   131     1    4442095.500    5326246.000    6649840.000    8848785.000    8360345.000
  2000   132     1    4418182.500    5297573.500    6614042.500    8801150.000    8315349.500
  2000   133     1    4394314.500    5268958.000    6578314.000    8753607.000    8270420.500
  2000   134     1    4370482.500    5240381.000    6542636.000    8706132.000    8225563.500
  2000   135     1    4346679.000    5211839.000    6507002.000    8658714.000    8180748.500
  2000   136     1    4322910.000    5183338.000    6471419.000    8611364.000    8135998.500
  2000   137     1    4299181.000    5154886.000    6435897.000    8564095.000    8091315.000
  2000   138     1    4275497.000    5126489.000    6400442.000    8516917.000    8046712.000
  2000   139     1    4251864.500    5098152.500    6365064.000    8469840.000    8002195.500
  2000   140     1    4228283.000    5069877.000    6329762.000    8422864.000    7957771.500
  2000   141     1    4204750.500    5041659.500    6294533.000    8375986.000    7913437.000
  2000   142     1    4181272.250    5013509.500    6259387.000    8329219.000    7869206.500
  2000   143     1    4157849.500    4985423.500    6224322.000    8282558.000    7825081.500
  2000   144     1    4134501.500    4957431.000    6189372.000    8236052.000    7781099.500
  2000   145     1    4111216.000    4929508.000    6154511.500    8189662.000    7737229.500
  2000   146     1    4087992.000    4901661.000    6119744.500    8143399.000    7693477.000
  2000   147     1    4064829.500    4873888.000    6085070.000    8097258.000    7649833.500
  2000   148     1    4041728.000    4846188.500    6050487.000    8051239.500    7606300.000
  2000   149     1    4018696.500    4818573.000    6016009.000    8005360.000    7562896.500
  2000   150     1    3995744.500    4791053.500    5981650.500    7959640.000    7519638.500
  2000   151     1    3972869.000    4763624.000    5947405.000    7914070.500    7476522.000
  2000   152     1    3950065.000    4736281.000    5913267.500    7868644.000    7433538.000
  2000   153     1    3927338.250    4709031.000    5879245.000    7823372.000    7390699.500
  2000   154     1    3904678.250    4681861.500    5845324.000    7778233.000    7348013.500
  2000   155     1    3882093.000    4654783.000    5811515.000    7733246.500    7305506.500
  2000   156     1    3859581.500    4627792.000    5777817.000    7688405.000    7263183.500
  2000   157     1    3837177.500    4600929.000    5744277.500    7643776.000    7221059.500
  2000   158     1    3814883.250    4574197.500    5710903.000    7599365.500    7179140.500
  2000   159     1    3792691.500    4547588.000    5677681.000    7555156.000    7137400.500
  2000   160     1    3770593.000    4521087.500    5644597.500    7511131.000    7095831.500
  2000   161     1    3748589.000    4494703.500    5611657.000    7467298.000    7054433.500
  2000   162     1    3726681.500    4468437.000    5578862.500    7423660.000    7013213.500
  2000   163     1    3704865.500    4442276.000    5546202.000    7380199.000    6972157.500
  2000   164     1    3683144.000    4416232.500    5513685.500    7336930.000    6931278.500
  2000   165     1    3661529.500    4390319.500    5481331.500    7293878.000    6890594.000
  2000   166     1    3640017.500    4364525.000    5449127.000    7251025.000    6850102.000
  2000   167     1    3618604.000    4338847.000    5417069.000    7208365.000    6809786.500
  2000   168     1    3597285.500    4313283.500    5385153.500    7165895.000    6769649.500
  2000   169     1    3576059.500    4287832.500    5353379.000    7123612.000    6729682.500
  2000   170     1    3554930.500    4262499.000    5321748.500    7081524.000    6689893.000
  2000   171     1    3533897.000    4237279.000    5290261.500    7039625.000    6650277.500
  2000   172     1    3512957.750    4212170.000    5258914.000    6997911.000    6610835.000
  2000   173     1    3492113.500    4187176.750    5227710.000    6956388.000    6571568.000
  2000   174     1    3471364.500    4162297.500    5196648.000    6915055.000    6532476.500
  2000   175     1    3450719.500    4137547.000    5165745.000    6873935.000    6493588.500
  2000   176     1    3430176.500    4112913.500    5134991.000    6833010.000    6454881.500
  2000   177     1    3409739.000    4088408.500    5104396.500    6792298.500    6416377.500
  2000   178     1    3389408.250    4064032.750    5073962.500    6751801.000    6378068.500
  2000   179     1    3369183.750    4039782.500    5043686.000    6711512.000    6339953.500
  2000   180     1    3349062.250    4015653.500    5013562.000    6671427.000    6302032.000
  2000   181     1    3329042.500    3991648.000    4983592.000    6631545.000    6264300.000
  2000   182     1    3309108.000    3967745.250    4953749.000    6591834.000    6226711.000
  2000   183     1    3289249.250    3943934.500    4924021.000    6552276.000    6189235.500
  2000   184     1    3269481.000    3920232.500    4894429.000    6512898.500    6151913.500
  2000   185     1    3249822.000    3896659.750    4864998.000    6473735.500    6114798.000
  2000   186     1    3230269.000    3873214.000    4835726.500    6434784.000    6077886.500
  2000   187     1    3210826.000    3849904.500    4806623.000    6396058.000    6041186.500
  2000   188     1    3191490.500    3826717.000    4777675.500    6357537.000    6004688.000
  2000   189     1    3172262.000    3803661.000    4748889.500    6319232.000    5968394.000
  2000   190     1    3153140.000    3780733.250    4720264.000    6281140.000    5932305.000
  2000   191     1    3134126.000    3757936.250    4691801.500    6243267.000    5896423.500
  2000   192     1    3115219.000    3735266.000    4663497.500    6205604.000    5860744.500
  2000   193     1    3096419.250    3712722.750    4635352.500    6168151.500    5825267.500
  2000   194     1    3077726.250    3690310.250    4607370.000    6130916.000    5789997.000
  2000   195     1    3059144.000    3668033.000    4579555.000    6093905.000    5754938.000
  2000   196     1    3040669.000    3645875.750    4551894.000    6057094.500    5720075.500
  2000   197     1    3022301.250    3623852.000    4524397.000    6020504.000    5685421.000
  2000   198     1    3004039.500    3601955.500    4497059.000    5984127.000    5650969.000
  2000   199     1    2985885.500    3580188.000    4469882.000    5947963.000    5616721.000
  2000   200     1    2967838.000    3558548.250    4442865.000    5912012.000    5582674.500
  2000   201     1    2949895.500    3537034.500    4416005.000    5876269.000    5548827.500
  2000   202     1    2932057.500    3515646.000    4389301.500    5840736.000    5515180.500
  2000   203     1    2914323.500    3494382.500    4362754.500    5805411.000    5481730.500
  2000   204     1    2896692.500    3473242.000    4336360.000    5770287.500    5448474.000
  2000   205     1    2879165.500    3452228.000    4310124.000    5735377.000    5415419.000
  2000   206     1    2861738.750    3431331.500    4284034.500    5700661.000    5382551.500
  2000   207     1    2844413.500    3410558.000    4258099.000    5666149.000    5349878.500
  2000   208     1    2827187.250    3389902.500    4232310.500    5631832.000    5317392.000
  2000   209     1    2810058.500    3369364.500    4206668.000    5597710.000    5285092.500
  2000   210     1    2793026.500    3348942.250    4181171.000    5563781.500    5252978.500
  2000   211     1    2776097.500    3328645.500    4155829.500    5530064.500    5221071.500
  2000   212     1    2759258.000    3308453.250    4130620.500    5496517.000    5189320.000
  2000   213     1    2742517.250    3288379.750    4105557.500    5463163.500    5157759.500
  2000   214     1    2725872.750    3268422.000    4080641.000    5430008.500    5126386.500
  2000   215     1    2709323.500    3248578.500    4055867.250    5397043.500    5095195.500
  2000   216     1    2692877.250    3228861.500    4031248.000    5364288.000    5064211.500
  2000   217     1    2676524.250    3209256.000    4006769.500    5331712.000    5033372.500
  2000   218     1    2660261.250    3189759.500    3982427.000    5299322.500    5002742.000
  2000   219     1    2644115.500    3170397.750    3958252.750    5267160.500    4972335.500
  2000   220     1    2628279.000    3151422.500    3934546.500    5235637.000    4942699.000
  2000   221     1    2612383.250    3132354.250    3910752.000    5203956.500    4912866.500
  2000   222     1    2596493.250    3113293.000    3886961.750    5172286.000    4882899.500
  2000   223     1    2580820.250    3094498.500    3863497.000    5141060.000    4853483.000
  2000   224     1    2565234.750    3075812.000    3840167.000    5110017.000    4824234.500
  2000   225     1    2549735.250    3057226.000    3816962.750    5079138.000    4795142.000
  2000   226     1    2534320.750    3038743.500    3793887.000    5048431.000    4766209.500
  2000   227     1    2518990.500    3020362.000    3770937.250    5017892.500    4737433.500
  2000   228     1    2503744.000    3002080.500    3748112.000    4987519.500    4708814.000
  2000   229     1    2488580.500    2983899.000    3725412.500    4957314.000    4680350.500
  2000   230     1    2473499.250    2965816.000    3702835.500    4927271.000    4652040.000
  2000   231     1    2458501.250    2947833.000    3680384.250    4897396.000    4623886.000
  2000   232     1    2443584.750    2929947.500    3658053.000    4867679.500    4595882.000
  2000   233     1    2428740.750    2912148.750    3635831.000    4838108.000    4568029.500
  2000   234     1    2413941.000    2894403.250    3613675.500    4808626.000    4540329.500
  2000   235     1    2399205.750    2876735.500    3591616.500    4779273.000    4512778.000
  2000   236     1    2384553.000    2859166.000    3569681.250    4750084.000    4485375.000
  2000   237     1    2369982.500    2841695.250    3547869.500    4721060.000    4458120.500
  2000   238     1    2355494.000    2824323.000    3526181.000    4692200.500    4431017.000
  2000   239     1    2341089.000    2807050.750    3504617.500    4663507.500    4404064.000
  2000   240     1    2326768.000    2789881.500    3483181.500    4634984.000    4377266.000
  2000   241     1    2312535.750    2772818.000    3461877.000    4606636.000    4350629.000
  2000   242     1    2298379.500    2755840.000    3440680.000    4578426.000    4324124.500
  2000   243     1    2284308.000    2738968.250    3419615.500    4550397.000    4297781.500
  2000   244     1    2270317.750    2722193.250    3398672.500    4522529.500    4271587.000
  2000   245     1    2256410.000    2705519.000    3377855.250    4494830.000    4245545.500
  2000   246     1    2242582.000    2688936.750    3357151.500    4467277.000    4219640.000
  2000   247     1    2228833.250    2672452.000    3336569.500    4439889.000    4193885.000
  2000   248     1    2215166.250    2656065.000    3316109.750    4412665.000    4168281.500
  2000   249     1    2201695.500    2639920.500    3295942.000    4385847.000    4143144.750
  2000   250     1    2188241.000    2623792.000    3275807.000    4359050.000    4117963.500
  2000   251     1    2174720.500    2607568.750    3255562.000    4332095.000    4092573.500
  2000   252     1    2161402.250    2591599.250    3235623.500    4305561.500    4067640.250
  2000   253     1    2148157.000    2575717.500    3215795.000    4279175.000    4042851.000
  2000   254     1    2134959.500    2559893.250    3196037.500    4252883.500    4018196.500
  2000   255     1    2121838.000    2544160.250    3176394.500    4226744.500    3993675.750
  2000   256     1    2108792.750    2528518.000    3156865.250    4200757.500    3969289.000
  2000   257     1    2095822.875    2512966.750    3137449.000    4174920.750    3945035.500
  2000   258     1    2082929.000    2497506.500    3118147.500    4149237.500    3920918.000
  2000   259     1    2070101.500    2482125.750    3098944.500    4123684.000    3896905.500
  2000   260     1    2057297.875    2466773.750    3079777.500    4098179.500    3872875.250
  2000   261     1    2044572.750    2451516.000    3060727.500    4072829.500    3848988.000
  2000   262     1    2031925.500    2436351.250    3041795.250    4047637.000    3825244.250
  2000   263     1    2019356.000    2421280.000    3022979.000    4022599.500    3801645.000
  2000   264     1    2006863.750    2406301.250    3004278.000    3997715.000    3778186.000
  2000   265     1    1994448.375    2391415.000    2985692.000    3972982.000    3754867.500
  2000   266     1    1982111.750    2376623.000    2967224.500    3948410.000    3731700.250
  2000   267     1    1969846.875    2361916.500    2948863.500    3923975.500    3708657.000
  2000   268     1    1957660.000    2347304.000    2930620.000    3899699.250    3685762.000
  2000   269     1    1945548.375    2332781.500    2912488.750    3875573.000    3663006.250
  2000   270     1    1933511.750    2318349.000    2894469.000    3851593.500    3640387.000
  2000   271     1    1921549.500    2304006.000    2876562.500    3827767.500    3617909.000
  2000   272     1    1909669.250    2289762.500    2858778.500    3804107.500    3595591.500
  2000   273     1    1898045.375    2275842.000    2841382.500    3780987.000    3573913.000
  2000   274     1    1886362.750    2261829.500    2823894.750    3757702.000    3551788.750
  2000   275     1    1874727.250    2247878.500    2806477.500    3734522.000    3529882.000
  2000   276     1    1862988.250    2233793.000    2788900.500    3711124.000    3507931.500
  2000   277     1    1851474.000    2219985.250    2771661.750    3688183.500    3486329.000
  2000   278     1    1840261.000    2206552.750    2754878.000    3665869.250    3465215.500
  2000   279     1    3017174.750    3617750.000    4516733.000    6010331.000    3444355.000
  2000   280     1    1818090.750    2179986.500    2721693.000    3621718.250    3423710.000
  2000   281     1    1807173.000    2166897.750    2705351.500    3599963.000    3403273.250
  2000   282     1    1796508.500    2154104.500    2689383.750    3578723.500    3383348.000
  2000   283     1    1785583.625    2140984.500    2673028.500    3556937.000    3363017.750
  2000   284     1    1775041.250    2128340.500    2657244.250    3535931.500    3343232.000
  2000   285     1    1764870.500    2116155.750    2642020.750    3515681.500    3324039.500
  2000   286     1    1754435.500    2103637.500    2626397.500    3494887.000    3304494.000
  2000   287     1    1744319.000    2091516.250    2611254.000    3474738.000    3285404.000
  2000   288     1    1734244.750    2079433.875    2596171.750    3454678.500    3266585.500
  2000   289     1    1724626.750    2067917.750    2581774.250    3435541.000    3248603.000
  2000   290     1    1715417.250    2056880.000    2567989.750    3417196.500    3231435.000
  2000   291     1    1706039.500    2045606.750    2553944.250    3398485.000    3214385.500
  2000   292     1    1696813.750    2034538.750    2540132.000    3380089.000    3197188.000
  2000   293     1    1687737.000    2023656.250    2526543.750    3362008.500    3180419.500
  2000   294     1    1678682.375    2012800.375    2512990.000    3343977.750    3163701.500
  2000   295     1    1669624.000    2001937.625    2499429.500    3325926.500    3146945.250
  2000   296     1    1660582.750    1991096.250    2485893.500    3307911.500    3130227.250
  2000   297     1    1651551.875    1980267.750    2472374.000    3289922.500    3113526.000
  2000   298     1    1642527.000    1969446.500    2458864.500    3271944.500    3096819.500
  2000   299     1    1633518.750    1958645.750    2445380.500    3254004.250    3080140.500
  2000   300     1    1624543.625    1947886.000    2431944.750    3236129.000    3063511.750
  2000   301     1    1615988.375    1937641.875    2419137.000    3219119.000    3048017.500
  2000   302     1    1607512.750    1927475.625    2406450.750    3202227.000    3032589.500
  2000   303     1    1598856.875    1917086.500    2393492.500    3184965.500    3017054.750
  2000   304     1    1590482.375    1907046.250    2380955.500    3168283.500    3002023.500
  2000   305     1    1582207.500    1897128.250    2368569.000    3151804.000    2987174.750
  2000   306     1    1574264.000    1887612.250    2356679.500    3135991.000    2972964.750
  2000   307     1    1566573.000    1878397.250    2345169.000    3120671.750    2959340.500
  2000   308     1    1559242.625    1869602.750    2334190.750    3106069.000    2946673.250
  2000   309     1    1612939.250    1934002.625    2414580.500    3213044.000    2935570.000
  2000   310     1    1546474.500    1854292.375    2315080.250    3080634.000    2925080.500
  2000   311     1    1541395.500    1848214.625    2307477.250    3070534.500    2917280.250
  2000   312     1    1536589.250    1842437.000    2300280.750    3060945.000    2910492.500
  2000   313     1    1531699.250    1836563.125    2292957.000    3051186.250    2903511.750
  2000   314     1    1527411.500    1831426.000    2286537.500    3042649.000    2897785.000
  2000   315     1    2597763.000    3114855.500    3888867.500    5174861.000    4416311.500
  2000   316     1    1524153.250    1827536.750    2281668.250    3036171.500    2897770.500
  2000   317     1    1523782.000    1827086.500    2281111.750    3035428.750    2899939.000
  2000   318     1    1524746.625    1828242.875    2282554.000    3037358.250    2905276.500
  2000   319     1    1527306.500    1831315.500    2286387.250    3042456.750    2913764.500
  2000   320     1    1530706.000    1835386.250    2291476.500    3049220.500    2923721.000
  2000   321     1    1535341.250    1840947.750    2298417.000    3058453.750    2935138.000
  2000   322     1    1540726.750    1847400.500    2306478.000    3069180.250    2947667.750
  2000   323     1    1548206.500    1856371.000    2317672.000    3084090.750    2965238.250
  2000   324     1    1556530.750    1866347.250    2330134.500    3100663.000    2984526.750
  2000   325     1    1566425.875    1878214.250    2344947.000    3120375.500    3006861.000
  2000   326     1    1577163.875    1891088.125    2361023.500    3141764.000    3030521.500
  2000   327     1    1586896.500    1902745.375    2375586.000    3161137.000    3052409.500
  2000   328     1    1595931.875    1913577.750    2389112.000    3179130.250    3072643.500
  2000   329     1    1604136.250    1923414.875    2401393.500    3195472.250    3091246.500
  2000   330     1    1611390.000    1932111.875    2412252.500    3209920.500    3107868.250
  2000   331     1    1617682.875    1939657.625    2421673.000    3222456.500    3122411.750
  2000   332     1    1623072.250    1946119.500    2429741.000    3233192.500    3134997.500
  2000   333     1    1627636.250    1951592.375    2436573.250    3242283.500    3145766.500
  2000   334     1    1631663.750    1956428.000    2442605.750    3250320.000    3155327.500
  2000   335     1    1638912.000    1965136.375    2453459.500    3264779.500    3171108.000
  2001     1     1    1648890.750    1977102.500    2468399.500    3284660.250    3192341.500
  2001     2     1    2368265.000    2839674.250    3545307.500    4717690.000    3950671.000
  2001     3     1    1684664.000    2019990.375    2521951.750    3355916.750    3265163.500
  2001     4     1    1707548.500    2047431.875    2556210.500    3401504.250    3311071.250
  2001     5     1    1728981.500    2073116.625    2588294.500    3444185.250    3354247.000
  2001     6     1    1749641.250    2097888.000    2619222.250    3485337.500    3395676.000
  2001     7     1    1769216.000    2121357.000    2648525.000    3524329.000    3434874.500
  2001     8     1    1787771.000    2143606.500    2676302.500    3561292.000    3472003.000
  2001     9     1    1805480.750    2164841.250    2702814.000    3596572.500    3507527.750
  2001    10     1    1822502.500    2185253.250    2728297.000    3630482.250    3541835.750
  2001    11     1    1838692.250    2204664.250    2752533.000    3662730.500    3574433.500
  2001    12     1    1853985.250    2223000.500    2775427.000    3693193.500    3605181.250
  2001    13     1    1868414.875    2240302.500    2797028.250    3721938.000    3634173.500
  2001    14     1    1882023.000    2256619.000    2817400.000    3749046.000    3661514.000
  2001    15     1    1894628.375    2271730.500    2836267.750    3774152.000    3686756.000
  2001    16     1    1906218.500    2285628.000    2853619.000    3797240.000    3709839.500
  2001    17     1    1918002.000    2299763.500    2871260.000    3820725.500    3734101.500
  2001    18     1    1930763.250    2315067.250    2890364.250    3846144.500    3759413.500
  2001    19     1    1944262.500    2331252.250    2910571.500    3873036.750    3786779.500
  2001    20     1    2795180.000    3351561.000    4184402.750    5568112.000    3999262.500
  2001    21     1    2166151.000    2597325.500    3242742.000    4315065.000    4027379.500
  2001    22     1    2340499.500    2806376.500    3503742.000    4662375.000    4563955.500
  2001    23     1    2122571.250    2545066.000    3177504.250    4228241.000    4034385.000
  2001    24     1    2133649.000    2558344.250    3194085.250    4250311.000    4126830.000
  2001    25     1    2201678.500    2639913.500    3295926.000    4385822.500    4251435.500
  2001    26     1    2253255.750    2701746.500    3373138.000    4488555.500    4327697.500
  2001    27     1    2315582.750    2776477.000    3466437.750    4612713.000    4435493.500
  2001    28     1    2368002.250    2839328.750    3544910.500    4717131.500    4517505.500
  2001    29     1    2432939.500    2917198.000    3642122.500    4846501.000    4632246.500
  2001    30     1    2538636.750    3043929.750    3800347.000    5057056.500    4874626.000
  2001    31     1    2573283.500    3085465.250    3852212.500    5126056.500    4911160.500
