Subasin-ID	year	day	hour	qlateral(m**3/s)	inflow(m**3/s)	evap(m**3)	prec(m**3)	intake(m**3/s)	overflow(m**3/s)	qbottom(m**3/s)	qout(m**3/s)	withdrawal(m**3/s)	elevation(m)	area(m**2)	volume(m**3)
    15	  2000	     1	     1	     0.000	   102.255	      66188.3	      29472.1	    36.000	    66.391	     0.000	   102.391	     0.020	   447.272	    10265968.0	    88646808.0	
    15	  2000	     2	     1	     0.000	   105.772	      42231.7	     201042.2	    36.000	    69.327	     0.000	   105.327	     0.020	   447.297	    10282175.0	    88842336.0	
    15	  2000	     3	     1	     0.000	   108.714	      58866.3	      93679.3	    36.000	    74.532	     0.000	   110.532	     0.020	   447.282	    10271899.0	    88718344.0	
    15	  2000	     4	     1	     0.000	   112.434	      58324.2	      35787.6	    36.000	    76.817	     0.000	   112.817	     0.020	   447.274	    10267144.0	    88660992.0	
    15	  2000	     5	     1	     0.000	   116.630	      37296.1	     158939.1	    36.000	    80.349	     0.000	   116.349	     0.020	   447.293	    10279095.0	    88805168.0	
    15	  2000	     6	     1	     0.000	   119.649	      31942.2	     126309.2	    36.000	    85.037	     0.000	   121.037	     0.020	   447.289	    10276835.0	    88777896.0	
    15	  2000	     7	     1	     0.000	   122.364	      41891.1	      83153.6	    36.000	    87.436	     0.000	   123.436	     0.020	   447.282	    10272433.0	    88724792.0	
    15	  2000	     8	     1	     0.000	   125.583	      45083.1	     110520.6	    36.000	    90.040	     0.000	   126.040	     0.020	   447.285	    10274437.0	    88748968.0	
    15	  2000	     9	     1	     0.000	   129.385	      33938.5	      84206.1	    36.000	    94.122	     0.000	   130.122	     0.020	   447.284	    10273179.0	    88733792.0	
    15	  2000	    10	     1	     0.000	   132.229	      49089.7	      34735.0	    36.000	    96.791	     0.000	   132.791	     0.020	   447.275	    10267822.0	    88669176.0	
    15	  2000	    11	     1	     0.000	   135.294	      51751.6	      15788.7	    36.000	    99.108	     0.000	   135.108	     0.020	   447.273	    10266031.0	    88647568.0	
    15	  2000	    12	     1	     0.000	   137.901	      56882.3	      13683.5	    36.000	   101.465	     0.000	   137.465	     0.020	   447.272	    10265431.0	    88640328.0	
    15	  2000	    13	     1	     0.000	   140.209	      60358.1	      23156.7	    36.000	   103.689	     0.000	   139.689	     0.020	   447.272	    10265928.0	    88646328.0	
    15	  2000	    14	     1	     0.000	   142.429	      65168.0	      15788.7	    36.000	   105.978	     0.000	   141.978	     0.020	   447.271	    10264918.0	    88634152.0	
    15	  2000	    15	     1	     0.000	   144.812	      66152.2	       9473.2	    36.000	   108.221	     0.000	   144.221	     0.020	   447.270	    10264312.0	    88626848.0	
    15	  2000	    16	     1	     0.000	   147.080	      65215.4	       6315.5	    36.000	   110.404	     0.000	   146.404	     0.020	   447.270	    10264129.0	    88624632.0	
    15	  2000	    17	     1	     0.000	   149.280	      60710.0	      50523.7	    36.000	   112.579	     0.000	   148.579	     0.020	   447.276	    10268168.0	    88673344.0	
    15	  2000	    18	     1	     0.000	   151.938	      40321.5	     111573.1	    36.000	   115.800	     0.000	   151.800	     0.020	   447.286	    10274919.0	    88754776.0	
    15	  2000	    19	     1	     0.000	   154.206	      28190.1	      98942.2	    36.000	   119.010	     0.000	   155.010	     0.020	   447.286	    10274877.0	    88754280.0	
    15	  2000	    20	     1	     0.000	   155.328	      46033.5	      33682.5	    36.000	   120.127	     0.000	   156.127	     0.020	   447.276	    10267989.0	    88671176.0	
    15	  2000	    21	     1	     0.000	   156.751	      56269.6	      23156.7	    36.000	   120.588	     0.000	   156.588	     0.020	   447.273	    10266267.0	    88650416.0	
    15	  2000	    22	     1	     0.000	   158.380	      60768.5	       7368.0	    36.000	   121.977	     0.000	   157.977	     0.020	   447.270	    10264585.0	    88630128.0	
    15	  2000	    23	     1	     0.000	   160.149	      59940.3	       3157.7	    36.000	   123.511	     0.000	   159.511	     0.020	   447.270	    10264304.0	    88626744.0	
    15	  2000	    24	     1	     0.000	   161.657	      63622.2	       6315.5	    36.000	   124.980	     0.000	   160.980	     0.020	   447.270	    10264261.0	    88626224.0	
    15	  2000	    25	     1	     0.000	   163.243	      62841.9	      14736.1	    36.000	   126.559	     0.000	   162.559	     0.020	   447.271	    10265024.0	    88635424.0	
    15	  2000	    26	     1	     0.000	   164.744	      61684.0	      10525.8	    36.000	   128.167	     0.000	   164.167	     0.020	   447.271	    10264770.0	    88632368.0	
    15	  2000	    27	     1	     0.000	   166.244	      57701.2	      15788.7	    36.000	   129.632	     0.000	   165.632	     0.020	   447.272	    10265537.0	    88641616.0	
    15	  2000	    28	     1	     0.000	   167.835	      48432.5	      86311.3	    36.000	   131.330	     0.000	   167.330	     0.020	   447.282	    10272153.0	    88721408.0	
    15	  2000	    29	     1	     0.000	   169.315	      40821.1	     184200.9	    36.000	   133.734	     0.000	   169.734	     0.020	   447.295	    10280897.0	    88826904.0	
    15	  2000	    30	     1	     0.000	   170.861	      31334.3	     103152.5	    36.000	   136.501	     0.000	   172.501	     0.020	   447.286	    10274966.0	    88755344.0	
    15	  2000	    31	     1	     0.000	   171.772	      38006.4	     137887.5	    36.000	   136.583	     0.000	   172.583	     0.020	   447.290	    10277292.0	    88783408.0	
    15	  2000	    32	     1	     0.000	   172.836	      40939.1	      52628.8	    36.000	   137.972	     0.000	   173.972	     0.020	   447.279	    10269981.0	    88695216.0	
    15	  2000	    33	     1	     0.000	   173.582	      51416.9	      23156.7	    36.000	   137.697	     0.000	   173.697	     0.020	   447.274	    10266669.0	    88655264.0	
    15	  2000	    34	     1	     0.000	   174.590	      56921.5	      11578.3	    36.000	   138.243	     0.000	   174.243	     0.020	   447.271	    10265253.0	    88638184.0	
    15	  2000	    35	     1	     0.000	   175.631	      62690.6	       5262.9	    36.000	   139.087	     0.000	   175.087	     0.020	   447.270	    10264251.0	    88626104.0	
    15	  2000	    36	     1	     0.000	   176.976	      61226.2	       8420.6	    36.000	   140.291	     0.000	   176.291	     0.020	   447.270	    10264634.0	    88630720.0	
    15	  2000	    37	     1	     0.000	   178.304	      59786.7	       2105.2	    36.000	   141.673	     0.000	   177.673	     0.020	   447.270	    10264230.0	    88625848.0	
    15	  2000	    38	     1	     0.000	   180.053	      46867.7	      56839.1	    36.000	   143.366	     0.000	   179.366	     0.020	   447.278	    10269839.0	    88693496.0	
    15	  2000	    39	     1	     0.000	   182.343	      25445.0	     205252.5	    36.000	   146.438	     0.000	   182.438	     0.020	   447.300	    10283915.0	    88863336.0	
    15	  2000	    40	     1	     0.000	   183.716	      32145.4	     156833.9	    36.000	   149.777	     0.000	   185.777	     0.020	   447.293	    10279348.0	    88808216.0	
    15	  2000	    41	     1	     0.000	   185.987	      19151.9	     167359.7	    36.000	   151.410	     0.000	   187.410	     0.020	   447.296	    10281297.0	    88831736.0	
    15	  2000	    42	     1	     0.000	   187.589	      22996.8	     121046.3	    36.000	   153.284	     0.000	   189.284	     0.020	   447.290	    10277140.0	    88781576.0	
    15	  2000	    43	     1	     0.000	   188.838	      32115.4	     141045.3	    36.000	   153.953	     0.000	   189.953	     0.020	   447.291	    10278042.0	    88792456.0	
    15	  2000	    44	     1	     0.000	   191.180	      26940.3	     168412.3	    36.000	   156.420	     0.000	   192.420	     0.020	   447.295	    10280739.0	    88825000.0	
    15	  2000	    45	     1	     0.000	   199.051	      18277.0	     248408.1	    36.000	   164.669	     0.000	   200.669	     0.020	   447.306	    10288085.0	    88913656.0	
    15	  2000	    46	     1	     0.000	   211.355	      32746.8	      88416.4	    36.000	   177.999	     0.000	   213.999	     0.020	   447.284	    10273628.0	    88739200.0	
    15	  2000	    47	     1	     0.000	   224.478	      36692.9	      31577.3	    36.000	   189.102	     0.000	   225.102	     0.020	   447.276	    10268588.0	    88678416.0	
    15	  2000	    48	     1	     0.000	   233.112	      49778.8	       8420.6	    36.000	   197.033	     0.000	   233.033	     0.020	   447.272	    10265583.0	    88642168.0	
    15	  2000	    49	     1	     0.000	   233.253	      52798.2	       7368.0	    36.000	   196.754	     0.000	   232.754	     0.020	   447.271	    10265245.0	    88638096.0	
    15	  2000	    50	     1	     0.000	   232.891	      52794.2	       8420.6	    36.000	   196.345	     0.000	   232.345	     0.020	   447.271	    10265333.0	    88639152.0	
    15	  2000	    51	     1	     0.000	   232.142	      60300.1	      19999.0	    36.000	   195.609	     0.000	   231.609	     0.020	   447.272	    10265671.0	    88643224.0	
    15	  2000	    52	     1	     0.000	   232.335	      46921.0	      14736.1	    36.000	   195.848	     0.000	   231.848	     0.020	   447.273	    10266344.0	    88651344.0	
    15	  2000	    53	     1	     0.000	   231.423	      54233.4	       8420.6	    36.000	   195.031	     0.000	   231.031	     0.020	   447.271	    10265213.0	    88637712.0	
    15	  2000	    54	     1	     0.000	   230.516	      56795.4	       5262.9	    36.000	   193.965	     0.000	   229.965	     0.020	   447.271	    10264739.0	    88631992.0	
    15	  2000	    55	     1	     0.000	   229.464	      57109.4	       6315.5	    36.000	   192.847	     0.000	   228.847	     0.020	   447.271	    10264801.0	    88632736.0	
    15	  2000	    56	     1	     0.000	   228.254	      56680.9	       9473.2	    36.000	   191.646	     0.000	   227.646	     0.020	   447.271	    10265098.0	    88636320.0	
    15	  2000	    57	     1	     0.000	   228.438	      59223.8	       6315.5	    36.000	   191.871	     0.000	   227.871	     0.020	   447.270	    10264625.0	    88630616.0	
    15	  2000	    58	     1	     0.000	   230.568	      54359.3	       9473.2	    36.000	   193.936	     0.000	   229.936	     0.020	   447.271	    10265291.0	    88638640.0	
    15	  2000	    59	     1	     0.000	   232.545	      51065.4	      12630.9	    36.000	   196.006	     0.000	   232.006	     0.020	   447.272	    10265826.0	    88645096.0	
    15	  2000	    60	     1	     0.000	   234.062	      53658.1	      10525.8	    36.000	   197.598	     0.000	   233.598	     0.020	   447.272	    10265436.0	    88640392.0	
    15	  2000	    61	     1	     0.000	   235.319	      57651.0	       1052.6	    36.000	   198.800	     0.000	   234.800	     0.020	   447.270	    10264319.0	    88626928.0	
    15	  2000	    62	     1	     0.000	   236.708	      54908.2	       2105.2	    36.000	   200.032	     0.000	   236.032	     0.020	   447.270	    10264634.0	    88630728.0	
    15	  2000	    63	     1	     0.000	   237.984	      51135.5	      10525.8	    36.000	   201.353	     0.000	   237.353	     0.020	   447.272	    10265645.0	    88642920.0	
    15	  2000	    64	     1	     0.000	   239.482	      39445.5	       5262.9	    36.000	   202.992	     0.000	   238.992	     0.020	   447.273	    10266178.0	    88649344.0	
    15	  2000	    65	     1	     0.000	   240.256	      40501.7	       4210.3	    36.000	   203.840	     0.000	   239.840	     0.020	   447.272	    10266004.0	    88647240.0	
    15	  2000	    66	     1	     0.000	   240.951	      40588.4	       5262.9	    36.000	   204.511	     0.000	   240.511	     0.020	   447.273	    10266083.0	    88648200.0	
    15	  2000	    67	     1	     0.000	   241.450	      42493.1	       7368.0	    36.000	   205.021	     0.000	   241.021	     0.020	   447.273	    10266100.0	    88648400.0	
    15	  2000	    68	     1	     0.000	   241.518	      51500.2	       8420.6	    36.000	   205.091	     0.000	   241.091	     0.020	   447.272	    10265440.0	    88640448.0	
    15	  2000	    69	     1	     0.000	   242.020	      49162.9	       8420.6	    36.000	   205.501	     0.000	   241.501	     0.020	   447.272	    10265634.0	    88642784.0	
    15	  2000	    70	     1	     0.000	   242.222	      51445.4	      19999.0	    36.000	   205.730	     0.000	   241.730	     0.020	   447.273	    10266405.0	    88652080.0	
    15	  2000	    71	     1	     0.000	   242.387	      52818.0	      13683.5	    36.000	   206.003	     0.000	   242.003	     0.020	   447.272	    10265767.0	    88644392.0	
    15	  2000	    72	     1	     0.000	   242.564	      52361.6	       8420.6	    36.000	   206.091	     0.000	   242.091	     0.020	   447.272	    10265369.0	    88639584.0	
    15	  2000	    73	     1	     0.000	   243.630	      31417.2	      18946.4	    36.000	   207.101	     0.000	   243.101	     0.020	   447.276	    10267978.0	    88671056.0	
    15	  2000	    74	     1	     0.000	   242.575	      54674.4	       5262.9	    36.000	   206.410	     0.000	   242.410	     0.020	   447.271	    10264916.0	    88634120.0	
    15	  2000	    75	     1	     0.000	   242.645	      52590.3	       7368.0	    36.000	   206.053	     0.000	   242.053	     0.020	   447.271	    10265262.0	    88638304.0	
    15	  2000	    76	     1	     0.000	   242.735	      48961.0	      17893.8	    36.000	   206.192	     0.000	   242.192	     0.020	   447.273	    10266437.0	    88652464.0	
    15	  2000	    77	     1	     0.000	   242.753	      45839.9	      10525.8	    36.000	   206.373	     0.000	   242.373	     0.020	   447.273	    10266085.0	    88648216.0	
    15	  2000	    78	     1	     0.000	   242.650	      44316.2	      11578.3	    36.000	   206.221	     0.000	   242.221	     0.020	   447.273	    10266298.0	    88650792.0	
    15	  2000	    79	     1	     0.000	   242.234	      48568.2	      21051.5	    36.000	   205.835	     0.000	   241.835	     0.020	   447.274	    10266730.0	    88656008.0	
    15	  2000	    80	     1	     0.000	   242.400	      39517.5	      69470.1	    36.000	   206.061	     0.000	   242.061	     0.020	   447.281	    10271496.0	    88713480.0	
    15	  2000	    81	     1	     0.000	   242.173	      38236.8	      16841.2	    36.000	   206.500	     0.000	   242.500	     0.020	   447.274	    10267239.0	    88662136.0	
    15	  2000	    82	     1	     0.000	   241.093	      54788.2	          0.0	    36.000	   204.825	     0.000	   240.825	     0.020	   447.270	    10264469.0	    88628736.0	
    15	  2000	    83	     1	     0.000	   241.004	      49573.1	          0.0	    36.000	   204.350	     0.000	   240.350	     0.020	   447.271	    10264902.0	    88633952.0	
    15	  2000	    84	     1	     0.000	   240.963	      42839.2	       3157.7	    36.000	   204.369	     0.000	   240.369	     0.020	   447.272	    10265722.0	    88643848.0	
    15	  2000	    85	     1	     0.000	   240.237	      50341.8	          0.0	    36.000	   203.758	     0.000	   239.758	     0.020	   447.271	    10264838.0	    88633184.0	
    15	  2000	    86	     1	     0.000	   239.585	      55695.3	          0.0	    36.000	   202.982	     0.000	   238.982	     0.020	   447.270	    10264394.0	    88627832.0	
    15	  2000	    87	     1	     0.000	   239.351	      51425.4	          0.0	    36.000	   202.686	     0.000	   238.686	     0.020	   447.271	    10264749.0	    88632104.0	
    15	  2000	    88	     1	     0.000	   239.300	      42541.1	       2105.2	    36.000	   202.685	     0.000	   238.685	     0.020	   447.272	    10265660.0	    88643096.0	
    15	  2000	    89	     1	     0.000	   238.883	      40870.9	       6315.5	    36.000	   202.395	     0.000	   238.395	     0.020	   447.273	    10266148.0	    88648976.0	
    15	  2000	    90	     1	     0.000	   238.304	      42000.1	       6315.5	    36.000	   201.884	     0.000	   237.884	     0.020	   447.273	    10266053.0	    88647840.0	
    15	  2000	    91	     1	     0.000	   237.789	      41053.8	       3157.7	    36.000	   201.356	     0.000	   237.356	     0.020	   447.272	    10265870.0	    88645632.0	
    15	  2000	    92	     1	     0.000	   237.208	      40862.0	       1052.6	    36.000	   200.749	     0.000	   236.749	     0.020	   447.272	    10265712.0	    88643720.0	
    15	  2000	    93	     1	     0.000	   236.342	      46223.4	       1052.6	    36.000	   199.861	     0.000	   235.861	     0.020	   447.271	    10265267.0	    88638360.0	
    15	  2000	    94	     1	     0.000	   235.626	      47729.4	          0.0	    36.000	   199.083	     0.000	   235.083	     0.020	   447.271	    10265055.0	    88635800.0	
    15	  2000	    95	     1	     0.000	   234.950	      47808.0	          0.0	    36.000	   198.377	     0.000	   234.377	     0.020	   447.271	    10265048.0	    88635720.0	
    15	  2000	    96	     1	     0.000	   234.289	      47001.1	          0.0	    36.000	   197.716	     0.000	   233.716	     0.020	   447.271	    10265115.0	    88636528.0	
    15	  2000	    97	     1	     0.000	   233.312	      52602.6	          0.0	    36.000	   196.747	     0.000	   232.747	     0.020	   447.270	    10264651.0	    88630928.0	
    15	  2000	    98	     1	     0.000	   232.581	      52311.2	          0.0	    36.000	   195.952	     0.000	   231.952	     0.020	   447.270	    10264675.0	    88631216.0	
    15	  2000	    99	     1	     0.000	   231.790	      52829.3	          0.0	    36.000	   195.164	     0.000	   231.164	     0.020	   447.270	    10264632.0	    88630696.0	
    15	  2000	   100	     1	     0.000	   231.318	      45857.9	          0.0	    36.000	   194.686	     0.000	   230.686	     0.020	   447.271	    10265210.0	    88637672.0	
    15	  2000	   101	     1	     0.000	   230.537	      45178.2	          0.0	    36.000	   193.986	     0.000	   229.986	     0.020	   447.271	    10265266.0	    88638352.0	
    15	  2000	   102	     1	     0.000	   230.037	      37859.6	          0.0	    36.000	   193.494	     0.000	   229.494	     0.020	   447.272	    10265873.0	    88645672.0	
    15	  2000	   103	     1	     0.000	   228.621	      50303.9	          0.0	    36.000	   192.163	     0.000	   228.163	     0.020	   447.271	    10264842.0	    88633224.0	
    15	  2000	   104	     1	     0.000	   227.798	      49289.3	          0.0	    36.000	   191.195	     0.000	   227.195	     0.020	   447.271	    10264925.0	    88634240.0	
    15	  2000	   105	     1	     0.000	   226.880	      49989.8	          0.0	    36.000	   190.290	     0.000	   226.290	     0.020	   447.271	    10264867.0	    88633536.0	
    15	  2000	   106	     1	     0.000	   225.873	      52330.4	          0.0	    36.000	   189.275	     0.000	   225.275	     0.020	   447.270	    10264674.0	    88631200.0	
    15	  2000	   107	     1	     0.000	   224.972	      52011.1	          0.0	    36.000	   188.346	     0.000	   224.346	     0.020	   447.270	    10264700.0	    88631520.0	
    15	  2000	   108	     1	     0.000	   224.143	      49767.6	          0.0	    36.000	   187.521	     0.000	   223.521	     0.020	   447.271	    10264886.0	    88633760.0	
    15	  2000	   109	     1	     0.000	   223.583	      41206.0	       1052.6	    36.000	   186.988	     0.000	   222.988	     0.020	   447.272	    10265683.0	    88643376.0	
    15	  2000	   110	     1	     0.000	   222.439	      45426.2	          0.0	    36.000	   185.955	     0.000	   221.955	     0.020	   447.271	    10265246.0	    88638104.0	
    15	  2000	   111	     1	     0.000	   221.833	      37349.5	       5262.9	    36.000	   185.287	     0.000	   221.287	     0.020	   447.273	    10266352.0	    88651440.0	
    15	  2000	   112	     1	     0.000	   220.983	      34480.4	       5262.9	    36.000	   184.591	     0.000	   220.591	     0.020	   447.273	    10266590.0	    88654312.0	
    15	  2000	   113	     1	     0.000	   219.894	      36787.1	          0.0	    36.000	   183.536	     0.000	   219.536	     0.020	   447.272	    10265962.0	    88646744.0	
    15	  2000	   114	     1	     0.000	   218.609	      43368.7	          0.0	    36.000	   182.163	     0.000	   218.163	     0.020	   447.272	    10265417.0	    88640160.0	
    15	  2000	   115	     1	     0.000	   217.761	      39929.6	          0.0	    36.000	   181.239	     0.000	   217.239	     0.020	   447.272	    10265702.0	    88643600.0	
    15	  2000	   116	     1	     0.000	   216.469	      46403.4	          0.0	    36.000	   179.987	     0.000	   215.987	     0.020	   447.271	    10265165.0	    88637128.0	
    15	  2000	   117	     1	     0.000	   215.353	      48798.9	          0.0	    36.000	   178.796	     0.000	   214.796	     0.020	   447.271	    10264966.0	    88634728.0	
    15	  2000	   118	     1	     0.000	   214.272	      50283.2	          0.0	    36.000	   177.688	     0.000	   213.688	     0.020	   447.271	    10264844.0	    88633248.0	
    15	  2000	   119	     1	     0.000	   213.546	      43562.8	          0.0	    36.000	   176.944	     0.000	   212.944	     0.020	   447.272	    10265400.0	    88639968.0	
    15	  2000	   120	     1	     0.000	   212.612	      41474.8	          0.0	    36.000	   176.088	     0.000	   212.088	     0.020	   447.272	    10265574.0	    88642056.0	
    15	  2000	   121	     1	     0.000	   211.499	      43367.9	          0.0	    36.000	   174.999	     0.000	   210.999	     0.020	   447.272	    10265417.0	    88640160.0	
    15	  2000	   122	     1	     0.000	   210.602	      40194.4	          0.0	    36.000	   174.080	     0.000	   210.080	     0.020	   447.272	    10265680.0	    88643336.0	
    15	  2000	   123	     1	     0.000	   209.176	      49148.0	          0.0	    36.000	   172.690	     0.000	   208.690	     0.020	   447.271	    10264937.0	    88634376.0	
    15	  2000	   124	     1	     0.000	   208.399	      43015.6	          0.0	    36.000	   171.810	     0.000	   207.810	     0.020	   447.272	    10265446.0	    88640512.0	
    15	  2000	   125	     1	     0.000	   207.568	      38038.9	          0.0	    36.000	   171.050	     0.000	   207.050	     0.020	   447.272	    10265858.0	    88645488.0	
    15	  2000	   126	     1	     0.000	   206.508	      38275.6	          0.0	    36.000	   170.048	     0.000	   206.048	     0.020	   447.272	    10265839.0	    88645256.0	
    15	  2000	   127	     1	     0.000	   205.364	      40445.1	          0.0	    36.000	   168.901	     0.000	   204.901	     0.020	   447.272	    10265659.0	    88643080.0	
    15	  2000	   128	     1	     0.000	   204.411	      38106.6	          0.0	    36.000	   167.923	     0.000	   203.923	     0.020	   447.272	    10265853.0	    88645424.0	
    15	  2000	   129	     1	     0.000	   203.645	      31353.0	       1052.6	    36.000	   167.184	     0.000	   203.184	     0.020	   447.273	    10266500.0	    88653224.0	
    15	  2000	   130	     1	     0.000	   202.448	      34702.8	          0.0	    36.000	   166.077	     0.000	   202.077	     0.020	   447.273	    10266135.0	    88648824.0	
    15	  2000	   131	     1	     0.000	   201.014	      43634.3	          0.0	    36.000	   164.592	     0.000	   200.592	     0.020	   447.272	    10265395.0	    88639896.0	
    15	  2000	   132	     1	     0.000	   199.924	      44500.6	          0.0	    36.000	   163.399	     0.000	   199.399	     0.020	   447.271	    10265323.0	    88639024.0	
    15	  2000	   133	     1	     0.000	   199.195	      36854.5	          0.0	    36.000	   162.659	     0.000	   198.659	     0.020	   447.272	    10265957.0	    88646672.0	
    15	  2000	   134	     1	     0.000	   198.190	      35728.8	       1052.6	    36.000	   161.743	     0.000	   197.743	     0.020	   447.273	    10266137.0	    88648848.0	
    15	  2000	   135	     1	     0.000	   196.893	      41572.3	          0.0	    36.000	   160.471	     0.000	   196.471	     0.020	   447.272	    10265565.0	    88641952.0	
    15	  2000	   136	     1	     0.000	   195.771	      43278.8	          0.0	    36.000	   159.270	     0.000	   195.270	     0.020	   447.272	    10265424.0	    88640248.0	
    15	  2000	   137	     1	     0.000	   194.697	      43912.4	          0.0	    36.000	   158.176	     0.000	   194.176	     0.020	   447.272	    10265372.0	    88639616.0	
    15	  2000	   138	     1	     0.000	   193.660	      43678.6	          0.0	    36.000	   157.131	     0.000	   193.131	     0.020	   447.272	    10265391.0	    88639848.0	
    15	  2000	   139	     1	     0.000	   192.629	      43329.7	          0.0	    36.000	   156.103	     0.000	   192.103	     0.020	   447.272	    10265420.0	    88640200.0	
    15	  2000	   140	     1	     0.000	   191.563	      43842.6	          0.0	    36.000	   155.042	     0.000	   191.042	     0.020	   447.272	    10265378.0	    88639688.0	
    15	  2000	   141	     1	     0.000	   190.464	      45213.5	          0.0	    36.000	   153.937	     0.000	   189.937	     0.020	   447.271	    10265263.0	    88638312.0	
    15	  2000	   142	     1	     0.000	   189.661	      39465.1	          0.0	    36.000	   153.118	     0.000	   189.118	     0.020	   447.272	    10265740.0	    88644064.0	
    15	  2000	   143	     1	     0.000	   188.402	      44807.4	          0.0	    36.000	   151.925	     0.000	   187.925	     0.020	   447.271	    10265297.0	    88638720.0	
    15	  2000	   144	     1	     0.000	   187.710	      36413.9	       1052.6	    36.000	   151.171	     0.000	   187.171	     0.020	   447.273	    10266081.0	    88648168.0	
    15	  2000	   145	     1	     0.000	   186.329	      44861.8	          0.0	    36.000	   149.900	     0.000	   185.900	     0.020	   447.271	    10265292.0	    88638664.0	
    15	  2000	   146	     1	     0.000	   185.252	      45951.3	          0.0	    36.000	   148.713	     0.000	   184.713	     0.020	   447.271	    10265202.0	    88637576.0	
    15	  2000	   147	     1	     0.000	   184.173	      47169.3	          0.0	    36.000	   147.621	     0.000	   183.621	     0.020	   447.271	    10265101.0	    88636360.0	
    15	  2000	   148	     1	     0.000	   183.148	      47144.2	          0.0	    36.000	   146.582	     0.000	   182.582	     0.020	   447.271	    10265103.0	    88636384.0	
    15	  2000	   149	     1	     0.000	   182.194	      45409.4	          0.0	    36.000	   145.628	     0.000	   181.628	     0.020	   447.271	    10265247.0	    88638120.0	
    15	  2000	   150	     1	     0.000	   181.236	      43835.8	          0.0	    36.000	   144.690	     0.000	   180.690	     0.020	   447.272	    10265378.0	    88639696.0	
    15	  2000	   151	     1	     0.000	   180.131	      45959.8	          0.0	    36.000	   143.604	     0.000	   179.604	     0.020	   447.271	    10265202.0	    88637568.0	
    15	  2000	   152	     1	     0.000	   179.093	      46505.8	          0.0	    36.000	   142.541	     0.000	   178.541	     0.020	   447.271	    10265156.0	    88637024.0	
    15	  2000	   153	     1	     0.000	   178.135	      45137.1	          0.0	    36.000	   141.577	     0.000	   177.577	     0.020	   447.271	    10265270.0	    88638392.0	
    15	  2000	   154	     1	     0.000	   177.226	      42629.8	          0.0	    36.000	   140.683	     0.000	   176.683	     0.020	   447.272	    10265478.0	    88640896.0	
    15	  2000	   155	     1	     0.000	   176.554	      34208.4	          0.0	    36.000	   140.040	     0.000	   176.040	     0.020	   447.273	    10266176.0	    88649320.0	
    15	  2000	   156	     1	     0.000	   175.654	      31568.2	          0.0	    36.000	   139.238	     0.000	   175.238	     0.020	   447.273	    10266395.0	    88651960.0	
    15	  2000	   157	     1	     0.000	   174.813	      27519.0	       1052.6	    36.000	   138.427	     0.000	   174.427	     0.020	   447.274	    10266818.0	    88657064.0	
    15	  2000	   158	     1	     0.000	   173.958	      23881.7	       1052.6	    36.000	   137.632	     0.000	   173.632	     0.020	   447.274	    10267119.0	    88660696.0	
    15	  2000	   159	     1	     0.000	   172.475	      36275.4	       1052.6	    36.000	   136.191	     0.000	   172.191	     0.020	   447.273	    10266092.0	    88648304.0	
    15	  2000	   160	     1	     0.000	   171.225	      42917.3	          0.0	    36.000	   134.798	     0.000	   170.798	     0.020	   447.272	    10265453.0	    88640608.0	
    15	  2000	   161	     1	     0.000	   170.179	      44505.3	          0.0	    36.000	   133.662	     0.000	   169.662	     0.020	   447.271	    10265323.0	    88639024.0	
    15	  2000	   162	     1	     0.000	   169.344	      40789.9	          0.0	    36.000	   132.809	     0.000	   168.809	     0.020	   447.272	    10265630.0	    88642736.0	
    15	  2000	   163	     1	     0.000	   168.226	      44441.2	          0.0	    36.000	   131.734	     0.000	   167.734	     0.020	   447.271	    10265328.0	    88639088.0	
    15	  2000	   164	     1	     0.000	   167.357	      41776.4	          0.0	    36.000	   130.823	     0.000	   166.823	     0.020	   447.272	    10265548.0	    88641752.0	
    15	  2000	   165	     1	     0.000	   166.677	      34340.4	       1052.6	    36.000	   130.174	     0.000	   166.174	     0.020	   447.273	    10266252.0	    88650240.0	
    15	  2000	   166	     1	     0.000	   165.819	      31602.1	          0.0	    36.000	   129.413	     0.000	   165.413	     0.020	   447.273	    10266392.0	    88651928.0	
    15	  2000	   167	     1	     0.000	   164.473	      41625.8	       1052.6	    36.000	   128.087	     0.000	   164.087	     0.020	   447.272	    10265648.0	    88642952.0	
    15	  2000	   168	     1	     0.000	   163.356	      45833.4	          0.0	    36.000	   126.866	     0.000	   162.866	     0.020	   447.271	    10265212.0	    88637696.0	
    15	  2000	   169	     1	     0.000	   162.299	      48609.8	          0.0	    36.000	   125.749	     0.000	   161.749	     0.020	   447.271	    10264982.0	    88634920.0	
    15	  2000	   170	     1	     0.000	   161.485	      45151.7	       1052.6	    36.000	   124.903	     0.000	   160.903	     0.020	   447.271	    10265356.0	    88639432.0	
    15	  2000	   171	     1	     0.000	   160.598	      43710.3	          0.0	    36.000	   124.067	     0.000	   160.068	     0.020	   447.272	    10265388.0	    88639816.0	
    15	  2000	   172	     1	     0.000	   159.456	      49076.5	          0.0	    36.000	   122.930	     0.000	   158.930	     0.020	   447.271	    10264943.0	    88634448.0	
    15	  2000	   173	     1	     0.000	   158.429	      51544.2	          0.0	    36.000	   121.841	     0.000	   157.841	     0.020	   447.271	    10264738.0	    88631984.0	
    15	  2000	   174	     1	     0.000	   157.475	      52225.2	          0.0	    36.000	   120.858	     0.000	   156.858	     0.020	   447.270	    10264682.0	    88631304.0	
    15	  2000	   175	     1	     0.000	   157.198	      34978.0	          0.0	    36.000	   120.574	     0.000	   156.574	     0.020	   447.273	    10266112.0	    88648552.0	
    15	  2000	   176	     1	     0.000	   155.853	      46269.6	       1052.6	    36.000	   119.428	     0.000	   155.428	     0.020	   447.271	    10265263.0	    88638312.0	
    15	  2000	   177	     1	     0.000	   155.066	      42776.7	       2105.2	    36.000	   118.523	     0.000	   154.523	     0.020	   447.272	    10265640.0	    88642856.0	
    15	  2000	   178	     1	     0.000	   154.219	      41002.5	       1052.6	    36.000	   117.728	     0.000	   153.728	     0.020	   447.272	    10265700.0	    88643576.0	
    15	  2000	   179	     1	     0.000	   153.147	      45385.2	          0.0	    36.000	   116.665	     0.000	   152.665	     0.020	   447.271	    10265249.0	    88638144.0	
    15	  2000	   180	     1	     0.000	   152.170	      47340.0	          0.0	    36.000	   115.625	     0.000	   151.625	     0.020	   447.271	    10265088.0	    88636192.0	
    15	  2000	   181	     1	     0.000	   151.112	      51631.9	          0.0	    36.000	   114.545	     0.000	   150.545	     0.020	   447.271	    10264731.0	    88631896.0	
    15	  2000	   182	     1	     0.000	   150.176	      52767.5	          0.0	    36.000	   113.558	     0.000	   149.558	     0.020	   447.270	    10264637.0	    88630760.0	
    15	  2000	   183	     1	     0.000	   149.438	      48613.9	          0.0	    36.000	   112.808	     0.000	   148.808	     0.020	   447.271	    10264981.0	    88634912.0	
    15	  2000	   184	     1	     0.000	   148.600	      47296.2	          0.0	    36.000	   112.018	     0.000	   148.018	     0.020	   447.271	    10265091.0	    88636232.0	
    15	  2000	   185	     1	     0.000	   147.620	      49959.6	          0.0	    36.000	   111.053	     0.000	   147.053	     0.020	   447.271	    10264870.0	    88633568.0	
    15	  2000	   186	     1	     0.000	   146.635	      52916.9	          0.0	    36.000	   110.036	     0.000	   146.036	     0.020	   447.270	    10264625.0	    88630608.0	
    15	  2000	   187	     1	     0.000	   146.053	      44853.3	       1052.6	    36.000	   109.421	     0.000	   145.421	     0.020	   447.272	    10265381.0	    88639728.0	
    15	  2000	   188	     1	     0.000	   144.893	      52868.5	          0.0	    36.000	   108.366	     0.000	   144.366	     0.020	   447.270	    10264628.0	    88630656.0	
    15	  2000	   189	     1	     0.000	   143.946	      55125.7	          0.0	    36.000	   107.314	     0.000	   143.314	     0.020	   447.270	    10264441.0	    88628400.0	
    15	  2000	   190	     1	     0.000	   143.077	      55344.8	          0.0	    36.000	   106.419	     0.000	   142.419	     0.020	   447.270	    10264424.0	    88628184.0	
    15	  2000	   191	     1	     0.000	   142.480	      48117.6	       1052.6	    36.000	   105.819	     0.000	   141.819	     0.020	   447.271	    10265110.0	    88636464.0	
    15	  2000	   192	     1	     0.000	   141.657	      47280.3	          0.0	    36.000	   105.092	     0.000	   141.092	     0.020	   447.271	    10265092.0	    88636248.0	
    15	  2000	   193	     1	     0.000	   140.667	      51275.6	          0.0	    36.000	   104.099	     0.000	   140.099	     0.020	   447.271	    10264761.0	    88632256.0	
    15	  2000	   194	     1	     0.000	   139.874	      49861.9	          0.0	    36.000	   103.261	     0.000	   139.261	     0.020	   447.271	    10264878.0	    88633664.0	
    15	  2000	   195	     1	     0.000	   139.405	      39436.0	       1052.6	    36.000	   102.808	     0.000	   138.808	     0.020	   447.272	    10265830.0	    88645144.0	
    15	  2000	   196	     1	     0.000	   138.029	      54760.7	          0.0	    36.000	   101.565	     0.000	   137.565	     0.020	   447.270	    10264472.0	    88628768.0	
    15	  2000	   197	     1	     0.000	   137.078	      58258.6	          0.0	    36.000	   100.424	     0.000	   136.424	     0.020	   447.270	    10264182.0	    88625272.0	
    15	  2000	   198	     1	     0.000	   136.241	      58641.3	          0.0	    36.000	    99.547	     0.000	   135.547	     0.020	   447.270	    10264150.0	    88624888.0	
    15	  2000	   199	     1	     0.000	   135.457	      57667.7	          0.0	    36.000	    98.758	     0.000	   134.758	     0.020	   447.270	    10264231.0	    88625864.0	
    15	  2000	   200	     1	     0.000	   134.659	      57226.5	          0.0	    36.000	    97.972	     0.000	   133.972	     0.020	   447.270	    10264267.0	    88626304.0	
    15	  2000	   201	     1	     0.000	   133.771	      59491.2	          0.0	    36.000	    97.089	     0.000	   133.089	     0.020	   447.270	    10264080.0	    88624040.0	
    15	  2000	   202	     1	     0.000	   133.041	      57367.5	          0.0	    36.000	    96.333	     0.000	   132.333	     0.020	   447.270	    10264256.0	    88626160.0	
    15	  2000	   203	     1	     0.000	   132.365	      53806.1	          0.0	    36.000	    95.681	     0.000	   131.681	     0.020	   447.270	    10264551.0	    88629720.0	
    15	  2000	   204	     1	     0.000	   131.423	      58064.4	          0.0	    36.000	    94.780	     0.000	   130.780	     0.020	   447.270	    10264198.0	    88625464.0	
    15	  2000	   205	     1	     0.000	   130.978	      48044.4	          0.0	    36.000	    94.286	     0.000	   130.286	     0.020	   447.271	    10265028.0	    88635480.0	
    15	  2000	   206	     1	     0.000	   130.032	      52721.6	          0.0	    36.000	    93.455	     0.000	   129.455	     0.020	   447.270	    10264641.0	    88630808.0	
    15	  2000	   207	     1	     0.000	   129.329	      50421.3	          0.0	    36.000	    92.699	     0.000	   128.699	     0.020	   447.271	    10264831.0	    88633104.0	
    15	  2000	   208	     1	     0.000	   128.383	      55390.9	          0.0	    36.000	    91.779	     0.000	   127.779	     0.020	   447.270	    10264420.0	    88628136.0	
    15	  2000	   209	     1	     0.000	   127.531	      57743.2	          0.0	    36.000	    90.870	     0.000	   126.870	     0.020	   447.270	    10264224.0	    88625784.0	
    15	  2000	   210	     1	     0.000	   126.783	      57202.3	          0.0	    36.000	    90.094	     0.000	   126.094	     0.020	   447.270	    10264269.0	    88626328.0	
    15	  2000	   211	     1	     0.000	   126.381	      46527.4	      15788.7	    36.000	    89.699	     0.000	   125.699	     0.020	   447.273	    10266464.0	    88652792.0	
    15	  2000	   212	     1	     0.000	   125.460	      51343.5	       4210.3	    36.000	    89.084	     0.000	   125.084	     0.020	   447.271	    10265104.0	    88636392.0	
    15	  2000	   213	     1	     0.000	   124.252	      64816.5	          0.0	    36.000	    87.687	     0.000	   123.687	     0.020	   447.269	    10263638.0	    88618712.0	
    15	  2000	   214	     1	     0.000	   123.671	      59842.9	          0.0	    36.000	    86.900	     0.000	   122.900	     0.020	   447.269	    10264051.0	    88623688.0	
    15	  2000	   215	     1	     0.000	   123.120	      54033.8	          0.0	    36.000	    86.408	     0.000	   122.408	     0.020	   447.270	    10264532.0	    88629496.0	
    15	  2000	   216	     1	     0.000	   122.566	      48443.1	      24209.3	    36.000	    85.920	     0.000	   121.920	     0.020	   447.274	    10267003.0	    88659296.0	
    15	  2000	   217	     1	     0.000	   121.941	      45055.5	       7368.0	    36.000	    85.641	     0.000	   121.641	     0.020	   447.272	    10265888.0	    88645840.0	
    15	  2000	   218	     1	     0.000	   121.898	      24226.5	       5262.9	    36.000	    85.442	     0.000	   121.442	     0.020	   447.275	    10267440.0	    88664568.0	
    15	  2000	   219	     1	     0.000	   120.671	      39265.4	      51576.3	    36.000	    84.431	     0.000	   120.431	     0.020	   447.279	    10270033.0	    88695840.0	
    15	  2000	   220	     1	     0.000	   120.152	      33016.7	     191569.0	    36.000	    84.274	     0.000	   120.274	     0.020	   447.297	    10282154.0	    88842080.0	
    15	  2000	   221	     1	     0.000	   119.612	      27523.2	      70522.6	    36.000	    85.427	     0.000	   121.427	     0.020	   447.283	    10272577.0	    88726528.0	
    15	  2000	   222	     1	     0.000	   118.224	      48076.2	       3157.7	    36.000	    82.702	     0.000	   118.702	     0.020	   447.271	    10265288.0	    88638608.0	
    15	  2000	   223	     1	     0.000	   117.134	      59788.6	       1052.6	    36.000	    80.594	     0.000	   116.594	     0.020	   447.270	    10264142.0	    88624792.0	
    15	  2000	   224	     1	     0.000	   116.800	      48463.8	          0.0	    36.000	    80.101	     0.000	   116.101	     0.020	   447.271	    10264994.0	    88635064.0	
    15	  2000	   225	     1	     0.000	   115.764	      58864.1	          0.0	    36.000	    79.183	     0.000	   115.183	     0.020	   447.270	    10264132.0	    88624664.0	
    15	  2000	   226	     1	     0.000	   115.030	      60147.3	          0.0	    36.000	    78.329	     0.000	   114.329	     0.020	   447.269	    10264025.0	    88623384.0	
    15	  2000	   227	     1	     0.000	   114.305	      61291.2	          0.0	    36.000	    77.589	     0.000	   113.589	     0.020	   447.269	    10263930.0	    88622240.0	
    15	  2000	   228	     1	     0.000	   113.566	      63043.6	          0.0	    36.000	    76.836	     0.000	   112.836	     0.020	   447.269	    10263785.0	    88620488.0	
    15	  2000	   229	     1	     0.000	   112.896	      62753.4	          0.0	    36.000	    76.147	     0.000	   112.147	     0.020	   447.269	    10263809.0	    88620776.0	
    15	  2000	   230	     1	     0.000	   112.155	      64838.8	          0.0	    36.000	    75.408	     0.000	   111.408	     0.020	   447.269	    10263636.0	    88618688.0	
    15	  2000	   231	     1	     0.000	   111.643	      59846.3	          0.0	    36.000	    74.873	     0.000	   110.873	     0.020	   447.269	    10264050.0	    88623680.0	
    15	  2000	   232	     1	     0.000	   110.779	      66049.4	          0.0	    36.000	    74.066	     0.000	   110.066	     0.020	   447.269	    10263536.0	    88617480.0	
    15	  2000	   233	     1	     0.000	   109.943	      71485.9	          0.0	    36.000	    73.159	     0.000	   109.159	     0.020	   447.268	    10263085.0	    88612040.0	
    15	  2000	   234	     1	     0.000	   109.258	      72328.6	          0.0	    36.000	    72.411	     0.000	   108.411	     0.020	   447.268	    10263015.0	    88611200.0	
    15	  2000	   235	     1	     0.000	   108.559	      73711.1	          0.0	    36.000	    71.702	     0.000	   107.702	     0.020	   447.268	    10262900.0	    88609816.0	
    15	  2000	   236	     1	     0.000	   107.882	      74537.0	          0.0	    36.000	    71.009	     0.000	   107.009	     0.020	   447.268	    10262832.0	    88608992.0	
    15	  2000	   237	     1	     0.000	   107.329	      71527.0	          0.0	    36.000	    70.446	     0.000	   106.446	     0.020	   447.268	    10263081.0	    88612000.0	
    15	  2000	   238	     1	     0.000	   106.862	      65819.3	          0.0	    36.000	    70.014	     0.000	   106.014	     0.020	   447.269	    10263555.0	    88617712.0	
    15	  2000	   239	     1	     0.000	   106.417	      59519.7	       1052.6	    36.000	    69.635	     0.000	   105.635	     0.020	   447.270	    10264165.0	    88625064.0	
    15	  2000	   240	     1	     0.000	   106.128	      48249.8	          0.0	    36.000	    69.432	     0.000	   105.432	     0.020	   447.271	    10265012.0	    88635280.0	
    15	  2000	   241	     1	     0.000	   105.652	      43090.7	       6315.5	    36.000	    69.074	     0.000	   105.074	     0.020	   447.272	    10265963.0	    88646752.0	
    15	  2000	   242	     1	     0.000	   104.284	      66910.3	          0.0	    36.000	    67.838	     0.000	   103.838	     0.020	   447.269	    10263464.0	    88616616.0	
    15	  2000	   243	     1	     0.000	   103.815	      61767.5	          0.0	    36.000	    67.020	     0.000	   103.020	     0.020	   447.269	    10263891.0	    88621760.0	
    15	  2000	   244	     1	     0.000	   103.362	      56179.8	       1052.6	    36.000	    66.627	     0.000	   102.627	     0.020	   447.270	    10264441.0	    88628400.0	
    15	  2000	   245	     1	     0.000	   103.182	      41757.3	          0.0	    36.000	    66.524	     0.000	   102.524	     0.020	   447.272	    10265550.0	    88641768.0	
    15	  2000	   246	     1	     0.000	   101.921	      62807.4	          0.0	    36.000	    65.417	     0.000	   101.417	     0.020	   447.269	    10263805.0	    88620720.0	
    15	  2000	   247	     1	     0.000	   101.291	      63343.7	       1052.6	    36.000	    64.544	     0.000	   100.544	     0.020	   447.269	    10263848.0	    88621240.0	
    15	  2000	   248	     1	     0.000	   100.666	      63815.4	       8420.6	    36.000	    63.925	     0.000	    99.925	     0.020	   447.270	    10264420.0	    88628136.0	
    15	  2000	   249	     1	     0.000	   100.062	      63742.2	     127361.8	    36.000	    63.401	     0.000	    99.401	     0.020	   447.285	    10274286.0	    88747144.0	
    15	  2000	   250	     1	     0.000	   100.207	      38934.4	      87363.9	    36.000	    64.924	     0.000	   100.924	     0.020	   447.283	    10273027.0	    88731960.0	
    15	  2000	   251	     1	     0.000	    98.783	      66324.2	       9473.2	    36.000	    63.324	     0.000	    99.324	     0.020	   447.270	    10264299.0	    88626680.0	
    15	  2000	   252	     1	     0.000	    98.043	      71175.3	          0.0	    36.000	    61.365	     0.000	    97.365	     0.020	   447.268	    10263111.0	    88612352.0	
    15	  2000	   253	     1	     0.000	    97.291	      76558.0	          0.0	    36.000	    60.447	     0.000	    96.447	     0.020	   447.267	    10262664.0	    88606968.0	
    15	  2000	   254	     1	     0.000	    96.557	      81481.4	          0.0	    36.000	    59.651	     0.000	    95.651	     0.020	   447.267	    10262256.0	    88602048.0	
    15	  2000	   255	     1	     0.000	    95.930	      82948.4	          0.0	    36.000	    58.967	     0.000	    94.967	     0.020	   447.267	    10262134.0	    88600576.0	
    15	  2000	   256	     1	     0.000	    95.314	      84185.6	          0.0	    36.000	    58.334	     0.000	    94.334	     0.020	   447.266	    10262032.0	    88599344.0	
    15	  2000	   257	     1	     0.000	    94.717	      84904.1	          0.0	    36.000	    57.722	     0.000	    93.723	     0.020	   447.266	    10261972.0	    88598624.0	
    15	  2000	   258	     1	     0.000	    94.332	      78517.1	          0.0	    36.000	    57.330	     0.000	    93.330	     0.020	   447.267	    10262502.0	    88605008.0	
    15	  2000	   259	     1	     0.000	    93.650	      82346.8	          0.0	    36.000	    56.721	     0.000	    92.721	     0.020	   447.267	    10262184.0	    88601184.0	
    15	  2000	   260	     1	     0.000	    93.176	      79190.8	          0.0	    36.000	    56.203	     0.000	    92.203	     0.020	   447.267	    10262446.0	    88604336.0	
    15	  2000	   261	     1	     0.000	    92.504	      82874.1	          0.0	    36.000	    55.568	     0.000	    91.568	     0.020	   447.267	    10262140.0	    88600656.0	
    15	  2000	   262	     1	     0.000	    92.050	      79221.9	          0.0	    36.000	    55.071	     0.000	    91.071	     0.020	   447.267	    10262443.0	    88604304.0	
    15	  2000	   263	     1	     0.000	    91.641	      74054.0	          0.0	    36.000	    54.704	     0.000	    90.704	     0.020	   447.268	    10262872.0	    88609472.0	
    15	  2000	   264	     1	     0.000	    91.089	      73916.4	          0.0	    36.000	    54.212	     0.000	    90.212	     0.020	   447.268	    10262883.0	    88609608.0	
    15	  2000	   265	     1	     0.000	    90.389	      78971.6	       1052.6	    36.000	    53.514	     0.000	    89.514	     0.020	   447.267	    10262551.0	    88605608.0	
    15	  2000	   266	     1	     0.000	    89.973	      74298.6	       9473.2	    36.000	    53.052	     0.000	    89.052	     0.020	   447.269	    10263637.0	    88618704.0	
    15	  2000	   267	     1	     0.000	    89.323	      77880.1	       2105.2	    36.000	    52.553	     0.000	    88.553	     0.020	   447.267	    10262729.0	    88607752.0	
    15	  2000	   268	     1	     0.000	    88.811	      76747.3	       1052.6	    36.000	    51.914	     0.000	    87.914	     0.020	   447.267	    10262736.0	    88607832.0	
    15	  2000	   269	     1	     0.000	    88.361	      73530.3	       1052.6	    36.000	    51.465	     0.000	    87.465	     0.020	   447.268	    10263003.0	    88611048.0	
    15	  2000	   270	     1	     0.000	    87.638	      80031.5	          0.0	    36.000	    50.779	     0.000	    86.779	     0.020	   447.267	    10262376.0	    88603496.0	
    15	  2000	   271	     1	     0.000	    87.370	      70592.1	       1052.6	    36.000	    50.424	     0.000	    86.424	     0.020	   447.268	    10263247.0	    88613992.0	
    15	  2000	   272	     1	     0.000	    87.080	      61996.5	      23156.7	    36.000	    50.256	     0.000	    86.256	     0.020	   447.272	    10265792.0	    88644688.0	
    15	  2000	   273	     1	     0.000	    87.597	      24837.3	     174727.7	    36.000	    51.128	     0.000	    87.128	     0.020	   447.296	    10281437.0	    88833416.0	
    15	  2000	   274	     1	     0.000	    86.749	      36214.0	      95784.5	    36.000	    52.464	     0.000	    88.464	     0.020	   447.285	    10273950.0	    88743096.0	
    15	  2000	   275	     1	     0.000	    86.326	      32623.1	      75785.5	    36.000	    50.995	     0.000	    86.995	     0.020	   447.283	    10272590.0	    88726688.0	
    15	  2000	   276	     1	     0.000	    85.335	      49457.0	      28419.6	    36.000	    49.815	     0.000	    85.815	     0.020	   447.274	    10267268.0	    88662488.0	
    15	  2000	   277	     1	     0.000	    84.655	      55340.6	      25261.8	    36.000	    48.391	     0.000	    84.391	     0.020	   447.273	    10266519.0	    88653448.0	
    15	  2000	   278	     1	     0.000	    84.736	      33932.9	     136835.0	    36.000	    48.368	     0.000	    84.368	     0.020	   447.290	    10277543.0	    88786432.0	
    15	  2000	   279	     1	     0.000	    84.554	      22027.4	     198937.0	    36.000	    49.725	     0.000	    85.725	     0.020	   447.300	    10283676.0	    88860440.0	
    15	  2000	   280	     1	     0.000	    84.100	      20095.0	     198937.0	    36.000	    50.128	     0.000	    86.128	     0.020	   447.300	    10283836.0	    88862368.0	
    15	  2000	   281	     1	     0.000	    83.246	      32880.5	     163149.4	    36.000	    49.296	     0.000	    85.296	     0.020	   447.294	    10279811.0	    88813800.0	
    15	  2000	   282	     1	     0.000	    82.920	      26671.2	     186306.1	    36.000	    48.408	     0.000	    84.408	     0.020	   447.298	    10282244.0	    88843160.0	
    15	  2000	   283	     1	     0.000	    82.347	      29658.2	      18946.4	    36.000	    48.175	     0.000	    84.175	     0.020	   447.276	    10268124.0	    88672816.0	
    15	  2000	   284	     1	     0.000	    81.569	      40389.7	      12630.9	    36.000	    45.425	     0.000	    81.425	     0.020	   447.274	    10266711.0	    88655768.0	
    15	  2000	   285	     1	     0.000	    81.155	      37983.2	      75785.5	    36.000	    44.814	     0.000	    80.814	     0.020	   447.282	    10272146.0	    88721328.0	
    15	  2000	   286	     1	     0.000	    80.476	      45544.1	      44208.2	    36.000	    44.894	     0.000	    80.894	     0.020	   447.277	    10268902.0	    88682192.0	
    15	  2000	   287	     1	     0.000	    79.917	      48925.7	      82101.0	    36.000	    43.882	     0.000	    79.882	     0.020	   447.281	    10271763.0	    88716704.0	
    15	  2000	   288	     1	     0.000	    79.766	      37388.4	     113678.3	    36.000	    44.130	     0.000	    80.130	     0.020	   447.287	    10275337.0	    88759816.0	
    15	  2000	   289	     1	     0.000	    79.345	      36018.5	     263144.2	    36.000	    44.208	     0.000	    80.208	     0.020	   447.306	    10287836.0	    88910656.0	
    15	  2000	   290	     1	     0.000	    79.165	      25909.6	     253671.0	    36.000	    45.774	     0.000	    81.774	     0.020	   447.306	    10287889.0	    88911288.0	
    15	  2000	   291	     1	     0.000	    78.231	      44262.3	      92626.8	    36.000	    44.848	     0.000	    80.848	     0.020	   447.283	    10273022.0	    88731896.0	
    15	  2000	   292	     1	     0.000	    77.284	      63578.2	       5262.9	    36.000	    41.824	     0.000	    77.824	     0.020	   447.270	    10264177.0	    88625216.0	
    15	  2000	   293	     1	     0.000	    76.680	      70388.9	      19999.0	    36.000	    39.985	     0.000	    75.985	     0.020	   447.271	    10264834.0	    88633136.0	
    15	  2000	   294	     1	     0.000	    76.653	      55743.9	      36840.2	    36.000	    40.050	     0.000	    76.050	     0.020	   447.275	    10267445.0	    88664624.0	
    15	  2000	   295	     1	     0.000	    75.977	      65846.8	       9473.2	    36.000	    39.739	     0.000	    75.739	     0.020	   447.270	    10264338.0	    88627152.0	
    15	  2000	   296	     1	     0.000	    75.279	      77079.1	       1052.6	    36.000	    38.607	     0.000	    74.607	     0.020	   447.267	    10262708.0	    88607504.0	
    15	  2000	   297	     1	     0.000	    74.984	      73242.7	       1052.6	    36.000	    38.084	     0.000	    74.084	     0.020	   447.268	    10263026.0	    88611336.0	
    15	  2000	   298	     1	     0.000	    74.531	      75526.0	          0.0	    36.000	    37.675	     0.000	    73.675	     0.020	   447.267	    10262750.0	    88608000.0	
    15	  2000	   299	     1	     0.000	    74.471	      62921.4	       4210.3	    36.000	    37.577	     0.000	    73.577	     0.020	   447.270	    10264144.0	    88624816.0	
    15	  2000	   300	     1	     0.000	    74.095	      62391.2	      25261.8	    36.000	    37.396	     0.000	    73.396	     0.020	   447.272	    10265934.0	    88646400.0	
    15	  2000	   301	     1	     0.000	    74.185	      44074.8	     221041.1	    36.000	    37.735	     0.000	    73.735	     0.020	   447.300	    10283681.0	    88860496.0	
    15	  2000	   302	     1	     0.000	    73.824	      43102.3	     150518.5	    36.000	    39.853	     0.000	    75.853	     0.020	   447.291	    10277916.0	    88790944.0	
    15	  2000	   303	     1	     0.000	    73.238	      50987.0	      37892.8	    36.000	    38.462	     0.000	    74.462	     0.020	   447.275	    10267926.0	    88670432.0	
    15	  2000	   304	     1	     0.000	    72.855	      51276.9	      43155.6	    36.000	    36.683	     0.000	    72.683	     0.020	   447.276	    10268339.0	    88675408.0	
    15	  2000	   305	     1	     0.000	    72.548	      48767.2	      66312.3	    36.000	    36.434	     0.000	    72.434	     0.020	   447.279	    10270467.0	    88701072.0	
    15	  2000	   306	     1	     0.000	    72.319	      43417.8	     123151.5	    36.000	    36.502	     0.000	    72.503	     0.020	   447.287	    10275623.0	    88763264.0	
    15	  2000	   307	     1	     0.000	    72.020	      41073.4	     123151.5	    36.000	    36.923	     0.000	    72.923	     0.020	   447.288	    10275817.0	    88765608.0	
    15	  2000	   308	     1	     0.000	    71.412	      51098.6	     156833.9	    36.000	    36.342	     0.000	    72.342	     0.020	   447.291	    10277778.0	    88789264.0	
    15	  2000	   309	     1	     0.000	    71.341	      40544.4	     187358.6	    36.000	    36.544	     0.000	    72.544	     0.020	   447.296	    10281182.0	    88830344.0	
    15	  2000	   310	     1	     0.000	    71.120	      36317.4	     105257.7	    36.000	    36.800	     0.000	    72.800	     0.020	   447.286	    10274728.0	    88752472.0	
    15	  2000	   311	     1	     0.000	    70.874	      33750.3	     226304.0	    36.000	    35.652	     0.000	    71.652	     0.020	   447.302	    10284971.0	    88876080.0	
    15	  2000	   312	     1	     0.000	    70.606	      32880.9	     119993.7	    36.000	    36.814	     0.000	    72.814	     0.020	   447.288	    10276234.0	    88770640.0	
    15	  2000	   313	     1	     0.000	    69.884	      50852.8	      47365.9	    36.000	    34.872	     0.000	    70.872	     0.020	   447.277	    10268723.0	    88680040.0	
    15	  2000	   314	     1	     0.000	    69.564	      53964.7	      86311.3	    36.000	    33.503	     0.000	    69.503	     0.020	   447.281	    10271694.0	    88715872.0	
    15	  2000	   315	     1	     0.000	    70.863	      30198.4	     288406.0	    36.000	    35.217	     0.000	    71.217	     0.020	   447.310	    10290411.0	    88941736.0	
    15	  2000	   316	     1	     0.000	    72.404	      34194.0	     111573.1	    36.000	    39.372	     0.000	    75.372	     0.020	   447.287	    10275427.0	    88760904.0	
    15	  2000	   317	     1	     0.000	    74.137	      32136.8	      86311.3	    36.000	    39.012	     0.000	    75.012	     0.020	   447.284	    10273504.0	    88737704.0	
    15	  2000	   318	     1	     0.000	    75.110	      31643.7	     139992.7	    36.000	    39.717	     0.000	    75.717	     0.020	   447.291	    10277994.0	    88791880.0	
    15	  2000	   319	     1	     0.000	    74.642	      23976.1	     128414.4	    36.000	    39.876	     0.000	    75.876	     0.020	   447.290	    10277670.0	    88787968.0	
    15	  2000	   320	     1	     0.000	    73.775	      31202.4	      78943.2	    36.000	    38.964	     0.000	    74.964	     0.020	   447.283	    10272970.0	    88731272.0	
    15	  2000	   321	     1	     0.000	    73.334	      23978.7	      65259.8	    36.000	    37.867	     0.000	    73.867	     0.020	   447.282	    10272435.0	    88724808.0	
    15	  2000	   322	     1	     0.000	    72.490	      34355.6	      64207.2	    36.000	    36.948	     0.000	    72.948	     0.020	   447.281	    10271487.0	    88713376.0	
    15	  2000	   323	     1	     0.000	    71.874	      37862.5	     155781.4	    36.000	    36.200	     0.000	    72.200	     0.020	   447.292	    10278787.0	    88801448.0	
    15	  2000	   324	     1	     0.000	    71.380	      38634.9	      83153.6	    36.000	    36.725	     0.000	    72.725	     0.020	   447.283	    10272703.0	    88728048.0	
    15	  2000	   325	     1	     0.000	    70.922	      40190.6	     102099.9	    36.000	    35.417	     0.000	    71.417	     0.020	   447.285	    10274145.0	    88745440.0	
    15	  2000	   326	     1	     0.000	    70.651	      36552.7	      67364.9	    36.000	    35.348	     0.000	    71.348	     0.020	   447.281	    10271567.0	    88714344.0	
    15	  2000	   327	     1	     0.000	    70.133	      57440.3	      38945.3	    36.000	    34.470	     0.000	    70.470	     0.020	   447.275	    10267479.0	    88665032.0	
    15	  2000	   328	     1	     0.000	    70.330	      65010.4	      11578.3	    36.000	    34.096	     0.000	    70.096	     0.020	   447.270	    10264582.0	    88630096.0	
    15	  2000	   329	     1	     0.000	    70.751	      65396.9	       6315.5	    36.000	    34.113	     0.000	    70.113	     0.020	   447.270	    10264114.0	    88624448.0	
    15	  2000	   330	     1	     0.000	    71.130	      68084.7	          0.0	    36.000	    34.427	     0.000	    70.427	     0.020	   447.268	    10263366.0	    88615440.0	
    15	  2000	   331	     1	     0.000	    71.569	      68576.3	       2105.2	    36.000	    34.761	     0.000	    70.761	     0.020	   447.269	    10263501.0	    88617056.0	
    15	  2000	   332	     1	     0.000	    72.053	      66972.6	          0.0	    36.000	    35.263	     0.000	    71.263	     0.020	   447.269	    10263459.0	    88616552.0	
    15	  2000	   333	     1	     0.000	    72.366	      71219.2	       3157.7	    36.000	    35.570	     0.000	    71.570	     0.020	   447.268	    10263368.0	    88615464.0	
    15	  2000	   334	     1	     0.000	    73.261	      51879.2	      54734.0	    36.000	    36.453	     0.000	    72.453	     0.020	   447.277	    10269249.0	    88686384.0	
    15	  2000	   335	     1	     0.000	    73.939	      39867.9	     170517.4	    36.000	    37.952	     0.000	    73.952	     0.020	   447.294	    10279842.0	    88814176.0	
    15	  2001	     1	     1	     0.000	    74.815	      19554.2	     150518.5	    36.000	    40.307	     0.000	    76.307	     0.020	   447.294	    10279868.0	    88814496.0	
    15	  2001	     2	     1	     0.000	    75.793	      12381.6	     239987.5	    36.000	    41.289	     0.000	    77.289	     0.020	   447.306	    10287876.0	    88911136.0	
    15	  2001	     3	     1	     0.000	    76.781	      23095.1	     116836.0	    36.000	    43.395	     0.000	    79.395	     0.020	   447.289	    10276783.0	    88777272.0	
    15	  2001	     4	     1	     0.000	    78.311	      16012.6	     115783.4	    36.000	    43.376	     0.000	    79.376	     0.020	   447.290	    10277282.0	    88783296.0	
    15	  2001	     5	     1	     0.000	    78.999	      30432.4	      28419.6	    36.000	    44.133	     0.000	    80.133	     0.020	   447.277	    10268846.0	    88681512.0	
    15	  2001	     6	     1	     0.000	    79.292	      33323.9	      15788.7	    36.000	    43.248	     0.000	    79.248	     0.020	   447.275	    10267559.0	    88665992.0	
    15	  2001	     7	     1	     0.000	    79.660	      35559.1	       8420.6	    36.000	    43.437	     0.000	    79.437	     0.020	   447.274	    10266763.0	    88656392.0	
    15	  2001	     8	     1	     0.000	    80.153	      35545.6	      12630.9	    36.000	    43.819	     0.000	    79.819	     0.020	   447.274	    10267113.0	    88660616.0	
    15	  2001	     9	     1	     0.000	    80.737	      33837.6	      22104.1	    36.000	    44.452	     0.000	    80.452	     0.020	   447.276	    10268040.0	    88671792.0	
    15	  2001	    10	     1	     0.000	    81.529	      25418.2	      17893.8	    36.000	    45.373	     0.000	    81.373	     0.020	   447.276	    10268388.0	    88676000.0	
    15	  2001	    11	     1	     0.000	    82.045	      27374.0	       6315.5	    36.000	    45.938	     0.000	    81.938	     0.020	   447.274	    10267267.0	    88662472.0	
    15	  2001	    12	     1	     0.000	    82.508	      30881.6	          0.0	    36.000	    46.244	     0.000	    82.244	     0.020	   447.273	    10266452.0	    88652648.0	
    15	  2001	    13	     1	     0.000	    83.087	      29274.5	          0.0	    36.000	    46.709	     0.000	    82.709	     0.020	   447.273	    10266585.0	    88654256.0	
    15	  2001	    14	     1	     0.000	    83.743	      29194.4	          0.0	    36.000	    47.384	     0.000	    83.384	     0.020	   447.273	    10266592.0	    88654336.0	
    15	  2001	    15	     1	     0.000	    84.208	      40377.6	          0.0	    36.000	    47.850	     0.000	    83.850	     0.020	   447.272	    10265665.0	    88643152.0	
    15	  2001	    16	     1	     0.000	    84.955	      40029.1	          0.0	    36.000	    48.468	     0.000	    84.468	     0.020	   447.272	    10265693.0	    88643496.0	
    15	  2001	    17	     1	     0.000	    86.072	      25012.7	      54734.0	    36.000	    49.589	     0.000	    85.589	     0.020	   447.281	    10271476.0	    88713248.0	
    15	  2001	    18	     1	     0.000	    86.538	      32069.7	      54734.0	    36.000	    50.862	     0.000	    86.862	     0.020	   447.280	    10270891.0	    88706192.0	
    15	  2001	    19	     1	     0.000	    87.124	      33828.2	      68417.5	    36.000	    51.367	     0.000	    87.367	     0.020	   447.282	    10271880.0	    88718120.0	
    15	  2001	    20	     1	     0.000	    88.290	      18482.3	     204199.9	    36.000	    52.670	     0.000	    88.670	     0.020	   447.301	    10284405.0	    88869248.0	
    15	  2001	    21	     1	     0.000	    89.134	      22228.9	     195779.3	    36.000	    55.264	     0.000	    91.264	     0.020	   447.299	    10283397.0	    88857080.0	
    15	  2001	    22	     1	     0.000	    90.608	      22450.4	     213673.1	    36.000	    56.596	     0.000	    92.596	     0.020	   447.302	    10284861.0	    88874752.0	
    15	  2001	    23	     1	     0.000	    92.541	      20984.4	     106310.2	    36.000	    58.734	     0.000	    94.734	     0.020	   447.288	    10276086.0	    88768856.0	
    15	  2001	    24	     1	     0.000	    94.364	      20272.6	     126309.2	    36.000	    59.332	     0.000	    95.332	     0.020	   447.291	    10277802.0	    88789568.0	
    15	  2001	    25	     1	     0.000	    95.422	      36968.7	     114730.9	    36.000	    60.629	     0.000	    96.629	     0.020	   447.287	    10275458.0	    88761288.0	
    15	  2001	    26	     1	     0.000	    96.680	      31600.5	      18946.4	    36.000	    61.560	     0.000	    97.560	     0.020	   447.276	    10267963.0	    88670872.0	
    15	  2001	    27	     1	     0.000	    97.542	      46046.4	      64207.2	    36.000	    61.376	     0.000	    97.376	     0.020	   447.279	    10270518.0	    88701688.0	
    15	  2001	    28	     1	     0.000	    99.006	      46007.9	      44208.2	    36.000	    63.196	     0.000	    99.196	     0.020	   447.277	    10268863.0	    88681728.0	
    15	  2001	    29	     1	     0.000	   100.750	      40773.3	     115783.4	    36.000	    64.709	     0.000	   100.709	     0.020	   447.287	    10275231.0	    88758536.0	
    15	  2001	    30	     1	     0.000	   102.467	      43230.4	     164202.0	    36.000	    67.315	     0.000	   103.315	     0.020	   447.293	    10279040.0	    88804496.0	
    15	  2001	    31	     1	     0.000	   104.086	      56031.2	      69470.1	    36.000	    69.466	     0.000	   105.466	     0.020	   447.279	    10270127.0	    88696968.0	
