Subasin-ID	year	day	hour	qlateral(m**3/s)	inflow(m**3/s)	evap(m**3)	prec(m**3)	intake(m**3/s)	overflow(m**3/s)	qbottom(m**3/s)	qout(m**3/s)	withdrawal(m**3/s)	elevation(m)	area(m**2)	volume(m**3)
    69	  2000	     1	     1	     0.000	   139.613	      77585.7	          0.0	    36.000	   102.811	     0.000	   138.811	     0.020	   447.267	    10262579.0	    88605944.0	
    69	  2000	     2	     1	     0.000	   142.955	      42730.6	      92626.8	    36.000	   106.037	     0.000	   142.037	     0.020	   447.284	    10273149.0	    88733424.0	
    69	  2000	     3	     1	     0.000	   144.579	      58138.0	      82101.0	    36.000	   109.136	     0.000	   145.136	     0.020	   447.280	    10270999.0	    88707488.0	
    69	  2000	     4	     1	     0.000	   147.265	      50447.2	      78943.2	    36.000	   111.522	     0.000	   147.522	     0.020	   447.281	    10271375.0	    88712024.0	
    69	  2000	     5	     1	     0.000	   150.061	      43033.4	     179990.6	    36.000	   114.370	     0.000	   150.370	     0.020	   447.295	    10280365.0	    88820488.0	
    69	  2000	     6	     1	     0.000	   152.560	      43317.3	     148413.3	    36.000	   118.125	     0.000	   154.125	     0.020	   447.291	    10277724.0	    88788624.0	
    69	  2000	     7	     1	     0.000	   155.321	      50465.5	     164202.0	    36.000	   120.517	     0.000	   156.517	     0.020	   447.292	    10278440.0	    88797264.0	
    69	  2000	     8	     1	     0.000	   159.177	      48604.6	      34735.0	    36.000	   124.473	     0.000	   160.473	     0.020	   447.275	    10267862.0	    88669656.0	
    69	  2000	     9	     1	     0.000	   162.827	      58309.4	      12630.9	    36.000	   126.646	     0.000	   162.646	     0.020	   447.271	    10265225.0	    88637848.0	
    69	  2000	    10	     1	     0.000	   166.927	      65078.2	       2105.2	    36.000	   130.379	     0.000	   166.379	     0.020	   447.269	    10263790.0	    88620552.0	
    69	  2000	    11	     1	     0.000	   171.795	      61719.4	       4210.3	    36.000	   135.046	     0.000	   171.046	     0.020	   447.270	    10264244.0	    88626016.0	
    69	  2000	    12	     1	     0.000	   176.774	      57093.1	      11578.3	    36.000	   140.088	     0.000	   176.088	     0.020	   447.271	    10265239.0	    88638016.0	
    69	  2000	    13	     1	     0.000	   181.182	      68174.6	       3157.7	    36.000	   144.635	     0.000	   180.635	     0.020	   447.269	    10263622.0	    88618512.0	
    69	  2000	    14	     1	     0.000	   186.167	      68986.5	       7368.0	    36.000	   149.394	     0.000	   185.394	     0.020	   447.269	    10263904.0	    88621912.0	
    69	  2000	    15	     1	     0.000	   191.209	      66843.0	       2105.2	    36.000	   154.476	     0.000	   190.476	     0.020	   447.269	    10263645.0	    88618792.0	
    69	  2000	    16	     1	     0.000	   196.040	      66531.6	       4210.3	    36.000	   159.271	     0.000	   195.271	     0.020	   447.269	    10263845.0	    88621208.0	
    69	  2000	    17	     1	     0.000	   200.959	      60687.8	      46313.4	    36.000	   164.218	     0.000	   200.218	     0.020	   447.275	    10267820.0	    88669152.0	
    69	  2000	    18	     1	     0.000	   205.826	      52186.6	      87363.9	    36.000	   169.639	     0.000	   205.639	     0.020	   447.282	    10271929.0	    88718704.0	
    69	  2000	    19	     1	     0.000	   211.430	      23140.6	     178938.0	    36.000	   175.817	     0.000	   211.817	     0.020	   447.297	    10281926.0	    88839328.0	
    69	  2000	    20	     1	     0.000	   213.926	      59759.0	      13683.5	    36.000	   179.709	     0.000	   215.709	     0.020	   447.271	    10265192.0	    88637456.0	
    69	  2000	    21	     1	     0.000	   217.564	      66666.4	       1052.6	    36.000	   181.010	     0.000	   217.010	     0.020	   447.269	    10263572.0	    88617912.0	
    69	  2000	    22	     1	     0.000	   221.457	      65249.9	       2105.2	    36.000	   184.678	     0.000	   220.678	     0.020	   447.269	    10263777.0	    88620384.0	
    69	  2000	    23	     1	     0.000	   225.368	      63957.3	       3157.7	    36.000	   188.617	     0.000	   224.617	     0.020	   447.269	    10263971.0	    88622728.0	
    69	  2000	    24	     1	     0.000	   229.198	      63701.3	       9473.2	    36.000	   192.475	     0.000	   228.475	     0.020	   447.270	    10264516.0	    88629296.0	
    69	  2000	    25	     1	     0.000	   232.716	      63786.6	       4210.3	    36.000	   196.069	     0.000	   232.069	     0.020	   447.270	    10264072.0	    88623952.0	
    69	  2000	    26	     1	     0.000	   235.811	      65855.0	       6315.5	    36.000	   199.101	     0.000	   235.101	     0.020	   447.270	    10264076.0	    88623992.0	
    69	  2000	    27	     1	     0.000	   239.045	      60965.4	      17893.8	    36.000	   202.336	     0.000	   238.336	     0.020	   447.272	    10265441.0	    88640456.0	
    69	  2000	    28	     1	     0.000	   242.148	      55736.0	      86311.3	    36.000	   205.629	     0.000	   241.629	     0.020	   447.281	    10271547.0	    88714104.0	
    69	  2000	    29	     1	     0.000	   245.266	      47333.1	     145255.6	    36.000	   209.600	     0.000	   245.600	     0.020	   447.290	    10277129.0	    88781448.0	
    69	  2000	    30	     1	     0.000	   248.537	      33702.0	     148413.3	    36.000	   213.650	     0.000	   249.650	     0.020	   447.292	    10278521.0	    88798240.0	
    69	  2000	    31	     1	     0.000	   250.368	      48255.4	      26314.4	    36.000	   215.676	     0.000	   251.676	     0.020	   447.274	    10267193.0	    88661584.0	
    69	  2000	    32	     1	     0.000	   252.670	      51503.8	       8420.6	    36.000	   216.396	     0.000	   252.396	     0.020	   447.272	    10265440.0	    88640448.0	
    69	  2000	    33	     1	     0.000	   254.872	      56651.8	       5262.9	    36.000	   218.354	     0.000	   254.354	     0.020	   447.271	    10264751.0	    88632136.0	
    69	  2000	    34	     1	     0.000	   257.046	      64253.1	       2105.2	    36.000	   220.431	     0.000	   256.431	     0.020	   447.269	    10263860.0	    88621384.0	
    69	  2000	    35	     1	     0.000	   259.470	      67767.7	       3157.7	    36.000	   222.731	     0.000	   258.731	     0.020	   447.269	    10263655.0	    88618920.0	
    69	  2000	    36	     1	     0.000	   261.942	      65711.8	       2105.2	    36.000	   225.174	     0.000	   261.174	     0.020	   447.269	    10263738.0	    88619920.0	
    69	  2000	    37	     1	     0.000	   264.319	      63685.7	       1052.6	    36.000	   227.563	     0.000	   263.563	     0.020	   447.269	    10263819.0	    88620896.0	
    69	  2000	    38	     1	     0.000	   267.197	      46508.9	      49471.1	    36.000	   230.452	     0.000	   266.452	     0.020	   447.277	    10269258.0	    88686488.0	
    69	  2000	    39	     1	     0.000	   269.638	      35312.1	      70522.6	    36.000	   233.652	     0.000	   269.652	     0.020	   447.282	    10271932.0	    88718736.0	
    69	  2000	    40	     1	     0.000	   272.050	      23735.3	     205252.5	    36.000	   236.437	     0.000	   272.437	     0.020	   447.300	    10284057.0	    88865048.0	
    69	  2000	    41	     1	     0.000	   274.583	      17352.4	     237882.3	    36.000	   240.664	     0.000	   276.664	     0.020	   447.305	    10287289.0	    88904056.0	
    69	  2000	    42	     1	     0.000	   277.140	      25617.0	     232619.5	    36.000	   243.672	     0.000	   279.672	     0.020	   447.304	    10286169.0	    88890528.0	
    69	  2000	    43	     1	     0.000	   280.239	      33141.1	     147360.8	    36.000	   246.615	     0.000	   282.615	     0.020	   447.292	    10278480.0	    88797744.0	
    69	  2000	    44	     1	     0.000	   284.556	      24276.5	     175780.3	    36.000	   249.858	     0.000	   285.858	     0.020	   447.296	    10281570.0	    88835032.0	
    69	  2000	    45	     1	     0.000	   288.620	      27316.0	     172622.6	    36.000	   254.353	     0.000	   290.353	     0.020	   447.296	    10281057.0	    88828832.0	
    69	  2000	    46	     1	     0.000	   291.217	      49760.6	      15788.7	    36.000	   256.879	     0.000	   292.879	     0.020	   447.273	    10266196.0	    88649560.0	
    69	  2000	    47	     1	     0.000	   293.574	      62004.3	       2105.2	    36.000	   257.161	     0.000	   293.161	     0.020	   447.269	    10264046.0	    88623632.0	
    69	  2000	    48	     1	     0.000	   296.202	      65265.5	          0.0	    36.000	   259.489	     0.000	   295.489	     0.020	   447.269	    10263601.0	    88618264.0	
    69	  2000	    49	     1	     0.000	   299.940	      55788.6	       4210.3	    36.000	   263.165	     0.000	   299.165	     0.020	   447.271	    10264736.0	    88631952.0	
    69	  2000	    50	     1	     0.000	   304.474	      52494.6	      13683.5	    36.000	   267.857	     0.000	   303.857	     0.020	   447.272	    10265795.0	    88644720.0	
    69	  2000	    51	     1	     0.000	   309.831	      63188.1	       3157.7	    36.000	   273.361	     0.000	   309.361	     0.020	   447.269	    10264034.0	    88623496.0	
    69	  2000	    52	     1	     0.000	   317.428	      52418.5	       5262.9	    36.000	   280.714	     0.000	   316.714	     0.020	   447.271	    10265103.0	    88636376.0	
    69	  2000	    53	     1	     0.000	   324.353	      60336.9	       2105.2	    36.000	   287.788	     0.000	   323.788	     0.020	   447.270	    10264184.0	    88625296.0	
    69	  2000	    54	     1	     0.000	   331.060	      59255.5	       3157.7	    36.000	   294.366	     0.000	   330.366	     0.020	   447.270	    10264361.0	    88627432.0	
    69	  2000	    55	     1	     0.000	   336.919	      60012.7	       4210.3	    36.000	   300.250	     0.000	   336.250	     0.020	   447.270	    10264386.0	    88627728.0	
    69	  2000	    56	     1	     0.000	   342.081	      59665.1	       4210.3	    36.000	   305.415	     0.000	   341.415	     0.020	   447.270	    10264414.0	    88628072.0	
    69	  2000	    57	     1	     0.000	   346.180	      66320.4	       1052.6	    36.000	   309.518	     0.000	   345.518	     0.020	   447.269	    10263601.0	    88618264.0	
    69	  2000	    58	     1	     0.000	   350.623	      53431.8	       5262.9	    36.000	   313.848	     0.000	   349.848	     0.020	   447.271	    10265018.0	    88635360.0	
    69	  2000	    59	     1	     0.000	   353.561	      55604.8	       6315.5	    36.000	   316.984	     0.000	   352.984	     0.020	   447.271	    10264925.0	    88634240.0	
    69	  2000	    60	     1	     0.000	   355.985	      57793.0	       2105.2	    36.000	   319.395	     0.000	   355.395	     0.020	   447.270	    10264395.0	    88627840.0	
    69	  2000	    61	     1	     0.000	   357.854	      59601.3	       2105.2	    36.000	   321.190	     0.000	   357.190	     0.020	   447.270	    10264245.0	    88626032.0	
    69	  2000	    62	     1	     0.000	   359.546	      56677.3	       2105.2	    36.000	   322.861	     0.000	   358.861	     0.020	   447.270	    10264487.0	    88628952.0	
    69	  2000	    63	     1	     0.000	   361.122	      52931.2	       6315.5	    36.000	   324.470	     0.000	   360.470	     0.020	   447.271	    10265147.0	    88636912.0	
    69	  2000	    64	     1	     0.000	   363.403	      35697.6	       1052.6	    36.000	   326.843	     0.000	   362.843	     0.020	   447.273	    10266140.0	    88648880.0	
    69	  2000	    65	     1	     0.000	   364.625	      36100.0	       3157.7	    36.000	   328.204	     0.000	   364.204	     0.020	   447.273	    10266281.0	    88650584.0	
    69	  2000	    66	     1	     0.000	   365.706	      39240.6	       8420.6	    36.000	   329.305	     0.000	   365.305	     0.020	   447.273	    10266458.0	    88652712.0	
    69	  2000	    67	     1	     0.000	   366.773	      43773.5	       9473.2	    36.000	   330.397	     0.000	   366.397	     0.020	   447.273	    10266168.0	    88649224.0	
    69	  2000	    68	     1	     0.000	   367.748	      51234.3	       8420.6	    36.000	   331.331	     0.000	   367.331	     0.020	   447.272	    10265463.0	    88640712.0	
    69	  2000	    69	     1	     0.000	   369.524	      46331.9	       1052.6	    36.000	   333.008	     0.000	   369.008	     0.020	   447.271	    10265258.0	    88638248.0	
    69	  2000	    70	     1	     0.000	   370.683	      51454.2	      12630.9	    36.000	   334.138	     0.000	   370.138	     0.020	   447.272	    10265794.0	    88644704.0	
    69	  2000	    71	     1	     0.000	   372.102	      51049.2	       2105.2	    36.000	   335.633	     0.000	   371.633	     0.020	   447.271	    10264954.0	    88634584.0	
    69	  2000	    72	     1	     0.000	   373.625	      47094.5	       2105.2	    36.000	   337.039	     0.000	   373.039	     0.020	   447.271	    10265282.0	    88638536.0	
    69	  2000	    73	     1	     0.000	   375.179	      39903.4	       4210.3	    36.000	   338.638	     0.000	   374.638	     0.020	   447.273	    10266053.0	    88647832.0	
    69	  2000	    74	     1	     0.000	   375.200	      56346.4	       1052.6	    36.000	   338.767	     0.000	   374.767	     0.020	   447.270	    10264428.0	    88628232.0	
    69	  2000	    75	     1	     0.000	   376.094	      55199.9	       4210.3	    36.000	   339.434	     0.000	   375.434	     0.020	   447.271	    10264784.0	    88632536.0	
    69	  2000	    76	     1	     0.000	   376.762	      55293.5	       4210.3	    36.000	   340.152	     0.000	   376.152	     0.020	   447.271	    10264777.0	    88632448.0	
    69	  2000	    77	     1	     0.000	   377.489	      52267.0	       6315.5	    36.000	   340.878	     0.000	   376.878	     0.020	   447.271	    10265202.0	    88637576.0	
    69	  2000	    78	     1	     0.000	   378.042	      51408.2	       3157.7	    36.000	   341.490	     0.000	   377.490	     0.020	   447.271	    10265012.0	    88635280.0	
    69	  2000	    79	     1	     0.000	   378.107	      54960.7	       2105.2	    36.000	   341.529	     0.000	   377.529	     0.020	   447.270	    10264630.0	    88630672.0	
    69	  2000	    80	     1	     0.000	   378.616	      48522.4	       7368.0	    36.000	   341.984	     0.000	   377.984	     0.020	   447.272	    10265601.0	    88642376.0	
    69	  2000	    81	     1	     0.000	   378.879	      44996.8	      32629.9	    36.000	   342.383	     0.000	   378.383	     0.020	   447.276	    10267987.0	    88671160.0	
    69	  2000	    82	     1	     0.000	   378.372	      53448.3	       7368.0	    36.000	   342.209	     0.000	   378.209	     0.020	   447.271	    10265192.0	    88637448.0	
    69	  2000	    83	     1	     0.000	   378.844	      43856.4	      10525.8	    36.000	   342.291	     0.000	   378.291	     0.020	   447.273	    10266249.0	    88650200.0	
    69	  2000	    84	     1	     0.000	   379.159	      35432.8	       5262.9	    36.000	   342.753	     0.000	   378.753	     0.020	   447.273	    10266511.0	    88653360.0	
    69	  2000	    85	     1	     0.000	   377.795	      55326.6	          0.0	    36.000	   341.426	     0.000	   377.426	     0.020	   447.270	    10264425.0	    88628200.0	
    69	  2000	    86	     1	     0.000	   377.403	      58306.3	          0.0	    36.000	   340.742	     0.000	   376.742	     0.020	   447.270	    10264178.0	    88625224.0	
    69	  2000	    87	     1	     0.000	   377.380	      50979.2	          0.0	    36.000	   340.685	     0.000	   376.685	     0.020	   447.271	    10264785.0	    88632552.0	
    69	  2000	    88	     1	     0.000	   377.421	      41435.0	       1052.6	    36.000	   340.811	     0.000	   376.811	     0.020	   447.272	    10265664.0	    88643144.0	
    69	  2000	    89	     1	     0.000	   376.691	      44611.0	       4210.3	    36.000	   340.204	     0.000	   376.204	     0.020	   447.272	    10265663.0	    88643128.0	
    69	  2000	    90	     1	     0.000	   376.107	      43775.4	       2105.2	    36.000	   339.619	     0.000	   375.619	     0.020	   447.272	    10265557.0	    88641856.0	
    69	  2000	    91	     1	     0.000	   375.992	      33570.2	       1052.6	    36.000	   339.490	     0.000	   375.490	     0.020	   447.273	    10266316.0	    88651008.0	
    69	  2000	    92	     1	     0.000	   374.768	      42026.6	          0.0	    36.000	   338.371	     0.000	   374.371	     0.020	   447.272	    10265528.0	    88641504.0	
    69	  2000	    93	     1	     0.000	   374.154	      40400.9	          0.0	    36.000	   337.648	     0.000	   373.648	     0.020	   447.272	    10265663.0	    88643128.0	
    69	  2000	    94	     1	     0.000	   373.082	      46164.6	          0.0	    36.000	   336.595	     0.000	   372.595	     0.020	   447.271	    10265185.0	    88637360.0	
    69	  2000	    95	     1	     0.000	   372.293	      46385.2	          0.0	    36.000	   335.739	     0.000	   371.739	     0.020	   447.271	    10265166.0	    88637144.0	
    69	  2000	    96	     1	     0.000	   371.224	      50675.3	          0.0	    36.000	   334.668	     0.000	   370.668	     0.020	   447.271	    10264811.0	    88632856.0	
    69	  2000	    97	     1	     0.000	   370.017	      56401.6	          0.0	    36.000	   333.411	     0.000	   369.411	     0.020	   447.270	    10264336.0	    88627128.0	
    69	  2000	    98	     1	     0.000	   369.083	      56171.3	          0.0	    36.000	   332.410	     0.000	   368.410	     0.020	   447.270	    10264355.0	    88627360.0	
    69	  2000	    99	     1	     0.000	   368.085	      56204.7	          0.0	    36.000	   331.414	     0.000	   367.414	     0.020	   447.270	    10264352.0	    88627320.0	
    69	  2000	   100	     1	     0.000	   367.498	      48559.3	          0.0	    36.000	   330.828	     0.000	   366.828	     0.020	   447.271	    10264986.0	    88634968.0	
    69	  2000	   101	     1	     0.000	   366.616	      45213.9	       1052.6	    36.000	   330.034	     0.000	   366.034	     0.020	   447.271	    10265351.0	    88639368.0	
    69	  2000	   102	     1	     0.000	   365.446	      45613.2	          0.0	    36.000	   328.915	     0.000	   364.915	     0.020	   447.271	    10265230.0	    88637912.0	
    69	  2000	   103	     1	     0.000	   363.885	      52047.8	          0.0	    36.000	   327.337	     0.000	   363.337	     0.020	   447.270	    10264697.0	    88631480.0	
    69	  2000	   104	     1	     0.000	   362.803	      49722.4	          0.0	    36.000	   326.181	     0.000	   362.181	     0.020	   447.271	    10264890.0	    88633808.0	
    69	  2000	   105	     1	     0.000	   361.498	      51313.0	          0.0	    36.000	   324.902	     0.000	   360.902	     0.020	   447.271	    10264758.0	    88632216.0	
    69	  2000	   106	     1	     0.000	   360.182	      52874.3	          0.0	    36.000	   323.568	     0.000	   359.568	     0.020	   447.270	    10264628.0	    88630656.0	
    69	  2000	   107	     1	     0.000	   358.815	      55242.5	          0.0	    36.000	   322.183	     0.000	   358.183	     0.020	   447.270	    10264432.0	    88628288.0	
    69	  2000	   108	     1	     0.000	   357.532	      54585.2	          0.0	    36.000	   320.873	     0.000	   356.873	     0.020	   447.270	    10264487.0	    88628944.0	
    69	  2000	   109	     1	     0.000	   356.625	      46776.3	          0.0	    36.000	   319.974	     0.000	   355.974	     0.020	   447.271	    10265134.0	    88636752.0	
    69	  2000	   110	     1	     0.000	   355.376	      44426.2	          0.0	    36.000	   318.814	     0.000	   354.814	     0.020	   447.271	    10265329.0	    88639104.0	
    69	  2000	   111	     1	     0.000	   354.282	      38725.2	       3157.7	    36.000	   317.748	     0.000	   353.748	     0.020	   447.273	    10266063.0	    88647960.0	
    69	  2000	   112	     1	     0.000	   353.371	      29463.9	       1052.6	    36.000	   316.940	     0.000	   352.940	     0.020	   447.273	    10266657.0	    88655120.0	
    69	  2000	   113	     1	     0.000	   351.869	      30585.0	          0.0	    36.000	   315.520	     0.000	   351.520	     0.020	   447.273	    10266477.0	    88652944.0	
    69	  2000	   114	     1	     0.000	   349.711	      43635.8	          0.0	    36.000	   313.337	     0.000	   349.337	     0.020	   447.272	    10265395.0	    88639896.0	
    69	  2000	   115	     1	     0.000	   348.890	      32798.5	          0.0	    36.000	   312.365	     0.000	   348.365	     0.020	   447.273	    10266293.0	    88650728.0	
    69	  2000	   116	     1	     0.000	   346.898	      42873.0	          0.0	    36.000	   310.499	     0.000	   346.499	     0.020	   447.272	    10265458.0	    88640656.0	
    69	  2000	   117	     1	     0.000	   345.167	      48453.0	          0.0	    36.000	   308.651	     0.000	   344.651	     0.020	   447.271	    10264995.0	    88635072.0	
    69	  2000	   118	     1	     0.000	   343.538	      51471.1	          0.0	    36.000	   306.957	     0.000	   342.957	     0.020	   447.271	    10264744.0	    88632056.0	
    69	  2000	   119	     1	     0.000	   342.085	      50254.7	          0.0	    36.000	   305.470	     0.000	   341.470	     0.020	   447.271	    10264846.0	    88633272.0	
    69	  2000	   120	     1	     0.000	   341.024	      41869.4	          0.0	    36.000	   304.422	     0.000	   340.422	     0.020	   447.272	    10265540.0	    88641656.0	
    69	  2000	   121	     1	     0.000	   339.295	      44501.0	          0.0	    36.000	   302.790	     0.000	   338.790	     0.020	   447.271	    10265323.0	    88639024.0	
    69	  2000	   122	     1	     0.000	   337.670	      44641.5	          0.0	    36.000	   301.135	     0.000	   337.135	     0.020	   447.271	    10265311.0	    88638888.0	
    69	  2000	   123	     1	     0.000	   335.584	      52797.0	          0.0	    36.000	   299.047	     0.000	   335.047	     0.020	   447.270	    10264634.0	    88630728.0	
    69	  2000	   124	     1	     0.000	   334.449	      44403.1	          0.0	    36.000	   297.818	     0.000	   333.818	     0.020	   447.271	    10265331.0	    88639128.0	
    69	  2000	   125	     1	     0.000	   333.125	      39459.1	          0.0	    36.000	   296.591	     0.000	   332.591	     0.020	   447.272	    10265741.0	    88644072.0	
    69	  2000	   126	     1	     0.000	   331.842	      33449.5	          0.0	    36.000	   295.365	     0.000	   331.365	     0.020	   447.273	    10266239.0	    88650080.0	
    69	  2000	   127	     1	     0.000	   329.570	      45167.1	          0.0	    36.000	   293.163	     0.000	   329.163	     0.020	   447.271	    10265267.0	    88638360.0	
    69	  2000	   128	     1	     0.000	   328.578	      32979.9	          0.0	    36.000	   292.035	     0.000	   328.035	     0.020	   447.273	    10266278.0	    88650552.0	
    69	  2000	   129	     1	     0.000	   327.253	      27206.2	       3157.7	    36.000	   290.851	     0.000	   326.851	     0.020	   447.274	    10267018.0	    88659480.0	
    69	  2000	   130	     1	     0.000	   325.171	      35800.3	          0.0	    36.000	   288.873	     0.000	   324.873	     0.020	   447.273	    10266044.0	    88647728.0	
    69	  2000	   131	     1	     0.000	   323.056	      45061.9	          0.0	    36.000	   286.622	     0.000	   322.622	     0.020	   447.271	    10265276.0	    88638464.0	
    69	  2000	   132	     1	     0.000	   321.470	      44470.7	          0.0	    36.000	   284.928	     0.000	   320.928	     0.020	   447.271	    10265325.0	    88639056.0	
    69	  2000	   133	     1	     0.000	   320.395	      34731.6	       2105.2	    36.000	   283.861	     0.000	   319.861	     0.020	   447.273	    10266307.0	    88650904.0	
    69	  2000	   134	     1	     0.000	   318.366	      43041.8	          0.0	    36.000	   281.968	     0.000	   317.968	     0.020	   447.272	    10265444.0	    88640488.0	
    69	  2000	   135	     1	     0.000	   316.782	      42657.5	          0.0	    36.000	   280.264	     0.000	   316.264	     0.020	   447.272	    10265476.0	    88640872.0	
    69	  2000	   136	     1	     0.000	   314.964	      45408.6	          0.0	    36.000	   278.450	     0.000	   314.450	     0.020	   447.271	    10265247.0	    88638120.0	
    69	  2000	   137	     1	     0.000	   313.489	      41610.1	          0.0	    36.000	   276.944	     0.000	   312.944	     0.020	   447.272	    10265563.0	    88641920.0	
    69	  2000	   138	     1	     0.000	   311.831	      41925.0	          0.0	    36.000	   275.330	     0.000	   311.330	     0.020	   447.272	    10265536.0	    88641600.0	
    69	  2000	   139	     1	     0.000	   310.329	      39478.7	          0.0	    36.000	   273.824	     0.000	   309.824	     0.020	   447.272	    10265739.0	    88644048.0	
    69	  2000	   140	     1	     0.000	   308.517	      42204.0	          0.0	    36.000	   272.040	     0.000	   308.040	     0.020	   447.272	    10265514.0	    88641328.0	
    69	  2000	   141	     1	     0.000	   306.637	      45854.2	          0.0	    36.000	   270.128	     0.000	   306.128	     0.020	   447.271	    10265210.0	    88637672.0	
    69	  2000	   142	     1	     0.000	   305.105	      42884.5	          0.0	    36.000	   268.554	     0.000	   304.554	     0.020	   447.272	    10265456.0	    88640640.0	
    69	  2000	   143	     1	     0.000	   303.208	      46819.5	          0.0	    36.000	   266.692	     0.000	   302.692	     0.020	   447.271	    10265131.0	    88636712.0	
    69	  2000	   144	     1	     0.000	   302.020	      37536.0	          0.0	    36.000	   265.459	     0.000	   301.459	     0.020	   447.272	    10265900.0	    88645992.0	
    69	  2000	   145	     1	     0.000	   299.862	      46579.8	          0.0	    36.000	   263.408	     0.000	   299.408	     0.020	   447.271	    10265151.0	    88636952.0	
    69	  2000	   146	     1	     0.000	   298.131	      47668.2	          0.0	    36.000	   261.572	     0.000	   297.572	     0.020	   447.271	    10265060.0	    88635856.0	
    69	  2000	   147	     1	     0.000	   296.532	      46792.3	          0.0	    36.000	   259.960	     0.000	   295.960	     0.020	   447.271	    10265133.0	    88636736.0	
    69	  2000	   148	     1	     0.000	   294.874	      47003.4	          0.0	    36.000	   258.312	     0.000	   294.312	     0.020	   447.271	    10265115.0	    88636528.0	
    69	  2000	   149	     1	     0.000	   293.292	      46367.7	          0.0	    36.000	   256.728	     0.000	   292.728	     0.020	   447.271	    10265168.0	    88637160.0	
    69	  2000	   150	     1	     0.000	   291.861	      42249.3	          0.0	    36.000	   255.304	     0.000	   291.304	     0.020	   447.272	    10265510.0	    88641280.0	
    69	  2000	   151	     1	     0.000	   290.047	      45174.2	          0.0	    36.000	   253.538	     0.000	   289.538	     0.020	   447.271	    10265266.0	    88638352.0	
    69	  2000	   152	     1	     0.000	   288.307	      46711.0	          0.0	    36.000	   251.764	     0.000	   287.764	     0.020	   447.271	    10265139.0	    88636816.0	
    69	  2000	   153	     1	     0.000	   286.676	      46346.6	          0.0	    36.000	   250.115	     0.000	   286.115	     0.020	   447.271	    10265170.0	    88637184.0	
    69	  2000	   154	     1	     0.000	   285.264	      42077.3	          0.0	    36.000	   248.708	     0.000	   284.707	     0.020	   447.272	    10265523.0	    88641448.0	
    69	  2000	   155	     1	     0.000	   283.942	      36278.6	       1052.6	    36.000	   247.435	     0.000	   283.435	     0.020	   447.273	    10266092.0	    88648304.0	
    69	  2000	   156	     1	     0.000	   282.605	      30660.4	          0.0	    36.000	   246.178	     0.000	   282.178	     0.020	   447.273	    10266470.0	    88652864.0	
    69	  2000	   157	     1	     0.000	   280.941	      31440.4	          0.0	    36.000	   244.566	     0.000	   280.566	     0.020	   447.273	    10266405.0	    88652088.0	
    69	  2000	   158	     1	     0.000	   279.351	      31064.0	       1052.6	    36.000	   242.967	     0.000	   278.967	     0.020	   447.273	    10266524.0	    88653520.0	
    69	  2000	   159	     1	     0.000	   277.873	      29029.6	       1052.6	    36.000	   241.506	     0.000	   277.506	     0.020	   447.274	    10266693.0	    88655552.0	
    69	  2000	   160	     1	     0.000	   275.567	      44362.5	          0.0	    36.000	   239.223	     0.000	   275.223	     0.020	   447.271	    10265334.0	    88639168.0	
    69	  2000	   161	     1	     0.000	   274.147	      42832.1	          0.0	    36.000	   237.614	     0.000	   273.614	     0.020	   447.272	    10265461.0	    88640696.0	
    69	  2000	   162	     1	     0.000	   272.839	      39628.5	          0.0	    36.000	   236.323	     0.000	   272.323	     0.020	   447.272	    10265726.0	    88643896.0	
    69	  2000	   163	     1	     0.000	   270.898	      49153.5	          0.0	    36.000	   234.419	     0.000	   270.419	     0.020	   447.271	    10264937.0	    88634376.0	
    69	  2000	   164	     1	     0.000	   269.543	      45667.1	          0.0	    36.000	   232.954	     0.000	   268.954	     0.020	   447.271	    10265226.0	    88637864.0	
    69	  2000	   165	     1	     0.000	   268.655	      31800.0	       4210.3	    36.000	   232.106	     0.000	   268.106	     0.020	   447.274	    10266725.0	    88655936.0	
    69	  2000	   166	     1	     0.000	   266.790	      37201.4	          0.0	    36.000	   230.451	     0.000	   266.451	     0.020	   447.272	    10265928.0	    88646328.0	
    69	  2000	   167	     1	     0.000	   264.907	      43338.4	          0.0	    36.000	   228.456	     0.000	   264.456	     0.020	   447.272	    10265419.0	    88640192.0	
    69	  2000	   168	     1	     0.000	   263.029	      49300.1	          0.0	    36.000	   226.507	     0.000	   262.507	     0.020	   447.271	    10264924.0	    88634224.0	
    69	  2000	   169	     1	     0.000	   261.575	      47133.5	          0.0	    36.000	   224.985	     0.000	   260.985	     0.020	   447.271	    10265104.0	    88636392.0	
    69	  2000	   170	     1	     0.000	   260.172	      44898.9	       1052.6	    36.000	   223.606	     0.000	   259.606	     0.020	   447.272	    10265377.0	    88639680.0	
    69	  2000	   171	     1	     0.000	   258.743	      43428.9	          0.0	    36.000	   222.216	     0.000	   258.216	     0.020	   447.272	    10265412.0	    88640096.0	
    69	  2000	   172	     1	     0.000	   256.817	      51099.5	          0.0	    36.000	   220.294	     0.000	   256.294	     0.020	   447.271	    10264776.0	    88632432.0	
    69	  2000	   173	     1	     0.000	   255.156	      52804.4	          0.0	    36.000	   218.545	     0.000	   254.545	     0.020	   447.270	    10264634.0	    88630720.0	
    69	  2000	   174	     1	     0.000	   253.555	      53215.4	          0.0	    36.000	   216.923	     0.000	   252.923	     0.020	   447.270	    10264600.0	    88630312.0	
    69	  2000	   175	     1	     0.000	   252.334	      46428.4	          0.0	    36.000	   215.698	     0.000	   251.698	     0.020	   447.271	    10265162.0	    88637096.0	
    69	  2000	   176	     1	     0.000	   250.832	      45930.5	          0.0	    36.000	   214.274	     0.000	   250.274	     0.020	   447.271	    10265204.0	    88637600.0	
    69	  2000	   177	     1	     0.000	   249.354	      44690.0	          0.0	    36.000	   212.802	     0.000	   248.802	     0.020	   447.271	    10265307.0	    88638840.0	
    69	  2000	   178	     1	     0.000	   248.163	      37342.6	       1052.6	    36.000	   211.625	     0.000	   247.625	     0.020	   447.272	    10266004.0	    88647240.0	
    69	  2000	   179	     1	     0.000	   246.735	      35370.0	       1052.6	    36.000	   210.295	     0.000	   246.295	     0.020	   447.273	    10266167.0	    88649208.0	
    69	  2000	   180	     1	     0.000	   244.639	      49025.7	          0.0	    36.000	   208.222	     0.000	   244.222	     0.020	   447.271	    10264948.0	    88634504.0	
    69	  2000	   181	     1	     0.000	   242.992	      52917.6	          0.0	    36.000	   206.404	     0.000	   242.404	     0.020	   447.270	    10264625.0	    88630608.0	
    69	  2000	   182	     1	     0.000	   241.495	      53909.1	          0.0	    36.000	   204.863	     0.000	   240.863	     0.020	   447.270	    10264542.0	    88629616.0	
    69	  2000	   183	     1	     0.000	   240.122	      52692.8	          0.0	    36.000	   203.478	     0.000	   239.478	     0.020	   447.270	    10264643.0	    88630832.0	
    69	  2000	   184	     1	     0.000	   238.900	      48036.7	          0.0	    36.000	   202.270	     0.000	   238.270	     0.020	   447.271	    10265029.0	    88635488.0	
    69	  2000	   185	     1	     0.000	   237.414	      48772.9	          0.0	    36.000	   200.838	     0.000	   236.838	     0.020	   447.271	    10264968.0	    88634752.0	
    69	  2000	   186	     1	     0.000	   235.660	      54944.4	          0.0	    36.000	   199.075	     0.000	   235.075	     0.020	   447.270	    10264456.0	    88628584.0	
    69	  2000	   187	     1	     0.000	   234.954	      38825.4	          0.0	    36.000	   198.298	     0.000	   234.298	     0.020	   447.272	    10265794.0	    88644704.0	
    69	  2000	   188	     1	     0.000	   232.831	      53587.9	          0.0	    36.000	   196.361	     0.000	   232.361	     0.020	   447.270	    10264570.0	    88629944.0	
    69	  2000	   189	     1	     0.000	   231.297	      56155.0	          0.0	    36.000	   194.657	     0.000	   230.657	     0.020	   447.270	    10264356.0	    88627376.0	
    69	  2000	   190	     1	     0.000	   229.991	      53730.9	          0.0	    36.000	   193.321	     0.000	   229.321	     0.020	   447.270	    10264558.0	    88629800.0	
    69	  2000	   191	     1	     0.000	   228.756	      49711.9	          0.0	    36.000	   192.115	     0.000	   228.115	     0.020	   447.271	    10264891.0	    88633816.0	
    69	  2000	   192	     1	     0.000	   227.295	      51266.1	          0.0	    36.000	   190.700	     0.000	   226.700	     0.020	   447.271	    10264762.0	    88632264.0	
    69	  2000	   193	     1	     0.000	   225.737	      54520.9	          0.0	    36.000	   189.124	     0.000	   225.124	     0.020	   447.270	    10264492.0	    88629008.0	
    69	  2000	   194	     1	     0.000	   224.586	      48688.9	          0.0	    36.000	   187.935	     0.000	   223.935	     0.020	   447.271	    10264975.0	    88634840.0	
    69	  2000	   195	     1	     0.000	   223.808	      35036.8	          0.0	    36.000	   187.225	     0.000	   223.225	     0.020	   447.273	    10266107.0	    88648488.0	
    69	  2000	   196	     1	     0.000	   221.486	      56206.0	          0.0	    36.000	   185.060	     0.000	   221.060	     0.020	   447.270	    10264352.0	    88627320.0	
    69	  2000	   197	     1	     0.000	   220.034	      58825.8	          0.0	    36.000	   183.363	     0.000	   219.363	     0.020	   447.270	    10264135.0	    88624704.0	
    69	  2000	   198	     1	     0.000	   218.685	      58999.1	          0.0	    36.000	   181.984	     0.000	   217.984	     0.020	   447.270	    10264120.0	    88624528.0	
    69	  2000	   199	     1	     0.000	   217.366	      58938.1	          0.0	    36.000	   180.663	     0.000	   216.663	     0.020	   447.270	    10264125.0	    88624592.0	
    69	  2000	   200	     1	     0.000	   216.130	      57908.6	          0.0	    36.000	   179.428	     0.000	   215.428	     0.020	   447.270	    10264210.0	    88625616.0	
    69	  2000	   201	     1	     0.000	   214.820	      57330.7	          0.0	    36.000	   178.130	     0.000	   214.130	     0.020	   447.270	    10264259.0	    88626200.0	
    69	  2000	   202	     1	     0.000	   213.429	      57911.1	          0.0	    36.000	   176.746	     0.000	   212.746	     0.020	   447.270	    10264210.0	    88625616.0	
    69	  2000	   203	     1	     0.000	   212.188	      55293.8	          0.0	    36.000	   175.498	     0.000	   211.498	     0.020	   447.270	    10264428.0	    88628232.0	
    69	  2000	   204	     1	     0.000	   210.685	      58897.8	          0.0	    36.000	   174.025	     0.000	   210.025	     0.020	   447.270	    10264129.0	    88624632.0	
    69	  2000	   205	     1	     0.000	   209.861	      47521.5	       1052.6	    36.000	   173.159	     0.000	   209.159	     0.020	   447.271	    10265159.0	    88637056.0	
    69	  2000	   206	     1	     0.000	   208.166	      55873.2	          0.0	    36.000	   171.608	     0.000	   207.608	     0.020	   447.270	    10264380.0	    88627656.0	
    69	  2000	   207	     1	     0.000	   206.917	      54621.6	          0.0	    36.000	   170.250	     0.000	   206.250	     0.020	   447.270	    10264483.0	    88628904.0	
    69	  2000	   208	     1	     0.000	   205.497	      57774.0	          0.0	    36.000	   168.845	     0.000	   204.845	     0.020	   447.270	    10264222.0	    88625752.0	
    69	  2000	   209	     1	     0.000	   204.037	      61988.6	          0.0	    36.000	   167.348	     0.000	   203.348	     0.020	   447.269	    10263872.0	    88621536.0	
    69	  2000	   210	     1	     0.000	   202.631	      65974.4	          0.0	    36.000	   165.894	     0.000	   201.894	     0.020	   447.269	    10263542.0	    88617552.0	
    69	  2000	   211	     1	     0.000	   201.769	      57590.3	          0.0	    36.000	   164.986	     0.000	   200.986	     0.020	   447.270	    10264237.0	    88625936.0	
    69	  2000	   212	     1	     0.000	   200.613	      56092.1	       1052.6	    36.000	   163.927	     0.000	   199.927	     0.020	   447.270	    10264449.0	    88628488.0	
    69	  2000	   213	     1	     0.000	   198.931	      66498.3	          0.0	    36.000	   162.274	     0.000	   198.274	     0.020	   447.269	    10263499.0	    88617032.0	
    69	  2000	   214	     1	     0.000	   197.819	      63638.4	          0.0	    36.000	   161.029	     0.000	   197.029	     0.020	   447.269	    10263735.0	    88619888.0	
    69	  2000	   215	     1	     0.000	   196.926	      56096.8	          0.0	    36.000	   160.170	     0.000	   196.170	     0.020	   447.270	    10264361.0	    88627432.0	
    69	  2000	   216	     1	     0.000	   195.776	      55746.9	       1052.6	    36.000	   159.107	     0.000	   195.107	     0.020	   447.270	    10264477.0	    88628832.0	
    69	  2000	   217	     1	     0.000	   194.997	      46721.8	      26314.4	    36.000	   158.344	     0.000	   194.344	     0.020	   447.275	    10267321.0	    88663120.0	
    69	  2000	   218	     1	     0.000	   194.855	      20972.8	       3157.7	    36.000	   158.599	     0.000	   194.599	     0.020	   447.275	    10267535.0	    88665712.0	
    69	  2000	   219	     1	     0.000	   192.580	      45526.1	       2105.2	    36.000	   156.353	     0.000	   192.353	     0.020	   447.272	    10265412.0	    88640104.0	
    69	  2000	   220	     1	     0.000	   192.090	      29128.4	      52628.8	    36.000	   155.567	     0.000	   191.567	     0.020	   447.280	    10270961.0	    88707032.0	
    69	  2000	   221	     1	     0.000	   191.036	      27121.3	       4210.3	    36.000	   155.289	     0.000	   191.289	     0.020	   447.274	    10267113.0	    88660616.0	
    69	  2000	   222	     1	     0.000	   189.135	      46919.3	          0.0	    36.000	   152.850	     0.000	   188.850	     0.020	   447.271	    10265122.0	    88636608.0	
    69	  2000	   223	     1	     0.000	   187.680	      57437.1	          0.0	    36.000	   151.117	     0.000	   187.117	     0.020	   447.270	    10264250.0	    88626088.0	
    69	  2000	   224	     1	     0.000	   186.923	      50867.9	          0.0	    36.000	   150.238	     0.000	   186.238	     0.020	   447.271	    10264795.0	    88632664.0	
    69	  2000	   225	     1	     0.000	   185.689	      58423.5	          0.0	    36.000	   149.080	     0.000	   185.080	     0.020	   447.270	    10264168.0	    88625104.0	
    69	  2000	   226	     1	     0.000	   184.825	      60685.7	          0.0	    36.000	   148.129	     0.000	   184.129	     0.020	   447.269	    10263980.0	    88622840.0	
    69	  2000	   227	     1	     0.000	   183.676	      62589.2	          0.0	    36.000	   146.954	     0.000	   182.954	     0.020	   447.269	    10263822.0	    88620936.0	
    69	  2000	   228	     1	     0.000	   182.207	      68289.1	          0.0	    36.000	   145.463	     0.000	   181.463	     0.020	   447.268	    10263350.0	    88615240.0	
    69	  2000	   229	     1	     0.000	   181.102	      65839.2	          0.0	    36.000	   144.292	     0.000	   180.292	     0.020	   447.269	    10263553.0	    88617688.0	
    69	  2000	   230	     1	     0.000	   179.693	      70271.9	          0.0	    36.000	   142.911	     0.000	   178.911	     0.020	   447.268	    10263186.0	    88613256.0	
    69	  2000	   231	     1	     0.000	   178.755	      62983.3	          0.0	    36.000	   141.921	     0.000	   177.921	     0.020	   447.269	    10263790.0	    88620544.0	
    69	  2000	   232	     1	     0.000	   177.142	      72110.8	          0.0	    36.000	   140.393	     0.000	   176.393	     0.020	   447.268	    10263033.0	    88611416.0	
    69	  2000	   233	     1	     0.000	   175.921	      71679.3	          0.0	    36.000	   139.067	     0.000	   175.067	     0.020	   447.268	    10263069.0	    88611848.0	
    69	  2000	   234	     1	     0.000	   174.561	      74887.8	          0.0	    36.000	   137.712	     0.000	   173.712	     0.020	   447.268	    10262803.0	    88608640.0	
    69	  2000	   235	     1	     0.000	   173.340	      74989.8	          0.0	    36.000	   136.454	     0.000	   172.454	     0.020	   447.268	    10262794.0	    88608536.0	
    69	  2000	   236	     1	     0.000	   172.110	      76141.6	          0.0	    36.000	   135.222	     0.000	   171.222	     0.020	   447.267	    10262699.0	    88607384.0	
    69	  2000	   237	     1	     0.000	   171.142	      70736.3	          0.0	    36.000	   134.241	     0.000	   170.241	     0.020	   447.268	    10263147.0	    88612792.0	
    69	  2000	   238	     1	     0.000	   169.960	      70517.0	          0.0	    36.000	   133.121	     0.000	   169.121	     0.020	   447.268	    10263165.0	    88613008.0	
    69	  2000	   239	     1	     0.000	   169.142	      61879.6	          0.0	    36.000	   132.305	     0.000	   168.305	     0.020	   447.269	    10263881.0	    88621648.0	
    69	  2000	   240	     1	     0.000	   168.542	      48548.6	       2105.2	    36.000	   131.806	     0.000	   167.806	     0.020	   447.271	    10265162.0	    88637088.0	
    69	  2000	   241	     1	     0.000	   167.507	      46644.1	       8420.6	    36.000	   130.949	     0.000	   166.949	     0.020	   447.272	    10265843.0	    88645304.0	
    69	  2000	   242	     1	     0.000	   165.631	      66779.6	          0.0	    36.000	   129.169	     0.000	   165.169	     0.020	   447.269	    10263476.0	    88616752.0	
    69	  2000	   243	     1	     0.000	   164.600	      66812.0	          0.0	    36.000	   127.807	     0.000	   163.807	     0.020	   447.269	    10263472.0	    88616712.0	
    69	  2000	   244	     1	     0.000	   163.655	      65980.1	          0.0	    36.000	   126.861	     0.000	   162.861	     0.020	   447.269	    10263541.0	    88617544.0	
    69	  2000	   245	     1	     0.000	   163.220	      53746.0	          0.0	    36.000	   126.437	     0.000	   162.437	     0.020	   447.270	    10264556.0	    88629784.0	
    69	  2000	   246	     1	     0.000	   161.858	      65550.6	          0.0	    36.000	   125.216	     0.000	   161.216	     0.020	   447.269	    10263577.0	    88617976.0	
    69	  2000	   247	     1	     0.000	   160.757	      68744.0	          0.0	    36.000	   123.978	     0.000	   159.978	     0.020	   447.268	    10263312.0	    88614784.0	
    69	  2000	   248	     1	     0.000	   159.771	      68682.6	       1052.6	    36.000	   122.955	     0.000	   158.955	     0.020	   447.268	    10263404.0	    88615896.0	
    69	  2000	   249	     1	     0.000	   158.799	      69461.7	      33682.5	    36.000	   121.997	     0.000	   157.997	     0.020	   447.273	    10266046.0	    88647752.0	
    69	  2000	   250	     1	     0.000	   158.961	      42186.9	      58944.3	    36.000	   122.527	     0.000	   158.527	     0.020	   447.279	    10270402.0	    88700288.0	
    69	  2000	   251	     1	     0.000	   156.990	      68318.1	          0.0	    36.000	   121.164	     0.000	   157.164	     0.020	   447.268	    10263348.0	    88615208.0	
    69	  2000	   252	     1	     0.000	   155.693	      76257.8	          0.0	    36.000	   118.882	     0.000	   154.882	     0.020	   447.267	    10262689.0	    88607272.0	
    69	  2000	   253	     1	     0.000	   154.497	      81684.3	          0.0	    36.000	   117.594	     0.000	   153.594	     0.020	   447.267	    10262239.0	    88601840.0	
    69	  2000	   254	     1	     0.000	   153.503	      83673.8	          0.0	    36.000	   116.537	     0.000	   152.537	     0.020	   447.266	    10262074.0	    88599856.0	
    69	  2000	   255	     1	     0.000	   152.734	      85370.3	          0.0	    36.000	   115.745	     0.000	   151.745	     0.020	   447.266	    10261934.0	    88598160.0	
    69	  2000	   256	     1	     0.000	   151.845	      85618.8	          0.0	    36.000	   114.837	     0.000	   150.837	     0.020	   447.266	    10261913.0	    88597912.0	
    69	  2000	   257	     1	     0.000	   150.731	      87287.6	          0.0	    36.000	   113.720	     0.000	   149.720	     0.020	   447.266	    10261775.0	    88596240.0	
    69	  2000	   258	     1	     0.000	   149.810	      82974.3	          0.0	    36.000	   112.779	     0.000	   148.779	     0.020	   447.267	    10262132.0	    88600552.0	
    69	  2000	   259	     1	     0.000	   148.695	      83559.4	          0.0	    36.000	   111.715	     0.000	   147.715	     0.020	   447.266	    10262084.0	    88599968.0	
    69	  2000	   260	     1	     0.000	   147.633	      82939.2	          0.0	    36.000	   110.645	     0.000	   146.645	     0.020	   447.267	    10262135.0	    88600592.0	
    69	  2000	   261	     1	     0.000	   146.436	      86145.0	          0.0	    36.000	   109.456	     0.000	   145.456	     0.020	   447.266	    10261870.0	    88597384.0	
    69	  2000	   262	     1	     0.000	   145.606	      79972.2	          0.0	    36.000	   108.589	     0.000	   144.589	     0.020	   447.267	    10262381.0	    88603552.0	
    69	  2000	   263	     1	     0.000	   144.604	      79507.7	          0.0	    36.000	   107.658	     0.000	   143.658	     0.020	   447.267	    10262420.0	    88604024.0	
    69	  2000	   264	     1	     0.000	   143.662	      77841.1	          0.0	    36.000	   106.722	     0.000	   142.722	     0.020	   447.267	    10262558.0	    88605688.0	
    69	  2000	   265	     1	     0.000	   142.714	      76871.5	       2105.2	    36.000	   105.793	     0.000	   141.793	     0.020	   447.268	    10262813.0	    88608760.0	
    69	  2000	   266	     1	     0.000	   141.824	      74481.7	       1052.6	    36.000	   104.938	     0.000	   140.938	     0.020	   447.268	    10262924.0	    88610096.0	
    69	  2000	   267	     1	     0.000	   140.696	      79305.7	          0.0	    36.000	   103.827	     0.000	   139.827	     0.020	   447.267	    10262437.0	    88604224.0	
    69	  2000	   268	     1	     0.000	   139.903	      76350.5	       1052.6	    36.000	   102.965	     0.000	   138.965	     0.020	   447.268	    10262769.0	    88608232.0	
    69	  2000	   269	     1	     0.000	   138.947	      78731.8	          0.0	    36.000	   102.056	     0.000	   138.056	     0.020	   447.267	    10262485.0	    88604800.0	
    69	  2000	   270	     1	     0.000	   138.075	      78911.3	          0.0	    36.000	   101.144	     0.000	   137.144	     0.020	   447.267	    10262469.0	    88604616.0	
    69	  2000	   271	     1	     0.000	   137.350	      75566.2	          0.0	    36.000	   100.417	     0.000	   136.417	     0.020	   447.267	    10262746.0	    88607960.0	
    69	  2000	   272	     1	     0.000	   136.650	      71694.3	       4210.3	    36.000	    99.755	     0.000	   135.755	     0.020	   447.268	    10263416.0	    88616040.0	
    69	  2000	   273	     1	     0.000	   137.151	      34187.7	      56839.1	    36.000	   100.350	     0.000	   136.350	     0.020	   447.280	    10270890.0	    88706176.0	
    69	  2000	   274	     1	     0.000	   136.348	      33097.7	      55786.6	    36.000	   100.590	     0.000	   136.590	     0.020	   447.280	    10270893.0	    88706216.0	
    69	  2000	   275	     1	     0.000	   135.619	      29612.8	      65259.8	    36.000	    99.861	     0.000	   135.861	     0.020	   447.282	    10271967.0	    88719176.0	
    69	  2000	   276	     1	     0.000	   134.188	      46753.0	      18946.4	    36.000	    98.581	     0.000	   134.581	     0.020	   447.274	    10266707.0	    88655720.0	
    69	  2000	   277	     1	     0.000	   133.004	      59378.3	      23156.7	    36.000	    96.662	     0.000	   132.662	     0.020	   447.272	    10266009.0	    88647304.0	
    69	  2000	   278	     1	     0.000	   132.790	      50589.1	      79995.8	    36.000	    96.351	     0.000	   132.351	     0.020	   447.281	    10271451.0	    88712936.0	
    69	  2000	   279	     1	     0.000	   134.605	      16058.3	     410504.9	    36.000	    98.925	     0.000	   134.925	     0.020	   447.327	    10301695.0	    89077976.0	
    69	  2000	   280	     1	     0.000	   135.878	      18949.3	     222093.7	    36.000	   104.423	     0.000	   140.423	     0.020	   447.303	    10285849.0	    88886672.0	
    69	  2000	   281	     1	     0.000	   136.728	      30016.6	     297879.2	    36.000	   103.059	     0.000	   139.059	     0.020	   447.311	    10291211.0	    88951392.0	
    69	  2000	   282	     1	     0.000	   138.143	      22308.4	     178938.0	    36.000	   105.223	     0.000	   141.223	     0.020	   447.297	    10281995.0	    88840160.0	
    69	  2000	   283	     1	     0.000	   138.799	      37143.6	       8420.6	    36.000	   104.592	     0.000	   140.592	     0.020	   447.273	    10266631.0	    88654808.0	
    69	  2000	   284	     1	     0.000	   138.148	      47557.3	       4210.3	    36.000	   101.796	     0.000	   137.796	     0.020	   447.272	    10265419.0	    88640184.0	
    69	  2000	   285	     1	     0.000	   137.438	      37716.4	      90521.6	    36.000	   100.917	     0.000	   136.917	     0.020	   447.284	    10273390.0	    88736336.0	
    69	  2000	   286	     1	     0.000	   136.083	      43221.6	      48418.5	    36.000	   100.674	     0.000	   136.674	     0.020	   447.278	    10269444.0	    88688728.0	
    69	  2000	   287	     1	     0.000	   134.702	      47317.1	     170517.4	    36.000	    98.742	     0.000	   134.742	     0.020	   447.293	    10279225.0	    88806728.0	
    69	  2000	   288	     1	     0.000	   133.541	      43262.9	      70522.6	    36.000	    98.947	     0.000	   134.947	     0.020	   447.281	    10271272.0	    88710784.0	
    69	  2000	   289	     1	     0.000	   132.267	      33894.8	     188411.2	    36.000	    96.563	     0.000	   132.563	     0.020	   447.297	    10281820.0	    88838048.0	
    69	  2000	   290	     1	     0.000	   130.970	      24830.1	     238934.9	    36.000	    96.739	     0.000	   132.739	     0.020	   447.304	    10286757.0	    88897632.0	
    69	  2000	   291	     1	     0.000	   127.912	      67626.9	       8420.6	    36.000	    94.370	     0.000	   130.370	     0.020	   447.270	    10264103.0	    88624320.0	
    69	  2000	   292	     1	     0.000	   126.033	      76134.6	          0.0	    36.000	    89.327	     0.000	   125.327	     0.020	   447.267	    10262699.0	    88607392.0	
    69	  2000	   293	     1	     0.000	   124.688	      72781.8	       2105.2	    36.000	    87.787	     0.000	   123.787	     0.020	   447.268	    10263152.0	    88612848.0	
    69	  2000	   294	     1	     0.000	   123.389	      71824.9	       4210.3	    36.000	    86.551	     0.000	   122.551	     0.020	   447.268	    10263406.0	    88615912.0	
    69	  2000	   295	     1	     0.000	   122.287	      71257.9	       4210.3	    36.000	    85.485	     0.000	   121.485	     0.020	   447.269	    10263453.0	    88616480.0	
    69	  2000	   296	     1	     0.000	   120.822	      76751.3	          0.0	    36.000	    84.026	     0.000	   120.026	     0.020	   447.267	    10262648.0	    88606776.0	
    69	  2000	   297	     1	     0.000	   119.417	      79878.2	          0.0	    36.000	    82.509	     0.000	   118.509	     0.020	   447.267	    10262389.0	    88603648.0	
    69	  2000	   298	     1	     0.000	   118.679	      70075.6	       1052.6	    36.000	    81.735	     0.000	   117.735	     0.020	   447.268	    10263289.0	    88614504.0	
    69	  2000	   299	     1	     0.000	   117.848	      66817.1	       2105.2	    36.000	    81.029	     0.000	   117.029	     0.020	   447.269	    10263646.0	    88618816.0	
    69	  2000	   300	     1	     0.000	   117.079	      62703.0	      16841.2	    36.000	    80.310	     0.000	   116.310	     0.020	   447.271	    10265209.0	    88637664.0	
    69	  2000	   301	     1	     0.000	   116.373	      55318.9	      71575.2	    36.000	    79.822	     0.000	   115.822	     0.020	   447.279	    10270360.0	    88699784.0	
    69	  2000	   302	     1	     0.000	   115.633	      49634.6	      52628.8	    36.000	    79.801	     0.000	   115.801	     0.020	   447.278	    10269260.0	    88686520.0	
    69	  2000	   303	     1	     0.000	   114.563	      54878.1	       1052.6	    36.000	    78.578	     0.000	   114.578	     0.020	   447.270	    10264549.0	    88629704.0	
    69	  2000	   304	     1	     0.000	   113.540	      60772.7	      15788.7	    36.000	    76.897	     0.000	   112.897	     0.020	   447.271	    10265283.0	    88638544.0	
    69	  2000	   305	     1	     0.000	   112.989	      54362.7	      51576.3	    36.000	    76.448	     0.000	   112.448	     0.020	   447.277	    10268781.0	    88680744.0	
    69	  2000	   306	     1	     0.000	   112.647	      46809.7	     111573.1	    36.000	    76.595	     0.000	   112.595	     0.020	   447.285	    10274381.0	    88748288.0	
    69	  2000	   307	     1	     0.000	   112.633	      37681.2	     190516.4	    36.000	    77.363	     0.000	   113.363	     0.020	   447.297	    10281681.0	    88836360.0	
    69	  2000	   308	     1	     0.000	   111.685	      52597.7	     148413.3	    36.000	    77.434	     0.000	   113.434	     0.020	   447.289	    10276955.0	    88779344.0	
    69	  2000	   309	     1	     0.000	   111.847	      30889.6	     286300.9	    36.000	    76.936	     0.000	   112.936	     0.020	   447.310	    10290179.0	    88938936.0	
    69	  2000	   310	     1	     0.000	   111.234	      36105.8	     101047.4	    36.000	    78.170	     0.000	   114.170	     0.020	   447.285	    10274396.0	    88748472.0	
    69	  2000	   311	     1	     0.000	   110.988	      32335.7	     184200.9	    36.000	    75.720	     0.000	   111.720	     0.020	   447.297	    10281600.0	    88835392.0	
    69	  2000	   312	     1	     0.000	   110.501	      38375.9	      48418.5	    36.000	    76.239	     0.000	   112.239	     0.020	   447.278	    10269845.0	    88693568.0	
    69	  2000	   313	     1	     0.000	   109.525	      58839.5	      15788.7	    36.000	    73.621	     0.000	   109.621	     0.020	   447.272	    10265443.0	    88640480.0	
    69	  2000	   314	     1	     0.000	   109.043	      63518.7	      53681.4	    36.000	    72.524	     0.000	   108.524	     0.020	   447.276	    10268197.0	    88673688.0	
    69	  2000	   315	     1	     0.000	   110.285	      27971.7	     328403.9	    36.000	    74.152	     0.000	   110.152	     0.020	   447.315	    10293909.0	    88983960.0	
    69	  2000	   316	     1	     0.000	   110.724	      28880.9	     205252.5	    36.000	    78.181	     0.000	   114.181	     0.020	   447.300	    10283631.0	    88859896.0	
    69	  2000	   317	     1	     0.000	   111.159	      33240.4	     147360.8	    36.000	    77.180	     0.000	   113.180	     0.020	   447.292	    10278472.0	    88797648.0	
    69	  2000	   318	     1	     0.000	   111.502	      32987.8	     105257.7	    36.000	    76.802	     0.000	   112.802	     0.020	   447.286	    10275004.0	    88755800.0	
    69	  2000	   319	     1	     0.000	   111.745	      33127.6	     156833.9	    36.000	    76.561	     0.000	   112.561	     0.020	   447.293	    10279267.0	    88807232.0	
    69	  2000	   320	     1	     0.000	   111.458	      36921.5	     121046.3	    36.000	    76.869	     0.000	   112.869	     0.020	   447.288	    10275986.0	    88767656.0	
    69	  2000	   321	     1	     0.000	   112.058	      17188.5	     155781.4	    36.000	    77.011	     0.000	   113.011	     0.020	   447.295	    10280500.0	    88822120.0	
    69	  2000	   322	     1	     0.000	   111.741	      25054.3	     104205.1	    36.000	    77.325	     0.000	   113.325	     0.020	   447.287	    10275574.0	    88762680.0	
    69	  2000	   323	     1	     0.000	   111.339	      38020.2	      99994.8	    36.000	    76.235	     0.000	   112.235	     0.020	   447.285	    10274150.0	    88745504.0	
    69	  2000	   324	     1	     0.000	   111.457	      34306.9	      71575.2	    36.000	    76.155	     0.000	   112.155	     0.020	   447.282	    10272102.0	    88720800.0	
    69	  2000	   325	     1	     0.000	   111.110	      40444.1	     110520.6	    36.000	    75.522	     0.000	   111.522	     0.020	   447.286	    10274822.0	    88753608.0	
    69	  2000	   326	     1	     0.000	   111.214	      28023.2	      81048.4	    36.000	    76.005	     0.000	   112.005	     0.020	   447.284	    10273408.0	    88736552.0	
    69	  2000	   327	     1	     0.000	   109.470	      69667.4	       5262.9	    36.000	    74.063	     0.000	   110.063	     0.020	   447.269	    10263672.0	    88619120.0	
    69	  2000	   328	     1	     0.000	   109.064	      69006.9	       1052.6	    36.000	    72.299	     0.000	   108.299	     0.020	   447.268	    10263378.0	    88615576.0	
    69	  2000	   329	     1	     0.000	   108.495	      74913.5	       1052.6	    36.000	    71.689	     0.000	   107.689	     0.020	   447.268	    10262888.0	    88609664.0	
    69	  2000	   330	     1	     0.000	   108.013	      73918.4	          0.0	    36.000	    71.138	     0.000	   107.138	     0.020	   447.268	    10262883.0	    88609608.0	
    69	  2000	   331	     1	     0.000	   107.540	      72246.8	       1052.6	    36.000	    70.664	     0.000	   106.664	     0.020	   447.268	    10263109.0	    88612336.0	
    69	  2000	   332	     1	     0.000	   106.928	      71397.6	       1052.6	    36.000	    70.084	     0.000	   106.084	     0.020	   447.268	    10263179.0	    88613184.0	
    69	  2000	   333	     1	     0.000	   106.448	      70070.7	       5262.9	    36.000	    69.613	     0.000	   105.613	     0.020	   447.269	    10263639.0	    88618720.0	
    69	  2000	   334	     1	     0.000	   106.672	      53183.5	      58944.3	    36.000	    69.902	     0.000	   105.902	     0.020	   447.278	    10269490.0	    88689288.0	
    69	  2000	   335	     1	     0.000	   106.878	      40302.0	     185253.5	    36.000	    70.924	     0.000	   106.924	     0.020	   447.296	    10281027.0	    88828480.0	
    69	  2001	     1	     1	     0.000	   107.430	      19880.5	     162096.8	    36.000	    73.088	     0.000	   109.088	     0.020	   447.295	    10280801.0	    88825744.0	
    69	  2001	     2	     1	     0.000	   107.927	      16738.1	     277880.2	    36.000	    73.553	     0.000	   109.553	     0.020	   447.310	    10290655.0	    88944672.0	
    69	  2001	     3	     1	     0.000	   108.436	      28395.7	     109468.0	    36.000	    75.439	     0.000	   111.439	     0.020	   447.287	    10275733.0	    88764600.0	
    69	  2001	     4	     1	     0.000	   109.850	      17887.6	     125256.6	    36.000	    74.768	     0.000	   110.768	     0.020	   447.291	    10277912.0	    88790896.0	
    69	  2001	     5	     1	     0.000	   110.602	      36540.4	       5262.9	    36.000	    75.824	     0.000	   111.824	     0.020	   447.273	    10266419.0	    88652248.0	
    69	  2001	     6	     1	     0.000	   112.206	      37882.1	      14736.1	    36.000	    75.824	     0.000	   111.824	     0.020	   447.274	    10267094.0	    88660384.0	
    69	  2001	     7	     1	     0.000	   113.237	      41783.3	       1052.6	    36.000	    76.949	     0.000	   112.949	     0.020	   447.272	    10265635.0	    88642800.0	
    69	  2001	     8	     1	     0.000	   114.387	      38563.0	      10525.8	    36.000	    77.895	     0.000	   113.895	     0.020	   447.274	    10266687.0	    88655488.0	
    69	  2001	     9	     1	     0.000	   115.409	      37971.9	       2105.2	    36.000	    79.064	     0.000	   115.064	     0.020	   447.273	    10266039.0	    88647664.0	
    69	  2001	    10	     1	     0.000	   116.851	      24445.4	       4210.3	    36.000	    80.416	     0.000	   116.416	     0.020	   447.275	    10267335.0	    88663296.0	
    69	  2001	    11	     1	     0.000	   117.551	      27676.3	       2105.2	    36.000	    81.296	     0.000	   117.296	     0.020	   447.274	    10266893.0	    88657960.0	
    69	  2001	    12	     1	     0.000	   118.267	      28710.5	          0.0	    36.000	    81.951	     0.000	   117.951	     0.020	   447.273	    10266632.0	    88654816.0	
    69	  2001	    13	     1	     0.000	   119.003	      28155.8	          0.0	    36.000	    82.651	     0.000	   118.651	     0.020	   447.274	    10266678.0	    88655376.0	
    69	  2001	    14	     1	     0.000	   119.667	      29746.3	          0.0	    36.000	    83.321	     0.000	   119.321	     0.020	   447.273	    10266546.0	    88653784.0	
    69	  2001	    15	     1	     0.000	   120.052	      40071.3	          0.0	    36.000	    83.687	     0.000	   119.687	     0.020	   447.272	    10265690.0	    88643456.0	
    69	  2001	    16	     1	     0.000	   120.825	      37526.2	       1052.6	    36.000	    84.341	     0.000	   120.341	     0.020	   447.272	    10265989.0	    88647056.0	
    69	  2001	    17	     1	     0.000	   121.697	      29924.9	      23156.7	    36.000	    85.255	     0.000	   121.255	     0.020	   447.276	    10268451.0	    88676760.0	
    69	  2001	    18	     1	     0.000	   122.152	      33409.5	      70522.6	    36.000	    86.054	     0.000	   122.054	     0.020	   447.282	    10272089.0	    88720640.0	
    69	  2001	    19	     1	     0.000	   122.681	      34389.1	      50523.7	    36.000	    87.091	     0.000	   123.091	     0.020	   447.279	    10270350.0	    88699664.0	
    69	  2001	    20	     1	     0.000	   124.525	      18173.3	     284195.7	    36.000	    88.692	     0.000	   124.692	     0.020	   447.311	    10291059.0	    88949552.0	
    69	  2001	    21	     1	     0.000	   126.662	      19466.2	     231566.9	    36.000	    93.721	     0.000	   129.721	     0.020	   447.304	    10286592.0	    88895632.0	
    69	  2001	    22	     1	     0.000	   129.165	      19041.8	     219988.5	    36.000	    95.600	     0.000	   131.600	     0.020	   447.303	    10285667.0	    88884472.0	
    69	  2001	    23	     1	     0.000	   131.902	      19012.9	     199989.6	    36.000	    98.207	     0.000	   134.207	     0.020	   447.300	    10284012.0	    88864504.0	
    69	  2001	    24	     1	     0.000	   134.825	      16081.4	     121046.3	    36.000	   100.900	     0.000	   136.900	     0.020	   447.291	    10277713.0	    88788496.0	
    69	  2001	    25	     1	     0.000	   136.533	      22571.1	     149465.9	    36.000	   101.728	     0.000	   137.728	     0.020	   447.293	    10279531.0	    88810424.0	
    69	  2001	    26	     1	     0.000	   137.791	      30836.0	      51576.3	    36.000	   103.240	     0.000	   139.240	     0.020	   447.280	    10270732.0	    88704272.0	
    69	  2001	    27	     1	     0.000	   138.811	      45203.0	      53681.4	    36.000	   103.031	     0.000	   139.031	     0.020	   447.278	    10269716.0	    88692008.0	
    69	  2001	    28	     1	     0.000	   140.554	      43197.9	      42103.1	    36.000	   104.632	     0.000	   140.632	     0.020	   447.277	    10268921.0	    88682432.0	
    69	  2001	    29	     1	     0.000	   142.472	      38112.9	      71575.2	    36.000	   106.439	     0.000	   142.439	     0.020	   447.281	    10271787.0	    88716992.0	
    69	  2001	    30	     1	     0.000	   143.623	      57933.4	      29472.1	    36.000	   107.990	     0.000	   143.990	     0.020	   447.273	    10266653.0	    88655064.0	
    69	  2001	    31	     1	     0.000	   145.084	      70447.4	       3157.7	    36.000	   108.735	     0.000	   144.735	     0.020	   447.269	    10263433.0	    88616240.0	
