 Output files for river discharge q_out (m3/s) (with MAP IDs as in hymo.dat)
 year  day              15            69
  2000     1       102.391       138.811
  2000     2       105.327       142.037
  2000     3       110.532       145.136
  2000     4       112.817       147.522
  2000     5       116.349       150.370
  2000     6       121.037       154.125
  2000     7       123.436       156.517
  2000     8       126.040       160.473
  2000     9       130.122       162.646
  2000    10       132.791       166.379
  2000    11       135.108       171.046
  2000    12       137.465       176.088
  2000    13       139.689       180.635
  2000    14       141.978       185.394
  2000    15       144.221       190.476
  2000    16       146.404       195.271
  2000    17       148.579       200.218
  2000    18       151.800       205.639
  2000    19       155.010       211.817
  2000    20       156.127       215.709
  2000    21       156.588       217.010
  2000    22       157.977       220.678
  2000    23       159.511       224.617
  2000    24       160.980       228.475
  2000    25       162.559       232.069
  2000    26       164.167       235.101
  2000    27       165.632       238.336
  2000    28       167.330       241.629
  2000    29       169.734       245.600
  2000    30       172.501       249.650
  2000    31       172.583       251.676
  2000    32       173.972       252.396
  2000    33       173.697       254.354
  2000    34       174.243       256.431
  2000    35       175.087       258.731
  2000    36       176.291       261.174
  2000    37       177.673       263.563
  2000    38       179.366       266.452
  2000    39       182.438       269.652
  2000    40       185.777       272.437
  2000    41       187.410       276.664
  2000    42       189.284       279.672
  2000    43       189.953       282.615
  2000    44       192.420       285.858
  2000    45       200.669       290.353
  2000    46       213.999       292.879
  2000    47       225.102       293.161
  2000    48       233.033       295.489
  2000    49       232.754       299.165
  2000    50       232.345       303.857
  2000    51       231.609       309.361
  2000    52       231.848       316.714
  2000    53       231.031       323.788
  2000    54       229.965       330.366
  2000    55       228.847       336.250
  2000    56       227.646       341.415
  2000    57       227.871       345.518
  2000    58       229.936       349.848
  2000    59       232.006       352.984
  2000    60       233.598       355.395
  2000    61       234.800       357.190
  2000    62       236.032       358.861
  2000    63       237.353       360.470
  2000    64       238.992       362.843
  2000    65       239.840       364.204
  2000    66       240.511       365.305
  2000    67       241.021       366.397
  2000    68       241.091       367.331
  2000    69       241.501       369.008
  2000    70       241.730       370.138
  2000    71       242.003       371.633
  2000    72       242.091       373.039
  2000    73       243.101       374.638
  2000    74       242.410       374.767
  2000    75       242.053       375.434
  2000    76       242.192       376.152
  2000    77       242.373       376.878
  2000    78       242.221       377.490
  2000    79       241.835       377.529
  2000    80       242.061       377.984
  2000    81       242.500       378.383
  2000    82       240.825       378.209
  2000    83       240.350       378.291
  2000    84       240.369       378.753
  2000    85       239.758       377.426
  2000    86       238.982       376.742
  2000    87       238.686       376.685
  2000    88       238.685       376.811
  2000    89       238.395       376.204
  2000    90       237.884       375.619
  2000    91       237.356       375.490
  2000    92       236.749       374.371
  2000    93       235.861       373.648
  2000    94       235.083       372.595
  2000    95       234.377       371.739
  2000    96       233.716       370.668
  2000    97       232.747       369.411
  2000    98       231.952       368.410
  2000    99       231.164       367.414
  2000   100       230.686       366.828
  2000   101       229.986       366.034
  2000   102       229.494       364.915
  2000   103       228.163       363.337
  2000   104       227.195       362.181
  2000   105       226.290       360.902
  2000   106       225.275       359.568
  2000   107       224.346       358.183
  2000   108       223.521       356.873
  2000   109       222.988       355.974
  2000   110       221.955       354.814
  2000   111       221.287       353.748
  2000   112       220.591       352.940
  2000   113       219.536       351.520
  2000   114       218.163       349.337
  2000   115       217.239       348.365
  2000   116       215.987       346.499
  2000   117       214.796       344.651
  2000   118       213.688       342.957
  2000   119       212.944       341.470
  2000   120       212.088       340.422
  2000   121       210.999       338.790
  2000   122       210.080       337.135
  2000   123       208.690       335.047
  2000   124       207.810       333.818
  2000   125       207.050       332.591
  2000   126       206.048       331.365
  2000   127       204.901       329.163
  2000   128       203.923       328.035
  2000   129       203.184       326.851
  2000   130       202.077       324.873
  2000   131       200.592       322.622
  2000   132       199.399       320.928
  2000   133       198.659       319.861
  2000   134       197.743       317.968
  2000   135       196.471       316.264
  2000   136       195.270       314.450
  2000   137       194.176       312.944
  2000   138       193.131       311.330
  2000   139       192.103       309.824
  2000   140       191.042       308.040
  2000   141       189.937       306.128
  2000   142       189.118       304.554
  2000   143       187.925       302.692
  2000   144       187.171       301.459
  2000   145       185.900       299.408
  2000   146       184.713       297.572
  2000   147       183.621       295.960
  2000   148       182.582       294.312
  2000   149       181.628       292.728
  2000   150       180.690       291.304
  2000   151       179.604       289.538
  2000   152       178.541       287.764
  2000   153       177.577       286.115
  2000   154       176.683       284.707
  2000   155       176.040       283.435
  2000   156       175.238       282.178
  2000   157       174.427       280.566
  2000   158       173.632       278.967
  2000   159       172.191       277.506
  2000   160       170.798       275.223
  2000   161       169.662       273.614
  2000   162       168.809       272.323
  2000   163       167.734       270.419
  2000   164       166.823       268.954
  2000   165       166.174       268.106
  2000   166       165.413       266.451
  2000   167       164.087       264.456
  2000   168       162.866       262.507
  2000   169       161.749       260.985
  2000   170       160.903       259.606
  2000   171       160.068       258.216
  2000   172       158.930       256.294
  2000   173       157.841       254.545
  2000   174       156.858       252.923
  2000   175       156.574       251.698
  2000   176       155.428       250.274
  2000   177       154.523       248.802
  2000   178       153.728       247.625
  2000   179       152.665       246.295
  2000   180       151.625       244.222
  2000   181       150.545       242.404
  2000   182       149.558       240.863
  2000   183       148.808       239.478
  2000   184       148.018       238.270
  2000   185       147.053       236.838
  2000   186       146.036       235.075
  2000   187       145.421       234.298
  2000   188       144.366       232.361
  2000   189       143.314       230.657
  2000   190       142.419       229.321
  2000   191       141.819       228.115
  2000   192       141.092       226.700
  2000   193       140.099       225.124
  2000   194       139.261       223.935
  2000   195       138.808       223.225
  2000   196       137.565       221.060
  2000   197       136.424       219.363
  2000   198       135.547       217.984
  2000   199       134.758       216.663
  2000   200       133.972       215.428
  2000   201       133.089       214.130
  2000   202       132.333       212.746
  2000   203       131.681       211.498
  2000   204       130.780       210.025
  2000   205       130.286       209.159
  2000   206       129.455       207.608
  2000   207       128.699       206.250
  2000   208       127.779       204.845
  2000   209       126.870       203.348
  2000   210       126.094       201.894
  2000   211       125.699       200.986
  2000   212       125.084       199.927
  2000   213       123.687       198.274
  2000   214       122.900       197.029
  2000   215       122.408       196.170
  2000   216       121.920       195.107
  2000   217       121.641       194.344
  2000   218       121.442       194.599
  2000   219       120.431       192.353
  2000   220       120.274       191.567
  2000   221       121.427       191.289
  2000   222       118.702       188.850
  2000   223       116.594       187.117
  2000   224       116.101       186.238
  2000   225       115.183       185.080
  2000   226       114.329       184.129
  2000   227       113.589       182.954
  2000   228       112.836       181.463
  2000   229       112.147       180.292
  2000   230       111.408       178.911
  2000   231       110.873       177.921
  2000   232       110.066       176.393
  2000   233       109.159       175.067
  2000   234       108.411       173.712
  2000   235       107.702       172.454
  2000   236       107.009       171.222
  2000   237       106.446       170.241
  2000   238       106.014       169.121
  2000   239       105.635       168.305
  2000   240       105.432       167.806
  2000   241       105.074       166.949
  2000   242       103.838       165.169
  2000   243       103.020       163.807
  2000   244       102.627       162.861
  2000   245       102.524       162.437
  2000   246       101.417       161.216
  2000   247       100.544       159.978
  2000   248        99.925       158.955
  2000   249        99.401       157.997
  2000   250       100.924       158.527
  2000   251        99.324       157.164
  2000   252        97.365       154.882
  2000   253        96.447       153.594
  2000   254        95.651       152.537
  2000   255        94.967       151.745
  2000   256        94.334       150.837
  2000   257        93.723       149.720
  2000   258        93.330       148.779
  2000   259        92.721       147.715
  2000   260        92.203       146.645
  2000   261        91.568       145.456
  2000   262        91.071       144.589
  2000   263        90.704       143.658
  2000   264        90.212       142.722
  2000   265        89.514       141.793
  2000   266        89.052       140.938
  2000   267        88.553       139.827
  2000   268        87.914       138.965
  2000   269        87.465       138.056
  2000   270        86.779       137.144
  2000   271        86.424       136.417
  2000   272        86.256       135.755
  2000   273        87.128       136.350
  2000   274        88.464       136.590
  2000   275        86.995       135.861
  2000   276        85.815       134.581
  2000   277        84.391       132.662
  2000   278        84.368       132.351
  2000   279        85.725       134.925
  2000   280        86.128       140.423
  2000   281        85.296       139.059
  2000   282        84.408       141.223
  2000   283        84.175       140.592
  2000   284        81.425       137.796
  2000   285        80.814       136.917
  2000   286        80.894       136.674
  2000   287        79.882       134.742
  2000   288        80.130       134.947
  2000   289        80.208       132.563
  2000   290        81.774       132.739
  2000   291        80.848       130.370
  2000   292        77.824       125.327
  2000   293        75.985       123.787
  2000   294        76.050       122.551
  2000   295        75.739       121.485
  2000   296        74.607       120.026
  2000   297        74.084       118.509
  2000   298        73.675       117.735
  2000   299        73.577       117.029
  2000   300        73.396       116.310
  2000   301        73.735       115.822
  2000   302        75.853       115.801
  2000   303        74.462       114.578
  2000   304        72.683       112.897
  2000   305        72.434       112.448
  2000   306        72.503       112.595
  2000   307        72.923       113.363
  2000   308        72.342       113.434
  2000   309        72.544       112.936
  2000   310        72.800       114.170
  2000   311        71.652       111.720
  2000   312        72.814       112.239
  2000   313        70.872       109.621
  2000   314        69.503       108.524
  2000   315        71.217       110.152
  2000   316        75.372       114.181
  2000   317        75.012       113.180
  2000   318        75.717       112.802
  2000   319        75.876       112.561
  2000   320        74.964       112.869
  2000   321        73.867       113.011
  2000   322        72.948       113.325
  2000   323        72.200       112.235
  2000   324        72.725       112.155
  2000   325        71.417       111.522
  2000   326        71.348       112.005
  2000   327        70.470       110.063
  2000   328        70.096       108.299
  2000   329        70.113       107.689
  2000   330        70.427       107.138
  2000   331        70.761       106.664
  2000   332        71.263       106.084
  2000   333        71.570       105.613
  2000   334        72.453       105.902
  2000   335        73.952       106.924
  2001     1        76.307       109.088
  2001     2        77.289       109.553
  2001     3        79.395       111.439
  2001     4        79.376       110.768
  2001     5        80.133       111.824
  2001     6        79.248       111.824
  2001     7        79.437       112.949
  2001     8        79.819       113.895
  2001     9        80.452       115.064
  2001    10        81.373       116.416
  2001    11        81.938       117.296
  2001    12        82.244       117.951
  2001    13        82.709       118.651
  2001    14        83.384       119.321
  2001    15        83.850       119.687
  2001    16        84.468       120.341
  2001    17        85.589       121.255
  2001    18        86.862       122.054
  2001    19        87.367       123.091
  2001    20        88.670       124.692
  2001    21        91.264       129.721
  2001    22        92.596       131.600
  2001    23        94.734       134.207
  2001    24        95.332       136.900
  2001    25        96.629       137.728
  2001    26        97.560       139.240
  2001    27        97.376       139.031
  2001    28        99.196       140.632
  2001    29       100.709       142.439
  2001    30       103.315       143.990
  2001    31       105.466       144.735
