sub-daily contribution to river [m3/s] for all sub-basins (MAP-IDs)
Year	Day	Timestep	15	69
2000	1	1	   93.14856	   51.49009
2000	2	1	  109.81581	   52.63693
2000	3	1	   99.62669	   53.80825
2000	4	1	  100.99682	   55.02136
2000	5	1	  105.12780	   56.50872
2000	6	1	  109.30088	   58.21605
2000	7	1	  111.79619	   60.20266
2000	8	1	  115.97533	   62.04485
2000	9	1	  118.56637	   63.75340
2000	10	1	  119.49555	   65.32512
2000	11	1	  121.27033	   66.77251
2000	12	1	  123.43092	   68.08867
2000	13	1	  125.54771	   69.28754
2000	14	1	  127.21838	   70.36535
2000	15	1	  128.80388	   71.33871
2000	16	1	  130.30457	   72.21152
2000	17	1	  131.67316	   73.01173
2000	18	1	  133.24588	   73.89204
2000	19	1	  134.95560	   75.03416
2000	20	1	  136.50557	   76.07084
2000	21	1	  137.92311	   77.02975
2000	22	1	  139.19728	   77.88836
2000	23	1	  140.34230	   78.65649
2000	24	1	  141.35782	   79.34292
2000	25	1	  142.24301	   79.95941
2000	26	1	  143.02464	   80.50653
2000	27	1	  143.70822	   80.99312
2000	28	1	  144.45891	   81.51991
2000	29	1	  147.16356	   82.18047
2000	30	1	  146.70522	   83.00933
2000	31	1	  148.14137	   83.76928
2000	32	1	  149.52690	   84.48164
2000	33	1	  150.78613	   85.13789
2000	34	1	  151.92300	   85.73241
2000	35	1	  152.93581	   86.25478
2000	36	1	  153.83539	   86.71240
2000	37	1	  154.62000	   87.11202
2000	38	1	  155.38148	   87.48000
2000	39	1	  163.97437	   87.90928
2000	40	1	  158.05347	   90.87882
2000	41	1	  159.96042	  108.57441
2000	42	1	  162.20667	  118.79497
2000	43	1	  166.08418	   92.66896
2000	44	1	  173.76254	   96.42847
2000	45	1	  318.36209	   99.15256
2000	46	1	  181.94749	   99.61130
2000	47	1	  181.47299	  101.63554
2000	48	1	  183.09389	  103.50188
2000	49	1	  185.85420	  105.17630
2000	50	1	  188.43231	  106.69396
2000	51	1	  190.88931	  108.07490
2000	52	1	  192.81029	  109.32090
2000	53	1	  194.60068	  110.44383
2000	54	1	  196.26266	  111.44726
2000	55	1	  197.73701	  112.34073
2000	56	1	  199.03255	  113.13718
2000	57	1	  200.16808	  113.83800
2000	58	1	  201.15826	  114.45449
2000	59	1	  202.02647	  114.99994
2000	60	1	  202.78607	  115.47692
2000	61	1	  203.43701	  115.88556
2000	62	1	  203.97792	  116.23257
2000	63	1	  204.42287	  116.52608
2000	64	1	  204.79745	  116.78051
2000	65	1	  205.10315	  116.99889
2000	66	1	  205.34335	  117.18304
2000	67	1	  205.52176	  117.33511
2000	68	1	  205.63808	  117.45397
2000	69	1	  205.69582	  117.54137
2000	70	1	  205.69897	  117.59351
2000	71	1	  205.65553	  117.61720
2000	72	1	  205.56795	  117.61121
2000	73	1	  205.44984	  117.57953
2000	74	1	  205.28877	  117.51796
2000	75	1	  205.09058	  117.42870
2000	76	1	  204.85213	  117.31302
2000	77	1	  204.58243	  117.17301
2000	78	1	  204.28349	  117.01017
2000	79	1	  203.95634	  116.82501
2000	80	1	  203.68616	  116.62012
2000	81	1	  203.37106	  116.39848
2000	82	1	  203.03328	  116.16023
2000	83	1	  202.66260	  115.90856
2000	84	1	  202.26152	  115.64528
2000	85	1	  201.82796	  115.36555
2000	86	1	  201.36179	  115.06949
2000	87	1	  200.86569	  114.75911
2000	88	1	  200.34465	  114.43732
2000	89	1	  199.80136	  114.10413
2000	90	1	  199.23662	  113.76025
2000	91	1	  198.65178	  113.40813
2000	92	1	  198.04778	  113.04610
2000	93	1	  197.42439	  112.67516
2000	94	1	  196.78171	  112.29449
2000	95	1	  196.12111	  111.90470
2000	96	1	  195.44284	  111.50515
2000	97	1	  194.74463	  111.09462
2000	98	1	  194.02786	  110.67390
2000	99	1	  193.29364	  110.24390
2000	100	1	  192.54498	  109.80616
2000	101	1	  191.78415	  109.36235
2000	102	1	  191.01381	  108.91270
2000	103	1	  190.23157	  108.45695
2000	104	1	  189.43907	  107.99608
2000	105	1	  188.63620	  107.53004
2000	106	1	  187.82217	  107.05853
2000	107	1	  186.99838	  106.58105
2000	108	1	  186.16548	  106.09820
2000	109	1	  185.32652	  105.61154
2000	110	1	  184.48058	  105.12167
2000	111	1	  183.63019	  104.62979
2000	112	1	  182.77634	  104.13715
2000	113	1	  181.91890	  103.64367
2000	114	1	  181.05693	  103.14815
2000	115	1	  180.19182	  102.65199
2000	116	1	  179.32239	  102.15420
2000	117	1	  178.44797	  101.65430
2000	118	1	  177.56866	  101.15186
2000	119	1	  176.68634	  100.64732
2000	120	1	  175.80099	  100.14168
2000	121	1	  174.91266	   99.63471
2000	122	1	  174.02255	   99.12681
2000	123	1	  173.12958	   98.61720
2000	124	1	  172.23555	   98.10721
2000	125	1	  171.34146	   97.59726
2000	126	1	  170.44753	   97.08794
2000	127	1	  169.55380	   96.57862
2000	128	1	  168.66115	   96.07035
2000	129	1	  167.77020	   95.56340
2000	130	1	  166.88033	   95.05717
2000	131	1	  165.99069	   94.55126
2000	132	1	  165.10144	   94.04578
2000	133	1	  164.21344	   93.54147
2000	134	1	  163.32669	   93.03768
2000	135	1	  162.44077	   92.53461
2000	136	1	  161.55605	   92.03217
2000	137	1	  160.67267	   91.53069
2000	138	1	  159.79083	   91.03018
2000	139	1	  158.91072	   90.53087
2000	140	1	  158.03224	   90.03262
2000	141	1	  157.15540	   89.53537
2000	142	1	  156.28055	   89.03922
2000	143	1	  155.40767	   88.54405
2000	144	1	  154.53754	   88.05050
2000	145	1	  153.66957	   87.55811
2000	146	1	  152.80382	   87.06702
2000	147	1	  151.94016	   86.57616
2000	148	1	  151.07866	   86.08342
2000	149	1	  150.21967	   85.59238
2000	150	1	  149.36346	   85.10325
2000	151	1	  148.50996	   84.61591
2000	152	1	  147.65906	   84.13034
2000	153	1	  146.81097	   83.64658
2000	154	1	  145.96591	   83.16477
2000	155	1	  145.12430	   82.68509
2000	156	1	  144.28632	   82.20764
2000	157	1	  143.45221	   81.73244
2000	158	1	  142.62213	   81.25954
2000	159	1	  141.79549	   80.78896
2000	160	1	  140.97220	   80.32033
2000	161	1	  140.15227	   79.85383
2000	162	1	  139.33578	   79.38946
2000	163	1	  138.52255	   78.92699
2000	164	1	  137.71278	   78.46656
2000	165	1	  136.90680	   78.00851
2000	166	1	  136.10460	   77.55248
2000	167	1	  135.30586	   77.09863
2000	168	1	  134.51059	   76.64671
2000	169	1	  133.71864	   76.19686
2000	170	1	  132.93019	   75.74912
2000	171	1	  132.14516	   75.30344
2000	172	1	  131.36349	   74.85975
2000	173	1	  130.58530	   74.41811
2000	174	1	  129.81053	   73.97851
2000	175	1	  129.03979	   73.54105
2000	176	1	  128.27155	   73.10573
2000	177	1	  127.50591	   72.67262
2000	178	1	  126.74250	   72.24187
2000	179	1	  125.98312	   71.81339
2000	180	1	  125.22781	   71.38703
2000	181	1	  124.47650	   70.96285
2000	182	1	  123.72912	   70.54082
2000	183	1	  122.98582	   70.12095
2000	184	1	  122.24661	   69.70332
2000	185	1	  121.51139	   69.28788
2000	186	1	  120.78016	   68.87458
2000	187	1	  120.05310	   68.46365
2000	188	1	  119.32993	   68.05479
2000	189	1	  118.61081	   67.64819
2000	190	1	  117.89568	   67.24376
2000	191	1	  117.18464	   66.84156
2000	192	1	  116.47755	   66.44156
2000	193	1	  115.77443	   66.04372
2000	194	1	  115.07535	   65.64815
2000	195	1	  114.38042	   65.25491
2000	196	1	  113.68938	   64.86378
2000	197	1	  113.00241	   64.47492
2000	198	1	  112.31942	   64.08829
2000	199	1	  111.64047	   63.70387
2000	200	1	  110.96548	   63.32169
2000	201	1	  110.29441	   62.94168
2000	202	1	  109.62726	   62.56385
2000	203	1	  108.96402	   62.18819
2000	204	1	  108.30460	   61.81465
2000	205	1	  107.64909	   61.44332
2000	206	1	  106.99729	   61.07398
2000	207	1	  106.34934	   60.70678
2000	208	1	  105.70503	   60.34163
2000	209	1	  105.06442	   59.97847
2000	210	1	  104.42744	   59.61729
2000	211	1	  103.79456	   59.25814
2000	212	1	  103.16467	   58.90097
2000	213	1	  102.53855	   58.54575
2000	214	1	  101.91616	   58.19252
2000	215	1	  101.29733	   57.84127
2000	216	1	  100.68262	   57.49197
2000	217	1	  100.07066	   57.14526
2000	218	1	   99.46288	   56.79967
2000	219	1	   98.85963	   56.45637
2000	220	1	   98.27301	   56.11638
2000	221	1	   97.68126	   55.77618
2000	222	1	   97.08582	   55.43895
2000	223	1	   96.50240	   55.10368
2000	224	1	   95.92229	   54.77034
2000	225	1	   95.34523	   54.43880
2000	226	1	   94.77129	   54.10910
2000	227	1	   94.20045	   53.78122
2000	228	1	   93.63266	   53.45510
2000	229	1	   93.06789	   53.13013
2000	230	1	   92.50613	   52.80316
2000	231	1	   91.94744	   52.47814
2000	232	1	   91.39171	   52.15503
2000	233	1	   90.83892	   51.83385
2000	234	1	   90.28913	   51.51455
2000	235	1	   89.74225	   51.19714
2000	236	1	   89.19826	   50.88161
2000	237	1	   88.65720	   50.56795
2000	238	1	   88.11905	   50.25615
2000	239	1	   87.58388	   49.94623
2000	240	1	   87.05179	   49.63821
2000	241	1	   86.52283	   49.33218
2000	242	1	   85.99649	   49.02767
2000	243	1	   85.47334	   48.72518
2000	244	1	   84.95309	   48.42450
2000	245	1	   84.43584	   48.12567
2000	246	1	   83.92130	   47.82858
2000	247	1	   83.40969	   47.53328
2000	248	1	   82.90106	   47.23976
2000	249	1	   82.40250	   46.94838
2000	250	1	   81.90243	   46.65820
2000	251	1	   81.39711	   46.36644
2000	252	1	   80.90176	   46.07794
2000	253	1	   80.40928	   45.79127
2000	254	1	   79.91943	   45.50644
2000	255	1	   79.43221	   45.22340
2000	256	1	   78.94762	   44.94218
2000	257	1	   78.46459	   44.66274
2000	258	1	   77.98118	   44.38509
2000	259	1	   77.50057	   44.10920
2000	260	1	   77.02285	   43.83507
2000	261	1	   76.54797	   43.56266
2000	262	1	   76.07594	   43.29202
2000	263	1	   75.60675	   43.02307
2000	264	1	   75.14036	   42.75584
2000	265	1	   74.67676	   42.49032
2000	266	1	   74.21615	   42.22647
2000	267	1	   73.75796	   41.96429
2000	268	1	   73.30273	   41.70378
2000	269	1	   72.85028	   41.44492
2000	270	1	   72.40051	   41.18772
2000	271	1	   71.95355	   40.93215
2000	272	1	   71.50953	   40.67824
2000	273	1	   71.07989	   40.42717
2000	274	1	   70.63967	   40.18128
2000	275	1	   70.20396	   39.93397
2000	276	1	   69.76704	   39.68015
2000	277	1	   69.33735	   39.43314
2000	278	1	   68.91832	   39.19543
2000	279	1	   68.50397	  117.07984
2000	280	1	   68.09370	   38.71959
2000	281	1	   67.68735	   38.48481
2000	282	1	   67.29163	   38.25457
2000	283	1	   66.88649	   38.01543
2000	284	1	   66.49325	   37.78894
2000	285	1	   66.11266	   37.57451
2000	286	1	   65.72402	   37.35005
2000	287	1	   65.34454	   37.13564
2000	288	1	   64.97051	   36.91797
2000	289	1	   64.61349	   36.71110
2000	290	1	   64.27245	   36.51180
2000	291	1	   63.93288	   36.29808
2000	292	1	   63.58982	   36.09790
2000	293	1	   63.25631	   35.89818
2000	294	1	   62.92379	   35.69880
2000	295	1	   62.59016	   35.49975
2000	296	1	   62.25737	   35.30096
2000	297	1	   61.92490	   35.10250
2000	298	1	   61.59234	   34.90450
2000	299	1	   61.26022	   34.70695
2000	300	1	   60.92908	   34.51032
2000	301	1	   60.62140	   34.31626
2000	302	1	   60.31321	   34.12555
2000	303	1	   60.00261	   33.92488
2000	304	1	   59.70206	   33.73169
2000	305	1	   59.40486	   33.54109
2000	306	1	   59.12004	   33.35751
2000	307	1	   58.84602	   33.17646
2000	308	1	   58.58941	   32.99691
2000	309	1	   58.36322	   36.50457
2000	310	1	   58.14868	   32.67421
2000	311	1	   57.98716	   32.52987
2000	312	1	   57.84338	   32.38065
2000	313	1	   57.69505	   32.22964
2000	314	1	   57.57036	   32.09045
2000	315	1	   80.04873	   72.19057
2000	316	1	   57.53994	   31.89184
2000	317	1	   57.56389	   31.82128
2000	318	1	   57.64743	   31.76501
2000	319	1	   57.78947	   31.73864
2000	320	1	   57.95682	   31.73078
2000	321	1	   58.15098	   31.76462
2000	322	1	   58.36084	   31.81727
2000	323	1	   58.66215	   31.89064
2000	324	1	   58.99238	   31.97762
2000	325	1	   59.37711	   32.09349
2000	326	1	   59.78612	   32.23006
2000	327	1	   60.15985	   32.34129
2000	328	1	   60.50386	   32.44780
2000	329	1	   60.81761	   32.53965
2000	330	1	   61.09844	   32.61682
2000	331	1	   61.34369	   32.68017
2000	332	1	   61.55553	   32.73056
2000	333	1	   61.73486	   32.76887
2000	334	1	   61.89152	   32.80004
2000	335	1	   62.15717	   32.89249
2001	1	1	   62.52488	   33.03073
2001	2	1	   75.86589	   54.09965
2001	3	1	   63.81595	   33.60337
2001	4	1	   64.63319	   33.98664
2001	5	1	   65.40003	   34.33799
2001	6	1	   66.13831	   34.68293
2001	7	1	   66.83735	   35.01084
2001	8	1	   67.50047	   35.32143
2001	9	1	   68.13585	   35.61694
2001	10	1	   68.74986	   35.89799
2001	11	1	   69.33350	   36.16546
2001	12	1	   69.88717	   36.41629
2001	13	1	   70.41209	   36.65354
2001	14	1	   70.90967	   36.87749
2001	15	1	   71.37240	   37.08633
2001	16	1	   71.79721	   37.28094
2001	17	1	   72.24275	   37.46456
2001	18	1	   72.70603	   37.68086
2001	19	1	   73.20565	   37.89863
2001	20	1	   76.23389	   77.42160
2001	21	1	   76.94641	   44.59753
2001	22	1	   86.43618	   44.06685
2001	23	1	   77.77029	   42.65852
2001	24	1	   79.48019	   41.88100
2001	25	1	   81.34007	   43.27112
2001	26	1	   83.06730	   44.64761
2001	27	1	   84.83511	   46.03749
2001	28	1	   86.49622	   47.36492
2001	29	1	   88.37637	   48.77479
2001	30	1	   90.56604	   50.07370
2001	31	1	   93.12015	   51.27983
