daily river flow [m3] for all sub-basins (MAP-IDs)
Year	Day	15	69
2000	1	0.84230E+07	0.39480E+07
2000	2	0.10386E+08	0.40616E+07
2000	3	0.92160E+07	0.41783E+07
2000	4	0.92824E+07	0.42995E+07
2000	5	0.98984E+07	0.44474E+07
2000	6	0.10252E+08	0.46173E+07
2000	7	0.10497E+08	0.48149E+07
2000	8	0.10973E+08	0.49986E+07
2000	9	0.11210E+08	0.51693E+07
2000	10	0.11200E+08	0.53264E+07
2000	11	0.11328E+08	0.54712E+07
2000	12	0.11535E+08	0.56033E+07
2000	13	0.11759E+08	0.57238E+07
2000	14	0.11918E+08	0.58328E+07
2000	15	0.12070E+08	0.59314E+07
2000	16	0.12214E+08	0.60204E+07
2000	17	0.12349E+08	0.61027E+07
2000	18	0.12505E+08	0.61934E+07
2000	19	0.12674E+08	0.63098E+07
2000	20	0.12840E+08	0.64164E+07
2000	21	0.12969E+08	0.65149E+07
2000	22	0.13093E+08	0.66035E+07
2000	23	0.13206E+08	0.66833E+07
2000	24	0.13306E+08	0.67553E+07
2000	25	0.13393E+08	0.68205E+07
2000	26	0.13470E+08	0.68790E+07
2000	27	0.13537E+08	0.69317E+07
2000	28	0.13611E+08	0.69889E+07
2000	29	0.13885E+08	0.70597E+07
2000	30	0.13834E+08	0.71472E+07
2000	31	0.13977E+08	0.72283E+07
2000	32	0.14115E+08	0.73048E+07
2000	33	0.14240E+08	0.73759E+07
2000	34	0.14353E+08	0.74404E+07
2000	35	0.14454E+08	0.74977E+07
2000	36	0.14543E+08	0.75484E+07
2000	37	0.14621E+08	0.75932E+07
2000	38	0.14696E+08	0.76356E+07
2000	39	0.15621E+08	0.76841E+07
2000	40	0.14960E+08	0.80185E+07
2000	41	0.15288E+08	0.10377E+08
2000	42	0.15508E+08	0.10519E+08
2000	43	0.15896E+08	0.81854E+07
2000	44	0.16658E+08	0.85934E+07
2000	45	0.30726E+08	0.89274E+07
2000	46	0.17420E+08	0.89151E+07
2000	47	0.17280E+08	0.91117E+07
2000	48	0.17386E+08	0.93028E+07
2000	49	0.17652E+08	0.94744E+07
2000	50	0.17900E+08	0.96302E+07
2000	51	0.18144E+08	0.97721E+07
2000	52	0.18321E+08	0.99004E+07
2000	53	0.18484E+08	0.10016E+08
2000	54	0.18637E+08	0.10120E+08
2000	55	0.18773E+08	0.10212E+08
2000	56	0.18892E+08	0.10295E+08
2000	57	0.18995E+08	0.10369E+08
2000	58	0.19085E+08	0.10434E+08
2000	59	0.19164E+08	0.10492E+08
2000	60	0.19232E+08	0.10543E+08
2000	61	0.19290E+08	0.10588E+08
2000	62	0.19338E+08	0.10626E+08
2000	63	0.19377E+08	0.10659E+08
2000	64	0.19409E+08	0.10689E+08
2000	65	0.19435E+08	0.10714E+08
2000	66	0.19455E+08	0.10737E+08
2000	67	0.19469E+08	0.10756E+08
2000	68	0.19477E+08	0.10773E+08
2000	69	0.19480E+08	0.10786E+08
2000	70	0.19478E+08	0.10795E+08
2000	71	0.19472E+08	0.10802E+08
2000	72	0.19462E+08	0.10806E+08
2000	73	0.19449E+08	0.10807E+08
2000	74	0.19433E+08	0.10806E+08
2000	75	0.19413E+08	0.10802E+08
2000	76	0.19389E+08	0.10795E+08
2000	77	0.19363E+08	0.10786E+08
2000	78	0.19334E+08	0.10774E+08
2000	79	0.19302E+08	0.10761E+08
2000	80	0.19276E+08	0.10746E+08
2000	81	0.19246E+08	0.10729E+08
2000	82	0.19213E+08	0.10710E+08
2000	83	0.19178E+08	0.10691E+08
2000	84	0.19139E+08	0.10670E+08
2000	85	0.19097E+08	0.10647E+08
2000	86	0.19052E+08	0.10623E+08
2000	87	0.19005E+08	0.10597E+08
2000	88	0.18955E+08	0.10570E+08
2000	89	0.18903E+08	0.10542E+08
2000	90	0.18849E+08	0.10513E+08
2000	91	0.18793E+08	0.10483E+08
2000	92	0.18735E+08	0.10452E+08
2000	93	0.18676E+08	0.10420E+08
2000	94	0.18614E+08	0.10387E+08
2000	95	0.18551E+08	0.10353E+08
2000	96	0.18487E+08	0.10318E+08
2000	97	0.18420E+08	0.10282E+08
2000	98	0.18352E+08	0.10245E+08
2000	99	0.18282E+08	0.10207E+08
2000	100	0.18210E+08	0.10168E+08
2000	101	0.18138E+08	0.10128E+08
2000	102	0.18064E+08	0.10088E+08
2000	103	0.17990E+08	0.10047E+08
2000	104	0.17914E+08	0.10006E+08
2000	105	0.17837E+08	0.99637E+07
2000	106	0.17760E+08	0.99212E+07
2000	107	0.17681E+08	0.98780E+07
2000	108	0.17602E+08	0.98343E+07
2000	109	0.17522E+08	0.97902E+07
2000	110	0.17441E+08	0.97458E+07
2000	111	0.17361E+08	0.97011E+07
2000	112	0.17279E+08	0.96564E+07
2000	113	0.17198E+08	0.96115E+07
2000	114	0.17116E+08	0.95664E+07
2000	115	0.17034E+08	0.95212E+07
2000	116	0.16951E+08	0.94758E+07
2000	117	0.16868E+08	0.94301E+07
2000	118	0.16785E+08	0.93842E+07
2000	119	0.16701E+08	0.93381E+07
2000	120	0.16617E+08	0.92918E+07
2000	121	0.16533E+08	0.92454E+07
2000	122	0.16448E+08	0.91988E+07
2000	123	0.16363E+08	0.91520E+07
2000	124	0.16279E+08	0.91052E+07
2000	125	0.16194E+08	0.90584E+07
2000	126	0.16109E+08	0.90116E+07
2000	127	0.16024E+08	0.89648E+07
2000	128	0.15939E+08	0.89180E+07
2000	129	0.15855E+08	0.88714E+07
2000	130	0.15771E+08	0.88249E+07
2000	131	0.15686E+08	0.87783E+07
2000	132	0.15602E+08	0.87318E+07
2000	133	0.15518E+08	0.86853E+07
2000	134	0.15434E+08	0.86389E+07
2000	135	0.15350E+08	0.85926E+07
2000	136	0.15266E+08	0.85463E+07
2000	137	0.15182E+08	0.85000E+07
2000	138	0.15099E+08	0.84539E+07
2000	139	0.15015E+08	0.84078E+07
2000	140	0.14932E+08	0.83618E+07
2000	141	0.14849E+08	0.83159E+07
2000	142	0.14766E+08	0.82701E+07
2000	143	0.14683E+08	0.82244E+07
2000	144	0.14601E+08	0.81788E+07
2000	145	0.14519E+08	0.81333E+07
2000	146	0.14437E+08	0.80879E+07
2000	147	0.14355E+08	0.80426E+07
2000	148	0.14273E+08	0.79974E+07
2000	149	0.14192E+08	0.79523E+07
2000	150	0.14111E+08	0.79074E+07
2000	151	0.14030E+08	0.78627E+07
2000	152	0.13950E+08	0.78181E+07
2000	153	0.13869E+08	0.77736E+07
2000	154	0.13789E+08	0.77291E+07
2000	155	0.13710E+08	0.76846E+07
2000	156	0.13630E+08	0.76403E+07
2000	157	0.13552E+08	0.75961E+07
2000	158	0.13473E+08	0.75522E+07
2000	159	0.13395E+08	0.75085E+07
2000	160	0.13317E+08	0.74650E+07
2000	161	0.13239E+08	0.74217E+07
2000	162	0.13162E+08	0.73786E+07
2000	163	0.13085E+08	0.73356E+07
2000	164	0.13008E+08	0.72929E+07
2000	165	0.12932E+08	0.72503E+07
2000	166	0.12856E+08	0.72080E+07
2000	167	0.12781E+08	0.71658E+07
2000	168	0.12706E+08	0.71239E+07
2000	169	0.12631E+08	0.70821E+07
2000	170	0.12556E+08	0.70405E+07
2000	171	0.12482E+08	0.69991E+07
2000	172	0.12408E+08	0.69579E+07
2000	173	0.12334E+08	0.69168E+07
2000	174	0.12261E+08	0.68760E+07
2000	175	0.12188E+08	0.68353E+07
2000	176	0.12116E+08	0.67949E+07
2000	177	0.12043E+08	0.67546E+07
2000	178	0.11971E+08	0.67146E+07
2000	179	0.11900E+08	0.66748E+07
2000	180	0.11828E+08	0.66352E+07
2000	181	0.11757E+08	0.65958E+07
2000	182	0.11687E+08	0.65566E+07
2000	183	0.11616E+08	0.65175E+07
2000	184	0.11546E+08	0.64787E+07
2000	185	0.11477E+08	0.64401E+07
2000	186	0.11408E+08	0.64017E+07
2000	187	0.11339E+08	0.63635E+07
2000	188	0.11271E+08	0.63255E+07
2000	189	0.11203E+08	0.62877E+07
2000	190	0.11135E+08	0.62502E+07
2000	191	0.11068E+08	0.62128E+07
2000	192	0.11001E+08	0.61756E+07
2000	193	0.10935E+08	0.61386E+07
2000	194	0.10869E+08	0.61018E+07
2000	195	0.10803E+08	0.60653E+07
2000	196	0.10738E+08	0.60289E+07
2000	197	0.10673E+08	0.59928E+07
2000	198	0.10608E+08	0.59569E+07
2000	199	0.10544E+08	0.59211E+07
2000	200	0.10480E+08	0.58856E+07
2000	201	0.10417E+08	0.58503E+07
2000	202	0.10354E+08	0.58151E+07
2000	203	0.10291E+08	0.57802E+07
2000	204	0.10229E+08	0.57455E+07
2000	205	0.10167E+08	0.57110E+07
2000	206	0.10105E+08	0.56766E+07
2000	207	0.10044E+08	0.56425E+07
2000	208	0.99830E+07	0.56086E+07
2000	209	0.99225E+07	0.55748E+07
2000	210	0.98623E+07	0.55412E+07
2000	211	0.98024E+07	0.55078E+07
2000	212	0.97429E+07	0.54746E+07
2000	213	0.96838E+07	0.54416E+07
2000	214	0.96249E+07	0.54088E+07
2000	215	0.95664E+07	0.53761E+07
2000	216	0.95084E+07	0.53436E+07
2000	217	0.94505E+07	0.53114E+07
2000	218	0.93931E+07	0.52793E+07
2000	219	0.93361E+07	0.52473E+07
2000	220	0.92806E+07	0.52157E+07
2000	221	0.92247E+07	0.51841E+07
2000	222	0.91685E+07	0.51527E+07
2000	223	0.91134E+07	0.51216E+07
2000	224	0.90585E+07	0.50906E+07
2000	225	0.90040E+07	0.50598E+07
2000	226	0.89498E+07	0.50291E+07
2000	227	0.88959E+07	0.49986E+07
2000	228	0.88422E+07	0.49683E+07
2000	229	0.87889E+07	0.49381E+07
2000	230	0.87358E+07	0.49081E+07
2000	231	0.86830E+07	0.48783E+07
2000	232	0.86305E+07	0.48486E+07
2000	233	0.85783E+07	0.48190E+07
2000	234	0.85263E+07	0.47893E+07
2000	235	0.84747E+07	0.47598E+07
2000	236	0.84233E+07	0.47304E+07
2000	237	0.83721E+07	0.47012E+07
2000	238	0.83213E+07	0.46722E+07
2000	239	0.82707E+07	0.46433E+07
2000	240	0.82205E+07	0.46146E+07
2000	241	0.81705E+07	0.45862E+07
2000	242	0.81208E+07	0.45578E+07
2000	243	0.80713E+07	0.45297E+07
2000	244	0.80222E+07	0.45017E+07
2000	245	0.79733E+07	0.44738E+07
2000	246	0.79247E+07	0.44462E+07
2000	247	0.78764E+07	0.44187E+07
2000	248	0.78283E+07	0.43914E+07
2000	249	0.77812E+07	0.43643E+07
2000	250	0.77339E+07	0.43374E+07
2000	251	0.76863E+07	0.43104E+07
2000	252	0.76395E+07	0.42837E+07
2000	253	0.75930E+07	0.42571E+07
2000	254	0.75467E+07	0.42306E+07
2000	255	0.75007E+07	0.42042E+07
2000	256	0.74549E+07	0.41781E+07
2000	257	0.74094E+07	0.41520E+07
2000	258	0.73641E+07	0.41262E+07
2000	259	0.73190E+07	0.41005E+07
2000	260	0.72739E+07	0.40749E+07
2000	261	0.72290E+07	0.40496E+07
2000	262	0.71844E+07	0.40244E+07
2000	263	0.71400E+07	0.39993E+07
2000	264	0.70960E+07	0.39744E+07
2000	265	0.70522E+07	0.39497E+07
2000	266	0.70086E+07	0.39251E+07
2000	267	0.69653E+07	0.39007E+07
2000	268	0.69223E+07	0.38765E+07
2000	269	0.68796E+07	0.38524E+07
2000	270	0.68371E+07	0.38284E+07
2000	271	0.67948E+07	0.38046E+07
2000	272	0.67529E+07	0.37810E+07
2000	273	0.67122E+07	0.37576E+07
2000	274	0.66707E+07	0.37347E+07
2000	275	0.66295E+07	0.37116E+07
2000	276	0.65882E+07	0.36880E+07
2000	277	0.65477E+07	0.36650E+07
2000	278	0.65080E+07	0.36429E+07
2000	279	0.64689E+07	0.10727E+08
2000	280	0.64302E+07	0.35985E+07
2000	281	0.63919E+07	0.35767E+07
2000	282	0.63546E+07	0.35554E+07
2000	283	0.63165E+07	0.35332E+07
2000	284	0.62795E+07	0.35123E+07
2000	285	0.62436E+07	0.34924E+07
2000	286	0.62070E+07	0.34716E+07
2000	287	0.61713E+07	0.34517E+07
2000	288	0.61362E+07	0.34316E+07
2000	289	0.61027E+07	0.34125E+07
2000	290	0.60708E+07	0.33942E+07
2000	291	0.60392E+07	0.33746E+07
2000	292	0.60072E+07	0.33562E+07
2000	293	0.59761E+07	0.33378E+07
2000	294	0.59451E+07	0.33194E+07
2000	295	0.59140E+07	0.33011E+07
2000	296	0.58829E+07	0.32828E+07
2000	297	0.58519E+07	0.32645E+07
2000	298	0.58208E+07	0.32462E+07
2000	299	0.57898E+07	0.32280E+07
2000	300	0.57589E+07	0.32099E+07
2000	301	0.57302E+07	0.31920E+07
2000	302	0.57016E+07	0.31744E+07
2000	303	0.56729E+07	0.31559E+07
2000	304	0.56451E+07	0.31381E+07
2000	305	0.56177E+07	0.31205E+07
2000	306	0.55915E+07	0.31036E+07
2000	307	0.55665E+07	0.30870E+07
2000	308	0.55435E+07	0.30707E+07
2000	309	0.55236E+07	0.34097E+07
2000	310	0.55049E+07	0.30416E+07
2000	311	0.54916E+07	0.30289E+07
2000	312	0.54804E+07	0.30157E+07
2000	313	0.54688E+07	0.30024E+07
2000	314	0.54596E+07	0.29902E+07
2000	315	0.85350E+07	0.63476E+07
2000	316	0.54645E+07	0.29744E+07
2000	317	0.54713E+07	0.29697E+07
2000	318	0.54845E+07	0.29665E+07
2000	319	0.55041E+07	0.29666E+07
2000	320	0.55266E+07	0.29686E+07
2000	321	0.55521E+07	0.29751E+07
2000	322	0.55795E+07	0.29838E+07
2000	323	0.56169E+07	0.29949E+07
2000	324	0.56581E+07	0.30075E+07
2000	325	0.57054E+07	0.30234E+07
2000	326	0.57554E+07	0.30417E+07
2000	327	0.58018E+07	0.30575E+07
2000	328	0.58449E+07	0.30724E+07
2000	329	0.58846E+07	0.30857E+07
2000	330	0.59204E+07	0.30973E+07
2000	331	0.59519E+07	0.31073E+07
2000	332	0.59794E+07	0.31158E+07
2000	333	0.60031E+07	0.31231E+07
2000	334	0.60242E+07	0.31296E+07
2000	335	0.60582E+07	0.31428E+07
2001	1	0.61031E+07	0.31613E+07
2001	2	0.76392E+07	0.60346E+07
2001	3	0.62542E+07	0.32318E+07
2001	4	0.63488E+07	0.32778E+07
2001	5	0.64379E+07	0.33206E+07
2001	6	0.65235E+07	0.33623E+07
2001	7	0.66046E+07	0.34020E+07
2001	8	0.66814E+07	0.34397E+07
2001	9	0.67550E+07	0.34757E+07
2001	10	0.68262E+07	0.35099E+07
2001	11	0.68938E+07	0.35427E+07
2001	12	0.69578E+07	0.35738E+07
2001	13	0.70181E+07	0.36032E+07
2001	14	0.70751E+07	0.36311E+07
2001	15	0.71279E+07	0.36572E+07
2001	16	0.71763E+07	0.36815E+07
2001	17	0.72270E+07	0.37047E+07
2001	18	0.72798E+07	0.37316E+07
2001	19	0.73368E+07	0.37587E+07
2001	20	0.77680E+07	0.83955E+07
2001	21	0.78262E+07	0.45990E+07
2001	22	0.89130E+07	0.45643E+07
2001	23	0.78426E+07	0.43438E+07
2001	24	0.80304E+07	0.42142E+07
2001	25	0.82829E+07	0.43718E+07
2001	26	0.84382E+07	0.45282E+07
2001	27	0.86568E+07	0.46855E+07
2001	28	0.88234E+07	0.48354E+07
2001	29	0.90558E+07	0.49945E+07
2001	30	0.95461E+07	0.51410E+07
2001	31	0.96204E+07	0.52761E+07
