Subasin-ID	year	day	hour	qlateral(m**3/s)	inflow(m**3/s)	evap(m**3)	prec(m**3)	intake(m**3/s)	overflow(m**3/s)	qbottom(m**3/s)	qout(m**3/s)	withdrawal(m**3/s)	elevation(m)	area(m**2)	volume(m**3)
    15	  2000	     1	     1	     0.000	   102.632	      66188.3	      29472.1	    36.000	    66.768	     0.000	   102.768	     0.020	   447.272	    10265968.0	    88646808.0	
    15	  2000	     2	     1	     0.000	   106.155	      42231.7	     201042.2	    36.000	    69.710	     0.000	   105.710	     0.020	   447.297	    10282175.0	    88842336.0	
    15	  2000	     3	     1	     0.000	   109.102	      58866.3	      93679.3	    36.000	    74.920	     0.000	   110.920	     0.020	   447.282	    10271899.0	    88718344.0	
    15	  2000	     4	     1	     0.000	   112.832	      58324.2	      35787.6	    36.000	    77.215	     0.000	   113.215	     0.020	   447.274	    10267144.0	    88660992.0	
    15	  2000	     5	     1	     0.000	   117.040	      37296.1	     158939.1	    36.000	    80.759	     0.000	   116.759	     0.020	   447.293	    10279095.0	    88805168.0	
    15	  2000	     6	     1	     0.000	   120.068	      31942.2	     126309.2	    36.000	    85.456	     0.000	   121.456	     0.020	   447.289	    10276835.0	    88777896.0	
    15	  2000	     7	     1	     0.000	   122.795	      41891.1	      83153.6	    36.000	    87.867	     0.000	   123.867	     0.020	   447.282	    10272433.0	    88724792.0	
    15	  2000	     8	     1	     0.000	   126.028	      45083.1	     110520.6	    36.000	    90.485	     0.000	   126.485	     0.020	   447.285	    10274437.0	    88748968.0	
    15	  2000	     9	     1	     0.000	   129.849	      33938.5	      84206.1	    36.000	    94.586	     0.000	   130.586	     0.020	   447.284	    10273179.0	    88733792.0	
    15	  2000	    10	     1	     0.000	   132.711	      49089.7	      34735.0	    36.000	    97.273	     0.000	   133.273	     0.020	   447.275	    10267822.0	    88669176.0	
    15	  2000	    11	     1	     0.000	   135.798	      51751.6	      15788.7	    36.000	    99.612	     0.000	   135.612	     0.020	   447.273	    10266031.0	    88647568.0	
    15	  2000	    12	     1	     0.000	   138.429	      56882.3	      13683.5	    36.000	   101.993	     0.000	   137.993	     0.020	   447.272	    10265431.0	    88640328.0	
    15	  2000	    13	     1	     0.000	   140.762	      60358.1	      23156.7	    36.000	   104.242	     0.000	   140.242	     0.020	   447.272	    10265928.0	    88646328.0	
    15	  2000	    14	     1	     0.000	   143.008	      65168.0	      15788.7	    36.000	   106.557	     0.000	   142.557	     0.020	   447.271	    10264918.0	    88634152.0	
    15	  2000	    15	     1	     0.000	   145.418	      66152.2	       9473.2	    36.000	   108.826	     0.000	   144.826	     0.020	   447.270	    10264312.0	    88626848.0	
    15	  2000	    16	     1	     0.000	   147.712	      65215.4	       6315.5	    36.000	   111.036	     0.000	   147.036	     0.020	   447.270	    10264129.0	    88624632.0	
    15	  2000	    17	     1	     0.000	   149.939	      60710.0	      50523.7	    36.000	   113.237	     0.000	   149.237	     0.020	   447.276	    10268168.0	    88673344.0	
    15	  2000	    18	     1	     0.000	   152.623	      40321.5	     111573.1	    36.000	   116.485	     0.000	   152.485	     0.020	   447.286	    10274919.0	    88754776.0	
    15	  2000	    19	     1	     0.000	   154.916	      28190.1	      98942.2	    36.000	   119.721	     0.000	   155.721	     0.020	   447.286	    10274877.0	    88754280.0	
    15	  2000	    20	     1	     0.000	   156.061	      46033.5	      33682.5	    36.000	   120.860	     0.000	   156.860	     0.020	   447.276	    10267989.0	    88671176.0	
    15	  2000	    21	     1	     0.000	   157.508	      56269.6	      23156.7	    36.000	   121.346	     0.000	   157.346	     0.020	   447.273	    10266267.0	    88650416.0	
    15	  2000	    22	     1	     0.000	   159.163	      60768.5	       7368.0	    36.000	   122.759	     0.000	   158.759	     0.020	   447.270	    10264585.0	    88630128.0	
    15	  2000	    23	     1	     0.000	   160.957	      59940.3	       3157.7	    36.000	   124.319	     0.000	   160.319	     0.020	   447.270	    10264304.0	    88626744.0	
    15	  2000	    24	     1	     0.000	   162.489	      63622.2	       6315.5	    36.000	   125.812	     0.000	   161.812	     0.020	   447.270	    10264261.0	    88626224.0	
    15	  2000	    25	     1	     0.000	   164.100	      62841.9	      14736.1	    36.000	   127.417	     0.000	   163.417	     0.020	   447.271	    10265024.0	    88635424.0	
    15	  2000	    26	     1	     0.000	   165.626	      61684.0	      10525.8	    36.000	   129.049	     0.000	   165.049	     0.020	   447.271	    10264770.0	    88632368.0	
    15	  2000	    27	     1	     0.000	   167.150	      57701.2	      15788.7	    36.000	   130.538	     0.000	   166.538	     0.020	   447.272	    10265537.0	    88641616.0	
    15	  2000	    28	     1	     0.000	   168.765	      48432.5	      86311.3	    36.000	   132.260	     0.000	   168.260	     0.020	   447.282	    10272153.0	    88721408.0	
    15	  2000	    29	     1	     0.000	   170.268	      40821.1	     184200.9	    36.000	   134.686	     0.000	   170.686	     0.020	   447.295	    10280897.0	    88826904.0	
    15	  2000	    30	     1	     0.000	   171.837	      31334.3	     103152.5	    36.000	   137.477	     0.000	   173.477	     0.020	   447.286	    10274966.0	    88755344.0	
    15	  2000	    31	     1	     0.000	   172.770	      38006.4	     137887.5	    36.000	   137.581	     0.000	   173.581	     0.020	   447.290	    10277292.0	    88783408.0	
    15	  2000	    32	     1	     0.000	   173.859	      40939.1	      52628.8	    36.000	   138.995	     0.000	   174.995	     0.020	   447.279	    10269981.0	    88695216.0	
    15	  2000	    33	     1	     0.000	   174.631	      51416.9	      23156.7	    36.000	   138.746	     0.000	   174.746	     0.020	   447.274	    10266669.0	    88655264.0	
    15	  2000	    34	     1	     0.000	   175.669	      56921.5	      11578.3	    36.000	   139.321	     0.000	   175.321	     0.020	   447.271	    10265253.0	    88638184.0	
    15	  2000	    35	     1	     0.000	   176.741	      62690.6	       5262.9	    36.000	   140.196	     0.000	   176.196	     0.020	   447.270	    10264251.0	    88626104.0	
    15	  2000	    36	     1	     0.000	   178.119	      61226.2	       8420.6	    36.000	   141.434	     0.000	   177.434	     0.020	   447.270	    10264634.0	    88630720.0	
    15	  2000	    37	     1	     0.000	   179.481	      59786.7	       2105.2	    36.000	   142.850	     0.000	   178.850	     0.020	   447.270	    10264230.0	    88625848.0	
    15	  2000	    38	     1	     0.000	   181.266	      46867.7	      56839.1	    36.000	   144.578	     0.000	   180.578	     0.020	   447.278	    10269839.0	    88693496.0	
    15	  2000	    39	     1	     0.000	   183.592	      25445.0	     205252.5	    36.000	   147.687	     0.000	   183.687	     0.020	   447.300	    10283915.0	    88863336.0	
    15	  2000	    40	     1	     0.000	   184.999	      32145.4	     156833.9	    36.000	   151.060	     0.000	   187.060	     0.020	   447.293	    10279348.0	    88808216.0	
    15	  2000	    41	     1	     0.000	   187.307	      19151.9	     167359.7	    36.000	   152.730	     0.000	   188.730	     0.020	   447.296	    10281297.0	    88831736.0	
    15	  2000	    42	     1	     0.000	   188.948	      22996.8	     121046.3	    36.000	   154.643	     0.000	   190.643	     0.020	   447.290	    10277140.0	    88781576.0	
    15	  2000	    43	     1	     0.000	   190.241	      32115.4	     141045.3	    36.000	   155.355	     0.000	   191.355	     0.020	   447.291	    10278042.0	    88792456.0	
    15	  2000	    44	     1	     0.000	   192.635	      26940.3	     168412.3	    36.000	   157.876	     0.000	   193.876	     0.020	   447.295	    10280739.0	    88825000.0	
    15	  2000	    45	     1	     0.000	   200.807	      18277.0	     248408.1	    36.000	   166.424	     0.000	   202.424	     0.020	   447.306	    10288085.0	    88913656.0	
    15	  2000	    46	     1	     0.000	   213.654	      32746.8	      88416.4	    36.000	   180.297	     0.000	   216.297	     0.020	   447.284	    10273628.0	    88739200.0	
    15	  2000	    47	     1	     0.000	   227.336	      36692.9	      31577.3	    36.000	   191.960	     0.000	   227.960	     0.020	   447.276	    10268588.0	    88678416.0	
    15	  2000	    48	     1	     0.000	   236.344	      49778.8	       8420.6	    36.000	   200.265	     0.000	   236.265	     0.020	   447.272	    10265583.0	    88642168.0	
    15	  2000	    49	     1	     0.000	   236.440	      52798.2	       7368.0	    36.000	   199.942	     0.000	   235.942	     0.020	   447.271	    10265245.0	    88638096.0	
    15	  2000	    50	     1	     0.000	   236.028	      52794.2	       8420.6	    36.000	   199.482	     0.000	   235.482	     0.020	   447.271	    10265333.0	    88639152.0	
    15	  2000	    51	     1	     0.000	   235.231	      60300.1	      19999.0	    36.000	   198.697	     0.000	   234.697	     0.020	   447.272	    10265671.0	    88643224.0	
    15	  2000	    52	     1	     0.000	   235.381	      46921.0	      14736.1	    36.000	   198.894	     0.000	   234.894	     0.020	   447.273	    10266344.0	    88651344.0	
    15	  2000	    53	     1	     0.000	   234.420	      54233.4	       8420.6	    36.000	   198.027	     0.000	   234.027	     0.020	   447.271	    10265213.0	    88637712.0	
    15	  2000	    54	     1	     0.000	   233.460	      56795.4	       5262.9	    36.000	   196.910	     0.000	   232.910	     0.020	   447.271	    10264739.0	    88631992.0	
    15	  2000	    55	     1	     0.000	   232.352	      57109.4	       6315.5	    36.000	   195.735	     0.000	   231.735	     0.020	   447.271	    10264801.0	    88632736.0	
    15	  2000	    56	     1	     0.000	   231.079	      56680.9	       9473.2	    36.000	   194.471	     0.000	   230.471	     0.020	   447.271	    10265098.0	    88636320.0	
    15	  2000	    57	     1	     0.000	   231.273	      59223.8	       6315.5	    36.000	   194.707	     0.000	   230.707	     0.020	   447.270	    10264625.0	    88630616.0	
    15	  2000	    58	     1	     0.000	   233.496	      54359.3	       9473.2	    36.000	   196.864	     0.000	   232.864	     0.020	   447.271	    10265291.0	    88638640.0	
    15	  2000	    59	     1	     0.000	   235.560	      51065.4	      12630.9	    36.000	   199.021	     0.000	   235.021	     0.020	   447.272	    10265826.0	    88645096.0	
    15	  2000	    60	     1	     0.000	   237.156	      53658.1	      10525.8	    36.000	   200.691	     0.000	   236.691	     0.020	   447.272	    10265436.0	    88640392.0	
    15	  2000	    61	     1	     0.000	   238.486	      57651.0	       1052.6	    36.000	   201.966	     0.000	   237.966	     0.020	   447.270	    10264319.0	    88626928.0	
    15	  2000	    62	     1	     0.000	   239.942	      54908.2	       2105.2	    36.000	   203.267	     0.000	   239.267	     0.020	   447.270	    10264634.0	    88630728.0	
    15	  2000	    63	     1	     0.000	   241.282	      51135.5	      10525.8	    36.000	   204.651	     0.000	   240.651	     0.020	   447.272	    10265645.0	    88642920.0	
    15	  2000	    64	     1	     0.000	   242.841	      39445.5	       5262.9	    36.000	   206.351	     0.000	   242.351	     0.020	   447.273	    10266178.0	    88649344.0	
    15	  2000	    65	     1	     0.000	   243.667	      40501.7	       4210.3	    36.000	   207.251	     0.000	   243.251	     0.020	   447.272	    10266004.0	    88647240.0	
    15	  2000	    66	     1	     0.000	   244.410	      40588.4	       5262.9	    36.000	   207.970	     0.000	   243.970	     0.020	   447.273	    10266083.0	    88648200.0	
    15	  2000	    67	     1	     0.000	   244.953	      42493.1	       7368.0	    36.000	   208.524	     0.000	   244.524	     0.020	   447.273	    10266100.0	    88648400.0	
    15	  2000	    68	     1	     0.000	   245.058	      51500.2	       8420.6	    36.000	   208.631	     0.000	   244.631	     0.020	   447.272	    10265440.0	    88640448.0	
    15	  2000	    69	     1	     0.000	   245.597	      49162.9	       8420.6	    36.000	   209.079	     0.000	   245.079	     0.020	   447.272	    10265634.0	    88642784.0	
    15	  2000	    70	     1	     0.000	   245.831	      51445.4	      19999.0	    36.000	   209.340	     0.000	   245.340	     0.020	   447.273	    10266405.0	    88652080.0	
    15	  2000	    71	     1	     0.000	   246.025	      52818.0	      13683.5	    36.000	   209.641	     0.000	   245.641	     0.020	   447.272	    10265767.0	    88644392.0	
    15	  2000	    72	     1	     0.000	   246.230	      52361.6	       8420.6	    36.000	   209.757	     0.000	   245.757	     0.020	   447.272	    10265369.0	    88639584.0	
    15	  2000	    73	     1	     0.000	   247.327	      31417.2	      18946.4	    36.000	   210.799	     0.000	   246.799	     0.020	   447.276	    10267978.0	    88671056.0	
    15	  2000	    74	     1	     0.000	   246.286	      54674.4	       5262.9	    36.000	   210.121	     0.000	   246.121	     0.020	   447.271	    10264916.0	    88634120.0	
    15	  2000	    75	     1	     0.000	   246.377	      52590.3	       7368.0	    36.000	   209.785	     0.000	   245.785	     0.020	   447.271	    10265262.0	    88638304.0	
    15	  2000	    76	     1	     0.000	   246.486	      48961.0	      17893.8	    36.000	   209.943	     0.000	   245.943	     0.020	   447.273	    10266437.0	    88652464.0	
    15	  2000	    77	     1	     0.000	   246.520	      45839.9	      10525.8	    36.000	   210.141	     0.000	   246.141	     0.020	   447.273	    10266085.0	    88648216.0	
    15	  2000	    78	     1	     0.000	   246.431	      44316.2	      11578.3	    36.000	   210.003	     0.000	   246.003	     0.020	   447.273	    10266298.0	    88650792.0	
    15	  2000	    79	     1	     0.000	   246.027	      48568.2	      21051.5	    36.000	   209.628	     0.000	   245.628	     0.020	   447.274	    10266730.0	    88656008.0	
    15	  2000	    80	     1	     0.000	   246.206	      39517.5	      69470.1	    36.000	   209.868	     0.000	   245.868	     0.020	   447.281	    10271496.0	    88713480.0	
    15	  2000	    81	     1	     0.000	   245.989	      38236.8	      16841.2	    36.000	   210.316	     0.000	   246.316	     0.020	   447.274	    10267239.0	    88662136.0	
    15	  2000	    82	     1	     0.000	   244.911	      54788.2	          0.0	    36.000	   208.644	     0.000	   244.644	     0.020	   447.270	    10264469.0	    88628736.0	
    15	  2000	    83	     1	     0.000	   244.832	      49573.1	          0.0	    36.000	   208.178	     0.000	   244.178	     0.020	   447.271	    10264902.0	    88633952.0	
    15	  2000	    84	     1	     0.000	   244.799	      42839.2	       3157.7	    36.000	   208.205	     0.000	   244.205	     0.020	   447.272	    10265722.0	    88643848.0	
    15	  2000	    85	     1	     0.000	   244.075	      50341.8	          0.0	    36.000	   207.596	     0.000	   243.596	     0.020	   447.271	    10264838.0	    88633184.0	
    15	  2000	    86	     1	     0.000	   243.425	      55695.3	          0.0	    36.000	   206.822	     0.000	   242.822	     0.020	   447.270	    10264394.0	    88627832.0	
    15	  2000	    87	     1	     0.000	   243.195	      51425.4	          0.0	    36.000	   206.530	     0.000	   242.530	     0.020	   447.271	    10264749.0	    88632104.0	
    15	  2000	    88	     1	     0.000	   243.148	      42541.1	       2105.2	    36.000	   206.533	     0.000	   242.533	     0.020	   447.272	    10265660.0	    88643096.0	
    15	  2000	    89	     1	     0.000	   242.732	      40870.9	       6315.5	    36.000	   206.244	     0.000	   242.244	     0.020	   447.273	    10266148.0	    88648976.0	
    15	  2000	    90	     1	     0.000	   242.151	      42000.1	       6315.5	    36.000	   205.731	     0.000	   241.731	     0.020	   447.273	    10266053.0	    88647840.0	
    15	  2000	    91	     1	     0.000	   241.633	      41053.8	       3157.7	    36.000	   205.200	     0.000	   241.200	     0.020	   447.272	    10265870.0	    88645632.0	
    15	  2000	    92	     1	     0.000	   241.047	      40862.0	       1052.6	    36.000	   204.589	     0.000	   240.589	     0.020	   447.272	    10265712.0	    88643720.0	
    15	  2000	    93	     1	     0.000	   240.174	      46223.4	       1052.6	    36.000	   203.693	     0.000	   239.693	     0.020	   447.271	    10265267.0	    88638360.0	
    15	  2000	    94	     1	     0.000	   239.451	      47729.4	          0.0	    36.000	   202.908	     0.000	   238.908	     0.020	   447.271	    10265055.0	    88635800.0	
    15	  2000	    95	     1	     0.000	   238.766	      47808.0	          0.0	    36.000	   202.194	     0.000	   238.194	     0.020	   447.271	    10265048.0	    88635720.0	
    15	  2000	    96	     1	     0.000	   238.097	      47001.1	          0.0	    36.000	   201.523	     0.000	   237.523	     0.020	   447.271	    10265115.0	    88636528.0	
    15	  2000	    97	     1	     0.000	   237.106	      52602.6	          0.0	    36.000	   200.542	     0.000	   236.542	     0.020	   447.270	    10264651.0	    88630928.0	
    15	  2000	    98	     1	     0.000	   236.364	      52311.2	          0.0	    36.000	   199.735	     0.000	   235.735	     0.020	   447.270	    10264675.0	    88631216.0	
    15	  2000	    99	     1	     0.000	   235.561	      52829.3	          0.0	    36.000	   198.935	     0.000	   234.935	     0.020	   447.270	    10264632.0	    88630696.0	
    15	  2000	   100	     1	     0.000	   235.078	      45857.9	          0.0	    36.000	   198.446	     0.000	   234.446	     0.020	   447.271	    10265210.0	    88637672.0	
    15	  2000	   101	     1	     0.000	   234.283	      45178.2	          0.0	    36.000	   197.732	     0.000	   233.732	     0.020	   447.271	    10265266.0	    88638352.0	
    15	  2000	   102	     1	     0.000	   233.769	      37859.6	          0.0	    36.000	   197.227	     0.000	   233.227	     0.020	   447.272	    10265873.0	    88645672.0	
    15	  2000	   103	     1	     0.000	   232.333	      50303.9	          0.0	    36.000	   195.875	     0.000	   231.875	     0.020	   447.271	    10264842.0	    88633224.0	
    15	  2000	   104	     1	     0.000	   231.493	      49289.3	          0.0	    36.000	   194.891	     0.000	   230.891	     0.020	   447.271	    10264925.0	    88634240.0	
    15	  2000	   105	     1	     0.000	   230.557	      49989.8	          0.0	    36.000	   193.967	     0.000	   229.967	     0.020	   447.271	    10264867.0	    88633536.0	
    15	  2000	   106	     1	     0.000	   229.531	      52330.4	          0.0	    36.000	   192.932	     0.000	   228.932	     0.020	   447.270	    10264674.0	    88631200.0	
    15	  2000	   107	     1	     0.000	   228.611	      52011.1	          0.0	    36.000	   191.985	     0.000	   227.985	     0.020	   447.270	    10264700.0	    88631520.0	
    15	  2000	   108	     1	     0.000	   227.762	      49767.6	          0.0	    36.000	   191.140	     0.000	   227.140	     0.020	   447.271	    10264886.0	    88633760.0	
    15	  2000	   109	     1	     0.000	   227.185	      41206.0	       1052.6	    36.000	   190.589	     0.000	   226.589	     0.020	   447.272	    10265683.0	    88643376.0	
    15	  2000	   110	     1	     0.000	   226.018	      45426.2	          0.0	    36.000	   189.534	     0.000	   225.534	     0.020	   447.271	    10265246.0	    88638104.0	
    15	  2000	   111	     1	     0.000	   225.393	      37349.5	       5262.9	    36.000	   188.847	     0.000	   224.847	     0.020	   447.273	    10266352.0	    88651440.0	
    15	  2000	   112	     1	     0.000	   224.522	      34480.4	       5262.9	    36.000	   188.131	     0.000	   224.131	     0.020	   447.273	    10266590.0	    88654312.0	
    15	  2000	   113	     1	     0.000	   223.410	      36787.1	          0.0	    36.000	   187.052	     0.000	   223.052	     0.020	   447.272	    10265962.0	    88646744.0	
    15	  2000	   114	     1	     0.000	   222.099	      43368.7	          0.0	    36.000	   185.653	     0.000	   221.653	     0.020	   447.272	    10265417.0	    88640160.0	
    15	  2000	   115	     1	     0.000	   221.229	      39929.6	          0.0	    36.000	   184.707	     0.000	   220.707	     0.020	   447.272	    10265702.0	    88643600.0	
    15	  2000	   116	     1	     0.000	   219.911	      46403.4	          0.0	    36.000	   183.429	     0.000	   219.429	     0.020	   447.271	    10265165.0	    88637128.0	
    15	  2000	   117	     1	     0.000	   218.770	      48798.9	          0.0	    36.000	   182.213	     0.000	   218.213	     0.020	   447.271	    10264966.0	    88634728.0	
    15	  2000	   118	     1	     0.000	   217.664	      50283.2	          0.0	    36.000	   181.079	     0.000	   217.079	     0.020	   447.271	    10264844.0	    88633248.0	
    15	  2000	   119	     1	     0.000	   216.915	      43562.8	          0.0	    36.000	   180.313	     0.000	   216.313	     0.020	   447.272	    10265400.0	    88639968.0	
    15	  2000	   120	     1	     0.000	   215.956	      41474.8	          0.0	    36.000	   179.432	     0.000	   215.432	     0.020	   447.272	    10265574.0	    88642056.0	
    15	  2000	   121	     1	     0.000	   214.817	      43367.9	          0.0	    36.000	   178.317	     0.000	   214.317	     0.020	   447.272	    10265417.0	    88640160.0	
    15	  2000	   122	     1	     0.000	   213.896	      40194.4	          0.0	    36.000	   177.374	     0.000	   213.374	     0.020	   447.272	    10265680.0	    88643336.0	
    15	  2000	   123	     1	     0.000	   212.440	      49148.0	          0.0	    36.000	   175.955	     0.000	   211.955	     0.020	   447.271	    10264937.0	    88634376.0	
    15	  2000	   124	     1	     0.000	   211.640	      43015.6	          0.0	    36.000	   175.051	     0.000	   211.051	     0.020	   447.272	    10265446.0	    88640512.0	
    15	  2000	   125	     1	     0.000	   210.784	      38038.9	          0.0	    36.000	   174.266	     0.000	   210.266	     0.020	   447.272	    10265858.0	    88645488.0	
    15	  2000	   126	     1	     0.000	   209.698	      38275.6	          0.0	    36.000	   173.238	     0.000	   209.238	     0.020	   447.272	    10265839.0	    88645256.0	
    15	  2000	   127	     1	     0.000	   208.527	      40445.1	          0.0	    36.000	   172.064	     0.000	   208.064	     0.020	   447.272	    10265659.0	    88643080.0	
    15	  2000	   128	     1	     0.000	   207.548	      38106.6	          0.0	    36.000	   171.060	     0.000	   207.060	     0.020	   447.272	    10265853.0	    88645424.0	
    15	  2000	   129	     1	     0.000	   206.758	      31353.0	       1052.6	    36.000	   170.297	     0.000	   206.297	     0.020	   447.273	    10266500.0	    88653224.0	
    15	  2000	   130	     1	     0.000	   205.533	      34702.8	          0.0	    36.000	   169.162	     0.000	   205.162	     0.020	   447.273	    10266135.0	    88648824.0	
    15	  2000	   131	     1	     0.000	   204.069	      43634.3	          0.0	    36.000	   167.647	     0.000	   203.647	     0.020	   447.272	    10265395.0	    88639896.0	
    15	  2000	   132	     1	     0.000	   202.952	      44500.6	          0.0	    36.000	   166.427	     0.000	   202.427	     0.020	   447.271	    10265323.0	    88639024.0	
    15	  2000	   133	     1	     0.000	   202.198	      36854.5	          0.0	    36.000	   165.663	     0.000	   201.663	     0.020	   447.272	    10265957.0	    88646672.0	
    15	  2000	   134	     1	     0.000	   201.167	      35728.8	       1052.6	    36.000	   164.720	     0.000	   200.720	     0.020	   447.273	    10266137.0	    88648848.0	
    15	  2000	   135	     1	     0.000	   199.841	      41572.3	          0.0	    36.000	   163.419	     0.000	   199.419	     0.020	   447.272	    10265565.0	    88641952.0	
    15	  2000	   136	     1	     0.000	   198.692	      43278.8	          0.0	    36.000	   162.191	     0.000	   198.191	     0.020	   447.272	    10265424.0	    88640248.0	
    15	  2000	   137	     1	     0.000	   197.590	      43912.4	          0.0	    36.000	   161.069	     0.000	   197.069	     0.020	   447.272	    10265372.0	    88639616.0	
    15	  2000	   138	     1	     0.000	   196.526	      43678.6	          0.0	    36.000	   159.998	     0.000	   195.998	     0.020	   447.272	    10265391.0	    88639848.0	
    15	  2000	   139	     1	     0.000	   195.468	      43329.7	          0.0	    36.000	   158.943	     0.000	   194.943	     0.020	   447.272	    10265420.0	    88640200.0	
    15	  2000	   140	     1	     0.000	   194.376	      43842.6	          0.0	    36.000	   157.855	     0.000	   193.855	     0.020	   447.272	    10265378.0	    88639688.0	
    15	  2000	   141	     1	     0.000	   193.249	      45213.5	          0.0	    36.000	   156.722	     0.000	   192.722	     0.020	   447.271	    10265263.0	    88638312.0	
    15	  2000	   142	     1	     0.000	   192.421	      39465.1	          0.0	    36.000	   155.878	     0.000	   191.878	     0.020	   447.272	    10265740.0	    88644064.0	
    15	  2000	   143	     1	     0.000	   191.133	      44807.4	          0.0	    36.000	   154.656	     0.000	   190.656	     0.020	   447.271	    10265297.0	    88638720.0	
    15	  2000	   144	     1	     0.000	   190.417	      36413.9	       1052.6	    36.000	   153.878	     0.000	   189.878	     0.020	   447.273	    10266081.0	    88648168.0	
    15	  2000	   145	     1	     0.000	   189.006	      44861.8	          0.0	    36.000	   152.577	     0.000	   188.577	     0.020	   447.271	    10265292.0	    88638664.0	
    15	  2000	   146	     1	     0.000	   187.902	      45951.3	          0.0	    36.000	   151.363	     0.000	   187.363	     0.020	   447.271	    10265202.0	    88637576.0	
    15	  2000	   147	     1	     0.000	   186.796	      47169.3	          0.0	    36.000	   150.244	     0.000	   186.244	     0.020	   447.271	    10265101.0	    88636360.0	
    15	  2000	   148	     1	     0.000	   185.744	      47144.2	          0.0	    36.000	   149.178	     0.000	   185.178	     0.020	   447.271	    10265103.0	    88636384.0	
    15	  2000	   149	     1	     0.000	   184.763	      45409.4	          0.0	    36.000	   148.198	     0.000	   184.198	     0.020	   447.271	    10265247.0	    88638120.0	
    15	  2000	   150	     1	     0.000	   183.779	      43835.8	          0.0	    36.000	   147.233	     0.000	   183.233	     0.020	   447.272	    10265378.0	    88639696.0	
    15	  2000	   151	     1	     0.000	   182.647	      45959.8	          0.0	    36.000	   146.120	     0.000	   182.120	     0.020	   447.271	    10265202.0	    88637568.0	
    15	  2000	   152	     1	     0.000	   181.583	      46505.8	          0.0	    36.000	   145.031	     0.000	   181.031	     0.020	   447.271	    10265156.0	    88637024.0	
    15	  2000	   153	     1	     0.000	   180.598	      45137.1	          0.0	    36.000	   144.040	     0.000	   180.040	     0.020	   447.271	    10265270.0	    88638392.0	
    15	  2000	   154	     1	     0.000	   179.663	      42629.8	          0.0	    36.000	   143.120	     0.000	   179.120	     0.020	   447.272	    10265478.0	    88640896.0	
    15	  2000	   155	     1	     0.000	   178.966	      34208.4	          0.0	    36.000	   142.453	     0.000	   178.453	     0.020	   447.273	    10266176.0	    88649320.0	
    15	  2000	   156	     1	     0.000	   178.041	      31568.2	          0.0	    36.000	   141.625	     0.000	   177.625	     0.020	   447.273	    10266395.0	    88651960.0	
    15	  2000	   157	     1	     0.000	   177.174	      27519.0	       1052.6	    36.000	   140.789	     0.000	   176.789	     0.020	   447.274	    10266818.0	    88657064.0	
    15	  2000	   158	     1	     0.000	   176.294	      23881.7	       1052.6	    36.000	   139.968	     0.000	   175.968	     0.020	   447.274	    10267119.0	    88660696.0	
    15	  2000	   159	     1	     0.000	   174.782	      36275.4	       1052.6	    36.000	   138.498	     0.000	   174.498	     0.020	   447.273	    10266092.0	    88648304.0	
    15	  2000	   160	     1	     0.000	   173.505	      42917.3	          0.0	    36.000	   137.077	     0.000	   173.077	     0.020	   447.272	    10265453.0	    88640608.0	
    15	  2000	   161	     1	     0.000	   172.432	      44505.3	          0.0	    36.000	   135.915	     0.000	   171.915	     0.020	   447.271	    10265323.0	    88639024.0	
    15	  2000	   162	     1	     0.000	   171.572	      40789.9	          0.0	    36.000	   135.037	     0.000	   171.037	     0.020	   447.272	    10265630.0	    88642736.0	
    15	  2000	   163	     1	     0.000	   170.427	      44441.2	          0.0	    36.000	   133.935	     0.000	   169.935	     0.020	   447.271	    10265328.0	    88639088.0	
    15	  2000	   164	     1	     0.000	   169.533	      41776.4	          0.0	    36.000	   132.999	     0.000	   168.999	     0.020	   447.272	    10265548.0	    88641752.0	
    15	  2000	   165	     1	     0.000	   168.830	      34340.4	       1052.6	    36.000	   132.326	     0.000	   168.326	     0.020	   447.273	    10266252.0	    88650240.0	
    15	  2000	   166	     1	     0.000	   167.946	      31602.1	          0.0	    36.000	   131.541	     0.000	   167.541	     0.020	   447.273	    10266392.0	    88651928.0	
    15	  2000	   167	     1	     0.000	   166.572	      41625.8	       1052.6	    36.000	   130.186	     0.000	   166.186	     0.020	   447.272	    10265648.0	    88642952.0	
    15	  2000	   168	     1	     0.000	   165.429	      45833.4	          0.0	    36.000	   128.940	     0.000	   164.940	     0.020	   447.271	    10265212.0	    88637696.0	
    15	  2000	   169	     1	     0.000	   164.347	      48609.8	          0.0	    36.000	   127.796	     0.000	   163.796	     0.020	   447.271	    10264982.0	    88634920.0	
    15	  2000	   170	     1	     0.000	   163.508	      45151.7	       1052.6	    36.000	   126.926	     0.000	   162.926	     0.020	   447.271	    10265356.0	    88639432.0	
    15	  2000	   171	     1	     0.000	   162.596	      43710.3	          0.0	    36.000	   126.066	     0.000	   162.066	     0.020	   447.272	    10265388.0	    88639816.0	
    15	  2000	   172	     1	     0.000	   161.428	      49076.5	          0.0	    36.000	   124.903	     0.000	   160.903	     0.020	   447.271	    10264943.0	    88634448.0	
    15	  2000	   173	     1	     0.000	   160.376	      51544.2	          0.0	    36.000	   123.788	     0.000	   159.788	     0.020	   447.271	    10264738.0	    88631984.0	
    15	  2000	   174	     1	     0.000	   159.397	      52225.2	          0.0	    36.000	   122.780	     0.000	   158.780	     0.020	   447.270	    10264682.0	    88631304.0	
    15	  2000	   175	     1	     0.000	   159.100	      34978.0	          0.0	    36.000	   122.475	     0.000	   158.475	     0.020	   447.273	    10266112.0	    88648552.0	
    15	  2000	   176	     1	     0.000	   157.727	      46269.6	       1052.6	    36.000	   121.302	     0.000	   157.302	     0.020	   447.271	    10265263.0	    88638312.0	
    15	  2000	   177	     1	     0.000	   156.917	      42776.7	       2105.2	    36.000	   120.374	     0.000	   156.374	     0.020	   447.272	    10265640.0	    88642856.0	
    15	  2000	   178	     1	     0.000	   156.046	      41002.5	       1052.6	    36.000	   119.555	     0.000	   155.555	     0.020	   447.272	    10265700.0	    88643576.0	
    15	  2000	   179	     1	     0.000	   154.949	      45385.2	          0.0	    36.000	   118.466	     0.000	   154.466	     0.020	   447.271	    10265249.0	    88638144.0	
    15	  2000	   180	     1	     0.000	   153.948	      47340.0	          0.0	    36.000	   117.402	     0.000	   153.402	     0.020	   447.271	    10265088.0	    88636192.0	
    15	  2000	   181	     1	     0.000	   152.865	      51631.9	          0.0	    36.000	   116.297	     0.000	   152.297	     0.020	   447.271	    10264731.0	    88631896.0	
    15	  2000	   182	     1	     0.000	   151.904	      52767.5	          0.0	    36.000	   115.287	     0.000	   151.287	     0.020	   447.270	    10264637.0	    88630760.0	
    15	  2000	   183	     1	     0.000	   151.144	      48613.9	          0.0	    36.000	   114.513	     0.000	   150.513	     0.020	   447.271	    10264981.0	    88634912.0	
    15	  2000	   184	     1	     0.000	   150.283	      47296.2	          0.0	    36.000	   113.701	     0.000	   149.701	     0.020	   447.271	    10265091.0	    88636232.0	
    15	  2000	   185	     1	     0.000	   149.280	      49959.6	          0.0	    36.000	   112.713	     0.000	   148.713	     0.020	   447.271	    10264870.0	    88633568.0	
    15	  2000	   186	     1	     0.000	   148.271	      52916.9	          0.0	    36.000	   111.673	     0.000	   147.673	     0.020	   447.270	    10264625.0	    88630608.0	
    15	  2000	   187	     1	     0.000	   147.670	      44853.3	       1052.6	    36.000	   111.037	     0.000	   147.037	     0.020	   447.272	    10265381.0	    88639728.0	
    15	  2000	   188	     1	     0.000	   146.485	      52868.5	          0.0	    36.000	   109.958	     0.000	   145.958	     0.020	   447.270	    10264628.0	    88630656.0	
    15	  2000	   189	     1	     0.000	   145.515	      55125.7	          0.0	    36.000	   108.883	     0.000	   144.883	     0.020	   447.270	    10264441.0	    88628400.0	
    15	  2000	   190	     1	     0.000	   144.624	      55344.8	          0.0	    36.000	   107.966	     0.000	   143.966	     0.020	   447.270	    10264424.0	    88628184.0	
    15	  2000	   191	     1	     0.000	   144.006	      48117.6	       1052.6	    36.000	   107.345	     0.000	   143.345	     0.020	   447.271	    10265110.0	    88636464.0	
    15	  2000	   192	     1	     0.000	   143.161	      47280.3	          0.0	    36.000	   106.596	     0.000	   142.596	     0.020	   447.271	    10265092.0	    88636248.0	
    15	  2000	   193	     1	     0.000	   142.147	      51275.6	          0.0	    36.000	   105.580	     0.000	   141.580	     0.020	   447.271	    10264761.0	    88632256.0	
    15	  2000	   194	     1	     0.000	   141.332	      49861.9	          0.0	    36.000	   104.719	     0.000	   140.719	     0.020	   447.271	    10264878.0	    88633664.0	
    15	  2000	   195	     1	     0.000	   140.843	      39436.0	       1052.6	    36.000	   104.246	     0.000	   140.246	     0.020	   447.272	    10265830.0	    88645144.0	
    15	  2000	   196	     1	     0.000	   139.441	      54760.7	          0.0	    36.000	   102.977	     0.000	   138.977	     0.020	   447.270	    10264472.0	    88628768.0	
    15	  2000	   197	     1	     0.000	   138.467	      58258.6	          0.0	    36.000	   101.813	     0.000	   137.813	     0.020	   447.270	    10264182.0	    88625272.0	
    15	  2000	   198	     1	     0.000	   137.608	      58641.3	          0.0	    36.000	   100.914	     0.000	   136.914	     0.020	   447.270	    10264150.0	    88624888.0	
    15	  2000	   199	     1	     0.000	   136.802	      57667.7	          0.0	    36.000	   100.104	     0.000	   136.104	     0.020	   447.270	    10264231.0	    88625864.0	
    15	  2000	   200	     1	     0.000	   135.982	      57226.5	          0.0	    36.000	    99.295	     0.000	   135.295	     0.020	   447.270	    10264267.0	    88626304.0	
    15	  2000	   201	     1	     0.000	   135.073	      59491.2	          0.0	    36.000	    98.390	     0.000	   134.390	     0.020	   447.270	    10264080.0	    88624040.0	
    15	  2000	   202	     1	     0.000	   134.321	      57367.5	          0.0	    36.000	    97.613	     0.000	   133.613	     0.020	   447.270	    10264256.0	    88626160.0	
    15	  2000	   203	     1	     0.000	   133.624	      53806.1	          0.0	    36.000	    96.940	     0.000	   132.940	     0.020	   447.270	    10264551.0	    88629720.0	
    15	  2000	   204	     1	     0.000	   132.660	      58064.4	          0.0	    36.000	    96.018	     0.000	   132.018	     0.020	   447.270	    10264198.0	    88625464.0	
    15	  2000	   205	     1	     0.000	   132.196	      48044.4	          0.0	    36.000	    95.504	     0.000	   131.504	     0.020	   447.271	    10265028.0	    88635480.0	
    15	  2000	   206	     1	     0.000	   131.227	      52721.6	          0.0	    36.000	    94.651	     0.000	   130.651	     0.020	   447.270	    10264641.0	    88630808.0	
    15	  2000	   207	     1	     0.000	   130.504	      50421.3	          0.0	    36.000	    93.874	     0.000	   129.874	     0.020	   447.271	    10264831.0	    88633104.0	
    15	  2000	   208	     1	     0.000	   129.536	      55390.9	          0.0	    36.000	    92.933	     0.000	   128.933	     0.020	   447.270	    10264420.0	    88628136.0	
    15	  2000	   209	     1	     0.000	   128.664	      57743.2	          0.0	    36.000	    92.003	     0.000	   128.003	     0.020	   447.270	    10264224.0	    88625784.0	
    15	  2000	   210	     1	     0.000	   127.895	      57202.3	          0.0	    36.000	    91.206	     0.000	   127.206	     0.020	   447.270	    10264269.0	    88626328.0	
    15	  2000	   211	     1	     0.000	   127.474	      46527.4	      15788.7	    36.000	    90.792	     0.000	   126.792	     0.020	   447.273	    10266464.0	    88652792.0	
    15	  2000	   212	     1	     0.000	   126.532	      51343.5	       4210.3	    36.000	    90.156	     0.000	   126.156	     0.020	   447.271	    10265104.0	    88636392.0	
    15	  2000	   213	     1	     0.000	   125.303	      64816.5	          0.0	    36.000	    88.737	     0.000	   124.737	     0.020	   447.269	    10263638.0	    88618712.0	
    15	  2000	   214	     1	     0.000	   124.701	      59842.9	          0.0	    36.000	    87.931	     0.000	   123.931	     0.020	   447.269	    10264051.0	    88623688.0	
    15	  2000	   215	     1	     0.000	   124.132	      54033.8	          0.0	    36.000	    87.419	     0.000	   123.419	     0.020	   447.270	    10264532.0	    88629496.0	
    15	  2000	   216	     1	     0.000	   123.558	      48443.1	      24209.3	    36.000	    86.913	     0.000	   122.913	     0.020	   447.274	    10267003.0	    88659296.0	
    15	  2000	   217	     1	     0.000	   122.915	      45055.5	       7368.0	    36.000	    86.614	     0.000	   122.614	     0.020	   447.272	    10265888.0	    88645840.0	
    15	  2000	   218	     1	     0.000	   122.855	      24226.5	       5262.9	    36.000	    86.399	     0.000	   122.399	     0.020	   447.275	    10267440.0	    88664568.0	
    15	  2000	   219	     1	     0.000	   121.606	      39265.4	      51576.3	    36.000	    85.366	     0.000	   121.366	     0.020	   447.279	    10270033.0	    88695840.0	
    15	  2000	   220	     1	     0.000	   121.068	      33016.7	     191569.0	    36.000	    85.191	     0.000	   121.191	     0.020	   447.297	    10282154.0	    88842080.0	
    15	  2000	   221	     1	     0.000	   120.510	      27523.2	      70522.6	    36.000	    86.325	     0.000	   122.325	     0.020	   447.283	    10272577.0	    88726528.0	
    15	  2000	   222	     1	     0.000	   119.101	      48076.2	       3157.7	    36.000	    83.578	     0.000	   119.578	     0.020	   447.271	    10265288.0	    88638608.0	
    15	  2000	   223	     1	     0.000	   117.990	      59788.6	       1052.6	    36.000	    81.450	     0.000	   117.450	     0.020	   447.270	    10264142.0	    88624792.0	
    15	  2000	   224	     1	     0.000	   117.639	      48463.8	          0.0	    36.000	    80.939	     0.000	   116.939	     0.020	   447.271	    10264994.0	    88635064.0	
    15	  2000	   225	     1	     0.000	   116.583	      58864.1	          0.0	    36.000	    80.002	     0.000	   116.002	     0.020	   447.270	    10264132.0	    88624664.0	
    15	  2000	   226	     1	     0.000	   115.830	      60147.3	          0.0	    36.000	    79.129	     0.000	   115.129	     0.020	   447.269	    10264025.0	    88623384.0	
    15	  2000	   227	     1	     0.000	   115.087	      61291.2	          0.0	    36.000	    78.371	     0.000	   114.371	     0.020	   447.269	    10263930.0	    88622240.0	
    15	  2000	   228	     1	     0.000	   114.329	      63043.6	          0.0	    36.000	    77.600	     0.000	   113.600	     0.020	   447.269	    10263785.0	    88620488.0	
    15	  2000	   229	     1	     0.000	   113.642	      62753.4	          0.0	    36.000	    76.892	     0.000	   112.892	     0.020	   447.269	    10263809.0	    88620776.0	
    15	  2000	   230	     1	     0.000	   112.882	      64838.8	          0.0	    36.000	    76.136	     0.000	   112.136	     0.020	   447.269	    10263636.0	    88618688.0	
    15	  2000	   231	     1	     0.000	   112.353	      59846.3	          0.0	    36.000	    75.582	     0.000	   111.582	     0.020	   447.269	    10264050.0	    88623680.0	
    15	  2000	   232	     1	     0.000	   111.470	      66049.4	          0.0	    36.000	    74.757	     0.000	   110.757	     0.020	   447.269	    10263536.0	    88617480.0	
    15	  2000	   233	     1	     0.000	   110.617	      71485.9	          0.0	    36.000	    73.832	     0.000	   109.832	     0.020	   447.268	    10263085.0	    88612040.0	
    15	  2000	   234	     1	     0.000	   109.914	      72328.6	          0.0	    36.000	    73.066	     0.000	   109.066	     0.020	   447.268	    10263015.0	    88611200.0	
    15	  2000	   235	     1	     0.000	   109.197	      73711.1	          0.0	    36.000	    72.340	     0.000	   108.340	     0.020	   447.268	    10262900.0	    88609816.0	
    15	  2000	   236	     1	     0.000	   108.503	      74537.0	          0.0	    36.000	    71.629	     0.000	   107.629	     0.020	   447.268	    10262832.0	    88608992.0	
    15	  2000	   237	     1	     0.000	   107.932	      71527.0	          0.0	    36.000	    71.050	     0.000	   107.050	     0.020	   447.268	    10263081.0	    88612000.0	
    15	  2000	   238	     1	     0.000	   107.449	      65819.3	          0.0	    36.000	    70.601	     0.000	   106.601	     0.020	   447.269	    10263555.0	    88617712.0	
    15	  2000	   239	     1	     0.000	   106.988	      59519.7	       1052.6	    36.000	    70.206	     0.000	   106.206	     0.020	   447.270	    10264165.0	    88625064.0	
    15	  2000	   240	     1	     0.000	   106.683	      48249.8	          0.0	    36.000	    69.986	     0.000	   105.986	     0.020	   447.271	    10265012.0	    88635280.0	
    15	  2000	   241	     1	     0.000	   106.190	      43090.7	       6315.5	    36.000	    69.612	     0.000	   105.612	     0.020	   447.272	    10265963.0	    88646752.0	
    15	  2000	   242	     1	     0.000	   104.803	      66910.3	          0.0	    36.000	    68.357	     0.000	   104.357	     0.020	   447.269	    10263464.0	    88616616.0	
    15	  2000	   243	     1	     0.000	   104.318	      61767.5	          0.0	    36.000	    67.524	     0.000	   103.524	     0.020	   447.269	    10263891.0	    88621760.0	
    15	  2000	   244	     1	     0.000	   103.849	      56179.8	       1052.6	    36.000	    67.114	     0.000	   103.114	     0.020	   447.270	    10264441.0	    88628400.0	
    15	  2000	   245	     1	     0.000	   103.654	      41757.3	          0.0	    36.000	    66.996	     0.000	   102.996	     0.020	   447.272	    10265550.0	    88641768.0	
    15	  2000	   246	     1	     0.000	   102.375	      62807.4	          0.0	    36.000	    65.871	     0.000	   101.871	     0.020	   447.269	    10263805.0	    88620720.0	
    15	  2000	   247	     1	     0.000	   101.729	      63343.7	       1052.6	    36.000	    64.982	     0.000	   100.982	     0.020	   447.269	    10263848.0	    88621240.0	
    15	  2000	   248	     1	     0.000	   101.088	      63815.4	       8420.6	    36.000	    64.347	     0.000	   100.347	     0.020	   447.270	    10264420.0	    88628136.0	
    15	  2000	   249	     1	     0.000	   100.468	      63742.2	     127361.8	    36.000	    63.807	     0.000	    99.807	     0.020	   447.285	    10274286.0	    88747144.0	
    15	  2000	   250	     1	     0.000	   100.599	      38934.4	      87363.9	    36.000	    65.315	     0.000	   101.315	     0.020	   447.283	    10273027.0	    88731960.0	
    15	  2000	   251	     1	     0.000	    99.157	      66324.2	       9473.2	    36.000	    63.698	     0.000	    99.698	     0.020	   447.270	    10264299.0	    88626680.0	
    15	  2000	   252	     1	     0.000	    98.401	      71175.3	          0.0	    36.000	    61.723	     0.000	    97.723	     0.020	   447.268	    10263111.0	    88612352.0	
    15	  2000	   253	     1	     0.000	    97.633	      76558.0	          0.0	    36.000	    60.790	     0.000	    96.790	     0.020	   447.267	    10262664.0	    88606968.0	
    15	  2000	   254	     1	     0.000	    96.884	      81481.4	          0.0	    36.000	    59.978	     0.000	    95.978	     0.020	   447.267	    10262256.0	    88602048.0	
    15	  2000	   255	     1	     0.000	    96.242	      82948.4	          0.0	    36.000	    59.279	     0.000	    95.279	     0.020	   447.267	    10262134.0	    88600576.0	
    15	  2000	   256	     1	     0.000	    95.610	      84185.6	          0.0	    36.000	    58.630	     0.000	    94.630	     0.020	   447.266	    10262032.0	    88599344.0	
    15	  2000	   257	     1	     0.000	    94.998	      84904.1	          0.0	    36.000	    58.003	     0.000	    94.003	     0.020	   447.266	    10261972.0	    88598624.0	
    15	  2000	   258	     1	     0.000	    94.598	      78517.1	          0.0	    36.000	    57.596	     0.000	    93.596	     0.020	   447.267	    10262502.0	    88605008.0	
    15	  2000	   259	     1	     0.000	    93.901	      82346.8	          0.0	    36.000	    56.972	     0.000	    92.972	     0.020	   447.267	    10262184.0	    88601184.0	
    15	  2000	   260	     1	     0.000	    93.412	      79190.8	          0.0	    36.000	    56.439	     0.000	    92.439	     0.020	   447.267	    10262446.0	    88604336.0	
    15	  2000	   261	     1	     0.000	    92.726	      82874.1	          0.0	    36.000	    55.790	     0.000	    91.790	     0.020	   447.267	    10262140.0	    88600656.0	
    15	  2000	   262	     1	     0.000	    92.257	      79221.9	          0.0	    36.000	    55.278	     0.000	    91.278	     0.020	   447.267	    10262443.0	    88604304.0	
    15	  2000	   263	     1	     0.000	    91.834	      74054.0	          0.0	    36.000	    54.897	     0.000	    90.897	     0.020	   447.268	    10262872.0	    88609472.0	
    15	  2000	   264	     1	     0.000	    91.267	      73916.4	          0.0	    36.000	    54.390	     0.000	    90.390	     0.020	   447.268	    10262883.0	    88609608.0	
    15	  2000	   265	     1	     0.000	    90.553	      78971.6	       1052.6	    36.000	    53.678	     0.000	    89.678	     0.020	   447.267	    10262551.0	    88605608.0	
    15	  2000	   266	     1	     0.000	    90.123	      74298.6	       9473.2	    36.000	    53.201	     0.000	    89.201	     0.020	   447.269	    10263637.0	    88618704.0	
    15	  2000	   267	     1	     0.000	    89.458	      77880.1	       2105.2	    36.000	    52.688	     0.000	    88.688	     0.020	   447.267	    10262729.0	    88607752.0	
    15	  2000	   268	     1	     0.000	    88.932	      76747.3	       1052.6	    36.000	    52.035	     0.000	    88.035	     0.020	   447.267	    10262736.0	    88607832.0	
    15	  2000	   269	     1	     0.000	    88.468	      73530.3	       1052.6	    36.000	    51.572	     0.000	    87.572	     0.020	   447.268	    10263003.0	    88611048.0	
    15	  2000	   270	     1	     0.000	    87.731	      80031.5	          0.0	    36.000	    50.872	     0.000	    86.872	     0.020	   447.267	    10262376.0	    88603496.0	
    15	  2000	   271	     1	     0.000	    87.450	      70592.1	       1052.6	    36.000	    50.503	     0.000	    86.503	     0.020	   447.268	    10263247.0	    88613992.0	
    15	  2000	   272	     1	     0.000	    87.146	      61996.5	      23156.7	    36.000	    50.322	     0.000	    86.322	     0.020	   447.272	    10265792.0	    88644688.0	
    15	  2000	   273	     1	     0.000	    87.650	      24837.3	     174727.7	    36.000	    51.180	     0.000	    87.180	     0.020	   447.296	    10281437.0	    88833416.0	
    15	  2000	   274	     1	     0.000	    86.788	      36214.0	      95784.5	    36.000	    52.503	     0.000	    88.503	     0.020	   447.285	    10273950.0	    88743096.0	
    15	  2000	   275	     1	     0.000	    86.351	      32623.1	      75785.5	    36.000	    51.020	     0.000	    87.020	     0.020	   447.283	    10272590.0	    88726688.0	
    15	  2000	   276	     1	     0.000	    85.346	      49457.0	      28419.6	    36.000	    49.826	     0.000	    85.826	     0.020	   447.274	    10267268.0	    88662488.0	
    15	  2000	   277	     1	     0.000	    84.653	      55340.6	      25261.8	    36.000	    48.389	     0.000	    84.389	     0.020	   447.273	    10266519.0	    88653448.0	
    15	  2000	   278	     1	     0.000	    84.720	      33932.9	     136835.0	    36.000	    48.352	     0.000	    84.352	     0.020	   447.290	    10277543.0	    88786432.0	
    15	  2000	   279	     1	     0.000	    84.525	      22027.4	     198937.0	    36.000	    49.696	     0.000	    85.696	     0.020	   447.300	    10283676.0	    88860440.0	
    15	  2000	   280	     1	     0.000	    84.058	      20095.0	     198937.0	    36.000	    50.085	     0.000	    86.085	     0.020	   447.300	    10283836.0	    88862368.0	
    15	  2000	   281	     1	     0.000	    83.191	      32880.5	     163149.4	    36.000	    49.241	     0.000	    85.241	     0.020	   447.294	    10279811.0	    88813800.0	
    15	  2000	   282	     1	     0.000	    82.852	      26671.2	     186306.1	    36.000	    48.339	     0.000	    84.339	     0.020	   447.298	    10282244.0	    88843160.0	
    15	  2000	   283	     1	     0.000	    82.266	      29658.2	      18946.4	    36.000	    48.093	     0.000	    84.093	     0.020	   447.276	    10268124.0	    88672816.0	
    15	  2000	   284	     1	     0.000	    81.475	      40389.7	      12630.9	    36.000	    45.331	     0.000	    81.331	     0.020	   447.274	    10266711.0	    88655768.0	
    15	  2000	   285	     1	     0.000	    81.048	      37983.2	      75785.5	    36.000	    44.707	     0.000	    80.707	     0.020	   447.282	    10272146.0	    88721328.0	
    15	  2000	   286	     1	     0.000	    80.357	      45544.1	      44208.2	    36.000	    44.775	     0.000	    80.775	     0.020	   447.277	    10268902.0	    88682192.0	
    15	  2000	   287	     1	     0.000	    79.786	      48925.7	      82101.0	    36.000	    43.750	     0.000	    79.750	     0.020	   447.281	    10271763.0	    88716704.0	
    15	  2000	   288	     1	     0.000	    79.622	      37388.4	     113678.3	    36.000	    43.986	     0.000	    79.986	     0.020	   447.287	    10275337.0	    88759816.0	
    15	  2000	   289	     1	     0.000	    79.189	      36018.5	     263144.2	    36.000	    44.052	     0.000	    80.052	     0.020	   447.306	    10287836.0	    88910656.0	
    15	  2000	   290	     1	     0.000	    78.996	      25909.6	     253671.0	    36.000	    45.605	     0.000	    81.605	     0.020	   447.306	    10287889.0	    88911288.0	
    15	  2000	   291	     1	     0.000	    78.050	      44262.3	      92626.8	    36.000	    44.666	     0.000	    80.666	     0.020	   447.283	    10273022.0	    88731896.0	
    15	  2000	   292	     1	     0.000	    77.091	      63578.2	       5262.9	    36.000	    41.631	     0.000	    77.631	     0.020	   447.270	    10264177.0	    88625216.0	
    15	  2000	   293	     1	     0.000	    76.475	      70388.9	      19999.0	    36.000	    39.780	     0.000	    75.780	     0.020	   447.271	    10264834.0	    88633136.0	
    15	  2000	   294	     1	     0.000	    76.437	      55743.9	      36840.2	    36.000	    39.833	     0.000	    75.833	     0.020	   447.275	    10267445.0	    88664624.0	
    15	  2000	   295	     1	     0.000	    75.749	      65846.8	       9473.2	    36.000	    39.511	     0.000	    75.511	     0.020	   447.270	    10264338.0	    88627152.0	
    15	  2000	   296	     1	     0.000	    75.040	      77079.1	       1052.6	    36.000	    38.367	     0.000	    74.367	     0.020	   447.267	    10262708.0	    88607504.0	
    15	  2000	   297	     1	     0.000	    74.733	      73242.7	       1052.6	    36.000	    37.833	     0.000	    73.833	     0.020	   447.268	    10263026.0	    88611336.0	
    15	  2000	   298	     1	     0.000	    74.269	      75526.0	          0.0	    36.000	    37.413	     0.000	    73.413	     0.020	   447.267	    10262750.0	    88608000.0	
    15	  2000	   299	     1	     0.000	    74.196	      62921.4	       4210.3	    36.000	    37.302	     0.000	    73.302	     0.020	   447.270	    10264144.0	    88624816.0	
    15	  2000	   300	     1	     0.000	    73.810	      62391.2	      25261.8	    36.000	    37.110	     0.000	    73.110	     0.020	   447.272	    10265934.0	    88646400.0	
    15	  2000	   301	     1	     0.000	    73.887	      44074.8	     221041.1	    36.000	    37.437	     0.000	    73.437	     0.020	   447.300	    10283681.0	    88860496.0	
    15	  2000	   302	     1	     0.000	    73.515	      43102.3	     150518.5	    36.000	    39.543	     0.000	    75.543	     0.020	   447.291	    10277916.0	    88790944.0	
    15	  2000	   303	     1	     0.000	    72.918	      50987.0	      37892.8	    36.000	    38.141	     0.000	    74.141	     0.020	   447.275	    10267926.0	    88670432.0	
    15	  2000	   304	     1	     0.000	    72.523	      51276.9	      43155.6	    36.000	    36.351	     0.000	    72.351	     0.020	   447.276	    10268339.0	    88675408.0	
    15	  2000	   305	     1	     0.000	    72.205	      48767.2	      66312.3	    36.000	    36.091	     0.000	    72.091	     0.020	   447.279	    10270467.0	    88701072.0	
    15	  2000	   306	     1	     0.000	    71.965	      43417.8	     123151.5	    36.000	    36.148	     0.000	    72.148	     0.020	   447.287	    10275623.0	    88763264.0	
    15	  2000	   307	     1	     0.000	    71.654	      41073.4	     123151.5	    36.000	    36.557	     0.000	    72.557	     0.020	   447.288	    10275817.0	    88765608.0	
    15	  2000	   308	     1	     0.000	    71.035	      51098.6	     156833.9	    36.000	    35.965	     0.000	    71.965	     0.020	   447.291	    10277778.0	    88789264.0	
    15	  2000	   309	     1	     0.000	    70.952	      40544.4	     187358.6	    36.000	    36.156	     0.000	    72.156	     0.020	   447.296	    10281182.0	    88830344.0	
    15	  2000	   310	     1	     0.000	    70.721	      36317.4	     105257.7	    36.000	    36.400	     0.000	    72.400	     0.020	   447.286	    10274728.0	    88752472.0	
    15	  2000	   311	     1	     0.000	    70.464	      33750.3	     226304.0	    36.000	    35.242	     0.000	    71.242	     0.020	   447.302	    10284971.0	    88876080.0	
    15	  2000	   312	     1	     0.000	    70.185	      32880.9	     119993.7	    36.000	    36.393	     0.000	    72.393	     0.020	   447.288	    10276234.0	    88770640.0	
    15	  2000	   313	     1	     0.000	    69.453	      50852.8	      47365.9	    36.000	    34.441	     0.000	    70.441	     0.020	   447.277	    10268723.0	    88680040.0	
    15	  2000	   314	     1	     0.000	    69.123	      53964.7	      86311.3	    36.000	    33.062	     0.000	    69.062	     0.020	   447.281	    10271694.0	    88715872.0	
    15	  2000	   315	     1	     0.000	    70.409	      30198.4	     288406.0	    36.000	    34.764	     0.000	    70.764	     0.020	   447.310	    10290411.0	    88941736.0	
    15	  2000	   316	     1	     0.000	    71.941	      34194.0	     111573.1	    36.000	    38.909	     0.000	    74.909	     0.020	   447.287	    10275427.0	    88760904.0	
    15	  2000	   317	     1	     0.000	    73.663	      32136.8	      86311.3	    36.000	    38.539	     0.000	    74.539	     0.020	   447.284	    10273504.0	    88737704.0	
    15	  2000	   318	     1	     0.000	    74.626	      31643.7	     139992.7	    36.000	    39.233	     0.000	    75.233	     0.020	   447.291	    10277994.0	    88791880.0	
    15	  2000	   319	     1	     0.000	    74.147	      23976.1	     128414.4	    36.000	    39.381	     0.000	    75.381	     0.020	   447.290	    10277670.0	    88787968.0	
    15	  2000	   320	     1	     0.000	    73.271	      31202.4	      78943.2	    36.000	    38.460	     0.000	    74.460	     0.020	   447.283	    10272970.0	    88731272.0	
    15	  2000	   321	     1	     0.000	    72.820	      23978.7	      65259.8	    36.000	    37.352	     0.000	    73.352	     0.020	   447.282	    10272435.0	    88724808.0	
    15	  2000	   322	     1	     0.000	    71.967	      34355.6	      64207.2	    36.000	    36.425	     0.000	    72.425	     0.020	   447.281	    10271487.0	    88713376.0	
    15	  2000	   323	     1	     0.000	    71.342	      37862.5	     155781.4	    36.000	    35.668	     0.000	    71.668	     0.020	   447.292	    10278787.0	    88801448.0	
    15	  2000	   324	     1	     0.000	    70.840	      38634.9	      83153.6	    36.000	    36.185	     0.000	    72.185	     0.020	   447.283	    10272703.0	    88728048.0	
    15	  2000	   325	     1	     0.000	    70.373	      40190.6	     102099.9	    36.000	    34.868	     0.000	    70.868	     0.020	   447.285	    10274145.0	    88745440.0	
    15	  2000	   326	     1	     0.000	    70.093	      36552.7	      67364.9	    36.000	    34.790	     0.000	    70.790	     0.020	   447.281	    10271567.0	    88714344.0	
    15	  2000	   327	     1	     0.000	    69.569	      57440.3	      38945.3	    36.000	    33.905	     0.000	    69.905	     0.020	   447.275	    10267479.0	    88665032.0	
    15	  2000	   328	     1	     0.000	    69.758	      65010.4	      11578.3	    36.000	    33.524	     0.000	    69.524	     0.020	   447.270	    10264582.0	    88630096.0	
    15	  2000	   329	     1	     0.000	    70.171	      65396.9	       6315.5	    36.000	    33.533	     0.000	    69.533	     0.020	   447.270	    10264114.0	    88624448.0	
    15	  2000	   330	     1	     0.000	    70.542	      68084.7	          0.0	    36.000	    33.838	     0.000	    69.838	     0.020	   447.268	    10263366.0	    88615440.0	
    15	  2000	   331	     1	     0.000	    70.972	      68576.3	       2105.2	    36.000	    34.164	     0.000	    70.164	     0.020	   447.269	    10263501.0	    88617056.0	
    15	  2000	   332	     1	     0.000	    71.447	      66972.6	          0.0	    36.000	    34.658	     0.000	    70.658	     0.020	   447.269	    10263459.0	    88616552.0	
    15	  2000	   333	     1	     0.000	    71.752	      71219.2	       3157.7	    36.000	    34.957	     0.000	    70.957	     0.020	   447.268	    10263368.0	    88615464.0	
    15	  2000	   334	     1	     0.000	    72.637	      51879.2	      54734.0	    36.000	    35.829	     0.000	    71.829	     0.020	   447.277	    10269249.0	    88686384.0	
    15	  2000	   335	     1	     0.000	    73.305	      39867.9	     170517.4	    36.000	    37.318	     0.000	    73.318	     0.020	   447.294	    10279842.0	    88814176.0	
    15	  2001	     1	     1	     0.000	    74.170	      19554.2	     150518.5	    36.000	    39.662	     0.000	    75.662	     0.020	   447.294	    10279868.0	    88814496.0	
    15	  2001	     2	     1	     0.000	    75.140	      12381.6	     239987.5	    36.000	    40.636	     0.000	    76.636	     0.020	   447.306	    10287876.0	    88911136.0	
    15	  2001	     3	     1	     0.000	    76.120	      23095.1	     116836.0	    36.000	    42.735	     0.000	    78.735	     0.020	   447.289	    10276783.0	    88777272.0	
    15	  2001	     4	     1	     0.000	    77.641	      16012.6	     115783.4	    36.000	    42.706	     0.000	    78.706	     0.020	   447.290	    10277282.0	    88783296.0	
    15	  2001	     5	     1	     0.000	    78.323	      30432.4	      28419.6	    36.000	    43.457	     0.000	    79.457	     0.020	   447.277	    10268846.0	    88681512.0	
    15	  2001	     6	     1	     0.000	    78.608	      33323.9	      15788.7	    36.000	    42.565	     0.000	    78.565	     0.020	   447.275	    10267559.0	    88665992.0	
    15	  2001	     7	     1	     0.000	    78.969	      35559.1	       8420.6	    36.000	    42.746	     0.000	    78.746	     0.020	   447.274	    10266763.0	    88656392.0	
    15	  2001	     8	     1	     0.000	    79.455	      35545.6	      12630.9	    36.000	    43.121	     0.000	    79.121	     0.020	   447.274	    10267113.0	    88660616.0	
    15	  2001	     9	     1	     0.000	    80.032	      33837.6	      22104.1	    36.000	    43.747	     0.000	    79.747	     0.020	   447.276	    10268040.0	    88671792.0	
    15	  2001	    10	     1	     0.000	    80.816	      25418.2	      17893.8	    36.000	    44.660	     0.000	    80.660	     0.020	   447.276	    10268388.0	    88676000.0	
    15	  2001	    11	     1	     0.000	    81.325	      27374.0	       6315.5	    36.000	    45.218	     0.000	    81.218	     0.020	   447.274	    10267267.0	    88662472.0	
    15	  2001	    12	     1	     0.000	    81.782	      30881.6	          0.0	    36.000	    45.519	     0.000	    81.519	     0.020	   447.273	    10266452.0	    88652648.0	
    15	  2001	    13	     1	     0.000	    82.354	      29274.5	          0.0	    36.000	    45.976	     0.000	    81.976	     0.020	   447.273	    10266585.0	    88654256.0	
    15	  2001	    14	     1	     0.000	    83.004	      29194.4	          0.0	    36.000	    46.645	     0.000	    82.645	     0.020	   447.273	    10266592.0	    88654336.0	
    15	  2001	    15	     1	     0.000	    83.464	      40377.6	          0.0	    36.000	    47.106	     0.000	    83.106	     0.020	   447.272	    10265665.0	    88643152.0	
    15	  2001	    16	     1	     0.000	    84.204	      40029.1	          0.0	    36.000	    47.717	     0.000	    83.717	     0.020	   447.272	    10265693.0	    88643496.0	
    15	  2001	    17	     1	     0.000	    85.312	      25012.7	      54734.0	    36.000	    48.829	     0.000	    84.829	     0.020	   447.281	    10271476.0	    88713248.0	
    15	  2001	    18	     1	     0.000	    85.772	      32069.7	      54734.0	    36.000	    50.096	     0.000	    86.096	     0.020	   447.280	    10270891.0	    88706192.0	
    15	  2001	    19	     1	     0.000	    86.353	      33828.2	      68417.5	    36.000	    50.595	     0.000	    86.595	     0.020	   447.282	    10271880.0	    88718120.0	
    15	  2001	    20	     1	     0.000	    87.510	      18482.3	     204199.9	    36.000	    51.890	     0.000	    87.890	     0.020	   447.301	    10284405.0	    88869248.0	
    15	  2001	    21	     1	     0.000	    88.348	      22228.9	     195779.3	    36.000	    54.478	     0.000	    90.478	     0.020	   447.299	    10283397.0	    88857080.0	
    15	  2001	    22	     1	     0.000	    89.816	      22450.4	     213673.1	    36.000	    55.804	     0.000	    91.804	     0.020	   447.302	    10284861.0	    88874752.0	
    15	  2001	    23	     1	     0.000	    91.743	      20984.4	     106310.2	    36.000	    57.936	     0.000	    93.936	     0.020	   447.288	    10276086.0	    88768856.0	
    15	  2001	    24	     1	     0.000	    93.561	      20272.6	     126309.2	    36.000	    58.529	     0.000	    94.529	     0.020	   447.291	    10277802.0	    88789568.0	
    15	  2001	    25	     1	     0.000	    94.616	      36968.7	     114730.9	    36.000	    59.824	     0.000	    95.824	     0.020	   447.287	    10275458.0	    88761288.0	
    15	  2001	    26	     1	     0.000	    95.870	      31600.5	      18946.4	    36.000	    60.750	     0.000	    96.750	     0.020	   447.276	    10267963.0	    88670872.0	
    15	  2001	    27	     1	     0.000	    96.731	      46046.4	      64207.2	    36.000	    60.564	     0.000	    96.564	     0.020	   447.279	    10270518.0	    88701688.0	
    15	  2001	    28	     1	     0.000	    98.192	      46007.9	      44208.2	    36.000	    62.382	     0.000	    98.382	     0.020	   447.277	    10268863.0	    88681728.0	
    15	  2001	    29	     1	     0.000	    99.933	      40773.3	     115783.4	    36.000	    63.892	     0.000	    99.892	     0.020	   447.287	    10275231.0	    88758536.0	
    15	  2001	    30	     1	     0.000	   101.649	      43230.4	     164202.0	    36.000	    66.497	     0.000	   102.497	     0.020	   447.293	    10279040.0	    88804496.0	
    15	  2001	    31	     1	     0.000	   103.269	      56031.2	      69470.1	    36.000	    68.649	     0.000	   104.649	     0.020	   447.279	    10270127.0	    88696968.0	
