soil moisture in profile [mm] for all sub-basins (MAP-IDs)
Year	Day	15	69
2000	1	 1083.416	 1024.615
2000	2	 1097.514	 1028.986
2000	3	 1100.895	 1032.338
2000	4	 1098.762	 1035.575
2000	5	 1108.837	 1048.572
2000	6	 1116.033	 1058.484
2000	7	 1118.765	 1069.351
2000	8	 1123.734	 1067.880
2000	9	 1126.515	 1063.972
2000	10	 1124.228	 1059.184
2000	11	 1120.526	 1055.088
2000	12	 1116.397	 1051.455
2000	13	 1113.005	 1046.770
2000	14	 1108.999	 1042.571
2000	15	 1104.472	 1038.331
2000	16	 1099.953	 1034.445
2000	17	 1099.516	 1033.989
2000	18	 1105.830	 1038.327
2000	19	 1111.349	 1052.466
2000	20	 1110.075	 1049.317
2000	21	 1107.495	 1045.156
2000	22	 1103.466	 1041.073
2000	23	 1099.249	 1037.049
2000	24	 1095.133	 1033.469
2000	25	 1091.767	 1029.718
2000	26	 1088.375	 1026.440
2000	27	 1085.557	 1024.015
2000	28	 1089.719	 1028.318
2000	29	 1103.324	 1038.384
2000	30	 1109.396	 1049.204
2000	31	 1118.514	 1048.061
2000	32	 1119.319	 1045.209
2000	33	 1116.934	 1041.854
2000	34	 1113.370	 1038.005
2000	35	 1108.950	 1033.924
2000	36	 1104.953	 1029.994
2000	37	 1100.875	 1026.289
2000	38	 1102.324	 1027.689
2000	39	 1118.281	 1031.351
2000	40	 1129.417	 1048.157
2000	41	 1141.591	 1067.992
2000	42	 1148.917	 1086.541
2000	43	 1157.844	 1096.927
2000	44	 1169.050	 1110.004
2000	45	 1186.745	 1122.300
2000	46	 1189.275	 1118.868
2000	47	 1186.660	 1114.094
2000	48	 1181.684	 1108.935
2000	49	 1176.840	 1104.943
2000	50	 1172.094	 1101.615
2000	51	 1168.186	 1097.186
2000	52	 1164.498	 1093.628
2000	53	 1160.154	 1089.571
2000	54	 1155.518	 1085.616
2000	55	 1150.883	 1081.648
2000	56	 1146.921	 1078.186
2000	57	 1142.624	 1074.153
2000	58	 1138.929	 1070.917
2000	59	 1135.604	 1067.770
2000	60	 1131.989	 1064.210
2000	61	 1127.894	 1060.694
2000	62	 1124.113	 1057.389
2000	63	 1120.998	 1054.643
2000	64	 1118.033	 1052.338
2000	65	 1114.987	 1050.140
2000	66	 1112.073	 1048.103
2000	67	 1109.237	 1045.927
2000	68	 1106.212	 1043.519
2000	69	 1103.277	 1040.939
2000	70	 1101.266	 1038.707
2000	71	 1098.821	 1036.037
2000	72	 1095.904	 1033.516
2000	73	 1094.880	 1031.347
2000	74	 1091.753	 1028.393
2000	75	 1088.873	 1025.574
2000	76	 1086.961	 1022.746
2000	77	 1084.432	 1020.002
2000	78	 1082.112	 1017.191
2000	79	 1080.637	 1014.210
2000	80	 1083.724	 1011.625
2000	81	 1082.099	 1011.145
2000	82	 1078.841	 1008.750
2000	83	 1075.657	 1006.816
2000	84	 1072.996	 1004.773
2000	85	 1069.740	 1001.623
2000	86	 1066.211	  998.394
2000	87	 1062.674	  995.363
2000	88	 1059.697	  992.865
2000	89	 1057.119	  990.449
2000	90	 1054.552	  987.980
2000	91	 1051.887	  985.905
2000	92	 1049.196	  983.376
2000	93	 1046.357	  981.035
2000	94	 1043.321	  978.503
2000	95	 1040.318	  975.991
2000	96	 1037.227	  973.195
2000	97	 1033.643	  969.853
2000	98	 1030.225	  966.516
2000	99	 1026.905	  963.313
2000	100	 1023.849	  960.257
2000	101	 1021.082	  957.733
2000	102	 1018.612	  955.156
2000	103	 1015.807	  952.484
2000	104	 1013.095	  950.016
2000	105	 1010.284	  947.426
2000	106	 1007.119	  944.524
2000	107	 1003.815	  941.173
2000	108	 1000.725	  937.884
2000	109	  998.231	  935.013
2000	110	  995.449	  932.367
2000	111	  993.197	  930.229
2000	112	  991.200	  928.511
2000	113	  988.971	  926.704
2000	114	  986.422	  924.353
2000	115	  984.124	  922.510
2000	116	  981.487	  920.298
2000	117	  978.476	  917.635
2000	118	  975.331	  914.577
2000	119	  972.623	  911.579
2000	120	  969.799	  908.998
2000	121	  966.886	  906.248
2000	122	  964.250	  903.394
2000	123	  961.235	  900.169
2000	124	  958.662	  897.703
2000	125	  956.443	  895.557
2000	126	  954.287	  893.724
2000	127	  952.130	  891.537
2000	128	  950.164	  889.917
2000	129	  948.478	  888.594
2000	130	  946.529	  886.753
2000	131	  944.116	  884.488
2000	132	  941.626	  882.221
2000	133	  939.484	  880.538
2000	134	  937.313	  878.313
2000	135	  934.861	  876.026
2000	136	  932.498	  873.705
2000	137	  930.133	  871.546
2000	138	  927.825	  869.436
2000	139	  925.576	  867.423
2000	140	  923.238	  865.272
2000	141	  920.768	  862.957
2000	142	  918.410	  860.579
2000	143	  916.125	  858.115
2000	144	  914.177	  856.228
2000	145	  911.926	  854.004
2000	146	  909.521	  851.683
2000	147	  906.976	  849.418
2000	148	  904.336	  847.069
2000	149	  901.927	  844.827
2000	150	  899.774	  842.859
2000	151	  897.479	  840.785
2000	152	  894.919	  838.336
2000	153	  892.526	  836.026
2000	154	  890.223	  833.955
2000	155	  888.308	  832.121
2000	156	  886.556	  830.522
2000	157	  885.052	  828.953
2000	158	  883.645	  827.396
2000	159	  881.822	  825.973
2000	160	  879.690	  823.967
2000	161	  877.475	  821.977
2000	162	  875.367	  820.058
2000	163	  872.960	  817.725
2000	164	  870.764	  815.392
2000	165	  868.912	  813.770
2000	166	  867.134	  811.926
2000	167	  864.885	  809.799
2000	168	  862.577	  807.217
2000	169	  859.960	  804.782
2000	170	  857.397	  802.467
2000	171	  854.817	  800.050
2000	172	  852.109	  797.380
2000	173	  849.376	  794.807
2000	174	  846.547	  792.144
2000	175	  844.564	  789.723
2000	176	  842.217	  787.432
2000	177	  840.085	  785.413
2000	178	  838.153	  783.712
2000	179	  835.913	  781.984
2000	180	  833.739	  779.897
2000	181	  831.257	  777.467
2000	182	  828.639	  774.955
2000	183	  826.308	  772.698
2000	184	  824.170	  770.616
2000	185	  821.946	  768.519
2000	186	  819.390	  766.078
2000	187	  817.203	  764.174
2000	188	  814.870	  762.011
2000	189	  812.330	  759.591
2000	190	  809.731	  757.209
2000	191	  807.417	  755.057
2000	192	  804.927	  752.615
2000	193	  802.226	  750.002
2000	194	  799.704	  747.645
2000	195	  797.793	  746.077
2000	196	  795.469	  743.851
2000	197	  792.989	  741.515
2000	198	  790.431	  739.152
2000	199	  788.026	  736.915
2000	200	  785.745	  734.804
2000	201	  783.199	  732.533
2000	202	  780.697	  730.245
2000	203	  778.324	  728.052
2000	204	  775.865	  725.727
2000	205	  773.638	  723.679
2000	206	  771.139	  721.233
2000	207	  768.613	  718.708
2000	208	  765.773	  716.048
2000	209	  762.762	  713.141
2000	210	  759.737	  710.018
2000	211	  757.394	  707.049
2000	212	  755.040	  704.533
2000	213	  752.238	  701.768
2000	214	  749.524	  699.098
2000	215	  746.813	  696.488
2000	216	  744.793	  693.800
2000	217	  743.042	  692.568
2000	218	  741.897	  691.058
2000	219	  742.699	  689.013
2000	220	  757.050	  690.416
2000	221	  761.048	  688.302
2000	222	  757.907	  685.043
2000	223	  753.510	  682.171
2000	224	  750.491	  679.749
2000	225	  747.695	  677.062
2000	226	  744.802	  674.282
2000	227	  741.912	  671.485
2000	228	  738.897	  668.362
2000	229	  735.764	  665.222
2000	230	  732.529	  661.922
2000	231	  729.598	  659.020
2000	232	  726.563	  655.912
2000	233	  723.320	  652.779
2000	234	  720.086	  649.571
2000	235	  716.657	  646.192
2000	236	  713.121	  642.771
2000	237	  709.618	  639.404
2000	238	  705.957	  635.673
2000	239	  702.833	  632.438
2000	240	  700.453	  630.248
2000	241	  698.444	  628.226
2000	242	  695.614	  625.539
2000	243	  692.677	  622.582
2000	244	  689.766	  619.574
2000	245	  687.248	  616.827
2000	246	  683.891	  613.547
2000	247	  680.347	  609.849
2000	248	  676.951	  606.097
2000	249	  682.887	  603.008
2000	250	  686.862	  603.945
2000	251	  682.155	  598.677
2000	252	  676.559	  594.676
2000	253	  672.563	  591.154
2000	254	  668.751	  587.400
2000	255	  664.790	  583.479
2000	256	  660.692	  579.634
2000	257	  656.562	  575.878
2000	258	  652.729	  572.575
2000	259	  648.912	  569.566
2000	260	  645.332	  566.838
2000	261	  641.611	  564.297
2000	262	  637.882	  562.104
2000	263	  634.202	  560.106
2000	264	  630.403	  558.266
2000	265	  626.557	  556.610
2000	266	  623.012	  555.034
2000	267	  619.520	  553.452
2000	268	  615.949	  551.990
2000	269	  612.531	  550.509
2000	270	  608.762	  549.060
2000	271	  605.135	  547.636
2000	272	  602.539	  546.336
2000	273	  617.034	  549.274
2000	274	  623.537	  552.126
2000	275	  627.682	  555.670
2000	276	  627.142	  554.370
2000	277	  625.653	  552.707
2000	278	  635.908	  556.779
2000	279	  653.086	  594.133
2000	280	  670.538	  613.792
2000	281	  683.751	  639.970
2000	282	  699.693	  655.457
2000	283	  699.504	  653.979
2000	284	  698.214	  651.706
2000	285	  702.897	  657.847
2000	286	  704.194	  659.571
2000	287	  708.812	  672.768
2000	288	  717.153	  676.748
2000	289	  739.874	  692.406
2000	290	  762.289	  713.383
2000	291	  768.415	  710.317
2000	292	  765.152	  705.997
2000	293	  762.895	  703.229
2000	294	  762.939	  700.900
2000	295	  759.745	  698.518
2000	296	  755.330	  695.763
2000	297	  752.622	  692.932
2000	298	  749.957	  690.287
2000	299	  747.789	  687.899
2000	300	  746.252	  685.706
2000	301	  764.257	  688.347
2000	302	  775.482	  689.305
2000	303	  775.400	  685.152
2000	304	  775.754	  681.932
2000	305	  778.452	  682.356
2000	306	  786.891	  688.874
2000	307	  795.374	  703.427
2000	308	  806.539	  713.465
2000	309	  821.715	  738.104
2000	310	  829.207	  744.727
2000	311	  848.245	  759.519
2000	312	  857.347	  761.391
2000	313	  858.712	  759.082
2000	314	  863.398	  759.825
2000	315	  888.372	  788.808
2000	316	  896.434	  806.288
2000	317	  902.183	  818.090
2000	318	  913.213	  825.893
2000	319	  923.414	  838.565
2000	320	  928.457	  847.626
2000	321	  932.605	  860.956
2000	322	  935.854	  868.657
2000	323	  947.308	  875.062
2000	324	  951.915	  879.065
2000	325	  958.271	  886.517
2000	326	  961.509	  891.822
2000	327	  961.112	  888.193
2000	328	  957.869	  884.164
2000	329	  954.528	  880.299
2000	330	  950.651	  876.682
2000	331	  946.791	  873.637
2000	332	  942.899	  870.631
2000	333	  939.011	  867.734
2000	334	  940.593	  869.728
2000	335	  953.746	  884.179
2001	1	  965.926	  897.746
2001	2	  986.596	  922.090
2001	3	  995.168	  930.114
2001	4	 1003.947	  940.205
2001	5	 1003.982	  938.615
2001	6	 1002.759	  937.572
2001	7	 1001.020	  935.693
2001	8	  999.480	  934.376
2001	9	  998.923	  932.597
2001	10	  998.433	  931.561
2001	11	  996.976	  930.347
2001	12	  995.143	  928.969
2001	13	  993.359	  927.557
2001	14	  991.703	  926.150
2001	15	  989.523	  924.248
2001	16	  987.282	  922.370
2001	17	  990.210	  922.406
2001	18	  992.934	  926.773
2001	19	  996.904	  929.257
2001	20	 1013.958	  954.127
2001	21	 1030.061	  974.119
2001	22	 1047.501	  992.844
2001	23	 1054.683	 1009.453
2001	24	 1063.655	 1018.639
2001	25	 1070.382	 1030.142
2001	26	 1068.793	 1032.042
2001	27	 1070.692	 1033.278
2001	28	 1070.825	 1033.658
2001	29	 1077.572	 1036.784
2001	30	 1087.937	 1034.517
2001	31	 1089.216	 1029.894
