total subsurface runoff (groundwater+interflow) [m**3/timestep] for all sub-basins (MAP-IDs)
Year	Day	Timestep	15	69
2000	1	1	0.72391E+07	0.38922E+07
2000	2	1	0.74575E+07	0.39926E+07
2000	3	1	0.76784E+07	0.40953E+07
2000	4	1	0.78793E+07	0.42015E+07
2000	5	1	0.81186E+07	0.43309E+07
2000	6	1	0.83799E+07	0.44793E+07
2000	7	1	0.86424E+07	0.46515E+07
2000	8	1	0.89176E+07	0.48117E+07
2000	9	1	0.91962E+07	0.49604E+07
2000	10	1	0.94459E+07	0.50975E+07
2000	11	1	0.96715E+07	0.52239E+07
2000	12	1	0.98745E+07	0.53392E+07
2000	13	1	0.10058E+08	0.54446E+07
2000	14	1	0.10222E+08	0.55395E+07
2000	15	1	0.10370E+08	0.56256E+07
2000	16	1	0.10503E+08	0.57031E+07
2000	17	1	0.10625E+08	0.57744E+07
2000	18	1	0.10764E+08	0.58524E+07
2000	19	1	0.10915E+08	0.59528E+07
2000	20	1	0.11052E+08	0.60447E+07
2000	21	1	0.11178E+08	0.61296E+07
2000	22	1	0.11291E+08	0.62059E+07
2000	23	1	0.11393E+08	0.62745E+07
2000	24	1	0.11484E+08	0.63361E+07
2000	25	1	0.11564E+08	0.63917E+07
2000	26	1	0.11635E+08	0.64413E+07
2000	27	1	0.11697E+08	0.64858E+07
2000	28	1	0.11765E+08	0.65335E+07
2000	29	1	0.11859E+08	0.65928E+07
2000	30	1	0.11965E+08	0.66665E+07
2000	31	1	0.12092E+08	0.67346E+07
2000	32	1	0.12214E+08	0.67985E+07
2000	33	1	0.12326E+08	0.68575E+07
2000	34	1	0.12426E+08	0.69111E+07
2000	35	1	0.12517E+08	0.69586E+07
2000	36	1	0.12597E+08	0.70006E+07
2000	37	1	0.12668E+08	0.70375E+07
2000	38	1	0.12736E+08	0.70717E+07
2000	39	1	0.12840E+08	0.71111E+07
2000	40	1	0.12971E+08	0.71703E+07
2000	41	1	0.13137E+08	0.72592E+07
2000	42	1	0.13326E+08	0.73834E+07
2000	43	1	0.13544E+08	0.75300E+07
2000	44	1	0.13809E+08	0.77111E+07
2000	45	1	0.14158E+08	0.79298E+07
2000	46	1	0.14510E+08	0.81288E+07
2000	47	1	0.14824E+08	0.83110E+07
2000	48	1	0.15105E+08	0.84740E+07
2000	49	1	0.15356E+08	0.86206E+07
2000	50	1	0.15581E+08	0.87537E+07
2000	51	1	0.15781E+08	0.88751E+07
2000	52	1	0.15962E+08	0.89848E+07
2000	53	1	0.16125E+08	0.90840E+07
2000	54	1	0.16271E+08	0.91729E+07
2000	55	1	0.16399E+08	0.92523E+07
2000	56	1	0.16511E+08	0.93234E+07
2000	57	1	0.16610E+08	0.93863E+07
2000	58	1	0.16696E+08	0.94418E+07
2000	59	1	0.16773E+08	0.94913E+07
2000	60	1	0.16839E+08	0.95349E+07
2000	61	1	0.16897E+08	0.95725E+07
2000	62	1	0.16945E+08	0.96049E+07
2000	63	1	0.16985E+08	0.96326E+07
2000	64	1	0.17018E+08	0.96569E+07
2000	65	1	0.17046E+08	0.96782E+07
2000	66	1	0.17069E+08	0.96964E+07
2000	67	1	0.17086E+08	0.97119E+07
2000	68	1	0.17098E+08	0.97246E+07
2000	69	1	0.17105E+08	0.97345E+07
2000	70	1	0.17107E+08	0.97413E+07
2000	71	1	0.17106E+08	0.97458E+07
2000	72	1	0.17100E+08	0.97476E+07
2000	73	1	0.17092E+08	0.97472E+07
2000	74	1	0.17080E+08	0.97442E+07
2000	75	1	0.17065E+08	0.97388E+07
2000	76	1	0.17047E+08	0.97311E+07
2000	77	1	0.17026E+08	0.97214E+07
2000	78	1	0.17002E+08	0.97096E+07
2000	79	1	0.16976E+08	0.96959E+07
2000	80	1	0.16955E+08	0.96805E+07
2000	81	1	0.16930E+08	0.96636E+07
2000	82	1	0.16903E+08	0.96453E+07
2000	83	1	0.16874E+08	0.96258E+07
2000	84	1	0.16841E+08	0.96053E+07
2000	85	1	0.16806E+08	0.95834E+07
2000	86	1	0.16768E+08	0.95601E+07
2000	87	1	0.16728E+08	0.95355E+07
2000	88	1	0.16685E+08	0.95099E+07
2000	89	1	0.16641E+08	0.94833E+07
2000	90	1	0.16595E+08	0.94558E+07
2000	91	1	0.16547E+08	0.94276E+07
2000	92	1	0.16497E+08	0.93985E+07
2000	93	1	0.16446E+08	0.93686E+07
2000	94	1	0.16393E+08	0.93378E+07
2000	95	1	0.16339E+08	0.93063E+07
2000	96	1	0.16283E+08	0.92739E+07
2000	97	1	0.16225E+08	0.92406E+07
2000	98	1	0.16166E+08	0.92063E+07
2000	99	1	0.16106E+08	0.91713E+07
2000	100	1	0.16044E+08	0.91355E+07
2000	101	1	0.15981E+08	0.90993E+07
2000	102	1	0.15917E+08	0.90625E+07
2000	103	1	0.15852E+08	0.90252E+07
2000	104	1	0.15787E+08	0.89874E+07
2000	105	1	0.15720E+08	0.89492E+07
2000	106	1	0.15653E+08	0.89104E+07
2000	107	1	0.15585E+08	0.88712E+07
2000	108	1	0.15516E+08	0.88315E+07
2000	109	1	0.15446E+08	0.87914E+07
2000	110	1	0.15376E+08	0.87511E+07
2000	111	1	0.15305E+08	0.87106E+07
2000	112	1	0.15234E+08	0.86699E+07
2000	113	1	0.15163E+08	0.86293E+07
2000	114	1	0.15092E+08	0.85884E+07
2000	115	1	0.15020E+08	0.85474E+07
2000	116	1	0.14948E+08	0.85063E+07
2000	117	1	0.14875E+08	0.84651E+07
2000	118	1	0.14802E+08	0.84235E+07
2000	119	1	0.14729E+08	0.83818E+07
2000	120	1	0.14655E+08	0.83400E+07
2000	121	1	0.14581E+08	0.82981E+07
2000	122	1	0.14507E+08	0.82560E+07
2000	123	1	0.14433E+08	0.82138E+07
2000	124	1	0.14359E+08	0.81716E+07
2000	125	1	0.14284E+08	0.81294E+07
2000	126	1	0.14210E+08	0.80872E+07
2000	127	1	0.14135E+08	0.80450E+07
2000	128	1	0.14061E+08	0.80028E+07
2000	129	1	0.13987E+08	0.79608E+07
2000	130	1	0.13913E+08	0.79188E+07
2000	131	1	0.13839E+08	0.78769E+07
2000	132	1	0.13765E+08	0.78349E+07
2000	133	1	0.13691E+08	0.77931E+07
2000	134	1	0.13617E+08	0.77513E+07
2000	135	1	0.13543E+08	0.77095E+07
2000	136	1	0.13470E+08	0.76678E+07
2000	137	1	0.13396E+08	0.76262E+07
2000	138	1	0.13323E+08	0.75846E+07
2000	139	1	0.13250E+08	0.75432E+07
2000	140	1	0.13176E+08	0.75018E+07
2000	141	1	0.13103E+08	0.74605E+07
2000	142	1	0.13031E+08	0.74193E+07
2000	143	1	0.12958E+08	0.73781E+07
2000	144	1	0.12885E+08	0.73371E+07
2000	145	1	0.12813E+08	0.72962E+07
2000	146	1	0.12741E+08	0.72553E+07
2000	147	1	0.12669E+08	0.72145E+07
2000	148	1	0.12597E+08	0.71735E+07
2000	149	1	0.12526E+08	0.71327E+07
2000	150	1	0.12454E+08	0.70920E+07
2000	151	1	0.12383E+08	0.70514E+07
2000	152	1	0.12312E+08	0.70110E+07
2000	153	1	0.12242E+08	0.69708E+07
2000	154	1	0.12171E+08	0.69307E+07
2000	155	1	0.12101E+08	0.68908E+07
2000	156	1	0.12031E+08	0.68510E+07
2000	157	1	0.11962E+08	0.68115E+07
2000	158	1	0.11892E+08	0.67721E+07
2000	159	1	0.11824E+08	0.67329E+07
2000	160	1	0.11755E+08	0.66939E+07
2000	161	1	0.11687E+08	0.66551E+07
2000	162	1	0.11619E+08	0.66164E+07
2000	163	1	0.11551E+08	0.65779E+07
2000	164	1	0.11483E+08	0.65396E+07
2000	165	1	0.11416E+08	0.65014E+07
2000	166	1	0.11349E+08	0.64634E+07
2000	167	1	0.11283E+08	0.64256E+07
2000	168	1	0.11216E+08	0.63880E+07
2000	169	1	0.11150E+08	0.63505E+07
2000	170	1	0.11084E+08	0.63132E+07
2000	171	1	0.11019E+08	0.62761E+07
2000	172	1	0.10954E+08	0.62392E+07
2000	173	1	0.10889E+08	0.62024E+07
2000	174	1	0.10824E+08	0.61657E+07
2000	175	1	0.10760E+08	0.61293E+07
2000	176	1	0.10696E+08	0.60930E+07
2000	177	1	0.10632E+08	0.60569E+07
2000	178	1	0.10568E+08	0.60210E+07
2000	179	1	0.10505E+08	0.59853E+07
2000	180	1	0.10442E+08	0.59498E+07
2000	181	1	0.10379E+08	0.59144E+07
2000	182	1	0.10317E+08	0.58793E+07
2000	183	1	0.10255E+08	0.58443E+07
2000	184	1	0.10193E+08	0.58095E+07
2000	185	1	0.10132E+08	0.57748E+07
2000	186	1	0.10071E+08	0.57404E+07
2000	187	1	0.10010E+08	0.57061E+07
2000	188	1	0.99499E+07	0.56721E+07
2000	189	1	0.98900E+07	0.56382E+07
2000	190	1	0.98303E+07	0.56045E+07
2000	191	1	0.97710E+07	0.55709E+07
2000	192	1	0.97121E+07	0.55376E+07
2000	193	1	0.96534E+07	0.55044E+07
2000	194	1	0.95951E+07	0.54715E+07
2000	195	1	0.95372E+07	0.54387E+07
2000	196	1	0.94796E+07	0.54061E+07
2000	197	1	0.94223E+07	0.53737E+07
2000	198	1	0.93653E+07	0.53414E+07
2000	199	1	0.93087E+07	0.53094E+07
2000	200	1	0.92524E+07	0.52775E+07
2000	201	1	0.91964E+07	0.52458E+07
2000	202	1	0.91408E+07	0.52143E+07
2000	203	1	0.90854E+07	0.51830E+07
2000	204	1	0.90304E+07	0.51519E+07
2000	205	1	0.89758E+07	0.51209E+07
2000	206	1	0.89214E+07	0.50901E+07
2000	207	1	0.88674E+07	0.50595E+07
2000	208	1	0.88136E+07	0.50290E+07
2000	209	1	0.87602E+07	0.49988E+07
2000	210	1	0.87071E+07	0.49687E+07
2000	211	1	0.86542E+07	0.49387E+07
2000	212	1	0.86017E+07	0.49089E+07
2000	213	1	0.85495E+07	0.48793E+07
2000	214	1	0.84976E+07	0.48498E+07
2000	215	1	0.84459E+07	0.48206E+07
2000	216	1	0.83946E+07	0.47914E+07
2000	217	1	0.83436E+07	0.47625E+07
2000	218	1	0.82929E+07	0.47337E+07
2000	219	1	0.82425E+07	0.47051E+07
2000	220	1	0.81933E+07	0.46766E+07
2000	221	1	0.81442E+07	0.46483E+07
2000	222	1	0.80947E+07	0.46202E+07
2000	223	1	0.80460E+07	0.45923E+07
2000	224	1	0.79976E+07	0.45645E+07
2000	225	1	0.79495E+07	0.45368E+07
2000	226	1	0.79017E+07	0.45093E+07
2000	227	1	0.78541E+07	0.44820E+07
2000	228	1	0.78067E+07	0.44548E+07
2000	229	1	0.77596E+07	0.44277E+07
2000	230	1	0.77128E+07	0.44004E+07
2000	231	1	0.76662E+07	0.43733E+07
2000	232	1	0.76198E+07	0.43463E+07
2000	233	1	0.75737E+07	0.43195E+07
2000	234	1	0.75278E+07	0.42929E+07
2000	235	1	0.74822E+07	0.42664E+07
2000	236	1	0.74368E+07	0.42400E+07
2000	237	1	0.73917E+07	0.42139E+07
2000	238	1	0.73468E+07	0.41879E+07
2000	239	1	0.73022E+07	0.41620E+07
2000	240	1	0.72578E+07	0.41363E+07
2000	241	1	0.72136E+07	0.41107E+07
2000	242	1	0.71697E+07	0.40853E+07
2000	243	1	0.71261E+07	0.40601E+07
2000	244	1	0.70827E+07	0.40350E+07
2000	245	1	0.70395E+07	0.40101E+07
2000	246	1	0.69966E+07	0.39853E+07
2000	247	1	0.69539E+07	0.39606E+07
2000	248	1	0.69115E+07	0.39361E+07
2000	249	1	0.68696E+07	0.39118E+07
2000	250	1	0.68280E+07	0.38874E+07
2000	251	1	0.67860E+07	0.38632E+07
2000	252	1	0.67447E+07	0.38391E+07
2000	253	1	0.67036E+07	0.38152E+07
2000	254	1	0.66627E+07	0.37914E+07
2000	255	1	0.66221E+07	0.37678E+07
2000	256	1	0.65816E+07	0.37443E+07
2000	257	1	0.65413E+07	0.37210E+07
2000	258	1	0.65010E+07	0.36978E+07
2000	259	1	0.64609E+07	0.36748E+07
2000	260	1	0.64210E+07	0.36519E+07
2000	261	1	0.63813E+07	0.36292E+07
2000	262	1	0.63419E+07	0.36066E+07
2000	263	1	0.63028E+07	0.35842E+07
2000	264	1	0.62638E+07	0.35619E+07
2000	265	1	0.62251E+07	0.35397E+07
2000	266	1	0.61867E+07	0.35177E+07
2000	267	1	0.61485E+07	0.34958E+07
2000	268	1	0.61105E+07	0.34741E+07
2000	269	1	0.60727E+07	0.34525E+07
2000	270	1	0.60352E+07	0.34310E+07
2000	271	1	0.59978E+07	0.34097E+07
2000	272	1	0.59607E+07	0.33885E+07
2000	273	1	0.59245E+07	0.33674E+07
2000	274	1	0.58880E+07	0.33469E+07
2000	275	1	0.58517E+07	0.33263E+07
2000	276	1	0.58153E+07	0.33052E+07
2000	277	1	0.57794E+07	0.32845E+07
2000	278	1	0.57442E+07	0.32646E+07
2000	279	1	0.57096E+07	0.32446E+07
2000	280	1	0.56754E+07	0.32247E+07
2000	281	1	0.56416E+07	0.32049E+07
2000	282	1	0.56085E+07	0.31860E+07
2000	283	1	0.55751E+07	0.31663E+07
2000	284	1	0.55424E+07	0.31474E+07
2000	285	1	0.55105E+07	0.31294E+07
2000	286	1	0.54782E+07	0.31108E+07
2000	287	1	0.54466E+07	0.30927E+07
2000	288	1	0.54154E+07	0.30748E+07
2000	289	1	0.53854E+07	0.30574E+07
2000	290	1	0.53571E+07	0.30407E+07
2000	291	1	0.53293E+07	0.30234E+07
2000	292	1	0.53010E+07	0.30067E+07
2000	293	1	0.52733E+07	0.29901E+07
2000	294	1	0.52456E+07	0.29736E+07
2000	295	1	0.52180E+07	0.29570E+07
2000	296	1	0.51904E+07	0.29405E+07
2000	297	1	0.51628E+07	0.29240E+07
2000	298	1	0.51352E+07	0.29075E+07
2000	299	1	0.51076E+07	0.28911E+07
2000	300	1	0.50800E+07	0.28747E+07
2000	301	1	0.50541E+07	0.28584E+07
2000	302	1	0.50287E+07	0.28426E+07
2000	303	1	0.50032E+07	0.28260E+07
2000	304	1	0.49783E+07	0.28099E+07
2000	305	1	0.49536E+07	0.27940E+07
2000	306	1	0.49300E+07	0.27786E+07
2000	307	1	0.49073E+07	0.27634E+07
2000	308	1	0.48861E+07	0.27486E+07
2000	309	1	0.48676E+07	0.27351E+07
2000	310	1	0.48502E+07	0.27220E+07
2000	311	1	0.48371E+07	0.27099E+07
2000	312	1	0.48259E+07	0.26979E+07
2000	313	1	0.48143E+07	0.26855E+07
2000	314	1	0.48044E+07	0.26740E+07
2000	315	1	0.48028E+07	0.26648E+07
2000	316	1	0.48038E+07	0.26576E+07
2000	317	1	0.48069E+07	0.26522E+07
2000	318	1	0.48150E+07	0.26480E+07
2000	319	1	0.48283E+07	0.26461E+07
2000	320	1	0.48438E+07	0.26460E+07
2000	321	1	0.48616E+07	0.26494E+07
2000	322	1	0.48807E+07	0.26546E+07
2000	323	1	0.49075E+07	0.26614E+07
2000	324	1	0.49372E+07	0.26695E+07
2000	325	1	0.49713E+07	0.26800E+07
2000	326	1	0.50076E+07	0.26923E+07
2000	327	1	0.50409E+07	0.27026E+07
2000	328	1	0.50716E+07	0.27123E+07
2000	329	1	0.50997E+07	0.27207E+07
2000	330	1	0.51249E+07	0.27279E+07
2000	331	1	0.51470E+07	0.27338E+07
2000	332	1	0.51662E+07	0.27387E+07
2000	333	1	0.51826E+07	0.27425E+07
2000	334	1	0.51969E+07	0.27455E+07
2000	335	1	0.52206E+07	0.27538E+07
2001	1	1	0.52532E+07	0.27662E+07
2001	2	1	0.53055E+07	0.27896E+07
2001	3	1	0.53666E+07	0.28167E+07
2001	4	1	0.54380E+07	0.28502E+07
2001	5	1	0.55053E+07	0.28812E+07
2001	6	1	0.55699E+07	0.29114E+07
2001	7	1	0.56311E+07	0.29402E+07
2001	8	1	0.56892E+07	0.29675E+07
2001	9	1	0.57449E+07	0.29935E+07
2001	10	1	0.57988E+07	0.30182E+07
2001	11	1	0.58500E+07	0.30417E+07
2001	12	1	0.58987E+07	0.30638E+07
2001	13	1	0.59448E+07	0.30847E+07
2001	14	1	0.59886E+07	0.31045E+07
2001	15	1	0.60293E+07	0.31230E+07
2001	16	1	0.60668E+07	0.31402E+07
2001	17	1	0.61060E+07	0.31565E+07
2001	18	1	0.61468E+07	0.31755E+07
2001	19	1	0.61906E+07	0.31948E+07
2001	20	1	0.62546E+07	0.32297E+07
2001	21	1	0.63412E+07	0.32800E+07
2001	22	1	0.64581E+07	0.33490E+07
2001	23	1	0.65877E+07	0.34385E+07
2001	24	1	0.67360E+07	0.35405E+07
2001	25	1	0.68974E+07	0.36608E+07
2001	26	1	0.70474E+07	0.37803E+07
2001	27	1	0.72006E+07	0.39006E+07
2001	28	1	0.73448E+07	0.40157E+07
2001	29	1	0.75076E+07	0.41377E+07
2001	30	1	0.76972E+07	0.42503E+07
2001	31	1	0.78836E+07	0.43549E+07
