daily river flow [m3] for all sub-basins (MAP-IDs)
Year	Day	15	69
2000	1	0.45700E+07	0.17183E+07
2000	2	0.45919E+07	0.17266E+07
2000	3	0.46151E+07	0.17357E+07
2000	4	0.46363E+07	0.17456E+07
2000	5	0.46689E+07	0.17609E+07
2000	6	0.47082E+07	0.17798E+07
2000	7	0.47511E+07	0.18041E+07
2000	8	0.48007E+07	0.18264E+07
2000	9	0.48549E+07	0.18480E+07
2000	10	0.49055E+07	0.18684E+07
2000	11	0.49536E+07	0.18876E+07
2000	12	0.49987E+07	0.19056E+07
2000	13	0.50408E+07	0.19222E+07
2000	14	0.50798E+07	0.19375E+07
2000	15	0.51158E+07	0.19516E+07
2000	16	0.51489E+07	0.19644E+07
2000	17	0.51802E+07	0.19764E+07
2000	18	0.52193E+07	0.19903E+07
2000	19	0.52640E+07	0.20098E+07
2000	20	0.53055E+07	0.20265E+07
2000	21	0.53451E+07	0.20429E+07
2000	22	0.53816E+07	0.20580E+07
2000	23	0.54152E+07	0.20719E+07
2000	24	0.54458E+07	0.20847E+07
2000	25	0.54731E+07	0.20964E+07
2000	26	0.54975E+07	0.21070E+07
2000	27	0.55194E+07	0.21167E+07
2000	28	0.55453E+07	0.21270E+07
2000	29	0.55830E+07	0.21411E+07
2000	30	0.56269E+07	0.21595E+07
2000	31	0.56817E+07	0.21759E+07
2000	32	0.57363E+07	0.21922E+07
2000	33	0.57877E+07	0.22076E+07
2000	34	0.58358E+07	0.22217E+07
2000	35	0.58802E+07	0.22346E+07
2000	36	0.59209E+07	0.22464E+07
2000	37	0.59575E+07	0.22570E+07
2000	38	0.59945E+07	0.22669E+07
2000	39	0.62291E+07	0.22790E+07
2000	40	0.61214E+07	0.22977E+07
2000	41	0.62121E+07	0.26495E+07
2000	42	0.63170E+07	0.27441E+07
2000	43	0.64412E+07	0.24177E+07
2000	44	0.65938E+07	0.24809E+07
2000	45	0.13818E+08	0.25590E+07
2000	46	0.70720E+07	0.26321E+07
2000	47	0.72412E+07	0.27020E+07
2000	48	0.73981E+07	0.27666E+07
2000	49	0.75658E+07	0.28268E+07
2000	50	0.77220E+07	0.28832E+07
2000	51	0.78646E+07	0.29358E+07
2000	52	0.79969E+07	0.29851E+07
2000	53	0.81192E+07	0.30308E+07
2000	54	0.82310E+07	0.30733E+07
2000	55	0.83322E+07	0.31126E+07
2000	56	0.84239E+07	0.31492E+07
2000	57	0.85071E+07	0.31828E+07
2000	58	0.85824E+07	0.32140E+07
2000	59	0.86511E+07	0.32431E+07
2000	60	0.87141E+07	0.32697E+07
2000	61	0.87709E+07	0.32941E+07
2000	62	0.88212E+07	0.33164E+07
2000	63	0.88661E+07	0.33371E+07
2000	64	0.89072E+07	0.33563E+07
2000	65	0.89443E+07	0.33743E+07
2000	66	0.89776E+07	0.33910E+07
2000	67	0.90074E+07	0.34065E+07
2000	68	0.90336E+07	0.34207E+07
2000	69	0.90564E+07	0.34336E+07
2000	70	0.90761E+07	0.34453E+07
2000	71	0.90932E+07	0.34557E+07
2000	72	0.91078E+07	0.34650E+07
2000	73	0.91206E+07	0.34733E+07
2000	74	0.91309E+07	0.34805E+07
2000	75	0.91390E+07	0.34865E+07
2000	76	0.91446E+07	0.34915E+07
2000	77	0.91484E+07	0.34955E+07
2000	78	0.91506E+07	0.34986E+07
2000	79	0.91510E+07	0.35007E+07
2000	80	0.91549E+07	0.35021E+07
2000	81	0.91565E+07	0.35028E+07
2000	82	0.91563E+07	0.35028E+07
2000	83	0.91538E+07	0.35023E+07
2000	84	0.91495E+07	0.35013E+07
2000	85	0.91430E+07	0.34996E+07
2000	86	0.91344E+07	0.34970E+07
2000	87	0.91239E+07	0.34937E+07
2000	88	0.91117E+07	0.34899E+07
2000	89	0.90983E+07	0.34856E+07
2000	90	0.90835E+07	0.34808E+07
2000	91	0.90675E+07	0.34756E+07
2000	92	0.90502E+07	0.34699E+07
2000	93	0.90316E+07	0.34637E+07
2000	94	0.90116E+07	0.34571E+07
2000	95	0.89904E+07	0.34500E+07
2000	96	0.89680E+07	0.34424E+07
2000	97	0.89442E+07	0.34342E+07
2000	98	0.89193E+07	0.34256E+07
2000	99	0.88932E+07	0.34165E+07
2000	100	0.88661E+07	0.34070E+07
2000	101	0.88382E+07	0.33972E+07
2000	102	0.88095E+07	0.33870E+07
2000	103	0.87801E+07	0.33766E+07
2000	104	0.87498E+07	0.33658E+07
2000	105	0.87189E+07	0.33547E+07
2000	106	0.86872E+07	0.33433E+07
2000	107	0.86547E+07	0.33313E+07
2000	108	0.86216E+07	0.33190E+07
2000	109	0.85880E+07	0.33064E+07
2000	110	0.85539E+07	0.32936E+07
2000	111	0.85195E+07	0.32808E+07
2000	112	0.84849E+07	0.32678E+07
2000	113	0.84499E+07	0.32548E+07
2000	114	0.84146E+07	0.32416E+07
2000	115	0.83790E+07	0.32283E+07
2000	116	0.83430E+07	0.32149E+07
2000	117	0.83065E+07	0.32014E+07
2000	118	0.82698E+07	0.31877E+07
2000	119	0.82327E+07	0.31739E+07
2000	120	0.81953E+07	0.31599E+07
2000	121	0.81577E+07	0.31459E+07
2000	122	0.81199E+07	0.31317E+07
2000	123	0.80819E+07	0.31175E+07
2000	124	0.80436E+07	0.31031E+07
2000	125	0.80053E+07	0.30887E+07
2000	126	0.79669E+07	0.30743E+07
2000	127	0.79284E+07	0.30599E+07
2000	128	0.78898E+07	0.30454E+07
2000	129	0.78512E+07	0.30309E+07
2000	130	0.78126E+07	0.30164E+07
2000	131	0.77740E+07	0.30019E+07
2000	132	0.77352E+07	0.29873E+07
2000	133	0.76964E+07	0.29728E+07
2000	134	0.76576E+07	0.29582E+07
2000	135	0.76188E+07	0.29436E+07
2000	136	0.75800E+07	0.29290E+07
2000	137	0.75411E+07	0.29143E+07
2000	138	0.75022E+07	0.28997E+07
2000	139	0.74633E+07	0.28850E+07
2000	140	0.74240E+07	0.28704E+07
2000	141	0.73848E+07	0.28557E+07
2000	142	0.73456E+07	0.28410E+07
2000	143	0.73065E+07	0.28264E+07
2000	144	0.72675E+07	0.28117E+07
2000	145	0.72285E+07	0.27971E+07
2000	146	0.71896E+07	0.27824E+07
2000	147	0.71507E+07	0.27678E+07
2000	148	0.71119E+07	0.27532E+07
2000	149	0.70732E+07	0.27385E+07
2000	150	0.70345E+07	0.27239E+07
2000	151	0.69960E+07	0.27094E+07
2000	152	0.69575E+07	0.26948E+07
2000	153	0.69191E+07	0.26803E+07
2000	154	0.68808E+07	0.26658E+07
2000	155	0.68426E+07	0.26513E+07
2000	156	0.68046E+07	0.26369E+07
2000	157	0.67667E+07	0.26226E+07
2000	158	0.67290E+07	0.26083E+07
2000	159	0.66915E+07	0.25940E+07
2000	160	0.66541E+07	0.25798E+07
2000	161	0.66167E+07	0.25656E+07
2000	162	0.65796E+07	0.25515E+07
2000	163	0.65425E+07	0.25374E+07
2000	164	0.65056E+07	0.25233E+07
2000	165	0.64688E+07	0.25093E+07
2000	166	0.64322E+07	0.24954E+07
2000	167	0.63957E+07	0.24815E+07
2000	168	0.63593E+07	0.24676E+07
2000	169	0.63231E+07	0.24538E+07
2000	170	0.62870E+07	0.24400E+07
2000	171	0.62511E+07	0.24262E+07
2000	172	0.62153E+07	0.24125E+07
2000	173	0.61796E+07	0.23989E+07
2000	174	0.61440E+07	0.23853E+07
2000	175	0.61086E+07	0.23717E+07
2000	176	0.60734E+07	0.23582E+07
2000	177	0.60383E+07	0.23447E+07
2000	178	0.60034E+07	0.23313E+07
2000	179	0.59686E+07	0.23180E+07
2000	180	0.59340E+07	0.23047E+07
2000	181	0.58995E+07	0.22915E+07
2000	182	0.58652E+07	0.22783E+07
2000	183	0.58311E+07	0.22652E+07
2000	184	0.57971E+07	0.22522E+07
2000	185	0.57633E+07	0.22392E+07
2000	186	0.57296E+07	0.22262E+07
2000	187	0.56961E+07	0.22133E+07
2000	188	0.56628E+07	0.22005E+07
2000	189	0.56296E+07	0.21878E+07
2000	190	0.55966E+07	0.21751E+07
2000	191	0.55638E+07	0.21624E+07
2000	192	0.55311E+07	0.21498E+07
2000	193	0.54986E+07	0.21373E+07
2000	194	0.54662E+07	0.21249E+07
2000	195	0.54340E+07	0.21125E+07
2000	196	0.54021E+07	0.21001E+07
2000	197	0.53702E+07	0.20879E+07
2000	198	0.53386E+07	0.20757E+07
2000	199	0.53071E+07	0.20635E+07
2000	200	0.52758E+07	0.20515E+07
2000	201	0.52446E+07	0.20395E+07
2000	202	0.52137E+07	0.20275E+07
2000	203	0.51828E+07	0.20156E+07
2000	204	0.51522E+07	0.20038E+07
2000	205	0.51217E+07	0.19920E+07
2000	206	0.50914E+07	0.19803E+07
2000	207	0.50613E+07	0.19685E+07
2000	208	0.50313E+07	0.19565E+07
2000	209	0.50014E+07	0.19446E+07
2000	210	0.49717E+07	0.19328E+07
2000	211	0.49422E+07	0.19210E+07
2000	212	0.49128E+07	0.19094E+07
2000	213	0.48836E+07	0.18977E+07
2000	214	0.48546E+07	0.18862E+07
2000	215	0.48257E+07	0.18747E+07
2000	216	0.47969E+07	0.18633E+07
2000	217	0.47683E+07	0.18520E+07
2000	218	0.47399E+07	0.18406E+07
2000	219	0.47117E+07	0.18294E+07
2000	220	0.46847E+07	0.18183E+07
2000	221	0.46573E+07	0.18072E+07
2000	222	0.46294E+07	0.17962E+07
2000	223	0.46023E+07	0.17852E+07
2000	224	0.45753E+07	0.17743E+07
2000	225	0.45485E+07	0.17635E+07
2000	226	0.45218E+07	0.17527E+07
2000	227	0.44952E+07	0.17420E+07
2000	228	0.44688E+07	0.17314E+07
2000	229	0.44425E+07	0.17208E+07
2000	230	0.44162E+07	0.17102E+07
2000	231	0.43902E+07	0.16998E+07
2000	232	0.43642E+07	0.16894E+07
2000	233	0.43383E+07	0.16790E+07
2000	234	0.43126E+07	0.16687E+07
2000	235	0.42870E+07	0.16584E+07
2000	236	0.42615E+07	0.16480E+07
2000	237	0.42361E+07	0.16377E+07
2000	238	0.42108E+07	0.16275E+07
2000	239	0.41857E+07	0.16173E+07
2000	240	0.41606E+07	0.16072E+07
2000	241	0.41358E+07	0.15972E+07
2000	242	0.41110E+07	0.15872E+07
2000	243	0.40864E+07	0.15773E+07
2000	244	0.40619E+07	0.15675E+07
2000	245	0.40375E+07	0.15577E+07
2000	246	0.40132E+07	0.15479E+07
2000	247	0.39891E+07	0.15383E+07
2000	248	0.39651E+07	0.15287E+07
2000	249	0.39416E+07	0.15192E+07
2000	250	0.39181E+07	0.15098E+07
2000	251	0.38942E+07	0.15003E+07
2000	252	0.38708E+07	0.14909E+07
2000	253	0.38476E+07	0.14816E+07
2000	254	0.38244E+07	0.14724E+07
2000	255	0.38014E+07	0.14632E+07
2000	256	0.37785E+07	0.14541E+07
2000	257	0.37553E+07	0.14450E+07
2000	258	0.37322E+07	0.14360E+07
2000	259	0.37093E+07	0.14271E+07
2000	260	0.36866E+07	0.14182E+07
2000	261	0.36639E+07	0.14094E+07
2000	262	0.36414E+07	0.14006E+07
2000	263	0.36190E+07	0.13919E+07
2000	264	0.35967E+07	0.13832E+07
2000	265	0.35746E+07	0.13746E+07
2000	266	0.35526E+07	0.13660E+07
2000	267	0.35307E+07	0.13575E+07
2000	268	0.35089E+07	0.13491E+07
2000	269	0.34873E+07	0.13407E+07
2000	270	0.34658E+07	0.13324E+07
2000	271	0.34444E+07	0.13241E+07
2000	272	0.34230E+07	0.13159E+07
2000	273	0.34028E+07	0.13078E+07
2000	274	0.33818E+07	0.13001E+07
2000	275	0.33609E+07	0.12921E+07
2000	276	0.33399E+07	0.12836E+07
2000	277	0.33194E+07	0.12755E+07
2000	278	0.32997E+07	0.12682E+07
2000	279	0.32802E+07	0.66472E+07
2000	280	0.32611E+07	0.12529E+07
2000	281	0.32422E+07	0.12454E+07
2000	282	0.32241E+07	0.12379E+07
2000	283	0.32052E+07	0.12295E+07
2000	284	0.31871E+07	0.12221E+07
2000	285	0.31700E+07	0.12156E+07
2000	286	0.31522E+07	0.12082E+07
2000	287	0.31350E+07	0.12013E+07
2000	288	0.31182E+07	0.11942E+07
2000	289	0.31028E+07	0.11881E+07
2000	290	0.30888E+07	0.11823E+07
2000	291	0.30749E+07	0.11754E+07
2000	292	0.30606E+07	0.11695E+07
2000	293	0.30470E+07	0.11637E+07
2000	294	0.30333E+07	0.11578E+07
2000	295	0.30195E+07	0.11518E+07
2000	296	0.30057E+07	0.11459E+07
2000	297	0.29918E+07	0.11400E+07
2000	298	0.29778E+07	0.11340E+07
2000	299	0.29637E+07	0.11280E+07
2000	300	0.29496E+07	0.11221E+07
2000	301	0.29374E+07	0.11163E+07
2000	302	0.29254E+07	0.11108E+07
2000	303	0.29130E+07	0.11043E+07
2000	304	0.29014E+07	0.10984E+07
2000	305	0.28900E+07	0.10927E+07
2000	306	0.28797E+07	0.10875E+07
2000	307	0.28703E+07	0.10823E+07
2000	308	0.28625E+07	0.10771E+07
2000	309	0.28575E+07	0.13454E+07
2000	310	0.28536E+07	0.10690E+07
2000	311	0.28544E+07	0.10661E+07
2000	312	0.28571E+07	0.10627E+07
2000	313	0.28592E+07	0.10591E+07
2000	314	0.28636E+07	0.10565E+07
2000	315	0.57280E+07	0.31765E+07
2000	316	0.28930E+07	0.10564E+07
2000	317	0.29115E+07	0.10582E+07
2000	318	0.29358E+07	0.10610E+07
2000	319	0.29658E+07	0.10659E+07
2000	320	0.29984E+07	0.10720E+07
2000	321	0.30336E+07	0.10812E+07
2000	322	0.30706E+07	0.10918E+07
2000	323	0.31166E+07	0.11039E+07
2000	324	0.31657E+07	0.11170E+07
2000	325	0.32203E+07	0.11323E+07
2000	326	0.32774E+07	0.11492E+07
2000	327	0.33312E+07	0.11641E+07
2000	328	0.33820E+07	0.11788E+07
2000	329	0.34298E+07	0.11925E+07
2000	330	0.34739E+07	0.12050E+07
2000	331	0.35143E+07	0.12166E+07
2000	332	0.35511E+07	0.12272E+07
2000	333	0.35846E+07	0.12370E+07
2000	334	0.36158E+07	0.12463E+07
2000	335	0.36582E+07	0.12604E+07
2001	1	0.37107E+07	0.12779E+07
2001	2	0.51246E+07	0.29004E+07
2001	3	0.38724E+07	0.13361E+07
2001	4	0.39708E+07	0.13728E+07
2001	5	0.40644E+07	0.14070E+07
2001	6	0.41548E+07	0.14409E+07
2001	7	0.42411E+07	0.14735E+07
2001	8	0.43236E+07	0.15048E+07
2001	9	0.44032E+07	0.15350E+07
2001	10	0.44793E+07	0.15641E+07
2001	11	0.45519E+07	0.15921E+07
2001	12	0.46212E+07	0.16189E+07
2001	13	0.46871E+07	0.16448E+07
2001	14	0.47495E+07	0.16696E+07
2001	15	0.48080E+07	0.16932E+07
2001	16	0.48625E+07	0.17157E+07
2001	17	0.49137E+07	0.17372E+07
2001	18	0.49619E+07	0.17578E+07
2001	19	0.50070E+07	0.17775E+07
2001	20	0.61501E+07	0.20913E+07
2001	21	0.26360E+08	0.40448E+08
2001	22	0.44124E+08	0.52137E+08
2001	23	0.69966E+07	0.20785E+08
2001	24	0.55785E+07	0.20640E+07
2001	25	0.57592E+07	0.21695E+07
2001	26	0.59281E+07	0.22766E+07
2001	27	0.61017E+07	0.23843E+07
2001	28	0.62661E+07	0.24897E+07
2001	29	0.64507E+07	0.26018E+07
2001	30	0.66736E+07	0.27064E+07
2001	31	0.69376E+07	0.28047E+07
