groundwater discharge [m**3/timestep] for all sub-basins (MAP-IDs)
Year	Day	Timestep	15	69
2000	1	1	0.45700E+07	0.17183E+07
2000	2	1	0.45905E+07	0.17259E+07
2000	3	1	0.46139E+07	0.17347E+07
2000	4	1	0.46358E+07	0.17446E+07
2000	5	1	0.46674E+07	0.17593E+07
2000	6	1	0.47066E+07	0.17781E+07
2000	7	1	0.47496E+07	0.18021E+07
2000	8	1	0.47990E+07	0.18252E+07
2000	9	1	0.48532E+07	0.18471E+07
2000	10	1	0.49044E+07	0.18677E+07
2000	11	1	0.49527E+07	0.18869E+07
2000	12	1	0.49979E+07	0.19050E+07
2000	13	1	0.50401E+07	0.19216E+07
2000	14	1	0.50793E+07	0.19370E+07
2000	15	1	0.51154E+07	0.19511E+07
2000	16	1	0.51486E+07	0.19641E+07
2000	17	1	0.51795E+07	0.19760E+07
2000	18	1	0.52180E+07	0.19891E+07
2000	19	1	0.52626E+07	0.20080E+07
2000	20	1	0.53047E+07	0.20259E+07
2000	21	1	0.53444E+07	0.20423E+07
2000	22	1	0.53811E+07	0.20575E+07
2000	23	1	0.54150E+07	0.20715E+07
2000	24	1	0.54456E+07	0.20844E+07
2000	25	1	0.54730E+07	0.20961E+07
2000	26	1	0.54975E+07	0.21068E+07
2000	27	1	0.55195E+07	0.21166E+07
2000	28	1	0.55444E+07	0.21262E+07
2000	29	1	0.55817E+07	0.21397E+07
2000	30	1	0.56256E+07	0.21579E+07
2000	31	1	0.56801E+07	0.21752E+07
2000	32	1	0.57352E+07	0.21916E+07
2000	33	1	0.57870E+07	0.22071E+07
2000	34	1	0.58353E+07	0.22213E+07
2000	35	1	0.58798E+07	0.22343E+07
2000	36	1	0.59207E+07	0.22461E+07
2000	37	1	0.59573E+07	0.22568E+07
2000	38	1	0.59938E+07	0.22667E+07
2000	39	1	0.60491E+07	0.22779E+07
2000	40	1	0.61196E+07	0.22959E+07
2000	41	1	0.62103E+07	0.23243E+07
2000	42	1	0.63151E+07	0.23654E+07
2000	43	1	0.64391E+07	0.24151E+07
2000	44	1	0.65915E+07	0.24780E+07
2000	45	1	0.67964E+07	0.25558E+07
2000	46	1	0.70111E+07	0.26301E+07
2000	47	1	0.72107E+07	0.27001E+07
2000	48	1	0.73949E+07	0.27648E+07
2000	49	1	0.75646E+07	0.28251E+07
2000	50	1	0.77212E+07	0.28816E+07
2000	51	1	0.78638E+07	0.29343E+07
2000	52	1	0.79963E+07	0.29837E+07
2000	53	1	0.81187E+07	0.30295E+07
2000	54	1	0.82307E+07	0.30720E+07
2000	55	1	0.83320E+07	0.31115E+07
2000	56	1	0.84238E+07	0.31482E+07
2000	57	1	0.85072E+07	0.31818E+07
2000	58	1	0.85826E+07	0.32132E+07
2000	59	1	0.86514E+07	0.32423E+07
2000	60	1	0.87145E+07	0.32690E+07
2000	61	1	0.87714E+07	0.32935E+07
2000	62	1	0.88218E+07	0.33159E+07
2000	63	1	0.88668E+07	0.33366E+07
2000	64	1	0.89079E+07	0.33559E+07
2000	65	1	0.89451E+07	0.33739E+07
2000	66	1	0.89785E+07	0.33907E+07
2000	67	1	0.90084E+07	0.34062E+07
2000	68	1	0.90347E+07	0.34205E+07
2000	69	1	0.90576E+07	0.34334E+07
2000	70	1	0.90772E+07	0.34452E+07
2000	71	1	0.90944E+07	0.34556E+07
2000	72	1	0.91091E+07	0.34650E+07
2000	73	1	0.91219E+07	0.34734E+07
2000	74	1	0.91323E+07	0.34806E+07
2000	75	1	0.91405E+07	0.34866E+07
2000	76	1	0.91461E+07	0.34917E+07
2000	77	1	0.91499E+07	0.34958E+07
2000	78	1	0.91522E+07	0.34989E+07
2000	79	1	0.91526E+07	0.35011E+07
2000	80	1	0.91560E+07	0.35025E+07
2000	81	1	0.91580E+07	0.35032E+07
2000	82	1	0.91579E+07	0.35033E+07
2000	83	1	0.91556E+07	0.35029E+07
2000	84	1	0.91513E+07	0.35019E+07
2000	85	1	0.91449E+07	0.35002E+07
2000	86	1	0.91363E+07	0.34977E+07
2000	87	1	0.91258E+07	0.34945E+07
2000	88	1	0.91137E+07	0.34907E+07
2000	89	1	0.91003E+07	0.34864E+07
2000	90	1	0.90856E+07	0.34817E+07
2000	91	1	0.90696E+07	0.34765E+07
2000	92	1	0.90523E+07	0.34708E+07
2000	93	1	0.90337E+07	0.34647E+07
2000	94	1	0.90139E+07	0.34581E+07
2000	95	1	0.89927E+07	0.34510E+07
2000	96	1	0.89703E+07	0.34435E+07
2000	97	1	0.89466E+07	0.34354E+07
2000	98	1	0.89217E+07	0.34268E+07
2000	99	1	0.88956E+07	0.34178E+07
2000	100	1	0.88686E+07	0.34083E+07
2000	101	1	0.88407E+07	0.33985E+07
2000	102	1	0.88121E+07	0.33884E+07
2000	103	1	0.87827E+07	0.33779E+07
2000	104	1	0.87525E+07	0.33671E+07
2000	105	1	0.87216E+07	0.33561E+07
2000	106	1	0.86899E+07	0.33447E+07
2000	107	1	0.86575E+07	0.33327E+07
2000	108	1	0.86244E+07	0.33203E+07
2000	109	1	0.85909E+07	0.33078E+07
2000	110	1	0.85568E+07	0.32950E+07
2000	111	1	0.85225E+07	0.32821E+07
2000	112	1	0.84878E+07	0.32692E+07
2000	113	1	0.84529E+07	0.32561E+07
2000	114	1	0.84176E+07	0.32429E+07
2000	115	1	0.83820E+07	0.32296E+07
2000	116	1	0.83460E+07	0.32162E+07
2000	117	1	0.83096E+07	0.32027E+07
2000	118	1	0.82729E+07	0.31890E+07
2000	119	1	0.82358E+07	0.31752E+07
2000	120	1	0.81985E+07	0.31612E+07
2000	121	1	0.81609E+07	0.31472E+07
2000	122	1	0.81232E+07	0.31330E+07
2000	123	1	0.80851E+07	0.31188E+07
2000	124	1	0.80469E+07	0.31044E+07
2000	125	1	0.80086E+07	0.30900E+07
2000	126	1	0.79702E+07	0.30756E+07
2000	127	1	0.79317E+07	0.30611E+07
2000	128	1	0.78931E+07	0.30466E+07
2000	129	1	0.78545E+07	0.30322E+07
2000	130	1	0.78159E+07	0.30177E+07
2000	131	1	0.77773E+07	0.30032E+07
2000	132	1	0.77385E+07	0.29886E+07
2000	133	1	0.76997E+07	0.29740E+07
2000	134	1	0.76609E+07	0.29594E+07
2000	135	1	0.76221E+07	0.29448E+07
2000	136	1	0.75833E+07	0.29302E+07
2000	137	1	0.75444E+07	0.29155E+07
2000	138	1	0.75055E+07	0.29009E+07
2000	139	1	0.74665E+07	0.28862E+07
2000	140	1	0.74272E+07	0.28716E+07
2000	141	1	0.73880E+07	0.28569E+07
2000	142	1	0.73488E+07	0.28422E+07
2000	143	1	0.73097E+07	0.28275E+07
2000	144	1	0.72706E+07	0.28129E+07
2000	145	1	0.72316E+07	0.27982E+07
2000	146	1	0.71927E+07	0.27836E+07
2000	147	1	0.71538E+07	0.27689E+07
2000	148	1	0.71150E+07	0.27543E+07
2000	149	1	0.70762E+07	0.27397E+07
2000	150	1	0.70376E+07	0.27251E+07
2000	151	1	0.69990E+07	0.27105E+07
2000	152	1	0.69605E+07	0.26959E+07
2000	153	1	0.69221E+07	0.26814E+07
2000	154	1	0.68838E+07	0.26669E+07
2000	155	1	0.68456E+07	0.26524E+07
2000	156	1	0.68075E+07	0.26380E+07
2000	157	1	0.67697E+07	0.26237E+07
2000	158	1	0.67319E+07	0.26094E+07
2000	159	1	0.66944E+07	0.25951E+07
2000	160	1	0.66569E+07	0.25809E+07
2000	161	1	0.66196E+07	0.25667E+07
2000	162	1	0.65824E+07	0.25526E+07
2000	163	1	0.65453E+07	0.25384E+07
2000	164	1	0.65084E+07	0.25244E+07
2000	165	1	0.64716E+07	0.25104E+07
2000	166	1	0.64350E+07	0.24964E+07
2000	167	1	0.63985E+07	0.24825E+07
2000	168	1	0.63621E+07	0.24686E+07
2000	169	1	0.63259E+07	0.24548E+07
2000	170	1	0.62898E+07	0.24410E+07
2000	171	1	0.62538E+07	0.24272E+07
2000	172	1	0.62179E+07	0.24135E+07
2000	173	1	0.61822E+07	0.23999E+07
2000	174	1	0.61467E+07	0.23863E+07
2000	175	1	0.61113E+07	0.23727E+07
2000	176	1	0.60760E+07	0.23592E+07
2000	177	1	0.60409E+07	0.23457E+07
2000	178	1	0.60060E+07	0.23323E+07
2000	179	1	0.59712E+07	0.23190E+07
2000	180	1	0.59366E+07	0.23057E+07
2000	181	1	0.59021E+07	0.22925E+07
2000	182	1	0.58678E+07	0.22793E+07
2000	183	1	0.58336E+07	0.22662E+07
2000	184	1	0.57996E+07	0.22531E+07
2000	185	1	0.57658E+07	0.22401E+07
2000	186	1	0.57321E+07	0.22272E+07
2000	187	1	0.56986E+07	0.22143E+07
2000	188	1	0.56652E+07	0.22014E+07
2000	189	1	0.56320E+07	0.21887E+07
2000	190	1	0.55990E+07	0.21760E+07
2000	191	1	0.55662E+07	0.21633E+07
2000	192	1	0.55335E+07	0.21507E+07
2000	193	1	0.55009E+07	0.21382E+07
2000	194	1	0.54686E+07	0.21257E+07
2000	195	1	0.54364E+07	0.21133E+07
2000	196	1	0.54044E+07	0.21010E+07
2000	197	1	0.53725E+07	0.20887E+07
2000	198	1	0.53409E+07	0.20765E+07
2000	199	1	0.53094E+07	0.20644E+07
2000	200	1	0.52781E+07	0.20523E+07
2000	201	1	0.52469E+07	0.20403E+07
2000	202	1	0.52159E+07	0.20284E+07
2000	203	1	0.51851E+07	0.20165E+07
2000	204	1	0.51544E+07	0.20046E+07
2000	205	1	0.51239E+07	0.19928E+07
2000	206	1	0.50936E+07	0.19811E+07
2000	207	1	0.50634E+07	0.19693E+07
2000	208	1	0.50334E+07	0.19573E+07
2000	209	1	0.50036E+07	0.19454E+07
2000	210	1	0.49739E+07	0.19336E+07
2000	211	1	0.49443E+07	0.19218E+07
2000	212	1	0.49150E+07	0.19101E+07
2000	213	1	0.48857E+07	0.18985E+07
2000	214	1	0.48567E+07	0.18870E+07
2000	215	1	0.48277E+07	0.18755E+07
2000	216	1	0.47990E+07	0.18640E+07
2000	217	1	0.47704E+07	0.18527E+07
2000	218	1	0.47419E+07	0.18414E+07
2000	219	1	0.47137E+07	0.18302E+07
2000	220	1	0.46860E+07	0.18190E+07
2000	221	1	0.46586E+07	0.18079E+07
2000	222	1	0.46314E+07	0.17969E+07
2000	223	1	0.46043E+07	0.17859E+07
2000	224	1	0.45773E+07	0.17751E+07
2000	225	1	0.45505E+07	0.17642E+07
2000	226	1	0.45238E+07	0.17534E+07
2000	227	1	0.44972E+07	0.17427E+07
2000	228	1	0.44707E+07	0.17321E+07
2000	229	1	0.44444E+07	0.17215E+07
2000	230	1	0.44182E+07	0.17110E+07
2000	231	1	0.43921E+07	0.17005E+07
2000	232	1	0.43661E+07	0.16901E+07
2000	233	1	0.43402E+07	0.16797E+07
2000	234	1	0.43145E+07	0.16694E+07
2000	235	1	0.42888E+07	0.16591E+07
2000	236	1	0.42633E+07	0.16487E+07
2000	237	1	0.42379E+07	0.16384E+07
2000	238	1	0.42126E+07	0.16282E+07
2000	239	1	0.41875E+07	0.16180E+07
2000	240	1	0.41624E+07	0.16079E+07
2000	241	1	0.41376E+07	0.15978E+07
2000	242	1	0.41128E+07	0.15879E+07
2000	243	1	0.40881E+07	0.15780E+07
2000	244	1	0.40636E+07	0.15681E+07
2000	245	1	0.40392E+07	0.15583E+07
2000	246	1	0.40150E+07	0.15486E+07
2000	247	1	0.39908E+07	0.15389E+07
2000	248	1	0.39668E+07	0.15293E+07
2000	249	1	0.39429E+07	0.15198E+07
2000	250	1	0.39193E+07	0.15103E+07
2000	251	1	0.38958E+07	0.15009E+07
2000	252	1	0.38725E+07	0.14915E+07
2000	253	1	0.38492E+07	0.14822E+07
2000	254	1	0.38261E+07	0.14730E+07
2000	255	1	0.38031E+07	0.14638E+07
2000	256	1	0.37801E+07	0.14547E+07
2000	257	1	0.37569E+07	0.14456E+07
2000	258	1	0.37339E+07	0.14366E+07
2000	259	1	0.37109E+07	0.14277E+07
2000	260	1	0.36881E+07	0.14188E+07
2000	261	1	0.36655E+07	0.14099E+07
2000	262	1	0.36430E+07	0.14012E+07
2000	263	1	0.36205E+07	0.13924E+07
2000	264	1	0.35983E+07	0.13838E+07
2000	265	1	0.35761E+07	0.13752E+07
2000	266	1	0.35541E+07	0.13666E+07
2000	267	1	0.35322E+07	0.13581E+07
2000	268	1	0.35105E+07	0.13497E+07
2000	269	1	0.34888E+07	0.13413E+07
2000	270	1	0.34673E+07	0.13329E+07
2000	271	1	0.34459E+07	0.13246E+07
2000	272	1	0.34245E+07	0.13164E+07
2000	273	1	0.34034E+07	0.13082E+07
2000	274	1	0.33825E+07	0.13001E+07
2000	275	1	0.33617E+07	0.12920E+07
2000	276	1	0.33411E+07	0.12840E+07
2000	277	1	0.33206E+07	0.12760E+07
2000	278	1	0.33003E+07	0.12681E+07
2000	279	1	0.32807E+07	0.12602E+07
2000	280	1	0.32615E+07	0.12524E+07
2000	281	1	0.32427E+07	0.12448E+07
2000	282	1	0.32245E+07	0.12374E+07
2000	283	1	0.32064E+07	0.12300E+07
2000	284	1	0.31884E+07	0.12226E+07
2000	285	1	0.31707E+07	0.12153E+07
2000	286	1	0.31530E+07	0.12081E+07
2000	287	1	0.31357E+07	0.12010E+07
2000	288	1	0.31188E+07	0.11939E+07
2000	289	1	0.31031E+07	0.11876E+07
2000	290	1	0.30891E+07	0.11817E+07
2000	291	1	0.30755E+07	0.11759E+07
2000	292	1	0.30619E+07	0.11700E+07
2000	293	1	0.30483E+07	0.11641E+07
2000	294	1	0.30346E+07	0.11582E+07
2000	295	1	0.30208E+07	0.11523E+07
2000	296	1	0.30070E+07	0.11464E+07
2000	297	1	0.29931E+07	0.11404E+07
2000	298	1	0.29791E+07	0.11345E+07
2000	299	1	0.29650E+07	0.11285E+07
2000	300	1	0.29508E+07	0.11225E+07
2000	301	1	0.29378E+07	0.11166E+07
2000	302	1	0.29258E+07	0.11106E+07
2000	303	1	0.29138E+07	0.11047E+07
2000	304	1	0.29020E+07	0.10988E+07
2000	305	1	0.28906E+07	0.10930E+07
2000	306	1	0.28802E+07	0.10872E+07
2000	307	1	0.28708E+07	0.10819E+07
2000	308	1	0.28629E+07	0.10768E+07
2000	309	1	0.28576E+07	0.10726E+07
2000	310	1	0.28536E+07	0.10687E+07
2000	311	1	0.28539E+07	0.10656E+07
2000	312	1	0.28565E+07	0.10625E+07
2000	313	1	0.28591E+07	0.10594E+07
2000	314	1	0.28631E+07	0.10563E+07
2000	315	1	0.28758E+07	0.10552E+07
2000	316	1	0.28918E+07	0.10558E+07
2000	317	1	0.29102E+07	0.10576E+07
2000	318	1	0.29342E+07	0.10605E+07
2000	319	1	0.29640E+07	0.10652E+07
2000	320	1	0.29966E+07	0.10713E+07
2000	321	1	0.30318E+07	0.10802E+07
2000	322	1	0.30688E+07	0.10907E+07
2000	323	1	0.31145E+07	0.11027E+07
2000	324	1	0.31636E+07	0.11158E+07
2000	325	1	0.32181E+07	0.11309E+07
2000	326	1	0.32752E+07	0.11477E+07
2000	327	1	0.33295E+07	0.11635E+07
2000	328	1	0.33806E+07	0.11783E+07
2000	329	1	0.34286E+07	0.11920E+07
2000	330	1	0.34728E+07	0.12047E+07
2000	331	1	0.35133E+07	0.12163E+07
2000	332	1	0.35502E+07	0.12270E+07
2000	333	1	0.35838E+07	0.12368E+07
2000	334	1	0.36149E+07	0.12460E+07
2000	335	1	0.36563E+07	0.12590E+07
2001	1	1	0.37085E+07	0.12762E+07
2001	2	1	0.37838E+07	0.13030E+07
2001	3	1	0.38698E+07	0.13339E+07
2001	4	1	0.39681E+07	0.13703E+07
2001	5	1	0.40624E+07	0.14056E+07
2001	6	1	0.41529E+07	0.14395E+07
2001	7	1	0.42394E+07	0.14722E+07
2001	8	1	0.43220E+07	0.15036E+07
2001	9	1	0.44016E+07	0.15338E+07
2001	10	1	0.44778E+07	0.15629E+07
2001	11	1	0.45506E+07	0.15909E+07
2001	12	1	0.46199E+07	0.16179E+07
2001	13	1	0.46860E+07	0.16437E+07
2001	14	1	0.47485E+07	0.16686E+07
2001	15	1	0.48070E+07	0.16923E+07
2001	16	1	0.48616E+07	0.17148E+07
2001	17	1	0.49129E+07	0.17364E+07
2001	18	1	0.49612E+07	0.17570E+07
2001	19	1	0.50064E+07	0.17768E+07
2001	20	1	0.50598E+07	0.17995E+07
2001	21	1	0.51434E+07	0.18368E+07
2001	22	1	0.52654E+07	0.18938E+07
2001	23	1	0.54101E+07	0.19711E+07
2001	24	1	0.55757E+07	0.20605E+07
2001	25	1	0.57565E+07	0.21658E+07
2001	26	1	0.59262E+07	0.22733E+07
2001	27	1	0.60992E+07	0.23810E+07
2001	28	1	0.62641E+07	0.24866E+07
2001	29	1	0.64482E+07	0.25983E+07
2001	30	1	0.66620E+07	0.27037E+07
2001	31	1	0.68746E+07	0.28023E+07
