sub-daily contribution to river [m3/s] for all sub-basins (MAP-IDs)
Year	Day	Timestep	15	69
2000	1	1	   52.89358	   19.88721
2000	2	1	   53.14642	   19.98353
2000	3	1	   53.41533	   20.08857
2000	4	1	   53.66095	   20.20426
2000	5	1	   54.03825	   20.38044
2000	6	1	   54.49326	   20.60004
2000	7	1	   54.99009	   20.88046
2000	8	1	   55.56352	   21.13864
2000	9	1	   56.19066	   21.38943
2000	10	1	   56.77618	   21.62523
2000	11	1	   57.33361	   21.84728
2000	12	1	   57.85495	   22.05549
2000	13	1	   58.34314	   22.24724
2000	14	1	   58.79427	   22.42477
2000	15	1	   59.21052	   22.58743
2000	16	1	   59.59417	   22.73617
2000	17	1	   59.95553	   22.87454
2000	18	1	   60.40874	   23.03624
2000	19	1	   60.92611	   23.26152
2000	20	1	   61.40580	   23.45453
2000	21	1	   61.86431	   23.64427
2000	22	1	   62.28676	   23.81933
2000	23	1	   62.67626	   23.98036
2000	24	1	   63.02969	   24.12876
2000	25	1	   63.34566	   24.26374
2000	26	1	   63.62900	   24.38662
2000	27	1	   63.88219	   24.49924
2000	28	1	   64.18172	   24.61749
2000	29	1	   64.61855	   24.78128
2000	30	1	   65.12592	   24.99425
2000	31	1	   65.75996	   25.18433
2000	32	1	   66.39287	   25.37244
2000	33	1	   66.98755	   25.55045
2000	34	1	   67.54398	   25.71428
2000	35	1	   68.05734	   25.86377
2000	36	1	   68.52892	   25.99964
2000	37	1	   68.95233	   26.12224
2000	38	1	   69.38049	   26.23783
2000	39	1	   72.09654	   26.37726
2000	40	1	   70.84921	   26.59376
2000	41	1	   71.89984	   30.66501
2000	42	1	   73.11399	   31.76000
2000	43	1	   74.55090	   27.98252
2000	44	1	   76.31695	   28.71377
2000	45	1	  159.93585	   29.61753
2000	46	1	   81.85154	   30.46418
2000	47	1	   83.80985	   31.27345
2000	48	1	   85.62580	   32.02031
2000	49	1	   87.56687	   32.71756
2000	50	1	   89.37549	   33.37080
2000	51	1	   91.02522	   33.97950
2000	52	1	   92.55669	   34.54969
2000	53	1	   93.97196	   35.07873
2000	54	1	   95.26676	   35.57013
2000	55	1	   96.43757	   36.02589
2000	56	1	   97.49828	   36.44917
2000	57	1	   98.46159	   36.83773
2000	58	1	   99.33286	   37.19954
2000	59	1	  100.12870	   37.53539
2000	60	1	  100.85803	   37.84394
2000	61	1	  101.51455	   38.12632
2000	62	1	  102.09676	   38.38483
2000	63	1	  102.61681	   38.62366
2000	64	1	  103.09218	   38.84630
2000	65	1	  103.52149	   39.05412
2000	66	1	  103.90748	   39.24804
2000	67	1	  104.25244	   39.42752
2000	68	1	  104.55583	   39.59175
2000	69	1	  104.81982	   39.74076
2000	70	1	  105.04719	   39.87604
2000	71	1	  105.24488	   39.99646
2000	72	1	  105.41402	   40.10395
2000	73	1	  105.56245	   40.20077
2000	74	1	  105.68198	   40.28311
2000	75	1	  105.77554	   40.35284
2000	76	1	  105.84039	   40.41039
2000	77	1	  105.88426	   40.45712
2000	78	1	  105.90940	   40.49287
2000	79	1	  105.91467	   40.51749
2000	80	1	  105.95980	   40.53329
2000	81	1	  105.97858	   40.54202
2000	82	1	  105.97569	   40.54200
2000	83	1	  105.94724	   40.53616
2000	84	1	  105.89712	   40.52478
2000	85	1	  105.82228	   40.50432
2000	86	1	  105.72253	   40.47459
2000	87	1	  105.60017	   40.43677
2000	88	1	  105.45966	   40.39272
2000	89	1	  105.30386	   40.34280
2000	90	1	  105.13316	   40.28695
2000	91	1	  104.94757	   40.22655
2000	92	1	  104.74727	   40.16048
2000	93	1	  104.53185	   40.08929
2000	94	1	  104.30108	   40.01246
2000	95	1	  104.05566	   39.93031
2000	96	1	  103.79611	   39.84246
2000	97	1	  103.52139	   39.74826
2000	98	1	  103.23250	   39.64816
2000	99	1	  102.93024	   39.54285
2000	100	1	  102.61681	   39.43293
2000	101	1	  102.29343	   39.31928
2000	102	1	  101.96208	   39.20192
2000	103	1	  101.62106	   39.08061
2000	104	1	  101.27131	   38.95584
2000	105	1	  100.91301	   38.82761
2000	106	1	  100.54581	   38.69596
2000	107	1	  100.17002	   38.55680
2000	108	1	   99.78676	   38.41380
2000	109	1	   99.39828	   38.26833
2000	110	1	   99.00381	   38.12070
2000	111	1	   98.60584	   37.97168
2000	112	1	   98.20499	   37.82172
2000	113	1	   97.80032	   37.67078
2000	114	1	   97.39127	   37.51819
2000	115	1	   96.97871	   37.36465
2000	116	1	   96.56192	   37.20971
2000	117	1	   96.14056	   37.05309
2000	118	1	   95.71471	   36.89463
2000	119	1	   95.28564	   36.73452
2000	120	1	   94.85350	   36.57324
2000	121	1	   94.41824	   36.41073
2000	122	1	   93.98071	   36.24703
2000	123	1	   93.54010	   36.08191
2000	124	1	   93.09757	   35.91592
2000	125	1	   92.65380	   35.74935
2000	126	1	   92.20913	   35.58249
2000	127	1	   91.76345	   35.41501
2000	128	1	   91.31710	   35.24740
2000	129	1	   90.87080	   35.08000
2000	130	1	   90.42414	   34.91239
2000	131	1	   89.97647	   34.74430
2000	132	1	   89.52789	   34.57580
2000	133	1	   89.07903	   34.40732
2000	134	1	   88.63007	   34.23854
2000	135	1	   88.18081	   34.06949
2000	136	1	   87.73124	   33.90016
2000	137	1	   87.28139	   33.73068
2000	138	1	   86.83141	   33.56112
2000	139	1	   86.38038	   33.39154
2000	140	1	   85.92624	   33.22193
2000	141	1	   85.47239	   33.05222
2000	142	1	   85.01908	   32.88246
2000	143	1	   84.56630	   32.71264
2000	144	1	   84.11454	   32.54302
2000	145	1	   83.66343	   32.37345
2000	146	1	   83.21294	   32.20393
2000	147	1	   82.76307	   32.03451
2000	148	1	   82.31382	   31.86518
2000	149	1	   81.86541	   31.69604
2000	150	1	   81.41805	   31.52717
2000	151	1	   80.97166	   31.35856
2000	152	1	   80.52621	   31.19016
2000	153	1	   80.08183	   31.02201
2000	154	1	   79.63864	   30.85421
2000	155	1	   79.19695	   30.68689
2000	156	1	   78.75690	   30.52013
2000	157	1	   78.31870	   30.35393
2000	158	1	   77.88239	   30.18833
2000	159	1	   77.44772	   30.02336
2000	160	1	   77.01448	   29.85883
2000	161	1	   76.58264	   29.69475
2000	162	1	   76.15231	   29.53118
2000	163	1	   75.72335	   29.36800
2000	164	1	   75.29595	   29.20526
2000	165	1	   74.87032	   29.04319
2000	166	1	   74.44647	   28.88165
2000	167	1	   74.02424	   28.72065
2000	168	1	   73.60353	   28.56008
2000	169	1	   73.18428	   28.40000
2000	170	1	   72.76659	   28.24044
2000	171	1	   72.35045	   28.08141
2000	172	1	   71.93584	   27.92286
2000	173	1	   71.52276	   27.76481
2000	174	1	   71.11121	   27.60727
2000	175	1	   70.70156	   27.45030
2000	176	1	   70.29362	   27.29393
2000	177	1	   69.88757	   27.13821
2000	178	1	   69.48341	   26.98319
2000	179	1	   69.08105	   26.82889
2000	180	1	   68.68052	   26.67524
2000	181	1	   68.28173	   26.52218
2000	182	1	   67.88469	   26.36973
2000	183	1	   67.48946	   26.21793
2000	184	1	   67.09614	   26.06679
2000	185	1	   66.70467	   25.91634
2000	186	1	   66.31503	   25.76654
2000	187	1	   65.92733	   25.61747
2000	188	1	   65.54152	   25.46908
2000	189	1	   65.15756	   25.32137
2000	190	1	   64.77546	   25.17433
2000	191	1	   64.39531	   25.02802
2000	192	1	   64.01707	   24.88241
2000	193	1	   63.64076	   24.73749
2000	194	1	   63.26640	   24.59329
2000	195	1	   62.89408	   24.44989
2000	196	1	   62.52373	   24.30721
2000	197	1	   62.15536	   24.16527
2000	198	1	   61.78896	   24.02406
2000	199	1	   61.42456	   23.88361
2000	200	1	   61.06216	   23.74391
2000	201	1	   60.70170	   23.60494
2000	202	1	   60.34318	   23.46670
2000	203	1	   59.98660	   23.32918
2000	204	1	   59.63193	   23.19236
2000	205	1	   59.27920	   23.05565
2000	206	1	   58.92834	   22.91962
2000	207	1	   58.57936	   22.78310
2000	208	1	   58.23220	   22.64473
2000	209	1	   57.88683	   22.50715
2000	210	1	   57.54322	   22.37034
2000	211	1	   57.20171	   22.23430
2000	212	1	   56.86163	   22.09904
2000	213	1	   56.52347	   21.96455
2000	214	1	   56.18710	   21.83082
2000	215	1	   55.85248	   21.69786
2000	216	1	   55.52007	   21.56565
2000	217	1	   55.18887	   21.43464
2000	218	1	   54.85986	   21.30362
2000	219	1	   54.53355	   21.17377
2000	220	1	   54.22131	   21.04557
2000	221	1	   53.90380	   20.91644
2000	222	1	   53.58046	   20.78890
2000	223	1	   53.26707	   20.66212
2000	224	1	   52.95523	   20.53606
2000	225	1	   52.64482	   20.41072
2000	226	1	   52.33583	   20.28609
2000	227	1	   52.02826	   20.16216
2000	228	1	   51.72209	   20.03892
2000	229	1	   51.41732	   19.91638
2000	230	1	   51.11391	   19.79452
2000	231	1	   50.81194	   19.67335
2000	232	1	   50.51136	   19.55286
2000	233	1	   50.21212	   19.43305
2000	234	1	   49.91427	   19.31360
2000	235	1	   49.61774	   19.19426
2000	236	1	   49.32255	   19.07430
2000	237	1	   49.02872	   18.95511
2000	238	1	   48.73624	   18.83668
2000	239	1	   48.44519	   18.71901
2000	240	1	   48.15565	   18.60209
2000	241	1	   47.86774	   18.48601
2000	242	1	   47.58113	   18.37048
2000	243	1	   47.29602	   18.25579
2000	244	1	   47.01233	   18.14183
2000	245	1	   46.73013	   18.02859
2000	246	1	   46.44929	   17.91608
2000	247	1	   46.16985	   17.80429
2000	248	1	   45.89188	   17.69321
2000	249	1	   45.61997	   17.58338
2000	250	1	   45.34850	   17.47428
2000	251	1	   45.07140	   17.36420
2000	252	1	   44.80107	   17.25594
2000	253	1	   44.53213	   17.14836
2000	254	1	   44.26443	   17.04147
2000	255	1	   43.99797	   16.93526
2000	256	1	   43.73213	   16.82972
2000	257	1	   43.46395	   16.72486
2000	258	1	   43.19727	   16.62066
2000	259	1	   42.93208	   16.51713
2000	260	1	   42.66841	   16.41426
2000	261	1	   42.40623	   16.31204
2000	262	1	   42.14556	   16.21048
2000	263	1	   41.88638	   16.10956
2000	264	1	   41.62869	   16.00929
2000	265	1	   41.37249	   15.90965
2000	266	1	   41.11790	   15.81065
2000	267	1	   40.86457	   15.71228
2000	268	1	   40.61284	   15.61453
2000	269	1	   40.36259	   15.51741
2000	270	1	   40.11381	   15.42090
2000	271	1	   39.86565	   15.32501
2000	272	1	   39.61806	   15.22975
2000	273	1	   39.38453	   15.13603
2000	274	1	   39.14085	   15.04704
2000	275	1	   38.89986	   14.95526
2000	276	1	   38.65667	   14.85605
2000	277	1	   38.41922	   14.76284
2000	278	1	   38.19046	   14.67787
2000	279	1	   37.96569	   76.93511
2000	280	1	   37.74406	   14.50138
2000	281	1	   37.52555	   14.41458
2000	282	1	   37.31604	   14.32702
2000	283	1	   37.09697	   14.22992
2000	284	1	   36.88787	   14.14475
2000	285	1	   36.69027	   14.06950
2000	286	1	   36.48357	   13.98335
2000	287	1	   36.28510	   13.90439
2000	288	1	   36.09084	   13.82154
2000	289	1	   35.91210	   13.75060
2000	290	1	   35.74978	   13.68435
2000	291	1	   35.58943	   13.60434
2000	292	1	   35.42371	   13.53638
2000	293	1	   35.26595	   13.46828
2000	294	1	   35.10799	   13.40001
2000	295	1	   34.94835	   13.33156
2000	296	1	   34.78824	   13.26287
2000	297	1	   34.62720	   13.19397
2000	298	1	   34.46495	   13.12492
2000	299	1	   34.30200	   13.05581
2000	300	1	   34.13895	   12.98694
2000	301	1	   33.99813	   12.92000
2000	302	1	   33.85824	   12.85592
2000	303	1	   33.71488	   12.78108
2000	304	1	   33.58083	   12.71308
2000	305	1	   33.44915	   12.64687
2000	306	1	   33.32956	   12.58662
2000	307	1	   33.22119	   12.52640
2000	308	1	   33.13106	   12.46659
2000	309	1	   33.07286	   15.57175
2000	310	1	   33.02767	   12.37304
2000	311	1	   33.03714	   12.33857
2000	312	1	   33.06785	   12.29928
2000	313	1	   33.09291	   12.25781
2000	314	1	   33.14334	   12.22771
2000	315	1	   66.29611	   36.76480
2000	316	1	   33.48358	   12.22660
2000	317	1	   33.69822	   12.24719
2000	318	1	   33.97890	   12.27953
2000	319	1	   34.32583	   12.33624
2000	320	1	   34.70345	   12.40787
2000	321	1	   35.11127	   12.51419
2000	322	1	   35.53916	   12.63630
2000	323	1	   36.07134	   12.77636
2000	324	1	   36.64017	   12.92840
2000	325	1	   37.27245	   13.10554
2000	326	1	   37.93287	   13.30068
2000	327	1	   38.55552	   13.47344
2000	328	1	   39.14339	   13.64373
2000	329	1	   39.69656	   13.80170
2000	330	1	   40.20767	   13.94705
2000	331	1	   40.67507	   14.08078
2000	332	1	   41.10108	   14.20353
2000	333	1	   41.48843	   14.31662
2000	334	1	   41.84923	   14.42422
2000	335	1	   42.34066	   14.58804
2001	1	1	   42.94748	   14.79082
2001	2	1	   59.31290	   33.56951
2001	3	1	   44.81905	   15.46458
2001	4	1	   45.95888	   15.88879
2001	5	1	   47.04143	   16.28499
2001	6	1	   48.08765	   16.67704
2001	7	1	   49.08676	   17.05426
2001	8	1	   50.04204	   17.41717
2001	9	1	   50.96349	   17.76636
2001	10	1	   51.84340	   18.10295
2001	11	1	   52.68431	   18.42670
2001	12	1	   53.48564	   18.73783
2001	13	1	   54.24910	   19.03674
2001	14	1	   54.97108	   19.32371
2001	15	1	   55.64779	   19.59706
2001	16	1	   56.27854	   19.85756
2001	17	1	   56.87160	   20.10703
2001	18	1	   57.42908	   20.34535
2001	19	1	   57.95140	   20.57283
2001	20	1	   71.18130	   24.20497
2001	21	1	  305.09470	  468.14587
2001	22	1	  510.69522	  603.44183
2001	23	1	   80.97934	  240.56908
2001	24	1	   64.56597	   23.88845
2001	25	1	   66.65777	   25.10963
2001	26	1	   68.61227	   26.34991
2001	27	1	   70.62158	   27.59629
2001	28	1	   72.52449	   28.81653
2001	29	1	   74.66132	   30.11336
2001	30	1	   77.24076	   31.32403
2001	31	1	   80.29672	   32.46161
