Year, day, hour, totalsedinflow(ton/timestep), totalsedoutflow(ton/timestep), totalsedimentation(ton/timestep), cumsedimentation(ton)
  2000     1     1          0.003          0.001          0.001          0.001
  2000     2     1       5040.392       2663.506       2376.886       2376.887
  2000     3     1        415.014          0.008        415.006       2791.894
  2000     4     1        103.449          0.007        103.441       2895.335
  2000     5     1        990.554        125.503        865.051       3760.386
  2000     6     1        898.745          0.006        898.739       4659.126
  2000     7     1        732.651          0.007        732.644       5391.771
  2000     8     1       1129.455          1.783       1127.672       6519.441
  2000     9     1        890.455          0.048        890.407       7409.848
  2000    10     1        237.522          0.000        237.522       7647.370
  2000    11     1         41.191          0.000         41.191       7688.561
  2000    12     1         17.709          0.000         17.709       7706.269
  2000    13     1         35.169          0.000         35.169       7741.437
  2000    14     1         10.687          0.000         10.687       7752.123
  2000    15     1          1.251          0.000          1.251       7753.373
  2000    16     1          0.007          0.000          0.007       7753.380
  2000    17     1          0.012          0.001          0.011       7753.392
  2000    18     1          0.033          0.003          0.030       7753.423
  2000    19     1          0.053          0.007          0.046       7753.467
  2000    20     1          6.510          0.000          6.510       7759.976
  2000    21     1          0.376          0.000          0.376       7760.352
  2000    22     1          0.000          0.000          0.000       7760.352
  2000    23     1          0.000          0.000          0.000       7760.352
  2000    24     1          0.001          0.000          0.001       7760.352
  2000    25     1          0.001          0.000          0.001       7760.352
  2000    26     1          0.001          0.000          0.001       7760.352
  2000    27     1          0.002          0.000          0.002       7760.354
  2000    28     1          0.027          0.003          0.024       7760.377
  2000    29     1        215.744          0.006        215.738       7976.116
  2000    30     1          0.046          0.006          0.040       7976.157
  2000    31     1          0.027          0.000          0.027       7976.183
  2000    32     1          0.007          0.000          0.007       7976.190
  2000    33     1          0.002          0.000          0.002       7976.193
  2000    34     1          0.001          0.000          0.001       7976.193
  2000    35     1          0.000          0.000          0.000       7976.193
  2000    36     1          0.000          0.000          0.000       7976.193
  2000    37     1          0.000          0.000          0.000       7976.193
  2000    38     1          0.014          0.001          0.012       7976.206
  2000    39     1       1767.302          0.002       1767.300       9743.504
  2000    40     1        437.130         87.420        349.710      10093.213
  2000    41     1       9083.076       1784.490       7298.586      17391.799
  2000    42     1       9032.441       1771.454       7260.987      24652.785
  2000    43     1        435.654          0.006        435.648      25088.434
  2000    44     1       1885.460         60.300       1825.160      26913.602
  2000    45     1      92244.727        120.971      92123.734     119037.344
  2000    46     1       1521.371          2.899       1518.472     120555.812
  2000    47     1        316.334          0.005        316.329     120872.172
  2000    48     1         10.937          0.001         10.936     120883.109
  2000    49     1          3.423          0.000          3.423     120886.547
  2000    50     1          4.048          0.000          4.048     120890.609
  2000    51     1         26.399          0.000         26.399     120917.016
  2000    52     1          8.864          0.000          8.864     120925.883
  2000    53     1          0.866          0.000          0.866     120926.742
  2000    54     1          0.005          0.000          0.005     120926.742
  2000    55     1          0.000          0.000          0.000     120926.742
  2000    56     1          0.000          0.000          0.000     120926.742
  2000    57     1          0.000          0.000          0.000     120926.742
  2000    58     1          0.001          0.000          0.001     120926.742
  2000    59     1          0.001          0.000          0.001     120926.742
  2000    60     1          0.001          0.000          0.001     120926.742
  2000    61     1          0.000          0.000          0.000     120926.742
  2000    62     1          0.000          0.000          0.000     120926.742
  2000    63     1          0.001          0.000          0.001     120926.742
  2000    64     1          0.000          0.000          0.000     120926.742
  2000    65     1          0.000          0.000          0.000     120926.742
  2000    66     1          0.000          0.000          0.000     120926.742
  2000    67     1          0.001          0.000          0.001     120926.742
  2000    68     1          0.001          0.000          0.001     120926.742
  2000    69     1          0.000          0.000          0.000     120926.742
  2000    70     1          0.002          0.000          0.002     120926.742
  2000    71     1          0.001          0.000          0.001     120926.742
  2000    72     1          0.000          0.000          0.000     120926.742
  2000    73     1          0.001          0.000          0.001     120926.742
  2000    74     1          0.000          0.000          0.000     120926.742
  2000    75     1          0.000          0.000          0.000     120926.742
  2000    76     1          0.001          0.000          0.001     120926.742
  2000    77     1          0.001          0.000          0.001     120926.742
  2000    78     1          0.001          0.000          0.001     120926.742
  2000    79     1          0.002          0.000          0.002     120926.742
  2000    80     1          0.010          0.000          0.010     120926.742
  2000    81     1          0.005          0.001          0.004     120926.742
  2000    82     1          0.000          0.000          0.000     120926.742
  2000    83     1          0.001          0.000          0.000     120926.742
  2000    84     1          0.000          0.000          0.000     120926.742
  2000    85     1          0.000          0.000          0.000     120926.742
  2000    86     1          0.000          0.000          0.000     120926.742
  2000    87     1          0.000          0.000          0.000     120926.742
  2000    88     1          0.000          0.000          0.000     120926.742
  2000    89     1          0.000          0.000          0.000     120926.742
  2000    90     1          0.000          0.000          0.000     120926.742
  2000    91     1          0.000          0.000          0.000     120926.742
  2000    92     1          0.000          0.000          0.000     120926.742
  2000    93     1          0.000          0.000          0.000     120926.742
  2000    94     1          0.000          0.000          0.000     120926.742
  2000    95     1          0.000          0.000          0.000     120926.742
  2000    96     1          0.000          0.000          0.000     120926.742
  2000    97     1          0.000          0.000          0.000     120926.742
  2000    98     1          0.000          0.000          0.000     120926.742
  2000    99     1          0.000          0.000          0.000     120926.742
  2000   100     1          0.000          0.000          0.000     120926.742
  2000   101     1          0.000          0.000          0.000     120926.742
  2000   102     1          0.000          0.000          0.000     120926.742
  2000   103     1          0.000          0.000          0.000     120926.742
  2000   104     1          0.000          0.000          0.000     120926.742
  2000   105     1          0.000          0.000          0.000     120926.742
  2000   106     1          0.000          0.000          0.000     120926.742
  2000   107     1          0.000          0.000          0.000     120926.742
  2000   108     1          0.000          0.000          0.000     120926.742
  2000   109     1          0.000          0.000          0.000     120926.742
  2000   110     1          0.000          0.000          0.000     120926.742
  2000   111     1          0.000          0.000          0.000     120926.742
  2000   112     1          0.000          0.000          0.000     120926.742
  2000   113     1          0.000          0.000          0.000     120926.742
  2000   114     1          0.000          0.000          0.000     120926.742
  2000   115     1          0.000          0.000          0.000     120926.742
  2000   116     1          0.000          0.000          0.000     120926.742
  2000   117     1          0.000          0.000          0.000     120926.742
  2000   118     1          0.000          0.000          0.000     120926.742
  2000   119     1          0.000          0.000          0.000     120926.742
  2000   120     1          0.000          0.000          0.000     120926.742
  2000   121     1          0.000          0.000          0.000     120926.742
  2000   122     1          0.000          0.000          0.000     120926.742
  2000   123     1          0.000          0.000          0.000     120926.742
  2000   124     1          0.000          0.000          0.000     120926.742
  2000   125     1          0.000          0.000          0.000     120926.742
  2000   126     1          0.000          0.000          0.000     120926.742
  2000   127     1          0.000          0.000          0.000     120926.742
  2000   128     1          0.000          0.000          0.000     120926.742
  2000   129     1          0.000          0.000          0.000     120926.742
  2000   130     1          0.000          0.000          0.000     120926.742
  2000   131     1          0.000          0.000          0.000     120926.742
  2000   132     1          0.000          0.000          0.000     120926.742
  2000   133     1          0.000          0.000          0.000     120926.742
  2000   134     1          0.000          0.000          0.000     120926.742
  2000   135     1          0.000          0.000          0.000     120926.742
  2000   136     1          0.000          0.000          0.000     120926.742
  2000   137     1          0.000          0.000          0.000     120926.742
  2000   138     1          0.000          0.000          0.000     120926.742
  2000   139     1          0.000          0.000          0.000     120926.742
  2000   140     1          0.000          0.000          0.000     120926.742
  2000   141     1          0.000          0.000          0.000     120926.742
  2000   142     1          0.000          0.000          0.000     120926.742
  2000   143     1          0.000          0.000          0.000     120926.742
  2000   144     1          0.000          0.000          0.000     120926.742
  2000   145     1          0.000          0.000          0.000     120926.742
  2000   146     1          0.000          0.000          0.000     120926.742
  2000   147     1          0.000          0.000          0.000     120926.742
  2000   148     1          0.000          0.000          0.000     120926.742
  2000   149     1          0.000          0.000          0.000     120926.742
  2000   150     1          0.000          0.000          0.000     120926.742
  2000   151     1          0.000          0.000          0.000     120926.742
  2000   152     1          0.000          0.000          0.000     120926.742
  2000   153     1          0.000          0.000          0.000     120926.742
  2000   154     1          0.000          0.000          0.000     120926.742
  2000   155     1          0.000          0.000          0.000     120926.742
  2000   156     1          0.000          0.000          0.000     120926.742
  2000   157     1          0.000          0.000          0.000     120926.742
  2000   158     1          0.000          0.000          0.000     120926.742
  2000   159     1          0.000          0.000          0.000     120926.742
  2000   160     1          0.000          0.000          0.000     120926.742
  2000   161     1          0.000          0.000          0.000     120926.742
  2000   162     1          0.000          0.000          0.000     120926.742
  2000   163     1          0.000          0.000          0.000     120926.742
  2000   164     1          0.000          0.000          0.000     120926.742
  2000   165     1          0.000          0.000          0.000     120926.742
  2000   166     1          0.000          0.000          0.000     120926.742
  2000   167     1          0.000          0.000          0.000     120926.742
  2000   168     1          0.000          0.000          0.000     120926.742
  2000   169     1          0.000          0.000          0.000     120926.742
  2000   170     1          0.000          0.000          0.000     120926.742
  2000   171     1          0.000          0.000          0.000     120926.742
  2000   172     1          0.000          0.000          0.000     120926.742
  2000   173     1          0.000          0.000          0.000     120926.742
  2000   174     1          0.000          0.000          0.000     120926.742
  2000   175     1          0.000          0.000          0.000     120926.742
  2000   176     1          0.000          0.000          0.000     120926.742
  2000   177     1          0.000          0.000          0.000     120926.742
  2000   178     1          0.000          0.000          0.000     120926.742
  2000   179     1          0.000          0.000          0.000     120926.742
  2000   180     1          0.000          0.000          0.000     120926.742
  2000   181     1          0.000          0.000          0.000     120926.742
  2000   182     1          0.000          0.000          0.000     120926.742
  2000   183     1          0.000          0.000          0.000     120926.742
  2000   184     1          0.000          0.000          0.000     120926.742
  2000   185     1          0.000          0.000          0.000     120926.742
  2000   186     1          0.000          0.000          0.000     120926.742
  2000   187     1          0.000          0.000          0.000     120926.742
  2000   188     1          0.000          0.000          0.000     120926.742
  2000   189     1          0.000          0.000          0.000     120926.742
  2000   190     1          0.000          0.000          0.000     120926.742
  2000   191     1          0.000          0.000          0.000     120926.742
  2000   192     1          0.000          0.000          0.000     120926.742
  2000   193     1          0.000          0.000          0.000     120926.742
  2000   194     1          0.000          0.000          0.000     120926.742
  2000   195     1          0.000          0.000          0.000     120926.742
  2000   196     1          0.000          0.000          0.000     120926.742
  2000   197     1          0.000          0.000          0.000     120926.742
  2000   198     1          0.000          0.000          0.000     120926.742
  2000   199     1          0.000          0.000          0.000     120926.742
  2000   200     1          0.000          0.000          0.000     120926.742
  2000   201     1          0.000          0.000          0.000     120926.742
  2000   202     1          0.000          0.000          0.000     120926.742
  2000   203     1          0.000          0.000          0.000     120926.742
  2000   204     1          0.000          0.000          0.000     120926.742
  2000   205     1          0.000          0.000          0.000     120926.742
  2000   206     1          0.000          0.000          0.000     120926.742
  2000   207     1          0.000          0.000          0.000     120926.742
  2000   208     1          0.000          0.000          0.000     120926.742
  2000   209     1          0.000          0.000          0.000     120926.742
  2000   210     1          0.000          0.000          0.000     120926.742
  2000   211     1          0.001          0.000          0.001     120926.742
  2000   212     1          0.000          0.000          0.000     120926.742
  2000   213     1          0.000          0.000          0.000     120926.742
  2000   214     1          0.000          0.000          0.000     120926.742
  2000   215     1          0.000          0.000          0.000     120926.742
  2000   216     1          0.002          0.000          0.002     120926.742
  2000   217     1          0.003          0.000          0.002     120926.742
  2000   218     1          0.000          0.000          0.000     120926.742
  2000   219     1          0.006          0.000          0.006     120926.742
  2000   220     1          0.046          0.001          0.045     120926.781
  2000   221     1          0.010          0.000          0.010     120926.781
  2000   222     1          0.000          0.000          0.000     120926.781
  2000   223     1          0.000          0.000          0.000     120926.781
  2000   224     1          0.000          0.000          0.000     120926.781
  2000   225     1          0.000          0.000          0.000     120926.781
  2000   226     1          0.000          0.000          0.000     120926.781
  2000   227     1          0.000          0.000          0.000     120926.781
  2000   228     1          0.000          0.000          0.000     120926.781
  2000   229     1          0.000          0.000          0.000     120926.781
  2000   230     1          0.000          0.000          0.000     120926.781
  2000   231     1          0.000          0.000          0.000     120926.781
  2000   232     1          0.000          0.000          0.000     120926.781
  2000   233     1          0.000          0.000          0.000     120926.781
  2000   234     1          0.000          0.000          0.000     120926.781
  2000   235     1          0.000          0.000          0.000     120926.781
  2000   236     1          0.000          0.000          0.000     120926.781
  2000   237     1          0.000          0.000          0.000     120926.781
  2000   238     1          0.000          0.000          0.000     120926.781
  2000   239     1          0.000          0.000          0.000     120926.781
  2000   240     1          0.000          0.000          0.000     120926.781
  2000   241     1          0.000          0.000          0.000     120926.781
  2000   242     1          0.000          0.000          0.000     120926.781
  2000   243     1          0.000          0.000          0.000     120926.781
  2000   244     1          0.000          0.000          0.000     120926.781
  2000   245     1          0.000          0.000          0.000     120926.781
  2000   246     1          0.000          0.000          0.000     120926.781
  2000   247     1          0.000          0.000          0.000     120926.781
  2000   248     1          0.000          0.000          0.000     120926.781
  2000   249     1          0.026          0.001          0.025     120926.820
  2000   250     1          0.021          0.002          0.020     120926.820
  2000   251     1          0.000          0.000          0.000     120926.820
  2000   252     1          0.000          0.000          0.000     120926.820
  2000   253     1          0.000          0.000          0.000     120926.820
  2000   254     1          0.000          0.000          0.000     120926.820
  2000   255     1          0.000          0.000          0.000     120926.820
  2000   256     1          0.000          0.000          0.000     120926.820
  2000   257     1          0.000          0.000          0.000     120926.820
  2000   258     1          0.000          0.000          0.000     120926.820
  2000   259     1          0.000          0.000          0.000     120926.820
  2000   260     1          0.000          0.000          0.000     120926.820
  2000   261     1          0.000          0.000          0.000     120926.820
  2000   262     1          0.000          0.000          0.000     120926.820
  2000   263     1          0.000          0.000          0.000     120926.820
  2000   264     1          0.000          0.000          0.000     120926.820
  2000   265     1          0.000          0.000          0.000     120926.820
  2000   266     1          0.000          0.000          0.000     120926.820
  2000   267     1          0.000          0.000          0.000     120926.820
  2000   268     1          0.000          0.000          0.000     120926.820
  2000   269     1          0.000          0.000          0.000     120926.820
  2000   270     1          0.000          0.000          0.000     120926.820
  2000   271     1          0.000          0.000          0.000     120926.820
  2000   272     1          0.002          0.000          0.002     120926.820
  2000   273     1          0.042          0.002          0.041     120926.859
  2000   274     1          0.022          0.001          0.021     120926.859
  2000   275     1          0.020          0.002          0.018     120926.859
  2000   276     1          0.004          0.000          0.004     120926.859
  2000   277     1          0.004          0.000          0.004     120926.859
  2000   278     1          0.037          0.002          0.035     120926.898
  2000   279     1      31734.225       6346.836      25387.387     146314.281
  2000   280     1          0.091          0.010          0.081     146314.422
  2000   281     1          0.106          0.015          0.091     146314.484
  2000   282     1          0.075          0.007          0.068     146314.484
  2000   283     1          0.002          0.000          0.002     146314.484
  2000   284     1          0.001          0.000          0.001     146314.484
  2000   285     1          0.025          0.003          0.023     146314.484
  2000   286     1          0.011          0.001          0.010     146314.484
  2000   287     1          0.047          0.007          0.040     146314.484
  2000   288     1          0.029          0.002          0.027     146314.484
  2000   289     1          0.101          0.008          0.092     146314.625
  2000   290     1          0.113          0.011          0.102     146314.766
  2000   291     1          0.015          0.000          0.015     146314.766
  2000   292     1          0.000          0.000          0.000     146314.766
  2000   293     1          0.002          0.000          0.002     146314.766
  2000   294     1          0.004          0.000          0.004     146314.766
  2000   295     1          0.000          0.000          0.000     146314.766
  2000   296     1          0.000          0.000          0.000     146314.766
  2000   297     1          0.000          0.000          0.000     146314.766
  2000   298     1          0.000          0.000          0.000     146314.766
  2000   299     1          0.000          0.000          0.000     146314.766
  2000   300     1          0.003          0.000          0.003     146314.766
  2000   301     1          0.058          0.002          0.056     146314.844
  2000   302     1          0.035          0.001          0.034     146314.844
  2000   303     1          0.004          0.000          0.004     146314.844
  2000   304     1          0.006          0.000          0.006     146314.844
  2000   305     1          0.016          0.001          0.014     146314.844
  2000   306     1          0.041          0.004          0.037     146314.844
  2000   307     1          0.062          0.008          0.054     146314.906
  2000   308     1          0.059          0.006          0.053     146314.906
  2000   309     1        583.931        116.779        467.152     146782.031
  2000   310     1          0.034          0.003          0.031     146782.031
  2000   311     1          0.088          0.008          0.080     146782.109
  2000   312     1          0.027          0.001          0.025     146782.109
  2000   313     1          0.007          0.000          0.006     146782.109
  2000   314     1          0.020          0.001          0.019     146782.109
  2000   315     1      23054.365       2453.527      20600.836     167382.953
  2000   316     1          0.064          0.009          0.055     167383.016
  2000   317     1          0.042          0.006          0.036     167383.016
  2000   318     1          0.044          0.004          0.040     167383.016
  2000   319     1          0.054          0.006          0.048     167383.016
  2000   320     1          0.033          0.004          0.029     167383.016
  2000   321     1          0.040          0.006          0.034     167383.016
  2000   322     1          0.026          0.004          0.023     167383.016
  2000   323     1          0.046          0.003          0.043     167383.016
  2000   324     1          0.023          0.002          0.021     167383.016
  2000   325     1          0.036          0.004          0.032     167383.016
  2000   326     1          0.022          0.003          0.019     167383.016
  2000   327     1          0.004          0.000          0.004     167383.016
  2000   328     1          0.001          0.000          0.001     167383.016
  2000   329     1          0.000          0.000          0.000     167383.016
  2000   330     1          0.000          0.000          0.000     167383.016
  2000   331     1          0.000          0.000          0.000     167383.016
  2000   332     1          0.000          0.000          0.000     167383.016
  2000   333     1          0.000          0.000          0.000     167383.016
  2000   334     1          0.015          0.002          0.013     167383.016
  2000   335     1          0.073          0.008          0.065     167383.078
  2001     1     1          0.061          0.007          0.054          0.054
  2001     2     1      13760.092       1975.753      11784.339      11784.393
  2001     3     1          0.039          0.004          0.035      11784.428
  2001     4     1          0.043          0.005          0.038      11784.467
  2001     5     1          0.003          0.000          0.003      11784.472
  2001     6     1          0.002          0.000          0.002      11784.472
  2001     7     1          0.000          0.000          0.000      11784.472
  2001     8     1          0.001          0.000          0.001      11784.472
  2001     9     1          0.002          0.000          0.002      11784.472
  2001    10     1          0.001          0.000          0.001      11784.472
  2001    11     1          0.000          0.000          0.000      11784.472
  2001    12     1          0.000          0.000          0.000      11784.472
  2001    13     1          0.000          0.000          0.000      11784.472
  2001    14     1          0.000          0.000          0.000      11784.472
  2001    15     1          0.000          0.000          0.000      11784.472
  2001    16     1          0.000          0.000          0.000      11784.472
  2001    17     1          0.009          0.000          0.009      11784.477
  2001    18     1          0.017          0.002          0.015      11784.489
  2001    19     1          0.016          0.001          0.015      11784.503
  2001    20     1      17957.295       3480.688      14476.605      26261.107
  2001    21     1       1956.895        302.870       1654.024      27915.131
  2001    22     1       4245.993        234.441       4011.552      31926.686
  2001    23     1        392.286         78.454        313.832      32240.518
  2001    24     1          0.044          0.004          0.040      32240.553
  2001    25     1         29.107          0.006         29.101      32269.658
  2001    26     1          7.519          0.001          7.517      32277.176
  2001    27     1         27.444          0.001         27.443      32304.625
  2001    28     1         16.654          0.001         16.653      32321.283
  2001    29     1         40.285          0.002         40.283      32361.564
  2001    30     1        492.984          0.001        492.984      32854.543
  2001    31     1        186.014          0.000        186.014      33040.559
