Year, day, hour, inflow_r(m**3/timestep)
  2000     1     1    2502063.000    3000074.250    3745598.000    4984176.000    4779240.000
  2000     2     1    2876315.250    3448823.500    4305874.000    5729733.500    5830275.000
  2000     3     1    2678930.250    3212149.000    4010382.250    5336528.000    5178365.500
  2000     4     1    2711183.750    3250820.750    4058660.500    5400768.000    5207566.000
  2000     5     1    2874798.500    3447003.000    4303599.000    5726705.500    5529663.500
  2000     6     1    2936791.750    3521335.750    4396404.000    5850201.500    5703543.000
  2000     7     1    3012426.000    3612021.500    4509619.500    6000848.000    5819512.500
  2000     8     1    3129583.250    3752497.500    4685005.000    6234229.000    6058263.500
  2000     9     1    3196382.500    3832593.000    4785004.000    6367296.000    6173024.000
  2000    10     1    3221382.000    3862568.000    4822428.000    6417095.000    6163795.500
  2000    11     1    3268108.500    3918595.500    4892378.000    6510176.000    6225711.000
  2000    12     1    3325991.500    3987999.500    4979029.500    6625481.000    6328229.000
  2000    13     1    3384457.000    4058102.000    5066552.500    6741946.000    6439110.000
  2000    14     1    3429820.500    4112494.250    5134461.500    6832311.500    6517597.000
  2000    15     1    3471794.500    4162823.250    5197297.000    6915925.000    6591898.000
  2000    16     1    3510812.000    4209606.500    5255706.500    6993649.000    6662816.500
  2000    17     1    3546960.250    4252950.000    5309821.000    7065657.500    6728953.500
  2000    18     1    3588137.000    4302322.500    5371462.500    7147683.000    6805595.500
  2000    19     1    3636305.000    4360078.000    5443570.000    7243635.000    6889262.500
  2000    20     1    3682269.000    4415191.000    5512379.000    7335197.000    6971759.000
  2000    21     1    3720294.750    4460785.000    5569303.000    7410945.000    7035216.000
  2000    22     1    3755607.750    4503127.000    5622167.500    7481290.000    7096064.000
  2000    23     1    3787444.500    4541300.000    5669827.000    7544710.000    7151431.000
  2000    24     1    3815634.500    4575101.000    5712027.500    7600865.000    7200219.000
  2000    25     1    3840377.000    4604768.500    5749067.000    7650152.500    7242465.000
  2000    26     1    3862219.500    4630958.500    5781765.500    7693663.500    7279699.000
  2000    27     1    3881382.000    4653935.000    5810452.000    7731836.000    7312130.000
  2000    28     1    3902553.500    4679320.500    5842145.500    7774010.000    7348206.500
  2000    29     1    3959950.000    4748141.500    5928069.000    7888346.500    7484944.500
  2000    30     1    3965484.000    4754777.000    5936353.000    7899370.000    7458426.500
  2000    31     1    4002708.500    4799410.500    5992078.000    7973522.000    7529683.000
  2000    32     1    4038336.000    4842130.000    6045413.500    8044494.000    7598765.000
  2000    33     1    4070817.500    4881076.000    6094038.000    8109197.500    7661407.000
  2000    34     1    4100032.500    4916106.000    6137773.000    8167395.500    7717879.000
  2000    35     1    4125856.000    4947069.000    6176430.000    8218835.500    7768098.000
  2000    36     1    4148521.500    4974246.500    6210361.000    8263986.500    7812454.000
  2000    37     1    4168071.500    4997688.000    6239628.500    8302931.500    7850723.000
  2000    38     1    4186944.000    5020316.500    6267880.000    8340525.500    7888119.500
  2000    39     1    4348776.000    5214360.000    6510144.000    8662901.000    8347875.000
  2000    40     1    4299259.000    5154986.000    6436016.000    8564260.000    8021313.500
  2000    41     1    4779726.000    5731086.500    7155278.000    9521366.000    8188066.500
  2000    42     1    4841531.000    5805193.000    7247801.000    9644483.000    8299767.000
  2000    43     1    4481782.000    5373839.000    6709254.500    8927852.000    8496246.000
  2000    44     1    4682285.000    5614251.000    7009409.000    9327261.000    8879662.000
  2000    45     1    7451261.000    8934365.000   11154582.000   14843148.000   16904470.000
  2000    46     1    4867882.000    5836790.000    7287249.000    9696977.000    9275244.000
  2000    47     1    4879476.500    5850691.000    7304605.000    9720072.000    9213848.000
  2000    48     1    4931589.000    5913176.000    7382618.000    9823882.000    9274287.000
  2000    49     1    5006871.500    6003443.000    7495316.500    9973847.000    9413933.000
  2000    50     1    5076154.000    6086515.500    7599033.000   10111860.000    9544025.000
  2000    51     1    5142128.000    6165621.000    7697796.000   10243282.000    9671561.000
  2000    52     1    5194347.000    6228234.000    7775969.000   10347305.000    9765206.000
  2000    53     1    5241899.500    6285251.000    7847154.500   10442030.000    9851585.000
  2000    54     1    5285518.500    6337552.000    7912453.000   10528921.000    9932442.000
  2000    55     1    5324209.500    6383944.000    7970373.500   10605994.000   10004264.000
  2000    56     1    5358215.000    6424718.000    8021280.000   10673734.000   10067112.000
  2000    57     1    5387895.000    6460305.500    8065711.000   10732858.000   10122085.000
  2000    58     1    5413744.500    6491300.000    8104407.000   10784350.000   10169810.000
  2000    59     1    5436395.500    6518460.000    8138316.500   10829472.000   10211567.000
  2000    60     1    5456052.000    6542029.000    8167742.500   10868630.000   10247982.000
  2000    61     1    5472663.500    6561946.500    8192610.000   10901720.000   10278778.000
  2000    62     1    5486382.500    6578397.000    8213148.000   10929048.000   10304078.000
  2000    63     1    5497690.500    6591955.000    8230075.000   10951574.000   10324774.000
  2000    64     1    5507140.000    6603285.500    8244222.000   10970398.000   10341993.000
  2000    65     1    5514818.000    6612491.000    8255715.000   10985692.000   10355702.000
  2000    66     1    5520852.500    6619727.000    8264749.000   10997714.000   10366154.000
  2000    67     1    5525339.000    6625107.000    8271465.000   11006650.000   10373550.000
  2000    68     1    5528269.000    6628620.000    8275852.000   11012488.000   10377911.000
  2000    69     1    5529679.500    6630311.000    8277963.000   11015298.000   10379420.000
  2000    70     1    5529652.000    6630278.000    8277922.000   11015242.000   10378305.000
  2000    71     1    5528465.000    6628854.500    8276145.000   11012878.000   10375136.000
  2000    72     1    5526074.500    6625989.000    8272567.000   11008116.000   10369880.000
  2000    73     1    5522759.000    6622013.000    8267603.000   11001512.000   10363114.000
  2000    74     1    5518280.500    6616643.500    8260899.000   10992590.000   10354392.000
  2000    75     1    5512724.000    6609981.000    8252581.000   10981522.000   10343802.000
  2000    76     1    5506087.000    6602023.000    8242645.000   10968300.000   10331266.000
  2000    77     1    5498575.500    6593016.000    8231400.000   10953337.000   10317273.000
  2000    78     1    5490227.500    6583006.500    8218903.500   10936708.000   10301908.000
  2000    79     1    5481056.500    6572010.000    8205174.000   10918439.000   10285168.000
  2000    80     1    5472574.000    6561839.500    8192476.500   10901542.000   10271386.000
  2000    81     1    5463161.500    6550553.000    8178385.000   10882791.000   10255606.000
  2000    82     1    5453079.000    6538464.000    8163292.000   10862706.000   10238580.000
  2000    83     1    5442198.000    6525418.000    8147003.500   10841032.000   10219800.000
  2000    84     1    5430617.000    6511531.000    8129666.000   10817962.000   10199490.000
  2000    85     1    5418179.500    6496617.500    8111047.000   10793186.000   10177490.000
  2000    86     1    5404890.500    6480684.000    8091153.500   10766714.000   10153799.000
  2000    87     1    5390830.000    6463825.000    8070104.500   10738704.000   10128547.000
  2000    88     1    5376156.000    6446230.000    8048137.000   10709473.000   10102044.000
  2000    89     1    5360948.000    6427995.000    8025371.000   10679178.000   10074487.000
  2000    90     1    5345220.000    6409136.000    8001825.500   10647847.000   10045913.000
  2000    91     1    5329014.000    6389705.000    7977566.000   10615566.000   10016336.000
  2000    92     1    5312305.500    6369671.000    7952553.500   10582282.000    9985764.000
  2000    93     1    5295112.000    6349055.000    7926814.500   10548032.000    9954201.000
  2000    94     1    5277415.500    6327836.500    7900322.500   10512780.000    9921635.000
  2000    95     1    5259250.000    6306055.500    7873129.000   10476594.000    9888135.000
  2000    96     1    5240613.500    6283709.000    7845230.000   10439469.000    9853724.000
  2000    97     1    5221450.000    6260731.000    7816541.500   10401294.000    9818296.000
  2000    98     1    5201794.000    6237163.000    7787116.000   10362138.000    9781917.000
  2000    99     1    5181683.000    6213049.000    7757010.000   10322077.000    9744647.000
  2000   100     1    5161189.500    6188476.000    7726331.500   10281253.000    9706632.000
  2000   101     1    5140390.000    6163537.000    7695194.000   10239820.000    9667998.000
  2000   102     1    5119326.500    6138281.000    7663662.500   10197861.000    9628868.000
  2000   103     1    5097962.500    6112665.000    7631680.000   10155303.000    9589145.000
  2000   104     1    5076338.500    6086736.000    7599309.000   10112228.000    9548902.000
  2000   105     1    5054454.500    6060497.000    7566549.000   10068634.000    9508140.000
  2000   106     1    5032287.000    6033917.000    7533363.500   10024475.000    9466802.000
  2000   107     1    5009832.500    6006993.000    7499748.500    9979745.000    9424905.000
  2000   108     1    4987135.500    5979779.000    7465772.000    9934532.000    9382552.000
  2000   109     1    4964279.500    5952373.000    7431555.500    9889002.000    9339913.000
  2000   110     1    4941252.000    5924762.000    7397083.500    9843131.000    9296921.000
  2000   111     1    4918136.000    5897045.500    7362478.500    9797083.000    9253746.000
  2000   112     1    4894967.000    5869265.000    7327795.000    9750930.000    9210442.000
  2000   113     1    4871724.000    5841395.500    7292999.500    9704628.000    9166960.000
  2000   114     1    4848381.000    5813406.000    7258055.000    9658129.000    9123283.000
  2000   115     1    4824976.500    5785343.500    7223019.000    9611506.000    9079450.000
  2000   116     1    4801475.500    5757164.500    7187837.000    9564691.000    9035405.000
  2000   117     1    4777857.000    5728845.000    7152480.000    9517643.000    8991112.000
  2000   118     1    4754118.500    5700382.000    7116944.000    9470356.000    8946573.000
  2000   119     1    4730295.000    5671816.000    7081279.500    9422897.000    8901879.000
  2000   120     1    4706403.500    5643169.500    7045514.000    9375305.000    8857037.000
  2000   121     1    4682443.000    5614439.500    7009645.000    9327574.000    8812048.000
  2000   122     1    4658434.000    5585652.000    6973703.500    9279748.000    8766971.000
  2000   123     1    4634352.500    5556777.000    6937653.500    9231777.000    8721756.000
  2000   124     1    4610247.500    5527875.000    6901568.000    9183759.000    8676486.000
  2000   125     1    4586148.000    5498978.500    6865491.000    9135752.000    8631216.000
  2000   126     1    4562066.500    5470104.000    6829441.000    9087781.000    8585958.000
  2000   127     1    4537994.500    5441240.500    6793405.000    9039829.000    8540719.000
  2000   128     1    4513956.000    5412417.500    6757419.000    8991944.000    8495524.000
  2000   129     1    4489976.000    5383665.000    6721521.500    8944175.000    8450424.000
  2000   130     1    4466032.500    5354955.000    6685677.500    8896478.000    8405383.000
  2000   131     1    4442102.500    5326262.000    6649854.000    8848809.000    8360362.000
  2000   132     1    4418189.000    5297589.000    6614055.500    8801173.000    8315365.000
  2000   133     1    4394321.500    5268970.500    6578325.000    8753628.000    8270435.500
  2000   134     1    4370489.000    5240394.500    6542648.000    8706153.000    8225576.000
  2000   135     1    4346686.000    5211853.500    6507015.000    8658737.000    8180764.000
  2000   136     1    4322917.000    5183354.000    6471432.500    8611388.000    8136014.000
  2000   137     1    4299188.000    5154902.000    6435910.000    8564119.000    8091332.000
  2000   138     1    4275504.000    5126503.500    6400454.500    8516940.000    8046728.000
  2000   139     1    4251871.500    5098167.000    6365077.000    8469863.000    8002212.000
  2000   140     1    4228290.000    5069891.500    6329775.000    8422888.000    7957787.000
  2000   141     1    4204757.500    5041675.500    6294547.000    8376010.500    7913454.000
  2000   142     1    4181279.250    5013524.500    6259400.000    8329241.000    7869222.000
  2000   143     1    4157856.500    4985439.000    6224335.500    8282581.500    7825097.000
  2000   144     1    4134508.500    4957444.000    6189384.000    8236072.500    7781114.000
  2000   145     1    4111222.750    4929523.500    6154525.000    8189686.500    7737246.500
  2000   146     1    4087999.000    4901677.500    6119759.000    8143424.000    7693494.000
  2000   147     1    4064836.000    4873904.000    6085084.000    8097282.500    7649850.500
  2000   148     1    4041735.000    4846205.000    6050501.000    8051264.000    7606317.000
  2000   149     1    4018703.500    4818589.000    6016023.000    8005384.500    7562914.000
  2000   150     1    3995751.500    4791069.000    5981663.500    7959663.500    7519655.500
  2000   151     1    3972875.000    4763639.500    5947418.000    7914094.000    7476538.000
  2000   152     1    3950071.500    4736296.500    5913280.500    7868668.000    7433554.500
  2000   153     1    3927345.000    4709046.500    5879258.500    7823395.500    7390714.500
  2000   154     1    3904685.000    4681876.500    5845337.000    7778256.500    7348029.000
  2000   155     1    3882099.500    4654795.000    5811526.000    7733265.000    7305519.000
  2000   156     1    3859588.250    4627803.500    5777827.000    7688422.500    7263196.000
  2000   157     1    3837184.000    4600940.000    5744287.000    7643792.500    7221071.000
  2000   158     1    3814889.250    4574207.500    5710912.000    7599380.500    7179150.000
  2000   159     1    3792697.750    4547599.000    5677691.000    7555174.000    7137413.000
  2000   160     1    3770600.000    4521103.000    5644610.500    7511154.500    7095847.000
  2000   161     1    3748595.750    4494719.000    5611670.000    7467322.000    7054450.500
  2000   162     1    3726688.500    4468451.000    5578875.000    7423682.000    7013229.000
  2000   163     1    3704872.000    4442292.000    5546215.000    7380223.000    6972173.000
  2000   164     1    3683151.000    4416248.000    5513698.500    7336953.500    6931294.000
  2000   165     1    3661535.500    4390330.500    5481340.000    7293895.000    6890606.000
  2000   166     1    3640024.500    4364537.500    5449138.500    7251044.000    6850115.500
  2000   167     1    3618610.500    4338862.000    5417082.000    7208387.500    6809802.000
  2000   168     1    3597291.500    4313299.500    5385167.500    7165919.500    6769666.000
  2000   169     1    3576066.000    4287849.000    5353392.000    7123637.000    6729699.000
  2000   170     1    3554936.750    4262514.000    5321761.500    7081547.000    6689908.500
  2000   171     1    3533903.250    4237294.000    5290274.000    7039647.500    6650293.000
  2000   172     1    3512964.250    4212187.000    5258929.000    6997936.000    6610852.000
  2000   173     1    3492120.000    4187194.250    5227725.000    6956414.500    6571586.000
  2000   174     1    3471371.000    4162315.500    5196663.000    6915081.500    6532495.000
  2000   175     1    3450726.000    4137561.250    5165757.500    6873956.000    6493601.000
  2000   176     1    3430183.000    4112929.500    5135005.000    6833033.500    6454898.000
  2000   177     1    3409745.000    4088423.500    5104409.000    6792321.000    6416392.000
  2000   178     1    3389414.500    4064046.250    5073974.000    6751821.500    6378083.000
  2000   179     1    3369190.000    4039796.000    5043697.500    6711534.000    6339969.500
  2000   180     1    3349069.000    4015670.000    5013576.000    6671452.000    6302049.000
  2000   181     1    3329049.250    3991665.750    4983606.500    6631572.000    6264319.000
  2000   182     1    3309114.500    3967763.250    4953764.000    6591861.500    6226729.500
  2000   183     1    3289255.750    3943951.500    4924035.500    6552302.000    6189252.500
  2000   184     1    3269487.500    3920248.750    4894442.500    6512923.000    6151930.500
  2000   185     1    3249828.500    3896676.500    4865012.500    6473761.000    6114815.500
  2000   186     1    3230275.500    3873232.000    4835741.500    6434812.000    6077905.000
  2000   187     1    3210832.500    3849919.000    4806635.500    6396080.500    6041203.000
  2000   188     1    3191497.000    3826735.000    4777690.000    6357564.000    6004706.000
  2000   189     1    3172268.500    3803679.000    4748904.500    6319259.000    5968413.000
  2000   190     1    3153146.500    3780751.000    4720279.000    6281168.000    5932323.500
  2000   191     1    3134132.500    3757952.500    4691815.000    6243291.500    5896440.500
  2000   192     1    3115226.000    3735283.000    4663511.500    6205629.000    5860761.500
  2000   193     1    3096425.500    3712740.750    4635368.000    6168178.500    5825286.000
  2000   194     1    3077733.000    3690327.500    4607384.500    6130942.000    5790015.000
  2000   195     1    3059150.500    3668046.000    4579566.000    6093924.500    5754952.000
  2000   196     1    3040675.500    3645893.750    4551909.000    6057122.000    5720094.000
  2000   197     1    3022307.500    3623870.000    4524412.500    6020532.500    5685440.000
  2000   198     1    3004046.000    3601973.500    4497074.000    5984154.500    5650987.500
  2000   199     1    2985892.000    3580206.000    4469898.000    5947991.000    5616740.000
  2000   200     1    2967844.250    3558566.000    4442880.500    5912040.000    5582694.000
  2000   201     1    2949902.000    3537052.500    4416021.000    5876298.000    5548847.500
  2000   202     1    2932064.000    3515664.000    4389317.000    5840764.000    5515199.000
  2000   203     1    2914329.750    3494400.250    4362769.000    5805437.500    5481748.000
  2000   204     1    2896699.000    3473260.500    4336376.000    5770317.000    5448494.000
  2000   205     1    2879171.500    3452244.000    4310137.000    5735401.000    5415435.000
  2000   206     1    2861745.500    3431349.500    4284050.000    5700688.000    5382569.500
  2000   207     1    2844420.000    3410575.500    4258113.500    5666174.500    5349895.000
  2000   208     1    2827193.500    3389920.250    4232326.000    5631859.500    5317410.500
  2000   209     1    2810065.000    3369382.250    4206684.000    5597738.500    5285111.000
  2000   210     1    2793033.000    3348960.500    4181187.250    5563810.500    5252997.500
  2000   211     1    2776102.500    3328660.000    4155841.750    5530084.500    5221082.000
  2000   212     1    2759264.000    3308470.000    4130635.000    5496542.000    5189336.000
  2000   213     1    2742523.750    3288397.500    4105574.500    5463194.000    5157780.000
  2000   214     1    2725879.000    3268440.000    4080657.250    5430038.000    5126407.000
  2000   215     1    2709329.750    3248596.750    4055882.750    5397071.000    5095214.000
  2000   216     1    2692881.250    3228874.250    4031259.250    5364305.000    5064220.500
  2000   217     1    2676527.500    3209265.500    4006777.750    5331728.000    5033385.500
  2000   218     1    2660265.500    3189766.500    3982433.000    5299333.000    5002750.000
  2000   219     1    2644116.750    3170403.500    3958258.250    5267164.000    4972332.000
  2000   220     1    2628262.250    3151393.500    3934524.000    5235581.500    4942647.000
  2000   221     1    2612381.750    3132352.000    3910751.000    5203947.500    4912854.000
  2000   222     1    2596499.250    3113308.500    3886975.000    5172309.000    4882915.000
  2000   223     1    2580826.500    3094516.000    3863512.500    5141088.000    4853502.000
  2000   224     1    2565241.000    3075828.500    3840181.250    5110042.000    4824252.000
  2000   225     1    2549741.750    3057244.250    3816978.500    5079166.500    4795161.000
  2000   226     1    2534327.000    3038761.500    3793903.000    5048460.000    4766229.000
  2000   227     1    2518997.000    3020380.000    3770953.500    5017922.000    4737453.500
  2000   228     1    2503750.250    3002098.750    3748129.250    4987550.000    4708834.500
  2000   229     1    2488587.000    2983917.250    3725429.500    4957344.000    4680371.000
  2000   230     1    2473505.750    2965834.250    3702853.000    4927302.000    4652060.500
  2000   231     1    2458507.500    2947850.500    3680400.250    4897425.000    4623905.000
  2000   232     1    2443591.000    2929965.250    3658070.250    4867711.000    4595902.500
  2000   233     1    2428747.000    2912166.500    3635848.750    4838141.000    4568051.500
  2000   234     1    2413947.500    2894421.250    3613693.500    4808660.000    4540352.000
  2000   235     1    2399212.250    2876753.500    3591635.000    4779307.000    4512801.000
  2000   236     1    2384559.500    2859184.000    3569699.750    4750118.000    4485398.000
  2000   237     1    2369988.750    2841713.000    3547887.000    4721093.000    4458143.000
  2000   238     1    2355500.250    2824340.750    3526198.000    4692231.000    4431037.000
  2000   239     1    2341095.250    2807068.750    3504633.500    4663536.000    4404083.000
  2000   240     1    2326774.250    2789897.000    3483194.750    4635008.000    4377282.500
  2000   241     1    2312541.250    2772831.000    3461887.750    4606655.000    4350642.000
  2000   242     1    2298385.750    2755858.000    3440697.000    4578457.000    4324145.500
  2000   243     1    2284314.500    2738986.000    3419632.500    4550427.000    4297802.000
  2000   244     1    2270324.000    2722211.000    3398688.750    4522558.000    4271605.000
  2000   245     1    2256416.500    2705535.250    3377868.750    4494853.000    4245560.500
  2000   246     1    2242588.000    2688954.500    3357167.500    4467306.500    4219659.000
  2000   247     1    2228839.750    2672469.750    3336586.250    4439919.500    4193905.000
  2000   248     1    2215171.750    2656081.500    3316125.500    4412693.000    4168299.000
  2000   249     1    2201686.500    2639912.000    3295937.750    4385829.500    4143122.000
  2000   250     1    2188233.750    2623781.750    3275799.000    4359031.000    4117948.250
  2000   251     1    2174725.750    2607585.000    3255577.500    4332123.000    4092590.500
  2000   252     1    2161408.500    2591616.750    3235641.500    4305594.000    4067662.000
  2000   253     1    2148163.250    2575735.250    3215813.250    4279209.500    4042873.750
  2000   254     1    2134966.000    2559911.000    3196056.500    4252920.000    4018220.750
  2000   255     1    2121844.250    2544178.000    3176413.500    4226781.000    3993700.000
  2000   256     1    2108799.000    2528536.000    3156885.000    4200795.000    3969314.000
  2000   257     1    2095829.125    2512984.500    3137468.500    4174958.000    3945059.750
  2000   258     1    2082935.250    2497524.250    3118166.500    4149273.000    3920941.000
  2000   259     1    2070107.875    2482144.000    3098964.000    4123720.750    3896930.000
  2000   260     1    2057304.250    2466791.750    3079796.750    4098215.500    3872899.250
  2000   261     1    2044578.750    2451533.500    3060747.000    4072866.250    3849012.000
  2000   262     1    2031931.750    2436369.000    3041814.000    4047672.750    3825268.250
  2000   263     1    2019362.125    2421297.500    3022997.250    4022633.500    3801666.750
  2000   264     1    2006869.750    2406318.750    3004296.000    3997748.500    3778208.000
  2000   265     1    1994454.250    2391432.000    2985710.000    3973016.500    3754891.000
  2000   266     1    1982117.125    2376639.250    2967241.250    3948440.500    3731719.500
  2000   267     1    1969853.000    2361934.000    2948881.750    3924010.000    3708680.000
  2000   268     1    1957666.125    2347321.500    2930637.750    3899732.750    3685784.000
  2000   269     1    1945554.500    2332799.250    2912506.750    3875606.250    3663028.000
  2000   270     1    1933517.750    2318366.750    2894487.750    3851629.000    3640410.500
  2000   271     1    1921555.750    2304023.500    2876580.250    3827799.750    3617930.250
  2000   272     1    1909673.000    2289775.750    2858792.000    3804129.250    3595603.500
  2000   273     1    1898029.000    2275814.000    2841360.500    3780933.750    3573863.250
  2000   274     1    1886354.750    2261816.000    2823884.250    3757678.500    3551769.000
  2000   275     1    1874720.250    2247866.000    2806467.250    3734502.000    3529868.500
  2000   276     1    1862990.000    2233801.000    2788907.000    3711135.250    3507938.500
  2000   277     1    1851475.625    2219995.000    2771670.250    3688198.500    3486338.500
  2000   278     1    1840247.000    2206531.000    2754860.750    3665830.250    3465181.750
  2000   279     1    3017123.500    3617654.250    4516652.000    6010206.000    3444297.000
  2000   280     1    1818055.750    2179923.000    2721640.500    3621624.750    3423650.750
  2000   281     1    1807137.000    2166831.000    2705295.000    3599874.500    3403230.500
  2000   282     1    1796479.500    2154052.000    2689340.500    3578644.000    3383295.000
  2000   283     1    1785587.250    2140992.000    2673034.750    3556946.500    3363022.500
  2000   284     1    1775045.875    2128352.250    2657254.250    3535947.750    3343241.250
  2000   285     1    1764861.500    2116141.000    2642008.250    3515660.250    3324028.000
  2000   286     1    1754433.125    2103636.750    2626396.750    3494886.500    3304495.000
  2000   287     1    1744302.500    2091489.750    2611231.000    3474706.000    3285393.250
  2000   288     1    1734233.750    2079416.875    2596158.500    3454648.500    3266560.500
  2000   289     1    1724590.750    2067854.500    2581722.500    3435439.750    3248527.500
  2000   290     1    1715376.750    2056806.750    2567929.500    3417085.000    3231359.500
  2000   291     1    1706036.000    2045606.750    2553946.000    3398478.000    3214370.000
  2000   292     1    1696819.500    2034555.625    2540149.000    3380118.500    3197206.500
  2000   293     1    1687741.000    2023670.250    2526558.250    3362033.500    3180433.500
  2000   294     1    1678684.750    2012811.375    2513001.000    3343993.250    3163707.250
  2000   295     1    1669628.875    2001953.000    2499444.500    3325953.500    3146962.500
  2000   296     1    1660588.875    1991113.750    2485911.500    3307945.750    3130249.500
  2000   297     1    1651558.000    1980285.250    2472392.000    3289956.000    3113547.500
  2000   298     1    1642533.000    1969464.250    2458882.000    3271978.250    3096842.250
  2000   299     1    1633524.375    1958662.250    2445395.750    3254032.500    3080158.750
  2000   300     1    1624546.000    1947896.750    2431955.000    3236147.250    3063523.000
  2000   301     1    1615966.625    1937609.750    2419111.750    3219057.000    3047958.000
  2000   302     1    1607499.625    1927457.500    2406436.500    3202190.500    3032554.000
  2000   303     1    1598859.375    1917097.500    2393502.000    3184978.750    3017059.250
  2000   304     1    1590483.125    1907054.125    2380962.500    3168293.000    3002026.750
  2000   305     1    1582202.750    1897125.500    2368567.000    3151798.000    2987168.750
  2000   306     1    1574248.625    1887588.250    2356659.500    3135953.000    2972938.500
  2000   307     1    1566550.500    1878357.750    2345135.250    3120618.000    2959313.500
  2000   308     1    1559220.500    1869568.875    2334162.250    3106016.500    2946637.500
  2000   309     1    1612902.000    1933935.125    2414523.750    3212952.000    2935521.250
  2000   310     1    1546461.500    1854270.250    2315062.000    3080600.250    2925058.000
  2000   311     1    1541363.500    1848157.750    2307430.500    3070445.000    2917216.500
  2000   312     1    1536579.500    1842421.500    2300268.750    3060915.250    2910464.250
  2000   313     1    1531699.375    1836570.000    2292963.250    3051193.750    2903512.500
  2000   314     1    1527404.625    1831420.375    2286534.000    3042638.500    2897773.500
  2000   315     1    2597712.000    3114762.500    3888790.250    5174725.000    4416226.000
  2000   316     1    1524130.250    1827494.250    2281632.000    3036115.750    2897745.250
  2000   317     1    1523766.750    1827058.500    2281088.250    3035392.000    2899921.500
  2000   318     1    1524730.000    1828213.500    2282530.000    3037310.500    2905241.000
  2000   319     1    1527285.750    1831277.750    2286355.750    3042401.500    2913730.500
  2000   320     1    1530693.750    1835364.250    2291457.500    3049190.750    2923705.750
  2000   321     1    1535325.250    1840917.625    2298391.000    3058416.750    2935124.750
  2000   322     1    1540717.000    1847382.500    2306462.500    3069157.000    2947658.000
  2000   323     1    1548188.750    1856341.375    2317647.500    3084041.000    2965199.250
  2000   324     1    1556522.500    1866334.000    2330123.500    3100642.250    2984512.500
  2000   325     1    1566412.500    1878192.250    2344928.750    3120343.000    3006840.500
  2000   326     1    1577156.000    1891074.375    2361012.000    3141745.000    3030511.500
  2000   327     1    1586898.375    1902755.750    2375596.000    3161152.000    3052415.000
  2000   328     1    1595936.875    1913593.250    2389127.000    3179157.000    3072659.750
  2000   329     1    1604141.750    1923431.375    2401409.750    3195501.500    3091264.750
  2000   330     1    1611396.250    1932129.750    2412269.750    3209952.500    3107889.250
  2000   331     1    1617689.000    1939675.000    2421690.000    3222488.000    3122432.500
  2000   332     1    1623078.375    1946137.000    2429758.000    3233223.500    3135018.250
  2000   333     1    1627641.625    1951608.625    2436589.500    3242314.000    3145787.000
  2000   334     1    1631659.500    1956426.250    2442604.000    3250317.750    3155326.500
  2000   335     1    1638885.500    1965090.500    2453421.500    3264712.250    3171065.000
  2001     1     1    1648865.750    1977057.250    2468362.000    3284593.000    3192298.250
  2001     2     1    2368220.250    2839592.500    3545240.000    4717570.000    3950595.000
  2001     3     1    1684648.000    2019961.750    2521928.250    3355872.500    3265133.500
  2001     4     1    1707529.625    2047397.625    2556182.000    3401453.250    3311038.500
  2001     5     1    1728984.500    2073123.000    2588300.000    3444192.000    3354248.750
  2001     6     1    1749644.750    2097895.250    2619228.500    3485348.000    3395683.000
  2001     7     1    1769221.625    2121368.750    2648535.250    3524345.750    3434884.500
  2001     8     1    1787775.250    2143615.500    2676310.250    3561305.000    3472011.500
  2001     9     1    1805484.625    2164849.750    2702821.250    3596582.750    3507532.500
  2001    10     1    1822505.500    2185258.250    2728301.750    3630489.000    3541839.000
  2001    11     1    1838696.750    2204672.250    2752540.000    3662742.500    3574441.500
  2001    12     1    1853991.000    2223011.000    2775435.750    3693209.250    3605192.250
  2001    13     1    1868420.875    2240312.750    2797037.250    3721954.000    3634184.500
  2001    14     1    1882029.000    2256629.500    2817408.750    3749061.500    3661524.500
  2001    15     1    1894634.625    2271744.250    2836279.500    3774172.250    3686769.750
  2001    16     1    1906224.625    2285641.000    2853629.500    3797260.000    3709853.000
  2001    17     1    1918000.125    2299760.250    2871257.500    3820717.000    3734092.500
  2001    18     1    1930758.000    2315057.750    2890356.500    3846131.750    3759406.750
  2001    19     1    1944257.875    2331244.500    2910565.750    3873023.500    3786769.500
  2001    20     1    2795139.000    3351485.500    4184340.000    5568006.000    3999201.250
  2001    21     1    2166116.000    2597261.250    3242688.500    4314972.000    4027322.500
  2001    22     1    2340463.500    2806311.250    3503688.000    4662278.000    4563892.000
  2001    23     1    2122548.000    2545021.500    3177467.000    4228183.000    4034358.000
  2001    24     1    2133630.000    2558309.250    3194056.750    4250258.500    4126795.750
  2001    25     1    2201659.750    2639879.750    3295897.500    4385776.000    4251410.500
  2001    26     1    2253255.750    2701745.500    3373137.250    4488557.000    4327702.000
  2001    27     1    2315578.500    2776473.000    3466434.750    4612706.000    4435488.000
  2001    28     1    2368000.500    2839329.500    3544911.000    4717132.500    4517506.500
  2001    29     1    2432928.750    2917180.750    3642108.750    4846471.000    4632222.500
  2001    30     1    2538624.500    3043914.250    3800336.000    5057021.000    4874586.000
  2001    31     1    2573283.000    3085471.250    3852220.500    5126062.000    4911156.000
