Year, day, hour, totallakeinflow(m**3/timestep), totallakeoutflow(m**3/timestep), totallakeprecip(m**3/timestep), totallakeevap(m**3/timestep), lakevol(m**3)
  2000     1     1   12510315.000   12510199.000          0.000          0.000        115.433
  2000     2     1   14381577.000   14381693.000        158.639         40.522        115.432
  2000     3     1   13394652.000   13394770.000         89.363         52.419         33.164
  2000     4     1   13555919.000   13555932.000         31.304         18.333         33.161
  2000     5     1   14373992.000   14374047.000         71.366         16.045         33.158
  2000     6     1   14683959.000   14684034.000         58.841         16.131          0.000
  2000     7     1   15062130.000   15062129.000          0.000          0.000          0.000
  2000     8     1   15647916.000   15647916.000          0.000          0.000          0.000
  2000     9     1   15981913.000   15981912.000          0.000          0.000          0.000
  2000    10     1   16106910.000   16106908.000          0.000          0.000          0.000
  2000    11     1   16340543.000   16340542.000          0.000          0.000          0.000
  2000    12     1   16629958.000   16629957.000          0.000          0.000          0.000
  2000    13     1   16922286.000   16922286.000          0.000          0.000          0.000
  2000    14     1   17149102.000   17149102.000          0.000          0.000          0.000
  2000    15     1   17358974.000   17358972.000          0.000          0.000          0.000
  2000    16     1   17554060.000   17554058.000          0.000          0.000          0.000
  2000    17     1   17734800.000   17734800.000          0.000          0.000          0.000
  2000    18     1   17940684.000   17940684.000          0.000          0.000          0.000
  2000    19     1   18181526.000   18181524.000          0.000          0.000          0.000
  2000    20     1   18411346.000   18411344.000          0.000          0.000          0.000
  2000    21     1   18601476.000   18601472.000          0.000          0.000          0.000
  2000    22     1   18778040.000   18778038.000          0.000          0.000          0.000
  2000    23     1   18937224.000   18937222.000          0.000          0.000          0.000
  2000    24     1   19078172.000   19078172.000          0.000          0.000          0.000
  2000    25     1   19201884.000   19201884.000          0.000          0.000          0.000
  2000    26     1   19311098.000   19311096.000          0.000          0.000          0.000
  2000    27     1   19406912.000   19406908.000          0.000          0.000          0.000
  2000    28     1   19512768.000   19512766.000          0.000          0.000          0.000
  2000    29     1   19799750.000   19799752.000          0.000          0.000          0.000
  2000    30     1   19827420.000   19827420.000          0.000          0.000          0.000
  2000    31     1   20013544.000   20013540.000          0.000          0.000          0.000
  2000    32     1   20191684.000   20191680.000          0.000          0.000          0.000
  2000    33     1   20354088.000   20354086.000          0.000          0.000          0.000
  2000    34     1   20500162.000   20500164.000          0.000          0.000          0.000
  2000    35     1   20629280.000   20629276.000          0.000          0.000          0.000
  2000    36     1   20742608.000   20742608.000          0.000          0.000          0.000
  2000    37     1   20840360.000   20840360.000          0.000          0.000          0.000
  2000    38     1   20934720.000   20934720.000          0.000          0.000          0.000
  2000    39     1   21743882.000   21743880.000          0.000          0.000          0.000
  2000    40     1   21496294.000   21496292.000          0.000          0.000          0.000
  2000    41     1   23898632.000   23898628.000          0.000          0.000          0.000
  2000    42     1   24207656.000   24207652.000          0.000          0.000          0.000
  2000    43     1   22408912.000   22408908.000          0.000          0.000          0.000
  2000    44     1   23411426.000   23411424.000          0.000          0.000          0.000
  2000    45     1   37256304.000   37256304.000          0.000          0.000          0.000
  2000    46     1   24339412.000   24339412.000          0.000          0.000          0.000
  2000    47     1   24397382.000   24397380.000          0.000          0.000          0.000
  2000    48     1   24657948.000   24657944.000          0.000          0.000          0.000
  2000    49     1   25034360.000   25034358.000          0.000          0.000          0.000
  2000    50     1   25380772.000   25380768.000          0.000          0.000          0.000
  2000    51     1   25710640.000   25710640.000          0.000          0.000          0.000
  2000    52     1   25971736.000   25971736.000          0.000          0.000          0.000
  2000    53     1   26209496.000   26209496.000          0.000          0.000          0.000
  2000    54     1   26427594.000   26427592.000          0.000          0.000          0.000
  2000    55     1   26621048.000   26621048.000          0.000          0.000          0.000
  2000    56     1   26791076.000   26791072.000          0.000          0.000          0.000
  2000    57     1   26939476.000   26939474.000          0.000          0.000          0.000
  2000    58     1   27068722.000   27068720.000          0.000          0.000          0.000
  2000    59     1   27181980.000   27181976.000          0.000          0.000          0.000
  2000    60     1   27280260.000   27280260.000          0.000          0.000          0.000
  2000    61     1   27363318.000   27363316.000          0.000          0.000          0.000
  2000    62     1   27431916.000   27431912.000          0.000          0.000          0.000
  2000    63     1   27488452.000   27488448.000          0.000          0.000          0.000
  2000    64     1   27535700.000   27535700.000          0.000          0.000          0.000
  2000    65     1   27574092.000   27574088.000          0.000          0.000          0.000
  2000    66     1   27604262.000   27604262.000          0.000          0.000          0.000
  2000    67     1   27626696.000   27626692.000          0.000          0.000          0.000
  2000    68     1   27641348.000   27641344.000          0.000          0.000          0.000
  2000    69     1   27648400.000   27648396.000          0.000          0.000          0.000
  2000    70     1   27648260.000   27648260.000          0.000          0.000          0.000
  2000    71     1   27642324.000   27642324.000          0.000          0.000          0.000
  2000    72     1   27630372.000   27630372.000          0.000          0.000          0.000
  2000    73     1   27613796.000   27613794.000          0.000          0.000          0.000
  2000    74     1   27591404.000   27591404.000          0.000          0.000          0.000
  2000    75     1   27563620.000   27563620.000          0.000          0.000          0.000
  2000    76     1   27530436.000   27530436.000          0.000          0.000          0.000
  2000    77     1   27492876.000   27492876.000          0.000          0.000          0.000
  2000    78     1   27451140.000   27451136.000          0.000          0.000          0.000
  2000    79     1   27405284.000   27405284.000          0.000          0.000          0.000
  2000    80     1   27362870.000   27362870.000          0.000          0.000          0.000
  2000    81     1   27315808.000   27315806.000          0.000          0.000          0.000
  2000    82     1   27265396.000   27265394.000          0.000          0.000          0.000
  2000    83     1   27210992.000   27210992.000          0.000          0.000          0.000
  2000    84     1   27153084.000   27153084.000          0.000          0.000          0.000
  2000    85     1   27090898.000   27090896.000          0.000          0.000          0.000
  2000    86     1   27024452.000   27024452.000          0.000          0.000          0.000
  2000    87     1   26954148.000   26954148.000          0.000          0.000          0.000
  2000    88     1   26880778.000   26880778.000          0.000          0.000          0.000
  2000    89     1   26804738.000   26804740.000          0.000          0.000          0.000
  2000    90     1   26726098.000   26726098.000          0.000          0.000          0.000
  2000    91     1   26645072.000   26645070.000          0.000          0.000          0.000
  2000    92     1   26561528.000   26561528.000          0.000          0.000          0.000
  2000    93     1   26475560.000   26475560.000          0.000          0.000          0.000
  2000    94     1   26387080.000   26387076.000          0.000          0.000          0.000
  2000    95     1   26296252.000   26296250.000          0.000          0.000          0.000
  2000    96     1   26203068.000   26203068.000          0.000          0.000          0.000
  2000    97     1   26107250.000   26107246.000          0.000          0.000          0.000
  2000    98     1   26008970.000   26008968.000          0.000          0.000          0.000
  2000    99     1   25908414.000   25908412.000          0.000          0.000          0.000
  2000   100     1   25805946.000   25805946.000          0.000          0.000          0.000
  2000   101     1   25701950.000   25701948.000          0.000          0.000          0.000
  2000   102     1   25596632.000   25596632.000          0.000          0.000          0.000
  2000   103     1   25489812.000   25489812.000          0.000          0.000          0.000
  2000   104     1   25381692.000   25381690.000          0.000          0.000          0.000
  2000   105     1   25272274.000   25272272.000          0.000          0.000          0.000
  2000   106     1   25161432.000   25161434.000          0.000          0.000          0.000
  2000   107     1   25049164.000   25049160.000          0.000          0.000          0.000
  2000   108     1   24935678.000   24935676.000          0.000          0.000          0.000
  2000   109     1   24821396.000   24821392.000          0.000          0.000          0.000
  2000   110     1   24706258.000   24706258.000          0.000          0.000          0.000
  2000   111     1   24590680.000   24590678.000          0.000          0.000          0.000
  2000   112     1   24474834.000   24474832.000          0.000          0.000          0.000
  2000   113     1   24358620.000   24358620.000          0.000          0.000          0.000
  2000   114     1   24241904.000   24241904.000          0.000          0.000          0.000
  2000   115     1   24124882.000   24124880.000          0.000          0.000          0.000
  2000   116     1   24007376.000   24007374.000          0.000          0.000          0.000
  2000   117     1   23889284.000   23889284.000          0.000          0.000          0.000
  2000   118     1   23770594.000   23770592.000          0.000          0.000          0.000
  2000   119     1   23651474.000   23651472.000          0.000          0.000          0.000
  2000   120     1   23532018.000   23532016.000          0.000          0.000          0.000
  2000   121     1   23412216.000   23412212.000          0.000          0.000          0.000
  2000   122     1   23292172.000   23292168.000          0.000          0.000          0.000
  2000   123     1   23171760.000   23171760.000          0.000          0.000          0.000
  2000   124     1   23051240.000   23051236.000          0.000          0.000          0.000
  2000   125     1   22930740.000   22930738.000          0.000          0.000          0.000
  2000   126     1   22810334.000   22810330.000          0.000          0.000          0.000
  2000   127     1   22689972.000   22689972.000          0.000          0.000          0.000
  2000   128     1   22569780.000   22569780.000          0.000          0.000          0.000
  2000   129     1   22449882.000   22449882.000          0.000          0.000          0.000
  2000   130     1   22330162.000   22330160.000          0.000          0.000          0.000
  2000   131     1   22210514.000   22210512.000          0.000          0.000          0.000
  2000   132     1   22090946.000   22090944.000          0.000          0.000          0.000
  2000   133     1   21971608.000   21971606.000          0.000          0.000          0.000
  2000   134     1   21852446.000   21852444.000          0.000          0.000          0.000
  2000   135     1   21733432.000   21733430.000          0.000          0.000          0.000
  2000   136     1   21614584.000   21614584.000          0.000          0.000          0.000
  2000   137     1   21495940.000   21495938.000          0.000          0.000          0.000
  2000   138     1   21377520.000   21377518.000          0.000          0.000          0.000
  2000   139     1   21259356.000   21259356.000          0.000          0.000          0.000
  2000   140     1   21141450.000   21141448.000          0.000          0.000          0.000
  2000   141     1   21023788.000   21023786.000          0.000          0.000          0.000
  2000   142     1   20906396.000   20906396.000          0.000          0.000          0.000
  2000   143     1   20789282.000   20789280.000          0.000          0.000          0.000
  2000   144     1   20672542.000   20672542.000          0.000          0.000          0.000
  2000   145     1   20556114.000   20556114.000          0.000          0.000          0.000
  2000   146     1   20439994.000   20439994.000          0.000          0.000          0.000
  2000   147     1   20324180.000   20324180.000          0.000          0.000          0.000
  2000   148     1   20208676.000   20208672.000          0.000          0.000          0.000
  2000   149     1   20093516.000   20093516.000          0.000          0.000          0.000
  2000   150     1   19978756.000   19978756.000          0.000          0.000          0.000
  2000   151     1   19864376.000   19864376.000          0.000          0.000          0.000
  2000   152     1   19750358.000   19750356.000          0.000          0.000          0.000
  2000   153     1   19636724.000   19636724.000          0.000          0.000          0.000
  2000   154     1   19523426.000   19523424.000          0.000          0.000          0.000
  2000   155     1   19410496.000   19410496.000          0.000          0.000          0.000
  2000   156     1   19297940.000   19297940.000          0.000          0.000          0.000
  2000   157     1   19185920.000   19185920.000          0.000          0.000          0.000
  2000   158     1   19074446.000   19074444.000          0.000          0.000          0.000
  2000   159     1   18963490.000   18963488.000          0.000          0.000          0.000
  2000   160     1   18853000.000   18852998.000          0.000          0.000          0.000
  2000   161     1   18742980.000   18742980.000          0.000          0.000          0.000
  2000   162     1   18633442.000   18633442.000          0.000          0.000          0.000
  2000   163     1   18524360.000   18524360.000          0.000          0.000          0.000
  2000   164     1   18415754.000   18415752.000          0.000          0.000          0.000
  2000   165     1   18307678.000   18307676.000          0.000          0.000          0.000
  2000   166     1   18200122.000   18200120.000          0.000          0.000          0.000
  2000   167     1   18093054.000   18093052.000          0.000          0.000          0.000
  2000   168     1   17986460.000   17986458.000          0.000          0.000          0.000
  2000   169     1   17880332.000   17880328.000          0.000          0.000          0.000
  2000   170     1   17774684.000   17774684.000          0.000          0.000          0.000
  2000   171     1   17669516.000   17669516.000          0.000          0.000          0.000
  2000   172     1   17564822.000   17564820.000          0.000          0.000          0.000
  2000   173     1   17460602.000   17460600.000          0.000          0.000          0.000
  2000   174     1   17356856.000   17356854.000          0.000          0.000          0.000
  2000   175     1   17253632.000   17253628.000          0.000          0.000          0.000
  2000   176     1   17150916.000   17150916.000          0.000          0.000          0.000
  2000   177     1   17048724.000   17048726.000          0.000          0.000          0.000
  2000   178     1   16947074.000   16947072.000          0.000          0.000          0.000
  2000   179     1   16845950.000   16845950.000          0.000          0.000          0.000
  2000   180     1   16745346.000   16745344.000          0.000          0.000          0.000
  2000   181     1   16645246.000   16645246.000          0.000          0.000          0.000
  2000   182     1   16545574.000   16545572.000          0.000          0.000          0.000
  2000   183     1   16446279.000   16446277.000          0.000          0.000          0.000
  2000   184     1   16347438.000   16347438.000          0.000          0.000          0.000
  2000   185     1   16249142.000   16249141.000          0.000          0.000          0.000
  2000   186     1   16151377.000   16151377.000          0.000          0.000          0.000
  2000   187     1   16054163.000   16054162.000          0.000          0.000          0.000
  2000   188     1   15957486.000   15957484.000          0.000          0.000          0.000
  2000   189     1   15861342.000   15861341.000          0.000          0.000          0.000
  2000   190     1   15765732.000   15765732.000          0.000          0.000          0.000
  2000   191     1   15670663.000   15670662.000          0.000          0.000          0.000
  2000   192     1   15576130.000   15576129.000          0.000          0.000          0.000
  2000   193     1   15482130.000   15482128.000          0.000          0.000          0.000
  2000   194     1   15388664.000   15388664.000          0.000          0.000          0.000
  2000   195     1   15295752.000   15295752.000          0.000          0.000          0.000
  2000   196     1   15203377.000   15203376.000          0.000          0.000          0.000
  2000   197     1   15111538.000   15111537.000          0.000          0.000          0.000
  2000   198     1   15020230.000   15020228.000          0.000          0.000          0.000
  2000   199     1   14929460.000   14929459.000          0.000          0.000          0.000
  2000   200     1   14839222.000   14839220.000          0.000          0.000          0.000
  2000   201     1   14749509.000   14749508.000          0.000          0.000          0.000
  2000   202     1   14660319.000   14660318.000          0.000          0.000          0.000
  2000   203     1   14571650.000   14571648.000          0.000          0.000          0.000
  2000   204     1   14483496.000   14483495.000          0.000          0.000          0.000
  2000   205     1   14395858.000   14395858.000          0.000          0.000          0.000
  2000   206     1   14308727.000   14308727.000          0.000          0.000          0.000
  2000   207     1   14222100.000   14222098.000          0.000          0.000          0.000
  2000   208     1   14135968.000   14135967.000          0.000          0.000          0.000
  2000   209     1   14050325.000   14050324.000          0.000          0.000          0.000
  2000   210     1   13965166.000   13965165.000          0.000          0.000          0.000
  2000   211     1   13880513.000   13880512.000          0.000          0.000          0.000
  2000   212     1   13796321.000   13796320.000          0.000          0.000          0.000
  2000   213     1   13712618.000   13712618.000          0.000          0.000          0.000
  2000   214     1   13629396.000   13629396.000          0.000          0.000          0.000
  2000   215     1   13546648.000   13546648.000          0.000          0.000          0.000
  2000   216     1   13464408.000   13464406.000          0.000          0.000          0.000
  2000   217     1   13382638.000   13382637.000          0.000          0.000          0.000
  2000   218     1   13301327.000   13301326.000          0.000          0.000          0.000
  2000   219     1   13220584.000   13220582.000          0.000          0.000          0.000
  2000   220     1   13141312.000   13141310.000          0.000          0.000          0.000
  2000   221     1   13061909.000   13061908.000          0.000          0.000          0.000
  2000   222     1   12982497.000   12982496.000          0.000          0.000          0.000
  2000   223     1   12904132.000   12904132.000          0.000          0.000          0.000
  2000   224     1   12826206.000   12826206.000          0.000          0.000          0.000
  2000   225     1   12748708.000   12748708.000          0.000          0.000          0.000
  2000   226     1   12671636.000   12671636.000          0.000          0.000          0.000
  2000   227     1   12594985.000   12594984.000          0.000          0.000          0.000
  2000   228     1   12518752.000   12518750.000          0.000          0.000          0.000
  2000   229     1   12442935.000   12442934.000          0.000          0.000          0.000
  2000   230     1   12367529.000   12367527.000          0.000          0.000          0.000
  2000   231     1   12292538.000   12292537.000          0.000          0.000          0.000
  2000   232     1   12217955.000   12217954.000          0.000          0.000          0.000
  2000   233     1   12143735.000   12143734.000          0.000          0.000          0.000
  2000   234     1   12069737.000   12069736.000          0.000          0.000          0.000
  2000   235     1   11996062.000   11996061.000          0.000          0.000          0.000
  2000   236     1   11922798.000   11922797.000          0.000          0.000          0.000
  2000   237     1   11849944.000   11849943.000          0.000          0.000          0.000
  2000   238     1   11777501.000   11777500.000          0.000          0.000          0.000
  2000   239     1   11705476.000   11705475.000          0.000          0.000          0.000
  2000   240     1   11633871.000   11633870.000          0.000          0.000          0.000
  2000   241     1   11562706.000   11562705.000          0.000          0.000          0.000
  2000   242     1   11491928.000   11491928.000          0.000          0.000          0.000
  2000   243     1   11421572.000   11421572.000          0.000          0.000          0.000
  2000   244     1   11351621.000   11351620.000          0.000          0.000          0.000
  2000   245     1   11282082.000   11282082.000          0.000          0.000          0.000
  2000   246     1   11212941.000   11212939.000          0.000          0.000          0.000
  2000   247     1   11144198.000   11144198.000          0.000          0.000          0.000
  2000   248     1   11075859.000   11075859.000          0.000          0.000          0.000
  2000   249     1   11008433.000   11008432.000          0.000          0.000          0.000
  2000   250     1   10941169.000   10941168.000          0.000          0.000          0.000
  2000   251     1   10873630.000   10873628.000          0.000          0.000          0.000
  2000   252     1   10807043.000   10807042.000          0.000          0.000          0.000
  2000   253     1   10740816.000   10740816.000          0.000          0.000          0.000
  2000   254     1   10674829.000   10674829.000          0.000          0.000          0.000
  2000   255     1   10609222.000   10609221.000          0.000          0.000          0.000
  2000   256     1   10543996.000   10543995.000          0.000          0.000          0.000
  2000   257     1   10479146.000   10479145.000          0.000          0.000          0.000
  2000   258     1   10414676.000   10414676.000          0.000          0.000          0.000
  2000   259     1   10350540.000   10350539.000          0.000          0.000          0.000
  2000   260     1   10286521.000   10286521.000          0.000          0.000          0.000
  2000   261     1   10222895.000   10222894.000          0.000          0.000          0.000
  2000   262     1   10159659.000   10159658.000          0.000          0.000          0.000
  2000   263     1   10096811.000   10096810.000          0.000          0.000          0.000
  2000   264     1   10034349.000   10034349.000          0.000          0.000          0.000
  2000   265     1    9972272.000    9972272.000          0.000          0.000          0.000
  2000   266     1    9910586.000    9910586.000          0.000          0.000          0.000
  2000   267     1    9849265.000    9849265.000          0.000          0.000          0.000
  2000   268     1    9788330.000    9788330.000          0.000          0.000          0.000
  2000   269     1    9727773.000    9727772.000          0.000          0.000          0.000
  2000   270     1    9667589.000    9667589.000          0.000          0.000          0.000
  2000   271     1    9607778.000    9607778.000          0.000          0.000          0.000
  2000   272     1    9548366.000    9548365.000          0.000          0.000          0.000
  2000   273     1    9490144.000    9490144.000          0.000          0.000          0.000
  2000   274     1    9431774.000    9431773.000          0.000          0.000          0.000
  2000   275     1    9373601.000    9373600.000          0.000          0.000          0.000
  2000   276     1    9314950.000    9314950.000          0.000          0.000          0.000
  2000   277     1    9257379.000    9257378.000          0.000          0.000          0.000
  2000   278     1    9201234.000    9201234.000          0.000          0.000          0.000
  2000   279     1   15085618.000   15085617.000          0.000          0.000          0.000
  2000   280     1    9090279.000    9090278.000          0.000          0.000          0.000
  2000   281     1    9035686.000    9035685.000          0.000          0.000          0.000
  2000   282     1    8982398.000    8982397.000          0.000          0.000          0.000
  2000   283     1    8927936.000    8927936.000          0.000          0.000          0.000
  2000   284     1    8875230.000    8875229.000          0.000          0.000          0.000
  2000   285     1    8824308.000    8824308.000          0.000          0.000          0.000
  2000   286     1    8772166.000    8772166.000          0.000          0.000          0.000
  2000   287     1    8721512.000    8721512.000          0.000          0.000          0.000
  2000   288     1    8671169.000    8671169.000          0.000          0.000          0.000
  2000   289     1    8622954.000    8622954.000          0.000          0.000          0.000
  2000   290     1    8576884.000    8576884.000          0.000          0.000          0.000
  2000   291     1    8530180.000    8530180.000          0.000          0.000          0.000
  2000   292     1    8484097.000    8484097.000          0.000          0.000          0.000
  2000   293     1    8438705.000    8438704.000          0.000          0.000          0.000
  2000   294     1    8393424.000    8393423.000          0.000          0.000          0.000
  2000   295     1    8348144.500    8348143.500          0.000          0.000          0.000
  2000   296     1    8302944.000    8302944.000          0.000          0.000          0.000
  2000   297     1    8257790.000    8257789.000          0.000          0.000          0.000
  2000   298     1    8212666.000    8212665.000          0.000          0.000          0.000
  2000   299     1    8167622.000    8167621.500          0.000          0.000          0.000
  2000   300     1    8122730.000    8122729.000          0.000          0.000          0.000
  2000   301     1    8079833.000    8079833.000          0.000          0.000          0.000
  2000   302     1    8037498.000    8037498.000          0.000          0.000          0.000
  2000   303     1    7994297.000    7994296.500          0.000          0.000          0.000
  2000   304     1    7952416.000    7952415.000          0.000          0.000          0.000
  2000   305     1    7911014.000    7911013.500          0.000          0.000          0.000
  2000   306     1    7871243.000    7871242.500          0.000          0.000          0.000
  2000   307     1    7832752.000    7832752.000          0.000          0.000          0.000
  2000   308     1    7796102.500    7796101.500          0.000          0.000          0.000
  2000   309     1    8064510.000    8064509.500          0.000          0.000          0.000
  2000   310     1    7732307.500    7732307.000          0.000          0.000          0.000
  2000   311     1    7706818.000    7706817.500          0.000          0.000          0.000
  2000   312     1    7682898.000    7682897.000          0.000          0.000          0.000
  2000   313     1    7658497.000    7658496.500          0.000          0.000          0.000
  2000   314     1    7637023.000    7637023.000          0.000          0.000          0.000
  2000   315     1   12988560.000   12988559.000          0.000          0.000          0.000
  2000   316     1    7620651.000    7620650.500          0.000          0.000          0.000
  2000   317     1    7618834.000    7618834.000          0.000          0.000          0.000
  2000   318     1    7623650.000    7623649.500          0.000          0.000          0.000
  2000   319     1    7636428.500    7636428.000          0.000          0.000          0.000
  2000   320     1    7653469.000    7653468.500          0.000          0.000          0.000
  2000   321     1    7676626.500    7676626.000          0.000          0.000          0.000
  2000   322     1    7703585.000    7703584.500          0.000          0.000          0.000
  2000   323     1    7740943.500    7740943.000          0.000          0.000          0.000
  2000   324     1    7782613.000    7782612.000          0.000          0.000          0.000
  2000   325     1    7832062.000    7832061.500          0.000          0.000          0.000
  2000   326     1    7885780.000    7885780.000          0.000          0.000          0.000
  2000   327     1    7934492.000    7934491.000          0.000          0.000          0.000
  2000   328     1    7979684.000    7979684.000          0.000          0.000          0.000
  2000   329     1    8020709.000    8020708.500          0.000          0.000          0.000
  2000   330     1    8056981.000    8056980.500          0.000          0.000          0.000
  2000   331     1    8088445.000    8088444.500          0.000          0.000          0.000
  2000   332     1    8115392.000    8115391.500          0.000          0.000          0.000
  2000   333     1    8138208.500    8138208.000          0.000          0.000          0.000
  2000   334     1    8158298.000    8158297.000          0.000          0.000          0.000
  2000   335     1    8194427.500    8194427.500          0.000          0.000          0.000
  2001     1     1    8244329.000    8244328.500          0.000          0.000          0.000
  2001     2     1   11841102.000   11841101.000          0.000          0.000          0.000
  2001     3     1    8423240.000    8423240.000          0.000          0.000          0.000
  2001     4     1    8537649.000    8537648.000          0.000          0.000          0.000
  2001     5     1    8644923.000    8644922.000          0.000          0.000          0.000
  2001     6     1    8748224.000    8748224.000          0.000          0.000          0.000
  2001     7     1    8846108.000    8846108.000          0.000          0.000          0.000
  2001     8     1    8938876.000    8938876.000          0.000          0.000          0.000
  2001     9     1    9027423.000    9027423.000          0.000          0.000          0.000
  2001    10     1    9112528.000    9112527.000          0.000          0.000          0.000
  2001    11     1    9193484.000    9193484.000          0.000          0.000          0.000
  2001    12     1    9269956.000    9269955.000          0.000          0.000          0.000
  2001    13     1    9342104.000    9342104.000          0.000          0.000          0.000
  2001    14     1    9410146.000    9410145.000          0.000          0.000          0.000
  2001    15     1    9473174.000    9473172.000          0.000          0.000          0.000
  2001    16     1    9531123.000    9531122.000          0.000          0.000          0.000
  2001    17     1    9590001.000    9590000.000          0.000          0.000          0.000
  2001    18     1    9653791.000    9653791.000          0.000          0.000          0.000
  2001    19     1    9721290.000    9721289.000          0.000          0.000          0.000
  2001    20     1   13975696.000   13975694.000          0.000          0.000          0.000
  2001    21     1   10830580.000   10830580.000          0.000          0.000          0.000
  2001    22     1   11702319.000   11702318.000          0.000          0.000          0.000
  2001    23     1   10612740.000   10612740.000          0.000          0.000          0.000
  2001    24     1   10668150.000   10668149.000          0.000          0.000          0.000
  2001    25     1   11008298.000   11008297.000          0.000          0.000          0.000
  2001    26     1   11266279.000   11266278.000          0.000          0.000          0.000
  2001    27     1   11577892.000   11577892.000          0.000          0.000          0.000
  2001    28     1   11840004.000   11840002.000          0.000          0.000          0.000
  2001    29     1   12164644.000   12164643.000          0.000          0.000          0.000
  2001    30     1   12693122.000   12693122.000          0.000          0.000          0.000
  2001    31     1   12866416.000   12866415.000          0.000          0.000          0.000
