daily river flow [m3/s] for all sub-basins (MAP-IDs)
Year	Day	15	69
2000	1	   0.809	   0.351
2000	2	   1.783	   0.715
2000	3	   2.789	   1.084
2000	4	   3.750	   1.472
2000	5	   4.906	   1.942
2000	6	   6.185	   2.479
2000	7	   7.519	   3.111
2000	8	   8.962	   3.711
2000	9	  10.477	   4.293
2000	10	  11.912	   4.844
2000	11	  13.283	   5.370
2000	12	  14.583	   5.870
2000	13	  15.816	   6.342
2000	14	  16.981	   6.788
2000	15	  18.080	   7.209
2000	16	  19.119	   7.607
2000	17	  20.115	   7.985
2000	18	  21.234	   8.394
2000	19	  22.443	   8.900
2000	20	  23.588	   9.365
2000	21	  24.687	   9.816
2000	22	  25.724	  10.238
2000	23	  26.703	  10.635
2000	24	  27.620	  11.012
2000	25	  28.471	  11.367
2000	26	  29.272	  11.701
2000	27	  30.023	  12.019
2000	28	  30.829	  12.342
2000	29	  31.823	  12.730
2000	30	  32.911	  13.188
2000	31	  34.166	  13.618
2000	32	  35.411	  14.038
2000	33	  36.592	  14.442
2000	34	  37.708	  14.822
2000	35	  38.755	  15.178
2000	36	  39.736	  15.513
2000	37	  40.643	  15.826
2000	38	  41.550	  16.123
2000	39	  46.628	  16.455
2000	40	  44.152	  16.895
2000	41	  45.863	  24.176
2000	42	  47.775	  25.902
2000	43	  49.963	  19.230
2000	44	  54.169	  20.372
2000	45	 169.479	  21.745
2000	46	  62.263	  23.033
2000	47	  63.466	  24.258
2000	48	  65.443	  25.387
2000	49	  68.039	  26.437
2000	50	  70.471	  27.420
2000	51	  72.732	  28.343
2000	52	  74.693	  29.206
2000	53	  76.585	  30.007
2000	54	  78.321	  30.752
2000	55	  79.897	  31.444
2000	56	  81.334	  32.088
2000	57	  82.648	  32.682
2000	58	  83.848	  33.237
2000	59	  84.953	  33.755
2000	60	  85.975	  34.236
2000	61	  86.908	  34.681
2000	62	  87.752	  35.094
2000	63	  88.520	  35.479
2000	64	  89.234	  35.843
2000	65	  89.892	  36.185
2000	66	  90.497	  36.507
2000	67	  91.053	  36.810
2000	68	  91.559	  37.092
2000	69	  92.018	  37.353
2000	70	  92.433	  37.596
2000	71	  92.812	  37.819
2000	72	  93.157	  38.026
2000	73	  93.476	  38.218
2000	74	  93.761	  38.392
2000	75	  94.015	  38.548
2000	76	  94.236	  38.689
2000	77	  94.431	  38.815
2000	78	  94.603	  38.927
2000	79	  94.752	  39.023
2000	80	  94.943	  39.109
2000	81	  95.103	  39.184
2000	82	  95.238	  39.248
2000	83	  95.343	  39.304
2000	84	  95.422	  39.352
2000	85	  95.472	  39.389
2000	86	  95.492	  39.414
2000	87	  95.486	  39.428
2000	88	  95.459	  39.434
2000	89	  95.413	  39.433
2000	90	  95.350	  39.424
2000	91	  95.269	  39.408
2000	92	  95.170	  39.385
2000	93	  95.054	  39.356
2000	94	  94.921	  39.319
2000	95	  94.770	  39.275
2000	96	  94.603	  39.224
2000	97	  94.418	  39.165
2000	98	  94.217	  39.099
2000	99	  94.001	  39.021
2000	100	  93.771	  38.938
2000	101	  93.529	  38.849
2000	102	  93.278	  38.757
2000	103	  93.016	  38.659
2000	104	  92.743	  38.557
2000	105	  92.460	  38.451
2000	106	  92.166	  38.341
2000	107	  91.863	  38.225
2000	108	  91.550	  38.106
2000	109	  91.232	  37.983
2000	110	  90.905	  37.858
2000	111	  90.575	  37.730
2000	112	  90.240	  37.601
2000	113	  89.901	  37.470
2000	114	  89.556	  37.337
2000	115	  89.207	  37.202
2000	116	  88.852	  37.065
2000	117	  88.492	  36.926
2000	118	  88.127	  36.784
2000	119	  87.757	  36.640
2000	120	  87.383	  36.494
2000	121	  87.005	  36.347
2000	122	  86.625	  36.197
2000	123	  86.240	  36.046
2000	124	  85.853	  35.893
2000	125	  85.463	  35.739
2000	126	  85.072	  35.584
2000	127	  84.679	  35.429
2000	128	  84.285	  35.273
2000	129	  83.891	  35.116
2000	130	  83.495	  34.959
2000	131	  83.098	  34.802
2000	132	  82.700	  34.643
2000	133	  82.300	  34.485
2000	134	  81.900	  34.325
2000	135	  81.499	  34.165
2000	136	  81.097	  34.004
2000	137	  80.694	  33.843
2000	138	  80.291	  33.682
2000	139	  79.887	  33.520
2000	140	  79.482	  33.357
2000	141	  79.076	  33.195
2000	142	  78.671	  33.032
2000	143	  78.261	  32.869
2000	144	  77.853	  32.705
2000	145	  77.444	  32.542
2000	146	  77.036	  32.378
2000	147	  76.628	  32.214
2000	148	  76.220	  32.050
2000	149	  75.813	  31.886
2000	150	  75.406	  31.722
2000	151	  75.000	  31.558
2000	152	  74.595	  31.394
2000	153	  74.190	  31.230
2000	154	  73.786	  31.066
2000	155	  73.383	  30.903
2000	156	  72.981	  30.740
2000	157	  72.581	  30.577
2000	158	  72.183	  30.415
2000	159	  71.786	  30.254
2000	160	  71.390	  30.092
2000	161	  70.995	  29.931
2000	162	  70.601	  29.771
2000	163	  70.208	  29.610
2000	164	  69.817	  29.450
2000	165	  69.427	  29.291
2000	166	  69.038	  29.132
2000	167	  68.651	  28.973
2000	168	  68.265	  28.815
2000	169	  67.880	  28.656
2000	170	  67.497	  28.499
2000	171	  67.115	  28.342
2000	172	  66.734	  28.185
2000	173	  66.354	  28.028
2000	174	  65.976	  27.872
2000	175	  65.599	  27.717
2000	176	  65.223	  27.561
2000	177	  64.850	  27.407
2000	178	  64.477	  27.253
2000	179	  64.107	  27.100
2000	180	  63.738	  26.947
2000	181	  63.370	  26.795
2000	182	  63.004	  26.643
2000	183	  62.640	  26.492
2000	184	  62.277	  26.342
2000	185	  61.916	  26.192
2000	186	  61.557	  26.042
2000	187	  61.199	  25.894
2000	188	  60.843	  25.746
2000	189	  60.488	  25.598
2000	190	  60.135	  25.452
2000	191	  59.784	  25.306
2000	192	  59.435	  25.160
2000	193	  59.087	  25.015
2000	194	  58.741	  24.871
2000	195	  58.397	  24.728
2000	196	  58.055	  24.585
2000	197	  57.714	  24.443
2000	198	  57.375	  24.302
2000	199	  57.038	  24.162
2000	200	  56.703	  24.022
2000	201	  56.370	  23.883
2000	202	  56.038	  23.744
2000	203	  55.708	  23.607
2000	204	  55.380	  23.470
2000	205	  55.054	  23.333
2000	206	  54.729	  23.198
2000	207	  54.406	  23.063
2000	208	  54.085	  22.928
2000	209	  53.765	  22.795
2000	210	  53.446	  22.661
2000	211	  53.130	  22.529
2000	212	  52.815	  22.397
2000	213	  52.502	  22.266
2000	214	  52.190	  22.135
2000	215	  51.880	  22.004
2000	216	  51.572	  21.874
2000	217	  51.265	  21.744
2000	218	  50.960	  21.613
2000	219	  50.658	  21.481
2000	220	  50.371	  21.351
2000	221	  50.076	  21.220
2000	222	  49.776	  21.091
2000	223	  49.487	  20.962
2000	224	  49.198	  20.834
2000	225	  48.911	  20.707
2000	226	  48.625	  20.581
2000	227	  48.341	  20.455
2000	228	  48.057	  20.330
2000	229	  47.775	  20.205
2000	230	  47.494	  20.082
2000	231	  47.214	  19.959
2000	232	  46.936	  19.836
2000	233	  46.659	  19.715
2000	234	  46.382	  19.594
2000	235	  46.108	  19.473
2000	236	  45.834	  19.354
2000	237	  45.561	  19.235
2000	238	  45.290	  19.116
2000	239	  45.020	  18.998
2000	240	  44.751	  18.881
2000	241	  44.484	  18.765
2000	242	  44.218	  18.647
2000	243	  43.953	  18.530
2000	244	  43.689	  18.414
2000	245	  43.427	  18.298
2000	246	  43.166	  18.183
2000	247	  42.907	  18.069
2000	248	  42.648	  17.956
2000	249	  42.399	  17.844
2000	250	  42.146	  17.733
2000	251	  41.886	  17.620
2000	252	  41.635	  17.509
2000	253	  41.385	  17.399
2000	254	  41.136	  17.290
2000	255	  40.889	  17.182
2000	256	  40.642	  17.074
2000	257	  40.397	  16.967
2000	258	  40.151	  16.861
2000	259	  39.904	  16.755
2000	260	  39.658	  16.650
2000	261	  39.413	  16.546
2000	262	  39.170	  16.442
2000	263	  38.928	  16.339
2000	264	  38.688	  16.237
2000	265	  38.449	  16.135
2000	266	  38.212	  16.034
2000	267	  37.975	  15.934
2000	268	  37.740	  15.834
2000	269	  37.507	  15.735
2000	270	  37.275	  15.637
2000	271	  37.044	  15.539
2000	272	  36.815	  15.442
2000	273	  36.599	  15.346
2000	274	  36.371	  15.256
2000	275	  36.146	  15.162
2000	276	  35.919	  15.061
2000	277	  35.697	  14.966
2000	278	  35.485	  14.879
2000	279	  35.277	  84.744
2000	280	  35.072	  14.700
2000	281	  34.870	  14.612
2000	282	  34.677	  14.523
2000	283	  34.474	  14.424
2000	284	  34.281	  14.338
2000	285	  34.101	  14.262
2000	286	  33.911	  14.175
2000	287	  33.729	  14.101
2000	288	  33.552	  14.023
2000	289	  33.391	  13.953
2000	290	  33.248	  13.890
2000	291	  33.105	  13.811
2000	292	  32.957	  13.744
2000	293	  32.817	  13.678
2000	294	  32.677	  13.612
2000	295	  32.535	  13.545
2000	296	  32.393	  13.477
2000	297	  32.249	  13.410
2000	298	  32.104	  13.342
2000	299	  31.958	  13.274
2000	300	  31.811	  13.206
2000	301	  31.689	  13.140
2000	302	  31.567	  13.077
2000	303	  31.440	  13.002
2000	304	  31.324	  12.935
2000	305	  31.210	  12.870
2000	306	  31.109	  12.811
2000	307	  31.020	  12.753
2000	308	  30.950	  12.695
2000	309	  30.913	  16.009
2000	310	  30.889	  12.610
2000	311	  30.924	  12.583
2000	312	  30.979	  12.549
2000	313	  31.029	  12.514
2000	314	  31.106	  12.490
2000	315	  66.780	  43.154
2000	316	  31.510	  12.513
2000	317	  31.758	  12.550
2000	318	  32.076	  12.601
2000	319	  32.463	  12.680
2000	320	  32.882	  12.777
2000	321	  33.332	  12.913
2000	322	  33.802	  13.067
2000	323	  34.383	  13.242
2000	324	  35.000	  13.430
2000	325	  35.683	  13.648
2000	326	  36.395	  13.886
2000	327	  37.067	  14.099
2000	328	  37.702	  14.308
2000	329	  38.300	  14.503
2000	330	  38.854	  14.682
2000	331	  39.361	  14.847
2000	332	  39.824	  15.000
2000	333	  40.246	  15.141
2000	334	  40.640	  15.275
2000	335	  41.171	  15.473
2001	1	 41.821	 15.716
2001	2	 58.986	 36.911
2001	3	 43.803	 16.508
2001	4	 45.006	 17.003
2001	5	 46.147	 17.466
2001	6	 47.249	 17.923
2001	7	 48.301	 18.363
2001	8	 49.307	 18.785
2001	9	 50.276	 19.192
2001	10	 51.218	 19.584
2001	11	 52.121	 19.962
2001	12	 52.982	 20.325
2001	13	 53.803	 20.674
2001	14	 54.587	 21.008
2001	15	 55.322	 21.326
2001	16	 56.009	 21.630
2001	17	 56.722	 21.922
2001	18	 57.457	 22.250
2001	19	 58.238	 22.579
2001	20	 63.035	 64.536
2001	21	 63.820	 29.998
2001	22	 76.242	 29.641
2001	23	 64.459	 28.056
2001	24	 66.701	 27.280
2001	25	 69.401	 28.863
2001	26	 71.520	 30.442
2001	27	 74.014	 32.040
2001	28	 76.070	 33.576
2001	29	 78.678	 35.209
2001	30	 84.499	 36.726
2001	31	 85.444	 38.142
