soil moisture in profile [mm] for all sub-basins (MAP-IDs)
Year	Day	15	69
2000	1	 1075.954	 1024.305
2000	2	 1090.069	 1028.684
2000	3	 1093.466	 1032.043
2000	4	 1091.351	 1035.288
2000	5	 1101.445	 1048.294
2000	6	 1108.665	 1058.216
2000	7	 1111.420	 1069.093
2000	8	 1116.415	 1067.631
2000	9	 1119.224	 1063.733
2000	10	 1116.964	 1058.952
2000	11	 1113.290	 1054.864
2000	12	 1109.186	 1051.236
2000	13	 1105.820	 1046.557
2000	14	 1101.838	 1042.363
2000	15	 1097.335	 1038.128
2000	16	 1092.840	 1034.246
2000	17	 1092.426	 1033.793
2000	18	 1098.766	 1038.136
2000	19	 1104.312	 1052.279
2000	20	 1103.065	 1049.134
2000	21	 1100.511	 1044.978
2000	22	 1096.508	 1040.898
2000	23	 1092.315	 1036.877
2000	24	 1088.224	 1033.300
2000	25	 1084.882	 1029.552
2000	26	 1081.514	 1026.276
2000	27	 1078.720	 1023.854
2000	28	 1082.905	 1028.159
2000	29	 1096.538	 1038.228
2000	30	 1102.641	 1049.051
2000	31	 1111.793	 1047.910
2000	32	 1112.633	 1045.062
2000	33	 1110.282	 1041.708
2000	34	 1106.750	 1037.862
2000	35	 1102.362	 1033.784
2000	36	 1098.396	 1029.855
2000	37	 1094.348	 1026.152
2000	38	 1095.827	 1027.554
2000	39	 1111.822	 1031.218
2000	40	 1123.000	 1048.026
2000	41	 1135.225	 1067.864
2000	42	 1142.607	 1086.417
2000	43	 1151.598	 1096.806
2000	44	 1162.878	 1109.888
2000	45	 1180.705	 1122.188
2000	46	 1183.339	 1118.761
2000	47	 1180.824	 1113.991
2000	48	 1175.942	 1108.836
2000	49	 1171.188	 1104.846
2000	50	 1166.529	 1101.521
2000	51	 1162.702	 1097.094
2000	52	 1159.092	 1093.538
2000	53	 1154.821	 1089.482
2000	54	 1150.255	 1085.530
2000	55	 1145.687	 1081.564
2000	56	 1141.787	 1078.104
2000	57	 1137.550	 1074.072
2000	58	 1133.911	 1070.837
2000	59	 1130.639	 1067.691
2000	60	 1127.076	 1064.133
2000	61	 1123.029	 1060.617
2000	62	 1119.296	 1057.313
2000	63	 1116.226	 1054.568
2000	64	 1113.303	 1052.264
2000	65	 1110.298	 1050.067
2000	66	 1107.425	 1048.031
2000	67	 1104.627	 1045.855
2000	68	 1101.640	 1043.448
2000	69	 1098.742	 1040.869
2000	70	 1096.767	 1038.638
2000	71	 1094.356	 1035.968
2000	72	 1091.470	 1033.447
2000	73	 1090.476	 1031.279
2000	74	 1087.380	 1028.326
2000	75	 1084.528	 1025.508
2000	76	 1082.644	 1022.679
2000	77	 1080.142	 1019.936
2000	78	 1077.848	 1017.126
2000	79	 1076.399	 1014.145
2000	80	 1079.513	 1011.560
2000	81	 1077.913	 1011.081
2000	82	 1074.679	 1008.686
2000	83	 1071.519	 1006.752
2000	84	 1068.882	 1004.710
2000	85	 1065.650	 1001.560
2000	86	 1062.148	  998.331
2000	87	 1058.638	  995.301
2000	88	 1055.690	  992.803
2000	89	 1053.147	  990.387
2000	90	 1050.622	  987.919
2000	91	 1048.071	  985.844
2000	92	 1045.412	  983.315
2000	93	 1042.605	  980.977
2000	94	 1039.599	  978.445
2000	95	 1036.625	  975.934
2000	96	 1033.561	  973.138
2000	97	 1030.003	  969.797
2000	98	 1026.611	  966.460
2000	99	 1023.314	  963.257
2000	100	 1020.280	  960.202
2000	101	 1017.535	  957.678
2000	102	 1015.086	  955.101
2000	103	 1012.301	  952.429
2000	104	 1009.608	  949.961
2000	105	 1006.816	  947.371
2000	106	 1003.668	  944.469
2000	107	 1000.381	  941.119
2000	108	  997.307	  937.830
2000	109	  994.828	  934.960
2000	110	  992.061	  932.314
2000	111	  989.823	  930.176
2000	112	  987.839	  928.458
2000	113	  985.624	  926.651
2000	114	  983.087	  924.300
2000	115	  980.802	  922.458
2000	116	  978.177	  920.245
2000	117	  975.177	  917.583
2000	118	  972.042	  914.525
2000	119	  969.344	  911.527
2000	120	  966.530	  908.946
2000	121	  963.625	  906.196
2000	122	  960.998	  903.343
2000	123	  957.992	  900.118
2000	124	  955.427	  897.652
2000	125	  953.215	  895.505
2000	126	  951.067	  893.673
2000	127	  948.918	  891.486
2000	128	  946.958	  889.866
2000	129	  945.279	  888.543
2000	130	  943.337	  886.702
2000	131	  940.930	  884.438
2000	132	  938.446	  882.170
2000	133	  936.309	  880.487
2000	134	  934.144	  878.262
2000	135	  931.697	  875.976
2000	136	  929.340	  873.655
2000	137	  926.980	  871.495
2000	138	  924.677	  869.386
2000	139	  922.432	  867.373
2000	140	  920.099	  865.222
2000	141	  917.633	  862.907
2000	142	  915.279	  860.529
2000	143	  912.998	  858.065
2000	144	  911.054	  856.179
2000	145	  908.806	  853.954
2000	146	  906.405	  851.634
2000	147	  903.863	  849.369
2000	148	  901.227	  847.020
2000	149	  898.820	  844.778
2000	150	  896.670	  842.809
2000	151	  894.378	  840.736
2000	152	  891.821	  838.287
2000	153	  889.430	  835.977
2000	154	  887.130	  833.906
2000	155	  885.217	  832.073
2000	156	  883.468	  830.474
2000	157	  881.965	  828.905
2000	158	  880.561	  827.347
2000	159	  878.740	  825.924
2000	160	  876.610	  823.919
2000	161	  874.397	  821.929
2000	162	  872.291	  820.010
2000	163	  869.885	  817.677
2000	164	  867.692	  815.344
2000	165	  865.841	  813.722
2000	166	  864.064	  811.878
2000	167	  861.817	  809.752
2000	168	  859.510	  807.169
2000	169	  856.895	  804.734
2000	170	  854.333	  802.419
2000	171	  851.754	  800.002
2000	172	  849.047	  797.332
2000	173	  846.316	  794.760
2000	174	  843.488	  792.096
2000	175	  841.505	  789.675
2000	176	  839.160	  787.384
2000	177	  837.028	  785.366
2000	178	  835.097	  783.664
2000	179	  832.858	  781.937
2000	180	  830.684	  779.849
2000	181	  828.204	  777.419
2000	182	  825.587	  774.908
2000	183	  823.258	  772.651
2000	184	  821.125	  770.568
2000	185	  818.903	  768.472
2000	186	  816.348	  766.031
2000	187	  814.161	  764.127
2000	188	  811.828	  761.963
2000	189	  809.288	  759.543
2000	190	  806.689	  757.162
2000	191	  804.375	  755.009
2000	192	  801.885	  752.568
2000	193	  799.184	  749.955
2000	194	  796.662	  747.598
2000	195	  794.751	  746.030
2000	196	  792.427	  743.804
2000	197	  789.947	  741.468
2000	198	  787.389	  739.105
2000	199	  784.984	  736.868
2000	200	  782.703	  734.757
2000	201	  780.157	  732.485
2000	202	  777.655	  730.197
2000	203	  775.282	  728.005
2000	204	  772.823	  725.680
2000	205	  770.596	  723.632
2000	206	  768.097	  721.186
2000	207	  765.571	  718.661
2000	208	  762.731	  716.001
2000	209	  759.720	  713.094
2000	210	  756.695	  709.971
2000	211	  754.352	  707.003
2000	212	  751.998	  704.486
2000	213	  749.196	  701.721
2000	214	  746.482	  699.051
2000	215	  743.771	  696.441
2000	216	  741.751	  693.753
2000	217	  740.000	  692.521
2000	218	  738.855	  691.012
2000	219	  739.657	  688.966
2000	220	  754.008	  690.369
2000	221	  758.006	  688.255
2000	222	  754.865	  684.997
2000	223	  750.468	  682.124
2000	224	  747.449	  679.702
2000	225	  744.653	  677.016
2000	226	  741.761	  674.235
2000	227	  738.870	  671.438
2000	228	  735.855	  668.315
2000	229	  732.723	  665.175
2000	230	  729.487	  661.875
2000	231	  726.556	  658.974
2000	232	  723.522	  655.865
2000	233	  720.278	  652.732
2000	234	  717.044	  649.525
2000	235	  713.615	  646.145
2000	236	  710.079	  642.724
2000	237	  706.577	  639.357
2000	238	  702.915	  635.626
2000	239	  699.791	  632.391
2000	240	  697.412	  630.201
2000	241	  695.402	  628.179
2000	242	  692.573	  625.492
2000	243	  689.635	  622.536
2000	244	  686.724	  619.527
2000	245	  684.206	  616.780
2000	246	  680.849	  613.500
2000	247	  677.305	  609.802
2000	248	  673.910	  606.050
2000	249	  679.845	  602.961
2000	250	  683.820	  603.898
2000	251	  679.113	  598.631
2000	252	  673.517	  594.629
2000	253	  669.521	  591.107
2000	254	  665.709	  587.353
2000	255	  661.748	  583.434
2000	256	  657.650	  579.590
2000	257	  653.520	  575.836
2000	258	  649.688	  572.533
2000	259	  645.871	  569.526
2000	260	  642.290	  566.800
2000	261	  638.569	  564.262
2000	262	  634.840	  562.071
2000	263	  631.160	  560.075
2000	264	  627.362	  558.237
2000	265	  623.516	  556.581
2000	266	  619.970	  555.006
2000	267	  616.478	  553.425
2000	268	  612.907	  551.963
2000	269	  609.489	  550.482
2000	270	  605.720	  549.034
2000	271	  602.094	  547.610
2000	272	  599.497	  546.310
2000	273	  613.992	  549.248
2000	274	  620.495	  552.100
2000	275	  624.641	  555.643
2000	276	  624.100	  554.344
2000	277	  622.611	  552.681
2000	278	  632.867	  556.753
2000	279	  650.044	  594.107
2000	280	  667.496	  613.766
2000	281	  680.709	  639.944
2000	282	  696.651	  655.431
2000	283	  696.462	  653.953
2000	284	  695.172	  651.680
2000	285	  699.856	  657.821
2000	286	  701.152	  659.545
2000	287	  705.770	  672.742
2000	288	  714.112	  676.722
2000	289	  736.832	  692.380
2000	290	  759.248	  713.358
2000	291	  765.373	  710.291
2000	292	  762.110	  705.971
2000	293	  759.853	  703.203
2000	294	  759.897	  700.874
2000	295	  756.703	  698.492
2000	296	  752.288	  695.737
2000	297	  749.580	  692.906
2000	298	  746.915	  690.262
2000	299	  744.748	  687.873
2000	300	  743.210	  685.680
2000	301	  761.215	  688.322
2000	302	  772.441	  689.279
2000	303	  772.358	  685.126
2000	304	  772.713	  681.906
2000	305	  775.410	  682.330
2000	306	  783.850	  688.848
2000	307	  792.333	  703.401
2000	308	  803.497	  713.439
2000	309	  818.674	  738.078
2000	310	  826.165	  744.701
2000	311	  845.203	  759.493
2000	312	  854.306	  761.365
2000	313	  855.670	  759.056
2000	314	  860.356	  759.799
2000	315	  885.330	  788.783
2000	316	  893.392	  806.262
2000	317	  899.142	  818.064
2000	318	  910.172	  825.868
2000	319	  920.373	  838.540
2000	320	  925.417	  847.601
2000	321	  929.567	  860.931
2000	322	  932.817	  868.632
2000	323	  944.271	  875.037
2000	324	  948.879	  879.040
2000	325	  955.236	  886.493
2000	326	  958.474	  891.797
2000	327	  958.077	  888.169
2000	328	  954.836	  884.140
2000	329	  951.494	  880.275
2000	330	  947.618	  876.659
2000	331	  943.759	  873.613
2000	332	  939.867	  870.608
2000	333	  935.980	  867.711
2000	334	  937.562	  869.705
2000	335	  950.716	  884.157
2001	1	  962.896	  897.723
2001	2	  983.568	  922.068
2001	3	  992.140	  930.092
2001	4	 1000.920	  940.183
2001	5	 1000.957	  938.594
2001	6	  999.735	  937.550
2001	7	  997.998	  935.672
2001	8	  996.458	  934.355
2001	9	  995.902	  932.576
2001	10	  995.414	  931.541
2001	11	  993.958	  930.327
2001	12	  992.127	  928.949
2001	13	  990.344	  927.537
2001	14	  988.689	  926.130
2001	15	  986.510	  924.229
2001	16	  984.270	  922.350
2001	17	  987.200	  922.386
2001	18	  989.924	  926.753
2001	19	  993.896	  929.238
2001	20	 1010.952	  954.108
2001	21	 1027.056	  974.100
2001	22	 1044.500	  992.826
2001	23	 1051.685	 1009.435
2001	24	 1060.660	 1018.622
2001	25	 1067.391	 1030.125
2001	26	 1065.807	 1032.025
2001	27	 1067.709	 1033.263
2001	28	 1067.846	 1033.643
2001	29	 1074.598	 1036.770
2001	30	 1084.969	 1034.503
2001	31	 1086.254	 1029.880
