Year, day, hour, totallakeinflow(m**3/timestep), totallakeoutflow(m**3/timestep), totallakeprecip(m**3/timestep), totallakeevap(m**3/timestep), lakevol(m**3)
  2000     1     1   12510312.000   12510271.000         17.831         57.832        115.433
  2000     2     1   14381577.000   14381693.000        158.639         40.522        115.433
  2000     3     1   13394652.000   13394688.000         89.364         52.419        115.433
  2000     4     1   13555916.000   13555918.000         53.008         50.484        115.433
  2000     5     1   14373991.000   14374120.000        167.756         38.102        115.433
  2000     6     1   14683956.000   14684054.000        135.447         35.463        115.433
  2000     7     1   15062127.000   15062198.000        115.540         42.733        115.433
  2000     8     1   15647912.000   15647948.000         80.791         43.785        115.433
  2000     9     1   15981910.000   15981925.000         56.069         40.441        115.433
  2000    10     1   16106906.000   16106877.000         21.897         49.195        115.433
  2000    11     1   16340538.000   16340499.000         11.243         50.035        115.433
  2000    12     1   16629953.000   16629914.000         12.889         51.532        115.433
  2000    13     1   16922282.000   16922244.000         15.294         54.506        115.433
  2000    14     1   17149098.000   17149052.000         12.496         56.393        115.433
  2000    15     1   17358970.000   17358918.000          6.579         56.425        115.433
  2000    16     1   17554056.000   17554006.000          5.499         56.034        115.433
  2000    17     1   17734798.000   17734792.000         49.003         53.486        115.433
  2000    18     1   17940682.000   17940740.000        102.301         42.465        115.433
  2000    19     1   18181524.000   18181626.000        130.958         26.271        115.433
  2000    20     1   18411342.000   18411318.000         25.851         46.823        115.433
  2000    21     1   18601470.000   18601432.000         14.459         52.777        115.433
  2000    22     1   18778034.000   18777984.000          5.303         54.208        115.433
  2000    23     1   18937218.000   18937166.000          3.167         53.706        115.433
  2000    24     1   19078170.000   19078120.000          7.586         55.016        115.433
  2000    25     1   19201882.000   19201836.000         10.605         54.743        115.433
  2000    26     1   19311092.000   19311044.000          8.887         54.636        115.433
  2000    27     1   19406906.000   19406868.000         16.670         52.426        115.433
  2000    28     1   19512764.000   19512802.000         86.566         47.427        115.433
  2000    29     1   19799744.000   19799870.000        169.299         41.223        115.433
  2000    30     1   19827416.000   19827504.000        121.406         32.172        115.433
  2000    31     1   20013536.000   20013590.000         94.047         40.074        115.433
  2000    32     1   20191676.000   20191670.000         35.252         42.569        115.433
  2000    33     1   20354084.000   20354050.000         16.129         49.087        115.433
  2000    34     1   20500160.000   20500114.000          7.856         52.645        115.433
  2000    35     1   20629274.000   20629222.000          4.444         55.298        115.433
  2000    36     1   20742604.000   20742554.000          5.941         54.446        115.433
  2000    37     1   20840354.000   20840300.000          1.694         53.608        115.433
  2000    38     1   20934716.000   20934724.000         54.085         44.048        115.433
  2000    39     1   21743876.000   21744000.000        152.426         29.097        115.433
  2000    40     1   21496290.000   21496436.000        176.498         28.843        115.433
  2000    41     1   23898624.000   23898802.000        195.820         18.495        115.433
  2000    42     1   24207650.000   24207788.000        165.650         24.104        115.433
  2000    43     1   22408906.000   22409016.000        143.965         32.413        115.433
  2000    44     1   23411420.000   23411564.000        171.830         25.963        115.433
  2000    45     1   37256296.000   37256496.000        219.085         21.916        115.433
  2000    46     1   24339408.000   24339428.000         59.874         37.859        115.433
  2000    47     1   24397376.000   24397352.000         19.982         42.410        115.433
  2000    48     1   24657940.000   24657894.000          5.106         49.575        115.433
  2000    49     1   25034352.000   25034308.000          6.137         49.658        115.433
  2000    50     1   25380764.000   25380724.000         10.533         48.912        115.433
  2000    51     1   25710636.000   25710594.000         13.379         53.720        115.433
  2000    52     1   25971732.000   25971696.000         11.023         45.897        115.433
  2000    53     1   26209492.000   26209444.000          5.941         51.059        115.433
  2000    54     1   26427586.000   26427540.000          4.444         51.832        115.433
  2000    55     1   26621042.000   26620992.000          5.499         52.063        115.433
  2000    56     1   26791070.000   26791024.000          7.414         51.853        115.433
  2000    57     1   26939468.000   26939418.000          4.247         53.806        115.433
  2000    58     1   27068716.000   27068670.000          7.831         49.952        115.433
  2000    59     1   27181972.000   27181936.000         10.164         48.747        115.433
  2000    60     1   27280252.000   27280212.000          7.217         50.404        115.433
  2000    61     1   27363312.000   27363260.000          1.473         52.198        115.433
  2000    62     1   27431908.000   27431858.000          2.111         50.745        115.433
  2000    63     1   27488444.000   27488404.000          8.887         48.201        115.433
  2000    64     1   27535692.000   27535660.000          3.609         36.935        115.433
  2000    65     1   27574084.000   27574050.000          3.805         37.596        115.433
  2000    66     1   27604256.000   27604224.000          6.531         38.609        115.433
  2000    67     1   27626688.000   27626652.000          8.225         40.977        115.433
  2000    68     1   27641340.000   27641300.000          8.445         47.864        115.433
  2000    69     1   27648392.000   27648354.000          5.523         45.162        115.433
  2000    70     1   27648256.000   27648224.000         17.136         47.904        115.433
  2000    71     1   27642318.000   27642278.000          9.132         48.478        115.433
  2000    72     1   27630368.000   27630324.000          5.941         47.026        115.433
  2000    73     1   27613792.000   27613768.000         13.158         34.134        115.433
  2000    74     1   27591400.000   27591352.000          3.609         50.608        115.433
  2000    75     1   27563612.000   27563568.000          6.137         49.462        115.433
  2000    76     1   27530432.000   27530396.000         12.520         47.628        115.433
  2000    77     1   27492868.000   27492832.000          8.887         45.300        115.433
  2000    78     1   27451132.000   27451096.000          8.273         44.259        115.433
  2000    79     1   27405276.000   27405240.000         13.600         47.377        115.433
  2000    80     1   27362864.000   27362868.000         45.047         40.926        115.433
  2000    81     1   27315800.000   27315784.000         23.152         39.186        115.433
  2000    82     1   27265392.000   27265340.000          2.922         50.114        115.433
  2000    83     1   27210986.000   27210944.000          4.174         44.608        115.433
  2000    84     1   27153078.000   27153044.000          4.002         38.581        115.433
  2000    85     1   27090888.000   27090840.000          0.000         48.336        115.433
  2000    86     1   27024444.000   27024394.000          0.000         51.283        115.433
  2000    87     1   26954144.000   26954094.000          0.000         47.747        115.433
  2000    88     1   26880772.000   26880732.000          1.694         40.280        115.433
  2000    89     1   26804732.000   26804696.000          5.499         40.409        115.433
  2000    90     1   26726092.000   26726052.000          4.664         40.726        115.433
  2000    91     1   26645064.000   26645030.000          2.332         37.098        115.433
  2000    92     1   26561524.000   26561480.000          0.638         39.607        115.433
  2000    93     1   26475556.000   26475512.000          0.638         41.836        115.433
  2000    94     1   26387072.000   26387026.000          0.000         44.381        115.433
  2000    95     1   26296246.000   26296200.000          0.000         44.489        115.433
  2000    96     1   26203062.000   26203016.000          0.000         45.400        115.433
  2000    97     1   26107244.000   26107192.000          0.000         49.653        115.433
  2000    98     1   26008964.000   26008912.000          0.000         49.469        115.433
  2000    99     1   25908408.000   25908358.000          0.000         49.738        115.433
  2000   100     1   25805940.000   25805896.000          0.000         44.166        115.433
  2000   101     1   25701944.000   25701900.000          0.417         42.788        115.433
  2000   102     1   25596626.000   25596588.000          0.000         39.184        115.433
  2000   103     1   25489808.000   25489760.000          0.000         47.506        115.433
  2000   104     1   25381686.000   25381638.000          0.000         46.272        115.433
  2000   105     1   25272266.000   25272220.000          0.000         47.119        115.433
  2000   106     1   25161428.000   25161378.000          0.000         48.792        115.433
  2000   107     1   25049160.000   25049108.000          0.000         49.173        115.433
  2000   108     1   24935672.000   24935622.000          0.000         47.930        115.433
  2000   109     1   24821390.000   24821348.000          0.638         41.247        115.433
  2000   110     1   24706252.000   24706208.000          0.000         42.672        115.433
  2000   111     1   24590674.000   24590640.000          4.444         36.801        115.433
  2000   112     1   24474828.000   24474798.000          3.609         32.304        115.433
  2000   113     1   24358612.000   24358576.000          0.000         33.923        115.433
  2000   114     1   24241898.000   24241856.000          0.000         41.380        115.433
  2000   115     1   24124876.000   24124840.000          0.000         36.287        115.433
  2000   116     1   24007372.000   24007326.000          0.000         42.690        115.433
  2000   117     1   23889278.000   23889232.000          0.000         45.631        115.433
  2000   118     1   23770588.000   23770540.000          0.000         47.317        115.433
  2000   119     1   23651468.000   23651424.000          0.000         43.520        115.433
  2000   120     1   23532012.000   23531972.000          0.000         39.871        115.433
  2000   121     1   23412210.000   23412170.000          0.000         41.647        115.433
  2000   122     1   23292166.000   23292124.000          0.000         40.074        115.433
  2000   123     1   23171756.000   23171708.000          0.000         47.148        115.433
  2000   124     1   23051232.000   23051188.000          0.000         41.437        115.433
  2000   125     1   22930736.000   22930696.000          0.000         37.378        115.433
  2000   126     1   22810328.000   22810292.000          0.000         35.646        115.433
  2000   127     1   22689968.000   22689926.000          0.000         40.363        115.433
  2000   128     1   22569776.000   22569740.000          0.000         35.415        115.433
  2000   129     1   22449878.000   22449850.000          1.891         29.801        115.433
  2000   130     1   22330156.000   22330120.000          0.000         34.551        115.433
  2000   131     1   22210508.000   22210464.000          0.000         41.955        115.433
  2000   132     1   22090940.000   22090898.000          0.000         42.214        115.433
  2000   133     1   21971602.000   21971564.000          0.835         35.317        115.433
  2000   134     1   21852440.000   21852404.000          0.638         37.306        115.433
  2000   135     1   21733426.000   21733384.000          0.000         40.164        115.433
  2000   136     1   21614580.000   21614536.000          0.000         41.881        115.433
  2000   137     1   21495934.000   21495892.000          0.000         41.032        115.433
  2000   138     1   21377516.000   21377474.000          0.000         41.010        115.433
  2000   139     1   21259352.000   21259312.000          0.000         40.078        115.433
  2000   140     1   21141446.000   21141404.000          0.000         41.180        115.433
  2000   141     1   21023782.000   21023738.000          0.000         43.004        115.433
  2000   142     1   20906392.000   20906352.000          0.000         39.161        115.433
  2000   143     1   20789276.000   20789232.000          0.000         43.094        115.433
  2000   144     1   20672538.000   20672498.000          0.638         35.958        115.433
  2000   145     1   20556110.000   20556064.000          0.000         43.048        115.433
  2000   146     1   20439990.000   20439944.000          0.000         43.939        115.433
  2000   147     1   20324176.000   20324130.000          0.000         44.289        115.433
  2000   148     1   20208670.000   20208624.000          0.000         44.341        115.433
  2000   149     1   20093512.000   20093468.000          0.000         43.262        115.433
  2000   150     1   19978752.000   19978708.000          0.000         41.190        115.433
  2000   151     1   19864372.000   19864328.000          0.000         43.174        115.433
  2000   152     1   19750354.000   19750310.000          0.000         43.926        115.433
  2000   153     1   19636720.000   19636676.000          0.000         43.116        115.433
  2000   154     1   19523420.000   19523380.000          0.000         40.523        115.433
  2000   155     1   19410494.000   19410458.000          0.417         34.447        115.433
  2000   156     1   19297938.000   19297904.000          0.000         31.295        115.433
  2000   157     1   19185916.000   19185884.000          0.638         29.155        115.433
  2000   158     1   19074440.000   19074414.000          1.056         26.800        115.433
  2000   159     1   18963486.000   18963452.000          1.056         33.046        115.433
  2000   160     1   18852996.000   18852952.000          0.000         41.374        115.433
  2000   161     1   18742974.000   18742932.000          0.000         41.711        115.433
  2000   162     1   18633438.000   18633398.000          0.000         38.831        115.433
  2000   163     1   18524356.000   18524312.000          0.000         43.628        115.433
  2000   164     1   18415750.000   18415708.000          0.000         41.196        115.433
  2000   165     1   18307674.000   18307642.000          2.308         33.133        115.433
  2000   166     1   18200116.000   18200082.000          0.000         33.404        115.433
  2000   167     1   18093050.000   18093008.000          0.638         40.401        115.433
  2000   168     1   17986456.000   17986410.000          0.000         44.382        115.433
  2000   169     1   17880328.000   17880280.000          0.000         45.128        115.433
  2000   170     1   17774680.000   17774638.000          1.056         42.678        115.433
  2000   171     1   17669512.000   17669472.000          0.000         41.490        115.433
  2000   172     1   17564818.000   17564770.000          0.000         46.588        115.433
  2000   173     1   17460596.000   17460548.000          0.000         48.371        115.433
  2000   174     1   17356852.000   17356804.000          0.000         48.844        115.433
  2000   175     1   17253626.000   17253588.000          0.000         37.968        115.433
  2000   176     1   17150912.000   17150868.000          0.638         43.565        115.433
  2000   177     1   17048722.000   17048680.000          1.277         41.404        115.433
  2000   178     1   16947070.000   16947030.000          1.056         38.235        115.433
  2000   179     1   16845946.000   16845908.000          0.417         39.858        115.433
  2000   180     1   16745341.000   16745293.000          0.000         45.064        115.433
  2000   181     1   16645242.000   16645193.000          0.000         48.450        115.433
  2000   182     1   16545570.000   16545518.000          0.000         49.334        115.433
  2000   183     1   16446276.000   16446227.000          0.000         46.844        115.433
  2000   184     1   16347434.000   16347389.000          0.000         44.737        115.433
  2000   185     1   16249138.000   16249091.000          0.000         46.320        115.433
  2000   186     1   16151373.000   16151324.000          0.000         49.589        115.433
  2000   187     1   16054158.000   16054117.000          0.638         40.653        115.433
  2000   188     1   15957482.000   15957432.000          0.000         49.286        115.433
  2000   189     1   15861339.000   15861286.000          0.000         50.744        115.433
  2000   190     1   15765729.000   15765678.000          0.000         50.405        115.433
  2000   191     1   15670659.000   15670613.000          0.638         45.672        115.433
  2000   192     1   15576126.000   15576079.000          0.000         45.725        115.433
  2000   193     1   15482124.000   15482074.000          0.000         48.688        115.433
  2000   194     1   15388661.000   15388614.000          0.000         46.245        115.433
  2000   195     1   15295748.000   15295712.000          0.638         36.726        115.433
  2000   196     1   15203374.000   15203323.000          0.000         50.618        115.433
  2000   197     1   15111536.000   15111482.000          0.000         52.302        115.433
  2000   198     1   15020227.000   15020174.000          0.000         52.469        115.433
  2000   199     1   14929456.000   14929404.000          0.000         52.103        115.433
  2000   200     1   14839218.000   14839166.000          0.000         51.783        115.433
  2000   201     1   14749506.000   14749453.000          0.000         52.524        115.433
  2000   202     1   14660317.000   14660264.000          0.000         51.835        115.433
  2000   203     1   14571647.000   14571597.000          0.000         50.095        115.433
  2000   204     1   14483491.000   14483439.000          0.000         52.242        115.433
  2000   205     1   14395855.000   14395810.000          0.417         44.959        115.433
  2000   206     1   14308724.000   14308673.000          0.000         49.632        115.433
  2000   207     1   14222096.000   14222048.000          0.000         48.268        115.433
  2000   208     1   14135965.000   14135914.000          0.000         51.090        115.433
  2000   209     1   14050322.000   14050269.000          0.000         52.599        115.433
  2000   210     1   13965162.000   13965108.000          0.000         53.012        115.433
  2000   211     1   13880510.000   13880472.000          9.574         46.741        115.433
  2000   212     1   13796317.000   13796270.000          2.970         48.964        115.433
  2000   213     1   13712616.000   13712560.000          0.000         55.883        115.433
  2000   214     1   13629392.000   13629338.000          0.000         53.621        115.433
  2000   215     1   13546644.000   13546595.000          0.000         50.335        115.433
  2000   216     1   13464404.000   13464370.000         15.097         47.434        115.433
  2000   217     1   13382635.000   13382606.000         14.903         43.191        115.433
  2000   218     1   13301324.000   13301304.000          4.444         23.008        115.433
  2000   219     1   13220580.000   13220572.000         32.109         39.873        115.433
  2000   220     1   13141308.000   13141412.000        137.033         31.425        115.433
  2000   221     1   13061906.000   13061922.000         44.433         27.445        115.433
  2000   222     1   12982494.000   12982450.000          1.915         44.790        115.433
  2000   223     1   12904130.000   12904077.000          0.638         52.649        115.433
  2000   224     1   12826202.000   12826155.000          0.000         46.205        115.433
  2000   225     1   12748705.000   12748652.000          0.000         52.462        115.433
  2000   226     1   12671633.000   12671579.000          0.000         53.279        115.433
  2000   227     1   12594982.000   12594927.000          0.000         53.991        115.433
  2000   228     1   12518748.000   12518692.000          0.000         55.508        115.433
  2000   229     1   12442932.000   12442876.000          0.000         55.025        115.433
  2000   230     1   12367526.000   12367468.000          0.000         56.470        115.433
  2000   231     1   12292535.000   12292481.000          0.000         53.522        115.433
  2000   232     1   12217953.000   12217896.000          0.000         57.196        115.433
  2000   233     1   12143732.000   12143672.000          0.000         59.122        115.433
  2000   234     1   12069734.000   12069674.000          0.000         59.923        115.433
  2000   235     1   11996058.000   11995997.000          0.000         60.445        115.433
  2000   236     1   11922794.000   11922732.000          0.000         60.925        115.433
  2000   237     1   11849941.000   11849881.000          0.000         58.992        115.433
  2000   238     1   11777500.000   11777442.000          0.000         56.867        115.433
  2000   239     1   11705473.000   11705420.000          0.638         53.233        115.433
  2000   240     1   11633869.000   11633824.000          0.835         45.381        115.433
  2000   241     1   11562702.000   11562666.000          7.169         42.166        115.433
  2000   242     1   11491926.000   11491868.000          0.000         56.693        115.433
  2000   243     1   11421569.000   11421514.000          0.000         54.813        115.433
  2000   244     1   11351618.000   11351565.000          0.638         52.638        115.433
  2000   245     1   11282079.000   11282035.000          0.000         43.677        115.433
  2000   246     1   11212938.000   11212883.000          0.000         55.001        115.433
  2000   247     1   11144195.000   11144140.000          0.638         55.688        115.433
  2000   248     1   11075856.000   11075805.000          5.523         55.851        115.433
  2000   249     1   11008430.000   11008464.000         90.586         55.944        115.433
  2000   250     1   10941166.000   10941204.000         76.351         38.675        115.433
  2000   251     1   10873628.000   10873576.000          5.744         56.714        115.433
  2000   252     1   10807040.000   10806980.000          0.000         59.711        115.433
  2000   253     1   10740815.000   10740752.000          0.000         62.516        115.433
  2000   254     1   10674827.000   10674762.000          0.000         64.625        115.433
  2000   255     1   10609220.000   10609154.000          0.000         65.423        115.433
  2000   256     1   10543993.000   10543927.000          0.000         65.915        115.433
  2000   257     1   10479144.000   10479077.000          0.000         66.434        115.433
  2000   258     1   10414674.000   10414610.000          0.000         63.432        115.433
  2000   259     1   10350536.000   10350472.000          0.000         64.925        115.433
  2000   260     1   10286518.000   10286454.000          0.000         63.673        115.433
  2000   261     1   10222893.000   10222827.000          0.000         65.515        115.433
  2000   262     1   10159656.000   10159593.000          0.000         63.229        115.433
  2000   263     1   10096809.000   10096748.000          0.000         61.264        115.433
  2000   264     1   10034348.000   10034286.000          0.000         60.958        115.433
  2000   265     1    9972270.000    9972208.000          1.473         62.661        115.433
  2000   266     1    9910584.000    9910528.000          6.162         60.582        115.433
  2000   267     1    9849263.000    9849201.000          1.277         62.635        115.433
  2000   268     1    9788328.000    9788268.000          1.056         61.766        115.433
  2000   269     1    9727771.000    9727710.000          0.638         60.953        115.433
  2000   270     1    9667588.000    9667524.000          0.000         63.363        115.433
  2000   271     1    9607776.000    9607716.000          0.638         59.391        115.433
  2000   272     1    9548364.000    9548322.000         15.711         55.647        115.433
  2000   273     1    9490143.000    9490243.000        128.491         28.382        115.433
  2000   274     1    9431772.000    9431817.000         80.204         34.487        115.433
  2000   275     1    9373599.000    9373639.000         71.835         31.417        115.433
  2000   276     1    9314948.000    9314927.000         24.746         45.442        115.433
  2000   277     1    9257376.000    9257350.000         24.501         51.318        115.433
  2000   278     1    9201233.000    9201308.000        114.697         38.719        115.433
  2000   279     1   15085614.000   15085876.000        283.426         19.725        115.433
  2000   280     1    9090277.000    9090466.000        208.706         19.700        115.433
  2000   281     1    9035684.000    9035868.000        217.061         31.708        115.433
  2000   282     1    8982396.000    8982554.000        183.933         25.020        115.433
  2000   283     1    8927934.000    8927916.000         14.828         32.217        115.433
  2000   284     1    8875228.000    8875196.000          9.329         41.072        115.433
  2000   285     1    8824305.000    8824350.000         81.853         36.812        115.433
  2000   286     1    8772164.000    8772167.000         46.008         42.360        115.433
  2000   287     1    8721510.000    8721582.000        117.407         45.345        115.433
  2000   288     1    8671167.000    8671226.000         96.899         38.220        115.433
  2000   289     1    8622952.000    8623151.000        234.282         34.633        115.433
  2000   290     1    8576882.000    8577104.000        248.574         25.558        115.433
  2000   291     1    8530178.000    8530190.000         59.505         47.128        115.433
  2000   292     1    8484096.000    8484042.000          3.191         56.908        115.433
  2000   293     1    8438704.000    8438658.000         12.962         58.889        115.433
  2000   294     1    8393422.000    8393392.000         24.008         53.376        115.433
  2000   295     1    8348142.500    8348092.500          7.414         56.991        115.433
  2000   296     1    8302943.000    8302881.000          0.638         61.950        115.433
  2000   297     1    8257788.000    8257727.000          0.638         61.024        115.433
  2000   298     1    8212664.000    8212603.000          0.417         60.356        115.433
  2000   299     1    8167620.500    8167568.000          3.388         55.237        115.433
  2000   300     1    8122728.000    8122694.500         21.997         54.411        115.433
  2000   301     1    8079832.000    8079949.000        162.418         45.144        115.433
  2000   302     1    8037496.000    8037565.500        112.141         43.094        115.433
  2000   303     1    7994295.000    7994269.500         23.394         48.596        115.433
  2000   304     1    7952413.500    7952395.500         32.430         49.648        115.433
  2000   305     1    7911012.000    7911025.000         60.664         47.386        115.433
  2000   306     1    7871240.500    7871317.000        118.923         42.384        115.433
  2000   307     1    7832751.000    7832862.000        150.230         38.375        115.433
  2000   308     1    7796100.000    7796205.500        153.957         48.080        115.433
  2000   309     1    8064508.000    8064698.500        227.149         35.957        115.433
  2000   310     1    7732306.000    7732373.000        103.898         35.467        115.433
  2000   311     1    7706816.000    7706993.000        210.274         32.998        115.433
  2000   312     1    7682895.500    7682952.500         91.962         34.417        115.433
  2000   313     1    7658495.500    7658480.000         34.983         49.136        115.433
  2000   314     1    7637021.000    7637043.500         73.625         51.439        115.433
  2000   315     1   12988556.000   12988832.000        305.118         29.404        115.433
  2000   316     1    7620650.000    7620766.000        149.053         31.927        115.433
  2000   317     1    7618832.000    7618910.000        110.776         32.455        115.433
  2000   318     1    7623648.000    7623742.000        126.630         32.126        115.433
  2000   319     1    7636426.000    7636538.500        140.063         27.533        115.433
  2000   320     1    7653467.500    7653530.000         95.873         33.085        115.433
  2000   321     1    7676625.000    7676705.000        101.351         21.356        115.433
  2000   322     1    7703583.500    7703632.500         80.259         30.491        115.433
  2000   323     1    7740942.000    7741039.000        134.117         36.845        115.433
  2000   324     1    7782611.000    7782653.000         78.807         36.093        115.433
  2000   325     1    7832060.000    7832127.000        105.740         38.778        115.433
  2000   326     1    7885779.000    7885819.000         72.990         32.788        115.433
  2000   327     1    7934490.000    7934462.000         25.702         53.666        115.433
  2000   328     1    7979682.500    7979633.500          7.438         56.339        115.433
  2000   329     1    8020707.000    8020654.000          4.247         57.387        115.433
  2000   330     1    8056979.000    8056920.500          0.000         58.219        115.433
  2000   331     1    8088443.000    8088385.000          1.694         58.143        115.433
  2000   332     1    8115390.000    8115333.000          0.417         57.425        115.433
  2000   333     1    8138206.000    8138151.000          4.002         58.777        115.433
  2000   334     1    8158295.500    8158303.000         56.565         48.658        115.433
  2000   335     1    8194425.000    8194562.500        176.864         38.569        115.433
  2001     1     1    8244327.000    8244462.500        155.554         19.741        115.433
  2001     2     1   11841100.000   11841341.000        255.722         14.146        115.433
  2001     3     1    8423238.000    8423327.000        114.258         25.265        115.433
  2001     4     1    8537646.000    8537749.000        119.881         16.803        115.433
  2001     5     1    8644920.000    8644906.000         19.320         32.500        115.433
  2001     6     1    8748222.000    8748202.000         15.418         34.491        115.433
  2001     7     1    8846106.000    8846074.000          5.523         36.832        115.433
  2001     8     1    8938874.000    8938850.000         11.833         35.832        115.433
  2001     9     1    9027422.000    9027400.000         14.238         34.780        115.433
  2001    10     1    9112526.000    9112512.000         12.520         25.107        115.433
  2001    11     1    9193482.000    9193459.000          4.664         27.575        115.433
  2001    12     1    9269954.000    9269924.000          0.000         30.112        115.433
  2001    13     1    9342102.000    9342072.000          0.000         28.917        115.433
  2001    14     1    9410143.000    9410113.000          0.000         29.499        115.433
  2001    15     1    9473171.000    9473132.000          0.000         38.758        115.433
  2001    16     1    9531122.000    9531084.000          0.417         37.796        115.433
  2001    17     1    9589999.000    9590013.000         42.372         27.034        115.433
  2001    18     1    9653789.000    9653817.000         61.157         32.473        115.433
  2001    19     1    9721287.000    9721314.000         61.523         33.670        115.433
  2001    20     1   13975693.000   13975910.000        236.526         18.414        115.433
  2001    21     1   10830578.000   10830766.000        210.549         21.199        115.433
  2001    22     1   11702316.000   11702512.000        216.807         21.165        115.433
  2001    23     1   10612736.000   10612860.000        143.774         20.264        115.433
  2001    24     1   10668148.000   10668253.000        124.594         18.670        115.433
  2001    25     1   11008296.000   11008393.000        128.844         30.837        115.433
  2001    26     1   11266276.000   11266276.000         31.942         31.381        115.433
  2001    27     1   11577889.000   11577905.000         60.222         43.227        115.433
  2001    28     1   11840000.000   11840002.000         43.504         42.589        115.433
  2001    29     1   12164640.000   12164700.000         98.593         38.355        115.433
  2001    30     1   12693121.000   12693186.000        111.255         45.115        115.433
  2001    31     1   12866413.000   12866402.000         43.377         53.270        115.433
