Year, day, hour, retention_r(m**3/timestep)
  2000     1     1          3.082         11.874          9.609         12.953          2.500
  2000     2     1          0.000          0.000          0.000          0.000          0.000
  2000     3     1          0.000          0.000          0.000          0.000          0.000
  2000     4     1          0.000          2.598          1.406          4.922          1.500
  2000     5     1          0.000          0.000          0.000          0.000          0.000
  2000     6     1          0.000          0.000          0.000          0.000          0.000
  2000     7     1          0.000          0.000          0.000          0.000          0.000
  2000     8     1          0.000          2.112          1.203          0.750          0.000
  2000     9     1          1.629          6.438          4.047          2.750          0.000
  2000    10     1          2.579         10.188          6.625          7.281          1.000
  2000    11     1          3.938         12.654          7.750         11.469          2.500
  2000    12     1          3.558         12.290          6.859         13.562          3.000
  2000    13     1          3.190         12.113          8.516         12.438          3.000
  2000    14     1          3.666         12.708          8.812         15.250          3.500
  2000    15     1          4.820         14.541         10.188         17.594          3.500
  2000    16     1          4.848         14.510          9.438         16.875          4.500
  2000    17     1          0.000          1.764          1.938          2.875          0.500
  2000    18     1          0.000          0.000          0.000          0.000          0.000
  2000    19     1          0.000          0.000          0.000          0.000          0.000
  2000    20     1          1.629          8.092          5.312          6.031          0.500
  2000    21     1          3.326         12.516          7.781         11.500          2.000
  2000    22     1          4.820         14.440          9.344         15.719          3.500
  2000    23     1          5.133         15.082          9.125         16.656          3.500
  2000    24     1          4.427         13.705          8.469         16.844          3.500
  2000    25     1          4.101         13.497          8.906         15.000          4.000
  2000    26     1          4.250         13.551          8.594         15.938          3.500
  2000    27     1          2.852         11.014          6.750         12.844          3.000
  2000    28     1          0.000          0.000          0.000          0.000          0.000
  2000    29     1          0.000          0.000          0.000          0.000          0.000
  2000    30     1          0.000          0.000          0.000          0.000          0.000
  2000    31     1          0.407          3.420          1.969          1.250          0.000
  2000    32     1          2.036          6.639          3.938          2.750          0.000
  2000    33     1          2.905         11.525          6.906          9.562          2.000
  2000    34     1          4.372         14.170          8.719         14.062          3.000
  2000    35     1          4.834         14.896          9.656         16.906          4.500
  2000    36     1          4.970         14.727          9.344         15.938          3.500
  2000    37     1          5.269         16.041          9.656         17.125          3.500
  2000    38     1          0.000          0.000          0.000          0.000          0.000
  2000    39     1          0.000          0.000          0.000          0.000          0.000
  2000    40     1          0.000          0.000          0.000          0.000          0.000
  2000    41     1          0.000          0.000          0.000          0.000          0.000
  2000    42     1          0.000          0.000          0.000          0.000          0.000
  2000    43     1          0.000          0.000          0.000          0.000          0.000
  2000    44     1          0.000          0.000          0.000          0.000          0.000
  2000    45     1          0.000          0.000          0.000          0.000          0.000
  2000    46     1          1.357          4.828          3.281          2.250          0.000
  2000    47     1          2.579          8.588          6.094          5.625          1.000
  2000    48     1          4.807         13.814          9.250         13.375          2.000
  2000    49     1          4.834         14.525          7.625         13.094          3.000
  2000    50     1          4.020         12.344          6.219         12.344          3.000
  2000    51     1          3.639         12.469          7.969         13.375          2.000
  2000    52     1          3.938         11.494          6.875         10.500          2.000
  2000    53     1          4.671         14.154          8.906         14.281          3.000
  2000    54     1          4.834         14.896          8.375         15.000          3.000
  2000    55     1          4.997         14.494          8.688         15.438          3.000
  2000    56     1          4.698         14.123          8.250         14.031          2.000
  2000    57     1          4.970         14.928          9.344         16.438          2.000
  2000    58     1          4.399         13.953          8.031         13.062          3.000
  2000    59     1          3.965         12.438          7.312         12.156          2.000
  2000    60     1          4.508         13.783          7.750         12.625          2.000
  2000    61     1          5.567         15.469          8.906         15.688          4.000
  2000    62     1          5.404         15.268          8.469         14.969          3.000
  2000    63     1          4.264         12.979          7.094         12.375          2.000
  2000    64     1          5.269         10.055          5.156         10.000          2.000
  2000    65     1          5.269         10.225          5.781          9.750          2.000
  2000    66     1          4.726          9.652          5.562         10.438          2.000
  2000    67     1          4.128         10.426          5.781         10.688          1.000
  2000    68     1          4.427         12.746          6.438         11.875          3.000
  2000    69     1          4.671         12.979          7.500         11.906          2.000
  2000    70     1          2.525         10.287          6.219         10.250          1.000
  2000    71     1          4.372         13.010          7.188         11.906          2.000
  2000    72     1          4.671         12.947          6.875         13.062          2.000
  2000    73     1          3.639          7.488          4.125          5.062          1.000
  2000    74     1          5.404         15.098          8.469         15.469          3.000
  2000    75     1          4.698         13.752          7.938         13.812          2.000
  2000    76     1          3.503         12.299          7.312         10.281          2.000
  2000    77     1          4.264         11.865          6.562         11.188          3.000
  2000    78     1          4.671         11.896          6.781         10.500          2.000
  2000    79     1          3.476         11.928          6.594          9.812          2.000
  2000    80     1          2.036          6.438          3.719          2.750          0.000
  2000    81     1          1.494          4.779          2.344          5.688          1.000
  2000    82     1          5.024         14.834          7.812         15.656          3.000
  2000    83     1          4.889         12.080          6.938         13.750          3.000
  2000    84     1          5.296         10.564          5.125         11.375          3.000
  2000    85     1          5.703         15.299          9.219         14.750          3.000
  2000    86     1          5.839         16.041          8.906         17.344          3.000
  2000    87     1          5.839         14.695          8.250         14.500          4.000
  2000    88     1          5.269         11.602          6.219         11.406          2.000
  2000    89     1          4.698         11.061          5.812         10.938          2.000
  2000    90     1          4.970         11.432          6.219         10.719          3.000
  2000    91     1          5.269         10.193          5.781         10.688          1.000
  2000    92     1          5.703         11.803          6.656         11.656          3.000
  2000    93     1          5.703         12.715          6.219         12.812          3.000
  2000    94     1          6.002         13.721          7.188         14.469          3.000
  2000    95     1          5.839         14.293          7.281         13.312          3.000
  2000    96     1          5.703         14.324          7.719         13.812          3.000
  2000    97     1          5.703         16.242          8.906         16.406          3.000
  2000    98     1          5.703         15.670          8.688         15.938          4.000
  2000    99     1          6.002         15.670          9.000         15.219          4.000
  2000   100     1          5.703         14.123          7.500         13.562          3.000
  2000   101     1          5.703         13.148          7.281         13.781          3.000
  2000   102     1          5.703         12.607          6.875         12.375          2.000
  2000   103     1          6.002         15.098          8.031         14.969          3.000
  2000   104     1          5.703         14.695          8.250         14.500          3.000
  2000   105     1          5.703         14.896          8.031         14.500          3.000
  2000   106     1          5.703         15.469          8.156         15.688          4.000
  2000   107     1          5.703         15.670          9.000         15.219          3.000
  2000   108     1          5.703         15.670          8.688         15.219          4.000
  2000   109     1          5.703         13.180          6.656         12.375          2.000
  2000   110     1          6.138         13.148          7.281         13.531          4.000
  2000   111     1          4.834         10.256          5.688         10.000          2.000
  2000   112     1          4.970          8.307          4.719          8.312          2.000
  2000   113     1          5.703         10.023          4.938         10.906          3.000
  2000   114     1          5.703         12.777          6.438         13.781          3.000
  2000   115     1          5.703         10.596          5.781         11.375          2.000
  2000   116     1          5.703         13.520          7.062         13.531          3.000
  2000   117     1          5.703         14.123          7.406         13.531          3.000
  2000   118     1          5.703         15.098          8.469         14.500          4.000
  2000   119     1          5.703         14.154          7.938         13.562          2.000
  2000   120     1          5.839         12.576          6.438         12.594          2.000
  2000   121     1          5.703         12.777          7.281         12.125          2.000
  2000   122     1          5.703         12.777          6.438         11.656          3.000
  2000   123     1          5.703         15.299          8.781         14.031          4.000
  2000   124     1          5.839         12.777          7.281         13.312          3.000
  2000   125     1          5.703         11.602          6.000         10.938          2.000
  2000   126     1          5.839         10.596          5.781         10.688          2.000
  2000   127     1          6.002         12.979          7.062         12.125          2.000
  2000   128     1          6.002         10.426          5.562         11.625          2.000
  2000   129     1          5.160          8.646          4.062          8.062          2.000
  2000   130     1          5.703         10.256          5.688         10.219          3.000
  2000   131     1          5.703         13.148          7.375         12.594          3.000
  2000   132     1          5.703         13.148          6.438         13.312          2.500
  2000   133     1          5.567         10.426          5.344         10.688          2.500
  2000   134     1          5.703         11.092          6.438         11.438          1.500
  2000   135     1          5.703         12.576          6.750         12.125          2.500
  2000   136     1          5.703         13.350          6.750         12.594          3.000
  2000   137     1          5.703         12.947          6.750         13.062          3.500
  2000   138     1          5.839         12.545          6.750         13.062          3.000
  2000   139     1          5.703         12.344          6.531         12.344          3.500
  2000   140     1          5.703         12.746          6.750         13.062          2.500
  2000   141     1          5.703         13.350          7.281         13.781          3.000
  2000   142     1          6.002         12.205          6.750         12.594          3.000
  2000   143     1          5.839         13.180          7.188         13.312          3.000
  2000   144     1          5.703         10.658          6.219         10.938          3.500
  2000   145     1          5.703         13.551          7.719         13.781          2.500
  2000   146     1          5.703         14.309          7.500         13.781          3.500
  2000   147     1          5.839         14.107          7.500         13.312          3.500
  2000   148     1          5.839         14.123          7.500         13.312          3.000
  2000   149     1          5.703         13.736          7.281         13.781          2.500
  2000   150     1          5.703         12.746          6.656         12.594          3.000
  2000   151     1          5.703         13.535          7.188         13.312          3.500
  2000   152     1          5.703         13.736          7.281         13.781          3.000
  2000   153     1          5.703         13.350          7.188         12.594          3.000
  2000   154     1          5.703         12.375          6.750         13.312          2.500
  2000   155     1          5.567         10.441          5.250         10.469          2.500
  2000   156     1          5.703          9.467          4.719          8.812          1.500
  2000   157     1          5.255          8.539          4.938          8.812          1.500
  2000   158     1          4.820          7.781          4.188          7.625          1.500
  2000   159     1          5.432          9.420          5.125         10.188          2.500
  2000   160     1          5.839         13.063          6.438         13.062          2.500
  2000   161     1          5.703         13.032          7.281         13.062          3.500
  2000   162     1          5.703         11.888          6.531         11.625          2.500
  2000   163     1          5.703         14.139          7.094         13.562          2.500
  2000   164     1          5.703         12.979          7.188         12.375          2.500
  2000   165     1          5.432          8.863          4.594          9.250          2.500
  2000   166     1          5.703         10.187          5.688          9.750          2.000
  2000   167     1          5.703         12.862          6.656         12.594          2.500
  2000   168     1          5.839         14.139          7.406         14.031          3.500
  2000   169     1          5.703         14.394          7.500         14.500          3.500
  2000   170     1          5.567         13.048          7.062         13.062          3.000
  2000   171     1          5.839         13.048          7.281         13.781          3.500
  2000   172     1          5.703         15.082          7.719         14.750          3.000
  2000   173     1          5.839         15.484          8.250         14.500          3.500
  2000   174     1          5.703         15.670          8.469         14.969          3.500
  2000   175     1          5.703         12.151          6.562         11.688          2.500
  2000   176     1          5.703         13.821          6.969         13.312          3.500
  2000   177     1          5.554         12.692          6.969         12.844          2.500
  2000   178     1          5.567         11.284          6.000         11.156          3.500
  2000   179     1          5.703         11.825          6.406         12.312          4.000
  2000   180     1          5.839         14.224          7.500         13.562          3.000
  2000   181     1          5.703         15.569          7.938         14.969          3.500
  2000   182     1          5.839         16.242          8.781         15.438          4.000
  2000   183     1          5.703         15.198          8.359         14.750          3.500
  2000   184     1          5.703         14.224          7.188         13.781          3.500
  2000   185     1          5.703         14.780          7.922         14.969          3.500
  2000   186     1          5.703         15.771          8.469         15.438          3.500
  2000   187     1          5.703         12.444          6.312         12.812          3.000
  2000   188     1          5.839         16.057          8.672         15.219          3.500
  2000   189     1          5.703         15.956          9.000         15.938          4.000
  2000   190     1          5.703         15.855          8.672         15.906          3.500
  2000   191     1          5.839         14.510          7.609         14.250          3.500
  2000   192     1          5.839         14.626          7.719         14.266          3.500
  2000   193     1          5.839         15.585          8.781         15.219          3.500
  2000   194     1          5.703         14.780          7.812         14.250          3.500
  2000   195     1          5.703         10.913          5.984         11.172          2.500
  2000   196     1          5.771         16.142          8.891         16.156          4.000
  2000   197     1          5.771         15.956          9.641         16.875          4.000
  2000   198     1          5.853         16.142          9.422         17.109          4.500
  2000   199     1          5.703         15.771          9.531         16.641          4.000
  2000   200     1          5.703         16.242          9.422         16.391          4.000
  2000   201     1          5.703         16.057          9.203         17.344          4.000
  2000   202     1          5.703         16.242          9.000         16.875          3.500
  2000   203     1          5.703         15.771          8.578         15.922          3.500
  2000   204     1          5.703         16.142          9.422         17.109          4.000
  2000   205     1          5.567         14.107          7.078         13.781          3.000
  2000   206     1          5.920         15.771          8.688         15.453          3.500
  2000   207     1          5.703         15.585          8.469         14.859          3.500
  2000   208     1          5.703         15.956          9.000         15.922          4.000
  2000   209     1          5.703         16.142          9.641         17.000          4.500
  2000   210     1          5.703         15.956          9.875         17.016          4.000
  2000   211     1          4.277         12.616          7.125         10.062          1.500
  2000   212     1          5.336         14.928          7.891         14.156          3.000
  2000   213     1          5.853         16.242         10.344         19.000          4.500
  2000   214     1          5.703         16.142          9.703         17.469          4.500
  2000   215     1          5.703         16.142          9.312         15.688          3.500
  2000   216     1          3.462         11.588          6.750          8.766          1.500
  2000   217     1          2.648          8.685          4.516          9.688          2.500
  2000   218     1          3.354          5.313          2.891          5.578          1.500
  2000   219     1          2.579          6.739          4.047          2.625          0.000
  2000   220     1          0.000          0.000          0.000          0.000          0.000
  2000   221     1          1.968          3.621          2.078          1.375          0.000
  2000   222     1          5.404         13.551          7.547         13.188          3.500
  2000   223     1          5.771         15.956          9.422         16.859          4.000
  2000   224     1          5.703         14.812          7.984         14.141          3.500
  2000   225     1          5.703         16.142          9.375         16.984          4.000
  2000   226     1          5.703         15.956          9.531         17.453          4.500
  2000   227     1          5.771         16.242          9.859         17.812          4.500
  2000   228     1          5.703         16.142         10.562         18.781          4.500
  2000   229     1          5.703         16.142         10.500         17.828          4.500
  2000   230     1          5.771         16.057         10.562         18.672          4.500
  2000   231     1          5.771         15.956         10.016         17.938          4.000
  2000   232     1          5.771         15.956         10.938         19.375          4.500
  2000   233     1          5.703         16.142         11.297         20.781          5.000
  2000   234     1          5.771         16.142         11.844         21.266          5.000
  2000   235     1          5.920         16.057         12.000         21.500          5.000
  2000   236     1          5.771         15.956         12.000         21.500          5.500
  2000   237     1          5.703         16.057         11.359         21.016          5.500
  2000   238     1          5.771         16.057         10.672         19.375          4.500
  2000   239     1          5.771         15.956          9.594         16.875          4.000
  2000   240     1          5.635         14.192          7.547         14.125          3.500
  2000   241     1          4.576         11.315          6.000         10.578          2.500
  2000   242     1          5.771         16.242         10.812         19.359          4.500
  2000   243     1          5.920         15.956         10.500         18.062          4.500
  2000   244     1          5.703         16.057         10.188         16.781          4.000
  2000   245     1          5.703         14.472          7.734         12.750          3.000
  2000   246     1          5.703         16.142          9.812         18.297          4.500
  2000   247     1          5.920         15.871         10.562         18.547          4.250
  2000   248     1          4.956         14.742          9.828         16.781          4.000
  2000   249     1          0.000          3.219          3.281          2.125          0.000
  2000   250     1          0.000          0.000          0.000          0.000          0.000
  2000   251     1          4.875         14.657          9.984         17.016          4.000
  2000   252     1          5.703         16.142         11.641         21.031          5.000
  2000   253     1          5.853         16.142         12.328         22.812          5.500
  2000   254     1          5.703         15.956         13.078         23.875          6.000
  2000   255     1          5.920         15.956         13.234         24.594          5.750
  2000   256     1          5.853         16.142         13.344         24.234          6.000
  2000   257     1          5.703         16.142         13.609         24.828          5.500
  2000   258     1          5.703         16.142         12.922         23.172          5.500
  2000   259     1          5.771         16.142         13.078         24.000          6.000
  2000   260     1          5.703         15.956         12.812         23.406          5.500
  2000   261     1          5.703         15.956         13.344         24.359          6.000
  2000   262     1          5.703         16.049         12.594         22.922          5.500
  2000   263     1          5.771         16.142         12.062         21.750          5.000
  2000   264     1          5.703         16.142         12.062         21.859          5.250
  2000   265     1          5.567         15.562         12.047         22.547          5.500
  2000   266     1          4.956         14.557         11.000         19.391          4.500
  2000   267     1          5.554         15.863         12.219         22.453          5.500
  2000   268     1          5.703         15.662         11.734         21.969          5.500
  2000   269     1          5.771         16.057         12.062         21.750          5.000
  2000   270     1          5.703         16.142         12.531         23.156          5.750
  2000   271     1          5.771         15.956         11.531         20.922          5.000
  2000   272     1          3.190         12.291          8.734         12.797          2.500
  2000   273     1          0.000          0.000          0.000          0.000          0.000
  2000   274     1          0.000          0.000          0.000          0.000          0.000
  2000   275     1          0.000          0.000          0.000          0.000          0.000
  2000   276     1          1.378          7.437          3.922          6.547          1.000
  2000   277     1          1.344          8.902          5.156          9.156          2.000
  2000   278     1          0.000          0.000          0.000          0.000          0.000
  2000   279     1          0.000          0.000          0.000          0.000          0.000
  2000   280     1          0.000          0.000          0.000          0.000          0.000
  2000   281     1          0.000          0.000          0.000          0.000          0.000
  2000   282     1          0.000          0.000          0.000          0.000          0.000
  2000   283     1          3.007          5.910          3.250          4.203          0.500
  2000   284     1          4.311         10.729          5.812          8.719          2.000
  2000   285     1          0.000          0.000          0.000          0.000          0.000
  2000   286     1          0.000          0.278          0.000          0.000          0.000
  2000   287     1          0.000          0.000          0.000          0.000          0.000
  2000   288     1          0.000          0.000          0.000          0.000          0.000
  2000   289     1          0.000          0.000          0.000          0.000          0.000
  2000   290     1          0.000          0.000          0.000          0.000          0.000
  2000   291     1          2.036          7.041          5.359          3.625          0.000
  2000   292     1          5.180         15.357         10.906         17.984          4.000
  2000   293     1          3.842         12.871         10.000         15.625          3.500
  2000   294     1          2.443         10.200          7.328          8.234          1.500
  2000   295     1          4.610         14.096          9.875         17.250          4.000
  2000   296     1          5.771         15.863         12.055         22.328          5.250
  2000   297     1          5.628         16.006         12.070         21.516          5.250
  2000   298     1          5.778         16.134         11.188         21.703          5.250
  2000   299     1          5.262         15.047          9.922         17.469          4.000
  2000   300     1          1.962         10.001          6.609         11.312          2.750
  2000   301     1          0.000          0.000          0.000          0.000          0.000
  2000   302     1          0.000          0.000          0.000          0.000          0.000
  2000   303     1          2.647         10.239          5.758          6.422          1.000
  2000   304     1          1.357          7.183          4.625          4.750          1.000
  2000   305     1          0.000          0.352          0.273          0.125          0.000
  2000   306     1          0.000          0.000          0.000          0.000          0.000
  2000   307     1          0.000          0.000          0.000          0.000          0.000
  2000   308     1          0.000          0.000          0.000          0.000          0.000
  2000   309     1          0.000          0.000          0.000          0.000          0.000
  2000   310     1          0.000          0.000          0.000          0.000          0.000
  2000   311     1          0.000          0.000          0.000          0.000          0.000
  2000   312     1          0.000          0.000          0.000          0.000          0.000
  2000   313     1          1.391          6.398          4.094          3.328          0.250
  2000   314     1          0.000          0.101          0.930          0.625          0.000
  2000   315     1          0.000          0.000          0.000          0.000          0.000
  2000   316     1          0.000          0.000          0.000          0.000          0.000
  2000   317     1          0.000          0.000          0.000          0.000          0.000
  2000   318     1          0.000          0.000          0.000          0.000          0.000
  2000   319     1          0.000          0.000          0.000          0.000          0.000
  2000   320     1          0.000          0.000          0.000          0.000          0.000
  2000   321     1          0.000          0.000          0.000          0.000          0.000
  2000   322     1          0.000          0.000          0.000          0.000          0.000
  2000   323     1          0.000          0.000          0.000          0.000          0.000
  2000   324     1          0.000          0.000          0.000          0.000          0.000
  2000   325     1          0.000          0.000          0.000          0.000          0.000
  2000   326     1          0.000          0.000          0.000          0.000          0.000
  2000   327     1          2.308          9.627          7.211          8.219          1.250
  2000   328     1          4.623         14.321          9.727         16.547          3.750
  2000   329     1          5.105         15.113         10.742         18.094          4.250
  2000   330     1          5.812         16.285         11.211         20.203          4.750
  2000   331     1          5.520         15.712         10.938         19.609          4.750
  2000   332     1          5.703         15.898         10.883         19.719          4.500
  2000   333     1          4.997         14.780         10.492         19.469          4.750
  2000   334     1          0.000          0.000          0.000          0.000          0.000
  2000   335     1          0.000          0.000          0.000          0.000          0.000
  2001     1     1          0.000          0.000          0.000          0.000          0.000
  2001     2     1          0.000          0.000          0.000          0.000          0.000
  2001     3     1          0.000          0.000          0.000          0.000          0.000
  2001     4     1          0.000          0.000          0.000          0.000          0.000
  2001     5     1          2.532          5.199          3.055          2.109          0.500
  2001     6     1          2.987          6.025          3.383          5.359          1.000
  2001     7     1          4.963         10.183          5.547          8.828          2.000
  2001     8     1          3.768          7.758          4.031          6.906          1.500
  2001     9     1          3.543          7.345          4.219          4.594          1.000
  2001    10     1          2.512          4.231          2.328          2.891          0.500
  2001    11     1          4.257          6.892          3.812          6.188          1.500
  2001    12     1          5.567          8.972          4.500          8.656          2.250
  2001    13     1          5.350          8.643          4.656          8.422          2.000
  2001    14     1          5.493          8.751          4.609          8.438          2.000
  2001    15     1          5.771         11.938          6.375         11.875          2.500
  2001    16     1          5.703         11.242          6.047         11.625          2.500
  2001    17     1          0.611          1.056          0.547          0.375          0.000
  2001    18     1          0.000          0.000          0.000          0.000          0.000
  2001    19     1          0.000          0.000          0.000          0.000          0.000
  2001    20     1          0.000          0.000          0.000          0.000          0.000
  2001    21     1          0.000          0.000          0.000          0.000          0.000
  2001    22     1          0.000          0.000          0.000          0.000          0.000
  2001    23     1          0.000          0.000          0.000          0.000          0.000
  2001    24     1          0.000          0.000          0.000          0.000          0.000
  2001    25     1          0.000          0.000          0.000          0.000          0.000
  2001    26     1          1.195          1.855          0.938          2.812          1.000
  2001    27     1          0.000          0.000          0.000          0.000          0.000
  2001    28     1          0.000          0.472          0.266          0.125          0.000
  2001    29     1          0.000          0.000          0.000          0.000          0.000
  2001    30     1          0.204          3.722          2.625          1.875          0.000
  2001    31     1          2.511          7.846          6.125          4.125          0.000
