Year, day, hour, inflow_r(m**3/timestep)
  2000     1     1      16643.771      19955.969      24912.125      33146.824      34513.664
  2000     2     1      35805.230      42936.281      53613.629      71347.406      76109.766
  2000     3     1      55540.867      66597.844      83150.102     110647.438     119049.445
  2000     4     1      74884.109      89790.016     112103.555     149174.031     160054.812
  2000     5     1      98199.688     117750.500     147021.438     195644.875     209414.375
  2000     6     1     124244.547     148978.156     186007.078     247520.641     263993.719
  2000     7     1     152445.203     182791.344     228221.359     303693.312     320951.250
  2000     8     1     181753.781     217931.766     272090.250     362065.312     382546.875
  2000     9     1     211826.156     253988.891     317106.062     421965.531     447198.062
  2000    10     1     240318.109     288150.750     359754.562     478715.000     508464.625
  2000    11     1     267529.781     320778.312     400489.500     532919.688     566996.000
  2000    12     1     293346.688     351733.906     439137.781     584348.375     622476.250
  2000    13     1     317802.906     381058.000     475748.938     633065.500     675129.562
  2000    14     1     340909.312     408763.375     510339.188     679093.750     724842.500
  2000    15     1     362717.844     434912.531     542986.000     722535.938     771779.500
  2000    16     1     383322.406     459618.219     573831.125     763580.812     816126.125
  2000    17     1     403025.438     483244.562     603331.875     802839.250     858623.500
  2000    18     1     424925.562     509505.562     636123.125     846477.188     906397.500
  2000    19     1     449510.312     538985.250     672933.188     895463.250     957976.500
  2000    20     1     472626.844     566698.500     707522.812     941482.812    1006855.375
  2000    21     1     494853.875     593349.250     740795.125     985756.500    1053767.750
  2000    22     1     515777.656     618437.500     772117.375    1027436.000    1098032.750
  2000    23     1     535526.312     642116.812     801681.000    1066775.500    1139821.375
  2000    24     1     554080.125     664363.750     829456.750    1103736.375    1178974.375
  2000    25     1     571380.750     685108.062     855356.125    1138200.125    1215317.500
  2000    26     1     587669.125     704638.375     879739.750    1170646.750    1249509.750
  2000    27     1     602984.625     723002.625     902668.188    1201157.750    1281562.000
  2000    28     1     619157.875     742397.562     926888.250    1233390.750    1315944.000
  2000    29     1     638974.438     766161.375     956563.625    1272883.500    1358395.750
  2000    30     1     661166.000     792768.438     989780.812    1317083.750    1404842.875
  2000    31     1     685329.750     821740.312    1025948.000    1365207.125    1458415.750
  2000    32     1     709228.625     850394.000    1061718.250    1412803.250    1511561.375
  2000    33     1     731948.500     877635.500    1095727.625    1458057.500    1561944.625
  2000    34     1     753407.750     903365.750    1127851.250    1500803.125    1609586.500
  2000    35     1     773544.062     927509.875    1157995.125    1540914.500    1654289.500
  2000    36     1     792408.875     950129.500    1186236.000    1578494.000    1696150.750
  2000    37     1     809908.188     971111.812    1212432.250    1613352.750    1734877.500
  2000    38     1     827162.812     991802.750    1238269.125    1647736.875    1773585.250
  2000    39     1     904740.625    1084825.000    1354415.125    1802294.250    1990341.625
  2000    40     1     875535.875    1049808.750    1310700.750    1744127.750    1884672.375
  2000    41     1    1004499.875    1204443.125    1503764.500    2001035.000    1957708.500
  2000    42     1    1056683.250    1267011.750    1581879.250    2104979.500    2039313.250
  2000    43     1     992384.375    1189913.375    1485618.750    1976884.875    2132721.000
  2000    44     1    1069072.125    1281866.500    1600425.000    2129656.750    2312254.000
  2000    45     1    2742575.750    3288467.000    4105674.500    5463337.000    7234331.000
  2000    46     1    1223348.625    1466845.625    1831361.875    2436951.750    2657733.000
  2000    47     1    1258175.500    1508603.250    1883493.375    2506320.000    2709105.750
  2000    48     1    1302729.250    1562024.500    1950188.625    2595068.500    2793483.750
  2000    49     1    1355006.750    1624707.375    2028448.500    2699207.750    2904275.750
  2000    50     1    1403986.625    1683436.500    2101772.000    2796778.500    3008091.500
  2000    51     1    1449660.500    1738201.250    2170146.250    2887761.500    3104602.250
  2000    52     1    1490157.125    1786758.375    2230770.250    2968432.750    3188312.750
  2000    53     1    1528804.250    1833097.750    2288624.250    3045417.500    3269102.000
  2000    54     1    1564373.125    1875746.000    2341870.750    3116271.500    3343169.000
  2000    55     1    1596905.375    1914753.750    2390572.000    3181077.000    3410466.000
  2000    56     1    1626746.500    1950534.500    2435244.500    3240522.000    3471802.500
  2000    57     1    1654115.500    1983350.750    2476215.750    3295041.000    3527903.250
  2000    58     1    1679279.625    2013523.875    2513887.250    3345170.000    3579103.000
  2000    59     1    1702566.125    2041445.250    2548747.250    3391557.500    3626282.500
  2000    60     1    1724123.500    2067293.500    2581018.750    3434500.000    3669922.000
  2000    61     1    1743891.250    2090995.500    2610610.500    3473876.750    3709750.250
  2000    62     1    1761904.250    2112594.000    2637576.250    3509759.750    3745739.250
  2000    63     1    1778461.250    2132446.500    2662362.500    3542743.000    3778553.500
  2000    64     1    1793907.125    2150966.500    2685485.750    3573513.000    3809028.500
  2000    65     1    1808250.625    2168165.000    2706958.000    3602085.500    3837110.000
  2000    66     1    1821559.875    2184123.750    2726882.500    3628599.000    3862948.500
  2000    67     1    1833869.750    2198884.000    2745310.500    3653120.500    3886670.250
  2000    68     1    1845165.000    2212427.000    2762218.750    3675619.500    3908261.000
  2000    69     1    1855492.000    2224809.750    2777678.250    3696191.000    3927841.750
  2000    70     1    1864922.000    2236116.750    2791796.000    3714977.500    3945553.500
  2000    71     1    1873568.250    2246483.750    2804738.500    3732199.500    3961738.250
  2000    72     1    1881478.750    2255968.750    2816580.500    3747957.000    3976458.000
  2000    73     1    1888816.500    2264767.250    2827566.750    3762577.500    3990098.250
  2000    74     1    1895395.125    2272655.000    2837412.750    3775678.000    4002263.000
  2000    75     1    1901288.625    2279721.750    2846235.500    3787418.500    4013110.500
  2000    76     1    1906462.750    2285925.500    2853982.000    3797726.750    4022512.250
  2000    77     1    1911069.500    2291449.500    2860878.500    3806903.500    4030840.000
  2000    78     1    1915142.500    2296333.250    2866975.750    3815017.250    4038202.000
  2000    79     1    1918664.750    2300556.500    2872248.750    3822034.000    4044552.250
  2000    80     1    1922617.625    2305297.250    2878170.000    3829914.750    4052700.000
  2000    81     1    1926005.000    2309358.000    2883239.500    3836660.250    4059549.000
  2000    82     1    1928858.000    2312778.250    2887507.000    3842337.250    4065301.750
  2000    83     1    1931166.000    2315545.500    2890962.500    3846936.000    4069786.500
  2000    84     1    1932991.500    2317734.500    2893696.000    3850573.750    4073159.500
  2000    85     1    1934230.750    2319220.250    2895549.500    3853039.000    4075281.750
  2000    86     1    1934884.000    2320003.500    2896527.500    3854340.000    4076161.000
  2000    87     1    1935006.500    2320150.500    2896711.000    3854584.500    4075909.500
  2000    88     1    1934702.250    2319785.750    2896256.500    3853980.500    4074741.000
  2000    89     1    1934025.250    2318974.000    2895243.000    3852632.250    4072791.500
  2000    90     1    1932982.375    2317723.750    2893682.000    3850554.750    4070084.000
  2000    91     1    1931599.500    2316065.500    2891612.000    3847800.500    4066624.000
  2000    92     1    1929860.750    2313980.500    2889008.500    3844335.750    4062421.500
  2000    93     1    1927772.375    2311476.500    2885882.250    3840175.500    4057463.750
  2000    94     1    1925325.625    2308543.000    2882219.000    3835300.750    4051751.000
  2000    95     1    1922539.000    2305201.500    2878047.500    3829750.000    4045323.000
  2000    96     1    1919412.500    2301452.500    2873366.500    3823520.750    4038194.250
  2000    97     1    1915918.375    2297263.250    2868136.000    3816560.500    4030313.000
  2000    98     1    1912080.750    2292661.500    2862391.000    3808915.750    4021729.500
  2000    99     1    1907856.625    2287596.750    2856067.500    3800501.000    4012482.000
  2000   100     1    1903363.250    2282209.000    2849341.000    3791550.750    4002674.500
  2000   101     1    1898635.500    2276540.500    2842264.250    3782134.000    3992365.000
  2000   102     1    1893703.500    2270626.500    2834881.000    3772309.500    3981646.250
  2000   103     1    1888538.250    2264432.750    2827147.500    3762018.000    3970438.500
  2000   104     1    1883162.000    2257987.000    2819100.000    3751309.500    3958791.500
  2000   105     1    1877582.250    2251296.500    2810746.500    3740193.750    3946713.000
  2000   106     1    1871789.375    2244350.750    2802074.500    3728654.250    3934187.500
  2000   107     1    1865785.000    2237151.000    2793086.000    3716693.250    3921230.250
  2000   108     1    1859591.625    2229725.000    2783814.500    3704355.750    3907893.500
  2000   109     1    1853257.500    2222130.250    2774332.750    3691739.000    3894284.500
  2000   110     1    1846777.000    2214359.500    2764631.250    3678829.500    3880364.500
  2000   111     1    1840201.000    2206475.000    2754788.250    3665732.000    3866253.000
  2000   112     1    1833550.375    2198500.500    2744832.250    3652484.500    3851975.500
  2000   113     1    1826808.000    2190416.500    2734739.000    3639053.000    3837488.750
  2000   114     1    1819953.875    2182197.750    2724477.250    3625397.500    3822769.500
  2000   115     1    1813013.250    2173875.500    2714087.500    3611572.500    3807861.500
  2000   116     1    1805967.750    2165427.750    2703539.500    3597536.500    3792728.000
  2000   117     1    1798807.250    2156842.000    2692820.000    3583271.750    3777355.000
  2000   118     1    1791530.750    2148117.250    2681927.000    3568776.750    3761747.500
  2000   119     1    1784161.375    2139281.000    2670895.250    3554097.000    3745966.000
  2000   120     1    1776709.500    2130346.000    2659740.250    3539253.500    3730013.750
  2000   121     1    1769174.875    2121311.500    2648460.500    3524244.000    3713892.500
  2000   122     1    1761569.250    2112192.250    2637075.000    3509093.750    3697637.750
  2000   123     1    1753878.375    2102970.500    2625561.250    3493772.000    3681214.000
  2000   124     1    1746128.875    2093678.500    2613960.750    3478335.500    3664678.000
  2000   125     1    1738337.250    2084336.125    2602297.000    3462815.500    3648061.000
  2000   126     1    1730510.500    2074951.500    2590580.500    3447224.500    3631366.500
  2000   127     1    1722643.250    2065518.500    2578802.750    3431552.000    3614598.000
  2000   128     1    1714751.750    2056056.000    2566989.500    3415832.750    3597777.750
  2000   129     1    1706853.625    2046586.000    2555167.000    3400101.000    3580943.000
  2000   130     1    1698934.000    2037090.000    2543310.500    3384323.000    3564064.500
  2000   131     1    1690978.000    2027550.250    2531399.250    3368473.250    3547115.500
  2000   132     1    1682987.750    2017969.625    2519437.750    3352556.500    3530100.500
  2000   133     1    1674981.875    2008370.250    2507453.750    3336610.000    3513052.500
  2000   134     1    1666956.875    1998748.000    2495440.000    3320623.250    3495975.500
  2000   135     1    1658907.375    1989096.500    2483389.750    3304588.000    3478849.500
  2000   136     1    1650835.750    1979418.250    2471306.250    3288508.750    3461686.500
  2000   137     1    1642747.000    1969719.500    2459197.500    3272396.000    3444492.500
  2000   138     1    1634645.125    1960005.000    2447069.000    3256256.500    3427276.750
  2000   139     1    1626532.125    1950277.250    2434924.000    3240095.500    3410040.250
  2000   140     1    1618398.750    1940524.750    2422748.000    3223893.000    3392757.000
  2000   141     1    1610246.625    1930750.250    2410544.000    3207653.750    3375435.000
  2000   142     1    1602087.875    1920967.375    2398330.500    3191401.500    3358109.000
  2000   143     1    1593877.000    1911122.250    2386038.750    3175045.000    3340641.250
  2000   144     1    1585674.375    1901287.125    2373759.750    3158706.500    3323201.750
  2000   145     1    1577471.750    1891451.750    2361480.000    3142365.000    3305767.500
  2000   146     1    1569269.000    1881616.500    2349200.250    3126024.750    3288344.000
  2000   147     1    1561066.500    1871781.000    2336920.750    3109685.000    3270927.750
  2000   148     1    1552865.000    1861947.250    2324643.250    3093347.500    3253520.750
  2000   149     1    1544668.625    1852119.500    2312373.250    3077020.250    3236132.250
  2000   150     1    1536483.000    1842304.500    2300119.500    3060714.500    3218771.500
  2000   151     1    1528306.875    1832501.125    2287879.750    3044427.000    3201436.000
  2000   152     1    1520138.000    1822706.250    2275651.000    3028154.500    3184123.500
  2000   153     1    1511980.000    1812924.500    2263438.500    3011903.500    3166841.500
  2000   154     1    1503836.625    1803160.250    2251248.000    2995682.000    3149595.500
  2000   155     1    1495714.250    1793421.125    2239089.250    2979503.000    3132399.500
  2000   156     1    1487616.750    1783712.000    2226967.500    2963373.000    3115258.500
  2000   157     1    1479547.500    1774036.750    2214888.000    2947299.500    3098184.000
  2000   158     1    1471508.250    1764397.375    2202853.500    2931285.500    3081178.000
  2000   159     1    1463495.250    1754789.375    2190857.500    2915322.500    3064224.000
  2000   160     1    1455501.750    1745204.625    2178890.000    2899397.000    3047317.500
  2000   161     1    1447528.125    1735644.000    2166953.500    2883513.500    3030458.250
  2000   162     1    1439577.125    1726110.375    2155051.000    2867675.500    3013651.500
  2000   163     1    1431644.875    1716599.625    2143176.000    2851873.250    2996889.250
  2000   164     1    1423734.500    1707114.500    2131334.250    2836115.500    2980180.250
  2000   165     1    1415853.250    1697664.750    2119537.000    2820418.250    2963535.500
  2000   166     1    1407999.875    1688248.250    2107780.250    2804773.500    2946954.000
  2000   167     1    1400171.250    1678861.250    2096060.125    2789177.500    2930426.500
  2000   168     1    1392364.500    1669500.625    2084373.000    2773625.250    2913952.250
  2000   169     1    1384579.250    1660165.750    2072718.250    2758116.500    2897528.000
  2000   170     1    1376818.000    1650859.750    2061100.000    2742656.750    2881159.000
  2000   171     1    1369081.000    1641582.750    2049517.625    2727244.250    2864843.250
  2000   172     1    1361366.750    1632333.125    2037969.000    2711876.500    2848579.250
  2000   173     1    1353676.125    1623111.750    2026456.000    2696556.000    2832369.500
  2000   174     1    1346008.875    1613918.250    2014977.875    2681282.500    2816213.000
  2000   175     1    1338372.000    1604761.375    2003546.125    2666071.250    2800130.500
  2000   176     1    1330763.375    1595638.375    1992155.875    2650914.000    2784105.500
  2000   177     1    1323185.750    1586552.625    1980812.500    2635820.000    2768151.750
  2000   178     1    1315641.375    1577506.500    1969518.750    2620791.750    2752267.750
  2000   179     1    1308128.625    1568498.500    1958272.000    2605826.000    2736449.500
  2000   180     1    1300646.375    1559527.000    1947070.500    2590920.000    2720698.500
  2000   181     1    1293193.375    1550590.375    1935912.750    2576072.500    2705011.500
  2000   182     1    1285769.000    1541688.250    1924798.250    2561282.500    2689388.500
  2000   183     1    1278375.750    1532823.500    1913731.000    2546555.500    2673835.250
  2000   184     1    1271014.875    1523997.500    1902711.875    2531893.000    2658352.000
  2000   185     1    1263686.375    1515210.375    1891740.750    2517294.000    2642937.250
  2000   186     1    1256389.000    1506460.500    1880816.375    2502756.750    2627590.500
  2000   187     1    1249126.000    1497751.875    1869944.500    2488290.750    2612320.000
  2000   188     1    1241895.875    1489082.500    1859120.125    2473886.000    2597116.250
  2000   189     1    1234697.875    1480451.875    1848344.625    2459547.000    2581983.500
  2000   190     1    1227532.500    1471860.375    1837618.000    2445273.500    2566921.750
  2000   191     1    1220401.625    1463310.250    1826943.500    2431069.500    2551936.000
  2000   192     1    1213304.500    1454800.500    1816319.000    2416932.000    2537021.000
  2000   193     1    1206241.250    1446331.375    1805745.000    2402861.000    2522178.250
  2000   194     1    1199212.625    1437903.625    1795223.375    2388860.250    2507410.500
  2000   195     1    1192221.625    1429521.125    1784758.625    2374936.000    2492724.750
  2000   196     1    1185266.000    1421181.000    1774344.750    2361077.250    2478108.500
  2000   197     1    1178345.750    1412883.500    1763985.250    2347292.000    2463571.000
  2000   198     1    1171461.375    1404628.750    1753679.250    2333578.000    2449110.250
  2000   199     1    1164613.125    1396417.250    1743427.250    2319936.000    2434726.500
  2000   200     1    1157801.000    1388249.375    1733229.500    2306366.000    2420420.000
  2000   201     1    1151024.250    1380123.750    1723084.625    2292866.500    2406188.000
  2000   202     1    1144282.500    1372040.250    1712992.375    2279437.000    2392031.000
  2000   203     1    1137576.000    1363998.750    1702952.750    2266077.500    2377949.500
  2000   204     1    1130904.000    1355999.000    1692964.625    2252786.500    2363940.500
  2000   205     1    1124267.250    1348041.000    1683029.875    2239567.000    2350008.750
  2000   206     1    1117664.250    1340123.875    1673144.750    2226412.750    2336146.500
  2000   207     1    1111095.000    1332247.000    1663310.375    2213326.750    2322357.750
  2000   208     1    1104558.250    1324409.250    1653524.750    2200304.750    2308637.250
  2000   209     1    1098053.250    1316609.500    1643786.875    2187346.500    2294986.000
  2000   210     1    1091579.750    1308847.375    1634096.000    2174451.000    2281402.750
  2000   211     1    1085142.500    1301129.250    1624460.625    2161630.500    2267908.000
  2000   212     1    1078732.250    1293442.875    1614863.500    2148859.250    2254455.500
  2000   213     1    1072355.875    1285797.250    1605317.750    2136156.250    2241079.000
  2000   214     1    1066011.250    1278189.875    1595819.750    2123518.000    2227775.500
  2000   215     1    1059689.000    1270609.125    1586355.250    2110924.000    2214538.750
  2000   216     1    1053404.500    1263074.250    1576949.000    2098408.000    2201395.500
  2000   217     1    1047135.750    1255557.750    1567565.500    2085922.375    2188287.250
  2000   218     1    1040874.562    1248050.375    1558193.125    2073451.375    2175273.000
  2000   219     1    1034647.750    1240584.750    1548872.500    2061048.375    2162370.500
  2000   220     1    1028648.875    1233395.500    1539904.375    2049119.875    2150105.000
  2000   221     1    1022561.625    1226093.375    1530782.000    2036976.875    2137547.000
  2000   222     1    1016410.875    1218717.000    1521568.500    2024714.250    2124740.250
  2000   223     1    1010411.500    1211523.375    1512586.500    2012761.625    2112371.500
  2000   224     1    1004441.750    1204365.500    1503650.375    2000870.625    2100065.000
  2000   225     1     998500.375    1197241.500    1494755.500    1989034.250    2087808.125
  2000   226     1     992586.750    1190150.750    1485902.750    1977253.875    2075605.875
  2000   227     1     986701.000    1183093.625    1477091.875    1965529.250    2063456.875
  2000   228     1     980843.000    1176069.500    1468322.250    1953859.500    2051360.625
  2000   229     1     975011.875    1169077.750    1459593.125    1942244.000    2039316.000
  2000   230     1     969207.875    1162118.500    1450904.500    1930682.000    2027322.750
  2000   231     1     963431.500    1155192.625    1442257.250    1919175.750    2015383.375
  2000   232     1     957682.625    1148299.375    1433651.250    1907723.375    2003495.250
  2000   233     1     951960.375    1141438.125    1425084.875    1896324.250    1991657.750
  2000   234     1     946264.875    1134609.000    1416558.750    1884978.625    1979872.250
  2000   235     1     940595.562    1127811.250    1408071.750    1873685.000    1968136.000
  2000   236     1     934952.500    1121045.000    1399624.000    1862443.875    1956450.000
  2000   237     1     929336.125    1114310.625    1391216.250    1851256.000    1944815.250
  2000   238     1     923746.062    1107608.000    1382847.875    1840120.750    1933231.750
  2000   239     1     918184.000    1100939.000    1374521.500    1829041.500    1921703.250
  2000   240     1     912646.750    1094299.500    1366232.750    1818012.500    1910233.500
  2000   241     1     907142.000    1087699.375    1357993.125    1807048.500    1898827.750
  2000   242     1     901642.875    1081105.375    1349759.250    1796090.500    1887463.000
  2000   243     1     896165.625    1074538.000    1341559.875    1785179.750    1876162.000
  2000   244     1     890717.500    1068005.500    1333404.000    1774327.125    1864915.875
  2000   245     1     885299.375    1061508.750    1325293.375    1763535.250    1853728.750
  2000   246     1     879909.500    1055046.125    1317224.250    1752797.000    1842587.250
  2000   247     1     874547.812    1048617.375    1309198.000    1742116.500    1831502.500
  2000   248     1     869215.938    1042224.375    1301216.500    1731496.000    1820476.750
  2000   249     1     864015.500    1035991.750    1293440.625    1721152.125    1809817.750
  2000   250     1     858794.625    1029731.375    1285625.000    1710753.500    1799028.625
  2000   251     1     853468.000    1023342.000    1277641.875    1700125.625    1787945.625
  2000   252     1     848281.312    1017122.688    1269876.750    1689792.250    1777223.500
  2000   253     1     843122.562    1010937.125    1262154.000    1679515.500    1766557.000
  2000   254     1     837989.500    1004782.438    1254469.875    1669290.125    1755937.000
  2000   255     1     832882.250     998658.562    1246824.125    1659116.125    1745364.250
  2000   256     1     827800.500     992565.375    1239216.750    1648993.250    1734838.000
  2000   257     1     822744.500     986503.062    1231648.000    1638921.500    1724358.875
  2000   258     1     817699.438     980453.750    1224095.500    1628871.750    1713884.000
  2000   259     1     812636.938     974383.625    1216516.875    1618787.000    1703326.750
  2000   260     1     807604.125     968349.125    1208982.750    1608761.625    1692829.875
  2000   261     1     802600.750     962349.875    1201492.625    1598794.500    1682391.000
  2000   262     1     797626.750     956385.875    1194046.625    1588886.500    1672012.250
  2000   263     1     792682.125     950457.000    1186644.500    1579036.750    1661692.375
  2000   264     1     787766.750     944563.312    1179286.125    1569245.250    1651430.875
  2000   265     1     782880.500     938704.500    1171971.500    1559511.750    1641227.500
  2000   266     1     778025.000     932882.688    1164703.250    1549840.500    1631091.250
  2000   267     1     773195.375     927091.625    1157472.750    1540218.500    1620999.000
  2000   268     1     768396.250     921337.312    1150288.500    1530658.750    1610972.875
  2000   269     1     763626.000     915617.562    1143147.250    1521156.000    1601005.500
  2000   270     1     758884.250     909932.000    1136048.750    1511710.125    1591094.500
  2000   271     1     754171.125     904280.750    1128993.250    1502321.750    1581244.250
  2000   272     1     749491.938     898670.750    1121990.125    1493003.750    1571473.500
  2000   273     1     745004.938     893294.625    1115287.250    1484091.250    1562248.500
  2000   274     1     740440.375     887819.875    1108448.750    1474989.500    1552518.875
  2000   275     1     735873.250     882343.500    1101611.500    1465891.250    1542919.125
  2000   276     1     731166.750     876698.500    1094558.875    1456503.250    1533209.500
  2000   277     1     726627.500     871255.750    1087763.250    1447460.000    1523755.000
  2000   278     1     722330.375     866106.500    1081341.250    1438919.375    1514704.375
  2000   279     1    1721349.125    2063978.125    2576904.500    3429043.500    1505826.125
  2000   280     1     713815.688     855901.062    1068609.250    1421984.125    1497070.250
  2000   281     1     709659.125     850917.500    1062388.000    1413706.375    1488440.250
  2000   282     1     705627.250     846081.625    1056347.125    1405665.500    1480225.125
  2000   283     1     701320.375     840911.125    1049878.500    1397048.250    1471545.875
  2000   284     1     697325.312     836120.625    1043896.500    1389087.375    1463327.000
  2000   285     1     693638.188     831702.375    1038386.250    1381759.375    1455620.250
  2000   286     1     689663.812     826935.562    1032431.688    1373833.500    1447495.000
  2000   287     1     685986.062     822528.625    1026935.438    1366524.125    1439741.250
  2000   288     1     682321.250     818133.312    1021445.562    1359217.000    1432175.625
  2000   289     1     679005.875     814162.875    1016498.750    1352641.500    1425329.500
  2000   290     1     676023.500     810587.875    1012037.750    1346707.000    1419187.375
  2000   291     1     672873.438     806803.438    1007296.500    1340385.750    1413091.375
  2000   292     1     669814.188     803133.438    1002710.750    1334280.750    1406777.625
  2000   293     1     666861.625     799593.562     998291.750    1328400.875    1400822.875
  2000   294     1     663899.188     796041.750     993858.000    1322501.750    1394855.000
  2000   295     1     660905.312     792451.500     989374.500    1316535.000    1388792.000
  2000   296     1     657895.562     788842.500     984868.250    1310537.750    1382703.500
  2000   297     1     654864.188     785207.688     980330.250    1304499.125    1376570.000
  2000   298     1     651808.125     781543.312     975755.188    1298411.500    1370373.000
  2000   299     1     648736.062     777859.938     971156.750    1292293.000    1364140.500
  2000   300     1     645661.875     774174.562     966556.750    1286172.875    1357897.625
  2000   301     1     642941.188     770917.062     962499.250    1280780.125    1352676.750
  2000   302     1     640284.250     767729.562     958516.625    1275478.625    1347448.375
  2000   303     1     637420.125     764292.375     954218.812    1269755.250    1342052.500
  2000   304     1     634785.438     761133.625     950275.875    1264508.875    1337084.500
  2000   305     1     632210.562     758047.250     946424.875    1259386.250    1332226.250
  2000   306     1     629905.688     755285.750     942981.812    1254808.125    1327913.500
  2000   307     1     627781.500     752740.125     939807.125    1250586.500    1324089.375
  2000   308     1     625951.875     750546.312     937066.750    1246938.625    1321105.875
  2000   309     1     672941.250     806891.438    1007421.500    1340563.750    1319548.000
  2000   310     1     623876.750     748056.250     933955.438    1242796.750    1318528.625
  2000   311     1     623957.312     748156.688     934088.625    1242979.250    1320000.000
  2000   312     1     624294.000     748555.938     934577.812    1243623.625    1322375.750
  2000   313     1     624510.750     748813.875     934894.812    1244041.875    1324503.250
  2000   314     1     625265.188     749719.875     936028.688    1245552.500    1327777.125
  2000   315     1    1576680.250    1890514.250    2360333.500    3140856.750    2850551.000
  2000   316     1     631382.938     757058.500     945199.375    1257762.375    1345024.625
  2000   317     1     635482.250     761972.250     951331.000    1265919.000    1355629.875
  2000   318     1     640770.000     768312.750     959247.438    1276453.250    1369197.250
  2000   319     1     647442.500     776314.188     969239.062    1289750.375    1385709.750
  2000   320     1     654838.250     785180.312     980304.938    1304473.000    1403572.625
  2000   321     1     663239.375     795254.250     992884.125    1321213.500    1422783.500
  2000   322     1     672205.812     806004.125    1006302.688    1339067.125    1442875.500
  2000   323     1     683028.625     818982.750    1022509.000    1360633.875    1467638.750
  2000   324     1     694594.500     832848.812    1039817.250    1383663.250    1493984.250
  2000   325     1     707515.750     848342.938    1059163.625    1409408.250    1523163.375
  2000   326     1     721149.625     864689.438    1079570.500    1436562.125    1553562.375
  2000   327     1     733860.000     879927.750    1098590.000    1461866.250    1582249.750
  2000   328     1     745965.875     894442.500    1116710.750    1485978.250    1609351.875
  2000   329     1     757330.875     908069.562    1133723.750    1508616.875    1634882.875
  2000   330     1     767841.000     920671.500    1149457.250    1529552.750    1658508.375
  2000   331     1     777484.875     932234.875    1163894.250    1548764.000    1680147.625
  2000   332     1     786310.938     942817.625    1177106.750    1566345.500    1699908.000
  2000   333     1     794384.312     952498.125    1189193.125    1582428.750    1717918.750
  2000   334     1     801955.625     961578.375    1200533.875    1597523.250    1734742.750
  2000   335     1     812379.750     974081.750    1216154.250    1618315.875    1757396.250
  2001     1     1     825190.875     989442.500    1235332.000    1643835.375    1785149.750
  2001     2     1    1375356.750    1649117.875    2058946.750    2739806.500    2517848.750
  2001     3     1     864988.125    1037159.250    1294902.875    1723102.250    1869774.875
  2001     4     1     889329.812    1066346.500    1331344.500    1771595.000    1921096.000
  2001     5     1     912363.312    1093960.250    1365811.500    1817453.250    1969802.750
  2001     6     1     934727.375    1120775.625    1399290.125    1862002.500    2016850.000
  2001     7     1     956122.250    1146428.500    1431316.875    1904619.000    2061762.000
  2001     8     1     976604.125    1170987.500    1461979.375    1945421.375    2104686.250
  2001     9     1     996336.875    1194647.750    1491519.500    1984729.750    2146068.500
  2001    10     1    1015470.250    1217589.750    1520163.250    2022846.000    2186273.250
  2001    11     1    1033844.688    1239621.125    1547668.875    2059446.500    2224820.500
  2001    12     1    1051406.250    1260677.750    1573958.000    2094428.375    2261576.250
  2001    13     1    1068183.625    1280794.500    1599073.750    2127849.500    2296626.000
  2001    14     1    1084216.125    1300018.250    1623074.500    2159786.750    2330068.750
  2001    15     1    1099332.000    1318142.750    1645702.125    2189896.250    2361470.500
  2001    16     1    1113527.250    1335163.375    1666952.625    2218174.000    2390778.000
  2001    17     1    1127940.625    1352447.250    1688535.250    2246895.750    2421204.250
  2001    18     1    1143187.250    1370729.375    1711361.750    2277272.000    2452596.000
  2001    19     1    1159110.000    1389821.000    1735197.625    2308989.500    2485923.000
  2001    20     1    1829638.000    2193818.750    2739006.000    3644745.500    2690705.250
  2001    21     1    1345553.000    1613380.000    2014324.000    2680425.250    2724202.500
  2001    22     1    1518585.000    1820852.625    2273354.500    3025111.250    3254455.500
  2001    23     1    1326872.750    1590979.500    1986352.750    2643201.750    2751495.750
  2001    24     1    1347898.000    1616188.625    2017824.125    2685078.000    2847181.750
  2001    25     1    1409319.250    1689835.000    2109771.500    2807430.500    2962420.250
  2001    26     1    1462374.500    1753446.625    2189183.750    2913097.250    3052871.250
  2001    27     1    1521071.125    1823827.250    2277054.750    3030025.500    3159338.000
  2001    28     1    1572577.750    1885585.375    2354158.750    3132625.500    3247083.500
  2001    29     1    1633404.750    1958521.250    2445223.500    3253806.000    3358416.500
  2001    30     1    1738651.375    2084716.250    2602778.000    3463459.500    3606903.750
  2001    31     1    1772517.750    2125321.250    2653468.500    3530908.500    3647239.000
