Subasin-ID	year	day	hour	qlateral(m**3/s)	inflow(m**3/s)	evap(m**3)	prec(m**3)	intake(m**3/s)	overflow(m**3/s)	qbottom(m**3/s)	qout(m**3/s)	withdrawal(m**3/s)	elevation(m)	area(m**2)	volume(m**3)
    15	  2000	     1	     1	     0.000	   100.116	      66188.3	      29472.1	    36.000	    64.252	     0.000	   100.252	     0.020	   447.272	    10265968.0	    88646808.0	
    15	  2000	     2	     1	     0.000	   103.625	      42231.7	     201042.2	    36.000	    67.180	     0.000	   103.180	     0.020	   447.297	    10282175.0	    88842336.0	
    15	  2000	     3	     1	     0.000	   106.572	      58866.3	      93679.3	    36.000	    72.390	     0.000	   108.390	     0.020	   447.282	    10271899.0	    88718344.0	
    15	  2000	     4	     1	     0.000	   110.291	      58324.2	      35787.6	    36.000	    74.674	     0.000	   110.674	     0.020	   447.274	    10267144.0	    88660992.0	
    15	  2000	     5	     1	     0.000	   114.481	      37296.1	     158939.1	    36.000	    78.200	     0.000	   114.200	     0.020	   447.293	    10279095.0	    88805168.0	
    15	  2000	     6	     1	     0.000	   117.498	      31942.2	     126309.2	    36.000	    82.886	     0.000	   118.886	     0.020	   447.289	    10276835.0	    88777896.0	
    15	  2000	     7	     1	     0.000	   120.216	      41891.1	      83153.6	    36.000	    85.288	     0.000	   121.288	     0.020	   447.282	    10272433.0	    88724792.0	
    15	  2000	     8	     1	     0.000	   123.435	      45083.1	     110520.6	    36.000	    87.893	     0.000	   123.893	     0.020	   447.285	    10274437.0	    88748968.0	
    15	  2000	     9	     1	     0.000	   127.235	      33938.5	      84206.1	    36.000	    91.972	     0.000	   127.972	     0.020	   447.284	    10273179.0	    88733792.0	
    15	  2000	    10	     1	     0.000	   130.083	      49089.7	      34735.0	    36.000	    94.644	     0.000	   130.644	     0.020	   447.275	    10267822.0	    88669176.0	
    15	  2000	    11	     1	     0.000	   133.148	      51751.6	      15788.7	    36.000	    96.962	     0.000	   132.962	     0.020	   447.273	    10266031.0	    88647568.0	
    15	  2000	    12	     1	     0.000	   135.756	      56882.3	      13683.5	    36.000	    99.320	     0.000	   135.320	     0.020	   447.272	    10265431.0	    88640328.0	
    15	  2000	    13	     1	     0.000	   138.065	      60358.1	      23156.7	    36.000	   101.545	     0.000	   137.545	     0.020	   447.272	    10265928.0	    88646328.0	
    15	  2000	    14	     1	     0.000	   140.286	      65168.0	      15788.7	    36.000	   103.836	     0.000	   139.836	     0.020	   447.271	    10264918.0	    88634152.0	
    15	  2000	    15	     1	     0.000	   142.670	      66152.2	       9473.2	    36.000	   106.078	     0.000	   142.078	     0.020	   447.270	    10264312.0	    88626848.0	
    15	  2000	    16	     1	     0.000	   144.937	      65215.4	       6315.5	    36.000	   108.261	     0.000	   144.261	     0.020	   447.270	    10264129.0	    88624632.0	
    15	  2000	    17	     1	     0.000	   147.136	      60710.0	      50523.7	    36.000	   110.435	     0.000	   146.435	     0.020	   447.276	    10268168.0	    88673344.0	
    15	  2000	    18	     1	     0.000	   149.789	      40321.5	     111573.1	    36.000	   113.651	     0.000	   149.651	     0.020	   447.286	    10274919.0	    88754776.0	
    15	  2000	    19	     1	     0.000	   152.053	      28190.1	      98942.2	    36.000	   116.858	     0.000	   152.858	     0.020	   447.286	    10274877.0	    88754280.0	
    15	  2000	    20	     1	     0.000	   153.180	      46033.5	      33682.5	    36.000	   117.978	     0.000	   153.978	     0.020	   447.276	    10267989.0	    88671176.0	
    15	  2000	    21	     1	     0.000	   154.605	      56269.6	      23156.7	    36.000	   118.442	     0.000	   154.442	     0.020	   447.273	    10266267.0	    88650416.0	
    15	  2000	    22	     1	     0.000	   156.236	      60768.5	       7368.0	    36.000	   119.833	     0.000	   155.833	     0.020	   447.270	    10264585.0	    88630128.0	
    15	  2000	    23	     1	     0.000	   158.004	      59940.3	       3157.7	    36.000	   121.366	     0.000	   157.366	     0.020	   447.270	    10264304.0	    88626744.0	
    15	  2000	    24	     1	     0.000	   159.513	      63622.2	       6315.5	    36.000	   122.835	     0.000	   158.835	     0.020	   447.270	    10264261.0	    88626224.0	
    15	  2000	    25	     1	     0.000	   161.098	      62841.9	      14736.1	    36.000	   124.415	     0.000	   160.415	     0.020	   447.271	    10265024.0	    88635424.0	
    15	  2000	    26	     1	     0.000	   162.599	      61684.0	      10525.8	    36.000	   126.023	     0.000	   162.023	     0.020	   447.271	    10264770.0	    88632368.0	
    15	  2000	    27	     1	     0.000	   164.098	      57701.2	      15788.7	    36.000	   127.486	     0.000	   163.486	     0.020	   447.272	    10265537.0	    88641616.0	
    15	  2000	    28	     1	     0.000	   165.687	      48432.5	      86311.3	    36.000	   129.182	     0.000	   165.182	     0.020	   447.282	    10272153.0	    88721408.0	
    15	  2000	    29	     1	     0.000	   167.165	      40821.1	     184200.9	    36.000	   131.584	     0.000	   167.584	     0.020	   447.295	    10280897.0	    88826904.0	
    15	  2000	    30	     1	     0.000	   168.709	      31334.3	     103152.5	    36.000	   134.348	     0.000	   170.348	     0.020	   447.286	    10274966.0	    88755344.0	
    15	  2000	    31	     1	     0.000	   169.621	      38006.4	     137887.5	    36.000	   134.432	     0.000	   170.432	     0.020	   447.290	    10277292.0	    88783408.0	
    15	  2000	    32	     1	     0.000	   170.686	      40939.1	      52628.8	    36.000	   135.822	     0.000	   171.822	     0.020	   447.279	    10269981.0	    88695216.0	
    15	  2000	    33	     1	     0.000	   171.434	      51416.9	      23156.7	    36.000	   135.549	     0.000	   171.549	     0.020	   447.274	    10266669.0	    88655264.0	
    15	  2000	    34	     1	     0.000	   172.443	      56921.5	      11578.3	    36.000	   136.096	     0.000	   172.096	     0.020	   447.271	    10265253.0	    88638184.0	
    15	  2000	    35	     1	     0.000	   173.486	      62690.6	       5262.9	    36.000	   136.942	     0.000	   172.942	     0.020	   447.270	    10264251.0	    88626104.0	
    15	  2000	    36	     1	     0.000	   174.830	      61226.2	       8420.6	    36.000	   138.145	     0.000	   174.145	     0.020	   447.270	    10264634.0	    88630720.0	
    15	  2000	    37	     1	     0.000	   176.158	      59786.7	       2105.2	    36.000	   139.527	     0.000	   175.527	     0.020	   447.270	    10264230.0	    88625848.0	
    15	  2000	    38	     1	     0.000	   177.904	      46867.7	      56839.1	    36.000	   141.217	     0.000	   177.217	     0.020	   447.278	    10269839.0	    88693496.0	
    15	  2000	    39	     1	     0.000	   180.189	      25445.0	     205252.5	    36.000	   144.284	     0.000	   180.284	     0.020	   447.300	    10283915.0	    88863336.0	
    15	  2000	    40	     1	     0.000	   181.564	      32145.4	     156833.9	    36.000	   147.625	     0.000	   183.625	     0.020	   447.293	    10279348.0	    88808216.0	
    15	  2000	    41	     1	     0.000	   183.832	      19151.9	     167359.7	    36.000	   149.255	     0.000	   185.255	     0.020	   447.296	    10281297.0	    88831736.0	
    15	  2000	    42	     1	     0.000	   185.434	      22996.8	     121046.3	    36.000	   151.129	     0.000	   187.129	     0.020	   447.290	    10277140.0	    88781576.0	
    15	  2000	    43	     1	     0.000	   186.685	      32115.4	     141045.3	    36.000	   151.800	     0.000	   187.800	     0.020	   447.291	    10278042.0	    88792456.0	
    15	  2000	    44	     1	     0.000	   189.026	      26940.3	     168412.3	    36.000	   154.267	     0.000	   190.267	     0.020	   447.295	    10280739.0	    88825000.0	
    15	  2000	    45	     1	     0.000	   196.896	      18277.0	     248408.1	    36.000	   162.513	     0.000	   198.513	     0.020	   447.306	    10288085.0	    88913656.0	
    15	  2000	    46	     1	     0.000	   209.202	      32746.8	      88416.4	    36.000	   175.846	     0.000	   211.846	     0.020	   447.284	    10273628.0	    88739200.0	
    15	  2000	    47	     1	     0.000	   222.326	      36692.9	      31577.3	    36.000	   186.950	     0.000	   222.950	     0.020	   447.276	    10268588.0	    88678416.0	
    15	  2000	    48	     1	     0.000	   230.963	      49778.8	       8420.6	    36.000	   194.884	     0.000	   230.884	     0.020	   447.272	    10265583.0	    88642168.0	
    15	  2000	    49	     1	     0.000	   231.104	      52798.2	       7368.0	    36.000	   194.605	     0.000	   230.605	     0.020	   447.271	    10265245.0	    88638096.0	
    15	  2000	    50	     1	     0.000	   230.742	      52794.2	       8420.6	    36.000	   194.196	     0.000	   230.196	     0.020	   447.271	    10265333.0	    88639152.0	
    15	  2000	    51	     1	     0.000	   229.995	      60300.1	      19999.0	    36.000	   193.461	     0.000	   229.461	     0.020	   447.272	    10265671.0	    88643224.0	
    15	  2000	    52	     1	     0.000	   230.184	      46921.0	      14736.1	    36.000	   193.698	     0.000	   229.698	     0.020	   447.273	    10266344.0	    88651344.0	
    15	  2000	    53	     1	     0.000	   229.274	      54233.4	       8420.6	    36.000	   192.882	     0.000	   228.882	     0.020	   447.271	    10265213.0	    88637712.0	
    15	  2000	    54	     1	     0.000	   228.367	      56795.4	       5262.9	    36.000	   191.817	     0.000	   227.817	     0.020	   447.271	    10264739.0	    88631992.0	
    15	  2000	    55	     1	     0.000	   227.316	      57109.4	       6315.5	    36.000	   190.699	     0.000	   226.699	     0.020	   447.271	    10264801.0	    88632736.0	
    15	  2000	    56	     1	     0.000	   226.106	      56680.9	       9473.2	    36.000	   189.498	     0.000	   225.498	     0.020	   447.271	    10265098.0	    88636320.0	
    15	  2000	    57	     1	     0.000	   226.290	      59223.8	       6315.5	    36.000	   189.724	     0.000	   225.724	     0.020	   447.270	    10264625.0	    88630616.0	
    15	  2000	    58	     1	     0.000	   228.420	      54359.3	       9473.2	    36.000	   191.787	     0.000	   227.787	     0.020	   447.271	    10265291.0	    88638640.0	
    15	  2000	    59	     1	     0.000	   230.396	      51065.4	      12630.9	    36.000	   193.856	     0.000	   229.856	     0.020	   447.272	    10265826.0	    88645096.0	
    15	  2000	    60	     1	     0.000	   231.913	      53658.1	      10525.8	    36.000	   195.449	     0.000	   231.449	     0.020	   447.272	    10265436.0	    88640392.0	
    15	  2000	    61	     1	     0.000	   233.171	      57651.0	       1052.6	    36.000	   196.652	     0.000	   232.652	     0.020	   447.270	    10264319.0	    88626928.0	
    15	  2000	    62	     1	     0.000	   234.559	      54908.2	       2105.2	    36.000	   197.884	     0.000	   233.884	     0.020	   447.270	    10264634.0	    88630728.0	
    15	  2000	    63	     1	     0.000	   235.834	      51135.5	      10525.8	    36.000	   199.203	     0.000	   235.203	     0.020	   447.272	    10265645.0	    88642920.0	
    15	  2000	    64	     1	     0.000	   237.330	      39445.5	       5262.9	    36.000	   200.840	     0.000	   236.840	     0.020	   447.273	    10266178.0	    88649344.0	
    15	  2000	    65	     1	     0.000	   238.104	      40501.7	       4210.3	    36.000	   201.688	     0.000	   237.688	     0.020	   447.272	    10266004.0	    88647240.0	
    15	  2000	    66	     1	     0.000	   238.799	      40588.4	       5262.9	    36.000	   202.359	     0.000	   238.359	     0.020	   447.273	    10266083.0	    88648200.0	
    15	  2000	    67	     1	     0.000	   239.299	      42493.1	       7368.0	    36.000	   202.870	     0.000	   238.870	     0.020	   447.273	    10266100.0	    88648400.0	
    15	  2000	    68	     1	     0.000	   239.368	      51500.2	       8420.6	    36.000	   202.942	     0.000	   238.942	     0.020	   447.272	    10265440.0	    88640448.0	
    15	  2000	    69	     1	     0.000	   239.870	      49162.9	       8420.6	    36.000	   203.351	     0.000	   239.351	     0.020	   447.272	    10265634.0	    88642784.0	
    15	  2000	    70	     1	     0.000	   240.072	      51445.4	      19999.0	    36.000	   203.581	     0.000	   239.581	     0.020	   447.273	    10266405.0	    88652080.0	
    15	  2000	    71	     1	     0.000	   240.237	      52818.0	      13683.5	    36.000	   203.853	     0.000	   239.853	     0.020	   447.272	    10265767.0	    88644392.0	
    15	  2000	    72	     1	     0.000	   240.414	      52361.6	       8420.6	    36.000	   203.941	     0.000	   239.941	     0.020	   447.272	    10265369.0	    88639584.0	
    15	  2000	    73	     1	     0.000	   241.476	      31417.2	      18946.4	    36.000	   204.948	     0.000	   240.948	     0.020	   447.276	    10267978.0	    88671056.0	
    15	  2000	    74	     1	     0.000	   240.426	      54674.4	       5262.9	    36.000	   204.261	     0.000	   240.261	     0.020	   447.271	    10264916.0	    88634120.0	
    15	  2000	    75	     1	     0.000	   240.496	      52590.3	       7368.0	    36.000	   203.904	     0.000	   239.904	     0.020	   447.271	    10265262.0	    88638304.0	
    15	  2000	    76	     1	     0.000	   240.585	      48961.0	      17893.8	    36.000	   204.042	     0.000	   240.042	     0.020	   447.273	    10266437.0	    88652464.0	
    15	  2000	    77	     1	     0.000	   240.602	      45839.9	      10525.8	    36.000	   204.223	     0.000	   240.223	     0.020	   447.273	    10266085.0	    88648216.0	
    15	  2000	    78	     1	     0.000	   240.499	      44316.2	      11578.3	    36.000	   204.070	     0.000	   240.070	     0.020	   447.273	    10266298.0	    88650792.0	
    15	  2000	    79	     1	     0.000	   240.084	      48568.2	      21051.5	    36.000	   203.685	     0.000	   239.685	     0.020	   447.274	    10266730.0	    88656008.0	
    15	  2000	    80	     1	     0.000	   240.248	      39517.5	      69470.1	    36.000	   203.909	     0.000	   239.909	     0.020	   447.281	    10271496.0	    88713480.0	
    15	  2000	    81	     1	     0.000	   240.021	      38236.8	      16841.2	    36.000	   204.348	     0.000	   240.348	     0.020	   447.274	    10267239.0	    88662136.0	
    15	  2000	    82	     1	     0.000	   238.944	      54788.2	          0.0	    36.000	   202.676	     0.000	   238.676	     0.020	   447.270	    10264469.0	    88628736.0	
    15	  2000	    83	     1	     0.000	   238.854	      49573.1	          0.0	    36.000	   202.200	     0.000	   238.200	     0.020	   447.271	    10264902.0	    88633952.0	
    15	  2000	    84	     1	     0.000	   238.812	      42839.2	       3157.7	    36.000	   202.218	     0.000	   238.218	     0.020	   447.272	    10265722.0	    88643848.0	
    15	  2000	    85	     1	     0.000	   238.087	      50341.8	          0.0	    36.000	   201.608	     0.000	   237.608	     0.020	   447.271	    10264838.0	    88633184.0	
    15	  2000	    86	     1	     0.000	   237.436	      55695.3	          0.0	    36.000	   200.834	     0.000	   236.834	     0.020	   447.270	    10264394.0	    88627832.0	
    15	  2000	    87	     1	     0.000	   237.202	      51425.4	          0.0	    36.000	   200.537	     0.000	   236.537	     0.020	   447.271	    10264749.0	    88632104.0	
    15	  2000	    88	     1	     0.000	   237.149	      42541.1	       2105.2	    36.000	   200.533	     0.000	   236.533	     0.020	   447.272	    10265660.0	    88643096.0	
    15	  2000	    89	     1	     0.000	   236.731	      40870.9	       6315.5	    36.000	   200.243	     0.000	   236.243	     0.020	   447.273	    10266148.0	    88648976.0	
    15	  2000	    90	     1	     0.000	   236.153	      42000.1	       6315.5	    36.000	   199.733	     0.000	   235.733	     0.020	   447.273	    10266053.0	    88647840.0	
    15	  2000	    91	     1	     0.000	   235.637	      41053.8	       3157.7	    36.000	   199.204	     0.000	   235.204	     0.020	   447.272	    10265870.0	    88645632.0	
    15	  2000	    92	     1	     0.000	   235.056	      40862.0	       1052.6	    36.000	   198.598	     0.000	   234.598	     0.020	   447.272	    10265712.0	    88643720.0	
    15	  2000	    93	     1	     0.000	   234.191	      46223.4	       1052.6	    36.000	   197.711	     0.000	   233.711	     0.020	   447.271	    10265267.0	    88638360.0	
    15	  2000	    94	     1	     0.000	   233.476	      47729.4	          0.0	    36.000	   196.933	     0.000	   232.933	     0.020	   447.271	    10265055.0	    88635800.0	
    15	  2000	    95	     1	     0.000	   232.800	      47808.0	          0.0	    36.000	   196.227	     0.000	   232.227	     0.020	   447.271	    10265048.0	    88635720.0	
    15	  2000	    96	     1	     0.000	   232.139	      47001.1	          0.0	    36.000	   195.566	     0.000	   231.566	     0.020	   447.271	    10265115.0	    88636528.0	
    15	  2000	    97	     1	     0.000	   231.162	      52602.6	          0.0	    36.000	   194.598	     0.000	   230.598	     0.020	   447.270	    10264651.0	    88630928.0	
    15	  2000	    98	     1	     0.000	   230.431	      52311.2	          0.0	    36.000	   193.803	     0.000	   229.803	     0.020	   447.270	    10264675.0	    88631216.0	
    15	  2000	    99	     1	     0.000	   229.641	      52829.3	          0.0	    36.000	   193.015	     0.000	   229.015	     0.020	   447.270	    10264632.0	    88630696.0	
    15	  2000	   100	     1	     0.000	   229.167	      45857.9	          0.0	    36.000	   192.536	     0.000	   228.536	     0.020	   447.271	    10265210.0	    88637672.0	
    15	  2000	   101	     1	     0.000	   228.387	      45178.2	          0.0	    36.000	   191.836	     0.000	   227.836	     0.020	   447.271	    10265266.0	    88638352.0	
    15	  2000	   102	     1	     0.000	   227.885	      37859.6	          0.0	    36.000	   191.342	     0.000	   227.342	     0.020	   447.272	    10265873.0	    88645672.0	
    15	  2000	   103	     1	     0.000	   226.471	      50303.9	          0.0	    36.000	   190.013	     0.000	   226.013	     0.020	   447.271	    10264842.0	    88633224.0	
    15	  2000	   104	     1	     0.000	   225.648	      49289.3	          0.0	    36.000	   189.046	     0.000	   225.046	     0.020	   447.271	    10264925.0	    88634240.0	
    15	  2000	   105	     1	     0.000	   224.731	      49989.8	          0.0	    36.000	   188.140	     0.000	   224.140	     0.020	   447.271	    10264867.0	    88633536.0	
    15	  2000	   106	     1	     0.000	   223.725	      52330.4	          0.0	    36.000	   187.126	     0.000	   223.126	     0.020	   447.270	    10264674.0	    88631200.0	
    15	  2000	   107	     1	     0.000	   222.823	      52011.1	          0.0	    36.000	   186.197	     0.000	   222.197	     0.020	   447.270	    10264700.0	    88631520.0	
    15	  2000	   108	     1	     0.000	   221.994	      49767.6	          0.0	    36.000	   185.372	     0.000	   221.372	     0.020	   447.271	    10264886.0	    88633760.0	
    15	  2000	   109	     1	     0.000	   221.432	      41206.0	       1052.6	    36.000	   184.836	     0.000	   220.836	     0.020	   447.272	    10265683.0	    88643376.0	
    15	  2000	   110	     1	     0.000	   220.289	      45426.2	          0.0	    36.000	   183.804	     0.000	   219.804	     0.020	   447.271	    10265246.0	    88638104.0	
    15	  2000	   111	     1	     0.000	   219.681	      37349.5	       5262.9	    36.000	   183.135	     0.000	   219.135	     0.020	   447.273	    10266352.0	    88651440.0	
    15	  2000	   112	     1	     0.000	   218.830	      34480.4	       5262.9	    36.000	   182.439	     0.000	   218.439	     0.020	   447.273	    10266590.0	    88654312.0	
    15	  2000	   113	     1	     0.000	   217.742	      36787.1	          0.0	    36.000	   181.384	     0.000	   217.384	     0.020	   447.272	    10265962.0	    88646744.0	
    15	  2000	   114	     1	     0.000	   216.458	      43368.7	          0.0	    36.000	   180.012	     0.000	   216.012	     0.020	   447.272	    10265417.0	    88640160.0	
    15	  2000	   115	     1	     0.000	   215.609	      39929.6	          0.0	    36.000	   179.087	     0.000	   215.087	     0.020	   447.272	    10265702.0	    88643600.0	
    15	  2000	   116	     1	     0.000	   214.319	      46403.4	          0.0	    36.000	   177.837	     0.000	   213.837	     0.020	   447.271	    10265165.0	    88637128.0	
    15	  2000	   117	     1	     0.000	   213.204	      48798.9	          0.0	    36.000	   176.647	     0.000	   212.647	     0.020	   447.271	    10264966.0	    88634728.0	
    15	  2000	   118	     1	     0.000	   212.123	      50283.2	          0.0	    36.000	   175.539	     0.000	   211.539	     0.020	   447.271	    10264844.0	    88633248.0	
    15	  2000	   119	     1	     0.000	   211.396	      43562.8	          0.0	    36.000	   174.794	     0.000	   210.794	     0.020	   447.272	    10265400.0	    88639968.0	
    15	  2000	   120	     1	     0.000	   210.461	      41474.8	          0.0	    36.000	   173.937	     0.000	   209.937	     0.020	   447.272	    10265574.0	    88642056.0	
    15	  2000	   121	     1	     0.000	   209.348	      43367.9	          0.0	    36.000	   172.848	     0.000	   208.848	     0.020	   447.272	    10265417.0	    88640160.0	
    15	  2000	   122	     1	     0.000	   208.451	      40194.4	          0.0	    36.000	   171.929	     0.000	   207.929	     0.020	   447.272	    10265680.0	    88643336.0	
    15	  2000	   123	     1	     0.000	   207.026	      49148.0	          0.0	    36.000	   170.541	     0.000	   206.541	     0.020	   447.271	    10264937.0	    88634376.0	
    15	  2000	   124	     1	     0.000	   206.248	      43015.6	          0.0	    36.000	   169.659	     0.000	   205.659	     0.020	   447.272	    10265446.0	    88640512.0	
    15	  2000	   125	     1	     0.000	   205.416	      38038.9	          0.0	    36.000	   168.898	     0.000	   204.898	     0.020	   447.272	    10265858.0	    88645488.0	
    15	  2000	   126	     1	     0.000	   204.357	      38275.6	          0.0	    36.000	   167.896	     0.000	   203.896	     0.020	   447.272	    10265839.0	    88645256.0	
    15	  2000	   127	     1	     0.000	   203.213	      40445.1	          0.0	    36.000	   166.750	     0.000	   202.750	     0.020	   447.272	    10265659.0	    88643080.0	
    15	  2000	   128	     1	     0.000	   202.260	      38106.6	          0.0	    36.000	   165.771	     0.000	   201.771	     0.020	   447.272	    10265853.0	    88645424.0	
    15	  2000	   129	     1	     0.000	   201.492	      31353.0	       1052.6	    36.000	   165.031	     0.000	   201.031	     0.020	   447.273	    10266500.0	    88653224.0	
    15	  2000	   130	     1	     0.000	   200.295	      34702.8	          0.0	    36.000	   163.925	     0.000	   199.925	     0.020	   447.273	    10266135.0	    88648824.0	
    15	  2000	   131	     1	     0.000	   198.863	      43634.3	          0.0	    36.000	   162.442	     0.000	   198.442	     0.020	   447.272	    10265395.0	    88639896.0	
    15	  2000	   132	     1	     0.000	   197.774	      44500.6	          0.0	    36.000	   161.249	     0.000	   197.249	     0.020	   447.271	    10265323.0	    88639024.0	
    15	  2000	   133	     1	     0.000	   197.043	      36854.5	          0.0	    36.000	   160.508	     0.000	   196.508	     0.020	   447.272	    10265957.0	    88646672.0	
    15	  2000	   134	     1	     0.000	   196.038	      35728.8	       1052.6	    36.000	   159.591	     0.000	   195.591	     0.020	   447.273	    10266137.0	    88648848.0	
    15	  2000	   135	     1	     0.000	   194.742	      41572.3	          0.0	    36.000	   158.321	     0.000	   194.321	     0.020	   447.272	    10265565.0	    88641952.0	
    15	  2000	   136	     1	     0.000	   193.621	      43278.8	          0.0	    36.000	   157.120	     0.000	   193.120	     0.020	   447.272	    10265424.0	    88640248.0	
    15	  2000	   137	     1	     0.000	   192.547	      43912.4	          0.0	    36.000	   156.026	     0.000	   192.026	     0.020	   447.272	    10265372.0	    88639616.0	
    15	  2000	   138	     1	     0.000	   191.510	      43678.6	          0.0	    36.000	   154.981	     0.000	   190.981	     0.020	   447.272	    10265391.0	    88639848.0	
    15	  2000	   139	     1	     0.000	   190.479	      43329.7	          0.0	    36.000	   153.953	     0.000	   189.953	     0.020	   447.272	    10265420.0	    88640200.0	
    15	  2000	   140	     1	     0.000	   189.413	      43842.6	          0.0	    36.000	   152.892	     0.000	   188.892	     0.020	   447.272	    10265378.0	    88639688.0	
    15	  2000	   141	     1	     0.000	   188.315	      45213.5	          0.0	    36.000	   151.787	     0.000	   187.787	     0.020	   447.271	    10265263.0	    88638312.0	
    15	  2000	   142	     1	     0.000	   187.510	      39465.1	          0.0	    36.000	   150.967	     0.000	   186.967	     0.020	   447.272	    10265740.0	    88644064.0	
    15	  2000	   143	     1	     0.000	   186.252	      44807.4	          0.0	    36.000	   149.776	     0.000	   185.776	     0.020	   447.271	    10265297.0	    88638720.0	
    15	  2000	   144	     1	     0.000	   185.558	      36413.9	       1052.6	    36.000	   149.020	     0.000	   185.020	     0.020	   447.273	    10266081.0	    88648168.0	
    15	  2000	   145	     1	     0.000	   184.179	      44861.8	          0.0	    36.000	   147.750	     0.000	   183.750	     0.020	   447.271	    10265292.0	    88638664.0	
    15	  2000	   146	     1	     0.000	   183.103	      45951.3	          0.0	    36.000	   146.564	     0.000	   182.564	     0.020	   447.271	    10265202.0	    88637576.0	
    15	  2000	   147	     1	     0.000	   182.024	      47169.3	          0.0	    36.000	   145.473	     0.000	   181.473	     0.020	   447.271	    10265101.0	    88636360.0	
    15	  2000	   148	     1	     0.000	   180.999	      47144.2	          0.0	    36.000	   144.433	     0.000	   180.433	     0.020	   447.271	    10265103.0	    88636384.0	
    15	  2000	   149	     1	     0.000	   180.044	      45409.4	          0.0	    36.000	   143.479	     0.000	   179.479	     0.020	   447.271	    10265247.0	    88638120.0	
    15	  2000	   150	     1	     0.000	   179.086	      43835.8	          0.0	    36.000	   142.540	     0.000	   178.540	     0.020	   447.272	    10265378.0	    88639696.0	
    15	  2000	   151	     1	     0.000	   177.982	      45959.8	          0.0	    36.000	   141.455	     0.000	   177.455	     0.020	   447.271	    10265202.0	    88637568.0	
    15	  2000	   152	     1	     0.000	   176.944	      46505.8	          0.0	    36.000	   140.393	     0.000	   176.393	     0.020	   447.271	    10265156.0	    88637024.0	
    15	  2000	   153	     1	     0.000	   175.986	      45137.1	          0.0	    36.000	   139.428	     0.000	   175.428	     0.020	   447.271	    10265270.0	    88638392.0	
    15	  2000	   154	     1	     0.000	   175.076	      42629.8	          0.0	    36.000	   138.533	     0.000	   174.533	     0.020	   447.272	    10265478.0	    88640896.0	
    15	  2000	   155	     1	     0.000	   174.402	      34208.4	          0.0	    36.000	   137.888	     0.000	   173.888	     0.020	   447.273	    10266176.0	    88649320.0	
    15	  2000	   156	     1	     0.000	   173.501	      31568.2	          0.0	    36.000	   137.085	     0.000	   173.085	     0.020	   447.273	    10266395.0	    88651960.0	
    15	  2000	   157	     1	     0.000	   172.659	      27519.0	       1052.6	    36.000	   136.274	     0.000	   172.274	     0.020	   447.274	    10266818.0	    88657064.0	
    15	  2000	   158	     1	     0.000	   171.804	      23881.7	       1052.6	    36.000	   135.477	     0.000	   171.477	     0.020	   447.274	    10267119.0	    88660696.0	
    15	  2000	   159	     1	     0.000	   170.324	      36275.4	       1052.6	    36.000	   134.040	     0.000	   170.040	     0.020	   447.273	    10266092.0	    88648304.0	
    15	  2000	   160	     1	     0.000	   169.076	      42917.3	          0.0	    36.000	   132.648	     0.000	   168.648	     0.020	   447.272	    10265453.0	    88640608.0	
    15	  2000	   161	     1	     0.000	   168.030	      44505.3	          0.0	    36.000	   131.513	     0.000	   167.513	     0.020	   447.271	    10265323.0	    88639024.0	
    15	  2000	   162	     1	     0.000	   167.194	      40789.9	          0.0	    36.000	   130.659	     0.000	   166.659	     0.020	   447.272	    10265630.0	    88642736.0	
    15	  2000	   163	     1	     0.000	   166.077	      44441.2	          0.0	    36.000	   129.584	     0.000	   165.584	     0.020	   447.271	    10265328.0	    88639088.0	
    15	  2000	   164	     1	     0.000	   165.208	      41776.4	          0.0	    36.000	   128.673	     0.000	   164.673	     0.020	   447.272	    10265548.0	    88641752.0	
    15	  2000	   165	     1	     0.000	   164.526	      34340.4	       1052.6	    36.000	   128.022	     0.000	   164.022	     0.020	   447.273	    10266252.0	    88650240.0	
    15	  2000	   166	     1	     0.000	   163.667	      31602.1	          0.0	    36.000	   127.261	     0.000	   163.261	     0.020	   447.273	    10266392.0	    88651928.0	
    15	  2000	   167	     1	     0.000	   162.323	      41625.8	       1052.6	    36.000	   125.937	     0.000	   161.937	     0.020	   447.272	    10265648.0	    88642952.0	
    15	  2000	   168	     1	     0.000	   161.207	      45833.4	          0.0	    36.000	   124.718	     0.000	   160.718	     0.020	   447.271	    10265212.0	    88637696.0	
    15	  2000	   169	     1	     0.000	   160.151	      48609.8	          0.0	    36.000	   123.601	     0.000	   159.601	     0.020	   447.271	    10264982.0	    88634920.0	
    15	  2000	   170	     1	     0.000	   159.337	      45151.7	       1052.6	    36.000	   122.754	     0.000	   158.754	     0.020	   447.271	    10265356.0	    88639432.0	
    15	  2000	   171	     1	     0.000	   158.449	      43710.3	          0.0	    36.000	   121.918	     0.000	   157.918	     0.020	   447.272	    10265388.0	    88639816.0	
    15	  2000	   172	     1	     0.000	   157.309	      49076.5	          0.0	    36.000	   120.783	     0.000	   156.783	     0.020	   447.271	    10264943.0	    88634448.0	
    15	  2000	   173	     1	     0.000	   156.282	      51544.2	          0.0	    36.000	   119.694	     0.000	   155.694	     0.020	   447.271	    10264738.0	    88631984.0	
    15	  2000	   174	     1	     0.000	   155.328	      52225.2	          0.0	    36.000	   118.711	     0.000	   154.711	     0.020	   447.270	    10264682.0	    88631304.0	
    15	  2000	   175	     1	     0.000	   155.047	      34978.0	          0.0	    36.000	   118.423	     0.000	   154.423	     0.020	   447.273	    10266112.0	    88648552.0	
    15	  2000	   176	     1	     0.000	   153.704	      46269.6	       1052.6	    36.000	   117.280	     0.000	   153.280	     0.020	   447.271	    10265263.0	    88638312.0	
    15	  2000	   177	     1	     0.000	   152.917	      42776.7	       2105.2	    36.000	   116.374	     0.000	   152.374	     0.020	   447.272	    10265640.0	    88642856.0	
    15	  2000	   178	     1	     0.000	   152.070	      41002.5	       1052.6	    36.000	   115.579	     0.000	   151.579	     0.020	   447.272	    10265700.0	    88643576.0	
    15	  2000	   179	     1	     0.000	   150.999	      45385.2	          0.0	    36.000	   114.516	     0.000	   150.516	     0.020	   447.271	    10265249.0	    88638144.0	
    15	  2000	   180	     1	     0.000	   150.023	      47340.0	          0.0	    36.000	   113.477	     0.000	   149.477	     0.020	   447.271	    10265088.0	    88636192.0	
    15	  2000	   181	     1	     0.000	   148.966	      51631.9	          0.0	    36.000	   112.398	     0.000	   148.398	     0.020	   447.271	    10264731.0	    88631896.0	
    15	  2000	   182	     1	     0.000	   148.030	      52767.5	          0.0	    36.000	   111.412	     0.000	   147.412	     0.020	   447.270	    10264637.0	    88630760.0	
    15	  2000	   183	     1	     0.000	   147.291	      48613.9	          0.0	    36.000	   110.660	     0.000	   146.660	     0.020	   447.271	    10264981.0	    88634912.0	
    15	  2000	   184	     1	     0.000	   146.453	      47296.2	          0.0	    36.000	   109.870	     0.000	   145.870	     0.020	   447.271	    10265091.0	    88636232.0	
    15	  2000	   185	     1	     0.000	   145.474	      49959.6	          0.0	    36.000	   108.906	     0.000	   144.906	     0.020	   447.271	    10264870.0	    88633568.0	
    15	  2000	   186	     1	     0.000	   144.488	      52916.9	          0.0	    36.000	   107.890	     0.000	   143.890	     0.020	   447.270	    10264625.0	    88630608.0	
    15	  2000	   187	     1	     0.000	   143.905	      44853.3	       1052.6	    36.000	   107.273	     0.000	   143.273	     0.020	   447.272	    10265381.0	    88639728.0	
    15	  2000	   188	     1	     0.000	   142.747	      52868.5	          0.0	    36.000	   106.220	     0.000	   142.220	     0.020	   447.270	    10264628.0	    88630656.0	
    15	  2000	   189	     1	     0.000	   141.800	      55125.7	          0.0	    36.000	   105.168	     0.000	   141.168	     0.020	   447.270	    10264441.0	    88628400.0	
    15	  2000	   190	     1	     0.000	   140.932	      55344.8	          0.0	    36.000	   104.274	     0.000	   140.274	     0.020	   447.270	    10264424.0	    88628184.0	
    15	  2000	   191	     1	     0.000	   140.333	      48117.6	       1052.6	    36.000	   103.672	     0.000	   139.672	     0.020	   447.271	    10265110.0	    88636464.0	
    15	  2000	   192	     1	     0.000	   139.510	      47280.3	          0.0	    36.000	   102.945	     0.000	   138.945	     0.020	   447.271	    10265092.0	    88636248.0	
    15	  2000	   193	     1	     0.000	   138.520	      51275.6	          0.0	    36.000	   101.953	     0.000	   137.953	     0.020	   447.271	    10264761.0	    88632256.0	
    15	  2000	   194	     1	     0.000	   137.727	      49861.9	          0.0	    36.000	   101.114	     0.000	   137.114	     0.020	   447.271	    10264878.0	    88633664.0	
    15	  2000	   195	     1	     0.000	   137.256	      39436.0	       1052.6	    36.000	   100.659	     0.000	   136.659	     0.020	   447.272	    10265830.0	    88645144.0	
    15	  2000	   196	     1	     0.000	   135.884	      54760.7	          0.0	    36.000	    99.420	     0.000	   135.420	     0.020	   447.270	    10264472.0	    88628768.0	
    15	  2000	   197	     1	     0.000	   134.933	      58258.6	          0.0	    36.000	    98.280	     0.000	   134.280	     0.020	   447.270	    10264182.0	    88625272.0	
    15	  2000	   198	     1	     0.000	   134.097	      58641.3	          0.0	    36.000	    97.403	     0.000	   133.403	     0.020	   447.270	    10264150.0	    88624888.0	
    15	  2000	   199	     1	     0.000	   133.313	      57667.7	          0.0	    36.000	    96.614	     0.000	   132.614	     0.020	   447.270	    10264231.0	    88625864.0	
    15	  2000	   200	     1	     0.000	   132.515	      57226.5	          0.0	    36.000	    95.827	     0.000	   131.827	     0.020	   447.270	    10264267.0	    88626304.0	
    15	  2000	   201	     1	     0.000	   131.628	      59491.2	          0.0	    36.000	    94.945	     0.000	   130.945	     0.020	   447.270	    10264080.0	    88624040.0	
    15	  2000	   202	     1	     0.000	   130.897	      57367.5	          0.0	    36.000	    94.189	     0.000	   130.189	     0.020	   447.270	    10264256.0	    88626160.0	
    15	  2000	   203	     1	     0.000	   130.220	      53806.1	          0.0	    36.000	    93.536	     0.000	   129.536	     0.020	   447.270	    10264551.0	    88629720.0	
    15	  2000	   204	     1	     0.000	   129.279	      58064.4	          0.0	    36.000	    92.637	     0.000	   128.637	     0.020	   447.270	    10264198.0	    88625464.0	
    15	  2000	   205	     1	     0.000	   128.832	      48044.4	          0.0	    36.000	    92.140	     0.000	   128.140	     0.020	   447.271	    10265028.0	    88635480.0	
    15	  2000	   206	     1	     0.000	   127.886	      52721.6	          0.0	    36.000	    91.310	     0.000	   127.310	     0.020	   447.270	    10264641.0	    88630808.0	
    15	  2000	   207	     1	     0.000	   127.183	      50421.3	          0.0	    36.000	    90.553	     0.000	   126.553	     0.020	   447.271	    10264831.0	    88633104.0	
    15	  2000	   208	     1	     0.000	   126.238	      55390.9	          0.0	    36.000	    89.635	     0.000	   125.635	     0.020	   447.270	    10264420.0	    88628136.0	
    15	  2000	   209	     1	     0.000	   125.387	      57743.2	          0.0	    36.000	    88.726	     0.000	   124.726	     0.020	   447.270	    10264224.0	    88625784.0	
    15	  2000	   210	     1	     0.000	   124.639	      57202.3	          0.0	    36.000	    87.950	     0.000	   123.950	     0.020	   447.270	    10264269.0	    88626328.0	
    15	  2000	   211	     1	     0.000	   124.234	      46527.4	      15788.7	    36.000	    87.552	     0.000	   123.552	     0.020	   447.273	    10266464.0	    88652792.0	
    15	  2000	   212	     1	     0.000	   123.314	      51343.5	       4210.3	    36.000	    86.938	     0.000	   122.938	     0.020	   447.271	    10265104.0	    88636392.0	
    15	  2000	   213	     1	     0.000	   122.111	      64816.5	          0.0	    36.000	    85.545	     0.000	   121.545	     0.020	   447.269	    10263638.0	    88618712.0	
    15	  2000	   214	     1	     0.000	   121.528	      59842.9	          0.0	    36.000	    84.758	     0.000	   120.758	     0.020	   447.269	    10264051.0	    88623688.0	
    15	  2000	   215	     1	     0.000	   120.976	      54033.8	          0.0	    36.000	    84.263	     0.000	   120.263	     0.020	   447.270	    10264532.0	    88629496.0	
    15	  2000	   216	     1	     0.000	   120.420	      48443.1	      24209.3	    36.000	    83.774	     0.000	   119.774	     0.020	   447.274	    10267003.0	    88659296.0	
    15	  2000	   217	     1	     0.000	   119.794	      45055.5	       7368.0	    36.000	    83.494	     0.000	   119.494	     0.020	   447.272	    10265888.0	    88645840.0	
    15	  2000	   218	     1	     0.000	   119.745	      24226.5	       5262.9	    36.000	    83.289	     0.000	   119.289	     0.020	   447.275	    10267440.0	    88664568.0	
    15	  2000	   219	     1	     0.000	   118.522	      39265.4	      51576.3	    36.000	    82.283	     0.000	   118.283	     0.020	   447.279	    10270033.0	    88695840.0	
    15	  2000	   220	     1	     0.000	   118.001	      33016.7	     191569.0	    36.000	    82.124	     0.000	   118.124	     0.020	   447.297	    10282154.0	    88842080.0	
    15	  2000	   221	     1	     0.000	   117.460	      27523.2	      70522.6	    36.000	    83.275	     0.000	   119.275	     0.020	   447.283	    10272577.0	    88726528.0	
    15	  2000	   222	     1	     0.000	   116.078	      48076.2	       3157.7	    36.000	    80.556	     0.000	   116.556	     0.020	   447.271	    10265288.0	    88638608.0	
    15	  2000	   223	     1	     0.000	   114.992	      59788.6	       1052.6	    36.000	    78.452	     0.000	   114.452	     0.020	   447.270	    10264142.0	    88624792.0	
    15	  2000	   224	     1	     0.000	   114.655	      48463.8	          0.0	    36.000	    77.955	     0.000	   113.955	     0.020	   447.271	    10264994.0	    88635064.0	
    15	  2000	   225	     1	     0.000	   113.622	      58864.1	          0.0	    36.000	    77.041	     0.000	   113.041	     0.020	   447.270	    10264132.0	    88624664.0	
    15	  2000	   226	     1	     0.000	   112.888	      60147.3	          0.0	    36.000	    76.187	     0.000	   112.187	     0.020	   447.269	    10264025.0	    88623384.0	
    15	  2000	   227	     1	     0.000	   112.164	      61291.2	          0.0	    36.000	    75.448	     0.000	   111.448	     0.020	   447.269	    10263930.0	    88622240.0	
    15	  2000	   228	     1	     0.000	   111.425	      63043.6	          0.0	    36.000	    74.695	     0.000	   110.695	     0.020	   447.269	    10263785.0	    88620488.0	
    15	  2000	   229	     1	     0.000	   110.755	      62753.4	          0.0	    36.000	    74.005	     0.000	   110.005	     0.020	   447.269	    10263809.0	    88620776.0	
    15	  2000	   230	     1	     0.000	   110.014	      64838.8	          0.0	    36.000	    73.268	     0.000	   109.268	     0.020	   447.269	    10263636.0	    88618688.0	
    15	  2000	   231	     1	     0.000	   109.501	      59846.3	          0.0	    36.000	    72.731	     0.000	   108.731	     0.020	   447.269	    10264050.0	    88623680.0	
    15	  2000	   232	     1	     0.000	   108.639	      66049.4	          0.0	    36.000	    71.926	     0.000	   107.926	     0.020	   447.269	    10263536.0	    88617480.0	
    15	  2000	   233	     1	     0.000	   107.805	      71485.9	          0.0	    36.000	    71.021	     0.000	   107.021	     0.020	   447.268	    10263085.0	    88612040.0	
    15	  2000	   234	     1	     0.000	   107.120	      72328.6	          0.0	    36.000	    70.272	     0.000	   106.272	     0.020	   447.268	    10263015.0	    88611200.0	
    15	  2000	   235	     1	     0.000	   106.422	      73711.1	          0.0	    36.000	    69.565	     0.000	   105.565	     0.020	   447.268	    10262900.0	    88609816.0	
    15	  2000	   236	     1	     0.000	   105.745	      74537.0	          0.0	    36.000	    68.872	     0.000	   104.872	     0.020	   447.268	    10262832.0	    88608992.0	
    15	  2000	   237	     1	     0.000	   105.190	      71527.0	          0.0	    36.000	    68.308	     0.000	   104.308	     0.020	   447.268	    10263081.0	    88612000.0	
    15	  2000	   238	     1	     0.000	   104.723	      65819.3	          0.0	    36.000	    67.875	     0.000	   103.875	     0.020	   447.269	    10263555.0	    88617712.0	
    15	  2000	   239	     1	     0.000	   104.275	      59519.7	       1052.6	    36.000	    67.494	     0.000	   103.494	     0.020	   447.270	    10264165.0	    88625064.0	
    15	  2000	   240	     1	     0.000	   103.983	      48249.8	          0.0	    36.000	    67.287	     0.000	   103.287	     0.020	   447.271	    10265012.0	    88635280.0	
    15	  2000	   241	     1	     0.000	   103.505	      43090.7	       6315.5	    36.000	    66.927	     0.000	   102.927	     0.020	   447.272	    10265963.0	    88646752.0	
    15	  2000	   242	     1	     0.000	   102.144	      66910.3	          0.0	    36.000	    65.699	     0.000	   101.699	     0.020	   447.269	    10263464.0	    88616616.0	
    15	  2000	   243	     1	     0.000	   101.674	      61767.5	          0.0	    36.000	    64.879	     0.000	   100.879	     0.020	   447.269	    10263891.0	    88621760.0	
    15	  2000	   244	     1	     0.000	   101.219	      56179.8	       1052.6	    36.000	    64.485	     0.000	   100.485	     0.020	   447.270	    10264441.0	    88628400.0	
    15	  2000	   245	     1	     0.000	   101.035	      41757.3	          0.0	    36.000	    64.377	     0.000	   100.377	     0.020	   447.272	    10265550.0	    88641768.0	
    15	  2000	   246	     1	     0.000	    99.780	      62807.4	          0.0	    36.000	    63.277	     0.000	    99.277	     0.020	   447.269	    10263805.0	    88620720.0	
    15	  2000	   247	     1	     0.000	    99.151	      63343.7	       1052.6	    36.000	    62.404	     0.000	    98.404	     0.020	   447.269	    10263848.0	    88621240.0	
    15	  2000	   248	     1	     0.000	    98.526	      63815.4	       8420.6	    36.000	    61.786	     0.000	    97.786	     0.020	   447.270	    10264420.0	    88628136.0	
    15	  2000	   249	     1	     0.000	    97.922	      63742.2	     127361.8	    36.000	    61.261	     0.000	    97.261	     0.020	   447.285	    10274286.0	    88747144.0	
    15	  2000	   250	     1	     0.000	    98.060	      38934.4	      87363.9	    36.000	    62.776	     0.000	    98.776	     0.020	   447.283	    10273027.0	    88731960.0	
    15	  2000	   251	     1	     0.000	    96.645	      66324.2	       9473.2	    36.000	    61.185	     0.000	    97.185	     0.020	   447.270	    10264299.0	    88626680.0	
    15	  2000	   252	     1	     0.000	    95.906	      71175.3	          0.0	    36.000	    59.228	     0.000	    95.228	     0.020	   447.268	    10263111.0	    88612352.0	
    15	  2000	   253	     1	     0.000	    95.156	      76558.0	          0.0	    36.000	    58.312	     0.000	    94.312	     0.020	   447.267	    10262664.0	    88606968.0	
    15	  2000	   254	     1	     0.000	    94.424	      81481.4	          0.0	    36.000	    57.517	     0.000	    93.517	     0.020	   447.267	    10262256.0	    88602048.0	
    15	  2000	   255	     1	     0.000	    93.797	      82948.4	          0.0	    36.000	    56.834	     0.000	    92.834	     0.020	   447.267	    10262134.0	    88600576.0	
    15	  2000	   256	     1	     0.000	    93.182	      84185.6	          0.0	    36.000	    56.201	     0.000	    92.201	     0.020	   447.266	    10262032.0	    88599344.0	
    15	  2000	   257	     1	     0.000	    92.585	      84904.1	          0.0	    36.000	    55.590	     0.000	    91.590	     0.020	   447.266	    10261972.0	    88598624.0	
    15	  2000	   258	     1	     0.000	    92.198	      78517.1	          0.0	    36.000	    55.195	     0.000	    91.195	     0.020	   447.267	    10262502.0	    88605008.0	
    15	  2000	   259	     1	     0.000	    91.517	      82346.8	          0.0	    36.000	    54.588	     0.000	    90.588	     0.020	   447.267	    10262184.0	    88601184.0	
    15	  2000	   260	     1	     0.000	    91.042	      79190.8	          0.0	    36.000	    54.069	     0.000	    90.069	     0.020	   447.267	    10262446.0	    88604336.0	
    15	  2000	   261	     1	     0.000	    90.372	      82874.1	          0.0	    36.000	    53.435	     0.000	    89.435	     0.020	   447.267	    10262140.0	    88600656.0	
    15	  2000	   262	     1	     0.000	    89.916	      79221.9	          0.0	    36.000	    52.937	     0.000	    88.937	     0.020	   447.267	    10262443.0	    88604304.0	
    15	  2000	   263	     1	     0.000	    89.506	      74054.0	          0.0	    36.000	    52.569	     0.000	    88.569	     0.020	   447.268	    10262872.0	    88609472.0	
    15	  2000	   264	     1	     0.000	    88.953	      73916.4	          0.0	    36.000	    52.076	     0.000	    88.076	     0.020	   447.268	    10262883.0	    88609608.0	
    15	  2000	   265	     1	     0.000	    88.256	      78971.6	       1052.6	    36.000	    51.380	     0.000	    87.380	     0.020	   447.267	    10262551.0	    88605608.0	
    15	  2000	   266	     1	     0.000	    87.838	      74298.6	       9473.2	    36.000	    50.916	     0.000	    86.916	     0.020	   447.269	    10263637.0	    88618704.0	
    15	  2000	   267	     1	     0.000	    87.189	      77880.1	       2105.2	    36.000	    50.419	     0.000	    86.419	     0.020	   447.267	    10262729.0	    88607752.0	
    15	  2000	   268	     1	     0.000	    86.677	      76747.3	       1052.6	    36.000	    49.780	     0.000	    85.780	     0.020	   447.267	    10262736.0	    88607832.0	
    15	  2000	   269	     1	     0.000	    86.226	      73530.3	       1052.6	    36.000	    49.330	     0.000	    85.330	     0.020	   447.268	    10263003.0	    88611048.0	
    15	  2000	   270	     1	     0.000	    85.505	      80031.5	          0.0	    36.000	    48.646	     0.000	    84.646	     0.020	   447.267	    10262376.0	    88603496.0	
    15	  2000	   271	     1	     0.000	    85.234	      70592.1	       1052.6	    36.000	    48.288	     0.000	    84.288	     0.020	   447.268	    10263247.0	    88613992.0	
    15	  2000	   272	     1	     0.000	    84.942	      61996.5	      23156.7	    36.000	    48.117	     0.000	    84.117	     0.020	   447.272	    10265792.0	    88644688.0	
    15	  2000	   273	     1	     0.000	    85.446	      24837.3	     174727.7	    36.000	    48.976	     0.000	    84.976	     0.020	   447.296	    10281437.0	    88833416.0	
    15	  2000	   274	     1	     0.000	    84.602	      36214.0	      95784.5	    36.000	    50.316	     0.000	    86.316	     0.020	   447.285	    10273950.0	    88743096.0	
    15	  2000	   275	     1	     0.000	    84.177	      32623.1	      75785.5	    36.000	    48.846	     0.000	    84.846	     0.020	   447.283	    10272590.0	    88726688.0	
    15	  2000	   276	     1	     0.000	    83.192	      49457.0	      28419.6	    36.000	    47.672	     0.000	    83.672	     0.020	   447.274	    10267268.0	    88662488.0	
    15	  2000	   277	     1	     0.000	    82.514	      55340.6	      25261.8	    36.000	    46.250	     0.000	    82.250	     0.020	   447.273	    10266519.0	    88653448.0	
    15	  2000	   278	     1	     0.000	    82.588	      33932.9	     136835.0	    36.000	    46.219	     0.000	    82.219	     0.020	   447.290	    10277543.0	    88786432.0	
    15	  2000	   279	     1	     0.000	    82.402	      22027.4	     198937.0	    36.000	    47.573	     0.000	    83.573	     0.020	   447.300	    10283676.0	    88860440.0	
    15	  2000	   280	     1	     0.000	    81.947	      20095.0	     198937.0	    36.000	    47.975	     0.000	    83.975	     0.020	   447.300	    10283836.0	    88862368.0	
    15	  2000	   281	     1	     0.000	    81.097	      32880.5	     163149.4	    36.000	    47.147	     0.000	    83.147	     0.020	   447.294	    10279811.0	    88813800.0	
    15	  2000	   282	     1	     0.000	    80.769	      26671.2	     186306.1	    36.000	    46.257	     0.000	    82.257	     0.020	   447.298	    10282244.0	    88843160.0	
    15	  2000	   283	     1	     0.000	    80.198	      29658.2	      18946.4	    36.000	    46.025	     0.000	    82.025	     0.020	   447.276	    10268124.0	    88672816.0	
    15	  2000	   284	     1	     0.000	    79.423	      40389.7	      12630.9	    36.000	    43.279	     0.000	    79.279	     0.020	   447.274	    10266711.0	    88655768.0	
    15	  2000	   285	     1	     0.000	    79.009	      37983.2	      75785.5	    36.000	    42.667	     0.000	    78.667	     0.020	   447.282	    10272146.0	    88721328.0	
    15	  2000	   286	     1	     0.000	    78.332	      45544.1	      44208.2	    36.000	    42.750	     0.000	    78.750	     0.020	   447.277	    10268902.0	    88682192.0	
    15	  2000	   287	     1	     0.000	    77.775	      48925.7	      82101.0	    36.000	    41.739	     0.000	    77.739	     0.020	   447.281	    10271763.0	    88716704.0	
    15	  2000	   288	     1	     0.000	    77.619	      37388.4	     113678.3	    36.000	    41.983	     0.000	    77.983	     0.020	   447.287	    10275337.0	    88759816.0	
    15	  2000	   289	     1	     0.000	    77.198	      36018.5	     263144.2	    36.000	    42.061	     0.000	    78.061	     0.020	   447.306	    10287836.0	    88910656.0	
    15	  2000	   290	     1	     0.000	    77.015	      25909.6	     253671.0	    36.000	    43.623	     0.000	    79.623	     0.020	   447.306	    10287889.0	    88911288.0	
    15	  2000	   291	     1	     0.000	    76.087	      44262.3	      92626.8	    36.000	    42.704	     0.000	    78.704	     0.020	   447.283	    10273022.0	    88731896.0	
    15	  2000	   292	     1	     0.000	    75.147	      63578.2	       5262.9	    36.000	    39.687	     0.000	    75.687	     0.020	   447.270	    10264177.0	    88625216.0	
    15	  2000	   293	     1	     0.000	    74.545	      70388.9	      19999.0	    36.000	    37.850	     0.000	    73.850	     0.020	   447.271	    10264834.0	    88633136.0	
    15	  2000	   294	     1	     0.000	    74.514	      55743.9	      36840.2	    36.000	    37.910	     0.000	    73.910	     0.020	   447.275	    10267445.0	    88664624.0	
    15	  2000	   295	     1	     0.000	    73.842	      65846.8	       9473.2	    36.000	    37.603	     0.000	    73.603	     0.020	   447.270	    10264338.0	    88627152.0	
    15	  2000	   296	     1	     0.000	    73.148	      77079.1	       1052.6	    36.000	    36.475	     0.000	    72.475	     0.020	   447.267	    10262708.0	    88607504.0	
    15	  2000	   297	     1	     0.000	    72.851	      73242.7	       1052.6	    36.000	    35.951	     0.000	    71.951	     0.020	   447.268	    10263026.0	    88611336.0	
    15	  2000	   298	     1	     0.000	    72.399	      75526.0	          0.0	    36.000	    35.543	     0.000	    71.543	     0.020	   447.267	    10262750.0	    88608000.0	
    15	  2000	   299	     1	     0.000	    72.334	      62921.4	       4210.3	    36.000	    35.440	     0.000	    71.440	     0.020	   447.270	    10264144.0	    88624816.0	
    15	  2000	   300	     1	     0.000	    71.959	      62391.2	      25261.8	    36.000	    35.259	     0.000	    71.259	     0.020	   447.272	    10265934.0	    88646400.0	
    15	  2000	   301	     1	     0.000	    72.041	      44074.8	     221041.1	    36.000	    35.591	     0.000	    71.591	     0.020	   447.300	    10283681.0	    88860496.0	
    15	  2000	   302	     1	     0.000	    71.680	      43102.3	     150518.5	    36.000	    37.709	     0.000	    73.709	     0.020	   447.291	    10277916.0	    88790944.0	
    15	  2000	   303	     1	     0.000	    71.097	      50987.0	      37892.8	    36.000	    36.321	     0.000	    72.321	     0.020	   447.275	    10267926.0	    88670432.0	
    15	  2000	   304	     1	     0.000	    70.714	      51276.9	      43155.6	    36.000	    34.542	     0.000	    70.542	     0.020	   447.276	    10268339.0	    88675408.0	
    15	  2000	   305	     1	     0.000	    70.406	      48767.2	      66312.3	    36.000	    34.292	     0.000	    70.292	     0.020	   447.279	    10270467.0	    88701072.0	
    15	  2000	   306	     1	     0.000	    70.176	      43417.8	     123151.5	    36.000	    34.359	     0.000	    70.359	     0.020	   447.287	    10275623.0	    88763264.0	
    15	  2000	   307	     1	     0.000	    69.875	      41073.4	     123151.5	    36.000	    34.778	     0.000	    70.778	     0.020	   447.288	    10275817.0	    88765608.0	
    15	  2000	   308	     1	     0.000	    69.271	      51098.6	     156833.9	    36.000	    34.201	     0.000	    70.201	     0.020	   447.291	    10277778.0	    88789264.0	
    15	  2000	   309	     1	     0.000	    69.196	      40544.4	     187358.6	    36.000	    34.400	     0.000	    70.400	     0.020	   447.296	    10281182.0	    88830344.0	
    15	  2000	   310	     1	     0.000	    68.974	      36317.4	     105257.7	    36.000	    34.653	     0.000	    70.653	     0.020	   447.286	    10274728.0	    88752472.0	
    15	  2000	   311	     1	     0.000	    68.727	      33750.3	     226304.0	    36.000	    33.505	     0.000	    69.505	     0.020	   447.302	    10284971.0	    88876080.0	
    15	  2000	   312	     1	     0.000	    68.458	      32880.9	     119993.7	    36.000	    34.667	     0.000	    70.667	     0.020	   447.288	    10276234.0	    88770640.0	
    15	  2000	   313	     1	     0.000	    67.743	      50852.8	      47365.9	    36.000	    32.731	     0.000	    68.731	     0.020	   447.277	    10268723.0	    88680040.0	
    15	  2000	   314	     1	     0.000	    67.424	      53964.7	      86311.3	    36.000	    31.364	     0.000	    67.364	     0.020	   447.281	    10271694.0	    88715872.0	
    15	  2000	   315	     1	     0.000	    68.714	      30198.4	     288406.0	    36.000	    33.068	     0.000	    69.068	     0.020	   447.310	    10290411.0	    88941736.0	
    15	  2000	   316	     1	     0.000	    70.256	      34194.0	     111573.1	    36.000	    37.225	     0.000	    73.225	     0.020	   447.287	    10275427.0	    88760904.0	
    15	  2000	   317	     1	     0.000	    71.989	      32136.8	      86311.3	    36.000	    36.864	     0.000	    72.864	     0.020	   447.284	    10273504.0	    88737704.0	
    15	  2000	   318	     1	     0.000	    72.961	      31643.7	     139992.7	    36.000	    37.569	     0.000	    73.569	     0.020	   447.291	    10277994.0	    88791880.0	
    15	  2000	   319	     1	     0.000	    72.490	      23976.1	     128414.4	    36.000	    37.725	     0.000	    73.725	     0.020	   447.290	    10277670.0	    88787968.0	
    15	  2000	   320	     1	     0.000	    71.627	      31202.4	      78943.2	    36.000	    36.816	     0.000	    72.816	     0.020	   447.283	    10272970.0	    88731272.0	
    15	  2000	   321	     1	     0.000	    71.183	      23978.7	      65259.8	    36.000	    35.716	     0.000	    71.716	     0.020	   447.282	    10272435.0	    88724808.0	
    15	  2000	   322	     1	     0.000	    70.343	      34355.6	      64207.2	    36.000	    34.801	     0.000	    70.801	     0.020	   447.281	    10271487.0	    88713376.0	
    15	  2000	   323	     1	     0.000	    69.728	      37862.5	     155781.4	    36.000	    34.054	     0.000	    70.054	     0.020	   447.292	    10278787.0	    88801448.0	
    15	  2000	   324	     1	     0.000	    69.235	      38634.9	      83153.6	    36.000	    34.580	     0.000	    70.580	     0.020	   447.283	    10272703.0	    88728048.0	
    15	  2000	   325	     1	     0.000	    68.777	      40190.6	     102099.9	    36.000	    33.272	     0.000	    69.272	     0.020	   447.285	    10274145.0	    88745440.0	
    15	  2000	   326	     1	     0.000	    68.505	      36552.7	      67364.9	    36.000	    33.202	     0.000	    69.202	     0.020	   447.281	    10271567.0	    88714344.0	
    15	  2000	   327	     1	     0.000	    67.995	      57440.3	      38945.3	    36.000	    32.331	     0.000	    68.331	     0.020	   447.275	    10267479.0	    88665032.0	
    15	  2000	   328	     1	     0.000	    68.194	      65010.4	      11578.3	    36.000	    31.960	     0.000	    67.960	     0.020	   447.270	    10264582.0	    88630096.0	
    15	  2000	   329	     1	     0.000	    68.616	      65396.9	       6315.5	    36.000	    31.978	     0.000	    67.978	     0.020	   447.270	    10264114.0	    88624448.0	
    15	  2000	   330	     1	     0.000	    68.996	      68084.7	          0.0	    36.000	    32.292	     0.000	    68.292	     0.020	   447.268	    10263366.0	    88615440.0	
    15	  2000	   331	     1	     0.000	    69.435	      68576.3	       2105.2	    36.000	    32.627	     0.000	    68.627	     0.020	   447.269	    10263501.0	    88617056.0	
    15	  2000	   332	     1	     0.000	    69.918	      66972.6	          0.0	    36.000	    33.128	     0.000	    69.128	     0.020	   447.269	    10263459.0	    88616552.0	
    15	  2000	   333	     1	     0.000	    70.232	      71219.2	       3157.7	    36.000	    33.437	     0.000	    69.437	     0.020	   447.268	    10263368.0	    88615464.0	
    15	  2000	   334	     1	     0.000	    71.120	      51879.2	      54734.0	    36.000	    34.312	     0.000	    70.312	     0.020	   447.277	    10269249.0	    88686384.0	
    15	  2000	   335	     1	     0.000	    71.793	      39867.9	     170517.4	    36.000	    35.807	     0.000	    71.807	     0.020	   447.294	    10279842.0	    88814176.0	
    15	  2001	     1	     1	     0.000	    72.662	      19554.2	     150518.5	    36.000	    38.154	     0.000	    74.154	     0.020	   447.294	    10279868.0	    88814496.0	
    15	  2001	     2	     1	     0.000	    73.638	      12381.6	     239987.5	    36.000	    39.134	     0.000	    75.134	     0.020	   447.306	    10287876.0	    88911136.0	
    15	  2001	     3	     1	     0.000	    74.630	      23095.1	     116836.0	    36.000	    41.244	     0.000	    77.244	     0.020	   447.289	    10276783.0	    88777272.0	
    15	  2001	     4	     1	     0.000	    76.157	      16012.6	     115783.4	    36.000	    41.222	     0.000	    77.222	     0.020	   447.290	    10277282.0	    88783296.0	
    15	  2001	     5	     1	     0.000	    76.850	      30432.4	      28419.6	    36.000	    41.984	     0.000	    77.984	     0.020	   447.277	    10268846.0	    88681512.0	
    15	  2001	     6	     1	     0.000	    77.144	      33323.9	      15788.7	    36.000	    41.100	     0.000	    77.100	     0.020	   447.275	    10267559.0	    88665992.0	
    15	  2001	     7	     1	     0.000	    77.512	      35559.1	       8420.6	    36.000	    41.289	     0.000	    77.289	     0.020	   447.274	    10266763.0	    88656392.0	
    15	  2001	     8	     1	     0.000	    78.006	      35545.6	      12630.9	    36.000	    41.672	     0.000	    77.672	     0.020	   447.274	    10267113.0	    88660616.0	
    15	  2001	     9	     1	     0.000	    78.589	      33837.6	      22104.1	    36.000	    42.304	     0.000	    78.304	     0.020	   447.276	    10268040.0	    88671792.0	
    15	  2001	    10	     1	     0.000	    79.378	      25418.2	      17893.8	    36.000	    43.222	     0.000	    79.222	     0.020	   447.276	    10268388.0	    88676000.0	
    15	  2001	    11	     1	     0.000	    79.895	      27374.0	       6315.5	    36.000	    43.787	     0.000	    79.787	     0.020	   447.274	    10267267.0	    88662472.0	
    15	  2001	    12	     1	     0.000	    80.359	      30881.6	          0.0	    36.000	    44.095	     0.000	    80.095	     0.020	   447.273	    10266452.0	    88652648.0	
    15	  2001	    13	     1	     0.000	    80.937	      29274.5	          0.0	    36.000	    44.559	     0.000	    80.559	     0.020	   447.273	    10266585.0	    88654256.0	
    15	  2001	    14	     1	     0.000	    81.593	      29194.4	          0.0	    36.000	    45.235	     0.000	    81.235	     0.020	   447.273	    10266592.0	    88654336.0	
    15	  2001	    15	     1	     0.000	    82.062	      40377.6	          0.0	    36.000	    45.704	     0.000	    81.704	     0.020	   447.272	    10265665.0	    88643152.0	
    15	  2001	    16	     1	     0.000	    82.809	      40029.1	          0.0	    36.000	    46.322	     0.000	    82.322	     0.020	   447.272	    10265693.0	    88643496.0	
    15	  2001	    17	     1	     0.000	    83.921	      25012.7	      54734.0	    36.000	    47.437	     0.000	    83.437	     0.020	   447.281	    10271476.0	    88713248.0	
    15	  2001	    18	     1	     0.000	    84.389	      32069.7	      54734.0	    36.000	    48.713	     0.000	    84.713	     0.020	   447.280	    10270891.0	    88706192.0	
    15	  2001	    19	     1	     0.000	    84.976	      33828.2	      68417.5	    36.000	    49.218	     0.000	    85.218	     0.020	   447.282	    10271880.0	    88718120.0	
    15	  2001	    20	     1	     0.000	    86.136	      18482.3	     204199.9	    36.000	    50.516	     0.000	    86.516	     0.020	   447.301	    10284405.0	    88869248.0	
    15	  2001	    21	     1	     0.000	    86.982	      22228.9	     195779.3	    36.000	    53.111	     0.000	    89.111	     0.020	   447.299	    10283397.0	    88857080.0	
    15	  2001	    22	     1	     0.000	    88.455	      22450.4	     213673.1	    36.000	    54.444	     0.000	    90.444	     0.020	   447.302	    10284861.0	    88874752.0	
    15	  2001	    23	     1	     0.000	    90.388	      20984.4	     106310.2	    36.000	    56.581	     0.000	    92.581	     0.020	   447.288	    10276086.0	    88768856.0	
    15	  2001	    24	     1	     0.000	    92.211	      20272.6	     126309.2	    36.000	    57.179	     0.000	    93.179	     0.020	   447.291	    10277802.0	    88789568.0	
    15	  2001	    25	     1	     0.000	    93.274	      36968.7	     114730.9	    36.000	    58.482	     0.000	    94.482	     0.020	   447.287	    10275458.0	    88761288.0	
    15	  2001	    26	     1	     0.000	    94.531	      31600.5	      18946.4	    36.000	    59.411	     0.000	    95.411	     0.020	   447.276	    10267963.0	    88670872.0	
    15	  2001	    27	     1	     0.000	    95.397	      46046.4	      64207.2	    36.000	    59.231	     0.000	    95.231	     0.020	   447.279	    10270518.0	    88701688.0	
    15	  2001	    28	     1	     0.000	    96.861	      46007.9	      44208.2	    36.000	    61.051	     0.000	    97.051	     0.020	   447.277	    10268863.0	    88681728.0	
    15	  2001	    29	     1	     0.000	    98.603	      40773.3	     115783.4	    36.000	    62.562	     0.000	    98.562	     0.020	   447.287	    10275231.0	    88758536.0	
    15	  2001	    30	     1	     0.000	   100.321	      43230.4	     164202.0	    36.000	    65.169	     0.000	   101.169	     0.020	   447.293	    10279040.0	    88804496.0	
    15	  2001	    31	     1	     0.000	   101.944	      56031.2	      69470.1	    36.000	    67.324	     0.000	   103.324	     0.020	   447.279	    10270127.0	    88696968.0	
