Year, day, hour, totallakeinflow(m**3/timestep), totallakeoutflow(m**3/timestep), totallakeprecip(m**3/timestep), totallakeevap(m**3/timestep), lakevol(m**3)
  2000     1     1   12093356.000   12093314.000         17.831         57.832        115.433
  2000     2     1   12112643.000   12112760.000        158.639         40.522        115.432
  2000     3     1   12135554.000   12135590.000         89.363         52.419        115.414
  2000     4     1   12157058.000   12157060.000         53.000         50.474        115.406
  2000     5     1   12198934.000   12199064.000        167.716         38.091        115.401
  2000     6     1   12254954.000   12255053.000        135.409         35.451        115.381
  2000     7     1   12322257.000   12322329.000        115.483         42.711        115.366
  2000     8     1   12395594.000   12395630.000         80.746         43.755        115.353
  2000     9     1   12473236.000   12473251.000         56.035         40.402        115.346
  2000    10     1   12543439.000   12543412.000         21.882         49.150        115.341
  2000    11     1   12607704.000   12607666.000         11.235         49.987        115.340
  2000    12     1   12665456.000   12665418.000         12.878         51.479        115.340
  2000    13     1   12716862.000   12716823.000         15.282         54.452        115.340
  2000    14     1   12761976.000   12761931.000         12.486         56.338        115.339
  2000    15     1   12801054.000   12801002.000          6.574         56.369        115.339
  2000    16     1   12834562.000   12834512.000          5.495         55.978        115.338
  2000    17     1   12864146.000   12864142.000         48.961         53.431        115.338
  2000    18     1   12905208.000   12905268.000        102.214         42.423        115.335
  2000    19     1   12960128.000   12960233.000        130.835         26.247        115.325
  2000    20     1   13008158.000   13008137.000         25.827         46.768        115.310
  2000    21     1   13052250.000   13052210.000         14.445         52.705        115.308
  2000    22     1   13090252.000   13090202.000          5.297         54.134        115.308
  2000    23     1   13122810.000   13122758.000          3.163         53.632        115.308
  2000    24     1   13149820.000   13149771.000          7.577         54.942        115.308
  2000    25     1   13170992.000   13170946.000         10.594         54.669        115.308
  2000    26     1   13187525.000   13187478.000          8.877         54.562        115.307
  2000    27     1   13199613.000   13199576.000         16.651         52.353        115.307
  2000    28     1   13216404.000   13216442.000         86.466         47.362        115.306
  2000    29     1   13251816.000   13251943.000        169.106         41.168        115.298
  2000    30     1   13299512.000   13299599.000        121.250         32.127        115.279
  2000    31     1   13357480.000   13357533.000         93.928         40.008        115.266
  2000    32     1   13414526.000   13414517.000         35.205         42.495        115.257
  2000    33     1   13466086.000   13466051.000         16.105         48.996        115.255
  2000    34     1   13511739.000   13511693.000          7.844         52.542        115.254
  2000    35     1   13551176.000   13551124.000          4.437         55.193        115.254
  2000    36     1   13584650.000   13584600.000          5.932         54.341        115.254
  2000    37     1   13611692.000   13611639.000          1.691         53.503        115.254
  2000    38     1   13637897.000   13637906.000         53.997         43.968        115.254
  2000    39     1   13966036.000   13966160.000        152.194         29.042        115.250
  2000    40     1   13760768.000   13760995.000        176.196         28.788         33.886
  2000    41     1   14346558.000   14346646.000         97.150          7.211         33.874
  2000    42     1   14548908.000   14549024.000         94.206         10.548          0.798
  2000    43     1   14169352.000   14169352.000          2.534          0.577          0.798
  2000    44     1   14494954.000   14494956.000          3.026          0.484          0.798
  2000    45     1   22803418.000   22803422.000          4.464          0.328          0.798
  2000    46     1   15151782.000   15151784.000          1.589          0.588          0.798
  2000    47     1   15269258.000   15269257.000          0.567          0.659          0.798
  2000    48     1   15435730.000   15435728.000          0.151          0.798          0.798
  2000    49     1   15641187.000   15641186.000          0.132          0.798          0.798
  2000    50     1   15830522.000   15830520.000          0.151          0.798          0.798
  2000    51     1   16003691.000   16003690.000          0.359          0.798          0.798
  2000    52     1   16151336.000   16151334.000          0.265          0.798          0.798
  2000    53     1   16290093.000   16290092.000          0.151          0.798          0.798
  2000    54     1   16413813.000   16413812.000          0.095          0.798          0.798
  2000    55     1   16522704.000   16522702.000          0.113          0.798          0.798
  2000    56     1   16618491.000   16618488.000          0.170          0.798          0.798
  2000    57     1   16702261.000   16702260.000          0.113          0.798          0.798
  2000    58     1   16775355.000   16775354.000          0.170          0.798          0.798
  2000    59     1   16839404.000   16839400.000          0.227          0.798          0.798
  2000    60     1   16895152.000   16895148.000          0.189          0.798          0.798
  2000    61     1   16942288.000   16942286.000          0.019          0.798          0.798
  2000    62     1   16980988.000   16980984.000          0.038          0.798          0.798
  2000    63     1   17012664.000   17012662.000          0.189          0.798          0.798
  2000    64     1   17039104.000   17039102.000          0.095          0.709          0.798
  2000    65     1   17060360.000   17060356.000          0.076          0.728          0.798
  2000    66     1   17076768.000   17076766.000          0.095          0.729          0.798
  2000    67     1   17088500.000   17088500.000          0.132          0.764          0.798
  2000    68     1   17095484.000   17095482.000          0.151          0.798          0.798
  2000    69     1   17097948.000   17097948.000          0.151          0.798          0.798
  2000    70     1   17096248.000   17096248.000          0.359          0.798          0.798
  2000    71     1   17090912.000   17090912.000          0.246          0.798          0.798
  2000    72     1   17082196.000   17082194.000          0.151          0.798          0.798
  2000    73     1   17070926.000   17070924.000          0.340          0.565          0.798
  2000    74     1   17056166.000   17056164.000          0.095          0.798          0.798
  2000    75     1   17038284.000   17038284.000          0.132          0.798          0.798
  2000    76     1   17017110.000   17017106.000          0.322          0.798          0.798
  2000    77     1   16993398.000   16993396.000          0.189          0.798          0.798
  2000    78     1   16967318.000   16967316.000          0.208          0.796          0.798
  2000    79     1   16938778.000   16938776.000          0.378          0.798          0.798
  2000    80     1   16912688.000   16912686.000          1.248          0.710          0.798
  2000    81     1   16884062.000   16884060.000          0.303          0.687          0.798
  2000    82     1   16853056.000   16853054.000          0.000          0.798          0.798
  2000    83     1   16819612.000   16819612.000          0.000          0.798          0.798
  2000    84     1   16784048.000   16784048.000          0.057          0.770          0.798
  2000    85     1   16745832.000   16745829.000          0.000          0.798          0.798
  2000    86     1   16704972.000   16704970.000          0.000          0.798          0.798
  2000    87     1   16661739.000   16661738.000          0.000          0.798          0.798
  2000    88     1   16616653.000   16616650.000          0.038          0.764          0.798
  2000    89     1   16569980.000   16569978.000          0.113          0.734          0.798
  2000    90     1   16521754.000   16521752.000          0.113          0.755          0.798
  2000    91     1   16472102.000   16472100.000          0.057          0.738          0.798
  2000    92     1   16420944.000   16420943.000          0.019          0.734          0.798
  2000    93     1   16368308.000   16368306.000          0.019          0.798          0.798
  2000    94     1   16314150.000   16314148.000          0.000          0.798          0.798
  2000    95     1   16258561.000   16258559.000          0.000          0.798          0.798
  2000    96     1   16201534.000   16201533.000          0.000          0.798          0.798
  2000    97     1   16142934.000   16142931.000          0.000          0.798          0.798
  2000    98     1   16082880.000   16082878.000          0.000          0.798          0.798
  2000    99     1   16021153.000   16021152.000          0.000          0.798          0.798
  2000   100     1   15958339.000   15958336.000          0.000          0.798          0.798
  2000   101     1   15894610.000   15894608.000          0.000          0.798          0.798
  2000   102     1   15830114.000   15830113.000          0.000          0.680          0.798
  2000   103     1   15764705.000   15764703.000          0.000          0.798          0.798
  2000   104     1   15698494.000   15698492.000          0.000          0.798          0.798
  2000   105     1   15631517.000   15631516.000          0.000          0.798          0.798
  2000   106     1   15563720.000   15563719.000          0.000          0.798          0.798
  2000   107     1   15495115.000   15495112.000          0.000          0.798          0.798
  2000   108     1   15425810.000   15425807.000          0.000          0.798          0.798
  2000   109     1   15356044.000   15356042.000          0.019          0.740          0.798
  2000   110     1   15285788.000   15285785.000          0.000          0.798          0.798
  2000   111     1   15215298.000   15215296.000          0.095          0.671          0.798
  2000   112     1   15144671.000   15144670.000          0.095          0.620          0.798
  2000   113     1   15073825.000   15073824.000          0.000          0.661          0.798
  2000   114     1   15002656.000   15002654.000          0.000          0.779          0.798
  2000   115     1   14931286.000   14931286.000          0.000          0.717          0.798
  2000   116     1   14859628.000   14859626.000          0.000          0.798          0.798
  2000   117     1   14787626.000   14787623.000          0.000          0.798          0.798
  2000   118     1   14715275.000   14715273.000          0.000          0.798          0.798
  2000   119     1   14642686.000   14642684.000          0.000          0.783          0.798
  2000   120     1   14569911.000   14569909.000          0.000          0.745          0.798
  2000   121     1   14496947.000   14496945.000          0.000          0.779          0.798
  2000   122     1   14423856.000   14423855.000          0.000          0.722          0.798
  2000   123     1   14350559.000   14350556.000          0.000          0.798          0.798
  2000   124     1   14277189.000   14277188.000          0.000          0.773          0.798
  2000   125     1   14203832.000   14203830.000          0.000          0.684          0.798
  2000   126     1   14130514.000   14130511.000          0.000          0.688          0.798
  2000   127     1   14057210.000   14057210.000          0.000          0.727          0.798
  2000   128     1   13984002.000   13984001.000          0.000          0.685          0.798
  2000   129     1   13910976.000   13910974.000          0.019          0.563          0.798
  2000   130     1   13838052.000   13838051.000          0.000          0.624          0.798
  2000   131     1   13765158.000   13765158.000          0.000          0.784          0.798
  2000   132     1   13692304.000   13692302.000          0.000          0.798          0.798
  2000   133     1   13619580.000   13619580.000          0.000          0.662          0.798
  2000   134     1   13546969.000   13546968.000          0.019          0.642          0.798
  2000   135     1   13474440.000   13474438.000          0.000          0.747          0.798
  2000   136     1   13402005.000   13402004.000          0.000          0.778          0.798
  2000   137     1   13329688.000   13329686.000          0.000          0.789          0.798
  2000   138     1   13257506.000   13257504.000          0.000          0.785          0.798
  2000   139     1   13185470.000   13185468.000          0.000          0.779          0.798
  2000   140     1   13113532.000   13113530.000          0.000          0.788          0.798
  2000   141     1   13041697.000   13041696.000          0.000          0.798          0.798
  2000   142     1   12970027.000   12970025.000          0.000          0.709          0.798
  2000   143     1   12898291.000   12898288.000          0.000          0.798          0.798
  2000   144     1   12826790.000   12826788.000          0.019          0.654          0.798
  2000   145     1   12755482.000   12755480.000          0.000          0.798          0.798
  2000   146     1   12684366.000   12684365.000          0.000          0.798          0.798
  2000   147     1   12613439.000   12613437.000          0.000          0.798          0.798
  2000   148     1   12542709.000   12542706.000          0.000          0.798          0.798
  2000   149     1   12472192.000   12472191.000          0.000          0.798          0.798
  2000   150     1   12401915.000   12401914.000          0.000          0.788          0.798
  2000   151     1   12331873.000   12331871.000          0.000          0.798          0.798
  2000   152     1   12262051.000   12262049.000          0.000          0.798          0.798
  2000   153     1   12192465.000   12192463.000          0.000          0.798          0.798
  2000   154     1   12123133.000   12123132.000          0.000          0.766          0.798
  2000   155     1   12054090.000   12054089.000          0.000          0.615          0.798
  2000   156     1   11985350.000   11985348.000          0.000          0.567          0.798
  2000   157     1   11916930.000   11916928.000          0.019          0.494          0.798
  2000   158     1   11848835.000   11848834.000          0.019          0.429          0.798
  2000   159     1   11781049.000   11781048.000          0.019          0.652          0.798
  2000   160     1   11713536.000   11713536.000          0.000          0.771          0.798
  2000   161     1   11646297.000   11646295.000          0.000          0.798          0.798
  2000   162     1   11579342.000   11579340.000          0.000          0.733          0.798
  2000   163     1   11512652.000   11512651.000          0.000          0.798          0.798
  2000   164     1   11446245.000   11446244.000          0.000          0.751          0.798
  2000   165     1   11380150.000   11380149.000          0.019          0.617          0.798
  2000   166     1   11314366.000   11314364.000          0.000          0.568          0.798
  2000   167     1   11248870.000   11248869.000          0.019          0.748          0.798
  2000   168     1   11183650.000   11183649.000          0.000          0.798          0.798
  2000   169     1   11118704.000   11118702.000          0.000          0.798          0.798
  2000   170     1   11054042.000   11054040.000          0.019          0.798          0.798
  2000   171     1   10989663.000   10989662.000          0.000          0.785          0.798
  2000   172     1   10925562.000   10925560.000          0.000          0.798          0.798
  2000   173     1   10861738.000   10861736.000          0.000          0.798          0.798
  2000   174     1   10798192.000   10798190.000          0.000          0.798          0.798
  2000   175     1   10734955.000   10734954.000          0.000          0.629          0.798
  2000   176     1   10672018.000   10672016.000          0.019          0.798          0.798
  2000   177     1   10609394.000   10609392.000          0.038          0.769          0.798
  2000   178     1   10547090.000   10547090.000          0.019          0.737          0.798
  2000   179     1   10485100.000   10485098.000          0.000          0.798          0.798
  2000   180     1   10423416.000   10423416.000          0.000          0.798          0.798
  2000   181     1   10362032.000   10362030.000          0.000          0.798          0.798
  2000   182     1   10300943.000   10300942.000          0.000          0.798          0.798
  2000   183     1   10240160.000   10240158.000          0.000          0.798          0.798
  2000   184     1   10179688.000   10179686.000          0.000          0.798          0.798
  2000   185     1   10119526.000   10119525.000          0.000          0.798          0.798
  2000   186     1   10059670.000   10059668.000          0.000          0.798          0.798
  2000   187     1   10000131.000   10000130.000          0.019          0.798          0.798
  2000   188     1    9940904.000    9940902.000          0.000          0.798          0.798
  2000   189     1    9881982.000    9881980.000          0.000          0.798          0.798
  2000   190     1    9823366.000    9823365.000          0.000          0.798          0.798
  2000   191     1    9765068.000    9765066.000          0.019          0.798          0.798
  2000   192     1    9707080.000    9707079.000          0.000          0.798          0.798
  2000   193     1    9649403.000    9649401.000          0.000          0.798          0.798
  2000   194     1    9592040.000    9592039.000          0.000          0.798          0.798
  2000   195     1    9535003.000    9535002.000          0.019          0.709          0.798
  2000   196     1    9478283.000    9478282.000          0.000          0.798          0.798
  2000   197     1    9421878.000    9421878.000          0.000          0.798          0.798
  2000   198     1    9365788.000    9365787.000          0.000          0.798          0.798
  2000   199     1    9310016.000    9310014.000          0.000          0.798          0.798
  2000   200     1    9254559.000    9254558.000          0.000          0.798          0.798
  2000   201     1    9199413.000    9199412.000          0.000          0.798          0.798
  2000   202     1    9144577.000    9144576.000          0.000          0.798          0.798
  2000   203     1    9090049.000    9090047.000          0.000          0.798          0.798
  2000   204     1    9035824.000    9035823.000          0.000          0.798          0.798
  2000   205     1    8981908.000    8981906.000          0.000          0.798          0.798
  2000   206     1    8928290.000    8928289.000          0.000          0.798          0.798
  2000   207     1    8874970.000    8874968.000          0.000          0.798          0.798
  2000   208     1    8821940.000    8821939.000          0.000          0.798          0.798
  2000   209     1    8769198.000    8769197.000          0.000          0.798          0.798
  2000   210     1    8716740.000    8716738.000          0.000          0.798          0.798
  2000   211     1    8664588.000    8664587.000          0.284          0.798          0.798
  2000   212     1    8612697.000    8612696.000          0.076          0.798          0.798
  2000   213     1    8561100.000    8561098.000          0.000          0.798          0.798
  2000   214     1    8509784.000    8509783.000          0.000          0.798          0.798
  2000   215     1    8458703.000    8458702.000          0.000          0.798          0.798
  2000   216     1    8407933.000    8407933.000          0.435          0.798          0.798
  2000   217     1    8357363.000    8357362.000          0.132          0.798          0.798
  2000   218     1    8306952.000    8306952.000          0.095          0.435          0.798
  2000   219     1    8256832.000    8256831.000          0.927          0.705          0.798
  2000   220     1    8207970.000    8207972.000          3.442          0.593          0.798
  2000   221     1    8158782.500    8158782.500          1.267          0.494          0.796
  2000   222     1    8109399.500    8109398.000          0.057          0.796          0.796
  2000   223     1    8060886.000    8060885.500          0.019          0.796          0.796
  2000   224     1    8012638.000    8012636.500          0.000          0.796          0.796
  2000   225     1    7964646.500    7964645.000          0.000          0.796          0.796
  2000   226     1    7916908.500    7916907.000          0.000          0.796          0.796
  2000   227     1    7869424.500    7869423.000          0.000          0.796          0.796
  2000   228     1    7822190.000    7822189.000          0.000          0.796          0.796
  2000   229     1    7775203.000    7775203.000          0.000          0.796          0.796
  2000   230     1    7728464.000    7728462.500          0.000          0.796          0.796
  2000   231     1    7681974.000    7681973.000          0.000          0.796          0.796
  2000   232     1    7635730.000    7635729.500          0.000          0.796          0.796
  2000   233     1    7589729.500    7589728.500          0.000          0.796          0.796
  2000   234     1    7543971.000    7543970.000          0.000          0.796          0.796
  2000   235     1    7498452.000    7498451.000          0.000          0.796          0.796
  2000   236     1    7453171.500    7453170.000          0.000          0.796          0.796
  2000   237     1    7408129.000    7408128.000          0.000          0.796          0.796
  2000   238     1    7363326.000    7363325.000          0.000          0.796          0.796
  2000   239     1    7318768.000    7318767.500          0.019          0.796          0.796
  2000   240     1    7274439.000    7274438.000          0.000          0.796          0.796
  2000   241     1    7230376.000    7230375.000          0.113          0.773          0.796
  2000   242     1    7186443.000    7186442.000          0.000          0.796          0.796
  2000   243     1    7142723.000    7142722.000          0.000          0.796          0.796
  2000   244     1    7099251.500    7099250.500          0.019          0.796          0.796
  2000   245     1    7056030.000    7056028.500          0.000          0.749          0.796
  2000   246     1    7013050.000    7013049.000          0.000          0.796          0.796
  2000   247     1    6970312.000    6970311.000          0.019          0.796          0.796
  2000   248     1    6927822.000    6927821.000          0.151          0.796          0.796
  2000   249     1    6886087.500    6886088.500          2.285          0.796          0.796
  2000   250     1    6844349.000    6844349.000          1.567          0.699          0.795
  2000   251     1    6802178.000    6802178.000          0.170          0.795          0.795
  2000   252     1    6760806.000    6760805.000          0.000          0.795          0.795
  2000   253     1    6719669.500    6719668.000          0.000          0.795          0.795
  2000   254     1    6678756.000    6678755.000          0.000          0.795          0.795
  2000   255     1    6638067.000    6638066.000          0.000          0.795          0.795
  2000   256     1    6597600.000    6597599.000          0.000          0.795          0.795
  2000   257     1    6557356.000    6557355.000          0.000          0.795          0.795
  2000   258     1    6517259.000    6517257.500          0.000          0.795          0.795
  2000   259     1    6477168.000    6477167.000          0.000          0.795          0.795
  2000   260     1    6437316.500    6437314.500          0.000          0.795          0.795
  2000   261     1    6397703.500    6397702.000          0.000          0.795          0.795
  2000   262     1    6358329.000    6358328.000          0.000          0.795          0.795
  2000   263     1    6319191.000    6319190.000          0.000          0.795          0.795
  2000   264     1    6280289.500    6280288.000          0.000          0.795          0.795
  2000   265     1    6241622.000    6241621.000          0.019          0.795          0.795
  2000   266     1    6203197.000    6203196.000          0.170          0.795          0.795
  2000   267     1    6164990.500    6164989.500          0.038          0.795          0.795
  2000   268     1    6127023.000    6127022.000          0.019          0.795          0.795
  2000   269     1    6089287.000    6089286.500          0.019          0.795          0.795
  2000   270     1    6051779.500    6051778.500          0.000          0.795          0.795
  2000   271     1    6014501.000    6014500.000          0.019          0.795          0.795
  2000   272     1    5977478.000    5977477.000          0.415          0.795          0.795
  2000   273     1    5941499.000    5941502.000          3.131          0.445          0.795
  2000   274     1    5905216.500    5905217.500          1.717          0.649          0.793
  2000   275     1    5869005.500    5869006.000          1.357          0.584          0.793
  2000   276     1    5832181.000    5832180.500          0.508          0.793          0.792
  2000   277     1    5796276.000    5796275.000          0.452          0.792          0.792
  2000   278     1    5761662.000    5761663.000          2.447          0.607          0.792
  2000   279     1   10743711.000   10743714.000          3.558          0.394          0.791
  2000   280     1    5693076.000    5693078.500          3.555          0.359          0.789
  2000   281     1    5659408.500    5659411.000          2.912          0.587          0.788
  2000   282     1    5626444.000    5626446.000          3.320          0.475          0.787
  2000   283     1    5592185.000    5592184.500          0.337          0.528          0.785
  2000   284     1    5559565.000    5559564.000          0.225          0.718          0.785
  2000   285     1    5528560.500    5528561.000          1.348          0.675          0.785
  2000   286     1    5496196.000    5496196.000          0.786          0.785          0.785
  2000   287     1    5465394.500    5465395.000          1.459          0.785          0.784
  2000   288     1    5434732.000    5434733.000          2.020          0.664          0.784
  2000   289     1    5405894.500    5405898.500          4.674          0.640          0.783
  2000   290     1    5378797.500    5378801.500          4.503          0.460          0.781
  2000   291     1    5350939.500    5350940.000          1.641          0.781          0.778
  2000   292     1    5323612.000    5323611.000          0.093          0.778          0.778
  2000   293     1    5296889.500    5296889.000          0.353          0.778          0.778
  2000   294     1    5270190.500    5270190.000          0.651          0.778          0.778
  2000   295     1    5243407.000    5243406.000          0.167          0.778          0.777
  2000   296     1    5216618.500    5216618.000          0.019          0.777          0.777
  2000   297     1    5189794.000    5189792.500          0.019          0.777          0.777
  2000   298     1    5162917.000    5162916.000          0.000          0.777          0.777
  2000   299     1    5136033.000    5136032.000          0.074          0.777          0.777
  2000   300     1    5109208.500    5109208.000          0.446          0.777          0.777
  2000   301     1    5084223.000    5084226.000          3.906          0.777          0.777
  2000   302     1    5059625.500    5059627.000          2.660          0.762          0.775
  2000   303     1    5034065.500    5034065.500          0.668          0.775          0.774
  2000   304     1    5009722.000    5009722.000          0.761          0.774          0.774
  2000   305     1    4985744.500    4985745.000          1.168          0.774          0.774
  2000   306     1    4963185.500    4963186.500          2.170          0.765          0.773
  2000   307     1    4941598.000    4941599.500          2.169          0.723          0.772
  2000   308     1    4921552.000    4921553.500          2.760          0.772          0.772
  2000   309     1    5145668.000    5145671.000          3.295          0.713          0.770
  2000   310     1    4889581.000    4889582.000          1.849          0.638          0.769
  2000   311     1    4879289.000    4879291.500          3.970          0.592          0.768
  2000   312     1    4870339.000    4870341.000          2.104          0.577          0.766
  2000   313     1    4860859.500    4860859.000          0.829          0.766          0.765
  2000   314     1    4854130.500    4854131.000          1.510          0.765          0.765
  2000   315     1    9600680.000    9600684.000          5.043          0.528          0.764
  2000   316     1    4863909.500    4863911.500          1.950          0.598          0.000
  2000   317     1    4874102.000    4874101.500          0.000          0.000          0.000
  2000   318     1    4890299.500    4890299.500          0.000          0.000          0.000
  2000   319     1    4913484.000    4913484.000          0.000          0.000          0.000
  2000   320     1    4940348.500    4940348.000          0.000          0.000          0.000
  2000   321     1    4972301.000    4972301.000          0.000          0.000          0.000
  2000   322     1    5007141.000    5007141.000          0.000          0.000          0.000
  2000   323     1    5051325.000    5051324.000          0.000          0.000          0.000
  2000   324     1    5099284.000    5099284.000          0.000          0.000          0.000
  2000   325     1    5154082.500    5154082.000          0.000          0.000          0.000
  2000   326     1    5212501.500    5212501.000          0.000          0.000          0.000
  2000   327     1    5266365.000    5266365.000          0.000          0.000          0.000
  2000   328     1    5317265.000    5317264.500          0.000          0.000          0.000
  2000   329     1    5364520.000    5364520.000          0.000          0.000          0.000
  2000   330     1    5407559.000    5407558.000          0.000          0.000          0.000
  2000   331     1    5446326.500    5446326.000          0.000          0.000          0.000
  2000   332     1    5481063.000    5481062.000          0.000          0.000          0.000
  2000   333     1    5512095.000    5512095.000          0.000          0.000          0.000
  2000   334     1    5540674.500    5540674.500          0.000          0.000          0.000
  2000   335     1    5583575.500    5583575.000          0.000          0.000          0.000
  2001     1     1    5638468.500    5638468.500          0.000          0.000          0.000
  2001     2     1    8380149.000    8380148.000          0.000          0.000          0.000
  2001     3     1    5819303.500    5819303.000          0.000          0.000          0.000
  2001     4     1    5932024.000    5932023.500          0.000          0.000          0.000
  2001     5     1    6038257.500    6038257.000          0.000          0.000          0.000
  2001     6     1    6141202.500    6141202.000          0.000          0.000          0.000
  2001     7     1    6239355.000    6239354.500          0.000          0.000          0.000
  2001     8     1    6332998.000    6332997.000          0.000          0.000          0.000
  2001     9     1    6422950.000    6422949.000          0.000          0.000          0.000
  2001    10     1    6509960.000    6509958.500          0.000          0.000          0.000
  2001    11     1    6593229.500    6593229.000          0.000          0.000          0.000
  2001    12     1    6672489.000    6672489.000          0.000          0.000          0.000
  2001    13     1    6747882.000    6747882.000          0.000          0.000          0.000
  2001    14     1    6819604.000    6819603.000          0.000          0.000          0.000
  2001    15     1    6886795.500    6886795.000          0.000          0.000          0.000
  2001    16     1    6949422.500    6949422.000          0.000          0.000          0.000
  2001    17     1    7013188.000    7013187.500          0.000          0.000          0.000
  2001    18     1    7081172.000    7081172.000          0.000          0.000          0.000
  2001    19     1    7152586.500    7152586.000          0.000          0.000          0.000
  2001    20     1   10497077.000   10497076.000          0.000          0.000          0.000
  2001    21     1    8068553.000    8068553.000          0.000          0.000          0.000
  2001    22     1    8925665.000    8925664.000          0.000          0.000          0.000
  2001    23     1    7959103.500    7959102.500          0.000          0.000          0.000
  2001    24     1    8056279.000    8056279.000          0.000          0.000          0.000
  2001    25     1    8355484.000    8355483.000          0.000          0.000          0.000
  2001    26     1    8612906.000    8612906.000          0.000          0.000          0.000
  2001    27     1    8898585.000    8898584.000          0.000          0.000          0.000
  2001    28     1    9148363.000    9148362.000          0.000          0.000          0.000
  2001    29     1    9444788.000    9444788.000          0.000          0.000          0.000
  2001    30     1    9963358.000    9963356.000          0.000          0.000          0.000
  2001    31     1   10125074.000   10125074.000          0.000          0.000          0.000
