Year, day, hour, outflow_r(m**3/timestep)
  2000     1     1    2418668.000    2900072.500    3620751.500    4818048.500    4625132.500
  2000     2     1    2422550.500    2904745.250    3626567.500    4825816.000    4637516.500
  2000     3     1    2427121.250    2910217.000    3633408.750    4834899.500    4651500.500
  2000     4     1    2431416.000    2915364.250    3639840.250    4843448.000    4663761.000
  2000     5     1    2439812.500    2925447.750    3652412.000    4860197.500    4684580.500
  2000     6     1    2451010.250    2938871.250    3669175.500    4882501.000    4710793.500
  2000     7     1    2464468.000    2955004.500    3689321.250    4909299.500    4739570.500
  2000     8     1    2479126.750    2972573.000    3711262.500    4938504.000    4773175.500
  2000     9     1    2494650.500    2991185.000    3734501.750    4969426.500    4810016.000
  2000    10     1    2508685.500    3008008.250    3755510.500    4997372.500    4843643.000
  2000    11     1    2521537.000    3023416.500    3774750.000    5022970.000    4874714.500
  2000    12     1    2533087.750    3037266.500    3792041.500    5045978.000    4902911.500
  2000    13     1    2543369.250    3049594.250    3807431.250    5066458.500    4928458.500
  2000    14     1    2552391.250    3060412.250    3820937.500    5084428.500    4951239.500
  2000    15     1    2560206.000    3069781.500    3832636.000    5099994.000    4971419.500
  2000    16     1    2566907.750    3077817.250    3842668.750    5113344.000    4989184.500
  2000    17     1    2572832.500    3084926.250    3851539.000    5125154.500    5005355.500
  2000    18     1    2581054.250    3094792.000    3863849.500    5141547.500    5027006.000
  2000    19     1    2592046.250    3107983.000    3880310.500    5163448.000    5052623.500
  2000    20     1    2601630.500    3119454.250    3894650.500    5182522.500    5075704.500
  2000    21     1    2610446.250    3130022.500    3907846.500    5200079.500    5096992.500
  2000    22     1    2618045.500    3139133.500    3919222.750    5215214.000    5115797.000
  2000    23     1    2624556.500    3146940.500    3928970.500    5228184.000    5132291.500
  2000    24     1    2629959.500    3153419.250    3937058.250    5238946.500    5146314.000
  2000    25     1    2634194.250    3158497.000    3943397.500    5247383.000    5157690.500
  2000    26     1    2637500.500    3162461.250    3948347.000    5253969.000    5167077.500
  2000    27     1    2639920.000    3165363.000    3951969.500    5258790.500    5174485.500
  2000    28     1    2643291.000    3169413.750    3957017.000    5265518.000    5184386.000
  2000    29     1    2650388.000    3177934.000    3967643.000    5279673.000    5202512.500
  2000    30     1    2659919.500    3189362.750    3981916.000    5298653.500    5224778.000
  2000    31     1    2671505.750    3203245.250    3999255.000    5321735.000    5254334.000
  2000    32     1    2682905.250    3216907.500    4016320.500    5344429.500    5283606.000
  2000    33     1    2693214.000    3229265.000    4031751.500    5364957.000    5310277.000
  2000    34     1    2702343.250    3240210.000    4045417.000    5383139.000    5334359.500
  2000    35     1    2710230.000    3249666.500    4057223.250    5398847.500    5355656.000
  2000    36     1    2716925.000    3257694.000    4067246.000    5412185.000    5374262.500
  2000    37     1    2722332.500    3264177.500    4075341.500    5422957.000    5389885.000
  2000    38     1    2727583.500    3270481.250    4083204.750    5433429.500    5405641.500
  2000    39     1    2793228.000    3349204.500    4181475.500    5564223.500    5599561.500
  2000    40     1    2752184.500    3300004.000    4120043.500    5482498.500    5471309.500
  2000    41     1    2869330.750    3440459.500    4295410.000    5715800.000    5521729.500
  2000    42     1    2909802.500    3488991.250    4356005.000    5796433.000    5580969.000
  2000    43     1    2833870.250    3397926.000    4242320.500    5645161.500    5652139.500
  2000    44     1    2898990.500    3476008.000    4339806.500    5774884.000    5809555.500
  2000    45     1    4560684.000    5468446.000    6827370.500    9085031.000   10708700.000
  2000    46     1    3030356.500    3633521.000    4536462.000    6036567.500    6111271.500
  2000    47     1    3053851.500    3661692.500    4571634.000    6083369.000    6141014.500
  2000    48     1    3087146.000    3701613.750    4621476.000    6149692.000    6203894.000
  2000    49     1    3128237.500    3750884.000    4682990.000    6231547.500    6293320.500
  2000    50     1    3166104.250    3796288.000    4739677.000    6306979.000    6375909.000
  2000    51     1    3200738.000    3837815.500    4791524.000    6375971.000    6451331.000
  2000    52     1    3230267.000    3873222.000    4835729.000    6434794.000    6514092.000
  2000    53     1    3258018.500    3906497.000    4877273.500    6490076.000    6574074.000
  2000    54     1    3282762.500    3936166.000    4914315.000    6539366.000    6627467.000
  2000    55     1    3304541.000    3962279.250    4946917.000    6582749.500    6674223.000
  2000    56     1    3323698.250    3985249.750    4975596.000    6620911.500    6715151.000
  2000    57     1    3340452.000    4005338.500    5000677.000    6654286.000    6750978.000
  2000    58     1    3355071.000    4022866.750    5022561.500    6683407.000    6782034.000
  2000    59     1    3367880.500    4038226.000    5041737.000    6708924.500    6809200.000
  2000    60     1    3379030.000    4051594.750    5058428.500    6731134.500    6832961.500
  2000    61     1    3388457.500    4062898.750    5072541.000    6749914.000    6853043.000
  2000    62     1    3396197.500    4072179.500    5084128.000    6765332.000    6869410.500
  2000    63     1    3402533.000    4079775.500    5093612.000    6777953.000    6882683.500
  2000    64     1    3407820.750    4086116.000    5101528.000    6788486.500    6893738.000
  2000    65     1    3412071.750    4091213.000    5107892.000    6796954.000    6902525.000
  2000    66     1    3415353.500    4095147.750    5112804.500    6803491.500    6909192.000
  2000    67     1    3417700.250    4097962.000    5116317.500    6808166.000    6913865.000
  2000    68     1    3419096.750    4099636.500    5118408.000    6810949.000    6916531.000
  2000    69     1    3419589.750    4100227.500    5119146.500    6811931.000    6917305.000
  2000    70     1    3419249.750    4099820.000    5118637.500    6811254.000    6916329.000
  2000    71     1    3418182.500    4098540.000    5117040.000    6809127.000    6913949.500
  2000    72     1    3416439.000    4096449.500    5114430.000    6805654.000    6910223.000
  2000    73     1    3414185.000    4093747.000    5111055.500    6801165.000    6905527.000
  2000    74     1    3411233.000    4090207.250    5106636.000    6795284.000    6899487.000
  2000    75     1    3407657.000    4085919.500    5101282.500    6788160.000    6892238.000
  2000    76     1    3403421.750    4080841.250    5094942.500    6779723.500    6883656.000
  2000    77     1    3398679.500    4075155.000    5087843.000    6770276.500    6874119.000
  2000    78     1    3393463.500    4068901.250    5080035.500    6759887.000    6863729.500
  2000    79     1    3387755.750    4062057.250    5071491.000    6748517.000    6852440.000
  2000    80     1    3382537.500    4055800.250    5063679.000    6738122.000    6843047.000
  2000    81     1    3376812.500    4048935.750    5055108.500    6726717.000    6832497.000
  2000    82     1    3370611.250    4041500.250    5045825.000    6714363.500    6820955.000
  2000    83     1    3363922.500    4033480.500    5035812.500    6701039.500    6808247.000
  2000    84     1    3356809.500    4024951.500    5025164.000    6686870.500    6794536.500
  2000    85     1    3349166.250    4015787.000    5013722.000    6671644.500    6779686.000
  2000    86     1    3340994.500    4005988.250    5001488.500    6655366.000    6763702.000
  2000    87     1    3332347.750    3995620.750    4988544.500    6638142.000    6746692.000
  2000    88     1    3323330.500    3984808.750    4975045.500    6620179.000    6728870.000
  2000    89     1    3313995.750    3973616.000    4961071.000    6601583.500    6710375.500
  2000    90     1    3304350.750    3962051.000    4946633.000    6582371.000    6691229.500
  2000    91     1    3294420.500    3950144.500    4931767.000    6562589.000    6671436.000
  2000    92     1    3284189.000    3937876.500    4916450.000    6542207.500    6651005.000
  2000    93     1    3273661.750    3925254.000    4900691.000    6521236.500    6629921.000
  2000    94     1    3262830.000    3912266.000    4884475.500    6499659.500    6608186.000
  2000    95     1    3251712.000    3898935.500    4867832.500    6477513.000    6585836.500
  2000    96     1    3240306.750    3885259.750    4850758.500    6454793.000    6562887.500
  2000    97     1    3228586.500    3871207.000    4833213.000    6431446.000    6539287.000
  2000    98     1    3216575.750    3856805.500    4815233.000    6407520.000    6515085.000
  2000    99     1    3204230.750    3842003.000    4796752.000    6382928.500    6490318.000
  2000   100     1    3191667.750    3826939.750    4777945.500    6357903.000    6465088.000
  2000   101     1    3178922.000    3811657.000    4758865.000    6332512.000    6439455.500
  2000   102     1    3166022.750    3796190.500    4739555.000    6306817.000    6413511.000
  2000   103     1    3152941.000    3780504.750    4719971.500    6280757.000    6387177.000
  2000   104     1    3139699.000    3764626.750    4700148.000    6254378.500    6360498.000
  2000   105     1    3126303.250    3748565.250    4680095.000    6227694.500    6333484.000
  2000   106     1    3112744.250    3732307.250    4659797.000    6200684.500    6306117.000
  2000   107     1    3099023.000    3715854.750    4639256.000    6173351.000    6278413.000
  2000   108     1    3085161.750    3699234.750    4618505.000    6145739.500    6250423.000
  2000   109     1    3071208.750    3682504.250    4597617.500    6117944.000    6222252.000
  2000   110     1    3057157.500    3665656.250    4576583.000    6089954.000    6193865.000
  2000   111     1    3043059.500    3648752.500    4555478.000    6061870.500    6165376.000
  2000   112     1    3028934.000    3631815.500    4534332.500    6033732.000    6136814.000
  2000   113     1    3014765.000    3614826.000    4513121.000    6005507.000    6108135.000
  2000   114     1    3000531.000    3597759.000    4491813.000    5977152.500    6079315.000
  2000   115     1    2986257.500    3580644.000    4470445.500    5948718.500    6050393.000
  2000   116     1    2971925.500    3563459.750    4448990.000    5920169.500    6021335.500
  2000   117     1    2957525.000    3546193.000    4427432.500    5891482.500    5992127.000
  2000   118     1    2943055.000    3528843.000    4405770.500    5862658.000    5962773.000
  2000   119     1    2928537.000    3511435.500    4384037.500    5833738.500    5933329.500
  2000   120     1    2913982.250    3493983.500    4362249.000    5804744.500    5903802.500
  2000   121     1    2899389.250    3476486.000    4340403.000    5775675.000    5874193.000
  2000   122     1    2884771.250    3458958.250    4318520.000    5746555.000    5844536.000
  2000   123     1    2870111.750    3441381.000    4296574.000    5717353.000    5814797.000
  2000   124     1    2855438.000    3423786.250    4274607.500    5688122.000    5785027.000
  2000   125     1    2840766.250    3406194.750    4252644.000    5658896.000    5755261.000
  2000   126     1    2826102.750    3388612.000    4230692.000    5629685.500    5725501.000
  2000   127     1    2811442.000    3371034.000    4208746.000    5600481.500    5695751.000
  2000   128     1    2796800.500    3353477.750    4186827.000    5571314.500    5666030.000
  2000   129     1    2782195.000    3335965.250    4164962.750    5542220.000    5636375.500
  2000   130     1    2767610.500    3318477.750    4143129.250    5513167.500    5606761.000
  2000   131     1    2753031.500    3300997.250    4121305.000    5484126.000    5577157.000
  2000   132     1    2738461.000    3283526.000    4099492.000    5455100.000    5547566.000
  2000   133     1    2723916.000    3266086.500    4077719.000    5426127.000    5518021.000
  2000   134     1    2709393.750    3248673.500    4055978.500    5397198.000    5488526.000
  2000   135     1    2694887.750    3231280.250    4034263.250    5368301.500    5459063.000
  2000   136     1    2680401.000    3213910.000    4012576.500    5339443.500    5429640.500
  2000   137     1    2665937.500    3196567.750    3990924.250    5310631.500    5400263.500
  2000   138     1    2651501.250    3179258.000    3969313.000    5281874.000    5370942.000
  2000   139     1    2637094.000    3161983.000    3947745.250    5253174.000    5341676.000
  2000   140     1    2622706.250    3144731.750    3926207.000    5224513.500    5312441.000
  2000   141     1    2608339.250    3127505.250    3904699.500    5195894.000    5283242.500
  2000   142     1    2594005.000    3110318.000    3883241.250    5167340.000    5254113.500
  2000   143     1    2579658.000    3093115.250    3861763.250    5138760.000    5224919.000
  2000   144     1    2565357.750    3075968.750    3840356.000    5110274.000    5195825.000
  2000   145     1    2551096.500    3058868.500    3819006.500    5081864.000    5166814.500
  2000   146     1    2536873.250    3041814.500    3797714.500    5053531.000    5137885.000
  2000   147     1    2522687.750    3024805.500    3776478.500    5025273.000    5109035.000
  2000   148     1    2508541.750    3007843.750    3755302.000    4997094.000    5080267.000
  2000   149     1    2494438.500    2990933.500    3734189.250    4969000.000    5051589.500
  2000   150     1    2480383.000    2974080.500    3713148.500    4941001.000    5023011.000
  2000   151     1    2466374.500    2957283.500    3692177.250    4913095.500    4994530.000
  2000   152     1    2452410.000    2940539.500    3671272.500    4885278.000    4966141.000
  2000   153     1    2438493.000    2923852.500    3650438.250    4857554.500    4937852.500
  2000   154     1    2424626.500    2907226.000    3629680.500    4829932.500    4909668.500
  2000   155     1    2410818.000    2890669.250    3609009.000    4802425.500    4881604.000
  2000   156     1    2397069.750    2874184.500    3588427.750    4775039.000    4853664.000
  2000   157     1    2383386.000    2857776.750    3567942.750    4747780.000    4825857.000
  2000   158     1    2369767.000    2841447.250    3547555.250    4720650.500    4798187.000
  2000   159     1    2356209.750    2825191.500    3527260.000    4693644.000    4770640.000
  2000   160     1    2342707.250    2809001.500    3507046.750    4666746.500    4743207.000
  2000   161     1    2329259.250    2792876.750    3486915.000    4639957.500    4715885.500
  2000   162     1    2315868.250    2776820.500    3466868.500    4613282.500    4688682.000
  2000   163     1    2302530.500    2760828.000    3446901.750    4586713.000    4661588.500
  2000   164     1    2289249.000    2744902.750    3427019.500    4560256.000    4634615.000
  2000   165     1    2276030.000    2729052.750    3407230.500    4533923.000    4607767.000
  2000   166     1    2262873.000    2713277.000    3387534.500    4507714.500    4581050.000
  2000   167     1    2249774.000    2697571.000    3367925.250    4481621.000    4554451.500
  2000   168     1    2236730.000    2681930.500    3348398.250    4455636.500    4527969.000
  2000   169     1    2223740.750    2666355.500    3328953.250    4429761.000    4501599.500
  2000   170     1    2210808.250    2650849.250    3309593.250    4403999.500    4475347.000
  2000   171     1    2197932.500    2635410.750    3290318.250    4378351.000    4449210.500
  2000   172     1    2185112.250    2620038.500    3271126.000    4352812.000    4423188.500
  2000   173     1    2172347.500    2604733.250    3252017.250    4327385.000    4397282.000
  2000   174     1    2159638.250    2589494.250    3232991.250    4302067.000    4371490.000
  2000   175     1    2146991.000    2574329.500    3214058.250    4276873.000    4345828.000
  2000   176     1    2134403.500    2559236.750    3195215.000    4251799.000    4320289.000
  2000   177     1    2121878.750    2544219.000    3176465.000    4226849.000    4294879.500
  2000   178     1    2109418.250    2529278.250    3157811.500    4202027.000    4269600.000
  2000   179     1    2097020.000    2514412.250    3139251.000    4177329.250    4244445.500
  2000   180     1    2084683.250    2499620.250    3120783.500    4152754.500    4219417.500
  2000   181     1    2072406.375    2484899.750    3102404.500    4128298.500    4194512.500
  2000   182     1    2060188.500    2470250.000    3084114.500    4103960.000    4169729.000
  2000   183     1    2048031.750    2455673.750    3065916.000    4079744.000    4145071.000
  2000   184     1    2035937.500    2441172.000    3047810.500    4055651.250    4120540.500
  2000   185     1    2023905.250    2426745.000    3029798.500    4031683.000    4096136.750
  2000   186     1    2011933.875    2412390.500    3011877.000    4007835.500    4071857.750
  2000   187     1    2000026.250    2398113.000    2994051.250    3984115.000    4047708.250
  2000   188     1    1988180.750    2383909.750    2976318.250    3960518.250    4023685.500
  2000   189     1    1976396.250    2369779.500    2958677.000    3937043.500    3999788.000
  2000   190     1    1964673.250    2355723.250    2941127.750    3913690.750    3976015.500
  2000   191     1    1953013.500    2341742.750    2923673.000    3890464.250    3952372.500
  2000   192     1    1941416.000    2327836.750    2906311.500    3867361.500    3928856.250
  2000   193     1    1929880.500    2314005.500    2889042.750    3844382.500    3905467.250
  2000   194     1    1918408.000    2300249.500    2871868.000    3821528.750    3882206.000
  2000   195     1    1907000.750    2286571.500    2854791.250    3798805.000    3859077.000
  2000   196     1    1895656.500    2272969.500    2837809.000    3776207.250    3836077.250
  2000   197     1    1884375.750    2259443.250    2820921.750    3753735.500    3813206.000
  2000   198     1    1873157.750    2245992.500    2804128.250    3731388.500    3790462.750
  2000   199     1    1862003.125    2232617.500    2787429.750    3709168.500    3767849.000
  2000   200     1    1850911.750    2219318.750    2770826.000    3687074.000    3745363.500
  2000   201     1    1839882.750    2206094.250    2754315.250    3665104.000    3723004.250
  2000   202     1    1828915.250    2192944.000    2737897.000    3643256.500    3700771.500
  2000   203     1    1818009.750    2179867.750    2721571.250    3621532.250    3678663.750
  2000   204     1    1807164.875    2166864.250    2705336.500    3599929.000    3656680.000
  2000   205     1    1796381.500    2153934.750    2689194.000    3578448.250    3634821.250
  2000   206     1    1785658.000    2141076.750    2673140.500    3557086.500    3613084.750
  2000   207     1    1774994.000    2128290.000    2657176.500    3535843.500    3591469.500
  2000   208     1    1764388.000    2115573.250    2641299.500    3514716.250    3569973.250
  2000   209     1    1753839.500    2102925.000    2625508.250    3493703.250    3548593.750
  2000   210     1    1743347.750    2090345.000    2609802.000    3472803.500    3527331.000
  2000   211     1    1732917.625    2077838.875    2594188.000    3452026.500    3506198.000
  2000   212     1    1722539.250    2065394.750    2578651.750    3431352.250    3485166.000
  2000   213     1    1712219.875    2053021.375    2563203.500    3410795.500    3464256.500
  2000   214     1    1701956.750    2040715.500    2547839.500    3390351.000    3443462.750
  2000   215     1    1691740.625    2028466.000    2532546.000    3370000.250    3422783.500
  2000   216     1    1681586.750    2016291.000    2517345.500    3349773.750    3402237.500
  2000   217     1    1671472.625    2004163.750    2502204.500    3329625.750    3381783.000
  2000   218     1    1661390.500    1992074.875    2487111.500    3309542.250    3361462.000
  2000   219     1    1651366.250    1980055.500    2472105.250    3289574.250    3341293.000
  2000   220     1    1641594.000    1968338.000    2457476.000    3270110.250    3321778.000
  2000   221     1    1631756.500    1956542.500    2442749.000    3250511.500    3302082.000
  2000   222     1    1621879.875    1944700.125    2427963.750    3230835.500    3282176.500
  2000   223     1    1612177.250    1933066.375    2413439.000    3211507.750    3262732.500
  2000   224     1    1602527.500    1921495.750    2398993.250    3192285.000    3243390.500
  2000   225     1    1592929.250    1909987.000    2384624.500    3173164.750    3224146.000
  2000   226     1    1583381.625    1898539.125    2370331.750    3154145.750    3204998.750
  2000   227     1    1573884.875    1887152.000    2356115.000    3135228.000    3185948.500
  2000   228     1    1564438.000    1875824.875    2341973.000    3116409.000    3166993.000
  2000   229     1    1555040.750    1864557.250    2327905.500    3097690.000    3148132.500
  2000   230     1    1545692.750    1853348.750    2313911.500    3079068.500    3129366.000
  2000   231     1    1536394.750    1842200.000    2299992.000    3060546.500    3110695.250
  2000   232     1    1527146.000    1831110.375    2286146.750    3042122.750    3092119.000
  2000   233     1    1517945.875    1820079.000    2272374.000    3023796.000    3073634.750
  2000   234     1    1508794.250    1809105.750    2258674.000    3005565.500    3055243.500
  2000   235     1    1499690.250    1798189.875    2245045.500    2987430.000    3036943.000
  2000   236     1    1490634.250    1787331.250    2231488.250    2969390.000    3018733.750
  2000   237     1    1481625.750    1776529.750    2218002.500    2951444.750    3000615.500
  2000   238     1    1472665.250    1765785.625    2204588.500    2933595.000    2982589.000
  2000   239     1    1463753.625    1755100.250    2191248.000    2915843.000    2964657.500
  2000   240     1    1454887.750    1744469.750    2177975.750    2898182.000    2946823.750
  2000   241     1    1446075.000    1733903.000    2164783.250    2880627.000    2929093.000
  2000   242     1    1437288.625    1723367.625    2151629.500    2863123.750    2911450.750
  2000   243     1    1428544.625    1712883.250    2138539.750    2845705.500    2893905.000
  2000   244     1    1419850.375    1702458.250    2125524.250    2828386.000    2876453.250
  2000   245     1    1411206.000    1692093.500    2112583.750    2811166.500    2859097.000
  2000   246     1    1402610.000    1681786.500    2099715.500    2794043.000    2841831.750
  2000   247     1    1394062.500    1671537.750    2086919.875    2777016.000    2824657.750
  2000   248     1    1385564.375    1661348.250    2074198.250    2760087.750    2807578.500
  2000   249     1    1377217.500    1651339.875    2061702.875    2743462.500    2790875.000
  2000   250     1    1368869.750    1641330.625    2049206.125    2726833.000    2774115.000
  2000   251     1    1360435.625    1631217.750    2036580.250    2710030.500    2757117.750
  2000   252     1    1352161.125    1621296.375    2024193.375    2693547.500    2740497.000
  2000   253     1    1343933.750    1611431.375    2011876.875    2677158.000    2723966.000
  2000   254     1    1335751.250    1601620.250    1999627.500    2660858.000    2707518.000
  2000   255     1    1327613.375    1591862.625    1987445.250    2644647.250    2691153.250
  2000   256     1    1319520.000    1582158.250    1975329.250    2628525.000    2674870.750
  2000   257     1    1311471.250    1572507.375    1963280.250    2612491.500    2658671.500
  2000   258     1    1303451.750    1562891.750    1951275.000    2596516.500    2642510.750
  2000   259     1    1295433.500    1553277.500    1939271.750    2580544.000    2626304.500
  2000   260     1    1287463.250    1543720.750    1927340.000    2564666.750    2610192.500
  2000   261     1    1279540.750    1534221.500    1915480.000    2548885.000    2594174.500
  2000   262     1    1271665.750    1524779.125    1903691.250    2533198.000    2578250.500
  2000   263     1    1263838.250    1515393.375    1891973.250    2517605.000    2562419.750
  2000   264     1    1256057.875    1506064.500    1880326.125    2502106.500    2546682.000
  2000   265     1    1248324.375    1496791.750    1868749.000    2486701.000    2531037.250
  2000   266     1    1240639.500    1487577.250    1857244.625    2471392.500    2515490.000
  2000   267     1    1232998.000    1478414.875    1845805.375    2456170.500    2500026.000
  2000   268     1    1225404.625    1469310.125    1834438.000    2441044.000    2484658.500
  2000   269     1    1217857.375    1460260.750    1823139.875    2426010.000    2469383.250
  2000   270     1    1210356.000    1451266.125    1811910.000    2411066.500    2454198.500
  2000   271     1    1202900.250    1442326.500    1800748.750    2396214.750    2439104.500
  2000   272     1    1195495.500    1433448.000    1789664.000    2381464.750    2424117.500
  2000   273     1    1188299.875    1424820.000    1778892.000    2367134.000    2409668.750
  2000   274     1    1181043.250    1416119.000    1768029.000    2352677.000    2394816.500
  2000   275     1    1173801.125    1407435.250    1757187.250    2338250.000    2380108.000
  2000   276     1    1166436.250    1398604.500    1746162.000    2323577.750    2365333.000
  2000   277     1    1159255.125    1389994.125    1735411.875    2309272.750    2350830.750
  2000   278     1    1152332.250    1381693.375    1725048.500    2295484.500    2336728.250
  2000   279     1    2148742.000    2576429.500    3216680.000    4280366.000    2322844.000
  2000   280     1    1138615.125    1365245.875    1704513.750    2268160.750    2309131.250
  2000   281     1    1131881.750    1357172.250    1694433.625    2254746.500    2295588.000
  2000   282     1    1125288.750    1349267.000    1684564.000    2241613.750    2282470.000
  2000   283     1    1118437.000    1341051.500    1674306.875    2227962.000    2268970.000
  2000   284     1    1111912.875    1333228.875    1664540.250    2214965.250    2255921.250
  2000   285     1    1105712.000    1325793.875    1655257.625    2202614.500    2243392.750
  2000   286     1    1099239.250    1318032.500    1645567.500    2189719.500    2230501.250
  2000   287     1    1093078.875    1310646.125    1636345.625    2177448.500    2217993.250
  2000   288     1    1086946.375    1303293.000    1627165.250    2165233.000    2205699.750
  2000   289     1    1081178.875    1296377.500    1618531.250    2153746.750    2194128.000
  2000   290     1    1075759.500    1289879.500    1610418.375    2142951.250    2183327.500
  2000   291     1    1070187.875    1283199.000    1602077.750    2131849.000    2172648.000
  2000   292     1    1064722.375    1276645.500    1593895.750    2120960.250    2161760.750
  2000   293     1    1059377.875    1270237.250    1585895.000    2110314.000    2151230.750
  2000   294     1    1054038.125    1263834.625    1577901.250    2099677.000    2140711.750
  2000   295     1    1048681.375    1257411.750    1569882.250    2089006.125    2130140.250
  2000   296     1    1043323.750    1250987.625    1561861.875    2078333.250    2119567.250
  2000   297     1    1037958.750    1244554.875    1553830.375    2067646.000    2108971.750
  2000   298     1    1032583.375    1238109.500    1545783.375    2056938.000    2098341.250
  2000   299     1    1027206.562    1231662.500    1537734.250    2046227.250    2087699.500
  2000   300     1    1021841.625    1225229.750    1529703.000    2035540.625    2077072.000
  2000   301     1    1016844.625    1219238.125    1522222.500    2025589.875    2067445.750
  2000   302     1    1011925.125    1213339.500    1514858.000    2015788.750    2057909.750
  2000   303     1    1006813.125    1207210.000    1507205.250    2005603.625    2048247.500
  2000   304     1    1001944.375    1201372.250    1499916.750    1995905.000    2039007.500
  2000   305     1     997149.000    1195622.250    1492738.000    1986352.750    2029897.375
  2000   306     1     992637.000    1190212.250    1485983.625    1977366.000    2021349.500
  2000   307     1     988319.500    1185035.500    1479520.375    1968765.500    2013332.125
  2000   308     1     984310.375    1180228.250    1473518.500    1960779.500    2006175.375
  2000   309     1    1029133.625    1233973.000    1540619.125    2050069.500    2000466.250
  2000   310     1     977916.188    1172561.375    1463946.375    1948041.250    1995351.250
  2000   311     1     975857.688    1170093.250    1460864.750    1943942.875    1992701.625
  2000   312     1     974067.750    1167947.000    1458185.375    1940375.625    1991038.875
  2000   313     1     972171.875    1165673.750    1455347.125    1936597.375    1989149.750
  2000   314     1     970826.125    1164060.125    1453332.500    1933917.250    1988399.250
  2000   315     1    1920136.000    2302321.250    2874455.000    3824976.500    3507071.750
  2000   316     1     972781.875    1166405.125    1456260.375    1937814.500    1997679.375
  2000   317     1     974820.375    1168849.250    1459311.875    1941873.125    2004350.250
  2000   318     1     978059.875    1172733.750    1464161.500    1948326.375    2013987.875
  2000   319     1     982696.812    1178293.625    1471103.000    1957563.250    2026610.500
  2000   320     1     988069.625    1184735.750    1479146.250    1968266.000    2040621.375
  2000   321     1     994460.188    1192398.375    1488713.000    1980996.250    2055990.750
  2000   322     1    1001428.250    1200753.250    1499144.000    1994876.875    2072265.500
  2000   323     1    1010265.000    1211348.750    1512372.625    2012479.750    2093208.125
  2000   324     1    1019856.875    1222849.875    1526731.750    2031587.125    2115799.000
  2000   325     1    1030816.500    1235991.000    1543138.500    2053419.125    2141223.500
  2000   326     1    1042500.375    1250000.500    1560629.250    2076693.750    2167902.500
  2000   327     1    1053273.000    1262917.250    1576756.000    2098153.500    2192897.250
  2000   328     1    1063453.000    1275123.375    1591995.375    2118432.000    2216325.500
  2000   329     1    1072904.000    1286455.500    1606143.625    2137258.750    2238198.500
  2000   330     1    1081511.750    1296776.625    1619029.500    2154405.500    2258188.750
  2000   331     1    1089265.250    1306073.500    1630636.625    2169851.000    2276213.750
  2000   332     1    1096212.500    1314403.500    1641036.750    2183690.250    2292382.500
  2000   333     1    1102419.000    1321845.375    1650328.000    2196053.750    2306824.250
  2000   334     1    1108135.000    1328699.000    1658884.625    2207440.000    2320084.500
  2000   335     1    1116715.125    1338987.000    1671729.125    2224532.000    2339179.750
  2001     1     1    1127693.750    1352150.750    1688164.250    2246401.750    2363431.000
  2001     2     1    1676029.750    2009627.875    2509026.500    3338704.250    3092596.500
  2001     3     1    1163860.625    1395516.250    1742306.375    2318447.500    2441127.250
  2001     4     1    1186404.750    1422547.625    1776055.000    2363356.000    2489011.500
  2001     5     1    1207651.375    1448023.250    1807861.250    2405680.000    2534330.500
  2001     6     1    1228240.500    1472710.250    1838683.250    2446694.000    2577990.500
  2001     7     1    1247870.875    1496248.125    1868070.250    2485798.500    2619533.500
  2001     8     1    1266599.500    1518704.375    1896107.000    2523106.500    2659106.500
  2001     9     1    1284590.000    1540275.750    1923038.750    2558944.000    2697157.750
  2001    10     1    1301991.875    1561141.375    1949089.625    2593609.000    2734053.500
  2001    11     1    1318645.875    1581110.125    1974020.625    2626784.500    2769318.250
  2001    12     1    1334498.000    1600117.375    1997751.375    2658362.250    2802811.000
  2001    13     1    1349576.250    1618197.000    2020323.750    2688399.000    2834615.750
  2001    14     1    1363920.750    1635396.500    2041797.500    2716973.500    2864834.750
  2001    15     1    1377359.125    1651509.750    2061914.750    2743743.000    2893035.750
  2001    16     1    1389884.500    1666528.125    2080665.375    2768694.000    2919151.750
  2001    17     1    1402637.500    1681819.500    2099756.750    2794098.500    2946386.000
  2001    18     1    1416234.375    1698122.750    2120111.500    2821184.000    2974626.000
  2001    19     1    1430517.250    1715248.500    2141493.000    2849636.000    3004815.500
  2001    20     1    2099415.500    2517284.500    3142837.250    4182102.000    3206442.000
  2001    21     1    1613710.500    1934904.750    2415734.500    3214562.750    3236846.500
  2001    22     1    1785133.000    2140447.250    2672354.750    3556041.500    3764017.500
  2001    23     1    1591820.625    1908657.750    2382965.000    3170957.250    3258026.500
  2001    24     1    1611255.875    1931961.500    2412059.500    3209673.000    3350668.000
  2001    25     1    1671096.625    2003713.000    2501641.500    3328877.500    3462893.000
  2001    26     1    1722581.250    2065445.000    2578714.250    3431436.250    3550365.000
  2001    27     1    1779717.000    2133953.000    2664247.000    3545252.750    3653839.750
  2001    28     1    1829672.500    2193852.000    2739030.500    3644765.750    3738625.250
  2001    29     1    1888957.500    2264937.000    2827780.750    3762863.500    3846990.750
  2001    30     1    1992671.500    2389294.250    2983041.000    3969464.750    4092535.500
  2001    31     1    2025014.875    2428075.250    3031459.250    4033894.000    4129987.500
