 Year, day, hour, sediment size class, lakesizedistoutflow(-)
                                     15             69
  2000     1     1     1          0.753          0.522
  2000     1     1     2          0.237          0.192
  2000     1     1     3          0.000          0.279
  2000     2     1     1          0.698          0.507
  2000     2     1     2          0.293          0.218
  2000     2     1     3          0.000          0.268
  2000     3     1     1          0.667          0.497
  2000     3     1     2          0.323          0.234
  2000     3     1     3          0.001          0.262
  2000     4     1     1          0.646          0.489
  2000     4     1     2          0.341          0.246
  2000     4     1     3          0.004          0.258
  2000     5     1     1          0.627          0.482
  2000     5     1     2          0.354          0.257
  2000     5     1     3          0.010          0.254
  2000     6     1     1          0.611          0.476
  2000     6     1     2          0.364          0.266
  2000     6     1     3          0.016          0.251
  2000     7     1     1          0.597          0.471
  2000     7     1     2          0.371          0.275
  2000     7     1     3          0.022          0.248
  2000     8     1     1          0.586          0.466
  2000     8     1     2          0.377          0.282
  2000     8     1     3          0.028          0.246
  2000     9     1     1          0.576          0.462
  2000     9     1     2          0.381          0.286
  2000     9     1     3          0.034          0.245
  2000    10     1     1          0.568          0.459
  2000    10     1     2          0.384          0.290
  2000    10     1     3          0.039          0.244
  2000    11     1     1          0.561          0.456
  2000    11     1     2          0.386          0.293
  2000    11     1     3          0.044          0.244
  2000    12     1     1          0.555          0.453
  2000    12     1     2          0.387          0.296
  2000    12     1     3          0.049          0.244
  2000    13     1     1          0.550          0.451
  2000    13     1     2          0.388          0.298
  2000    13     1     3          0.053          0.244
  2000    14     1     1          0.546          0.449
  2000    14     1     2          0.388          0.300
  2000    14     1     3          0.057          0.244
  2000    15     1     1          0.543          0.447
  2000    15     1     2          0.388          0.301
  2000    15     1     3          0.060          0.244
  2000    16     1     1          0.539          0.446
  2000    16     1     2          0.388          0.302
  2000    16     1     3          0.064          0.245
  2000    17     1     1          0.536          0.444
  2000    17     1     2          0.388          0.303
  2000    17     1     3          0.067          0.245
  2000    18     1     1          0.533          0.443
  2000    18     1     2          0.387          0.304
  2000    18     1     3          0.070          0.245
  2000    19     1     1          0.530          0.441
  2000    19     1     2          0.387          0.306
  2000    19     1     3          0.074          0.246
  2000    20     1     1          0.527          0.440
  2000    20     1     2          0.386          0.306
  2000    20     1     3          0.077          0.247
  2000    21     1     1          0.525          0.438
  2000    21     1     2          0.386          0.307
  2000    21     1     3          0.080          0.247
  2000    22     1     1          0.522          0.437
  2000    22     1     2          0.385          0.308
  2000    22     1     3          0.083          0.248
  2000    23     1     1          0.520          0.436
  2000    23     1     2          0.385          0.308
  2000    23     1     3          0.085          0.248
  2000    24     1     1          0.518          0.435
  2000    24     1     2          0.384          0.309
  2000    24     1     3          0.088          0.249
  2000    25     1     1          0.517          0.434
  2000    25     1     2          0.384          0.309
  2000    25     1     3          0.090          0.250
  2000    26     1     1          0.515          0.433
  2000    26     1     2          0.383          0.309
  2000    26     1     3          0.092          0.250
  2000    27     1     1          0.514          0.432
  2000    27     1     2          0.383          0.310
  2000    27     1     3          0.094          0.251
  2000    28     1     1          0.512          0.432
  2000    28     1     2          0.383          0.310
  2000    28     1     3          0.096          0.251
  2000    29     1     1          0.511          0.431
  2000    29     1     2          0.382          0.310
  2000    29     1     3          0.098          0.252
  2000    30     1     1          0.509          0.429
  2000    30     1     2          0.381          0.311
  2000    30     1     3          0.101          0.253
  2000    31     1     1          0.507          0.429
  2000    31     1     2          0.381          0.311
  2000    31     1     3          0.103          0.253
  2000    32     1     1          0.505          0.428
  2000    32     1     2          0.380          0.311
  2000    32     1     3          0.106          0.254
  2000    33     1     1          0.503          0.427
  2000    33     1     2          0.379          0.311
  2000    33     1     3          0.109          0.255
  2000    34     1     1          0.501          0.426
  2000    34     1     2          0.378          0.311
  2000    34     1     3          0.111          0.255
  2000    35     1     1          0.500          0.425
  2000    35     1     2          0.378          0.311
  2000    35     1     3          0.113          0.256
  2000    36     1     1          0.498          0.425
  2000    36     1     2          0.377          0.311
  2000    36     1     3          0.115          0.257
  2000    37     1     1          0.497          0.424
  2000    37     1     2          0.377          0.311
  2000    37     1     3          0.117          0.257
  2000    38     1     1          0.496          0.423
  2000    38     1     2          0.376          0.311
  2000    38     1     3          0.119          0.258
  2000    39     1     1          0.490          0.423
  2000    39     1     2          0.373          0.311
  2000    39     1     3          0.128          0.258
  2000    40     1     1          0.000          0.422
  2000    40     1     2          0.000          0.311
  2000    40     1     3          0.000          0.259
  2000    41     1     1          0.000          0.411
  2000    41     1     2          0.000          0.310
  2000    41     1     3          0.000          0.272
  2000    42     1     1          0.000          0.228
  2000    42     1     2          0.000          0.180
  2000    42     1     3          0.000          0.592
  2000    43     1     1          0.000          0.228
  2000    43     1     2          0.000          0.180
  2000    43     1     3          0.000          0.592
  2000    44     1     1          0.000          0.228
  2000    44     1     2          0.000          0.180
  2000    44     1     3          0.000          0.592
  2000    45     1     1          0.000          0.228
  2000    45     1     2          0.000          0.180
  2000    45     1     3          0.000          0.592
  2000    46     1     1          0.000          0.228
  2000    46     1     2          0.000          0.180
  2000    46     1     3          0.000          0.592
  2000    47     1     1          0.000          0.228
  2000    47     1     2          0.000          0.180
  2000    47     1     3          0.000          0.592
  2000    48     1     1          0.000          0.228
  2000    48     1     2          0.000          0.180
  2000    48     1     3          0.000          0.592
  2000    49     1     1          0.000          0.228
  2000    49     1     2          0.000          0.180
  2000    49     1     3          0.000          0.592
  2000    50     1     1          0.000          0.228
  2000    50     1     2          0.000          0.180
  2000    50     1     3          0.000          0.592
  2000    51     1     1          0.000          0.228
  2000    51     1     2          0.000          0.180
  2000    51     1     3          0.000          0.592
  2000    52     1     1          0.000          0.228
  2000    52     1     2          0.000          0.180
  2000    52     1     3          0.000          0.592
  2000    53     1     1          0.000          0.228
  2000    53     1     2          0.000          0.180
  2000    53     1     3          0.000          0.592
  2000    54     1     1          0.000          0.228
  2000    54     1     2          0.000          0.180
  2000    54     1     3          0.000          0.592
  2000    55     1     1          0.000          0.228
  2000    55     1     2          0.000          0.180
  2000    55     1     3          0.000          0.592
  2000    56     1     1          0.000          0.228
  2000    56     1     2          0.000          0.180
  2000    56     1     3          0.000          0.592
  2000    57     1     1          0.000          0.228
  2000    57     1     2          0.000          0.180
  2000    57     1     3          0.000          0.592
  2000    58     1     1          0.000          0.228
  2000    58     1     2          0.000          0.180
  2000    58     1     3          0.000          0.592
  2000    59     1     1          0.000          0.228
  2000    59     1     2          0.000          0.180
  2000    59     1     3          0.000          0.592
  2000    60     1     1          0.000          0.228
  2000    60     1     2          0.000          0.180
  2000    60     1     3          0.000          0.592
  2000    61     1     1          0.000          0.228
  2000    61     1     2          0.000          0.180
  2000    61     1     3          0.000          0.592
  2000    62     1     1          0.000          0.228
  2000    62     1     2          0.000          0.180
  2000    62     1     3          0.000          0.592
  2000    63     1     1          0.000          0.228
  2000    63     1     2          0.000          0.180
  2000    63     1     3          0.000          0.592
  2000    64     1     1          0.000          0.228
  2000    64     1     2          0.000          0.180
  2000    64     1     3          0.000          0.592
  2000    65     1     1          0.000          0.228
  2000    65     1     2          0.000          0.180
  2000    65     1     3          0.000          0.592
  2000    66     1     1          0.000          0.228
  2000    66     1     2          0.000          0.180
  2000    66     1     3          0.000          0.592
  2000    67     1     1          0.000          0.228
  2000    67     1     2          0.000          0.180
  2000    67     1     3          0.000          0.592
  2000    68     1     1          0.000          0.228
  2000    68     1     2          0.000          0.180
  2000    68     1     3          0.000          0.592
  2000    69     1     1          0.000          0.228
  2000    69     1     2          0.000          0.180
  2000    69     1     3          0.000          0.592
  2000    70     1     1          0.000          0.228
  2000    70     1     2          0.000          0.180
  2000    70     1     3          0.000          0.592
  2000    71     1     1          0.000          0.228
  2000    71     1     2          0.000          0.180
  2000    71     1     3          0.000          0.592
  2000    72     1     1          0.000          0.228
  2000    72     1     2          0.000          0.180
  2000    72     1     3          0.000          0.592
  2000    73     1     1          0.000          0.228
  2000    73     1     2          0.000          0.180
  2000    73     1     3          0.000          0.592
  2000    74     1     1          0.000          0.228
  2000    74     1     2          0.000          0.180
  2000    74     1     3          0.000          0.592
  2000    75     1     1          0.000          0.228
  2000    75     1     2          0.000          0.180
  2000    75     1     3          0.000          0.592
  2000    76     1     1          0.000          0.228
  2000    76     1     2          0.000          0.180
  2000    76     1     3          0.000          0.592
  2000    77     1     1          0.000          0.228
  2000    77     1     2          0.000          0.180
  2000    77     1     3          0.000          0.592
  2000    78     1     1          0.000          0.228
  2000    78     1     2          0.000          0.180
  2000    78     1     3          0.000          0.592
  2000    79     1     1          0.000          0.228
  2000    79     1     2          0.000          0.180
  2000    79     1     3          0.000          0.592
  2000    80     1     1          0.000          0.228
  2000    80     1     2          0.000          0.180
  2000    80     1     3          0.000          0.592
  2000    81     1     1          0.000          0.228
  2000    81     1     2          0.000          0.180
  2000    81     1     3          0.000          0.592
  2000    82     1     1          0.000          0.228
  2000    82     1     2          0.000          0.180
  2000    82     1     3          0.000          0.592
  2000    83     1     1          0.000          0.228
  2000    83     1     2          0.000          0.180
  2000    83     1     3          0.000          0.592
  2000    84     1     1          0.000          0.228
  2000    84     1     2          0.000          0.180
  2000    84     1     3          0.000          0.592
  2000    85     1     1          0.000          0.228
  2000    85     1     2          0.000          0.180
  2000    85     1     3          0.000          0.592
  2000    86     1     1          0.000          0.228
  2000    86     1     2          0.000          0.180
  2000    86     1     3          0.000          0.592
  2000    87     1     1          0.000          0.228
  2000    87     1     2          0.000          0.180
  2000    87     1     3          0.000          0.592
  2000    88     1     1          0.000          0.228
  2000    88     1     2          0.000          0.180
  2000    88     1     3          0.000          0.592
  2000    89     1     1          0.000          0.228
  2000    89     1     2          0.000          0.180
  2000    89     1     3          0.000          0.592
  2000    90     1     1          0.000          0.228
  2000    90     1     2          0.000          0.180
  2000    90     1     3          0.000          0.592
  2000    91     1     1          0.000          0.228
  2000    91     1     2          0.000          0.180
  2000    91     1     3          0.000          0.592
  2000    92     1     1          0.000          0.228
  2000    92     1     2          0.000          0.180
  2000    92     1     3          0.000          0.592
  2000    93     1     1          0.000          0.228
  2000    93     1     2          0.000          0.180
  2000    93     1     3          0.000          0.592
  2000    94     1     1          0.000          0.228
  2000    94     1     2          0.000          0.180
  2000    94     1     3          0.000          0.592
  2000    95     1     1          0.000          0.228
  2000    95     1     2          0.000          0.180
  2000    95     1     3          0.000          0.592
  2000    96     1     1          0.000          0.228
  2000    96     1     2          0.000          0.180
  2000    96     1     3          0.000          0.592
  2000    97     1     1          0.000          0.228
  2000    97     1     2          0.000          0.180
  2000    97     1     3          0.000          0.592
  2000    98     1     1          0.000          0.228
  2000    98     1     2          0.000          0.180
  2000    98     1     3          0.000          0.592
  2000    99     1     1          0.000          0.228
  2000    99     1     2          0.000          0.180
  2000    99     1     3          0.000          0.592
  2000   100     1     1          0.000          0.228
  2000   100     1     2          0.000          0.180
  2000   100     1     3          0.000          0.592
  2000   101     1     1          0.000          0.228
  2000   101     1     2          0.000          0.180
  2000   101     1     3          0.000          0.592
  2000   102     1     1          0.000          0.228
  2000   102     1     2          0.000          0.180
  2000   102     1     3          0.000          0.592
  2000   103     1     1          0.000          0.228
  2000   103     1     2          0.000          0.180
  2000   103     1     3          0.000          0.592
  2000   104     1     1          0.000          0.228
  2000   104     1     2          0.000          0.180
  2000   104     1     3          0.000          0.592
  2000   105     1     1          0.000          0.228
  2000   105     1     2          0.000          0.180
  2000   105     1     3          0.000          0.592
  2000   106     1     1          0.000          0.228
  2000   106     1     2          0.000          0.180
  2000   106     1     3          0.000          0.592
  2000   107     1     1          0.000          0.228
  2000   107     1     2          0.000          0.180
  2000   107     1     3          0.000          0.592
  2000   108     1     1          0.000          0.228
  2000   108     1     2          0.000          0.180
  2000   108     1     3          0.000          0.592
  2000   109     1     1          0.000          0.228
  2000   109     1     2          0.000          0.180
  2000   109     1     3          0.000          0.592
  2000   110     1     1          0.000          0.228
  2000   110     1     2          0.000          0.180
  2000   110     1     3          0.000          0.592
  2000   111     1     1          0.000          0.228
  2000   111     1     2          0.000          0.180
  2000   111     1     3          0.000          0.592
  2000   112     1     1          0.000          0.228
  2000   112     1     2          0.000          0.180
  2000   112     1     3          0.000          0.592
  2000   113     1     1          0.000          0.228
  2000   113     1     2          0.000          0.180
  2000   113     1     3          0.000          0.592
  2000   114     1     1          0.000          0.228
  2000   114     1     2          0.000          0.180
  2000   114     1     3          0.000          0.592
  2000   115     1     1          0.000          0.228
  2000   115     1     2          0.000          0.180
  2000   115     1     3          0.000          0.592
  2000   116     1     1          0.000          0.228
  2000   116     1     2          0.000          0.180
  2000   116     1     3          0.000          0.592
  2000   117     1     1          0.000          0.228
  2000   117     1     2          0.000          0.180
  2000   117     1     3          0.000          0.592
  2000   118     1     1          0.000          0.228
  2000   118     1     2          0.000          0.180
  2000   118     1     3          0.000          0.592
  2000   119     1     1          0.000          0.228
  2000   119     1     2          0.000          0.180
  2000   119     1     3          0.000          0.592
  2000   120     1     1          0.000          0.228
  2000   120     1     2          0.000          0.180
  2000   120     1     3          0.000          0.592
  2000   121     1     1          0.000          0.228
  2000   121     1     2          0.000          0.180
  2000   121     1     3          0.000          0.592
  2000   122     1     1          0.000          0.228
  2000   122     1     2          0.000          0.180
  2000   122     1     3          0.000          0.592
  2000   123     1     1          0.000          0.228
  2000   123     1     2          0.000          0.180
  2000   123     1     3          0.000          0.592
  2000   124     1     1          0.000          0.228
  2000   124     1     2          0.000          0.180
  2000   124     1     3          0.000          0.592
  2000   125     1     1          0.000          0.228
  2000   125     1     2          0.000          0.180
  2000   125     1     3          0.000          0.592
  2000   126     1     1          0.000          0.228
  2000   126     1     2          0.000          0.180
  2000   126     1     3          0.000          0.592
  2000   127     1     1          0.000          0.228
  2000   127     1     2          0.000          0.180
  2000   127     1     3          0.000          0.592
  2000   128     1     1          0.000          0.228
  2000   128     1     2          0.000          0.180
  2000   128     1     3          0.000          0.592
  2000   129     1     1          0.000          0.228
  2000   129     1     2          0.000          0.180
  2000   129     1     3          0.000          0.592
  2000   130     1     1          0.000          0.228
  2000   130     1     2          0.000          0.180
  2000   130     1     3          0.000          0.592
  2000   131     1     1          0.000          0.228
  2000   131     1     2          0.000          0.180
  2000   131     1     3          0.000          0.592
  2000   132     1     1          0.000          0.228
  2000   132     1     2          0.000          0.180
  2000   132     1     3          0.000          0.592
  2000   133     1     1          0.000          0.228
  2000   133     1     2          0.000          0.180
  2000   133     1     3          0.000          0.592
  2000   134     1     1          0.000          0.228
  2000   134     1     2          0.000          0.180
  2000   134     1     3          0.000          0.592
  2000   135     1     1          0.000          0.228
  2000   135     1     2          0.000          0.180
  2000   135     1     3          0.000          0.592
  2000   136     1     1          0.000          0.228
  2000   136     1     2          0.000          0.180
  2000   136     1     3          0.000          0.592
  2000   137     1     1          0.000          0.228
  2000   137     1     2          0.000          0.180
  2000   137     1     3          0.000          0.592
  2000   138     1     1          0.000          0.228
  2000   138     1     2          0.000          0.180
  2000   138     1     3          0.000          0.592
  2000   139     1     1          0.000          0.228
  2000   139     1     2          0.000          0.180
  2000   139     1     3          0.000          0.592
  2000   140     1     1          0.000          0.228
  2000   140     1     2          0.000          0.180
  2000   140     1     3          0.000          0.592
  2000   141     1     1          0.000          0.228
  2000   141     1     2          0.000          0.180
  2000   141     1     3          0.000          0.592
  2000   142     1     1          0.000          0.228
  2000   142     1     2          0.000          0.180
  2000   142     1     3          0.000          0.592
  2000   143     1     1          0.000          0.228
  2000   143     1     2          0.000          0.180
  2000   143     1     3          0.000          0.592
  2000   144     1     1          0.000          0.228
  2000   144     1     2          0.000          0.180
  2000   144     1     3          0.000          0.592
  2000   145     1     1          0.000          0.228
  2000   145     1     2          0.000          0.180
  2000   145     1     3          0.000          0.592
  2000   146     1     1          0.000          0.228
  2000   146     1     2          0.000          0.180
  2000   146     1     3          0.000          0.592
  2000   147     1     1          0.000          0.228
  2000   147     1     2          0.000          0.180
  2000   147     1     3          0.000          0.592
  2000   148     1     1          0.000          0.228
  2000   148     1     2          0.000          0.180
  2000   148     1     3          0.000          0.592
  2000   149     1     1          0.000          0.228
  2000   149     1     2          0.000          0.180
  2000   149     1     3          0.000          0.592
  2000   150     1     1          0.000          0.228
  2000   150     1     2          0.000          0.180
  2000   150     1     3          0.000          0.592
  2000   151     1     1          0.000          0.228
  2000   151     1     2          0.000          0.180
  2000   151     1     3          0.000          0.592
  2000   152     1     1          0.000          0.228
  2000   152     1     2          0.000          0.180
  2000   152     1     3          0.000          0.592
  2000   153     1     1          0.000          0.228
  2000   153     1     2          0.000          0.180
  2000   153     1     3          0.000          0.592
  2000   154     1     1          0.000          0.228
  2000   154     1     2          0.000          0.180
  2000   154     1     3          0.000          0.592
  2000   155     1     1          0.000          0.228
  2000   155     1     2          0.000          0.180
  2000   155     1     3          0.000          0.592
  2000   156     1     1          0.000          0.228
  2000   156     1     2          0.000          0.180
  2000   156     1     3          0.000          0.592
  2000   157     1     1          0.000          0.228
  2000   157     1     2          0.000          0.180
  2000   157     1     3          0.000          0.592
  2000   158     1     1          0.000          0.228
  2000   158     1     2          0.000          0.180
  2000   158     1     3          0.000          0.592
  2000   159     1     1          0.000          0.228
  2000   159     1     2          0.000          0.180
  2000   159     1     3          0.000          0.592
  2000   160     1     1          0.000          0.228
  2000   160     1     2          0.000          0.180
  2000   160     1     3          0.000          0.592
  2000   161     1     1          0.000          0.228
  2000   161     1     2          0.000          0.180
  2000   161     1     3          0.000          0.592
  2000   162     1     1          0.000          0.228
  2000   162     1     2          0.000          0.180
  2000   162     1     3          0.000          0.592
  2000   163     1     1          0.000          0.228
  2000   163     1     2          0.000          0.180
  2000   163     1     3          0.000          0.592
  2000   164     1     1          0.000          0.228
  2000   164     1     2          0.000          0.180
  2000   164     1     3          0.000          0.592
  2000   165     1     1          0.000          0.228
  2000   165     1     2          0.000          0.180
  2000   165     1     3          0.000          0.592
  2000   166     1     1          0.000          0.228
  2000   166     1     2          0.000          0.180
  2000   166     1     3          0.000          0.592
  2000   167     1     1          0.000          0.228
  2000   167     1     2          0.000          0.180
  2000   167     1     3          0.000          0.592
  2000   168     1     1          0.000          0.228
  2000   168     1     2          0.000          0.180
  2000   168     1     3          0.000          0.592
  2000   169     1     1          0.000          0.228
  2000   169     1     2          0.000          0.180
  2000   169     1     3          0.000          0.592
  2000   170     1     1          0.000          0.228
  2000   170     1     2          0.000          0.180
  2000   170     1     3          0.000          0.592
  2000   171     1     1          0.000          0.228
  2000   171     1     2          0.000          0.180
  2000   171     1     3          0.000          0.592
  2000   172     1     1          0.000          0.228
  2000   172     1     2          0.000          0.180
  2000   172     1     3          0.000          0.592
  2000   173     1     1          0.000          0.228
  2000   173     1     2          0.000          0.180
  2000   173     1     3          0.000          0.592
  2000   174     1     1          0.000          0.228
  2000   174     1     2          0.000          0.180
  2000   174     1     3          0.000          0.592
  2000   175     1     1          0.000          0.228
  2000   175     1     2          0.000          0.180
  2000   175     1     3          0.000          0.592
  2000   176     1     1          0.000          0.228
  2000   176     1     2          0.000          0.180
  2000   176     1     3          0.000          0.592
  2000   177     1     1          0.000          0.228
  2000   177     1     2          0.000          0.180
  2000   177     1     3          0.000          0.592
  2000   178     1     1          0.000          0.228
  2000   178     1     2          0.000          0.180
  2000   178     1     3          0.000          0.592
  2000   179     1     1          0.000          0.228
  2000   179     1     2          0.000          0.180
  2000   179     1     3          0.000          0.592
  2000   180     1     1          0.000          0.228
  2000   180     1     2          0.000          0.180
  2000   180     1     3          0.000          0.592
  2000   181     1     1          0.000          0.228
  2000   181     1     2          0.000          0.180
  2000   181     1     3          0.000          0.592
  2000   182     1     1          0.000          0.228
  2000   182     1     2          0.000          0.180
  2000   182     1     3          0.000          0.592
  2000   183     1     1          0.000          0.228
  2000   183     1     2          0.000          0.180
  2000   183     1     3          0.000          0.592
  2000   184     1     1          0.000          0.228
  2000   184     1     2          0.000          0.180
  2000   184     1     3          0.000          0.592
  2000   185     1     1          0.000          0.228
  2000   185     1     2          0.000          0.180
  2000   185     1     3          0.000          0.592
  2000   186     1     1          0.000          0.228
  2000   186     1     2          0.000          0.180
  2000   186     1     3          0.000          0.592
  2000   187     1     1          0.000          0.228
  2000   187     1     2          0.000          0.180
  2000   187     1     3          0.000          0.592
  2000   188     1     1          0.000          0.228
  2000   188     1     2          0.000          0.180
  2000   188     1     3          0.000          0.592
  2000   189     1     1          0.000          0.228
  2000   189     1     2          0.000          0.180
  2000   189     1     3          0.000          0.592
  2000   190     1     1          0.000          0.228
  2000   190     1     2          0.000          0.180
  2000   190     1     3          0.000          0.592
  2000   191     1     1          0.000          0.228
  2000   191     1     2          0.000          0.180
  2000   191     1     3          0.000          0.592
  2000   192     1     1          0.000          0.228
  2000   192     1     2          0.000          0.180
  2000   192     1     3          0.000          0.592
  2000   193     1     1          0.000          0.228
  2000   193     1     2          0.000          0.180
  2000   193     1     3          0.000          0.592
  2000   194     1     1          0.000          0.228
  2000   194     1     2          0.000          0.180
  2000   194     1     3          0.000          0.592
  2000   195     1     1          0.000          0.228
  2000   195     1     2          0.000          0.180
  2000   195     1     3          0.000          0.592
  2000   196     1     1          0.000          0.228
  2000   196     1     2          0.000          0.180
  2000   196     1     3          0.000          0.592
  2000   197     1     1          0.000          0.228
  2000   197     1     2          0.000          0.180
  2000   197     1     3          0.000          0.592
  2000   198     1     1          0.000          0.228
  2000   198     1     2          0.000          0.180
  2000   198     1     3          0.000          0.592
  2000   199     1     1          0.000          0.228
  2000   199     1     2          0.000          0.180
  2000   199     1     3          0.000          0.592
  2000   200     1     1          0.000          0.228
  2000   200     1     2          0.000          0.180
  2000   200     1     3          0.000          0.592
  2000   201     1     1          0.000          0.228
  2000   201     1     2          0.000          0.180
  2000   201     1     3          0.000          0.592
  2000   202     1     1          0.000          0.228
  2000   202     1     2          0.000          0.180
  2000   202     1     3          0.000          0.592
  2000   203     1     1          0.000          0.228
  2000   203     1     2          0.000          0.180
  2000   203     1     3          0.000          0.592
  2000   204     1     1          0.000          0.228
  2000   204     1     2          0.000          0.180
  2000   204     1     3          0.000          0.592
  2000   205     1     1          0.000          0.228
  2000   205     1     2          0.000          0.180
  2000   205     1     3          0.000          0.592
  2000   206     1     1          0.000          0.228
  2000   206     1     2          0.000          0.180
  2000   206     1     3          0.000          0.592
  2000   207     1     1          0.000          0.228
  2000   207     1     2          0.000          0.180
  2000   207     1     3          0.000          0.592
  2000   208     1     1          0.000          0.228
  2000   208     1     2          0.000          0.180
  2000   208     1     3          0.000          0.592
  2000   209     1     1          0.000          0.228
  2000   209     1     2          0.000          0.180
  2000   209     1     3          0.000          0.592
  2000   210     1     1          0.000          0.228
  2000   210     1     2          0.000          0.180
  2000   210     1     3          0.000          0.592
  2000   211     1     1          0.000          0.228
  2000   211     1     2          0.000          0.180
  2000   211     1     3          0.000          0.592
  2000   212     1     1          0.000          0.228
  2000   212     1     2          0.000          0.180
  2000   212     1     3          0.000          0.592
  2000   213     1     1          0.000          0.228
  2000   213     1     2          0.000          0.180
  2000   213     1     3          0.000          0.592
  2000   214     1     1          0.000          0.228
  2000   214     1     2          0.000          0.180
  2000   214     1     3          0.000          0.592
  2000   215     1     1          0.000          0.228
  2000   215     1     2          0.000          0.180
  2000   215     1     3          0.000          0.592
  2000   216     1     1          0.000          0.228
  2000   216     1     2          0.000          0.180
  2000   216     1     3          0.000          0.592
  2000   217     1     1          0.000          0.228
  2000   217     1     2          0.000          0.180
  2000   217     1     3          0.000          0.592
  2000   218     1     1          0.000          0.228
  2000   218     1     2          0.000          0.180
  2000   218     1     3          0.000          0.592
  2000   219     1     1          0.000          0.228
  2000   219     1     2          0.000          0.180
  2000   219     1     3          0.000          0.592
  2000   220     1     1          0.000          0.228
  2000   220     1     2          0.000          0.180
  2000   220     1     3          0.000          0.592
  2000   221     1     1          0.000          0.228
  2000   221     1     2          0.000          0.180
  2000   221     1     3          0.000          0.592
  2000   222     1     1          0.000          0.228
  2000   222     1     2          0.000          0.180
  2000   222     1     3          0.000          0.592
  2000   223     1     1          0.000          0.228
  2000   223     1     2          0.000          0.180
  2000   223     1     3          0.000          0.592
  2000   224     1     1          0.000          0.228
  2000   224     1     2          0.000          0.180
  2000   224     1     3          0.000          0.592
  2000   225     1     1          0.000          0.228
  2000   225     1     2          0.000          0.180
  2000   225     1     3          0.000          0.592
  2000   226     1     1          0.000          0.228
  2000   226     1     2          0.000          0.180
  2000   226     1     3          0.000          0.592
  2000   227     1     1          0.000          0.228
  2000   227     1     2          0.000          0.180
  2000   227     1     3          0.000          0.592
  2000   228     1     1          0.000          0.228
  2000   228     1     2          0.000          0.180
  2000   228     1     3          0.000          0.592
  2000   229     1     1          0.000          0.228
  2000   229     1     2          0.000          0.180
  2000   229     1     3          0.000          0.592
  2000   230     1     1          0.000          0.228
  2000   230     1     2          0.000          0.180
  2000   230     1     3          0.000          0.592
  2000   231     1     1          0.000          0.228
  2000   231     1     2          0.000          0.180
  2000   231     1     3          0.000          0.592
  2000   232     1     1          0.000          0.228
  2000   232     1     2          0.000          0.180
  2000   232     1     3          0.000          0.592
  2000   233     1     1          0.000          0.228
  2000   233     1     2          0.000          0.180
  2000   233     1     3          0.000          0.592
  2000   234     1     1          0.000          0.228
  2000   234     1     2          0.000          0.180
  2000   234     1     3          0.000          0.592
  2000   235     1     1          0.000          0.228
  2000   235     1     2          0.000          0.180
  2000   235     1     3          0.000          0.592
  2000   236     1     1          0.000          0.228
  2000   236     1     2          0.000          0.180
  2000   236     1     3          0.000          0.592
  2000   237     1     1          0.000          0.228
  2000   237     1     2          0.000          0.180
  2000   237     1     3          0.000          0.592
  2000   238     1     1          0.000          0.228
  2000   238     1     2          0.000          0.180
  2000   238     1     3          0.000          0.592
  2000   239     1     1          0.000          0.228
  2000   239     1     2          0.000          0.180
  2000   239     1     3          0.000          0.592
  2000   240     1     1          0.000          0.228
  2000   240     1     2          0.000          0.180
  2000   240     1     3          0.000          0.592
  2000   241     1     1          0.000          0.228
  2000   241     1     2          0.000          0.180
  2000   241     1     3          0.000          0.592
  2000   242     1     1          0.000          0.228
  2000   242     1     2          0.000          0.180
  2000   242     1     3          0.000          0.592
  2000   243     1     1          0.000          0.000
  2000   243     1     2          0.000          0.000
  2000   243     1     3          0.000          0.000
  2000   244     1     1          0.000          0.000
  2000   244     1     2          0.000          0.000
  2000   244     1     3          0.000          0.000
  2000   245     1     1          0.000          0.000
  2000   245     1     2          0.000          0.000
  2000   245     1     3          0.000          0.000
  2000   246     1     1          0.000          0.000
  2000   246     1     2          0.000          0.000
  2000   246     1     3          0.000          0.000
  2000   247     1     1          0.000          0.000
  2000   247     1     2          0.000          0.000
  2000   247     1     3          0.000          0.000
  2000   248     1     1          0.000          0.000
  2000   248     1     2          0.000          0.000
  2000   248     1     3          0.000          0.000
  2000   249     1     1          0.000          0.228
  2000   249     1     2          0.000          0.180
  2000   249     1     3          0.000          0.592
  2000   250     1     1          0.000          0.228
  2000   250     1     2          0.000          0.180
  2000   250     1     3          0.000          0.592
  2000   251     1     1          0.000          0.228
  2000   251     1     2          0.000          0.180
  2000   251     1     3          0.000          0.592
  2000   252     1     1          0.000          0.000
  2000   252     1     2          0.000          0.000
  2000   252     1     3          0.000          0.000
  2000   253     1     1          0.000          0.000
  2000   253     1     2          0.000          0.000
  2000   253     1     3          0.000          0.000
  2000   254     1     1          0.000          0.000
  2000   254     1     2          0.000          0.000
  2000   254     1     3          0.000          0.000
  2000   255     1     1          0.000          0.000
  2000   255     1     2          0.000          0.000
  2000   255     1     3          0.000          0.000
  2000   256     1     1          0.000          0.000
  2000   256     1     2          0.000          0.000
  2000   256     1     3          0.000          0.000
  2000   257     1     1          0.000          0.000
  2000   257     1     2          0.000          0.000
  2000   257     1     3          0.000          0.000
  2000   258     1     1          0.000          0.000
  2000   258     1     2          0.000          0.000
  2000   258     1     3          0.000          0.000
  2000   259     1     1          0.000          0.000
  2000   259     1     2          0.000          0.000
  2000   259     1     3          0.000          0.000
  2000   260     1     1          0.000          0.000
  2000   260     1     2          0.000          0.000
  2000   260     1     3          0.000          0.000
  2000   261     1     1          0.000          0.000
  2000   261     1     2          0.000          0.000
  2000   261     1     3          0.000          0.000
  2000   262     1     1          0.000          0.000
  2000   262     1     2          0.000          0.000
  2000   262     1     3          0.000          0.000
  2000   263     1     1          0.000          0.000
  2000   263     1     2          0.000          0.000
  2000   263     1     3          0.000          0.000
  2000   264     1     1          0.000          0.000
  2000   264     1     2          0.000          0.000
  2000   264     1     3          0.000          0.000
  2000   265     1     1          0.000          0.000
  2000   265     1     2          0.000          0.000
  2000   265     1     3          0.000          0.000
  2000   266     1     1          0.000          0.000
  2000   266     1     2          0.000          0.000
  2000   266     1     3          0.000          0.000
  2000   267     1     1          0.000          0.000
  2000   267     1     2          0.000          0.000
  2000   267     1     3          0.000          0.000
  2000   268     1     1          0.000          0.000
  2000   268     1     2          0.000          0.000
  2000   268     1     3          0.000          0.000
  2000   269     1     1          0.000          0.000
  2000   269     1     2          0.000          0.000
  2000   269     1     3          0.000          0.000
  2000   270     1     1          0.000          0.000
  2000   270     1     2          0.000          0.000
  2000   270     1     3          0.000          0.000
  2000   271     1     1          0.000          0.000
  2000   271     1     2          0.000          0.000
  2000   271     1     3          0.000          0.000
  2000   272     1     1          0.000          0.228
  2000   272     1     2          0.000          0.180
  2000   272     1     3          0.000          0.592
  2000   273     1     1          0.000          0.228
  2000   273     1     2          0.000          0.180
  2000   273     1     3          0.000          0.592
  2000   274     1     1          0.000          0.228
  2000   274     1     2          0.000          0.180
  2000   274     1     3          0.000          0.592
  2000   275     1     1          0.000          0.228
  2000   275     1     2          0.000          0.180
  2000   275     1     3          0.000          0.592
  2000   276     1     1          0.000          0.228
  2000   276     1     2          0.000          0.180
  2000   276     1     3          0.000          0.592
  2000   277     1     1          0.000          0.228
  2000   277     1     2          0.000          0.180
  2000   277     1     3          0.000          0.592
  2000   278     1     1          0.000          0.228
  2000   278     1     2          0.000          0.180
  2000   278     1     3          0.000          0.592
  2000   279     1     1          0.000          0.228
  2000   279     1     2          0.000          0.180
  2000   279     1     3          0.000          0.592
  2000   280     1     1          0.000          0.228
  2000   280     1     2          0.000          0.180
  2000   280     1     3          0.000          0.592
  2000   281     1     1          0.000          0.228
  2000   281     1     2          0.000          0.180
  2000   281     1     3          0.000          0.592
  2000   282     1     1          0.000          0.228
  2000   282     1     2          0.000          0.180
  2000   282     1     3          0.000          0.592
  2000   283     1     1          0.000          0.228
  2000   283     1     2          0.000          0.180
  2000   283     1     3          0.000          0.592
  2000   284     1     1          0.000          0.228
  2000   284     1     2          0.000          0.180
  2000   284     1     3          0.000          0.592
  2000   285     1     1          0.000          0.228
  2000   285     1     2          0.000          0.180
  2000   285     1     3          0.000          0.592
  2000   286     1     1          0.000          0.228
  2000   286     1     2          0.000          0.180
  2000   286     1     3          0.000          0.592
  2000   287     1     1          0.000          0.228
  2000   287     1     2          0.000          0.180
  2000   287     1     3          0.000          0.592
  2000   288     1     1          0.000          0.228
  2000   288     1     2          0.000          0.180
  2000   288     1     3          0.000          0.592
  2000   289     1     1          0.000          0.228
  2000   289     1     2          0.000          0.180
  2000   289     1     3          0.000          0.592
  2000   290     1     1          0.000          0.228
  2000   290     1     2          0.000          0.180
  2000   290     1     3          0.000          0.592
  2000   291     1     1          0.000          0.228
  2000   291     1     2          0.000          0.180
  2000   291     1     3          0.000          0.592
  2000   292     1     1          0.000          0.228
  2000   292     1     2          0.000          0.180
  2000   292     1     3          0.000          0.592
  2000   293     1     1          0.000          0.228
  2000   293     1     2          0.000          0.180
  2000   293     1     3          0.000          0.592
  2000   294     1     1          0.000          0.228
  2000   294     1     2          0.000          0.180
  2000   294     1     3          0.000          0.592
  2000   295     1     1          0.000          0.228
  2000   295     1     2          0.000          0.180
  2000   295     1     3          0.000          0.592
  2000   296     1     1          0.000          0.228
  2000   296     1     2          0.000          0.180
  2000   296     1     3          0.000          0.592
  2000   297     1     1          0.000          0.228
  2000   297     1     2          0.000          0.180
  2000   297     1     3          0.000          0.592
  2000   298     1     1          0.000          0.228
  2000   298     1     2          0.000          0.180
  2000   298     1     3          0.000          0.592
  2000   299     1     1          0.000          0.228
  2000   299     1     2          0.000          0.180
  2000   299     1     3          0.000          0.592
  2000   300     1     1          0.000          0.228
  2000   300     1     2          0.000          0.180
  2000   300     1     3          0.000          0.592
  2000   301     1     1          0.000          0.228
  2000   301     1     2          0.000          0.180
  2000   301     1     3          0.000          0.592
  2000   302     1     1          0.000          0.228
  2000   302     1     2          0.000          0.180
  2000   302     1     3          0.000          0.592
  2000   303     1     1          0.000          0.228
  2000   303     1     2          0.000          0.180
  2000   303     1     3          0.000          0.592
  2000   304     1     1          0.000          0.228
  2000   304     1     2          0.000          0.180
  2000   304     1     3          0.000          0.592
  2000   305     1     1          0.000          0.228
  2000   305     1     2          0.000          0.180
  2000   305     1     3          0.000          0.592
  2000   306     1     1          0.000          0.228
  2000   306     1     2          0.000          0.180
  2000   306     1     3          0.000          0.592
  2000   307     1     1          0.000          0.228
  2000   307     1     2          0.000          0.180
  2000   307     1     3          0.000          0.592
  2000   308     1     1          0.000          0.228
  2000   308     1     2          0.000          0.180
  2000   308     1     3          0.000          0.592
  2000   309     1     1          0.000          0.228
  2000   309     1     2          0.000          0.180
  2000   309     1     3          0.000          0.592
  2000   310     1     1          0.000          0.228
  2000   310     1     2          0.000          0.180
  2000   310     1     3          0.000          0.592
  2000   311     1     1          0.000          0.228
  2000   311     1     2          0.000          0.180
  2000   311     1     3          0.000          0.592
  2000   312     1     1          0.000          0.228
  2000   312     1     2          0.000          0.180
  2000   312     1     3          0.000          0.592
  2000   313     1     1          0.000          0.228
  2000   313     1     2          0.000          0.180
  2000   313     1     3          0.000          0.592
  2000   314     1     1          0.000          0.228
  2000   314     1     2          0.000          0.180
  2000   314     1     3          0.000          0.592
  2000   315     1     1          0.000          0.228
  2000   315     1     2          0.000          0.180
  2000   315     1     3          0.000          0.592
  2000   316     1     1          0.000          0.228
  2000   316     1     2          0.000          0.180
  2000   316     1     3          0.000          0.592
  2000   317     1     1          0.000          0.228
  2000   317     1     2          0.000          0.180
  2000   317     1     3          0.000          0.592
  2000   318     1     1          0.000          0.228
  2000   318     1     2          0.000          0.180
  2000   318     1     3          0.000          0.592
  2000   319     1     1          0.000          0.228
  2000   319     1     2          0.000          0.180
  2000   319     1     3          0.000          0.592
  2000   320     1     1          0.000          0.228
  2000   320     1     2          0.000          0.180
  2000   320     1     3          0.000          0.592
  2000   321     1     1          0.000          0.228
  2000   321     1     2          0.000          0.180
  2000   321     1     3          0.000          0.592
  2000   322     1     1          0.000          0.228
  2000   322     1     2          0.000          0.180
  2000   322     1     3          0.000          0.592
  2000   323     1     1          0.000          0.228
  2000   323     1     2          0.000          0.180
  2000   323     1     3          0.000          0.592
  2000   324     1     1          0.000          0.228
  2000   324     1     2          0.000          0.180
  2000   324     1     3          0.000          0.592
  2000   325     1     1          0.000          0.228
  2000   325     1     2          0.000          0.180
  2000   325     1     3          0.000          0.592
  2000   326     1     1          0.000          0.228
  2000   326     1     2          0.000          0.180
  2000   326     1     3          0.000          0.592
  2000   327     1     1          0.000          0.228
  2000   327     1     2          0.000          0.180
  2000   327     1     3          0.000          0.592
  2000   328     1     1          0.000          0.228
  2000   328     1     2          0.000          0.180
  2000   328     1     3          0.000          0.592
  2000   329     1     1          0.000          0.228
  2000   329     1     2          0.000          0.180
  2000   329     1     3          0.000          0.592
  2000   330     1     1          0.000          0.228
  2000   330     1     2          0.000          0.180
  2000   330     1     3          0.000          0.592
  2000   331     1     1          0.000          0.228
  2000   331     1     2          0.000          0.180
  2000   331     1     3          0.000          0.592
  2000   332     1     1          0.000          0.228
  2000   332     1     2          0.000          0.180
  2000   332     1     3          0.000          0.592
  2000   333     1     1          0.000          0.228
  2000   333     1     2          0.000          0.180
  2000   333     1     3          0.000          0.592
  2000   334     1     1          0.000          0.228
  2000   334     1     2          0.000          0.180
  2000   334     1     3          0.000          0.592
  2000   335     1     1          0.000          0.228
  2000   335     1     2          0.000          0.180
  2000   335     1     3          0.000          0.592
  2001     1     1     1          0.000          0.228
  2001     1     1     2          0.000          0.180
  2001     1     1     3          0.000          0.592
  2001     2     1     1          0.000          0.228
  2001     2     1     2          0.000          0.180
  2001     2     1     3          0.000          0.592
  2001     3     1     1          0.000          0.228
  2001     3     1     2          0.000          0.180
  2001     3     1     3          0.000          0.592
  2001     4     1     1          0.000          0.228
  2001     4     1     2          0.000          0.180
  2001     4     1     3          0.000          0.592
  2001     5     1     1          0.000          0.228
  2001     5     1     2          0.000          0.180
  2001     5     1     3          0.000          0.592
  2001     6     1     1          0.000          0.228
  2001     6     1     2          0.000          0.180
  2001     6     1     3          0.000          0.592
  2001     7     1     1          0.000          0.228
  2001     7     1     2          0.000          0.180
  2001     7     1     3          0.000          0.592
  2001     8     1     1          0.000          0.228
  2001     8     1     2          0.000          0.180
  2001     8     1     3          0.000          0.592
  2001     9     1     1          0.000          0.228
  2001     9     1     2          0.000          0.180
  2001     9     1     3          0.000          0.592
  2001    10     1     1          0.000          0.228
  2001    10     1     2          0.000          0.180
  2001    10     1     3          0.000          0.592
  2001    11     1     1          0.000          0.228
  2001    11     1     2          0.000          0.180
  2001    11     1     3          0.000          0.592
  2001    12     1     1          0.000          0.228
  2001    12     1     2          0.000          0.180
  2001    12     1     3          0.000          0.592
  2001    13     1     1          0.000          0.228
  2001    13     1     2          0.000          0.180
  2001    13     1     3          0.000          0.592
  2001    14     1     1          0.000          0.228
  2001    14     1     2          0.000          0.180
  2001    14     1     3          0.000          0.592
  2001    15     1     1          0.000          0.228
  2001    15     1     2          0.000          0.180
  2001    15     1     3          0.000          0.592
  2001    16     1     1          0.000          0.228
  2001    16     1     2          0.000          0.180
  2001    16     1     3          0.000          0.592
  2001    17     1     1          0.000          0.228
  2001    17     1     2          0.000          0.180
  2001    17     1     3          0.000          0.592
  2001    18     1     1          0.000          0.228
  2001    18     1     2          0.000          0.180
  2001    18     1     3          0.000          0.592
  2001    19     1     1          0.000          0.228
  2001    19     1     2          0.000          0.180
  2001    19     1     3          0.000          0.592
  2001    20     1     1          0.000          0.228
  2001    20     1     2          0.000          0.180
  2001    20     1     3          0.000          0.592
  2001    21     1     1          0.000          0.228
  2001    21     1     2          0.000          0.180
  2001    21     1     3          0.000          0.592
  2001    22     1     1          0.000          0.228
  2001    22     1     2          0.000          0.180
  2001    22     1     3          0.000          0.592
  2001    23     1     1          0.000          0.228
  2001    23     1     2          0.000          0.180
  2001    23     1     3          0.000          0.592
  2001    24     1     1          0.000          0.228
  2001    24     1     2          0.000          0.180
  2001    24     1     3          0.000          0.592
  2001    25     1     1          0.000          0.228
  2001    25     1     2          0.000          0.180
  2001    25     1     3          0.000          0.592
  2001    26     1     1          0.000          0.228
  2001    26     1     2          0.000          0.180
  2001    26     1     3          0.000          0.592
  2001    27     1     1          0.000          0.228
  2001    27     1     2          0.000          0.180
  2001    27     1     3          0.000          0.592
  2001    28     1     1          0.000          0.228
  2001    28     1     2          0.000          0.180
  2001    28     1     3          0.000          0.592
  2001    29     1     1          0.000          0.228
  2001    29     1     2          0.000          0.180
  2001    29     1     3          0.000          0.592
  2001    30     1     1          0.000          0.228
  2001    30     1     2          0.000          0.180
  2001    30     1     3          0.000          0.592
  2001    31     1     1          0.000          0.228
  2001    31     1     2          0.000          0.180
  2001    31     1     3          0.000          0.592
