Year, day, hour, totalsedinflow(ton/timestep), totalsedoutflow(ton/timestep), totalsedimentation(ton/timestep), cumsedimentation(ton)
  2000     1     1          0.003          0.001          0.001          0.001
  2000     2     1          0.057          0.030          0.027          0.028
  2000     3     1          0.027          0.015          0.012          0.040
  2000     4     1          0.016          0.009          0.007          0.047
  2000     5     1          0.068          0.038          0.030          0.077
  2000     6     1          0.051          0.028          0.023          0.100
  2000     7     1          0.046          0.026          0.020          0.120
  2000     8     1          0.022          0.012          0.010          0.130
  2000     9     1          0.013          0.007          0.006          0.137
  2000    10     1          0.004          0.002          0.002          0.138
  2000    11     1          0.001          0.001          0.001          0.139
  2000    12     1          0.001          0.001          0.001          0.140
  2000    13     1          0.002          0.001          0.001          0.141
  2000    14     1          0.001          0.001          0.001          0.141
  2000    15     1          0.000          0.000          0.000          0.141
  2000    16     1          0.000          0.000          0.000          0.141
  2000    17     1          0.012          0.007          0.005          0.147
  2000    18     1          0.033          0.018          0.015          0.161
  2000    19     1          0.053          0.030          0.023          0.184
  2000    20     1          0.004          0.002          0.002          0.186
  2000    21     1          0.002          0.001          0.001          0.187
  2000    22     1          0.000          0.000          0.000          0.187
  2000    23     1          0.000          0.000          0.000          0.187
  2000    24     1          0.001          0.000          0.000          0.188
  2000    25     1          0.001          0.001          0.000          0.188
  2000    26     1          0.001          0.000          0.000          0.188
  2000    27     1          0.002          0.001          0.001          0.189
  2000    28     1          0.027          0.015          0.012          0.201
  2000    29     1          0.065          0.036          0.029          0.231
  2000    30     1          0.046          0.026          0.020          0.250
  2000    31     1          0.027          0.014          0.013          0.263
  2000    32     1          0.007          0.004          0.003          0.267
  2000    33     1          0.002          0.001          0.001          0.268
  2000    34     1          0.001          0.000          0.000          0.268
  2000    35     1          0.000          0.000          0.000          0.268
  2000    36     1          0.000          0.000          0.000          0.268
  2000    37     1          0.000          0.000          0.000          0.268
  2000    38     1          0.014          0.008          0.006          0.274
  2000    39     1        554.288        291.181        263.107        263.381
  2000    40     1          0.075          0.030          0.045        263.426
  2000    41     1       1143.418        684.962        458.456        721.882
  2000    42     1       1330.530        266.104       1064.426       1786.308
  2000    43     1          0.054          0.008          0.046       1786.354
  2000    44     1        163.952         16.594        147.358       1933.711
  2000    45     1      47226.035       4778.829      42447.207      44380.918
  2000    46     1        361.816         36.612        325.204      44706.121
  2000    47     1         84.341          8.534         75.806      44781.926
  2000    48     1          2.933          0.297          2.636      44784.559
  2000    49     1          0.876          0.089          0.788      44785.348
  2000    50     1          0.953          0.096          0.856      44786.207
  2000    51     1          2.709          0.274          2.435      44788.645
  2000    52     1          0.001          0.000          0.001      44788.645
  2000    53     1          0.000          0.000          0.000      44788.645
  2000    54     1          0.000          0.000          0.000      44788.645
  2000    55     1          0.000          0.000          0.000      44788.645
  2000    56     1          0.000          0.000          0.000      44788.645
  2000    57     1          0.000          0.000          0.000      44788.645
  2000    58     1          0.001          0.000          0.000      44788.645
  2000    59     1          0.001          0.000          0.001      44788.645
  2000    60     1          0.001          0.000          0.000      44788.645
  2000    61     1          0.000          0.000          0.000      44788.645
  2000    62     1          0.000          0.000          0.000      44788.645
  2000    63     1          0.001          0.000          0.001      44788.645
  2000    64     1          0.000          0.000          0.000      44788.645
  2000    65     1          0.000          0.000          0.000      44788.645
  2000    66     1          0.000          0.000          0.000      44788.645
  2000    67     1          0.001          0.000          0.001      44788.645
  2000    68     1          0.001          0.000          0.001      44788.645
  2000    69     1          0.000          0.000          0.000      44788.645
  2000    70     1          0.002          0.000          0.002      44788.645
  2000    71     1          0.001          0.000          0.001      44788.645
  2000    72     1          0.000          0.000          0.000      44788.645
  2000    73     1          0.001          0.000          0.001      44788.645
  2000    74     1          0.000          0.000          0.000      44788.645
  2000    75     1          0.000          0.000          0.000      44788.645
  2000    76     1          0.001          0.000          0.001      44788.645
  2000    77     1          0.001          0.000          0.001      44788.645
  2000    78     1          0.001          0.000          0.001      44788.645
  2000    79     1          0.002          0.000          0.002      44788.645
  2000    80     1          0.010          0.001          0.009      44788.648
  2000    81     1          0.005          0.001          0.004      44788.648
  2000    82     1          0.000          0.000          0.000      44788.648
  2000    83     1          0.001          0.000          0.000      44788.648
  2000    84     1          0.000          0.000          0.000      44788.648
  2000    85     1          0.000          0.000          0.000      44788.648
  2000    86     1          0.000          0.000          0.000      44788.648
  2000    87     1          0.000          0.000          0.000      44788.648
  2000    88     1          0.000          0.000          0.000      44788.648
  2000    89     1          0.000          0.000          0.000      44788.648
  2000    90     1          0.000          0.000          0.000      44788.648
  2000    91     1          0.000          0.000          0.000      44788.648
  2000    92     1          0.000          0.000          0.000      44788.648
  2000    93     1          0.000          0.000          0.000      44788.648
  2000    94     1          0.000          0.000          0.000      44788.648
  2000    95     1          0.000          0.000          0.000      44788.648
  2000    96     1          0.000          0.000          0.000      44788.648
  2000    97     1          0.000          0.000          0.000      44788.648
  2000    98     1          0.000          0.000          0.000      44788.648
  2000    99     1          0.000          0.000          0.000      44788.648
  2000   100     1          0.000          0.000          0.000      44788.648
  2000   101     1          0.000          0.000          0.000      44788.648
  2000   102     1          0.000          0.000          0.000      44788.648
  2000   103     1          0.000          0.000          0.000      44788.648
  2000   104     1          0.000          0.000          0.000      44788.648
  2000   105     1          0.000          0.000          0.000      44788.648
  2000   106     1          0.000          0.000          0.000      44788.648
  2000   107     1          0.000          0.000          0.000      44788.648
  2000   108     1          0.000          0.000          0.000      44788.648
  2000   109     1          0.000          0.000          0.000      44788.648
  2000   110     1          0.000          0.000          0.000      44788.648
  2000   111     1          0.000          0.000          0.000      44788.648
  2000   112     1          0.000          0.000          0.000      44788.648
  2000   113     1          0.000          0.000          0.000      44788.648
  2000   114     1          0.000          0.000          0.000      44788.648
  2000   115     1          0.000          0.000          0.000      44788.648
  2000   116     1          0.000          0.000          0.000      44788.648
  2000   117     1          0.000          0.000          0.000      44788.648
  2000   118     1          0.000          0.000          0.000      44788.648
  2000   119     1          0.000          0.000          0.000      44788.648
  2000   120     1          0.000          0.000          0.000      44788.648
  2000   121     1          0.000          0.000          0.000      44788.648
  2000   122     1          0.000          0.000          0.000      44788.648
  2000   123     1          0.000          0.000          0.000      44788.648
  2000   124     1          0.000          0.000          0.000      44788.648
  2000   125     1          0.000          0.000          0.000      44788.648
  2000   126     1          0.000          0.000          0.000      44788.648
  2000   127     1          0.000          0.000          0.000      44788.648
  2000   128     1          0.000          0.000          0.000      44788.648
  2000   129     1          0.000          0.000          0.000      44788.648
  2000   130     1          0.000          0.000          0.000      44788.648
  2000   131     1          0.000          0.000          0.000      44788.648
  2000   132     1          0.000          0.000          0.000      44788.648
  2000   133     1          0.000          0.000          0.000      44788.648
  2000   134     1          0.000          0.000          0.000      44788.648
  2000   135     1          0.000          0.000          0.000      44788.648
  2000   136     1          0.000          0.000          0.000      44788.648
  2000   137     1          0.000          0.000          0.000      44788.648
  2000   138     1          0.000          0.000          0.000      44788.648
  2000   139     1          0.000          0.000          0.000      44788.648
  2000   140     1          0.000          0.000          0.000      44788.648
  2000   141     1          0.000          0.000          0.000      44788.648
  2000   142     1          0.000          0.000          0.000      44788.648
  2000   143     1          0.000          0.000          0.000      44788.648
  2000   144     1          0.000          0.000          0.000      44788.648
  2000   145     1          0.000          0.000          0.000      44788.648
  2000   146     1          0.000          0.000          0.000      44788.648
  2000   147     1          0.000          0.000          0.000      44788.648
  2000   148     1          0.000          0.000          0.000      44788.648
  2000   149     1          0.000          0.000          0.000      44788.648
  2000   150     1          0.000          0.000          0.000      44788.648
  2000   151     1          0.000          0.000          0.000      44788.648
  2000   152     1          0.000          0.000          0.000      44788.648
  2000   153     1          0.000          0.000          0.000      44788.648
  2000   154     1          0.000          0.000          0.000      44788.648
  2000   155     1          0.000          0.000          0.000      44788.648
  2000   156     1          0.000          0.000          0.000      44788.648
  2000   157     1          0.000          0.000          0.000      44788.648
  2000   158     1          0.000          0.000          0.000      44788.648
  2000   159     1          0.000          0.000          0.000      44788.648
  2000   160     1          0.000          0.000          0.000      44788.648
  2000   161     1          0.000          0.000          0.000      44788.648
  2000   162     1          0.000          0.000          0.000      44788.648
  2000   163     1          0.000          0.000          0.000      44788.648
  2000   164     1          0.000          0.000          0.000      44788.648
  2000   165     1          0.000          0.000          0.000      44788.648
  2000   166     1          0.000          0.000          0.000      44788.648
  2000   167     1          0.000          0.000          0.000      44788.648
  2000   168     1          0.000          0.000          0.000      44788.648
  2000   169     1          0.000          0.000          0.000      44788.648
  2000   170     1          0.000          0.000          0.000      44788.648
  2000   171     1          0.000          0.000          0.000      44788.648
  2000   172     1          0.000          0.000          0.000      44788.648
  2000   173     1          0.000          0.000          0.000      44788.648
  2000   174     1          0.000          0.000          0.000      44788.648
  2000   175     1          0.000          0.000          0.000      44788.648
  2000   176     1          0.000          0.000          0.000      44788.648
  2000   177     1          0.000          0.000          0.000      44788.648
  2000   178     1          0.000          0.000          0.000      44788.648
  2000   179     1          0.000          0.000          0.000      44788.648
  2000   180     1          0.000          0.000          0.000      44788.648
  2000   181     1          0.000          0.000          0.000      44788.648
  2000   182     1          0.000          0.000          0.000      44788.648
  2000   183     1          0.000          0.000          0.000      44788.648
  2000   184     1          0.000          0.000          0.000      44788.648
  2000   185     1          0.000          0.000          0.000      44788.648
  2000   186     1          0.000          0.000          0.000      44788.648
  2000   187     1          0.000          0.000          0.000      44788.648
  2000   188     1          0.000          0.000          0.000      44788.648
  2000   189     1          0.000          0.000          0.000      44788.648
  2000   190     1          0.000          0.000          0.000      44788.648
  2000   191     1          0.000          0.000          0.000      44788.648
  2000   192     1          0.000          0.000          0.000      44788.648
  2000   193     1          0.000          0.000          0.000      44788.648
  2000   194     1          0.000          0.000          0.000      44788.648
  2000   195     1          0.000          0.000          0.000      44788.648
  2000   196     1          0.000          0.000          0.000      44788.648
  2000   197     1          0.000          0.000          0.000      44788.648
  2000   198     1          0.000          0.000          0.000      44788.648
  2000   199     1          0.000          0.000          0.000      44788.648
  2000   200     1          0.000          0.000          0.000      44788.648
  2000   201     1          0.000          0.000          0.000      44788.648
  2000   202     1          0.000          0.000          0.000      44788.648
  2000   203     1          0.000          0.000          0.000      44788.648
  2000   204     1          0.000          0.000          0.000      44788.648
  2000   205     1          0.000          0.000          0.000      44788.648
  2000   206     1          0.000          0.000          0.000      44788.648
  2000   207     1          0.000          0.000          0.000      44788.648
  2000   208     1          0.000          0.000          0.000      44788.648
  2000   209     1          0.000          0.000          0.000      44788.648
  2000   210     1          0.000          0.000          0.000      44788.648
  2000   211     1          0.001          0.000          0.001      44788.648
  2000   212     1          0.000          0.000          0.000      44788.648
  2000   213     1          0.000          0.000          0.000      44788.648
  2000   214     1          0.000          0.000          0.000      44788.648
  2000   215     1          0.000          0.000          0.000      44788.648
  2000   216     1          0.002          0.000          0.002      44788.648
  2000   217     1          0.003          0.001          0.002      44788.648
  2000   218     1          0.000          0.000          0.000      44788.648
  2000   219     1          0.006          0.000          0.006      44788.648
  2000   220     1          0.046          0.004          0.042      44788.684
  2000   221     1          0.010          0.001          0.009      44788.699
  2000   222     1          0.000          0.000          0.000      44788.699
  2000   223     1          0.000          0.000          0.000      44788.699
  2000   224     1          0.000          0.000          0.000      44788.699
  2000   225     1          0.000          0.000          0.000      44788.699
  2000   226     1          0.000          0.000          0.000      44788.699
  2000   227     1          0.000          0.000          0.000      44788.699
  2000   228     1          0.000          0.000          0.000      44788.699
  2000   229     1          0.000          0.000          0.000      44788.699
  2000   230     1          0.000          0.000          0.000      44788.699
  2000   231     1          0.000          0.000          0.000      44788.699
  2000   232     1          0.000          0.000          0.000      44788.699
  2000   233     1          0.000          0.000          0.000      44788.699
  2000   234     1          0.000          0.000          0.000      44788.699
  2000   235     1          0.000          0.000          0.000      44788.699
  2000   236     1          0.000          0.000          0.000      44788.699
  2000   237     1          0.000          0.000          0.000      44788.699
  2000   238     1          0.000          0.000          0.000      44788.699
  2000   239     1          0.000          0.000          0.000      44788.699
  2000   240     1          0.000          0.000          0.000      44788.699
  2000   241     1          0.000          0.000          0.000      44788.699
  2000   242     1          0.000          0.000          0.000      44788.699
  2000   243     1          0.000          0.000          0.000      44788.699
  2000   244     1          0.000          0.000          0.000      44788.699
  2000   245     1          0.000          0.000          0.000      44788.699
  2000   246     1          0.000          0.000          0.000      44788.699
  2000   247     1          0.000          0.000          0.000      44788.699
  2000   248     1          0.000          0.000          0.000      44788.699
  2000   249     1          0.026          0.002          0.024      44788.719
  2000   250     1          0.021          0.003          0.019      44788.734
  2000   251     1          0.000          0.000          0.000      44788.734
  2000   252     1          0.000          0.000          0.000      44788.734
  2000   253     1          0.000          0.000          0.000      44788.734
  2000   254     1          0.000          0.000          0.000      44788.734
  2000   255     1          0.000          0.000          0.000      44788.734
  2000   256     1          0.000          0.000          0.000      44788.734
  2000   257     1          0.000          0.000          0.000      44788.734
  2000   258     1          0.000          0.000          0.000      44788.734
  2000   259     1          0.000          0.000          0.000      44788.734
  2000   260     1          0.000          0.000          0.000      44788.734
  2000   261     1          0.000          0.000          0.000      44788.734
  2000   262     1          0.000          0.000          0.000      44788.734
  2000   263     1          0.000          0.000          0.000      44788.734
  2000   264     1          0.000          0.000          0.000      44788.734
  2000   265     1          0.000          0.000          0.000      44788.734
  2000   266     1          0.000          0.000          0.000      44788.734
  2000   267     1          0.000          0.000          0.000      44788.734
  2000   268     1          0.000          0.000          0.000      44788.734
  2000   269     1          0.000          0.000          0.000      44788.734
  2000   270     1          0.000          0.000          0.000      44788.734
  2000   271     1          0.000          0.000          0.000      44788.734
  2000   272     1          0.002          0.000          0.002      44788.734
  2000   273     1          0.042          0.004          0.038      44788.770
  2000   274     1          0.022          0.003          0.020      44788.785
  2000   275     1          0.020          0.003          0.017      44788.801
  2000   276     1          0.004          0.000          0.004      44788.801
  2000   277     1          0.004          0.001          0.004      44788.801
  2000   278     1          0.037          0.004          0.033      44788.836
  2000   279     1      25041.783       5008.352      20033.434      64822.266
  2000   280     1          0.091          0.013          0.079      64822.352
  2000   281     1          0.106          0.017          0.089      64822.445
  2000   282     1          0.075          0.010          0.065      64822.516
  2000   283     1          0.002          0.000          0.002      64822.516
  2000   284     1          0.001          0.000          0.001      64822.516
  2000   285     1          0.025          0.004          0.022      64822.547
  2000   286     1          0.011          0.002          0.010      64822.547
  2000   287     1          0.047          0.008          0.039      64822.594
  2000   288     1          0.029          0.003          0.026      64822.625
  2000   289     1          0.101          0.012          0.088      64822.711
  2000   290     1          0.113          0.015          0.098      64822.812
  2000   291     1          0.015          0.001          0.014      64822.828
  2000   292     1          0.000          0.000          0.000      64822.828
  2000   293     1          0.002          0.000          0.001      64822.828
  2000   294     1          0.004          0.000          0.004      64822.828
  2000   295     1          0.000          0.000          0.000      64822.828
  2000   296     1          0.000          0.000          0.000      64822.828
  2000   297     1          0.000          0.000          0.000      64822.828
  2000   298     1          0.000          0.000          0.000      64822.828
  2000   299     1          0.000          0.000          0.000      64822.828
  2000   300     1          0.003          0.000          0.003      64822.828
  2000   301     1          0.058          0.005          0.053      64822.883
  2000   302     1          0.035          0.003          0.032      64822.902
  2000   303     1          0.004          0.000          0.004      64822.902
  2000   304     1          0.006          0.001          0.005      64822.902
  2000   305     1          0.016          0.002          0.014      64822.906
  2000   306     1          0.041          0.005          0.036      64822.938
  2000   307     1          0.062          0.010          0.052      64822.984
  2000   308     1          0.059          0.008          0.051      64823.031
  2000   309     1        434.328         86.861        347.467      65170.508
  2000   310     1          0.034          0.005          0.030      65170.539
  2000   311     1          0.088          0.011          0.077      65170.621
  2000   312     1          0.027          0.003          0.024      65170.637
  2000   313     1          0.007          0.001          0.006      65170.637
  2000   314     1          0.020          0.002          0.018      65170.652
  2000   315     1      17758.422       2306.121      15452.302      80622.938
  2000   316     1          0.064          0.009          0.055      80622.969
  2000   317     1          0.042          0.006          0.036      80623.000
  2000   318     1          0.044          0.004          0.040      80623.039
  2000   319     1          0.054          0.006          0.048      80623.109
  2000   320     1          0.033          0.004          0.029      80623.141
  2000   321     1          0.040          0.006          0.034      80623.172
  2000   322     1          0.026          0.004          0.023      80623.172
  2000   323     1          0.046          0.003          0.043      80623.211
  2000   324     1          0.023          0.002          0.021      80623.211
  2000   325     1          0.036          0.004          0.032      80623.211
  2000   326     1          0.022          0.003          0.019      80623.211
  2000   327     1          0.004          0.000          0.004      80623.211
  2000   328     1          0.001          0.000          0.001      80623.211
  2000   329     1          0.000          0.000          0.000      80623.211
  2000   330     1          0.000          0.000          0.000      80623.211
  2000   331     1          0.000          0.000          0.000      80623.211
  2000   332     1          0.000          0.000          0.000      80623.211
  2000   333     1          0.000          0.000          0.000      80623.211
  2000   334     1          0.015          0.002          0.013      80623.211
  2000   335     1          0.073          0.008          0.065      80623.281
  2001     1     1          0.061          0.007          0.054          0.054
  2001     2     1       8714.871       1013.405       7701.466       7701.521
  2001     3     1          0.039          0.004          0.035       7701.556
  2001     4     1          0.043          0.005          0.038       7701.593
  2001     5     1          0.003          0.000          0.003       7701.596
  2001     6     1          0.002          0.000          0.002       7701.596
  2001     7     1          0.000          0.000          0.000       7701.596
  2001     8     1          0.001          0.000          0.001       7701.596
  2001     9     1          0.002          0.000          0.002       7701.598
  2001    10     1          0.001          0.000          0.001       7701.601
  2001    11     1          0.000          0.000          0.000       7701.601
  2001    12     1          0.000          0.000          0.000       7701.601
  2001    13     1          0.000          0.000          0.000       7701.601
  2001    14     1          0.000          0.000          0.000       7701.601
  2001    15     1          0.000          0.000          0.000       7701.601
  2001    16     1          0.000          0.000          0.000       7701.601
  2001    17     1          0.009          0.000          0.008       7701.610
  2001    18     1          0.017          0.002          0.015       7701.625
  2001    19     1          0.016          0.001          0.015       7701.641
  2001    20     1      12834.799       2467.908      10366.891      18068.531
  2001    21     1       1364.722        194.993       1169.729      19238.256
  2001    22     1       3620.036        141.204       3478.833      22717.082
  2001    23     1        244.015         48.800        195.216      22912.297
  2001    24     1          0.044          0.004          0.040      22912.332
  2001    25     1          7.827          0.006          7.821      22920.148
  2001    26     1          5.449          0.001          5.447      22925.596
  2001    27     1         15.492          0.001         15.491      22941.092
  2001    28     1         10.049          0.001         10.048      22951.139
  2001    29     1         18.462          0.002         18.460      22969.594
  2001    30     1        418.601          0.001        418.601      23388.188
  2001    31     1        168.338          0.000        168.338      23556.527
