Subasin-ID	year	day	hour	qlateral(m**3/s)	inflow(m**3/s)	evap(m**3)	prec(m**3)	intake(m**3/s)	overflow(m**3/s)	qbottom(m**3/s)	qout(m**3/s)	withdrawal(m**3/s)	elevation(m)	area(m**2)	volume(m**3)
    15	  2000	     1	     1	     0.000	    57.660	       8217.3	       3659.0	     0.155	     0.000	     0.000	     0.155	     0.020	   426.296	     1303075.6	     4962100.5	
    15	  2000	     2	     1	     0.000	    62.354	       8849.9	      42129.6	     4.971	     0.000	     0.000	     4.971	     0.020	   429.688	     2144680.2	     9951540.0	
    15	  2000	     3	     1	     0.000	    68.551	      16756.5	      26666.2	     9.872	     0.000	     0.000	     9.872	     0.020	   432.103	     2881159.2	    15029591.0	
    15	  2000	     4	     1	     0.000	    76.592	      20730.7	      12720.3	    14.998	     0.000	     0.000	    14.998	     0.020	   434.099	     3578291.0	    20341522.0	
    15	  2000	     5	     1	     0.000	    84.365	      15787.7	      67280.0	    20.382	     0.000	     0.000	    20.382	     0.020	   435.848	     4256266.5	    25919420.0	
    15	  2000	     6	     1	     0.000	    90.830	      15609.4	      61724.3	    25.844	     0.000	     0.000	    25.844	     0.020	   437.383	     4902733.5	    31578588.0	
    15	  2000	     7	     1	     0.000	    95.965	      23057.0	      45768.1	    31.260	     0.000	     0.000	    31.260	     0.020	   438.732	     5511874.0	    37190120.0	
    15	  2000	     8	     1	     0.000	   100.425	      27432.6	      67250.5	    36.000	     0.000	     0.000	    36.000	     0.020	   439.950	     6094629.0	    42794552.0	
    15	  2000	     9	     1	     0.000	   104.471	      22537.1	      55917.6	    36.000	     0.000	     0.000	    36.000	     0.020	   441.132	     6689791.5	    48742108.0	
    15	  2000	    10	     1	     0.000	   106.861	      35325.6	      24995.8	    36.000	     0.000	     0.000	    36.000	     0.020	   442.249	     7280103.0	    54852460.0	
    15	  2000	    11	     1	     0.000	   108.783	      40085.4	      12229.5	    36.000	     0.000	     0.000	    36.000	     0.020	   443.311	     7865676.0	    61111284.0	
    15	  2000	    12	     1	     0.000	   109.761	      47132.1	      11338.0	    36.000	     0.000	     0.000	    36.000	     0.020	   444.314	     8441293.0	    67446696.0	
    15	  2000	    13	     1	     0.000	   110.346	      53211.3	      20414.8	    36.000	     0.000	     0.000	    36.000	     0.020	   445.264	     9006413.0	    73835704.0	
    15	  2000	    14	     1	     0.000	   110.883	      60851.1	      14742.8	    36.000	     0.000	     0.000	    36.000	     0.020	   446.165	     9560613.0	    80257728.0	
    15	  2000	    15	     1	     0.000	   111.530	      65168.1	       9332.3	    36.000	     0.000	     0.000	    36.000	     0.020	   447.025	    10106200.0	    86725960.0	
    15	  2000	    16	     1	     0.000	   112.212	      65215.4	       6315.5	    36.000	    53.535	     0.000	    89.535	     0.020	   447.270	    10264129.0	    88624632.0	
    15	  2000	    17	     1	     0.000	   112.969	      60710.0	      50523.7	    36.000	    76.268	     0.000	   112.268	     0.020	   447.276	    10268168.0	    88673344.0	
    15	  2000	    18	     1	     0.000	   114.196	      40321.5	     111573.1	    36.000	    78.058	     0.000	   114.058	     0.020	   447.286	    10274919.0	    88754776.0	
    15	  2000	    19	     1	     0.000	   115.124	      28190.1	      98942.2	    36.000	    79.929	     0.000	   115.929	     0.020	   447.286	    10274877.0	    88754280.0	
    15	  2000	    20	     1	     0.000	   115.067	      46033.5	      33682.5	    36.000	    79.866	     0.000	   115.866	     0.020	   447.276	    10267989.0	    88671176.0	
    15	  2000	    21	     1	     0.000	   115.246	      56269.6	      23156.7	    36.000	    79.083	     0.000	   115.083	     0.020	   447.273	    10266267.0	    88650416.0	
    15	  2000	    22	     1	     0.000	   115.604	      60768.5	       7368.0	    36.000	    79.201	     0.000	   115.201	     0.020	   447.270	    10264585.0	    88630128.0	
    15	  2000	    23	     1	     0.000	   116.126	      59940.3	       3157.7	    36.000	    79.488	     0.000	   115.488	     0.020	   447.270	    10264304.0	    88626744.0	
    15	  2000	    24	     1	     0.000	   116.484	      63622.2	       6315.5	    36.000	    79.807	     0.000	   115.807	     0.020	   447.270	    10264261.0	    88626224.0	
    15	  2000	    25	     1	     0.000	   116.966	      62841.9	      14736.1	    36.000	    80.283	     0.000	   116.283	     0.020	   447.271	    10265024.0	    88635424.0	
    15	  2000	    26	     1	     0.000	   117.431	      61684.0	      10525.8	    36.000	    80.854	     0.000	   116.854	     0.020	   447.271	    10264770.0	    88632368.0	
    15	  2000	    27	     1	     0.000	   117.953	      57701.2	      15788.7	    36.000	    81.341	     0.000	   117.341	     0.020	   447.272	    10265537.0	    88641616.0	
    15	  2000	    28	     1	     0.000	   118.610	      48432.5	      86311.3	    36.000	    82.105	     0.000	   118.105	     0.020	   447.282	    10272153.0	    88721408.0	
    15	  2000	    29	     1	     0.000	   119.182	      40821.1	     184200.9	    36.000	    83.601	     0.000	   119.601	     0.020	   447.295	    10280897.0	    88826904.0	
    15	  2000	    30	     1	     0.000	   119.803	      31334.3	     103152.5	    36.000	    85.442	     0.000	   121.442	     0.020	   447.286	    10274966.0	    88755344.0	
    15	  2000	    31	     1	     0.000	   119.906	      38006.4	     137887.5	    36.000	    84.717	     0.000	   120.717	     0.020	   447.290	    10277292.0	    88783408.0	
    15	  2000	    32	     1	     0.000	   120.172	      40939.1	      52628.8	    36.000	    85.308	     0.000	   121.308	     0.020	   447.279	    10269981.0	    88695216.0	
    15	  2000	    33	     1	     0.000	   120.240	      51416.9	      23156.7	    36.000	    84.355	     0.000	   120.355	     0.020	   447.274	    10266669.0	    88655264.0	
    15	  2000	    34	     1	     0.000	   120.523	      56921.5	      11578.3	    36.000	    84.176	     0.000	   120.176	     0.020	   447.271	    10265253.0	    88638184.0	
    15	  2000	    35	     1	     0.000	   120.834	      62690.6	       5262.9	    36.000	    84.289	     0.000	   120.289	     0.020	   447.270	    10264251.0	    88626104.0	
    15	  2000	    36	     1	     0.000	   121.406	      61226.2	       8420.6	    36.000	    84.722	     0.000	   120.722	     0.020	   447.270	    10264634.0	    88630720.0	
    15	  2000	    37	     1	     0.000	   121.984	      59786.7	       2105.2	    36.000	    85.353	     0.000	   121.353	     0.020	   447.270	    10264230.0	    88625848.0	
    15	  2000	    38	     1	     0.000	   122.936	      46867.7	      56839.1	    36.000	    86.248	     0.000	   122.248	     0.020	   447.278	    10269839.0	    88693496.0	
    15	  2000	    39	     1	     0.000	   124.261	      25445.0	     205252.5	    36.000	    88.356	     0.000	   124.356	     0.020	   447.300	    10283915.0	    88863336.0	
    15	  2000	    40	     1	     0.000	   124.748	      32145.4	     156833.9	    36.000	    90.809	     0.000	   126.809	     0.020	   447.293	    10279348.0	    88808216.0	
    15	  2000	    41	     1	     0.000	   125.930	      19151.9	     167359.7	    36.000	    91.353	     0.000	   127.353	     0.020	   447.296	    10281297.0	    88831736.0	
    15	  2000	    42	     1	     0.000	   126.541	      22996.8	     121046.3	    36.000	    92.236	     0.000	   128.236	     0.020	   447.290	    10277140.0	    88781576.0	
    15	  2000	    43	     1	     0.000	   126.907	      32115.4	     141045.3	    36.000	    92.021	     0.000	   128.021	     0.020	   447.291	    10278042.0	    88792456.0	
    15	  2000	    44	     1	     0.000	   127.948	      26940.3	     168412.3	    36.000	    93.189	     0.000	   129.189	     0.020	   447.295	    10280739.0	    88825000.0	
    15	  2000	    45	     1	     0.000	   132.286	      18277.0	     248408.1	    36.000	    97.904	     0.000	   133.904	     0.020	   447.306	    10288085.0	    88913656.0	
    15	  2000	    46	     1	     0.000	   139.085	      32746.8	      88416.4	    36.000	   105.728	     0.000	   141.728	     0.020	   447.284	    10273628.0	    88739200.0	
    15	  2000	    47	     1	     0.000	   146.598	      36692.9	      31577.3	    36.000	   111.223	     0.000	   147.223	     0.020	   447.276	    10268588.0	    88678416.0	
    15	  2000	    48	     1	     0.000	   151.553	      49778.8	       8420.6	    36.000	   115.474	     0.000	   151.474	     0.020	   447.272	    10265583.0	    88642168.0	
    15	  2000	    49	     1	     0.000	   151.669	      52798.2	       7368.0	    36.000	   115.170	     0.000	   151.170	     0.020	   447.271	    10265245.0	    88638096.0	
    15	  2000	    50	     1	     0.000	   151.658	      52794.2	       8420.6	    36.000	   115.112	     0.000	   151.112	     0.020	   447.271	    10265333.0	    88639152.0	
    15	  2000	    51	     1	     0.000	   151.384	      60300.1	      19999.0	    36.000	   114.850	     0.000	   150.850	     0.020	   447.272	    10265671.0	    88643224.0	
    15	  2000	    52	     1	     0.000	   151.882	      46921.0	      14736.1	    36.000	   115.396	     0.000	   151.396	     0.020	   447.273	    10266344.0	    88651344.0	
    15	  2000	    53	     1	     0.000	   151.529	      54233.4	       8420.6	    36.000	   115.136	     0.000	   151.136	     0.020	   447.271	    10265213.0	    88637712.0	
    15	  2000	    54	     1	     0.000	   151.225	      56795.4	       5262.9	    36.000	   114.674	     0.000	   150.674	     0.020	   447.271	    10264739.0	    88631992.0	
    15	  2000	    55	     1	     0.000	   150.848	      57109.4	       6315.5	    36.000	   114.231	     0.000	   150.231	     0.020	   447.271	    10264801.0	    88632736.0	
    15	  2000	    56	     1	     0.000	   150.342	      56680.9	       9473.2	    36.000	   113.734	     0.000	   149.734	     0.020	   447.271	    10265098.0	    88636320.0	
    15	  2000	    57	     1	     0.000	   150.595	      59223.8	       6315.5	    36.000	   114.029	     0.000	   150.029	     0.020	   447.270	    10264625.0	    88630616.0	
    15	  2000	    58	     1	     0.000	   152.049	      54359.3	       9473.2	    36.000	   115.417	     0.000	   151.417	     0.020	   447.271	    10265291.0	    88638640.0	
    15	  2000	    59	     1	     0.000	   153.365	      51065.4	      12630.9	    36.000	   116.826	     0.000	   152.826	     0.020	   447.272	    10265826.0	    88645096.0	
    15	  2000	    60	     1	     0.000	   154.334	      53658.1	      10525.8	    36.000	   117.869	     0.000	   153.869	     0.020	   447.272	    10265436.0	    88640392.0	
    15	  2000	    61	     1	     0.000	   155.125	      57651.0	       1052.6	    36.000	   118.606	     0.000	   154.606	     0.020	   447.270	    10264319.0	    88626928.0	
    15	  2000	    62	     1	     0.000	   156.053	      54908.2	       2105.2	    36.000	   119.378	     0.000	   155.378	     0.020	   447.270	    10264634.0	    88630728.0	
    15	  2000	    63	     1	     0.000	   156.916	      51135.5	      10525.8	    36.000	   120.285	     0.000	   156.285	     0.020	   447.272	    10265645.0	    88642920.0	
    15	  2000	    64	     1	     0.000	   157.980	      39445.5	       5262.9	    36.000	   121.490	     0.000	   157.490	     0.020	   447.273	    10266178.0	    88649344.0	
    15	  2000	    65	     1	     0.000	   158.474	      40501.7	       4210.3	    36.000	   122.059	     0.000	   158.059	     0.020	   447.272	    10266004.0	    88647240.0	
    15	  2000	    66	     1	     0.000	   158.924	      40588.4	       5262.9	    36.000	   122.484	     0.000	   158.484	     0.020	   447.273	    10266083.0	    88648200.0	
    15	  2000	    67	     1	     0.000	   159.232	      42493.1	       7368.0	    36.000	   122.804	     0.000	   158.804	     0.020	   447.273	    10266100.0	    88648400.0	
    15	  2000	    68	     1	     0.000	   159.205	      51500.2	       8420.6	    36.000	   122.778	     0.000	   158.778	     0.020	   447.272	    10265440.0	    88640448.0	
    15	  2000	    69	     1	     0.000	   159.547	      49162.9	       8420.6	    36.000	   123.028	     0.000	   159.028	     0.020	   447.272	    10265634.0	    88642784.0	
    15	  2000	    70	     1	     0.000	   159.657	      51445.4	      19999.0	    36.000	   123.165	     0.000	   159.165	     0.020	   447.273	    10266405.0	    88652080.0	
    15	  2000	    71	     1	     0.000	   159.750	      52818.0	      13683.5	    36.000	   123.366	     0.000	   159.366	     0.020	   447.272	    10265767.0	    88644392.0	
    15	  2000	    72	     1	     0.000	   159.864	      52361.6	       8420.6	    36.000	   123.391	     0.000	   159.391	     0.020	   447.272	    10265369.0	    88639584.0	
    15	  2000	    73	     1	     0.000	   160.713	      31417.2	      18946.4	    36.000	   124.185	     0.000	   160.185	     0.020	   447.276	    10267978.0	    88671056.0	
    15	  2000	    74	     1	     0.000	   159.843	      54674.4	       5262.9	    36.000	   123.679	     0.000	   159.679	     0.020	   447.271	    10264916.0	    88634120.0	
    15	  2000	    75	     1	     0.000	   159.899	      52590.3	       7368.0	    36.000	   123.307	     0.000	   159.307	     0.020	   447.271	    10265262.0	    88638304.0	
    15	  2000	    76	     1	     0.000	   159.979	      48961.0	      17893.8	    36.000	   123.435	     0.000	   159.435	     0.020	   447.273	    10266437.0	    88652464.0	
    15	  2000	    77	     1	     0.000	   160.007	      45839.9	      10525.8	    36.000	   123.627	     0.000	   159.627	     0.020	   447.273	    10266085.0	    88648216.0	
    15	  2000	    78	     1	     0.000	   159.944	      44316.2	      11578.3	    36.000	   123.515	     0.000	   159.515	     0.020	   447.273	    10266298.0	    88650792.0	
    15	  2000	    79	     1	     0.000	   159.632	      48568.2	      21051.5	    36.000	   123.234	     0.000	   159.234	     0.020	   447.274	    10266730.0	    88656008.0	
    15	  2000	    80	     1	     0.000	   159.801	      39517.5	      69470.1	    36.000	   123.462	     0.000	   159.462	     0.020	   447.281	    10271496.0	    88713480.0	
    15	  2000	    81	     1	     0.000	   159.654	      38236.8	      16841.2	    36.000	   123.981	     0.000	   159.981	     0.020	   447.274	    10267239.0	    88662136.0	
    15	  2000	    82	     1	     0.000	   158.817	      54788.2	          0.0	    36.000	   122.549	     0.000	   158.549	     0.020	   447.270	    10264469.0	    88628736.0	
    15	  2000	    83	     1	     0.000	   158.790	      49573.1	          0.0	    36.000	   122.135	     0.000	   158.135	     0.020	   447.271	    10264902.0	    88633952.0	
    15	  2000	    84	     1	     0.000	   158.805	      42839.2	       3157.7	    36.000	   122.211	     0.000	   158.211	     0.020	   447.272	    10265722.0	    88643848.0	
    15	  2000	    85	     1	     0.000	   158.266	      50341.8	          0.0	    36.000	   121.787	     0.000	   157.787	     0.020	   447.271	    10264838.0	    88633184.0	
    15	  2000	    86	     1	     0.000	   157.791	      55695.3	          0.0	    36.000	   121.189	     0.000	   157.189	     0.020	   447.270	    10264394.0	    88627832.0	
    15	  2000	    87	     1	     0.000	   157.661	      51425.4	          0.0	    36.000	   120.996	     0.000	   156.996	     0.020	   447.271	    10264749.0	    88632104.0	
    15	  2000	    88	     1	     0.000	   157.684	      42541.1	       2105.2	    36.000	   121.069	     0.000	   157.069	     0.020	   447.272	    10265660.0	    88643096.0	
    15	  2000	    89	     1	     0.000	   157.414	      40870.9	       6315.5	    36.000	   120.926	     0.000	   156.926	     0.020	   447.273	    10266148.0	    88648976.0	
    15	  2000	    90	     1	     0.000	   157.017	      42000.1	       6315.5	    36.000	   120.597	     0.000	   156.597	     0.020	   447.273	    10266053.0	    88647840.0	
    15	  2000	    91	     1	     0.000	   156.677	      41053.8	       3157.7	    36.000	   120.244	     0.000	   156.244	     0.020	   447.272	    10265870.0	    88645632.0	
    15	  2000	    92	     1	     0.000	   156.287	      40862.0	       1052.6	    36.000	   119.829	     0.000	   155.829	     0.020	   447.272	    10265712.0	    88643720.0	
    15	  2000	    93	     1	     0.000	   155.671	      46223.4	       1052.6	    36.000	   119.190	     0.000	   155.190	     0.020	   447.271	    10265267.0	    88638360.0	
    15	  2000	    94	     1	     0.000	   155.182	      47729.4	          0.0	    36.000	   118.639	     0.000	   154.639	     0.020	   447.271	    10265055.0	    88635800.0	
    15	  2000	    95	     1	     0.000	   154.729	      47808.0	          0.0	    36.000	   118.156	     0.000	   154.156	     0.020	   447.271	    10265048.0	    88635720.0	
    15	  2000	    96	     1	     0.000	   154.292	      47001.1	          0.0	    36.000	   117.719	     0.000	   153.719	     0.020	   447.271	    10265115.0	    88636528.0	
    15	  2000	    97	     1	     0.000	   153.602	      52602.6	          0.0	    36.000	   117.038	     0.000	   153.038	     0.020	   447.270	    10264651.0	    88630928.0	
    15	  2000	    98	     1	     0.000	   153.116	      52311.2	          0.0	    36.000	   116.488	     0.000	   152.488	     0.020	   447.270	    10264675.0	    88631216.0	
    15	  2000	    99	     1	     0.000	   152.586	      52829.3	          0.0	    36.000	   115.960	     0.000	   151.960	     0.020	   447.270	    10264632.0	    88630696.0	
    15	  2000	   100	     1	     0.000	   152.319	      45857.9	          0.0	    36.000	   115.687	     0.000	   151.687	     0.020	   447.271	    10265210.0	    88637672.0	
    15	  2000	   101	     1	     0.000	   151.804	      45178.2	          0.0	    36.000	   115.253	     0.000	   151.253	     0.020	   447.271	    10265266.0	    88638352.0	
    15	  2000	   102	     1	     0.000	   151.521	      37859.6	          0.0	    36.000	   114.978	     0.000	   150.978	     0.020	   447.272	    10265873.0	    88645672.0	
    15	  2000	   103	     1	     0.000	   150.496	      50303.9	          0.0	    36.000	   114.037	     0.000	   150.037	     0.020	   447.271	    10264842.0	    88633224.0	
    15	  2000	   104	     1	     0.000	   149.956	      49289.3	          0.0	    36.000	   113.354	     0.000	   149.354	     0.020	   447.271	    10264925.0	    88634240.0	
    15	  2000	   105	     1	     0.000	   149.343	      49989.8	          0.0	    36.000	   112.752	     0.000	   148.752	     0.020	   447.271	    10264867.0	    88633536.0	
    15	  2000	   106	     1	     0.000	   148.660	      52330.4	          0.0	    36.000	   112.061	     0.000	   148.061	     0.020	   447.270	    10264674.0	    88631200.0	
    15	  2000	   107	     1	     0.000	   148.065	      52011.1	          0.0	    36.000	   111.439	     0.000	   147.439	     0.020	   447.270	    10264700.0	    88631520.0	
    15	  2000	   108	     1	     0.000	   147.531	      49767.6	          0.0	    36.000	   110.909	     0.000	   146.909	     0.020	   447.271	    10264886.0	    88633760.0	
    15	  2000	   109	     1	     0.000	   147.219	      41206.0	       1052.6	    36.000	   110.623	     0.000	   146.623	     0.020	   447.272	    10265683.0	    88643376.0	
    15	  2000	   110	     1	     0.000	   146.434	      45426.2	          0.0	    36.000	   109.949	     0.000	   145.949	     0.020	   447.271	    10265246.0	    88638104.0	
    15	  2000	   111	     1	     0.000	   146.088	      37349.5	       5262.9	    36.000	   109.542	     0.000	   145.542	     0.020	   447.273	    10266352.0	    88651440.0	
    15	  2000	   112	     1	     0.000	   145.546	      34480.4	       5262.9	    36.000	   109.155	     0.000	   145.155	     0.020	   447.273	    10266590.0	    88654312.0	
    15	  2000	   113	     1	     0.000	   144.811	      36787.1	          0.0	    36.000	   108.453	     0.000	   144.453	     0.020	   447.272	    10265962.0	    88646744.0	
    15	  2000	   114	     1	     0.000	   143.918	      43368.7	          0.0	    36.000	   107.472	     0.000	   143.472	     0.020	   447.272	    10265417.0	    88640160.0	
    15	  2000	   115	     1	     0.000	   143.382	      39929.6	          0.0	    36.000	   106.860	     0.000	   142.860	     0.020	   447.272	    10265702.0	    88643600.0	
    15	  2000	   116	     1	     0.000	   142.486	      46403.4	          0.0	    36.000	   106.004	     0.000	   142.004	     0.020	   447.271	    10265165.0	    88637128.0	
    15	  2000	   117	     1	     0.000	   141.734	      48798.9	          0.0	    36.000	   105.177	     0.000	   141.177	     0.020	   447.271	    10264966.0	    88634728.0	
    15	  2000	   118	     1	     0.000	   141.012	      50283.2	          0.0	    36.000	   104.427	     0.000	   140.427	     0.020	   447.271	    10264844.0	    88633248.0	
    15	  2000	   119	     1	     0.000	   140.579	      43562.8	          0.0	    36.000	   103.977	     0.000	   139.977	     0.020	   447.272	    10265400.0	    88639968.0	
    15	  2000	   120	     1	     0.000	   139.977	      41474.8	          0.0	    36.000	   103.453	     0.000	   139.453	     0.020	   447.272	    10265574.0	    88642056.0	
    15	  2000	   121	     1	     0.000	   139.232	      43367.9	          0.0	    36.000	   102.732	     0.000	   138.732	     0.020	   447.272	    10265417.0	    88640160.0	
    15	  2000	   122	     1	     0.000	   138.663	      40194.4	          0.0	    36.000	   102.141	     0.000	   138.141	     0.020	   447.272	    10265680.0	    88643336.0	
    15	  2000	   123	     1	     0.000	   137.663	      49148.0	          0.0	    36.000	   101.178	     0.000	   137.178	     0.020	   447.271	    10264937.0	    88634376.0	
    15	  2000	   124	     1	     0.000	   137.194	      43015.6	          0.0	    36.000	   100.605	     0.000	   136.605	     0.020	   447.272	    10265446.0	    88640512.0	
    15	  2000	   125	     1	     0.000	   136.680	      38038.9	          0.0	    36.000	   100.163	     0.000	   136.163	     0.020	   447.272	    10265858.0	    88645488.0	
    15	  2000	   126	     1	     0.000	   135.982	      38275.6	          0.0	    36.000	    99.522	     0.000	   135.522	     0.020	   447.272	    10265839.0	    88645256.0	
    15	  2000	   127	     1	     0.000	   135.215	      40445.1	          0.0	    36.000	    98.752	     0.000	   134.752	     0.020	   447.272	    10265659.0	    88643080.0	
    15	  2000	   128	     1	     0.000	   134.605	      38106.6	          0.0	    36.000	    98.117	     0.000	   134.117	     0.020	   447.272	    10265853.0	    88645424.0	
    15	  2000	   129	     1	     0.000	   134.147	      31353.0	       1052.6	    36.000	    97.686	     0.000	   133.686	     0.020	   447.273	    10266500.0	    88653224.0	
    15	  2000	   130	     1	     0.000	   133.337	      34702.8	          0.0	    36.000	    96.967	     0.000	   132.967	     0.020	   447.273	    10266135.0	    88648824.0	
    15	  2000	   131	     1	     0.000	   132.336	      43634.3	          0.0	    36.000	    95.914	     0.000	   131.914	     0.020	   447.272	    10265395.0	    88639896.0	
    15	  2000	   132	     1	     0.000	   131.614	      44500.6	          0.0	    36.000	    95.089	     0.000	   131.089	     0.020	   447.271	    10265323.0	    88639024.0	
    15	  2000	   133	     1	     0.000	   131.186	      36854.5	          0.0	    36.000	    94.651	     0.000	   130.651	     0.020	   447.272	    10265957.0	    88646672.0	
    15	  2000	   134	     1	     0.000	   130.533	      35728.8	       1052.6	    36.000	    94.086	     0.000	   130.086	     0.020	   447.273	    10266137.0	    88648848.0	
    15	  2000	   135	     1	     0.000	   129.642	      41572.3	          0.0	    36.000	    93.221	     0.000	   129.221	     0.020	   447.272	    10265565.0	    88641952.0	
    15	  2000	   136	     1	     0.000	   128.894	      43278.8	          0.0	    36.000	    92.393	     0.000	   128.393	     0.020	   447.272	    10265424.0	    88640248.0	
    15	  2000	   137	     1	     0.000	   128.184	      43912.4	          0.0	    36.000	    91.663	     0.000	   127.663	     0.020	   447.272	    10265372.0	    88639616.0	
    15	  2000	   138	     1	     0.000	   127.505	      43678.6	          0.0	    36.000	    90.976	     0.000	   126.976	     0.020	   447.272	    10265391.0	    88639848.0	
    15	  2000	   139	     1	     0.000	   126.830	      43329.7	          0.0	    36.000	    90.304	     0.000	   126.304	     0.020	   447.272	    10265420.0	    88640200.0	
    15	  2000	   140	     1	     0.000	   126.127	      43842.6	          0.0	    36.000	    89.605	     0.000	   125.605	     0.020	   447.272	    10265378.0	    88639688.0	
    15	  2000	   141	     1	     0.000	   125.396	      45213.5	          0.0	    36.000	    88.869	     0.000	   124.869	     0.020	   447.271	    10265263.0	    88638312.0	
    15	  2000	   142	     1	     0.000	   124.906	      39465.1	          0.0	    36.000	    88.362	     0.000	   124.362	     0.020	   447.272	    10265740.0	    88644064.0	
    15	  2000	   143	     1	     0.000	   124.044	      44807.4	          0.0	    36.000	    87.567	     0.000	   123.567	     0.020	   447.271	    10265297.0	    88638720.0	
    15	  2000	   144	     1	     0.000	   123.643	      36413.9	       1052.6	    36.000	    87.104	     0.000	   123.104	     0.020	   447.273	    10266081.0	    88648168.0	
    15	  2000	   145	     1	     0.000	   122.680	      44861.8	          0.0	    36.000	    86.250	     0.000	   122.250	     0.020	   447.271	    10265292.0	    88638664.0	
    15	  2000	   146	     1	     0.000	   121.964	      45951.3	          0.0	    36.000	    85.424	     0.000	   121.424	     0.020	   447.271	    10265202.0	    88637576.0	
    15	  2000	   147	     1	     0.000	   121.245	      47169.3	          0.0	    36.000	    84.693	     0.000	   120.693	     0.020	   447.271	    10265101.0	    88636360.0	
    15	  2000	   148	     1	     0.000	   120.569	      47144.2	          0.0	    36.000	    84.003	     0.000	   120.003	     0.020	   447.271	    10265103.0	    88636384.0	
    15	  2000	   149	     1	     0.000	   119.950	      45409.4	          0.0	    36.000	    83.384	     0.000	   119.384	     0.020	   447.271	    10265247.0	    88638120.0	
    15	  2000	   150	     1	     0.000	   119.328	      43835.8	          0.0	    36.000	    82.782	     0.000	   118.782	     0.020	   447.272	    10265378.0	    88639696.0	
    15	  2000	   151	     1	     0.000	   118.585	      45959.8	          0.0	    36.000	    82.058	     0.000	   118.058	     0.020	   447.271	    10265202.0	    88637568.0	
    15	  2000	   152	     1	     0.000	   117.897	      46505.8	          0.0	    36.000	    81.345	     0.000	   117.345	     0.020	   447.271	    10265156.0	    88637024.0	
    15	  2000	   153	     1	     0.000	   117.273	      45137.1	          0.0	    36.000	    80.715	     0.000	   116.715	     0.020	   447.271	    10265270.0	    88638392.0	
    15	  2000	   154	     1	     0.000	   116.688	      42629.8	          0.0	    36.000	    80.146	     0.000	   116.146	     0.020	   447.272	    10265478.0	    88640896.0	
    15	  2000	   155	     1	     0.000	   116.297	      34208.4	          0.0	    36.000	    79.783	     0.000	   115.783	     0.020	   447.273	    10266176.0	    88649320.0	
    15	  2000	   156	     1	     0.000	   115.719	      31568.2	          0.0	    36.000	    79.303	     0.000	   115.303	     0.020	   447.273	    10266395.0	    88651960.0	
    15	  2000	   157	     1	     0.000	   115.188	      27519.0	       1052.6	    36.000	    78.803	     0.000	   114.803	     0.020	   447.274	    10266818.0	    88657064.0	
    15	  2000	   158	     1	     0.000	   114.647	      23881.7	       1052.6	    36.000	    78.320	     0.000	   114.320	     0.020	   447.274	    10267119.0	    88660696.0	
    15	  2000	   159	     1	     0.000	   113.593	      36275.4	       1052.6	    36.000	    77.309	     0.000	   113.309	     0.020	   447.273	    10266092.0	    88648304.0	
    15	  2000	   160	     1	     0.000	   112.728	      42917.3	          0.0	    36.000	    76.301	     0.000	   112.301	     0.020	   447.272	    10265453.0	    88640608.0	
    15	  2000	   161	     1	     0.000	   112.029	      44505.3	          0.0	    36.000	    75.512	     0.000	   111.512	     0.020	   447.271	    10265323.0	    88639024.0	
    15	  2000	   162	     1	     0.000	   111.500	      40789.9	          0.0	    36.000	    74.965	     0.000	   110.965	     0.020	   447.272	    10265630.0	    88642736.0	
    15	  2000	   163	     1	     0.000	   110.741	      44441.2	          0.0	    36.000	    74.249	     0.000	   110.249	     0.020	   447.271	    10265328.0	    88639088.0	
    15	  2000	   164	     1	     0.000	   110.185	      41776.4	          0.0	    36.000	    73.650	     0.000	   109.650	     0.020	   447.272	    10265548.0	    88641752.0	
    15	  2000	   165	     1	     0.000	   109.781	      34340.4	       1052.6	    36.000	    73.278	     0.000	   109.278	     0.020	   447.273	    10266252.0	    88650240.0	
    15	  2000	   166	     1	     0.000	   109.231	      31602.1	          0.0	    36.000	    72.826	     0.000	   108.826	     0.020	   447.273	    10266392.0	    88651928.0	
    15	  2000	   167	     1	     0.000	   108.284	      41625.8	       1052.6	    36.000	    71.898	     0.000	   107.898	     0.020	   447.272	    10265648.0	    88642952.0	
    15	  2000	   168	     1	     0.000	   107.523	      45833.4	          0.0	    36.000	    71.033	     0.000	   107.033	     0.020	   447.271	    10265212.0	    88637696.0	
    15	  2000	   169	     1	     0.000	   106.810	      48609.8	          0.0	    36.000	    70.260	     0.000	   106.260	     0.020	   447.271	    10264982.0	    88634920.0	
    15	  2000	   170	     1	     0.000	   106.294	      45151.7	       1052.6	    36.000	    69.711	     0.000	   105.711	     0.020	   447.271	    10265356.0	    88639432.0	
    15	  2000	   171	     1	     0.000	   105.718	      43710.3	          0.0	    36.000	    69.187	     0.000	   105.187	     0.020	   447.272	    10265388.0	    88639816.0	
    15	  2000	   172	     1	     0.000	   104.934	      49076.5	          0.0	    36.000	    68.408	     0.000	   104.408	     0.020	   447.271	    10264943.0	    88634448.0	
    15	  2000	   173	     1	     0.000	   104.243	      51544.2	          0.0	    36.000	    67.655	     0.000	   103.655	     0.020	   447.271	    10264738.0	    88631984.0	
    15	  2000	   174	     1	     0.000	   103.610	      52225.2	          0.0	    36.000	    66.993	     0.000	   102.993	     0.020	   447.270	    10264682.0	    88631304.0	
    15	  2000	   175	     1	     0.000	   103.528	      34978.0	          0.0	    36.000	    66.904	     0.000	   102.904	     0.020	   447.273	    10266112.0	    88648552.0	
    15	  2000	   176	     1	     0.000	   102.576	      46269.6	       1052.6	    36.000	    66.151	     0.000	   102.151	     0.020	   447.271	    10265263.0	    88638312.0	
    15	  2000	   177	     1	     0.000	   102.078	      42776.7	       2105.2	    36.000	    65.534	     0.000	   101.534	     0.020	   447.272	    10265640.0	    88642856.0	
    15	  2000	   178	     1	     0.000	   101.530	      41002.5	       1052.6	    36.000	    65.039	     0.000	   101.039	     0.020	   447.272	    10265700.0	    88643576.0	
    15	  2000	   179	     1	     0.000	   100.798	      45385.2	          0.0	    36.000	    64.316	     0.000	   100.316	     0.020	   447.271	    10265249.0	    88638144.0	
    15	  2000	   180	     1	     0.000	   100.143	      47340.0	          0.0	    36.000	    63.598	     0.000	    99.598	     0.020	   447.271	    10265088.0	    88636192.0	
    15	  2000	   181	     1	     0.000	    99.421	      51631.9	          0.0	    36.000	    62.853	     0.000	    98.853	     0.020	   447.271	    10264731.0	    88631896.0	
    15	  2000	   182	     1	     0.000	    98.798	      52767.5	          0.0	    36.000	    62.180	     0.000	    98.180	     0.020	   447.270	    10264637.0	    88630760.0	
    15	  2000	   183	     1	     0.000	    98.335	      48613.9	          0.0	    36.000	    61.705	     0.000	    97.705	     0.020	   447.271	    10264981.0	    88634912.0	
    15	  2000	   184	     1	     0.000	    97.791	      47296.2	          0.0	    36.000	    61.208	     0.000	    97.208	     0.020	   447.271	    10265091.0	    88636232.0	
    15	  2000	   185	     1	     0.000	    97.131	      49959.6	          0.0	    36.000	    60.563	     0.000	    96.563	     0.020	   447.271	    10264870.0	    88633568.0	
    15	  2000	   186	     1	     0.000	    96.465	      52916.9	          0.0	    36.000	    59.867	     0.000	    95.867	     0.020	   447.270	    10264625.0	    88630608.0	
    15	  2000	   187	     1	     0.000	    96.129	      44853.3	       1052.6	    36.000	    59.496	     0.000	    95.496	     0.020	   447.272	    10265381.0	    88639728.0	
    15	  2000	   188	     1	     0.000	    95.320	      52868.5	          0.0	    36.000	    58.793	     0.000	    94.793	     0.020	   447.270	    10264628.0	    88630656.0	
    15	  2000	   189	     1	     0.000	    94.685	      55125.7	          0.0	    36.000	    58.053	     0.000	    94.053	     0.020	   447.270	    10264441.0	    88628400.0	
    15	  2000	   190	     1	     0.000	    94.112	      55344.8	          0.0	    36.000	    57.454	     0.000	    93.454	     0.020	   447.270	    10264424.0	    88628184.0	
    15	  2000	   191	     1	     0.000	    93.761	      48117.6	       1052.6	    36.000	    57.100	     0.000	    93.100	     0.020	   447.271	    10265110.0	    88636464.0	
    15	  2000	   192	     1	     0.000	    93.225	      47280.3	          0.0	    36.000	    56.660	     0.000	    92.660	     0.020	   447.271	    10265092.0	    88636248.0	
    15	  2000	   193	     1	     0.000	    92.551	      51275.6	          0.0	    36.000	    55.984	     0.000	    91.984	     0.020	   447.271	    10264761.0	    88632256.0	
    15	  2000	   194	     1	     0.000	    92.038	      49861.9	          0.0	    36.000	    55.425	     0.000	    91.425	     0.020	   447.271	    10264878.0	    88633664.0	
    15	  2000	   195	     1	     0.000	    91.788	      39436.0	       1052.6	    36.000	    55.191	     0.000	    91.191	     0.020	   447.272	    10265830.0	    88645144.0	
    15	  2000	   196	     1	     0.000	    90.797	      54760.7	          0.0	    36.000	    54.333	     0.000	    90.333	     0.020	   447.270	    10264472.0	    88628768.0	
    15	  2000	   197	     1	     0.000	    90.152	      58258.6	          0.0	    36.000	    53.498	     0.000	    89.498	     0.020	   447.270	    10264182.0	    88625272.0	
    15	  2000	   198	     1	     0.000	    89.599	      58641.3	          0.0	    36.000	    52.905	     0.000	    88.905	     0.020	   447.270	    10264150.0	    88624888.0	
    15	  2000	   199	     1	     0.000	    89.088	      57667.7	          0.0	    36.000	    52.389	     0.000	    88.389	     0.020	   447.270	    10264231.0	    88625864.0	
    15	  2000	   200	     1	     0.000	    88.565	      57226.5	          0.0	    36.000	    51.878	     0.000	    87.878	     0.020	   447.270	    10264267.0	    88626304.0	
    15	  2000	   201	     1	     0.000	    87.968	      59491.2	          0.0	    36.000	    51.286	     0.000	    87.286	     0.020	   447.270	    10264080.0	    88624040.0	
    15	  2000	   202	     1	     0.000	    87.498	      57367.5	          0.0	    36.000	    50.790	     0.000	    86.790	     0.020	   447.270	    10264256.0	    88626160.0	
    15	  2000	   203	     1	     0.000	    87.072	      53806.1	          0.0	    36.000	    50.388	     0.000	    86.388	     0.020	   447.270	    10264551.0	    88629720.0	
    15	  2000	   204	     1	     0.000	    86.428	      58064.4	          0.0	    36.000	    49.785	     0.000	    85.785	     0.020	   447.270	    10264198.0	    88625464.0	
    15	  2000	   205	     1	     0.000	    86.188	      48044.4	          0.0	    36.000	    49.496	     0.000	    85.496	     0.020	   447.271	    10265028.0	    88635480.0	
    15	  2000	   206	     1	     0.000	    85.539	      52721.6	          0.0	    36.000	    48.963	     0.000	    84.963	     0.020	   447.270	    10264641.0	    88630808.0	
    15	  2000	   207	     1	     0.000	    85.088	      50421.3	          0.0	    36.000	    48.458	     0.000	    84.458	     0.020	   447.271	    10264831.0	    88633104.0	
    15	  2000	   208	     1	     0.000	    84.437	      55390.9	          0.0	    36.000	    47.833	     0.000	    83.833	     0.020	   447.270	    10264420.0	    88628136.0	
    15	  2000	   209	     1	     0.000	    83.863	      57743.2	          0.0	    36.000	    47.201	     0.000	    83.201	     0.020	   447.270	    10264224.0	    88625784.0	
    15	  2000	   210	     1	     0.000	    83.371	      57202.3	          0.0	    36.000	    46.683	     0.000	    82.683	     0.020	   447.270	    10264269.0	    88626328.0	
    15	  2000	   211	     1	     0.000	    83.162	      46527.4	      15788.7	    36.000	    46.480	     0.000	    82.480	     0.020	   447.273	    10266464.0	    88652792.0	
    15	  2000	   212	     1	     0.000	    82.528	      51343.5	       4210.3	    36.000	    46.152	     0.000	    82.152	     0.020	   447.271	    10265104.0	    88636392.0	
    15	  2000	   213	     1	     0.000	    81.661	      64816.5	          0.0	    36.000	    45.095	     0.000	    81.095	     0.020	   447.269	    10263638.0	    88618712.0	
    15	  2000	   214	     1	     0.000	    81.302	      59842.9	          0.0	    36.000	    44.532	     0.000	    80.532	     0.020	   447.269	    10264051.0	    88623688.0	
    15	  2000	   215	     1	     0.000	    80.968	      54033.8	          0.0	    36.000	    44.255	     0.000	    80.255	     0.020	   447.270	    10264532.0	    88629496.0	
    15	  2000	   216	     1	     0.000	    80.630	      48443.1	      24209.3	    36.000	    43.985	     0.000	    79.985	     0.020	   447.274	    10267003.0	    88659296.0	
    15	  2000	   217	     1	     0.000	    80.234	      45055.5	       7368.0	    36.000	    43.934	     0.000	    79.934	     0.020	   447.272	    10265888.0	    88645840.0	
    15	  2000	   218	     1	     0.000	    80.311	      24226.5	       5262.9	    36.000	    43.855	     0.000	    79.855	     0.020	   447.275	    10267440.0	    88664568.0	
    15	  2000	   219	     1	     0.000	    79.422	      39265.4	      51576.3	    36.000	    43.183	     0.000	    79.183	     0.020	   447.279	    10270033.0	    88695840.0	
    15	  2000	   220	     1	     0.000	    79.110	      33016.7	     191569.0	    36.000	    43.233	     0.000	    79.233	     0.020	   447.297	    10282154.0	    88842080.0	
    15	  2000	   221	     1	     0.000	    78.781	      27523.2	      70522.6	    36.000	    44.596	     0.000	    80.596	     0.020	   447.283	    10272577.0	    88726528.0	
    15	  2000	   222	     1	     0.000	    77.759	      48076.2	       3157.7	    36.000	    42.237	     0.000	    78.237	     0.020	   447.271	    10265288.0	    88638608.0	
    15	  2000	   223	     1	     0.000	    76.980	      59788.6	       1052.6	    36.000	    40.440	     0.000	    76.440	     0.020	   447.270	    10264142.0	    88624792.0	
    15	  2000	   224	     1	     0.000	    76.816	      48463.8	          0.0	    36.000	    40.116	     0.000	    76.116	     0.020	   447.271	    10264994.0	    88635064.0	
    15	  2000	   225	     1	     0.000	    76.080	      58864.1	          0.0	    36.000	    39.499	     0.000	    75.499	     0.020	   447.270	    10264132.0	    88624664.0	
    15	  2000	   226	     1	     0.000	    75.588	      60147.3	          0.0	    36.000	    38.887	     0.000	    74.887	     0.020	   447.269	    10264025.0	    88623384.0	
    15	  2000	   227	     1	     0.000	    75.104	      61291.2	          0.0	    36.000	    38.388	     0.000	    74.388	     0.020	   447.269	    10263930.0	    88622240.0	
    15	  2000	   228	     1	     0.000	    74.607	      63043.6	          0.0	    36.000	    37.878	     0.000	    73.878	     0.020	   447.269	    10263785.0	    88620488.0	
    15	  2000	   229	     1	     0.000	    74.166	      62753.4	          0.0	    36.000	    37.417	     0.000	    73.417	     0.020	   447.269	    10263809.0	    88620776.0	
    15	  2000	   230	     1	     0.000	    73.666	      64838.8	          0.0	    36.000	    36.920	     0.000	    72.920	     0.020	   447.269	    10263636.0	    88618688.0	
    15	  2000	   231	     1	     0.000	    73.353	      59846.3	          0.0	    36.000	    36.582	     0.000	    72.582	     0.020	   447.269	    10264050.0	    88623680.0	
    15	  2000	   232	     1	     0.000	    72.751	      66049.4	          0.0	    36.000	    36.038	     0.000	    72.038	     0.020	   447.269	    10263536.0	    88617480.0	
    15	  2000	   233	     1	     0.000	    72.173	      71485.9	          0.0	    36.000	    35.388	     0.000	    71.388	     0.020	   447.268	    10263085.0	    88612040.0	
    15	  2000	   234	     1	     0.000	    71.715	      72328.6	          0.0	    36.000	    34.868	     0.000	    70.868	     0.020	   447.268	    10263015.0	    88611200.0	
    15	  2000	   235	     1	     0.000	    71.247	      73711.1	          0.0	    36.000	    34.390	     0.000	    70.390	     0.020	   447.268	    10262900.0	    88609816.0	
    15	  2000	   236	     1	     0.000	    70.795	      74537.0	          0.0	    36.000	    33.921	     0.000	    69.921	     0.020	   447.268	    10262832.0	    88608992.0	
    15	  2000	   237	     1	     0.000	    70.443	      71527.0	          0.0	    36.000	    33.560	     0.000	    69.560	     0.020	   447.268	    10263081.0	    88612000.0	
    15	  2000	   238	     1	     0.000	    70.161	      65819.3	          0.0	    36.000	    33.313	     0.000	    69.313	     0.020	   447.269	    10263555.0	    88617712.0	
    15	  2000	   239	     1	     0.000	    69.896	      59519.7	       1052.6	    36.000	    33.114	     0.000	    69.114	     0.020	   447.270	    10264165.0	    88625064.0	
    15	  2000	   240	     1	     0.000	    69.757	      48249.8	          0.0	    36.000	    33.060	     0.000	    69.060	     0.020	   447.271	    10265012.0	    88635280.0	
    15	  2000	   241	     1	     0.000	    69.465	      43090.7	       6315.5	    36.000	    32.887	     0.000	    68.887	     0.020	   447.272	    10265963.0	    88646752.0	
    15	  2000	   242	     1	     0.000	    68.446	      66910.3	          0.0	    36.000	    32.001	     0.000	    68.001	     0.020	   447.269	    10263464.0	    88616616.0	
    15	  2000	   243	     1	     0.000	    68.159	      61767.5	          0.0	    36.000	    31.364	     0.000	    67.364	     0.020	   447.269	    10263891.0	    88621760.0	
    15	  2000	   244	     1	     0.000	    67.884	      56179.8	       1052.6	    36.000	    31.149	     0.000	    67.149	     0.020	   447.270	    10264441.0	    88628400.0	
    15	  2000	   245	     1	     0.000	    67.831	      41757.3	          0.0	    36.000	    31.173	     0.000	    67.173	     0.020	   447.272	    10265550.0	    88641768.0	
    15	  2000	   246	     1	     0.000	    66.896	      62807.4	          0.0	    36.000	    30.393	     0.000	    66.393	     0.020	   447.269	    10263805.0	    88620720.0	
    15	  2000	   247	     1	     0.000	    66.475	      63343.7	       1052.6	    36.000	    29.728	     0.000	    65.728	     0.020	   447.269	    10263848.0	    88621240.0	
    15	  2000	   248	     1	     0.000	    66.058	      63815.4	       8420.6	    36.000	    29.317	     0.000	    65.317	     0.020	   447.270	    10264420.0	    88628136.0	
    15	  2000	   249	     1	     0.000	    65.657	      63742.2	     127361.8	    36.000	    28.996	     0.000	    64.996	     0.020	   447.285	    10274286.0	    88747144.0	
    15	  2000	   250	     1	     0.000	    65.865	      38934.4	      87363.9	    36.000	    30.581	     0.000	    66.581	     0.020	   447.283	    10273027.0	    88731960.0	
    15	  2000	   251	     1	     0.000	    64.795	      66324.2	       9473.2	    36.000	    29.336	     0.000	    65.336	     0.020	   447.270	    10264299.0	    88626680.0	
    15	  2000	   252	     1	     0.000	    64.282	      71175.3	          0.0	    36.000	    27.604	     0.000	    63.604	     0.020	   447.268	    10263111.0	    88612352.0	
    15	  2000	   253	     1	     0.000	    63.758	      76558.0	          0.0	    36.000	    26.914	     0.000	    62.914	     0.020	   447.267	    10262664.0	    88606968.0	
    15	  2000	   254	     1	     0.000	    63.248	      81481.4	          0.0	    36.000	    26.342	     0.000	    62.342	     0.020	   447.267	    10262256.0	    88602048.0	
    15	  2000	   255	     1	     0.000	    62.825	      82948.4	          0.0	    36.000	    25.861	     0.000	    61.861	     0.020	   447.267	    10262134.0	    88600576.0	
    15	  2000	   256	     1	     0.000	    62.409	      84185.6	          0.0	    36.000	    25.429	     0.000	    61.429	     0.020	   447.266	    10262032.0	    88599344.0	
    15	  2000	   257	     1	     0.000	    62.009	      84904.1	          0.0	    36.000	    25.015	     0.000	    61.015	     0.020	   447.266	    10261972.0	    88598624.0	
    15	  2000	   258	     1	     0.000	    61.781	      78517.1	          0.0	    36.000	    24.778	     0.000	    60.778	     0.020	   447.267	    10262502.0	    88605008.0	
    15	  2000	   259	     1	     0.000	    61.310	      82346.8	          0.0	    36.000	    24.381	     0.000	    60.381	     0.020	   447.267	    10262184.0	    88601184.0	
    15	  2000	   260	     1	     0.000	    61.008	      79190.8	          0.0	    36.000	    24.035	     0.000	    60.035	     0.020	   447.267	    10262446.0	    88604336.0	
    15	  2000	   261	     1	     0.000	    60.544	      82874.1	          0.0	    36.000	    23.608	     0.000	    59.607	     0.020	   447.267	    10262140.0	    88600656.0	
    15	  2000	   262	     1	     0.000	    60.256	      79221.9	          0.0	    36.000	    23.277	     0.000	    59.277	     0.020	   447.267	    10262443.0	    88604304.0	
    15	  2000	   263	     1	     0.000	    60.005	      74054.0	          0.0	    36.000	    23.068	     0.000	    59.068	     0.020	   447.268	    10262872.0	    88609472.0	
    15	  2000	   264	     1	     0.000	    59.636	      73916.4	          0.0	    36.000	    22.759	     0.000	    58.759	     0.020	   447.268	    10262883.0	    88609608.0	
    15	  2000	   265	     1	     0.000	    59.147	      78971.6	       1052.6	    36.000	    22.272	     0.000	    58.272	     0.020	   447.267	    10262551.0	    88605608.0	
    15	  2000	   266	     1	     0.000	    58.888	      74298.6	       9473.2	    36.000	    21.967	     0.000	    57.967	     0.020	   447.269	    10263637.0	    88618704.0	
    15	  2000	   267	     1	     0.000	    58.438	      77880.1	       2105.2	    36.000	    21.668	     0.000	    57.668	     0.020	   447.267	    10262729.0	    88607752.0	
    15	  2000	   268	     1	     0.000	    58.100	      76747.3	       1052.6	    36.000	    21.203	     0.000	    57.203	     0.020	   447.267	    10262736.0	    88607832.0	
    15	  2000	   269	     1	     0.000	    57.813	      73530.3	       1052.6	    36.000	    20.916	     0.000	    56.916	     0.020	   447.268	    10263003.0	    88611048.0	
    15	  2000	   270	     1	     0.000	    57.302	      80031.5	          0.0	    36.000	    20.443	     0.000	    56.443	     0.020	   447.267	    10262376.0	    88603496.0	
    15	  2000	   271	     1	     0.000	    57.161	      70592.1	       1052.6	    36.000	    20.215	     0.000	    56.215	     0.020	   447.268	    10263247.0	    88613992.0	
    15	  2000	   272	     1	     0.000	    57.002	      61996.5	      23156.7	    36.000	    20.178	     0.000	    56.178	     0.020	   447.272	    10265792.0	    88644688.0	
    15	  2000	   273	     1	     0.000	    57.499	      24837.3	     174727.7	    36.000	    21.029	     0.000	    57.029	     0.020	   447.296	    10281437.0	    88833416.0	
    15	  2000	   274	     1	     0.000	    56.885	      36214.0	      95784.5	    36.000	    22.599	     0.000	    58.599	     0.020	   447.285	    10273950.0	    88743096.0	
    15	  2000	   275	     1	     0.000	    56.615	      32623.1	      75785.5	    36.000	    21.285	     0.000	    57.285	     0.020	   447.283	    10272590.0	    88726688.0	
    15	  2000	   276	     1	     0.000	    55.885	      49457.0	      28419.6	    36.000	    20.364	     0.000	    56.364	     0.020	   447.274	    10267268.0	    88662488.0	
    15	  2000	   277	     1	     0.000	    55.406	      55340.6	      25261.8	    36.000	    19.142	     0.000	    55.142	     0.020	   447.273	    10266519.0	    88653448.0	
    15	  2000	   278	     1	     0.000	    55.545	      33932.9	     136835.0	    36.000	    19.177	     0.000	    55.177	     0.020	   447.290	    10277543.0	    88786432.0	
    15	  2000	   279	     1	     0.000	    55.470	      22027.4	     198937.0	    36.000	    20.641	     0.000	    56.641	     0.020	   447.300	    10283676.0	    88860440.0	
    15	  2000	   280	     1	     0.000	    55.174	      20095.0	     198937.0	    36.000	    21.201	     0.000	    57.201	     0.020	   447.300	    10283836.0	    88862368.0	
    15	  2000	   281	     1	     0.000	    54.552	      32880.5	     163149.4	    36.000	    20.602	     0.000	    56.602	     0.020	   447.294	    10279811.0	    88813800.0	
    15	  2000	   282	     1	     0.000	    54.359	      26671.2	     186306.1	    36.000	    19.847	     0.000	    55.847	     0.020	   447.298	    10282244.0	    88843160.0	
    15	  2000	   283	     1	     0.000	    53.966	      29658.2	      18946.4	    36.000	    19.794	     0.000	    55.794	     0.020	   447.276	    10268124.0	    88672816.0	
    15	  2000	   284	     1	     0.000	    53.405	      40389.7	      12630.9	    36.000	    17.261	     0.000	    53.261	     0.020	   447.274	    10266711.0	    88655768.0	
    15	  2000	   285	     1	     0.000	    53.141	      37983.2	      75785.5	    36.000	    16.799	     0.000	    52.799	     0.020	   447.282	    10272146.0	    88721328.0	
    15	  2000	   286	     1	     0.000	    52.661	      45544.1	      44208.2	    36.000	    17.078	     0.000	    53.078	     0.020	   447.277	    10268902.0	    88682192.0	
    15	  2000	   287	     1	     0.000	    52.278	      48925.7	      82101.0	    36.000	    16.242	     0.000	    52.242	     0.020	   447.281	    10271763.0	    88716704.0	
    15	  2000	   288	     1	     0.000	    52.226	      37388.4	     113678.3	    36.000	    16.590	     0.000	    52.590	     0.020	   447.287	    10275337.0	    88759816.0	
    15	  2000	   289	     1	     0.000	    51.955	      36018.5	     263144.2	    36.000	    16.818	     0.000	    52.818	     0.020	   447.306	    10287836.0	    88910656.0	
    15	  2000	   290	     1	     0.000	    51.880	      25909.6	     253671.0	    36.000	    18.489	     0.000	    54.489	     0.020	   447.306	    10287889.0	    88911288.0	
    15	  2000	   291	     1	     0.000	    51.192	      44262.3	      92626.8	    36.000	    17.808	     0.000	    53.808	     0.020	   447.283	    10273022.0	    88731896.0	
    15	  2000	   292	     1	     0.000	    50.494	      63578.2	       5262.9	    36.000	    15.033	     0.000	    51.033	     0.020	   447.270	    10264177.0	    88625216.0	
    15	  2000	   293	     1	     0.000	    50.075	      70388.9	      19999.0	    36.000	    13.380	     0.000	    49.380	     0.020	   447.271	    10264834.0	    88633136.0	
    15	  2000	   294	     1	     0.000	    50.125	      55743.9	      36840.2	    36.000	    13.522	     0.000	    49.522	     0.020	   447.275	    10267445.0	    88664624.0	
    15	  2000	   295	     1	     0.000	    49.648	      65846.8	       9473.2	    36.000	    13.409	     0.000	    49.409	     0.020	   447.270	    10264338.0	    88627152.0	
    15	  2000	   296	     1	     0.000	    49.153	      77079.1	       1052.6	    36.000	    12.480	     0.000	    48.480	     0.020	   447.267	    10262708.0	    88607504.0	
    15	  2000	   297	     1	     0.000	    48.985	      73242.7	       1052.6	    36.000	    12.085	     0.000	    48.085	     0.020	   447.268	    10263026.0	    88611336.0	
    15	  2000	   298	     1	     0.000	    48.688	      75526.0	          0.0	    36.000	    11.833	     0.000	    47.833	     0.020	   447.267	    10262750.0	    88608000.0	
    15	  2000	   299	     1	     0.000	    48.710	      62921.4	       4210.3	    36.000	    11.816	     0.000	    47.816	     0.020	   447.270	    10264144.0	    88624816.0	
    15	  2000	   300	     1	     0.000	    48.476	      62391.2	      25261.8	    36.000	    11.777	     0.000	    47.777	     0.020	   447.272	    10265934.0	    88646400.0	
    15	  2000	   301	     1	     0.000	    48.619	      44074.8	     221041.1	    36.000	    12.169	     0.000	    48.169	     0.020	   447.300	    10283681.0	    88860496.0	
    15	  2000	   302	     1	     0.000	    48.396	      43102.3	     150518.5	    36.000	    14.424	     0.000	    50.424	     0.020	   447.291	    10277916.0	    88790944.0	
    15	  2000	   303	     1	     0.000	    47.989	      50987.0	      37892.8	    36.000	    13.212	     0.000	    49.212	     0.020	   447.275	    10267926.0	    88670432.0	
    15	  2000	   304	     1	     0.000	    47.746	      51276.9	      43155.6	    36.000	    11.575	     0.000	    47.575	     0.020	   447.276	    10268339.0	    88675408.0	
    15	  2000	   305	     1	     0.000	    47.566	      48767.2	      66312.3	    36.000	    11.452	     0.000	    47.452	     0.020	   447.279	    10270467.0	    88701072.0	
    15	  2000	   306	     1	     0.000	    47.450	      43417.8	     123151.5	    36.000	    11.633	     0.000	    47.633	     0.020	   447.287	    10275623.0	    88763264.0	
    15	  2000	   307	     1	     0.000	    47.276	      41073.4	     123151.5	    36.000	    12.179	     0.000	    48.179	     0.020	   447.288	    10275817.0	    88765608.0	
    15	  2000	   308	     1	     0.000	    46.851	      51098.6	     156833.9	    36.000	    11.781	     0.000	    47.781	     0.020	   447.291	    10277778.0	    88789264.0	
    15	  2000	   309	     1	     0.000	    46.864	      40544.4	     187358.6	    36.000	    12.068	     0.000	    48.068	     0.020	   447.296	    10281182.0	    88830344.0	
    15	  2000	   310	     1	     0.000	    46.756	      36317.4	     105257.7	    36.000	    12.435	     0.000	    48.435	     0.020	   447.286	    10274728.0	    88752472.0	
    15	  2000	   311	     1	     0.000	    46.629	      33750.3	     226304.0	    36.000	    11.407	     0.000	    47.407	     0.020	   447.302	    10284971.0	    88876080.0	
    15	  2000	   312	     1	     0.000	    46.485	      32880.9	     119993.7	    36.000	    12.694	     0.000	    48.694	     0.020	   447.288	    10276234.0	    88770640.0	
    15	  2000	   313	     1	     0.000	    45.975	      50852.8	      47365.9	    36.000	    10.963	     0.000	    46.963	     0.020	   447.277	    10268723.0	    88680040.0	
    15	  2000	   314	     1	     0.000	    45.794	      53964.7	      86311.3	    36.000	     9.734	     0.000	    45.734	     0.020	   447.281	    10271694.0	    88715872.0	
    15	  2000	   315	     1	     0.000	    47.101	      30198.4	     288406.0	    36.000	    11.455	     0.000	    47.455	     0.020	   447.310	    10290411.0	    88941736.0	
    15	  2000	   316	     1	     0.000	    48.773	      34194.0	     111573.1	    36.000	    15.742	     0.000	    51.742	     0.020	   447.287	    10275427.0	    88760904.0	
    15	  2000	   317	     1	     0.000	    50.608	      32136.8	      86311.3	    36.000	    15.483	     0.000	    51.483	     0.020	   447.284	    10273504.0	    88737704.0	
    15	  2000	   318	     1	     0.000	    51.689	      31643.7	     139992.7	    36.000	    16.296	     0.000	    52.296	     0.020	   447.291	    10277994.0	    88791880.0	
    15	  2000	   319	     1	     0.000	    51.302	      23976.1	     128414.4	    36.000	    16.536	     0.000	    52.536	     0.020	   447.290	    10277670.0	    88787968.0	
    15	  2000	   320	     1	     0.000	    50.579	      31202.4	      78943.2	    36.000	    15.768	     0.000	    51.768	     0.020	   447.283	    10272970.0	    88731272.0	
    15	  2000	   321	     1	     0.000	    50.215	      23978.7	      65259.8	    36.000	    14.747	     0.000	    50.747	     0.020	   447.282	    10272435.0	    88724808.0	
    15	  2000	   322	     1	     0.000	    49.521	      34355.6	      64207.2	    36.000	    13.979	     0.000	    49.979	     0.020	   447.281	    10271487.0	    88713376.0	
    15	  2000	   323	     1	     0.000	    49.022	      37862.5	     155781.4	    36.000	    13.348	     0.000	    49.348	     0.020	   447.292	    10278787.0	    88801448.0	
    15	  2000	   324	     1	     0.000	    48.630	      38634.9	      83153.6	    36.000	    13.975	     0.000	    49.975	     0.020	   447.283	    10272703.0	    88728048.0	
    15	  2000	   325	     1	     0.000	    48.272	      40190.6	     102099.9	    36.000	    12.767	     0.000	    48.767	     0.020	   447.285	    10274145.0	    88745440.0	
    15	  2000	   326	     1	     0.000	    48.076	      36552.7	      67364.9	    36.000	    12.772	     0.000	    48.772	     0.020	   447.281	    10271567.0	    88714344.0	
    15	  2000	   327	     1	     0.000	    47.733	      57440.3	      38945.3	    36.000	    12.069	     0.000	    48.069	     0.020	   447.275	    10267479.0	    88665032.0	
    15	  2000	   328	     1	     0.000	    48.041	      65010.4	      11578.3	    36.000	    11.807	     0.000	    47.807	     0.020	   447.270	    10264582.0	    88630096.0	
    15	  2000	   329	     1	     0.000	    48.541	      65396.9	       6315.5	    36.000	    11.903	     0.000	    47.903	     0.020	   447.270	    10264114.0	    88624448.0	
    15	  2000	   330	     1	     0.000	    49.006	      68084.7	          0.0	    36.000	    12.303	     0.000	    48.303	     0.020	   447.268	    10263366.0	    88615440.0	
    15	  2000	   331	     1	     0.000	    49.521	      68576.3	       2105.2	    36.000	    12.713	     0.000	    48.713	     0.020	   447.269	    10263501.0	    88617056.0	
    15	  2000	   332	     1	     0.000	    50.072	      66972.6	          0.0	    36.000	    13.283	     0.000	    49.283	     0.020	   447.269	    10263459.0	    88616552.0	
    15	  2000	   333	     1	     0.000	    50.478	      71219.2	       3157.7	    36.000	    13.683	     0.000	    49.683	     0.020	   447.268	    10263368.0	    88615464.0	
    15	  2000	   334	     1	     0.000	    51.370	      51879.2	      54734.0	    36.000	    14.562	     0.000	    50.562	     0.020	   447.277	    10269249.0	    88686384.0	
    15	  2000	   335	     1	     0.000	    52.077	      39867.9	     170517.4	    36.000	    16.090	     0.000	    52.090	     0.020	   447.294	    10279842.0	    88814176.0	
    15	  2001	     1	     1	     0.000	    52.950	      19554.2	     150518.5	    36.000	    18.442	     0.000	    54.442	     0.020	   447.294	    10279868.0	    88814496.0	
    15	  2001	     2	     1	     0.000	    53.960	      12381.6	     239987.5	    36.000	    19.456	     0.000	    55.456	     0.020	   447.306	    10287876.0	    88911136.0	
    15	  2001	     3	     1	     0.000	    55.030	      23095.1	     116836.0	    36.000	    21.644	     0.000	    57.644	     0.020	   447.289	    10276783.0	    88777272.0	
    15	  2001	     4	     1	     0.000	    56.567	      16012.6	     115783.4	    36.000	    21.632	     0.000	    57.632	     0.020	   447.290	    10277282.0	    88783296.0	
    15	  2001	     5	     1	     0.000	    57.357	      30432.4	      28419.6	    36.000	    22.492	     0.000	    58.492	     0.020	   447.277	    10268846.0	    88681512.0	
    15	  2001	     6	     1	     0.000	    57.739	      33323.9	      15788.7	    36.000	    21.696	     0.000	    57.696	     0.020	   447.275	    10267559.0	    88665992.0	
    15	  2001	     7	     1	     0.000	    58.190	      35559.1	       8420.6	    36.000	    21.967	     0.000	    57.967	     0.020	   447.274	    10266763.0	    88656392.0	
    15	  2001	     8	     1	     0.000	    58.755	      35545.6	      12630.9	    36.000	    22.421	     0.000	    58.421	     0.020	   447.274	    10267113.0	    88660616.0	
    15	  2001	     9	     1	     0.000	    59.403	      33837.6	      22104.1	    36.000	    23.117	     0.000	    59.117	     0.020	   447.276	    10268040.0	    88671792.0	
    15	  2001	    10	     1	     0.000	    60.231	      25418.2	      17893.8	    36.000	    24.076	     0.000	    60.076	     0.020	   447.276	    10268388.0	    88676000.0	
    15	  2001	    11	     1	     0.000	    60.824	      27374.0	       6315.5	    36.000	    24.717	     0.000	    60.717	     0.020	   447.274	    10267267.0	    88662472.0	
    15	  2001	    12	     1	     0.000	    61.370	      30881.6	          0.0	    36.000	    25.106	     0.000	    61.106	     0.020	   447.273	    10266452.0	    88652648.0	
    15	  2001	    13	     1	     0.000	    62.013	      29274.5	          0.0	    36.000	    25.636	     0.000	    61.636	     0.020	   447.273	    10266585.0	    88654256.0	
    15	  2001	    14	     1	     0.000	    62.736	      29194.4	          0.0	    36.000	    26.377	     0.000	    62.377	     0.020	   447.273	    10266592.0	    88654336.0	
    15	  2001	    15	     1	     0.000	    63.302	      40377.6	          0.0	    36.000	    26.944	     0.000	    62.944	     0.020	   447.272	    10265665.0	    88643152.0	
    15	  2001	    16	     1	     0.000	    64.109	      40029.1	          0.0	    36.000	    27.622	     0.000	    63.622	     0.020	   447.272	    10265693.0	    88643496.0	
    15	  2001	    17	     1	     0.000	    65.236	      25012.7	      54734.0	    36.000	    28.753	     0.000	    64.753	     0.020	   447.281	    10271476.0	    88713248.0	
    15	  2001	    18	     1	     0.000	    65.792	      32069.7	      54734.0	    36.000	    30.116	     0.000	    66.116	     0.020	   447.280	    10270891.0	    88706192.0	
    15	  2001	    19	     1	     0.000	    66.452	      33828.2	      68417.5	    36.000	    30.694	     0.000	    66.694	     0.020	   447.282	    10271880.0	    88718120.0	
    15	  2001	    20	     1	     0.000	    67.622	      18482.3	     204199.9	    36.000	    32.002	     0.000	    68.003	     0.020	   447.301	    10284405.0	    88869248.0	
    15	  2001	    21	     1	     0.000	    68.521	      22228.9	     195779.3	    36.000	    34.651	     0.000	    70.651	     0.020	   447.299	    10283397.0	    88857080.0	
    15	  2001	    22	     1	     0.000	    70.013	      22450.4	     213673.1	    36.000	    36.002	     0.000	    72.002	     0.020	   447.302	    10284861.0	    88874752.0	
    15	  2001	    23	     1	     0.000	    71.945	      20984.4	     106310.2	    36.000	    38.139	     0.000	    74.139	     0.020	   447.288	    10276086.0	    88768856.0	
    15	  2001	    24	     1	     0.000	    73.785	      20272.6	     126309.2	    36.000	    38.752	     0.000	    74.752	     0.020	   447.291	    10277802.0	    88789568.0	
    15	  2001	    25	     1	     0.000	    74.926	      36968.7	     114730.9	    36.000	    40.133	     0.000	    76.133	     0.020	   447.287	    10275458.0	    88761288.0	
    15	  2001	    26	     1	     0.000	    76.203	      31600.5	      18946.4	    36.000	    41.083	     0.000	    77.083	     0.020	   447.276	    10267963.0	    88670872.0	
    15	  2001	    27	     1	     0.000	    77.138	      46046.4	      64207.2	    36.000	    40.971	     0.000	    76.971	     0.020	   447.279	    10270518.0	    88701688.0	
    15	  2001	    28	     1	     0.000	    78.621	      46007.9	      44208.2	    36.000	    42.811	     0.000	    78.811	     0.020	   447.277	    10268863.0	    88681728.0	
    15	  2001	    29	     1	     0.000	    80.368	      40773.3	     115783.4	    36.000	    44.328	     0.000	    80.328	     0.020	   447.287	    10275231.0	    88758536.0	
    15	  2001	    30	     1	     0.000	    82.105	      43230.4	     164202.0	    36.000	    46.953	     0.000	    82.953	     0.020	   447.293	    10279040.0	    88804496.0	
    15	  2001	    31	     1	     0.000	    83.773	      56031.2	      69470.1	    36.000	    49.153	     0.000	    85.153	     0.020	   447.279	    10270127.0	    88696968.0	
