River sediment load in ton/timestep (with MAP IDs as in hymo.dat)
Year	Day	Timestep	15	69
2000	1	1	    0.000	    0.000
2000	2	1	    0.001	    0.000
2000	3	1	    0.003	    0.001
2000	4	1	    0.005	    0.001
2000	5	1	    0.007	    0.002
2000	6	1	    0.009	    0.004
2000	7	1	    0.010	    0.006
2000	8	1	    0.011	    0.009
2000	9	1	    0.012	    0.011
2000	10	1	    0.012	    0.013
2000	11	1	    0.011	    0.014
2000	12	1	    0.010	    0.015
2000	13	1	    0.008	    0.015
2000	14	1	    0.006	    0.016
2000	15	1	    0.005	    0.016
2000	16	1	    0.004	    0.015
2000	17	1	    0.002	    0.015
2000	18	1	    0.002	    0.014
2000	19	1	    0.003	    0.014
2000	20	1	    0.004	    0.013
2000	21	1	    0.005	    0.013
2000	22	1	    0.005	    0.012
2000	23	1	    0.004	    0.011
2000	24	1	    0.004	    0.010
2000	25	1	    0.003	    0.009
2000	26	1	    0.003	    0.009
2000	27	1	    0.002	    0.008
2000	28	1	    0.002	    0.008
2000	29	1	    0.002	    0.008
2000	30	1	    0.004	    0.008
2000	31	1	    0.007	    0.009
2000	32	1	    0.009	    0.009
2000	33	1	    0.010	    0.010
2000	34	1	    0.010	    0.010
2000	35	1	    0.009	    0.010
2000	36	1	    0.007	    0.009
2000	37	1	    0.006	    0.009
2000	38	1	    0.005	    0.010
2000	39	1	   10.382	    0.010
2000	40	1	   31.138	    0.011
2000	41	1	   51.895	   10.529
2000	42	1	   63.989	   37.765
2000	43	1	   57.086	   71.494
2000	44	1	   50.794	  107.003
2000	45	1	  415.988	  144.852
2000	46	1	 1154.219	  166.034
2000	47	1	 1894.874	  167.345
2000	48	1	 2324.830	  161.395
2000	49	1	 2074.718	  164.419
2000	50	1	 1794.862	  229.702
2000	51	1	 1517.280	  395.970
2000	52	1	 1243.426	  646.285
2000	53	1	  969.672	  917.267
2000	54	1	  695.887	 1125.103
2000	55	1	  422.063	 1269.296
2000	56	1	  148.691	 1353.401
2000	57	1	    6.327	 1381.072
2000	58	1	    0.418	 1355.611
2000	59	1	    0.093	 1283.973
2000	60	1	    0.051	 1171.839
2000	61	1	    0.027	 1022.629
2000	62	1	    0.008	  855.947
2000	63	1	    0.000	  691.050
2000	64	1	    0.000	  534.715
2000	65	1	    0.000	  395.299
2000	66	1	    0.000	  279.578
2000	67	1	    0.000	  188.890
2000	68	1	    0.000	  120.423
2000	69	1	    0.000	   71.008
2000	70	1	    0.000	   37.500
2000	71	1	    0.000	   16.776
2000	72	1	    0.000	    5.715
2000	73	1	    0.000	    1.195
2000	74	1	    0.000	    0.098
2000	75	1	    0.000	    0.009
2000	76	1	    0.000	    0.003
2000	77	1	    0.000	    0.001
2000	78	1	    0.000	    0.001
2000	79	1	    0.000	    0.000
2000	80	1	    0.000	    0.000
2000	81	1	    0.000	    0.000
2000	82	1	    0.001	    0.000
2000	83	1	    0.001	    0.000
2000	84	1	    0.001	    0.000
2000	85	1	    0.001	    0.000
2000	86	1	    0.000	    0.000
2000	87	1	    0.000	    0.001
2000	88	1	    0.000	    0.001
2000	89	1	    0.000	    0.001
2000	90	1	    0.000	    0.001
2000	91	1	    0.000	    0.001
2000	92	1	    0.000	    0.001
2000	93	1	    0.000	    0.001
2000	94	1	    0.000	    0.000
2000	95	1	    0.000	    0.000
2000	96	1	    0.000	    0.000
2000	97	1	    0.000	    0.000
2000	98	1	    0.000	    0.000
2000	99	1	    0.000	    0.000
2000	100	1	    0.000	    0.000
2000	101	1	    0.000	    0.000
2000	102	1	    0.000	    0.000
2000	103	1	    0.000	    0.000
2000	104	1	    0.000	    0.000
2000	105	1	    0.000	    0.000
2000	106	1	    0.000	    0.000
2000	107	1	    0.000	    0.000
2000	108	1	    0.000	    0.000
2000	109	1	    0.000	    0.000
2000	110	1	    0.000	    0.000
2000	111	1	    0.000	    0.000
2000	112	1	    0.000	    0.000
2000	113	1	    0.000	    0.000
2000	114	1	    0.000	    0.000
2000	115	1	    0.000	    0.000
2000	116	1	    0.000	    0.000
2000	117	1	    0.000	    0.000
2000	118	1	    0.000	    0.000
2000	119	1	    0.000	    0.000
2000	120	1	    0.000	    0.000
2000	121	1	    0.000	    0.000
2000	122	1	    0.000	    0.000
2000	123	1	    0.000	    0.000
2000	124	1	    0.000	    0.000
2000	125	1	    0.000	    0.000
2000	126	1	    0.000	    0.000
2000	127	1	    0.000	    0.000
2000	128	1	    0.000	    0.000
2000	129	1	    0.000	    0.000
2000	130	1	    0.000	    0.000
2000	131	1	    0.000	    0.000
2000	132	1	    0.000	    0.000
2000	133	1	    0.000	    0.000
2000	134	1	    0.000	    0.000
2000	135	1	    0.000	    0.000
2000	136	1	    0.000	    0.000
2000	137	1	    0.000	    0.000
2000	138	1	    0.000	    0.000
2000	139	1	    0.000	    0.000
2000	140	1	    0.000	    0.000
2000	141	1	    0.000	    0.000
2000	142	1	    0.000	    0.000
2000	143	1	    0.000	    0.000
2000	144	1	    0.000	    0.000
2000	145	1	    0.000	    0.000
2000	146	1	    0.000	    0.000
2000	147	1	    0.000	    0.000
2000	148	1	    0.000	    0.000
2000	149	1	    0.000	    0.000
2000	150	1	    0.000	    0.000
2000	151	1	    0.000	    0.000
2000	152	1	    0.000	    0.000
2000	153	1	    0.000	    0.000
2000	154	1	    0.000	    0.000
2000	155	1	    0.000	    0.000
2000	156	1	    0.000	    0.000
2000	157	1	    0.000	    0.000
2000	158	1	    0.000	    0.000
2000	159	1	    0.000	    0.000
2000	160	1	    0.000	    0.000
2000	161	1	    0.000	    0.000
2000	162	1	    0.000	    0.000
2000	163	1	    0.000	    0.000
2000	164	1	    0.000	    0.000
2000	165	1	    0.000	    0.000
2000	166	1	    0.000	    0.000
2000	167	1	    0.000	    0.000
2000	168	1	    0.000	    0.000
2000	169	1	    0.000	    0.000
2000	170	1	    0.000	    0.000
2000	171	1	    0.000	    0.000
2000	172	1	    0.000	    0.000
2000	173	1	    0.000	    0.000
2000	174	1	    0.000	    0.000
2000	175	1	    0.000	    0.000
2000	176	1	    0.000	    0.000
2000	177	1	    0.000	    0.000
2000	178	1	    0.000	    0.000
2000	179	1	    0.000	    0.000
2000	180	1	    0.000	    0.000
2000	181	1	    0.000	    0.000
2000	182	1	    0.000	    0.000
2000	183	1	    0.000	    0.000
2000	184	1	    0.000	    0.000
2000	185	1	    0.000	    0.000
2000	186	1	    0.000	    0.000
2000	187	1	    0.000	    0.000
2000	188	1	    0.000	    0.000
2000	189	1	    0.000	    0.000
2000	190	1	    0.000	    0.000
2000	191	1	    0.000	    0.000
2000	192	1	    0.000	    0.000
2000	193	1	    0.000	    0.000
2000	194	1	    0.000	    0.000
2000	195	1	    0.000	    0.000
2000	196	1	    0.000	    0.000
2000	197	1	    0.000	    0.000
2000	198	1	    0.000	    0.000
2000	199	1	    0.000	    0.000
2000	200	1	    0.000	    0.000
2000	201	1	    0.000	    0.000
2000	202	1	    0.000	    0.000
2000	203	1	    0.000	    0.000
2000	204	1	    0.000	    0.000
2000	205	1	    0.000	    0.000
2000	206	1	    0.000	    0.000
2000	207	1	    0.000	    0.000
2000	208	1	    0.000	    0.000
2000	209	1	    0.000	    0.000
2000	210	1	    0.000	    0.000
2000	211	1	    0.000	    0.000
2000	212	1	    0.000	    0.000
2000	213	1	    0.000	    0.000
2000	214	1	    0.000	    0.000
2000	215	1	    0.000	    0.000
2000	216	1	    0.000	    0.000
2000	217	1	    0.000	    0.000
2000	218	1	    0.000	    0.000
2000	219	1	    0.000	    0.000
2000	220	1	    0.001	    0.000
2000	221	1	    0.001	    0.000
2000	222	1	    0.002	    0.000
2000	223	1	    0.002	    0.000
2000	224	1	    0.002	    0.000
2000	225	1	    0.002	    0.001
2000	226	1	    0.002	    0.001
2000	227	1	    0.001	    0.001
2000	228	1	    0.001	    0.001
2000	229	1	    0.001	    0.001
2000	230	1	    0.000	    0.002
2000	231	1	    0.000	    0.002
2000	232	1	    0.000	    0.002
2000	233	1	    0.000	    0.002
2000	234	1	    0.000	    0.001
2000	235	1	    0.000	    0.001
2000	236	1	    0.000	    0.001
2000	237	1	    0.000	    0.001
2000	238	1	    0.000	    0.001
2000	239	1	    0.000	    0.001
2000	240	1	    0.000	    0.000
2000	241	1	    0.000	    0.000
2000	242	1	    0.000	    0.000
2000	243	1	    0.000	    0.000
2000	244	1	    0.000	    0.000
2000	245	1	    0.000	    0.000
2000	246	1	    0.000	    0.000
2000	247	1	    0.000	    0.000
2000	248	1	    0.000	    0.000
2000	249	1	    0.000	    0.000
2000	250	1	    0.001	    0.000
2000	251	1	    0.001	    0.000
2000	252	1	    0.001	    0.000
2000	253	1	    0.001	    0.000
2000	254	1	    0.001	    0.001
2000	255	1	    0.001	    0.001
2000	256	1	    0.001	    0.001
2000	257	1	    0.001	    0.001
2000	258	1	    0.001	    0.001
2000	259	1	    0.000	    0.001
2000	260	1	    0.000	    0.001
2000	261	1	    0.000	    0.001
2000	262	1	    0.000	    0.001
2000	263	1	    0.000	    0.001
2000	264	1	    0.000	    0.001
2000	265	1	    0.000	    0.001
2000	266	1	    0.000	    0.001
2000	267	1	    0.000	    0.001
2000	268	1	    0.000	    0.000
2000	269	1	    0.000	    0.000
2000	270	1	    0.000	    0.000
2000	271	1	    0.000	    0.000
2000	272	1	    0.000	    0.000
2000	273	1	    0.000	    0.000
2000	274	1	    0.001	    0.000
2000	275	1	    0.002	    0.000
2000	276	1	    0.002	    0.001
2000	277	1	    0.003	    0.001
2000	278	1	    0.003	    0.001
2000	279	1	    0.003	  116.690
2000	280	1	    0.004	  350.069
2000	281	1	    0.005	  583.448
2000	282	1	    0.006	  816.827
2000	283	1	    0.007	 1044.524
2000	284	1	    0.007	 1064.373
2000	285	1	    0.006	  979.592
2000	286	1	    0.006	  894.810
2000	287	1	    0.005	  810.027
2000	288	1	    0.004	  725.245
2000	289	1	    0.004	  640.463
2000	290	1	    0.005	  555.681
2000	291	1	    0.006	  470.898
2000	292	1	    0.007	  386.116
2000	293	1	    0.007	  301.333
2000	294	1	    0.006	  216.550
2000	295	1	    0.005	  131.766
2000	296	1	    0.004	   46.982
2000	297	1	    0.003	    2.177
2000	298	1	    0.003	    0.011
2000	299	1	    0.002	    0.010
2000	300	1	    0.001	    0.009
2000	301	1	    0.001	    0.008
2000	302	1	    0.001	    0.008
2000	303	1	    0.002	    0.007
2000	304	1	    0.003	    0.006
2000	305	1	    0.003	    0.005
2000	306	1	    0.003	    0.005
2000	307	1	    0.004	    0.004
2000	308	1	    0.004	    0.005
2000	309	1	    0.005	    2.029
2000	310	1	    0.005	    6.077
2000	311	1	    0.006	   10.126
2000	312	1	    0.007	   14.174
2000	313	1	    0.007	   18.123
2000	314	1	    0.007	   18.468
2000	315	1	   73.808	   52.292
2000	316	1	  221.409	  121.411
2000	317	1	  369.011	  190.530
2000	318	1	  455.006	  259.648
2000	319	1	  405.910	  329.139
2000	320	1	  352.026	  348.418
2000	321	1	  298.142	  356.333
2000	322	1	  244.258	  381.105
2000	323	1	  190.374	  410.150
2000	324	1	  136.490	  426.845
2000	325	1	   82.607	  431.200
2000	326	1	   28.723	  423.829
2000	327	1	    0.863	  406.040
2000	328	1	    0.003	  378.494
2000	329	1	    0.002	  341.103
2000	330	1	    0.002	  294.443
2000	331	1	    0.002	  239.866
2000	332	1	    0.001	  181.740
2000	333	1	    0.001	  135.994
2000	334	1	    0.001	  104.758
2000	335	1	    0.001	   77.452
2001	1	1	   0.001	  54.772
2001	2	1	  19.291	  60.603
2001	3	1	  57.871	  94.397
2001	4	1	  96.450	 131.931
2001	5	1	 118.927	 172.590
2001	6	1	 106.095	 215.156
2001	7	1	  92.011	 220.869
2001	8	1	  77.927	 211.994
2001	9	1	  63.843	 208.193
2001	10	1	  49.759	 205.703
2001	11	1	  35.675	 199.997
2001	12	1	  21.591	 191.067
2001	13	1	   7.507	 179.072
2001	14	1	   0.225	 164.173
2001	15	1	   0.000	 146.530
2001	16	1	   0.000	 126.304
2001	17	1	   0.000	 103.655
2001	18	1	   0.000	  78.937
2001	19	1	   0.000	  53.292
2001	20	1	   2.619	  93.311
2001	21	1	   9.918	 204.422
2001	22	1	  34.687	 324.660
2001	23	1	  72.679	 450.534
2001	24	1	 104.157	 576.100
2001	25	1	 118.870	 600.671
2001	26	1	 105.314	 567.919
2001	27	1	  90.869	 529.802
2001	28	1	  76.524	 492.223
2001	29	1	  62.230	 457.322
2001	30	1	  50.123	 422.874
2001	31	1	  40.924	 385.279
