daily river flow [m3] for all sub-basins (MAP-IDs)
Year	Day	15	69
2000	1	0.96736E+07	0.53989E+07
2000	2	0.11801E+08	0.55263E+07
2000	3	0.10482E+08	0.56567E+07
2000	4	0.10541E+08	0.57918E+07
2000	5	0.11193E+08	0.61255E+07
2000	6	0.11545E+08	0.61471E+07
2000	7	0.11779E+08	0.63679E+07
2000	8	0.12263E+08	0.65904E+07
2000	9	0.12495E+08	0.67605E+07
2000	10	0.12476E+08	0.69298E+07
2000	11	0.12601E+08	0.70860E+07
2000	12	0.12809E+08	0.72271E+07
2000	13	0.13033E+08	0.73549E+07
2000	14	0.13192E+08	0.74693E+07
2000	15	0.13343E+08	0.75718E+07
2000	16	0.13486E+08	0.76633E+07
2000	17	0.13620E+08	0.77472E+07
2000	18	0.13775E+08	0.78401E+07
2000	19	0.13945E+08	0.79609E+07
2000	20	0.14112E+08	0.80708E+07
2000	21	0.14240E+08	0.81715E+07
2000	22	0.14363E+08	0.82610E+07
2000	23	0.14475E+08	0.83407E+07
2000	24	0.14574E+08	0.84118E+07
2000	25	0.14659E+08	0.84754E+07
2000	26	0.14735E+08	0.85316E+07
2000	27	0.14800E+08	0.85814E+07
2000	28	0.14873E+08	0.86359E+07
2000	29	0.15150E+08	0.87049E+07
2000	30	0.15097E+08	0.87919E+07
2000	31	0.15241E+08	0.88719E+07
2000	32	0.15381E+08	0.89467E+07
2000	33	0.15507E+08	0.90156E+07
2000	34	0.15622E+08	0.90773E+07
2000	35	0.15723E+08	0.91312E+07
2000	36	0.15813E+08	0.91779E+07
2000	37	0.15891E+08	0.92182E+07
2000	38	0.15966E+08	0.92562E+07
2000	39	0.16897E+08	0.93005E+07
2000	40	0.16236E+08	0.96632E+07
2000	41	0.16573E+08	0.12220E+08
2000	42	0.16800E+08	0.12366E+08
2000	43	0.17197E+08	0.98015E+07
2000	44	0.17973E+08	0.10233E+08
2000	45	0.34216E+08	0.10671E+08
2000	46	0.18774E+08	0.10551E+08
2000	47	0.18650E+08	0.10745E+08
2000	48	0.18772E+08	0.10936E+08
2000	49	0.19055E+08	0.11107E+08
2000	50	0.19318E+08	0.11261E+08
2000	51	0.19576E+08	0.11401E+08
2000	52	0.19766E+08	0.11526E+08
2000	53	0.19941E+08	0.11637E+08
2000	54	0.20104E+08	0.11736E+08
2000	55	0.20250E+08	0.11824E+08
2000	56	0.20377E+08	0.11902E+08
2000	57	0.20488E+08	0.11969E+08
2000	58	0.20585E+08	0.12028E+08
2000	59	0.20669E+08	0.12080E+08
2000	60	0.20743E+08	0.12125E+08
2000	61	0.20805E+08	0.12163E+08
2000	62	0.20856E+08	0.12194E+08
2000	63	0.20898E+08	0.12220E+08
2000	64	0.20933E+08	0.12242E+08
2000	65	0.20961E+08	0.12261E+08
2000	66	0.20982E+08	0.12276E+08
2000	67	0.20997E+08	0.12288E+08
2000	68	0.21006E+08	0.12297E+08
2000	69	0.21009E+08	0.12302E+08
2000	70	0.21007E+08	0.12304E+08
2000	71	0.21000E+08	0.12304E+08
2000	72	0.20990E+08	0.12300E+08
2000	73	0.20976E+08	0.12294E+08
2000	74	0.20958E+08	0.12284E+08
2000	75	0.20937E+08	0.12272E+08
2000	76	0.20911E+08	0.12258E+08
2000	77	0.20883E+08	0.12241E+08
2000	78	0.20852E+08	0.12222E+08
2000	79	0.20818E+08	0.12200E+08
2000	80	0.20790E+08	0.12177E+08
2000	81	0.20758E+08	0.12152E+08
2000	82	0.20724E+08	0.12126E+08
2000	83	0.20686E+08	0.12098E+08
2000	84	0.20645E+08	0.12070E+08
2000	85	0.20600E+08	0.12039E+08
2000	86	0.20552E+08	0.12007E+08
2000	87	0.20501E+08	0.11974E+08
2000	88	0.20448E+08	0.11939E+08
2000	89	0.20392E+08	0.11903E+08
2000	90	0.20334E+08	0.11866E+08
2000	91	0.20274E+08	0.11828E+08
2000	92	0.20212E+08	0.11790E+08
2000	93	0.20148E+08	0.11750E+08
2000	94	0.20082E+08	0.11709E+08
2000	95	0.20015E+08	0.11668E+08
2000	96	0.19945E+08	0.11625E+08
2000	97	0.19873E+08	0.11581E+08
2000	98	0.19800E+08	0.11537E+08
2000	99	0.19724E+08	0.11491E+08
2000	100	0.19647E+08	0.11444E+08
2000	101	0.19569E+08	0.11397E+08
2000	102	0.19490E+08	0.11350E+08
2000	103	0.19409E+08	0.11301E+08
2000	104	0.19328E+08	0.11252E+08
2000	105	0.19245E+08	0.11203E+08
2000	106	0.19162E+08	0.11153E+08
2000	107	0.19077E+08	0.11103E+08
2000	108	0.18991E+08	0.11052E+08
2000	109	0.18905E+08	0.11000E+08
2000	110	0.18818E+08	0.10949E+08
2000	111	0.18730E+08	0.10897E+08
2000	112	0.18643E+08	0.10845E+08
2000	113	0.18555E+08	0.10793E+08
2000	114	0.18466E+08	0.10741E+08
2000	115	0.18378E+08	0.10688E+08
2000	116	0.18289E+08	0.10636E+08
2000	117	0.18199E+08	0.10583E+08
2000	118	0.18109E+08	0.10531E+08
2000	119	0.18018E+08	0.10477E+08
2000	120	0.17927E+08	0.10424E+08
2000	121	0.17836E+08	0.10371E+08
2000	122	0.17745E+08	0.10318E+08
2000	123	0.17654E+08	0.10264E+08
2000	124	0.17562E+08	0.10211E+08
2000	125	0.17470E+08	0.10157E+08
2000	126	0.17379E+08	0.10104E+08
2000	127	0.17287E+08	0.10050E+08
2000	128	0.17196E+08	0.99967E+07
2000	129	0.17104E+08	0.99436E+07
2000	130	0.17013E+08	0.98905E+07
2000	131	0.16922E+08	0.98375E+07
2000	132	0.16831E+08	0.97845E+07
2000	133	0.16740E+08	0.97317E+07
2000	134	0.16649E+08	0.96789E+07
2000	135	0.16559E+08	0.96262E+07
2000	136	0.16468E+08	0.95736E+07
2000	137	0.16378E+08	0.95211E+07
2000	138	0.16287E+08	0.94687E+07
2000	139	0.16197E+08	0.94164E+07
2000	140	0.16107E+08	0.93643E+07
2000	141	0.16018E+08	0.93123E+07
2000	142	0.15928E+08	0.92604E+07
2000	143	0.15839E+08	0.92086E+07
2000	144	0.15750E+08	0.91570E+07
2000	145	0.15661E+08	0.91055E+07
2000	146	0.15572E+08	0.90541E+07
2000	147	0.15484E+08	0.90029E+07
2000	148	0.15396E+08	0.89519E+07
2000	149	0.15308E+08	0.89010E+07
2000	150	0.15221E+08	0.88503E+07
2000	151	0.15133E+08	0.87998E+07
2000	152	0.15046E+08	0.87494E+07
2000	153	0.14960E+08	0.86992E+07
2000	154	0.14873E+08	0.86491E+07
2000	155	0.14787E+08	0.85991E+07
2000	156	0.14701E+08	0.85491E+07
2000	157	0.14616E+08	0.84994E+07
2000	158	0.14531E+08	0.84500E+07
2000	159	0.14447E+08	0.84008E+07
2000	160	0.14363E+08	0.83518E+07
2000	161	0.14279E+08	0.83030E+07
2000	162	0.14195E+08	0.82545E+07
2000	163	0.14112E+08	0.82062E+07
2000	164	0.14030E+08	0.81580E+07
2000	165	0.13947E+08	0.81102E+07
2000	166	0.13865E+08	0.80626E+07
2000	167	0.13784E+08	0.80152E+07
2000	168	0.13702E+08	0.79680E+07
2000	169	0.13622E+08	0.79210E+07
2000	170	0.13541E+08	0.78743E+07
2000	171	0.13461E+08	0.78277E+07
2000	172	0.13381E+08	0.77814E+07
2000	173	0.13302E+08	0.77353E+07
2000	174	0.13222E+08	0.76895E+07
2000	175	0.13144E+08	0.76438E+07
2000	176	0.13065E+08	0.75984E+07
2000	177	0.12987E+08	0.75532E+07
2000	178	0.12910E+08	0.75083E+07
2000	179	0.12833E+08	0.74636E+07
2000	180	0.12756E+08	0.74192E+07
2000	181	0.12680E+08	0.73749E+07
2000	182	0.12604E+08	0.73309E+07
2000	183	0.12528E+08	0.72871E+07
2000	184	0.12452E+08	0.72436E+07
2000	185	0.12377E+08	0.72003E+07
2000	186	0.12302E+08	0.71572E+07
2000	187	0.12228E+08	0.71144E+07
2000	188	0.12154E+08	0.70718E+07
2000	189	0.12081E+08	0.70294E+07
2000	190	0.12008E+08	0.69873E+07
2000	191	0.11935E+08	0.69454E+07
2000	192	0.11863E+08	0.69037E+07
2000	193	0.11791E+08	0.68622E+07
2000	194	0.11720E+08	0.68210E+07
2000	195	0.11649E+08	0.67800E+07
2000	196	0.11578E+08	0.67393E+07
2000	197	0.11508E+08	0.66988E+07
2000	198	0.11438E+08	0.66585E+07
2000	199	0.11369E+08	0.66185E+07
2000	200	0.11300E+08	0.65787E+07
2000	201	0.11231E+08	0.65391E+07
2000	202	0.11163E+08	0.64997E+07
2000	203	0.11096E+08	0.64606E+07
2000	204	0.11028E+08	0.64217E+07
2000	205	0.10961E+08	0.63830E+07
2000	206	0.10895E+08	0.63446E+07
2000	207	0.10829E+08	0.63064E+07
2000	208	0.10763E+08	0.62683E+07
2000	209	0.10698E+08	0.62305E+07
2000	210	0.10633E+08	0.61929E+07
2000	211	0.10568E+08	0.61555E+07
2000	212	0.10504E+08	0.61184E+07
2000	213	0.10440E+08	0.60814E+07
2000	214	0.10376E+08	0.60446E+07
2000	215	0.10313E+08	0.60081E+07
2000	216	0.10250E+08	0.59717E+07
2000	217	0.10188E+08	0.59356E+07
2000	218	0.10126E+08	0.58996E+07
2000	219	0.10064E+08	0.58639E+07
2000	220	0.10004E+08	0.58285E+07
2000	221	0.99441E+07	0.57931E+07
2000	222	0.98835E+07	0.57581E+07
2000	223	0.98240E+07	0.57232E+07
2000	224	0.97648E+07	0.56885E+07
2000	225	0.97059E+07	0.56540E+07
2000	226	0.96473E+07	0.56197E+07
2000	227	0.95891E+07	0.55856E+07
2000	228	0.95311E+07	0.55517E+07
2000	229	0.94735E+07	0.55180E+07
2000	230	0.94162E+07	0.54844E+07
2000	231	0.93592E+07	0.54511E+07
2000	232	0.93026E+07	0.54179E+07
2000	233	0.92462E+07	0.53848E+07
2000	234	0.91901E+07	0.53517E+07
2000	235	0.91343E+07	0.53187E+07
2000	236	0.90789E+07	0.52859E+07
2000	237	0.90237E+07	0.52533E+07
2000	238	0.89688E+07	0.52209E+07
2000	239	0.89143E+07	0.51887E+07
2000	240	0.88600E+07	0.51567E+07
2000	241	0.88061E+07	0.51249E+07
2000	242	0.87525E+07	0.50932E+07
2000	243	0.86992E+07	0.50618E+07
2000	244	0.86461E+07	0.50305E+07
2000	245	0.85934E+07	0.49994E+07
2000	246	0.85410E+07	0.49686E+07
2000	247	0.84889E+07	0.49379E+07
2000	248	0.84370E+07	0.49074E+07
2000	249	0.83861E+07	0.48771E+07
2000	250	0.83351E+07	0.48470E+07
2000	251	0.82838E+07	0.48170E+07
2000	252	0.82333E+07	0.47872E+07
2000	253	0.81832E+07	0.47576E+07
2000	254	0.81333E+07	0.47280E+07
2000	255	0.80836E+07	0.46986E+07
2000	256	0.80343E+07	0.46693E+07
2000	257	0.79852E+07	0.46403E+07
2000	258	0.79364E+07	0.46114E+07
2000	259	0.78878E+07	0.45828E+07
2000	260	0.78391E+07	0.45543E+07
2000	261	0.77908E+07	0.45260E+07
2000	262	0.77427E+07	0.44978E+07
2000	263	0.76949E+07	0.44699E+07
2000	264	0.76475E+07	0.44421E+07
2000	265	0.76003E+07	0.44145E+07
2000	266	0.75534E+07	0.43871E+07
2000	267	0.75067E+07	0.43599E+07
2000	268	0.74604E+07	0.43328E+07
2000	269	0.74143E+07	0.43059E+07
2000	270	0.73685E+07	0.42792E+07
2000	271	0.73230E+07	0.42526E+07
2000	272	0.72778E+07	0.42262E+07
2000	273	0.72338E+07	0.42001E+07
2000	274	0.71891E+07	0.41745E+07
2000	275	0.71448E+07	0.41487E+07
2000	276	0.71004E+07	0.41224E+07
2000	277	0.70567E+07	0.40968E+07
2000	278	0.70139E+07	0.40720E+07
2000	279	0.69716E+07	0.11204E+08
2000	280	0.69298E+07	0.40223E+07
2000	281	0.68885E+07	0.39979E+07
2000	282	0.68481E+07	0.39740E+07
2000	283	0.68071E+07	0.39495E+07
2000	284	0.67670E+07	0.39260E+07
2000	285	0.67282E+07	0.39035E+07
2000	286	0.66886E+07	0.38803E+07
2000	287	0.66500E+07	0.38579E+07
2000	288	0.66118E+07	0.38354E+07
2000	289	0.65753E+07	0.38138E+07
2000	290	0.65406E+07	0.37930E+07
2000	291	0.65062E+07	0.37711E+07
2000	292	0.64715E+07	0.37504E+07
2000	293	0.64375E+07	0.37296E+07
2000	294	0.64036E+07	0.37089E+07
2000	295	0.63698E+07	0.36882E+07
2000	296	0.63359E+07	0.36676E+07
2000	297	0.63021E+07	0.36470E+07
2000	298	0.62683E+07	0.36265E+07
2000	299	0.62345E+07	0.36060E+07
2000	300	0.62009E+07	0.35856E+07
2000	301	0.61694E+07	0.35654E+07
2000	302	0.61382E+07	0.35456E+07
2000	303	0.61068E+07	0.35249E+07
2000	304	0.60764E+07	0.35048E+07
2000	305	0.60463E+07	0.34850E+07
2000	306	0.60175E+07	0.34659E+07
2000	307	0.59899E+07	0.34471E+07
2000	308	0.59643E+07	0.34286E+07
2000	309	0.59418E+07	0.37745E+07
2000	310	0.59206E+07	0.33954E+07
2000	311	0.59047E+07	0.33806E+07
2000	312	0.58911E+07	0.33654E+07
2000	313	0.58770E+07	0.33501E+07
2000	314	0.58654E+07	0.33359E+07
2000	315	0.89389E+07	0.67100E+07
2000	316	0.58653E+07	0.33162E+07
2000	317	0.58697E+07	0.33096E+07
2000	318	0.58805E+07	0.33046E+07
2000	319	0.58977E+07	0.33028E+07
2000	320	0.59179E+07	0.33032E+07
2000	321	0.59410E+07	0.33080E+07
2000	322	0.59663E+07	0.33151E+07
2000	323	0.60018E+07	0.33246E+07
2000	324	0.60409E+07	0.33357E+07
2000	325	0.60861E+07	0.33501E+07
2000	326	0.61340E+07	0.33669E+07
2000	327	0.61784E+07	0.33812E+07
2000	328	0.62194E+07	0.33947E+07
2000	329	0.62570E+07	0.34065E+07
2000	330	0.62907E+07	0.34165E+07
2000	331	0.63201E+07	0.34250E+07
2000	332	0.63456E+07	0.34320E+07
2000	333	0.63674E+07	0.34377E+07
2000	334	0.63867E+07	0.34426E+07
2000	335	0.64185E+07	0.34543E+07
2001	1	0.64615E+07	0.34714E+07
2001	2	0.79964E+07	0.62700E+07
2001	3	0.66089E+07	0.35395E+07
2001	4	0.67019E+07	0.35845E+07
2001	5	0.67893E+07	0.36262E+07
2001	6	0.68732E+07	0.36668E+07
2001	7	0.69525E+07	0.37054E+07
2001	8	0.70277E+07	0.37420E+07
2001	9	0.70996E+07	0.37768E+07
2001	10	0.71690E+07	0.38099E+07
2001	11	0.72350E+07	0.38415E+07
2001	12	0.72973E+07	0.38714E+07
2001	13	0.73559E+07	0.38996E+07
2001	14	0.74113E+07	0.39262E+07
2001	15	0.74624E+07	0.39511E+07
2001	16	0.75091E+07	0.39742E+07
2001	17	0.75582E+07	0.39961E+07
2001	18	0.76094E+07	0.40217E+07
2001	19	0.76648E+07	0.40476E+07
2001	20	0.80948E+07	0.87434E+07
2001	21	0.81517E+07	0.48972E+07
2001	22	0.92378E+07	0.48614E+07
2001	23	0.81659E+07	0.46205E+07
2001	24	0.83530E+07	0.45002E+07
2001	25	0.86053E+07	0.46577E+07
2001	26	0.87597E+07	0.48141E+07
2001	27	0.89779E+07	0.49714E+07
2001	28	0.91439E+07	0.51212E+07
2001	29	0.93761E+07	0.52801E+07
2001	30	0.98666E+07	0.54263E+07
2001	31	0.99407E+07	0.55611E+07
