actual evapotranspiration [mm] for all sub-basins (MAP-IDs)
Year	Day	Timestep	15	69
2000	1	1	 3.833	 4.262
2000	2	1	 2.744	 3.394
2000	3	1	 3.295	 3.382
2000	4	1	 3.481	 3.161
2000	5	1	 2.640	 2.797
2000	6	1	 2.226	 2.722
2000	7	1	 2.580	 3.061
2000	8	1	 2.831	 3.195
2000	9	1	 2.493	 3.631
2000	10	1	 3.104	 3.610
2000	11	1	 2.919	 3.207
2000	12	1	 3.324	 3.535
2000	13	1	 3.640	 3.868
2000	14	1	 3.695	 3.865
2000	15	1	 3.740	 3.486
2000	16	1	 3.543	 3.392
2000	17	1	 3.747	 4.005
2000	18	1	 2.652	 3.053
2000	19	1	 2.140	 1.767
2000	20	1	 2.826	 3.411
2000	21	1	 3.220	 3.283
2000	22	1	 3.258	 3.374
2000	23	1	 3.133	 3.474
2000	24	1	 3.416	 3.684
2000	25	1	 3.550	 3.417
2000	26	1	 3.239	 3.176
2000	27	1	 3.227	 3.456
2000	28	1	 2.905	 3.201
2000	29	1	 2.537	 2.942
2000	30	1	 2.270	 2.367
2000	31	1	 2.347	 2.765
2000	32	1	 2.576	 2.807
2000	33	1	 3.048	 3.047
2000	34	1	 3.207	 3.285
2000	35	1	 3.544	 3.664
2000	36	1	 3.497	 3.457
2000	37	1	 3.056	 3.173
2000	38	1	 2.743	 2.681
2000	39	1	 2.010	 2.380
2000	40	1	 2.035	 1.863
2000	41	1	 1.688	 1.598
2000	42	1	 1.940	 2.102
2000	43	1	 1.968	 2.090
2000	44	1	 1.878	 1.810
2000	45	1	 1.585	 1.978
2000	46	1	 2.198	 2.963
2000	47	1	 2.257	 3.149
2000	48	1	 2.695	 3.490
2000	49	1	 2.694	 2.849
2000	50	1	 2.896	 3.187
2000	51	1	 3.356	 3.378
2000	52	1	 2.780	 2.793
2000	53	1	 2.973	 3.074
2000	54	1	 3.104	 3.159
2000	55	1	 3.340	 3.406
2000	56	1	 3.084	 2.895
2000	57	1	 3.225	 3.224
2000	58	1	 3.018	 2.877
2000	59	1	 3.028	 2.931
2000	60	1	 3.189	 2.988
2000	61	1	 2.843	 2.988
2000	62	1	 2.700	 2.815
2000	63	1	 2.896	 2.687
2000	64	1	 2.292	 1.772
2000	65	1	 2.318	 1.887
2000	66	1	 2.328	 2.246
2000	67	1	 2.491	 2.504
2000	68	1	 2.822	 2.656
2000	69	1	 2.768	 2.149
2000	70	1	 2.984	 2.922
2000	71	1	 2.853	 2.379
2000	72	1	 2.855	 2.249
2000	73	1	 1.988	 2.113
2000	74	1	 2.819	 2.617
2000	75	1	 2.799	 2.799
2000	76	1	 2.859	 2.826
2000	77	1	 2.799	 2.956
2000	78	1	 2.710	 2.738
2000	79	1	 2.786	 2.823
2000	80	1	 2.794	 2.939
2000	81	1	 2.525	 3.242
2000	82	1	 2.581	 2.767
2000	83	1	 2.531	 2.618
2000	84	1	 2.329	 2.234
2000	85	1	 2.647	 2.873
2000	86	1	 2.940	 2.947
2000	87	1	 2.965	 2.758
2000	88	1	 2.621	 2.334
2000	89	1	 2.619	 2.559
2000	90	1	 2.517	 2.417
2000	91	1	 2.337	 1.927
2000	92	1	 2.287	 2.229
2000	93	1	 2.453	 2.056
2000	94	1	 2.569	 2.307
2000	95	1	 2.553	 2.295
2000	96	1	 2.658	 2.588
2000	97	1	 3.170	 3.143
2000	98	1	 3.013	 3.147
2000	99	1	 2.942	 3.021
2000	100	1	 2.693	 2.881
2000	101	1	 2.417	 2.455
2000	102	1	 2.132	 2.414
2000	103	1	 2.480	 2.515
2000	104	1	 2.398	 2.317
2000	105	1	 2.509	 2.444
2000	106	1	 2.876	 2.762
2000	107	1	 3.027	 3.217
2000	108	1	 2.825	 3.160
2000	109	1	 2.338	 2.747
2000	110	1	 2.536	 2.526
2000	111	1	 2.513	 2.322
2000	112	1	 2.265	 1.704
2000	113	1	 2.003	 1.696
2000	114	1	 2.332	 2.243
2000	115	1	 2.087	 1.738
2000	116	1	 2.433	 2.111
2000	117	1	 2.816	 2.565
2000	118	1	 2.958	 2.964
2000	119	1	 2.528	 2.908
2000	120	1	 2.651	 2.494
2000	121	1	 2.747	 2.665
2000	122	1	 2.475	 2.772
2000	123	1	 2.860	 3.147
2000	124	1	 2.425	 2.391
2000	125	1	 2.075	 2.073
2000	126	1	 2.016	 1.760
2000	127	1	 2.021	 2.118
2000	128	1	 1.834	 1.551
2000	129	1	 1.657	 1.556
2000	130	1	 1.823	 1.776
2000	131	1	 2.292	 2.202
2000	132	1	 2.373	 2.206
2000	133	1	 2.028	 1.823
2000	134	1	 2.160	 2.167
2000	135	1	 2.345	 2.230
2000	136	1	 2.259	 2.266
2000	137	1	 2.265	 2.107
2000	138	1	 2.210	 2.058
2000	139	1	 2.155	 1.963
2000	140	1	 2.247	 2.102
2000	141	1	 2.382	 2.268
2000	142	1	 2.273	 2.332
2000	143	1	 2.202	 2.420
2000	144	1	 1.968	 1.843
2000	145	1	 2.173	 2.183
2000	146	1	 2.329	 2.280
2000	147	1	 2.472	 2.225
2000	148	1	 2.570	 2.311
2000	149	1	 2.342	 2.204
2000	150	1	 2.087	 1.932
2000	151	1	 2.231	 2.039
2000	152	1	 2.498	 2.414
2000	153	1	 2.334	 2.277
2000	154	1	 2.245	 2.039
2000	155	1	 1.859	 1.904
2000	156	1	 1.697	 1.572
2000	157	1	 1.551	 1.543
2000	158	1	 1.454	 1.632
2000	159	1	 1.871	 1.496
2000	160	1	 2.083	 1.979
2000	161	1	 2.166	 1.964
2000	162	1	 2.061	 1.893
2000	163	1	 2.362	 2.309
2000	164	1	 2.151	 2.309
2000	165	1	 1.909	 1.997
2000	166	1	 1.736	 1.821
2000	167	1	 2.308	 2.104
2000	168	1	 2.269	 2.560
2000	169	1	 2.579	 2.414
2000	170	1	 2.626	 2.395
2000	171	1	 2.544	 2.396
2000	172	1	 2.674	 2.650
2000	173	1	 2.699	 2.553
2000	174	1	 2.797	 2.645
2000	175	1	 1.952	 2.402
2000	176	1	 2.416	 2.273
2000	177	1	 2.303	 2.001
2000	178	1	 2.002	 1.785
2000	179	1	 2.212	 1.810
2000	180	1	 2.147	 2.071
2000	181	1	 2.453	 2.414
2000	182	1	 2.590	 2.496
2000	183	1	 2.304	 2.242
2000	184	1	 2.112	 2.067
2000	185	1	 2.201	 2.082
2000	186	1	 2.535	 2.427
2000	187	1	 2.268	 1.890
2000	188	1	 2.313	 2.149
2000	189	1	 2.521	 2.406
2000	190	1	 2.580	 2.368
2000	191	1	 2.395	 2.140
2000	192	1	 2.473	 2.428
2000	193	1	 2.683	 2.600
2000	194	1	 2.505	 2.345
2000	195	1	 1.995	 1.556
2000	196	1	 2.307	 2.214
2000	197	1	 2.463	 2.324
2000	198	1	 2.542	 2.352
2000	199	1	 2.390	 2.225
2000	200	1	 2.265	 2.100
2000	201	1	 2.530	 2.260
2000	202	1	 2.487	 2.277
2000	203	1	 2.358	 2.181
2000	204	1	 2.444	 2.315
2000	205	1	 2.213	 2.137
2000	206	1	 2.484	 2.435
2000	207	1	 2.513	 2.515
2000	208	1	 2.826	 2.650
2000	209	1	 2.998	 2.897
2000	210	1	 3.011	 3.113
2000	211	1	 3.830	 2.959
2000	212	1	 2.742	 2.607
2000	213	1	 2.789	 2.756
2000	214	1	 2.702	 2.661
2000	215	1	 2.700	 2.601
2000	216	1	 4.308	 2.780
2000	217	1	 2.440	 3.723
2000	218	1	 1.633	 1.801
2000	219	1	 4.087	 2.238
2000	220	1	 3.835	 3.589
2000	221	1	 2.687	 2.507
2000	222	1	 3.426	 3.251
2000	223	1	 4.482	 2.863
2000	224	1	 3.005	 2.415
2000	225	1	 2.782	 2.679
2000	226	1	 2.879	 2.774
2000	227	1	 2.877	 2.790
2000	228	1	 3.002	 3.116
2000	229	1	 3.120	 3.133
2000	230	1	 3.223	 3.294
2000	231	1	 2.919	 2.895
2000	232	1	 3.023	 3.102
2000	233	1	 3.232	 3.126
2000	234	1	 3.223	 3.202
2000	235	1	 3.419	 3.376
2000	236	1	 3.526	 3.418
2000	237	1	 3.492	 3.365
2000	238	1	 3.652	 3.729
2000	239	1	 3.215	 3.232
2000	240	1	 2.370	 2.388
2000	241	1	 2.601	 2.819
2000	242	1	 2.821	 2.685
2000	243	1	 2.929	 2.954
2000	244	1	 3.003	 3.006
2000	245	1	 2.510	 2.745
2000	246	1	 3.349	 3.278
2000	247	1	 3.637	 3.696
2000	248	1	 4.188	 3.851
2000	249	1	 6.157	 6.287
2000	250	1	 4.316	 4.661
2000	251	1	 5.599	 5.266
2000	252	1	 5.588	 4.000
2000	253	1	 3.989	 3.521
2000	254	1	 3.805	 3.753
2000	255	1	 3.955	 3.953
2000	256	1	 4.091	 3.971
2000	257	1	 4.124	 3.915
2000	258	1	 3.827	 3.477
2000	259	1	 3.812	 3.198
2000	260	1	 3.578	 2.931
2000	261	1	 3.718	 2.873
2000	262	1	 3.726	 2.483
2000	263	1	 3.678	 2.217
2000	264	1	 3.796	 2.006
2000	265	1	 3.944	 1.982
2000	266	1	 4.443	 1.771
2000	267	1	 3.690	 1.654
2000	268	1	 3.670	 1.616
2000	269	1	 3.516	 1.523
2000	270	1	 3.767	 1.479
2000	271	1	 3.725	 1.448
2000	272	1	 4.795	 1.718
2000	273	1	 2.103	 2.468
2000	274	1	 2.595	 2.452
2000	275	1	 3.052	 2.660
2000	276	1	 3.238	 3.103
2000	277	1	 3.887	 3.868
2000	278	1	 2.741	 3.531
2000	279	1	 1.715	 1.357
2000	280	1	 1.438	 1.438
2000	281	1	 2.275	 2.119
2000	282	1	 1.743	 1.506
2000	283	1	 1.974	 2.272
2000	284	1	 2.475	 2.666
2000	285	1	 2.501	 2.451
2000	286	1	 2.888	 2.869
2000	287	1	 3.165	 2.994
2000	288	1	 2.438	 2.710
2000	289	1	 2.251	 2.229
2000	290	1	 1.645	 1.705
2000	291	1	 2.632	 3.850
2000	292	1	 3.721	 4.303
2000	293	1	 4.116	 2.951
2000	294	1	 3.416	 2.712
2000	295	1	 4.055	 2.767
2000	296	1	 4.478	 2.740
2000	297	1	 2.771	 2.817
2000	298	1	 2.630	 2.731
2000	299	1	 2.534	 2.575
2000	300	1	 3.905	 3.780
2000	301	1	 2.954	 4.147
2000	302	1	 3.027	 4.031
2000	303	1	 3.636	 4.241
2000	304	1	 3.698	 4.709
2000	305	1	 3.553	 4.465
2000	306	1	 3.204	 4.069
2000	307	1	 3.153	 3.531
2000	308	1	 3.660	 4.043
2000	309	1	 2.530	 2.518
2000	310	1	 2.405	 2.947
2000	311	1	 2.327	 2.669
2000	312	1	 2.145	 2.689
2000	313	1	 2.984	 3.771
2000	314	1	 3.351	 4.318
2000	315	1	 2.069	 2.021
2000	316	1	 2.286	 1.945
2000	317	1	 2.179	 2.109
2000	318	1	 1.957	 2.098
2000	319	1	 1.642	 2.110
2000	320	1	 2.077	 2.307
2000	321	1	 1.651	 1.311
2000	322	1	 2.434	 2.023
2000	323	1	 2.863	 2.903
2000	324	1	 2.782	 2.594
2000	325	1	 2.792	 2.824
2000	326	1	 2.589	 2.155
2000	327	1	 3.543	 3.897
2000	328	1	 3.810	 3.908
2000	329	1	 3.430	 3.754
2000	330	1	 3.391	 3.396
2000	331	1	 3.601	 2.949
2000	332	1	 3.458	 2.918
2000	333	1	 3.776	 3.218
2000	334	1	 3.225	 3.438
2000	335	1	 2.575	 2.944
2001	1	1	 1.568	 1.588
2001	2	1	 1.346	 1.608
2001	3	1	 1.726	 2.001
2001	4	1	 1.325	 1.382
2001	5	1	 1.796	 1.673
2001	6	1	 1.878	 2.039
2001	7	1	 1.719	 1.584
2001	8	1	 1.947	 1.935
2001	9	1	 1.883	 1.607
2001	10	1	 0.855	 0.844
2001	11	1	 0.981	 0.946
2001	12	1	 1.106	 1.033
2001	13	1	 1.079	 1.076
2001	14	1	 0.973	 1.079
2001	15	1	 1.522	 1.585
2001	16	1	 1.610	 1.616
2001	17	1	 1.008	 1.237
2001	18	1	 1.189	 1.315
2001	19	1	 1.219	 1.295
2001	20	1	 1.231	 1.225
2001	21	1	 1.430	 1.395
2001	22	1	 1.491	 1.408
2001	23	1	 1.487	 1.463
2001	24	1	 1.433	 1.284
2001	25	1	 2.455	 1.509
2001	26	1	 1.766	 1.811
2001	27	1	 2.553	 2.660
2001	28	1	 2.486	 2.462
2001	29	1	 2.510	 2.453
2001	30	1	 3.247	 3.916
2001	31	1	 3.360	 3.887
