daily river flow [m3/s] for all sub-basins (MAP-IDs)
Year	Day	15	69
2000	1	  81.827	  33.514
2000	2	 100.328	  34.617
2000	3	  89.514	  35.753
2000	4	  90.880	  36.938
2000	5	  96.211	  38.385
2000	6	 100.650	  40.048
2000	7	 103.718	  41.988
2000	8	 108.801	  43.806
2000	9	 111.839	  45.510
2000	10	 112.257	  47.094
2000	11	 113.899	  48.565
2000	12	 116.328	  49.918
2000	13	 118.859	  51.163
2000	14	 120.761	  52.298
2000	15	 122.571	  53.334
2000	16	 124.297	  54.277
2000	17	 125.903	  55.155
2000	18	 127.741	  56.123
2000	19	 129.737	  57.355
2000	20	 131.587	  58.489
2000	21	 133.234	  59.546
2000	22	 134.751	  60.506
2000	23	 136.123	  61.379
2000	24	 137.349	  62.175
2000	25	 138.429	  62.901
2000	26	 139.397	  63.562
2000	27	 140.258	  64.164
2000	28	 141.199	  64.813
2000	29	 144.388	  65.605
2000	30	 143.929	  66.576
2000	31	 145.653	  67.479
2000	32	 147.329	  68.338
2000	33	 148.861	  69.143
2000	34	 150.255	  69.879
2000	35	 151.509	  70.543
2000	36	 152.632	  71.140
2000	37	 153.618	  71.676
2000	38	 154.584	  72.183
2000	39	 165.036	  72.759
2000	40	 157.818	  75.918
2000	41	 161.612	  94.913
2000	42	 164.115	 106.005
2000	43	 168.681	  78.386
2000	44	 177.469	  82.640
2000	45	 353.878	  85.824
2000	46	 186.740	  86.385
2000	47	 185.376	  88.695
2000	48	 186.783	  90.860
2000	49	 190.007	  92.821
2000	50	 193.018	  94.613
2000	51	 195.975	  96.256
2000	52	 198.164	  97.755
2000	53	 200.194	  99.116
2000	54	 202.101	 100.347
2000	55	 203.806	 101.459
2000	56	 205.310	 102.466
2000	57	 206.638	 103.366
2000	58	 207.803	 104.176
2000	59	 208.835	 104.910
2000	60	 209.747	 105.566
2000	61	 210.535	 106.147
2000	62	 211.200	 106.661
2000	63	 211.763	 107.118
2000	64	 212.248	 107.530
2000	65	 212.655	 107.902
2000	66	 212.990	 108.238
2000	67	 213.257	 108.539
2000	68	 213.456	 108.804
2000	69	 213.592	 109.032
2000	70	 213.669	 109.223
2000	71	 213.698	 109.382
2000	72	 213.681	 109.508
2000	73	 213.629	 109.606
2000	74	 213.532	 109.670
2000	75	 213.393	 109.703
2000	76	 213.211	 109.708
2000	77	 212.995	 109.686
2000	78	 212.748	 109.638
2000	79	 212.471	 109.565
2000	80	 212.259	 109.471
2000	81	 212.002	 109.359
2000	82	 211.716	 109.229
2000	83	 211.391	 109.084
2000	84	 211.032	 108.926
2000	85	 210.635	 108.748
2000	86	 210.200	 108.550
2000	87	 209.729	 108.335
2000	88	 209.231	 108.105
2000	89	 208.709	 107.863
2000	90	 208.164	 107.608
2000	91	 207.596	 107.342
2000	92	 207.006	 107.064
2000	93	 206.394	 106.775
2000	94	 205.759	 106.473
2000	95	 205.102	 106.161
2000	96	 204.425	 105.836
2000	97	 203.726	 105.498
2000	98	 203.004	 105.148
2000	99	 202.263	 104.785
2000	100	 201.504	 104.413
2000	101	 200.732	 104.034
2000	102	 199.948	 103.647
2000	103	 199.150	 103.252
2000	104	 198.341	 102.851
2000	105	 197.519	 102.442
2000	106	 196.684	 102.027
2000	107	 195.837	 101.604
2000	108	 194.978	 101.175
2000	109	 194.114	 100.740
2000	110	 193.242	 100.300
2000	111	 192.366	  99.858
2000	112	 191.486	  99.414
2000	113	 190.601	  98.969
2000	114	 189.711	  98.520
2000	115	 188.817	  98.070
2000	116	 187.918	  97.617
2000	117	 187.013	  97.161
2000	118	 186.102	  96.702
2000	119	 185.187	  96.239
2000	120	 184.268	  95.775
2000	121	 183.346	  95.308
2000	122	 182.421	  94.839
2000	123	 181.493	  94.367
2000	124	 180.563	  93.895
2000	125	 179.633	  93.422
2000	126	 178.702	  92.949
2000	127	 177.771	  92.475
2000	128	 176.841	  92.002
2000	129	 175.913	  91.530
2000	130	 174.986	  91.058
2000	131	 174.058	  90.585
2000	132	 173.130	  90.113
2000	133	 172.204	  89.641
2000	134	 171.279	  89.170
2000	135	 170.354	  88.698
2000	136	 169.430	  88.227
2000	137	 168.508	  87.756
2000	138	 167.586	  87.286
2000	139	 166.667	  86.816
2000	140	 165.748	  86.347
2000	141	 164.832	  85.878
2000	142	 163.917	  85.410
2000	143	 163.004	  84.943
2000	144	 162.094	  84.477
2000	145	 161.186	  84.011
2000	146	 160.280	  83.547
2000	147	 159.377	  83.083
2000	148	 158.475	  82.620
2000	149	 157.575	  82.159
2000	150	 156.679	  81.699
2000	151	 155.785	  81.240
2000	152	 154.894	  80.782
2000	153	 154.006	  80.325
2000	154	 153.120	  79.870
2000	155	 152.238	  79.417
2000	156	 151.360	  78.964
2000	157	 150.486	  78.513
2000	158	 149.616	  78.062
2000	159	 148.750	  77.612
2000	160	 147.887	  77.164
2000	161	 147.028	  76.718
2000	162	 146.172	  76.273
2000	163	 145.319	  75.831
2000	164	 144.470	  75.390
2000	165	 143.625	  74.952
2000	166	 142.784	  74.515
2000	167	 141.946	  74.080
2000	168	 141.112	  73.648
2000	169	 140.281	  73.217
2000	170	 139.454	  72.788
2000	171	 138.631	  72.361
2000	172	 137.811	  71.935
2000	173	 136.994	  71.512
2000	174	 136.181	  71.090
2000	175	 135.372	  70.671
2000	176	 134.567	  70.253
2000	177	 133.766	  69.838
2000	178	 132.969	  69.425
2000	179	 132.175	  69.014
2000	180	 131.383	  68.604
2000	181	 130.594	  68.197
2000	182	 129.809	  67.792
2000	183	 129.028	  67.389
2000	184	 128.252	  66.988
2000	185	 127.480	  66.590
2000	186	 126.712	  66.193
2000	187	 125.948	  65.798
2000	188	 125.188	  65.405
2000	189	 124.433	  65.015
2000	190	 123.682	  64.626
2000	191	 122.935	  64.240
2000	192	 122.192	  63.856
2000	193	 121.453	  63.474
2000	194	 120.719	  63.094
2000	195	 119.989	  62.716
2000	196	 119.263	  62.340
2000	197	 118.541	  61.966
2000	198	 117.824	  61.595
2000	199	 117.111	  61.225
2000	200	 116.402	  60.858
2000	201	 115.697	  60.493
2000	202	 114.996	  60.129
2000	203	 114.299	  59.768
2000	204	 113.606	  59.409
2000	205	 112.918	  59.052
2000	206	 112.233	  58.697
2000	207	 111.552	  58.344
2000	208	 110.875	  57.993
2000	209	 110.202	  57.644
2000	210	 109.533	  57.296
2000	211	 108.868	  56.951
2000	212	 108.206	  56.607
2000	213	 107.549	  56.266
2000	214	 106.895	  55.926
2000	215	 106.245	  55.588
2000	216	 105.599	  55.252
2000	217	 104.956	  54.918
2000	218	 104.317	  54.586
2000	219	 103.683	  54.256
2000	220	 103.066	  53.928
2000	221	 102.446	  53.601
2000	222	 101.821	  53.277
2000	223	 101.209	  52.954
2000	224	 100.600	  52.634
2000	225	  99.994	  52.314
2000	226	  99.391	  51.997
2000	227	  98.792	  51.682
2000	228	  98.196	  51.368
2000	229	  97.603	  51.056
2000	230	  97.013	  50.745
2000	231	  96.426	  50.436
2000	232	  95.843	  50.126
2000	233	  95.262	  49.816
2000	234	  94.685	  49.508
2000	235	  94.111	  49.202
2000	236	  93.539	  48.897
2000	237	  92.971	  48.595
2000	238	  92.406	  48.294
2000	239	  91.844	  47.995
2000	240	  91.285	  47.698
2000	241	  90.729	  47.402
2000	242	  90.176	  47.109
2000	243	  89.627	  46.817
2000	244	  89.080	  46.527
2000	245	  88.537	  46.238
2000	246	  87.997	  45.952
2000	247	  87.459	  45.667
2000	248	  86.925	  45.384
2000	249	  86.400	  45.103
2000	250	  85.875	  44.823
2000	251	  85.346	  44.544
2000	252	  84.826	  44.267
2000	253	  84.309	  43.990
2000	254	  83.794	  43.715
2000	255	  83.283	  43.442
2000	256	  82.774	  43.170
2000	257	  82.267	  42.900
2000	258	  81.764	  42.632
2000	259	  81.263	  42.366
2000	260	  80.761	  42.101
2000	261	  80.262	  41.838
2000	262	  79.765	  41.577
2000	263	  79.272	  41.317
2000	264	  78.782	  41.059
2000	265	  78.295	  40.803
2000	266	  77.811	  40.548
2000	267	  77.329	  40.295
2000	268	  76.851	  40.043
2000	269	  76.375	  39.793
2000	270	  75.903	  39.545
2000	271	  75.433	  39.298
2000	272	  74.966	  39.053
2000	273	  74.513	  38.810
2000	274	  74.051	  38.574
2000	275	  73.594	  38.335
2000	276	  73.135	  38.089
2000	277	  72.684	  37.851
2000	278	  72.243	  37.622
2000	279	  71.807	 118.719
2000	280	  71.377	  37.163
2000	281	  70.952	  36.936
2000	282	  70.538	  36.716
2000	283	  70.116	  36.488
2000	284	  69.705	  36.271
2000	285	  69.307	  36.066
2000	286	  68.901	  35.852
2000	287	  68.505	  35.647
2000	288	  68.115	  35.440
2000	289	  67.743	  35.243
2000	290	  67.391	  35.055
2000	291	  67.043	  34.854
2000	292	  66.691	  34.666
2000	293	  66.348	  34.477
2000	294	  66.005	  34.289
2000	295	  65.661	  34.101
2000	296	  65.318	  33.913
2000	297	  64.975	  33.725
2000	298	  64.632	  33.537
2000	299	  64.289	  33.350
2000	300	  63.946	  33.164
2000	301	  63.629	  32.980
2000	302	  63.315	  32.799
2000	303	  62.998	  32.609
2000	304	  62.692	  32.425
2000	305	  62.390	  32.244
2000	306	  62.102	  32.071
2000	307	  61.828	  31.901
2000	308	  61.576	  31.733
2000	309	  61.360	  35.487
2000	310	  61.159	  31.441
2000	311	  61.020	  31.313
2000	312	  60.905	  31.182
2000	313	  60.785	  31.049
2000	314	  60.694	  30.927
2000	315	  96.476	  69.395
2000	316	  60.778	  30.782
2000	317	  60.871	  30.745
2000	318	  61.037	  30.726
2000	319	  61.276	  30.743
2000	320	  61.551	  30.782
2000	321	  61.859	  30.872
2000	322	  62.189	  30.987
2000	323	  62.638	  31.128
2000	324	  63.129	  31.287
2000	325	  63.690	  31.483
2000	326	  64.282	  31.706
2000	327	  64.832	  31.900
2000	328	  65.344	  32.085
2000	329	  65.817	  32.251
2000	330	  66.243	  32.398
2000	331	  66.621	  32.527
2000	332	  66.953	  32.639
2000	333	  67.242	  32.737
2000	334	  67.501	  32.826
2000	335	  67.906	  32.990
2001	1	  68.439	  33.216
2001	2	  86.205	  67.184
2001	3	  70.212	  34.046
2001	4	  71.320	  34.583
2001	5	  72.364	  35.084
2001	6	  73.367	  35.572
2001	7	  74.318	  36.038
2001	8	  75.219	  36.482
2001	9	  76.084	  36.905
2001	10	  76.902	  37.308
2001	11	  77.678	  37.692
2001	12	  78.411	  38.057
2001	13	  79.102	  38.403
2001	14	  79.749	  38.732
2001	15	  80.346	  39.040
2001	16	  80.895	  39.329
2001	17	  81.403	  39.601
2001	18	  81.872	  39.856
2001	19	  82.305	  40.095
2001	20	  94.404	  45.376
2001	21	 357.247	 549.126
2001	22	 589.191	 681.878
2001	23	 105.641	 294.031
2001	24	  88.738	  44.150
2001	25	  90.841	  45.684
2001	26	  92.816	  47.233
2001	27	  94.803	  48.778
2001	28	  96.696	  50.278
2001	29	  98.836	  51.865
2001	30	 101.702	  53.333
2001	31	 104.797	  54.696
