total subsurface runoff [m**3/d] for all sub-basins (MAP-IDs)
Year	Day	15	69
2000	1	0.70729E+07	0.28968E+07
2000	2	0.73170E+07	0.29920E+07
2000	3	0.75649E+07	0.30902E+07
2000	4	0.77902E+07	0.31927E+07
2000	5	0.80590E+07	0.33175E+07
2000	6	0.83529E+07	0.34613E+07
2000	7	0.86485E+07	0.36290E+07
2000	8	0.89583E+07	0.37863E+07
2000	9	0.92716E+07	0.39337E+07
2000	10	0.95521E+07	0.40706E+07
2000	11	0.98054E+07	0.41977E+07
2000	12	0.10033E+08	0.43147E+07
2000	13	0.10240E+08	0.44223E+07
2000	14	0.10425E+08	0.45205E+07
2000	15	0.10593E+08	0.46100E+07
2000	16	0.10744E+08	0.46915E+07
2000	17	0.10883E+08	0.47673E+07
2000	18	0.11041E+08	0.48509E+07
2000	19	0.11214E+08	0.49572E+07
2000	20	0.11371E+08	0.50555E+07
2000	21	0.11516E+08	0.51469E+07
2000	22	0.11648E+08	0.52299E+07
2000	23	0.11766E+08	0.53054E+07
2000	24	0.11872E+08	0.53741E+07
2000	25	0.11965E+08	0.54369E+07
2000	26	0.12049E+08	0.54940E+07
2000	27	0.12123E+08	0.55461E+07
2000	28	0.12205E+08	0.56020E+07
2000	29	0.12316E+08	0.56704E+07
2000	30	0.12441E+08	0.57542E+07
2000	31	0.12590E+08	0.58326E+07
2000	32	0.12735E+08	0.59069E+07
2000	33	0.12867E+08	0.59764E+07
2000	34	0.12988E+08	0.60401E+07
2000	35	0.13096E+08	0.60975E+07
2000	36	0.13193E+08	0.61490E+07
2000	37	0.13278E+08	0.61954E+07
2000	38	0.13362E+08	0.62391E+07
2000	39	0.13486E+08	0.62889E+07
2000	40	0.13641E+08	0.63601E+07
2000	41	0.13837E+08	0.64644E+07
2000	42	0.14059E+08	0.66074E+07
2000	43	0.14316E+08	0.67752E+07
2000	44	0.14627E+08	0.69814E+07
2000	45	0.15032E+08	0.72299E+07
2000	46	0.15440E+08	0.74576E+07
2000	47	0.15804E+08	0.76664E+07
2000	48	0.16127E+08	0.78536E+07
2000	49	0.16416E+08	0.80230E+07
2000	50	0.16676E+08	0.81779E+07
2000	51	0.16905E+08	0.83200E+07
2000	52	0.17114E+08	0.84495E+07
2000	53	0.17302E+08	0.85672E+07
2000	54	0.17469E+08	0.86736E+07
2000	55	0.17616E+08	0.87697E+07
2000	56	0.17746E+08	0.88567E+07
2000	57	0.17861E+08	0.89345E+07
2000	58	0.17962E+08	0.90045E+07
2000	59	0.18051E+08	0.90680E+07
2000	60	0.18130E+08	0.91247E+07
2000	61	0.18198E+08	0.91749E+07
2000	62	0.18256E+08	0.92193E+07
2000	63	0.18304E+08	0.92588E+07
2000	64	0.18346E+08	0.92944E+07
2000	65	0.18381E+08	0.93266E+07
2000	66	0.18410E+08	0.93556E+07
2000	67	0.18433E+08	0.93816E+07
2000	68	0.18451E+08	0.94046E+07
2000	69	0.18462E+08	0.94243E+07
2000	70	0.18469E+08	0.94408E+07
2000	71	0.18472E+08	0.94545E+07
2000	72	0.18470E+08	0.94654E+07
2000	73	0.18466E+08	0.94739E+07
2000	74	0.18457E+08	0.94794E+07
2000	75	0.18445E+08	0.94823E+07
2000	76	0.18429E+08	0.94827E+07
2000	77	0.18411E+08	0.94808E+07
2000	78	0.18389E+08	0.94767E+07
2000	79	0.18365E+08	0.94704E+07
2000	80	0.18347E+08	0.94622E+07
2000	81	0.18325E+08	0.94525E+07
2000	82	0.18300E+08	0.94413E+07
2000	83	0.18272E+08	0.94288E+07
2000	84	0.18241E+08	0.94151E+07
2000	85	0.18207E+08	0.93997E+07
2000	86	0.18169E+08	0.93826E+07
2000	87	0.18128E+08	0.93640E+07
2000	88	0.18085E+08	0.93442E+07
2000	89	0.18040E+08	0.93232E+07
2000	90	0.17993E+08	0.93011E+07
2000	91	0.17944E+08	0.92782E+07
2000	92	0.17893E+08	0.92541E+07
2000	93	0.17840E+08	0.92292E+07
2000	94	0.17785E+08	0.92031E+07
2000	95	0.17728E+08	0.91761E+07
2000	96	0.17670E+08	0.91480E+07
2000	97	0.17610E+08	0.91188E+07
2000	98	0.17547E+08	0.90885E+07
2000	99	0.17483E+08	0.90572E+07
2000	100	0.17418E+08	0.90251E+07
2000	101	0.17351E+08	0.89922E+07
2000	102	0.17283E+08	0.89588E+07
2000	103	0.17214E+08	0.89247E+07
2000	104	0.17144E+08	0.88900E+07
2000	105	0.17073E+08	0.88547E+07
2000	106	0.17001E+08	0.88188E+07
2000	107	0.16928E+08	0.87823E+07
2000	108	0.16853E+08	0.87451E+07
2000	109	0.16779E+08	0.87075E+07
2000	110	0.16703E+08	0.86695E+07
2000	111	0.16628E+08	0.86313E+07
2000	112	0.16552E+08	0.85930E+07
2000	113	0.16475E+08	0.85544E+07
2000	114	0.16398E+08	0.85157E+07
2000	115	0.16321E+08	0.84767E+07
2000	116	0.16243E+08	0.84376E+07
2000	117	0.16165E+08	0.83982E+07
2000	118	0.16086E+08	0.83585E+07
2000	119	0.16007E+08	0.83185E+07
2000	120	0.15928E+08	0.82784E+07
2000	121	0.15848E+08	0.82380E+07
2000	122	0.15768E+08	0.81975E+07
2000	123	0.15688E+08	0.81567E+07
2000	124	0.15607E+08	0.81159E+07
2000	125	0.15527E+08	0.80750E+07
2000	126	0.15447E+08	0.80341E+07
2000	127	0.15366E+08	0.79931E+07
2000	128	0.15286E+08	0.79522E+07
2000	129	0.15205E+08	0.79114E+07
2000	130	0.15125E+08	0.78706E+07
2000	131	0.15045E+08	0.78298E+07
2000	132	0.14965E+08	0.77890E+07
2000	133	0.14885E+08	0.77482E+07
2000	134	0.14805E+08	0.77075E+07
2000	135	0.14725E+08	0.76667E+07
2000	136	0.14645E+08	0.76260E+07
2000	137	0.14565E+08	0.75853E+07
2000	138	0.14486E+08	0.75446E+07
2000	139	0.14406E+08	0.75040E+07
2000	140	0.14327E+08	0.74634E+07
2000	141	0.14248E+08	0.74229E+07
2000	142	0.14169E+08	0.73825E+07
2000	143	0.14090E+08	0.73421E+07
2000	144	0.14011E+08	0.73018E+07
2000	145	0.13933E+08	0.72616E+07
2000	146	0.13854E+08	0.72214E+07
2000	147	0.13776E+08	0.71813E+07
2000	148	0.13698E+08	0.71414E+07
2000	149	0.13620E+08	0.71015E+07
2000	150	0.13543E+08	0.70617E+07
2000	151	0.13466E+08	0.70220E+07
2000	152	0.13389E+08	0.69824E+07
2000	153	0.13312E+08	0.69430E+07
2000	154	0.13235E+08	0.69036E+07
2000	155	0.13159E+08	0.68645E+07
2000	156	0.13083E+08	0.68253E+07
2000	157	0.13008E+08	0.67863E+07
2000	158	0.12932E+08	0.67473E+07
2000	159	0.12858E+08	0.67084E+07
2000	160	0.12783E+08	0.66697E+07
2000	161	0.12709E+08	0.66311E+07
2000	162	0.12635E+08	0.65927E+07
2000	163	0.12561E+08	0.65545E+07
2000	164	0.12488E+08	0.65164E+07
2000	165	0.12415E+08	0.64785E+07
2000	166	0.12342E+08	0.64408E+07
2000	167	0.12269E+08	0.64032E+07
2000	168	0.12197E+08	0.63658E+07
2000	169	0.12126E+08	0.63285E+07
2000	170	0.12054E+08	0.62915E+07
2000	171	0.11983E+08	0.62545E+07
2000	172	0.11912E+08	0.62178E+07
2000	173	0.11841E+08	0.61812E+07
2000	174	0.11771E+08	0.61448E+07
2000	175	0.11701E+08	0.61085E+07
2000	176	0.11632E+08	0.60724E+07
2000	177	0.11562E+08	0.60365E+07
2000	178	0.11494E+08	0.60008E+07
2000	179	0.11425E+08	0.59652E+07
2000	180	0.11356E+08	0.59299E+07
2000	181	0.11288E+08	0.58947E+07
2000	182	0.11220E+08	0.58597E+07
2000	183	0.11153E+08	0.58249E+07
2000	184	0.11086E+08	0.57902E+07
2000	185	0.11019E+08	0.57557E+07
2000	186	0.10953E+08	0.57214E+07
2000	187	0.10887E+08	0.56873E+07
2000	188	0.10821E+08	0.56534E+07
2000	189	0.10756E+08	0.56196E+07
2000	190	0.10691E+08	0.55860E+07
2000	191	0.10626E+08	0.55526E+07
2000	192	0.10562E+08	0.55194E+07
2000	193	0.10498E+08	0.54864E+07
2000	194	0.10435E+08	0.54535E+07
2000	195	0.10372E+08	0.54209E+07
2000	196	0.10309E+08	0.53884E+07
2000	197	0.10246E+08	0.53561E+07
2000	198	0.10184E+08	0.53240E+07
2000	199	0.10123E+08	0.52920E+07
2000	200	0.10061E+08	0.52603E+07
2000	201	0.10001E+08	0.52287E+07
2000	202	0.99399E+07	0.51973E+07
2000	203	0.98797E+07	0.51661E+07
2000	204	0.98198E+07	0.51351E+07
2000	205	0.97603E+07	0.51042E+07
2000	206	0.97011E+07	0.50735E+07
2000	207	0.96423E+07	0.50430E+07
2000	208	0.95838E+07	0.50127E+07
2000	209	0.95256E+07	0.49825E+07
2000	210	0.94677E+07	0.49525E+07
2000	211	0.94102E+07	0.49226E+07
2000	212	0.93531E+07	0.48929E+07
2000	213	0.92962E+07	0.48634E+07
2000	214	0.92397E+07	0.48340E+07
2000	215	0.91835E+07	0.48048E+07
2000	216	0.91276E+07	0.47758E+07
2000	217	0.90721E+07	0.47469E+07
2000	218	0.90169E+07	0.47182E+07
2000	219	0.89620E+07	0.46896E+07
2000	220	0.89085E+07	0.46613E+07
2000	221	0.88550E+07	0.46331E+07
2000	222	0.88012E+07	0.46050E+07
2000	223	0.87482E+07	0.45771E+07
2000	224	0.86956E+07	0.45494E+07
2000	225	0.86432E+07	0.45218E+07
2000	226	0.85911E+07	0.44944E+07
2000	227	0.85393E+07	0.44671E+07
2000	228	0.84878E+07	0.44400E+07
2000	229	0.84365E+07	0.44130E+07
2000	230	0.83855E+07	0.43862E+07
2000	231	0.83348E+07	0.43594E+07
2000	232	0.82844E+07	0.43327E+07
2000	233	0.82342E+07	0.43059E+07
2000	234	0.81843E+07	0.42793E+07
2000	235	0.81347E+07	0.42528E+07
2000	236	0.80853E+07	0.42265E+07
2000	237	0.80362E+07	0.42003E+07
2000	238	0.79873E+07	0.41743E+07
2000	239	0.79387E+07	0.41485E+07
2000	240	0.78904E+07	0.41228E+07
2000	241	0.78424E+07	0.40973E+07
2000	242	0.77946E+07	0.40719E+07
2000	243	0.77471E+07	0.40466E+07
2000	244	0.76999E+07	0.40216E+07
2000	245	0.76529E+07	0.39966E+07
2000	246	0.76062E+07	0.39719E+07
2000	247	0.75598E+07	0.39472E+07
2000	248	0.75136E+07	0.39228E+07
2000	249	0.74680E+07	0.38984E+07
2000	250	0.74227E+07	0.38743E+07
2000	251	0.73771E+07	0.38502E+07
2000	252	0.73321E+07	0.38263E+07
2000	253	0.72874E+07	0.38024E+07
2000	254	0.72429E+07	0.37786E+07
2000	255	0.71987E+07	0.37549E+07
2000	256	0.71547E+07	0.37315E+07
2000	257	0.71110E+07	0.37081E+07
2000	258	0.70675E+07	0.36850E+07
2000	259	0.70241E+07	0.36619E+07
2000	260	0.69807E+07	0.36390E+07
2000	261	0.69376E+07	0.36163E+07
2000	262	0.68947E+07	0.35937E+07
2000	263	0.68521E+07	0.35713E+07
2000	264	0.68097E+07	0.35490E+07
2000	265	0.67676E+07	0.35268E+07
2000	266	0.67257E+07	0.35048E+07
2000	267	0.66841E+07	0.34829E+07
2000	268	0.66428E+07	0.34612E+07
2000	269	0.66017E+07	0.34396E+07
2000	270	0.65608E+07	0.34181E+07
2000	271	0.65202E+07	0.33968E+07
2000	272	0.64799E+07	0.33756E+07
2000	273	0.64405E+07	0.33545E+07
2000	274	0.64007E+07	0.33341E+07
2000	275	0.63611E+07	0.33134E+07
2000	276	0.63216E+07	0.32923E+07
2000	277	0.62826E+07	0.32717E+07
2000	278	0.62443E+07	0.32518E+07
2000	279	0.62066E+07	0.32317E+07
2000	280	0.61694E+07	0.32118E+07
2000	281	0.61327E+07	0.31922E+07
2000	282	0.60969E+07	0.31733E+07
2000	283	0.60606E+07	0.31538E+07
2000	284	0.60251E+07	0.31351E+07
2000	285	0.59906E+07	0.31173E+07
2000	286	0.59556E+07	0.30988E+07
2000	287	0.59213E+07	0.30809E+07
2000	288	0.58875E+07	0.30632E+07
2000	289	0.58552E+07	0.30460E+07
2000	290	0.58248E+07	0.30297E+07
2000	291	0.57949E+07	0.30126E+07
2000	292	0.57646E+07	0.29963E+07
2000	293	0.57349E+07	0.29801E+07
2000	294	0.57052E+07	0.29638E+07
2000	295	0.56756E+07	0.29475E+07
2000	296	0.56459E+07	0.29313E+07
2000	297	0.56163E+07	0.29150E+07
2000	298	0.55866E+07	0.28988E+07
2000	299	0.55569E+07	0.28826E+07
2000	300	0.55273E+07	0.28665E+07
2000	301	0.54996E+07	0.28505E+07
2000	302	0.54725E+07	0.28349E+07
2000	303	0.54453E+07	0.28185E+07
2000	304	0.54189E+07	0.28027E+07
2000	305	0.53927E+07	0.27870E+07
2000	306	0.53678E+07	0.27719E+07
2000	307	0.53441E+07	0.27571E+07
2000	308	0.53222E+07	0.27427E+07
2000	309	0.53035E+07	0.27299E+07
2000	310	0.52863E+07	0.27174E+07
2000	311	0.52740E+07	0.27063E+07
2000	312	0.52643E+07	0.26952E+07
2000	313	0.52541E+07	0.26837E+07
2000	314	0.52461E+07	0.26732E+07
2000	315	0.52481E+07	0.26655E+07
2000	316	0.52533E+07	0.26604E+07
2000	317	0.52614E+07	0.26573E+07
2000	318	0.52756E+07	0.26557E+07
2000	319	0.52964E+07	0.26570E+07
2000	320	0.53202E+07	0.26605E+07
2000	321	0.53468E+07	0.26682E+07
2000	322	0.53754E+07	0.26782E+07
2000	323	0.54141E+07	0.26904E+07
2000	324	0.54566E+07	0.27042E+07
2000	325	0.55050E+07	0.27211E+07
2000	326	0.55563E+07	0.27404E+07
2000	327	0.56039E+07	0.27573E+07
2000	328	0.56481E+07	0.27733E+07
2000	329	0.56890E+07	0.27877E+07
2000	330	0.57259E+07	0.28004E+07
2000	331	0.57585E+07	0.28115E+07
2000	332	0.57872E+07	0.28212E+07
2000	333	0.58122E+07	0.28296E+07
2000	334	0.58346E+07	0.28372E+07
2000	335	0.58694E+07	0.28513E+07
2001	1	0.59154E+07	0.28708E+07
2001	2	0.59864E+07	0.29041E+07
2001	3	0.60688E+07	0.29426E+07
2001	4	0.61645E+07	0.29890E+07
2001	5	0.62549E+07	0.30325E+07
2001	6	0.63416E+07	0.30747E+07
2001	7	0.64238E+07	0.31150E+07
2001	8	0.65018E+07	0.31533E+07
2001	9	0.65764E+07	0.31899E+07
2001	10	0.66472E+07	0.32247E+07
2001	11	0.67143E+07	0.32579E+07
2001	12	0.67776E+07	0.32895E+07
2001	13	0.68374E+07	0.33194E+07
2001	14	0.68933E+07	0.33478E+07
2001	15	0.69449E+07	0.33745E+07
2001	16	0.69923E+07	0.33994E+07
2001	17	0.70362E+07	0.34229E+07
2001	18	0.70768E+07	0.34450E+07
2001	19	0.71142E+07	0.34656E+07
2001	20	0.71612E+07	0.34914E+07
2001	21	0.72404E+07	0.35367E+07
2001	22	0.73603E+07	0.36071E+07
2001	23	0.75042E+07	0.37039E+07
2001	24	0.76701E+07	0.38160E+07
2001	25	0.78519E+07	0.39485E+07
2001	26	0.80209E+07	0.40825E+07
2001	27	0.81944E+07	0.42161E+07
2001	28	0.83581E+07	0.43457E+07
2001	29	0.85429E+07	0.44829E+07
2001	30	0.87586E+07	0.46098E+07
2001	31	0.89727E+07	0.47277E+07
