groundwater recharge [m**3/timestep] for all sub-basins (MAP-IDs)
Year	Day	Timestep	15	69
2000	1	1	0.37613E+08	0.17226E+08
2000	2	1	0.45675E+08	0.17848E+08
2000	3	1	0.46662E+08	0.18529E+08
2000	4	1	0.43427E+08	0.19294E+08
2000	5	1	0.50369E+08	0.22914E+08
2000	6	1	0.54661E+08	0.26054E+08
2000	7	1	0.55267E+08	0.29975E+08
2000	8	1	0.57808E+08	0.28635E+08
2000	9	1	0.58694E+08	0.27179E+08
2000	10	1	0.53968E+08	0.25657E+08
2000	11	1	0.49867E+08	0.24247E+08
2000	12	1	0.46134E+08	0.22768E+08
2000	13	1	0.42849E+08	0.21417E+08
2000	14	1	0.39864E+08	0.20022E+08
2000	15	1	0.37161E+08	0.18758E+08
2000	16	1	0.34726E+08	0.17583E+08
2000	17	1	0.32854E+08	0.16750E+08
2000	18	1	0.36076E+08	0.17950E+08
2000	19	1	0.38481E+08	0.21681E+08
2000	20	1	0.36436E+08	0.20724E+08
2000	21	1	0.34514E+08	0.19611E+08
2000	22	1	0.32530E+08	0.18374E+08
2000	23	1	0.30654E+08	0.17262E+08
2000	24	1	0.28752E+08	0.16280E+08
2000	25	1	0.26858E+08	0.15405E+08
2000	26	1	0.25417E+08	0.14568E+08
2000	27	1	0.24025E+08	0.13829E+08
2000	28	1	0.25032E+08	0.14392E+08
2000	29	1	0.29854E+08	0.16443E+08
2000	30	1	0.32213E+08	0.18992E+08
2000	31	1	0.36147E+08	0.18355E+08
2000	32	1	0.35788E+08	0.17704E+08
2000	33	1	0.33979E+08	0.17021E+08
2000	34	1	0.32196E+08	0.16165E+08
2000	35	1	0.30404E+08	0.15227E+08
2000	36	1	0.28686E+08	0.14372E+08
2000	37	1	0.26913E+08	0.13596E+08
2000	38	1	0.26624E+08	0.13193E+08
2000	39	1	0.33042E+08	0.14098E+08
2000	40	1	0.38159E+08	0.17604E+08
2000	41	1	0.44818E+08	0.22810E+08
2000	42	1	0.49150E+08	0.29026E+08
2000	43	1	0.54981E+08	0.33181E+08
2000	44	1	0.63614E+08	0.39415E+08
2000	45	1	0.78924E+08	0.46349E+08
2000	46	1	0.80001E+08	0.43573E+08
2000	47	1	0.73443E+08	0.40708E+08
2000	48	1	0.67426E+08	0.37494E+08
2000	49	1	0.62272E+08	0.34871E+08
2000	50	1	0.57815E+08	0.32739E+08
2000	51	1	0.53400E+08	0.30866E+08
2000	52	1	0.50238E+08	0.29021E+08
2000	53	1	0.47214E+08	0.27269E+08
2000	54	1	0.44158E+08	0.25611E+08
2000	55	1	0.41138E+08	0.24089E+08
2000	56	1	0.38533E+08	0.22738E+08
2000	57	1	0.36238E+08	0.21364E+08
2000	58	1	0.34129E+08	0.20216E+08
2000	59	1	0.32392E+08	0.19235E+08
2000	60	1	0.30847E+08	0.18240E+08
2000	61	1	0.29217E+08	0.17267E+08
2000	62	1	0.27602E+08	0.16389E+08
2000	63	1	0.26244E+08	0.15659E+08
2000	64	1	0.25231E+08	0.15068E+08
2000	65	1	0.24205E+08	0.14562E+08
2000	66	1	0.23246E+08	0.14095E+08
2000	67	1	0.22342E+08	0.13649E+08
2000	68	1	0.21437E+08	0.13186E+08
2000	69	1	0.20581E+08	0.12697E+08
2000	70	1	0.19780E+08	0.12208E+08
2000	71	1	0.19134E+08	0.11789E+08
2000	72	1	0.18493E+08	0.11345E+08
2000	73	1	0.18010E+08	0.10970E+08
2000	74	1	0.17399E+08	0.10516E+08
2000	75	1	0.16809E+08	0.10104E+08
2000	76	1	0.16193E+08	0.97108E+07
2000	77	1	0.15719E+08	0.93499E+07
2000	78	1	0.15278E+08	0.89965E+07
2000	79	1	0.14825E+08	0.86401E+07
2000	80	1	0.15539E+08	0.83375E+07
2000	81	1	0.15170E+08	0.80743E+07
2000	82	1	0.14658E+08	0.78218E+07
2000	83	1	0.14088E+08	0.76010E+07
2000	84	1	0.13584E+08	0.74051E+07
2000	85	1	0.13033E+08	0.71162E+07
2000	86	1	0.12476E+08	0.68282E+07
2000	87	1	0.11957E+08	0.65693E+07
2000	88	1	0.11525E+08	0.63562E+07
2000	89	1	0.11151E+08	0.61562E+07
2000	90	1	0.10791E+08	0.59566E+07
2000	91	1	0.10432E+08	0.57906E+07
2000	92	1	0.10073E+08	0.55984E+07
2000	93	1	0.97130E+07	0.54199E+07
2000	94	1	0.93480E+07	0.52293E+07
2000	95	1	0.90007E+07	0.50466E+07
2000	96	1	0.86603E+07	0.48539E+07
2000	97	1	0.82899E+07	0.46404E+07
2000	98	1	0.79317E+07	0.44372E+07
2000	99	1	0.75897E+07	0.42481E+07
2000	100	1	0.72899E+07	0.40796E+07
2000	101	1	0.70239E+07	0.39410E+07
2000	102	1	0.67958E+07	0.38040E+07
2000	103	1	0.65408E+07	0.36634E+07
2000	104	1	0.63027E+07	0.35364E+07
2000	105	1	0.60666E+07	0.34092E+07
2000	106	1	0.58162E+07	0.32763E+07
2000	107	1	0.55684E+07	0.31344E+07
2000	108	1	0.53449E+07	0.30011E+07
2000	109	1	0.51699E+07	0.28893E+07
2000	110	1	0.49817E+07	0.27890E+07
2000	111	1	0.48375E+07	0.27108E+07
2000	112	1	0.47123E+07	0.26485E+07
2000	113	1	0.45729E+07	0.25841E+07
2000	114	1	0.44186E+07	0.25019E+07
2000	115	1	0.42830E+07	0.24393E+07
2000	116	1	0.41331E+07	0.23653E+07
2000	117	1	0.39714E+07	0.22814E+07
2000	118	1	0.38099E+07	0.21912E+07
2000	119	1	0.36754E+07	0.21064E+07
2000	120	1	0.35423E+07	0.20364E+07
2000	121	1	0.34099E+07	0.19647E+07
2000	122	1	0.32939E+07	0.18937E+07
2000	123	1	0.31651E+07	0.18162E+07
2000	124	1	0.30582E+07	0.17571E+07
2000	125	1	0.29682E+07	0.17068E+07
2000	126	1	0.28826E+07	0.16648E+07
2000	127	1	0.27985E+07	0.16145E+07
2000	128	1	0.27233E+07	0.15781E+07
2000	129	1	0.26613E+07	0.15504E+07
2000	130	1	0.25917E+07	0.15117E+07
2000	131	1	0.25084E+07	0.14653E+07
2000	132	1	0.24256E+07	0.14206E+07
2000	133	1	0.23567E+07	0.13886E+07
2000	134	1	0.22902E+07	0.13473E+07
2000	135	1	0.22166E+07	0.13068E+07
2000	136	1	0.21469E+07	0.12663E+07
2000	137	1	0.20791E+07	0.12299E+07
2000	138	1	0.20148E+07	0.11950E+07
2000	139	1	0.19539E+07	0.11629E+07
2000	140	1	0.18930E+07	0.11296E+07
2000	141	1	0.18312E+07	0.10949E+07
2000	142	1	0.17751E+07	0.10615E+07
2000	143	1	0.17207E+07	0.10275E+07
2000	144	1	0.16764E+07	0.10017E+07
2000	145	1	0.16256E+07	0.97184E+06
2000	146	1	0.15737E+07	0.94184E+06
2000	147	1	0.15211E+07	0.91342E+06
2000	148	1	0.14689E+07	0.88527E+06
2000	149	1	0.14223E+07	0.85901E+06
2000	150	1	0.13812E+07	0.83631E+06
2000	151	1	0.13390E+07	0.81303E+06
2000	152	1	0.12947E+07	0.78768E+06
2000	153	1	0.12543E+07	0.76416E+06
2000	154	1	0.12167E+07	0.74357E+06
2000	155	1	0.11864E+07	0.72615E+06
2000	156	1	0.11593E+07	0.69606E+06
2000	157	1	0.11368E+07	0.67448E+06
2000	158	1	0.11164E+07	0.63882E+06
2000	159	1	0.10900E+07	0.61266E+06
2000	160	1	0.10597E+07	0.59786E+06
2000	161	1	0.10293E+07	0.58375E+06
2000	162	1	0.10015E+07	0.57076E+06
2000	163	1	0.97122E+06	0.55542E+06
2000	164	1	0.94430E+06	0.54102E+06
2000	165	1	0.92248E+06	0.53165E+06
2000	166	1	0.90196E+06	0.52059E+06
2000	167	1	0.87710E+06	0.50825E+06
2000	168	1	0.85177E+06	0.49412E+06
2000	169	1	0.82456E+06	0.48117E+06
2000	170	1	0.79945E+06	0.46946E+06
2000	171	1	0.77509E+06	0.45775E+06
2000	172	1	0.75032E+06	0.44510E+06
2000	173	1	0.72615E+06	0.43304E+06
2000	174	1	0.70231E+06	0.42110E+06
2000	175	1	0.68608E+06	0.41073E+06
2000	176	1	0.66747E+06	0.40111E+06
2000	177	1	0.65120E+06	0.39254E+06
2000	178	1	0.63660E+06	0.38566E+06
2000	179	1	0.60563E+06	0.37902E+06
2000	180	1	0.56037E+06	0.37071E+06
2000	181	1	0.53331E+06	0.36171E+06
2000	182	1	0.52018E+06	0.35282E+06
2000	183	1	0.50873E+06	0.34485E+06
2000	184	1	0.49836E+06	0.33780E+06
2000	185	1	0.48798E+06	0.33096E+06
2000	186	1	0.47695E+06	0.32346E+06
2000	187	1	0.46795E+06	0.31790E+06
2000	188	1	0.45830E+06	0.31147E+06
2000	189	1	0.44843E+06	0.30481E+06
2000	190	1	0.43887E+06	0.29862E+06
2000	191	1	0.43085E+06	0.29320E+06
2000	192	1	0.42270E+06	0.28757E+06
2000	193	1	0.41437E+06	0.28186E+06
2000	194	1	0.40686E+06	0.27693E+06
2000	195	1	0.40132E+06	0.27364E+06
2000	196	1	0.39479E+06	0.26920E+06
2000	197	1	0.38824E+06	0.26481E+06
2000	198	1	0.38199E+06	0.26069E+06
2000	199	1	0.37641E+06	0.25698E+06
2000	200	1	0.37094E+06	0.25337E+06
2000	201	1	0.36495E+06	0.24953E+06
2000	202	1	0.35903E+06	0.24563E+06
2000	203	1	0.35332E+06	0.24184E+06
2000	204	1	0.34731E+06	0.23778E+06
2000	205	1	0.34190E+06	0.23429E+06
2000	206	1	0.33590E+06	0.23011E+06
2000	207	1	0.32990E+06	0.22585E+06
2000	208	1	0.32327E+06	0.22138E+06
2000	209	1	0.31632E+06	0.21656E+06
2000	210	1	0.30938E+06	0.21145E+06
2000	211	1	0.30420E+06	0.20667E+06
2000	212	1	0.29863E+06	0.20250E+06
2000	213	1	0.29187E+06	0.19780E+06
2000	214	1	0.28543E+06	0.19328E+06
2000	215	1	0.27920E+06	0.18903E+06
2000	216	1	0.27429E+06	0.18477E+06
2000	217	1	0.27042E+06	0.18209E+06
2000	218	1	0.26736E+06	0.18014E+06
2000	219	1	0.26349E+06	0.17676E+06
2000	220	1	0.33278E+06	0.17449E+06
2000	221	1	0.36171E+06	0.17266E+06
2000	222	1	0.35686E+06	0.16980E+06
2000	223	1	0.34991E+06	0.16593E+06
2000	224	1	0.34262E+06	0.16208E+06
2000	225	1	0.33387E+06	0.15783E+06
2000	226	1	0.32502E+06	0.15351E+06
2000	227	1	0.31626E+06	0.14921E+06
2000	228	1	0.30736E+06	0.14455E+06
2000	229	1	0.29841E+06	0.14002E+06
2000	230	1	0.28937E+06	0.13531E+06
2000	231	1	0.28124E+06	0.12353E+06
2000	232	1	0.27281E+06	0.88578E+05
2000	233	1	0.26396E+06	0.63106E+05
2000	234	1	0.25525E+06	0.60849E+05
2000	235	1	0.24639E+06	0.58582E+05
2000	236	1	0.23758E+06	0.56346E+05
2000	237	1	0.22917E+06	0.54252E+05
2000	238	1	0.22099E+06	0.52097E+05
2000	239	1	0.21412E+06	0.50259E+05
2000	240	1	0.20869E+06	0.48989E+05
2000	241	1	0.20417E+06	0.47826E+05
2000	242	1	0.19760E+06	0.46203E+05
2000	243	1	0.19127E+06	0.44544E+05
2000	244	1	0.18518E+06	0.42902E+05
2000	245	1	0.17991E+06	0.41454E+05
2000	246	1	0.17333E+06	0.39817E+05
2000	247	1	0.16676E+06	0.38090E+05
2000	248	1	0.16071E+06	0.36420E+05
2000	249	1	0.16697E+06	0.35056E+05
2000	250	1	0.18432E+06	0.34211E+05
2000	251	1	0.17924E+06	0.32922E+05
2000	252	1	0.17341E+06	0.24102E+05
2000	253	1	0.16662E+06	0.00000E+00
2000	254	1	0.15916E+06	0.00000E+00
2000	255	1	0.15178E+06	0.00000E+00
2000	256	1	0.14449E+06	0.00000E+00
2000	257	1	0.13744E+06	0.00000E+00
2000	258	1	0.13112E+06	0.00000E+00
2000	259	1	0.11754E+06	0.00000E+00
2000	260	1	0.61407E+05	0.00000E+00
2000	261	1	0.58470E+05	0.00000E+00
2000	262	1	0.55697E+05	0.00000E+00
2000	263	1	0.53130E+05	0.00000E+00
2000	264	1	0.50610E+05	0.00000E+00
2000	265	1	0.48141E+05	0.00000E+00
2000	266	1	0.46003E+05	0.00000E+00
2000	267	1	0.43868E+05	0.00000E+00
2000	268	1	0.41777E+05	0.00000E+00
2000	269	1	0.39847E+05	0.00000E+00
2000	270	1	0.37793E+05	0.00000E+00
2000	271	1	0.35969E+05	0.00000E+00
2000	272	1	0.34700E+05	0.00000E+00
2000	273	1	0.42618E+05	0.00000E+00
2000	274	1	0.48025E+05	0.00000E+00
2000	275	1	0.52213E+05	0.00000E+00
2000	276	1	0.51210E+05	0.00000E+00
2000	277	1	0.50049E+05	0.00000E+00
2000	278	1	0.61455E+05	0.00000E+00
2000	279	1	0.16321E+06	0.00000E+00
2000	280	1	0.22059E+06	0.39239E+05
2000	281	1	0.27339E+06	0.63490E+05
2000	282	1	0.35635E+06	0.15738E+06
2000	283	1	0.35242E+06	0.15495E+06
2000	284	1	0.34699E+06	0.15186E+06
2000	285	1	0.37155E+06	0.16155E+06
2000	286	1	0.37404E+06	0.16501E+06
2000	287	1	0.40617E+06	0.20803E+06
2000	288	1	0.46675E+06	0.22304E+06
2000	289	1	0.66465E+06	0.29149E+06
2000	290	1	0.93664E+06	0.41239E+06
2000	291	1	0.10146E+07	0.40145E+06
2000	292	1	0.99002E+06	0.38755E+06
2000	293	1	0.96215E+06	0.37305E+06
2000	294	1	0.94042E+06	0.35919E+06
2000	295	1	0.91572E+06	0.34564E+06
2000	296	1	0.88462E+06	0.33058E+06
2000	297	1	0.85281E+06	0.31563E+06
2000	298	1	0.81815E+06	0.30257E+06
2000	299	1	0.79098E+06	0.29090E+06
2000	300	1	0.76814E+06	0.28101E+06
2000	301	1	0.94570E+06	0.27352E+06
2000	302	1	0.11190E+07	0.27890E+06
2000	303	1	0.11047E+07	0.27040E+06
2000	304	1	0.11271E+07	0.26159E+06
2000	305	1	0.11769E+07	0.25442E+06
2000	306	1	0.13378E+07	0.28779E+06
2000	307	1	0.15178E+07	0.37054E+06
2000	308	1	0.17779E+07	0.43567E+06
2000	309	1	0.22111E+07	0.65021E+06
2000	310	1	0.24541E+07	0.72075E+06
2000	311	1	0.31923E+07	0.90679E+06
2000	312	1	0.36079E+07	0.91949E+06
2000	313	1	0.35917E+07	0.89535E+06
2000	314	1	0.38596E+07	0.90271E+06
2000	315	1	0.53851E+07	0.13899E+07
2000	316	1	0.59706E+07	0.17855E+07
2000	317	1	0.64270E+07	0.21038E+07
2000	318	1	0.74051E+07	0.23419E+07
2000	319	1	0.84514E+07	0.27868E+07
2000	320	1	0.89784E+07	0.31442E+07
2000	321	1	0.94484E+07	0.37833E+07
2000	322	1	0.97988E+07	0.41998E+07
2000	323	1	0.11404E+08	0.45676E+07
2000	324	1	0.12070E+08	0.48247E+07
2000	325	1	0.13051E+08	0.53168E+07
2000	326	1	0.13548E+08	0.57184E+07
2000	327	1	0.13112E+08	0.55162E+07
2000	328	1	0.12593E+08	0.52700E+07
2000	329	1	0.12095E+08	0.50250E+07
2000	330	1	0.11484E+08	0.47762E+07
2000	331	1	0.10852E+08	0.45457E+07
2000	332	1	0.10256E+08	0.43289E+07
2000	333	1	0.97001E+07	0.41369E+07
2000	334	1	0.92968E+07	0.40044E+07
2000	335	1	0.11149E+08	0.48754E+07
2001	1	1	0.13074E+08	0.58601E+07
2001	2	1	0.17058E+08	0.80375E+07
2001	3	1	0.18976E+08	0.89732E+07
2001	4	1	0.21181E+08	0.10232E+08
2001	5	1	0.20559E+08	0.99974E+07
2001	6	1	0.19971E+08	0.97036E+07
2001	7	1	0.19352E+08	0.94470E+07
2001	8	1	0.18761E+08	0.91803E+07
2001	9	1	0.18298E+08	0.89403E+07
2001	10	1	0.17787E+08	0.86965E+07
2001	11	1	0.17266E+08	0.84730E+07
2001	12	1	0.16742E+08	0.82481E+07
2001	13	1	0.16237E+08	0.80281E+07
2001	14	1	0.15680E+08	0.78126E+07
2001	15	1	0.15067E+08	0.75664E+07
2001	16	1	0.14444E+08	0.73237E+07
2001	17	1	0.13937E+08	0.71164E+07
2001	18	1	0.13460E+08	0.69099E+07
2001	19	1	0.12987E+08	0.67105E+07
2001	20	1	0.14227E+08	0.73085E+07
2001	21	1	0.19282E+08	0.10333E+08
2001	22	1	0.25876E+08	0.14427E+08
2001	23	1	0.30050E+08	0.18758E+08
2001	24	1	0.33716E+08	0.21332E+08
2001	25	1	0.36425E+08	0.24670E+08
2001	26	1	0.34704E+08	0.25112E+08
2001	27	1	0.35398E+08	0.25142E+08
2001	28	1	0.34168E+08	0.24710E+08
2001	29	1	0.37563E+08	0.25933E+08
2001	30	1	0.42692E+08	0.24637E+08
2001	31	1	0.42669E+08	0.23262E+08
