Year, day, hour, outflow_r(m**3/timestep)
  2000     1     1    1654271.250    1983528.750    2476439.250    3295309.500    3492825.750
  2000     2     1    1935438.500    2320678.250    2897358.000    3855473.500    4282566.500
  2000     3     1    1796629.375    2154236.000    2689564.500    3578983.500    3820978.000
  2000     4     1    1833222.000    2198108.000    2744342.750    3651833.500    3879272.750
  2000     5     1    1930434.250    2314677.250    2889873.000    3845484.000    4106834.500
  2000     6     1    2017951.500    2419612.000    3020886.250    4019821.250    4296314.500
  2000     7     1    2089782.500    2505740.500    3128417.250    4162910.000    4427287.000
  2000     8     1    2188747.750    2624395.500    3276566.500    4360053.000    4644256.500
  2000     9     1    2256772.250    2705957.250    3378397.750    4495558.500    4773934.000
  2000    10     1    2285471.500    2740368.250    3421360.000    4552727.500    4791773.500
  2000    11     1    2330118.250    2793901.500    3488196.500    4641666.000    4861859.000
  2000    12     1    2384365.500    2858946.500    3569405.500    4749728.000    4965545.000
  2000    13     1    2438526.250    2923887.000    3650483.500    4857617.000    5073582.500
  2000    14     1    2482090.250    2976122.000    3715698.750    4944397.500    5154773.000
  2000    15     1    2522903.250    3025058.500    3776796.500    5025699.000    5232044.000
  2000    16     1    2561175.000    3070948.000    3834089.500    5101938.000    5305703.000
  2000    17     1    2596805.750    3113673.500    3887430.500    5172916.000    5374240.500
  2000    18     1    2637063.000    3161946.750    3947697.500    5253110.500    5452728.500
  2000    19     1    2683346.000    3217452.000    4016988.500    5345310.000    5537902.000
  2000    20     1    2726144.250    3268753.500    4081050.000    5430562.500    5616892.000
  2000    21     1    2764925.000    3315252.000    4139104.250    5507814.000    5687171.500
  2000    22     1    2800467.000    3357868.500    4192311.000    5578614.500    5751962.500
  2000    23     1    2832662.250    3396472.000    4240508.000    5642749.000    5810527.000
  2000    24     1    2861652.500    3431233.000    4283906.500    5700499.000    5862850.000
  2000    25     1    2887557.750    3462294.000    4322687.000    5752102.500    5908944.000
  2000    26     1    2910915.500    3490301.500    4357654.000    5798632.500    5950264.000
  2000    27     1    2931899.250    3515462.500    4389067.000    5840432.500    5986993.000
  2000    28     1    2954715.500    3542824.500    4423224.500    5885883.500    6027194.500
  2000    29     1    3011810.750    3611289.000    4508699.000    5999620.000    6163303.000
  2000    30     1    3019143.750    3620084.000    4519679.000    6014230.000    6143715.500
  2000    31     1    3056837.750    3665270.000    4576102.000    6089315.500    6217318.000
  2000    32     1    3093192.500    3708859.000    4630524.500    6161735.000    6288861.000
  2000    33     1    3126702.250    3749038.000    4680688.500    6228487.000    6354256.500
  2000    34     1    3157264.000    3785682.750    4726438.500    6289366.500    6413761.000
  2000    35     1    3184766.500    3818659.500    4767609.500    6344151.000    6467290.000
  2000    36     1    3209423.750    3848224.500    4804522.000    6393270.000    6515201.000
  2000    37     1    3231253.000    3874398.500    4837200.500    6436755.000    6557277.000
  2000    38     1    3252381.500    3899736.500    4868832.500    6478845.000    6598527.500
  2000    39     1    3410549.750    4089390.250    5105614.000    6793923.000    7044673.000
  2000    40     1    3352342.000    4019607.000    5018480.000    6677971.500    6736565.000
  2000    41     1    3679182.250    4411510.000    5507771.500    7329061.000    6898509.000
  2000    42     1    3874165.500    4645282.000    5799649.000    7717461.000    7005345.000
  2000    43     1    3543542.500    4248852.000    5304704.500    7058849.500    7200280.000
  2000    44     1    3730582.500    4473120.500    5584704.500    7431438.500    7575386.000
  2000    45     1    6306377.000    7561603.000    9440684.000   12562504.000   15105535.000
  2000    46     1    3917256.500    4696950.000    5864156.500    7803299.000    7971116.000
  2000    47     1    3930842.500    4713240.500    5884495.000    7830363.000    7912908.500
  2000    48     1    3982068.000    4774662.500    5961180.000    7932407.000    7972959.000
  2000    49     1    4056427.000    4863821.000    6072495.500    8080531.500    8110588.000
  2000    50     1    4125313.000    4946418.500    6175618.000    8217754.000    8239097.000
  2000    51     1    4191294.250    5025532.500    6274392.000    8349191.500    8365314.000
  2000    52     1    4244185.000    5088951.000    6353570.500    8454552.000    8458756.000
  2000    53     1    4292817.500    5147263.000    6426373.000    8551428.000    8545402.000
  2000    54     1    4337834.500    5201240.000    6493764.000    8641104.000    8626829.000
  2000    55     1    4378232.500    5249679.000    6554240.000    8721578.000    8699589.000
  2000    56     1    4414248.500    5292864.000    6608157.000    8793324.000    8763811.000
  2000    57     1    4446191.000    5331164.000    6655974.000    8856954.000    8820474.000
  2000    58     1    4474531.500    5365145.500    6698400.500    8913409.000    8870225.000
  2000    59     1    4499854.000    5395508.500    6736308.500    8963852.000    8914264.000
  2000    60     1    4522353.500    5422486.500    6769990.500    9008673.000    8953216.000
  2000    61     1    4541987.000    5446028.000    6799382.000    9047783.000    8986841.000
  2000    62     1    4558891.000    5466296.500    6824688.000    9081456.000    9015232.000
  2000    63     1    4573516.000    5483832.500    6846581.000    9110590.000    9039234.000
  2000    64     1    4586375.000    5499250.000    6865830.500    9136204.000    9059938.000
  2000    65     1    4597554.000    5512654.000    6882565.000    9158472.000    9077321.000
  2000    66     1    4607175.000    5524190.500    6896968.000    9177638.000    9091619.000
  2000    67     1    4615323.500    5533961.000    6909166.500    9193871.000    9103016.000
  2000    68     1    4621989.000    5541953.500    6919145.000    9207149.000    9111528.000
  2000    69     1    4627204.500    5548206.500    6926953.000    9217538.000    9117324.000
  2000    70     1    4631051.000    5552819.000    6932711.000    9225200.000    9120616.000
  2000    71     1    4633751.500    5556056.500    6936753.000    9230579.000    9121866.000
  2000    72     1    4635301.000    5557915.500    6939074.000    9233668.000    9121111.000
  2000    73     1    4635967.000    5558713.000    6940070.000    9234994.000    9118915.000
  2000    74     1    4635487.000    5558138.500    6939352.000    9234038.000    9114766.000
  2000    75     1    4633976.000    5556326.000    6937089.000    9231027.000    9108841.000
  2000    76     1    4631425.000    5553268.000    6933271.000    9225946.000    9101056.000
  2000    77     1    4628014.000    5549177.000    6928164.500    9219150.000    9091831.000
  2000    78     1    4623799.000    5544123.500    6921855.000    9210755.000    9081310.000
  2000    79     1    4618776.000    5538100.500    6914335.000    9200748.000    9069478.000
  2000    80     1    4614382.500    5532832.500    6907758.000    9191997.000    9060433.000
  2000    81     1    4609082.000    5526477.000    6899823.500    9181438.000    9049437.000
  2000    82     1    4603121.000    5519329.000    6890898.500    9169562.000    9037251.000
  2000    83     1    4596388.000    5511256.500    6880820.000    9156151.000    9023385.000
  2000    84     1    4588970.500    5502362.500    6869716.000    9141375.000    9008052.000
  2000    85     1    4580718.500    5492468.000    6857363.000    9124936.000    8991098.000
  2000    86     1    4571637.000    5481579.000    6843768.000    9106846.000    8972517.000
  2000    87     1    4561802.000    5469787.000    6829045.000    9087255.000    8952442.000
  2000    88     1    4551364.500    5457271.500    6813420.000    9066463.000    8931169.000
  2000    89     1    4540399.500    5444124.000    6797005.000    9044620.000    8908883.000
  2000    90     1    4528920.000    5430360.000    6779820.000    9021753.000    8885621.000
  2000    91     1    4516968.000    5416028.500    6761927.000    8997943.000    8861389.000
  2000    92     1    4504517.500    5401100.000    6743289.500    8973142.000    8836204.000
  2000    93     1    4491585.500    5385594.000    6723930.000    8947380.000    8810060.000
  2000    94     1    4478156.000    5369491.500    6703826.000    8920630.000    8782949.000
  2000    95     1    4464260.500    5352831.000    6683025.000    8892950.000    8754936.000
  2000    96     1    4449897.000    5335607.500    6661522.000    8864336.000    8726041.000
  2000    97     1    4435011.500    5317759.000    6639239.000    8834684.000    8696172.000
  2000    98     1    4419637.500    5299326.000    6616223.500    8804058.000    8665383.000
  2000    99     1    4403809.000    5280346.500    6592528.000    8772527.000    8633732.000
  2000   100     1    4387598.000    5260908.000    6568260.000    8740234.000    8601363.000
  2000   101     1    4371073.500    5241095.500    6543523.000    8707318.000    8568386.000
  2000   102     1    4354279.000    5220957.500    6518381.000    8673862.000    8534923.000
  2000   103     1    4337177.000    5200452.000    6492780.000    8639794.000    8500878.000
  2000   104     1    4319807.000    5179624.500    6466777.000    8605192.000    8466317.000
  2000   105     1    4302168.500    5158475.000    6440372.000    8570056.000    8431242.000
  2000   106     1    4284240.000    5136978.500    6413533.000    8534342.000    8395604.000
  2000   107     1    4266019.500    5115131.000    6386256.000    8498046.000    8359425.000
  2000   108     1    4247547.000    5092982.000    6358603.000    8461248.000    8322792.000
  2000   109     1    4228910.000    5070635.500    6330704.000    8424124.000    8285895.000
  2000   110     1    4210102.500    5048084.000    6302549.000    8386658.000    8248677.500
  2000   111     1    4191189.250    5025406.500    6274235.500    8348982.000    8211262.000
  2000   112     1    4172204.000    5002642.500    6245814.000    8311163.000    8173699.000
  2000   113     1    4153127.750    4979769.500    6217257.000    8273162.500    8135943.000
  2000   114     1    4133926.500    4956746.000    6188512.500    8234912.500    8097951.500
  2000   115     1    4114646.250    4933629.000    6159650.000    8196506.000    8059789.000
  2000   116     1    4095256.750    4910379.500    6130624.000    8157881.500    8021405.500
  2000   117     1    4075737.750    4886976.000    6101403.500    8118999.000    7982768.500
  2000   118     1    4056081.500    4863407.000    6071978.000    8079843.000    7943877.000
  2000   119     1    4036325.500    4839718.500    6042403.000    8040488.000    7904824.500
  2000   120     1    4016486.000    4815930.000    6012703.000    8000967.500    7865611.000
  2000   121     1    3996562.500    4792041.000    5982878.000    7961279.500    7826243.000
  2000   122     1    3976573.000    4768073.000    5952953.000    7921459.500    7786768.500
  2000   123     1    3956497.000    4744001.500    5922900.000    7881468.000    7747148.000
  2000   124     1    3936383.250    4719884.000    5892789.000    7841400.500    7707457.000
  2000   125     1    3916254.500    4695748.500    5862656.000    7801303.500    7667744.500
  2000   126     1    3896123.500    4671611.000    5832520.000    7761201.500    7628024.500
  2000   127     1    3875983.000    4647461.500    5802369.500    7721081.500    7588301.500
  2000   128     1    3855856.500    4623330.000    5772241.000    7680989.000    7548602.000
  2000   129     1    3835769.000    4599243.500    5742169.000    7640974.000    7508972.500
  2000   130     1    3815698.000    4575177.500    5712123.000    7600992.500    7469381.000
  2000   131     1    3795621.500    4551105.000    5682068.000    7560999.000    7429786.500
  2000   132     1    3775544.500    4527032.000    5652012.500    7521004.500    7390197.500
  2000   133     1    3755493.000    4502989.000    5621995.500    7481061.000    7350653.000
  2000   134     1    3735458.750    4478967.000    5592004.000    7441152.000    7311158.500
  2000   135     1    3715435.000    4454958.000    5562029.000    7401265.000    7271690.000
  2000   136     1    3695426.250    4430967.000    5532075.000    7361406.000    7232260.000
  2000   137     1    3675438.500    4407000.500    5502153.500    7321590.500    7192877.000
  2000   138     1    3655476.500    4383065.000    5472270.000    7281825.000    7153546.000
  2000   139     1    3635547.500    4359169.500    5442436.000    7242125.500    7114283.500
  2000   140     1    3615650.500    4335312.000    5412650.000    7202491.000    7075090.500
  2000   141     1    3595783.500    4311491.000    5382909.000    7162915.000    7035963.000
  2000   142     1    3575951.500    4287712.000    5353221.000    7123409.000    6996914.500
  2000   143     1    3556156.000    4263976.000    5323586.500    7083975.500    6957950.500
  2000   144     1    3536415.500    4240306.000    5294035.000    7044651.500    6919100.000
  2000   145     1    3516719.000    4216689.500    5264549.000    7005415.500    6880345.000
  2000   146     1    3497064.000    4193122.250    5235126.000    6966262.500    6841679.000
  2000   147     1    3477452.250    4169607.000    5205767.000    6927195.000    6803100.000
  2000   148     1    3457883.500    4146143.250    5176472.000    6888214.000    6764608.000
  2000   149     1    3438365.500    4122740.250    5147253.500    6849333.000    6726220.000
  2000   150     1    3418906.750    4099408.500    5118124.000    6810571.000    6687953.000
  2000   151     1    3399506.000    4076146.250    5089081.000    6771924.000    6649802.000
  2000   152     1    3380158.000    4052947.250    5060117.000    6733382.500    6611761.000
  2000   153     1    3360868.250    4029818.000    5031240.000    6694956.500    6573839.000
  2000   154     1    3341642.750    4006765.750    5002459.000    6656658.000    6536044.000
  2000   155     1    3322492.000    3983803.500    4973790.500    6618509.500    6498402.500
  2000   156     1    3303405.250    3960917.500    4945217.500    6580488.000    6460919.000
  2000   157     1    3284397.500    3938126.000    4916762.000    6542624.000    6423608.000
  2000   158     1    3265450.000    3915407.500    4888398.000    6504880.000    6386474.500
  2000   159     1    3246573.000    3892773.500    4860139.500    6467276.500    6349499.000
  2000   160     1    3227771.000    3870229.000    4831992.500    6429822.500    6312669.000
  2000   161     1    3209044.000    3847774.750    4803958.000    6392517.500    6275981.500
  2000   162     1    3190395.750    3825414.500    4776041.500    6355370.000    6239445.000
  2000   163     1    3171820.500    3803141.750    4748234.000    6318367.000    6203051.000
  2000   164     1    3153321.500    3780961.250    4720541.000    6281517.000    6166807.500
  2000   165     1    3134910.250    3758885.000    4692979.500    6244841.000    6130730.500
  2000   166     1    3116584.250    3736911.500    4665545.000    6208335.000    6094822.500
  2000   167     1    3098338.250    3715033.750    4638231.000    6171988.000    6059069.500
  2000   168     1    3080169.000    3693248.000    4611031.000    6135794.500    6023469.000
  2000   169     1    3062075.000    3671552.500    4583944.500    6099750.500    5988013.000
  2000   170     1    3044059.500    3649951.250    4556975.000    6063863.000    5952707.500
  2000   171     1    3026122.250    3628443.750    4530123.000    6028131.500    5917554.000
  2000   172     1    3008262.000    3607028.500    4503386.000    5992553.000    5882550.000
  2000   173     1    2990479.000    3585706.250    4476765.000    5957129.000    5847697.000
  2000   174     1    2972773.750    3564477.000    4450260.000    5921860.000    5812996.000
  2000   175     1    2955155.000    3543351.500    4423885.000    5886763.000    5778468.000
  2000   176     1    2937620.250    3522326.500    4397635.000    5851833.000    5744102.500
  2000   177     1    2920172.750    3501406.000    4371516.000    5817077.000    5709910.000
  2000   178     1    2902815.500    3480594.000    4345532.000    5782501.000    5675892.000
  2000   179     1    2885531.000    3459869.250    4319657.000    5748069.500    5641997.000
  2000   180     1    2868304.000    3439213.500    4293868.000    5713753.000    5608187.000
  2000   181     1    2851148.250    3418643.000    4268186.000    5679578.000    5574502.500
  2000   182     1    2834080.500    3398178.000    4242635.000    5645578.000    5540996.000
  2000   183     1    2817101.750    3377820.000    4217218.500    5611756.500    5507668.500
  2000   184     1    2800214.750    3357571.750    4191938.500    5578117.000    5474523.500
  2000   185     1    2783418.500    3337432.250    4166794.250    5544658.000    5441560.000
  2000   186     1    2766711.250    3317399.500    4141783.500    5511377.000    5408774.500
  2000   187     1    2750096.250    3297477.500    4116910.500    5478279.000    5376172.000
  2000   188     1    2733571.500    3277663.750    4092173.000    5445361.500    5343749.000
  2000   189     1    2717136.000    3257957.000    4067569.000    5412621.500    5311504.500
  2000   190     1    2700790.250    3238357.500    4043099.000    5380060.000    5279438.000
  2000   191     1    2684535.500    3218867.750    4018765.750    5347680.500    5247553.500
  2000   192     1    2668371.000    3199485.750    3994567.500    5315480.000    5215848.000
  2000   193     1    2652296.000    3180211.000    3970503.000    5283458.000    5184320.500
  2000   194     1    2636311.500    3161045.000    3946574.000    5251616.000    5152972.500
  2000   195     1    2620420.750    3141991.500    3922785.500    5219961.000    5121809.500
  2000   196     1    2604620.500    3123046.000    3899132.250    5188486.500    5090825.500
  2000   197     1    2588910.500    3104209.250    3875614.500    5157192.000    5060021.000
  2000   198     1    2573291.000    3085481.000    3852232.250    5126078.000    5029395.500
  2000   199     1    2557762.500    3066861.500    3828986.000    5095144.000    4998950.000
  2000   200     1    2542324.250    3048350.500    3805874.500    5064391.000    4968682.000
  2000   201     1    2526975.000    3029946.000    3782896.750    5033814.500    4938590.500
  2000   202     1    2511714.250    3011648.000    3760051.500    5003415.000    4908674.000
  2000   203     1    2496541.750    2993455.500    3737338.000    4973191.000    4878932.500
  2000   204     1    2481456.000    2975367.000    3714754.500    4943139.000    4849362.500
  2000   205     1    2466458.000    2957383.750    3692302.000    4913262.500    4819965.000
  2000   206     1    2451546.000    2939503.750    3669979.000    4883557.500    4790739.000
  2000   207     1    2436719.000    2921725.750    3647783.000    4854022.000    4761682.000
  2000   208     1    2421975.750    2904047.500    3625712.000    4824652.500    4732789.500
  2000   209     1    2407315.000    2886468.500    3603764.750    4795448.000    4704062.500
  2000   210     1    2392735.500    2868987.500    3581939.000    4766405.000    4675497.000
  2000   211     1    2378242.500    2851610.000    3560243.000    4737534.500    4647109.000
  2000   212     1    2363826.750    2834324.500    3538662.500    4708818.000    4618868.000
  2000   213     1    2349494.000    2817139.000    3517206.500    4680266.500    4590794.500
  2000   214     1    2335242.000    2800050.500    3495871.500    4651876.500    4562882.500
  2000   215     1    2321070.750    2783058.500    3474656.750    4623647.000    4535130.000
  2000   216     1    2306986.000    2766170.500    3453572.000    4595589.500    4507555.000
  2000   217     1    2292981.000    2749378.000    3432606.500    4567691.000    4480117.500
  2000   218     1    2279053.000    2732677.500    3411756.000    4539946.000    4452857.500
  2000   219     1    2265224.250    2716096.250    3391054.250    4512399.000    4425795.000
  2000   220     1    2251675.000    2699850.250    3370771.000    4485408.000    4399443.000
  2000   221     1    2238086.000    2683556.250    3350428.000    4458338.500    4372962.500
  2000   222     1    2224480.500    2667242.500    3330060.500    4431235.500    4346316.000
  2000   223     1    2211070.000    2651163.000    3309985.000    4404521.500    4320173.500
  2000   224     1    2197733.500    2635172.250    3290020.250    4377955.000    4294174.000
  2000   225     1    2184468.750    2619267.000    3270162.750    4351531.000    4268314.000
  2000   226     1    2171275.500    2603448.000    3250412.500    4325250.000    4242592.000
  2000   227     1    2158153.000    2587713.500    3230768.000    4299109.500    4217008.000
  2000   228     1    2145100.500    2572063.250    3211228.500    4273108.500    4191559.000
  2000   229     1    2132118.000    2556496.250    3191793.250    4247246.500    4166246.500
  2000   230     1    2119204.000    2541012.000    3172461.000    4221522.000    4141068.000
  2000   231     1    2106350.250    2525600.000    3153219.000    4195917.000    4116023.500
  2000   232     1    2093538.375    2510238.000    3134039.750    4170395.250    4091113.500
  2000   233     1    2080769.750    2494927.750    3114924.750    4144959.500    4066337.000
  2000   234     1    2068071.000    2479701.500    3095914.500    4119663.250    4041691.500
  2000   235     1    2055441.750    2464558.500    3077008.500    4094505.500    4017175.000
  2000   236     1    2042882.000    2449498.750    3058206.500    4069486.000    3992789.000
  2000   237     1    2030391.750    2434522.500    3039508.500    4044604.500    3968532.000
  2000   238     1    2017970.625    2419629.000    3020914.000    4019861.500    3944405.500
  2000   239     1    2005619.750    2404819.750    3002424.500    3995258.000    3920411.000
  2000   240     1    1993340.875    2390096.750    2984043.000    3970798.000    3896553.000
  2000   241     1    1981136.750    2375463.500    2965773.500    3946487.250    3872836.500
  2000   242     1    1968997.875    2360908.750    2947601.500    3922306.250    3849245.750
  2000   243     1    1956930.750    2346439.750    2929537.000    3898268.250    3825789.500
  2000   244     1    1944932.500    2332053.250    2911575.500    3874367.500    3802464.000
  2000   245     1    1933004.000    2317750.500    2893718.500    3850605.250    3779270.500
  2000   246     1    1921143.000    2303528.750    2875962.500    3826977.500    3756204.500
  2000   247     1    1909349.375    2289387.750    2858307.500    3803484.750    3733266.000
  2000   248     1    1897624.250    2275328.750    2840754.750    3780127.750    3710458.750
  2000   249     1    1886070.250    2261475.000    2823458.250    3757112.000    3688064.500
  2000   250     1    1874536.500    2247645.750    2806192.500    3734136.250    3665655.500
  2000   251     1    1862935.500    2233735.750    2788825.500    3711026.750    3643045.500
  2000   252     1    1851505.500    2220030.500    2771714.500    3688257.500    3620847.000
  2000   253     1    1840116.750    2206375.000    2754666.000    3665571.000    3598772.000
  2000   254     1    1828793.250    2192797.500    2737714.250    3643014.250    3576815.250
  2000   255     1    1817534.000    2179297.500    2720859.250    3620585.500    3554975.000
  2000   256     1    1806339.375    2165874.500    2704101.000    3598285.500    3533252.000
  2000   257     1    1795208.500    2152528.250    2687438.000    3576112.500    3511645.000
  2000   258     1    1784142.375    2139259.500    2670871.750    3554068.500    3490156.500
  2000   259     1    1773131.250    2126056.750    2654388.000    3532134.000    3468759.000
  2000   260     1    1762133.250    2112869.500    2637924.000    3510225.500    3447327.000
  2000   261     1    1751202.000    2099762.500    2621560.000    3488450.000    3426022.000
  2000   262     1    1740337.750    2086736.000    2605296.000    3466808.250    3404845.500
  2000   263     1    1729540.000    2073789.000    2589131.750    3445298.750    3383794.500
  2000   264     1    1718808.750    2060921.750    2573067.000    3423921.500    3362871.000
  2000   265     1    1708143.000    2048133.250    2557100.500    3402675.250    3342072.500
  2000   266     1    1697545.000    2035425.500    2541235.000    3381563.500    3321404.500
  2000   267     1    1687009.000    2022792.500    2525462.500    3360575.500    3300852.500
  2000   268     1    1676539.500    2010239.250    2509789.750    3339720.000    3280429.500
  2000   269     1    1666135.000    1997763.750    2494214.000    3318993.750    3260130.500
  2000   270     1    1655794.250    1985365.000    2478734.000    3298394.750    3239954.250
  2000   271     1    1645518.000    1973043.250    2463350.250    3277924.000    3219901.500
  2000   272     1    1635310.500    1960804.000    2448069.500    3257590.500    3199986.000
  2000   273     1    1625331.250    1948838.500    2433130.500    3237711.500    3180642.500
  2000   274     1    1615312.375    1936825.250    2418132.250    3217753.500    3160931.000
  2000   275     1    1605321.250    1924845.625    2403175.500    3197850.750    3141396.500
  2000   276     1    1595225.250    1912740.125    2388061.750    3177739.500    3121819.250
  2000   277     1    1585334.750    1900881.000    2373255.500    3158037.250    3102557.500
  2000   278     1    1575719.750    1889352.250    2358862.000    3138884.000    3083723.750
  2000   279     1    2732607.000    3276507.000    4090728.750    5443440.000    3065146.500
  2000   280     1    1556723.500    1866574.750    2330424.250    3101042.500    3046794.250
  2000   281     1    1547384.500    1855377.125    2316444.000    3082439.250    3028652.000
  2000   282     1    1538291.375    1844474.000    2302831.500    3064325.250    3010981.000
  2000   283     1    1528953.750    1833277.750    2288852.750    3045724.500    2992957.500
  2000   284     1    1519957.625    1822491.125    2275385.500    3027804.000    2975412.750
  2000   285     1    1511308.250    1812120.000    2262437.250    3010574.000    2958420.250
  2000   286     1    1502405.250    1801445.250    2249109.750    2992839.250    2941095.750
  2000   287     1    1493788.375    1791113.125    2236210.000    2975674.000    2924188.250
  2000   288     1    1485223.250    1780843.125    2223388.000    2958611.750    2907535.250
  2000   289     1    1477070.500    1771067.750    2211183.250    2942371.250    2891668.000
  2000   290     1    1469331.125    1761787.875    2199597.500    2926954.250    2876649.750
  2000   291     1    1461456.250    1752345.500    2187808.750    2911267.250    2861795.750
  2000   292     1    1453697.000    1743042.000    2176193.250    2895810.750    2846755.000
  2000   293     1    1446068.000    1733894.500    2164772.500    2880613.250    2832093.000
  2000   294     1    1438452.500    1724763.250    2153372.000    2865443.250    2817463.250
  2000   295     1    1430829.875    1715623.500    2141961.000    2850258.500    2802803.500
  2000   296     1    1423214.625    1706492.375    2130560.500    2835088.500    2788162.500
  2000   297     1    1415600.250    1697362.500    2119162.000    2819920.750    2773519.250
  2000   298     1    1407984.500    1688230.750    2107761.250    2804750.000    2758861.250
  2000   299     1    1400376.375    1679108.375    2096372.000    2789594.250    2744211.750
  2000   300     1    1392790.500    1670012.500    2085015.625    2774483.000    2729598.000
  2000   301     1    1385595.125    1661385.125    2074244.250    2760149.500    2716041.000
  2000   302     1    1378503.125    1652881.375    2063627.375    2746022.000    2702631.750
  2000   303     1    1371229.500    1644160.000    2052738.625    2731532.500    2689119.500
  2000   304     1    1364211.875    1635745.625    2042233.375    2717553.500    2676057.250
  2000   305     1    1357281.875    1627436.250    2031859.000    2703748.500    2663156.750
  2000   306     1    1350667.750    1619505.625    2021957.625    2690573.000    2650870.250
  2000   307     1    1344297.000    1611866.875    2012420.625    2677882.250    2639176.000
  2000   308     1    1338282.750    1604655.500    2003417.250    2665901.750    2628418.000
  2000   309     1    1389016.750    1665487.750    2079366.375    2766965.750    2619204.250
  2000   310     1    1328105.875    1592453.000    1988182.250    2645629.000    2610630.000
  2000   311     1    1324275.250    1587860.000    1982448.000    2637998.500    2604661.250
  2000   312     1    1320749.625    1583632.625    1977170.000    2630975.000    2599768.250
  2000   313     1    1317120.875    1579281.625    1971737.875    2623746.750    2594664.000
  2000   314     1    1314069.250    1575622.750    1967169.500    2617667.750    2590759.250
  2000   315     1    2378983.000    2852497.750    3561352.000    4739010.000    4118147.000
  2000   316     1    1313189.750    1574568.125    1965853.000    2615916.000    2594342.500
  2000   317     1    1313987.750    1575525.000    1967047.625    2617505.500    2598303.000
  2000   318     1    1316098.000    1578055.000    1970206.375    2621708.750    2605390.250
  2000   319     1    1319773.625    1582462.250    1975709.000    2629031.000    2615630.000
  2000   320     1    1324280.000    1587865.750    1982455.000    2638008.000    2627342.000
  2000   321     1    1329977.250    1594697.000    1990984.000    2649357.000    2640485.000
  2000   322     1    1336363.375    1602354.250    2000544.000    2662078.500    2654585.500
  2000   323     1    1344832.625    1612509.000    2013222.500    2678949.250    2673752.000
  2000   324     1    1354155.250    1623687.375    2027178.500    2697520.500    2694700.000
  2000   325     1    1365006.250    1636698.000    2043422.500    2719135.750    2718642.000
  2000   326     1    1376689.250    1650706.500    2060912.000    2742408.750    2743912.000
  2000   327     1    1387375.875    1663520.250    2076910.000    2763696.750    2767409.500
  2000   328     1    1397366.875    1675499.750    2091866.500    2783599.250    2789244.000
  2000   329     1    1406531.625    1686488.750    2105586.250    2801855.500    2809434.250
  2000   330     1    1414753.125    1696346.625    2117894.000    2818233.250    2827640.250
  2000   331     1    1422019.625    1705059.500    2128772.000    2832708.250    2843761.750
  2000   332     1    1428388.250    1712695.750    2138305.750    2845395.000    2857921.750
  2000   333     1    1433935.500    1719347.000    2146610.000    2856445.000    2870261.750
  2000   334     1    1438929.500    1725335.000    2154086.000    2866393.250    2881339.500
  2000   335     1    1447096.000    1735127.125    2166311.500    2882661.250    2898610.750
  2001     1     1    1457970.125    1748165.625    2182590.000    2904322.750    2921346.750
  2001     2     1    2199969.750    2637853.500    3293368.000    4382410.000    3679724.500
  2001     3     1    1495310.500    1792938.250    2238488.750    2978706.000    2997043.000
  2001     4     1    1518897.125    1821219.500    2273798.000    3025691.500    3044327.000
  2001     5     1    1541067.250    1847802.375    2306987.000    3069854.750    3088915.500
  2001     6     1    1562453.625    1873445.625    2339002.500    3112457.000    3131723.500
  2001     7     1    1582766.750    1897801.750    2369411.250    3152921.500    3172297.500
  2001     8     1    1602065.625    1920942.000    2398301.750    3191365.500    3210793.500
  2001     9     1    1620528.500    1943079.750    2425940.750    3228144.250    3247680.000
  2001    10     1    1638046.000    1964084.000    2452164.750    3263039.750    3282624.500
  2001    11     1    1654679.250    1984027.750    2477064.750    3296173.500    3315742.000
  2001    12     1    1670421.500    2002903.500    2500631.000    3327532.750    3347015.000
  2001    13     1    1685308.500    2020753.750    2522917.000    3357188.250    3376528.750
  2001    14     1    1699293.875    2037522.500    2543853.000    3385047.250    3404125.000
  2001    15     1    1712290.250    2053105.750    2563308.750    3410936.500    3429638.750
  2001    16     1    1724295.750    2067500.875    2581281.250    3434852.000    3453044.500
  2001    17     1    1735479.500    2080910.625    2598023.000    3457130.250    3474727.000
  2001    18     1    1745876.000    2093376.500    2613586.750    3477840.500    3494785.000
  2001    19     1    1755503.250    2104920.000    2627998.750    3497018.250    3513244.500
  2001    20     1    2004782.000    2403815.500    3001170.750    3993589.500    4029695.250
  2001    21     1   12999558.000   15586998.000   19460414.000   25895530.000   15249330.000
  2001    22     1   18230176.000   21858724.000   27290680.000   36315088.000   25150026.000
  2001    23     1    5732266.000    6873220.500    8581236.000   11418856.000    4509375.500
  2001    24     1    1905928.250    2285285.750    2853186.000    3796669.500    3787824.500
  2001    25     1    1958082.750    2347821.000    2931261.750    3900563.000    3877592.000
  2001    26     1    2008640.000    2408441.250    3006946.000    4001274.500    3961922.750
  2001    27     1    2059291.250    2469174.000    3082771.500    4102174.000    4046733.500
  2001    28     1    2107965.000    2527536.000    3155636.500    4199133.500    4127557.750
  2001    29     1    2161408.500    2591617.000    3235641.500    4305594.500    4218877.500
  2001    30     1    2223571.000    2666152.000    3328698.750    4429424.000    4341213.500
  2001    31     1    2287517.500    2742826.500    3424427.500    4556807.500    4473344.000
