Year, day, hour, totalsedinflow(ton/timestep), totalsedoutflow(ton/timestep), totalsedimentation(ton/timestep), cumsedimentation(ton)
  2000     1     1          0.003          0.001          0.001          0.001
  2000     2     1       3255.714       1646.224       1609.489       1609.491
  2000     3     1        179.022          0.007        179.015       1788.506
  2000     4     1         50.372          0.007         50.365       1838.871
  2000     5     1        302.751          0.021        302.730       2141.601
  2000     6     1        503.587          0.017        503.570       2645.172
  2000     7     1        424.087          0.019        424.068       3069.239
  2000     8     1        675.908          0.002        675.906       3745.146
  2000     9     1        597.720          0.000        597.719       4342.865
  2000    10     1        166.463          0.000        166.463       4509.327
  2000    11     1         26.973          0.000         26.973       4536.300
  2000    12     1         12.660          0.000         12.659       4548.958
  2000    13     1         22.844          0.000         22.844       4571.803
  2000    14     1          5.862          0.000          5.862       4577.665
  2000    15     1          0.367          0.000          0.367       4578.031
  2000    16     1          0.000          0.000          0.000       4578.031
  2000    17     1          0.012          0.003          0.009       4578.040
  2000    18     1          0.033          0.008          0.024       4578.065
  2000    19     1          0.053          0.022          0.031       4578.096
  2000    20     1          0.375          0.001          0.375       4578.469
  2000    21     1          0.002          0.000          0.002       4578.472
  2000    22     1          0.000          0.000          0.000       4578.472
  2000    23     1          0.000          0.000          0.000       4578.472
  2000    24     1          0.001          0.000          0.000       4578.472
  2000    25     1          0.001          0.000          0.001       4578.472
  2000    26     1          0.001          0.000          0.001       4578.472
  2000    27     1          0.002          0.001          0.002       4578.472
  2000    28     1          0.027          0.008          0.019       4578.490
  2000    29     1        203.215          0.017        203.198       4781.687
  2000    30     1          0.046          0.017          0.028       4781.716
  2000    31     1          0.027          0.001          0.026       4781.742
  2000    32     1          0.007          0.000          0.007       4781.749
  2000    33     1          0.002          0.000          0.002       4781.751
  2000    34     1          0.001          0.000          0.001       4781.751
  2000    35     1          0.000          0.000          0.000       4781.751
  2000    36     1          0.000          0.000          0.000       4781.751
  2000    37     1          0.000          0.000          0.000       4781.751
  2000    38     1          0.014          0.004          0.010       4781.761
  2000    39     1       1650.083          0.006       1650.077       6431.838
  2000    40     1        274.861        165.688        109.174       6541.011
  2000    41     1       4779.268        924.810       3854.458      10395.469
  2000    42     1       7856.495       1545.003       6311.490      16706.955
  2000    43     1        374.180          0.006        374.175      17081.129
  2000    44     1       1644.628         38.359       1606.269      18687.398
  2000    45     1      81400.055         42.692      81357.375     100044.781
  2000    46     1       1439.639          0.627       1439.012     101483.805
  2000    47     1        302.988          0.000        302.988     101786.773
  2000    48     1         10.421          0.000         10.421     101797.203
  2000    49     1          3.219          0.000          3.219     101800.406
  2000    50     1          3.735          0.000          3.735     101804.156
  2000    51     1         24.843          0.000         24.843     101829.000
  2000    52     1          8.169          0.000          8.169     101837.164
  2000    53     1          0.764          0.000          0.764     101837.945
  2000    54     1          0.003          0.000          0.003     101837.945
  2000    55     1          0.000          0.000          0.000     101837.945
  2000    56     1          0.000          0.000          0.000     101837.945
  2000    57     1          0.000          0.000          0.000     101837.945
  2000    58     1          0.001          0.000          0.001     101837.945
  2000    59     1          0.001          0.000          0.001     101837.945
  2000    60     1          0.001          0.000          0.001     101837.945
  2000    61     1          0.000          0.000          0.000     101837.945
  2000    62     1          0.000          0.000          0.000     101837.945
  2000    63     1          0.001          0.000          0.001     101837.945
  2000    64     1          0.000          0.000          0.000     101837.945
  2000    65     1          0.000          0.000          0.000     101837.945
  2000    66     1          0.000          0.000          0.000     101837.945
  2000    67     1          0.001          0.000          0.001     101837.945
  2000    68     1          0.001          0.000          0.001     101837.945
  2000    69     1          0.000          0.000          0.000     101837.945
  2000    70     1          0.002          0.000          0.002     101837.945
  2000    71     1          0.001          0.000          0.001     101837.945
  2000    72     1          0.000          0.000          0.000     101837.945
  2000    73     1          0.001          0.000          0.001     101837.945
  2000    74     1          0.000          0.000          0.000     101837.945
  2000    75     1          0.000          0.000          0.000     101837.945
  2000    76     1          0.001          0.000          0.001     101837.945
  2000    77     1          0.001          0.000          0.001     101837.945
  2000    78     1          0.001          0.000          0.001     101837.945
  2000    79     1          0.002          0.000          0.002     101837.945
  2000    80     1          0.010          0.000          0.010     101837.945
  2000    81     1          0.005          0.001          0.004     101837.945
  2000    82     1          0.000          0.000          0.000     101837.945
  2000    83     1          0.001          0.000          0.000     101837.945
  2000    84     1          0.000          0.000          0.000     101837.945
  2000    85     1          0.000          0.000          0.000     101837.945
  2000    86     1          0.000          0.000          0.000     101837.945
  2000    87     1          0.000          0.000          0.000     101837.945
  2000    88     1          0.000          0.000          0.000     101837.945
  2000    89     1          0.000          0.000          0.000     101837.945
  2000    90     1          0.000          0.000          0.000     101837.945
  2000    91     1          0.000          0.000          0.000     101837.945
  2000    92     1          0.000          0.000          0.000     101837.945
  2000    93     1          0.000          0.000          0.000     101837.945
  2000    94     1          0.000          0.000          0.000     101837.945
  2000    95     1          0.000          0.000          0.000     101837.945
  2000    96     1          0.000          0.000          0.000     101837.945
  2000    97     1          0.000          0.000          0.000     101837.945
  2000    98     1          0.000          0.000          0.000     101837.945
  2000    99     1          0.000          0.000          0.000     101837.945
  2000   100     1          0.000          0.000          0.000     101837.945
  2000   101     1          0.000          0.000          0.000     101837.945
  2000   102     1          0.000          0.000          0.000     101837.945
  2000   103     1          0.000          0.000          0.000     101837.945
  2000   104     1          0.000          0.000          0.000     101837.945
  2000   105     1          0.000          0.000          0.000     101837.945
  2000   106     1          0.000          0.000          0.000     101837.945
  2000   107     1          0.000          0.000          0.000     101837.945
  2000   108     1          0.000          0.000          0.000     101837.945
  2000   109     1          0.000          0.000          0.000     101837.945
  2000   110     1          0.000          0.000          0.000     101837.945
  2000   111     1          0.000          0.000          0.000     101837.945
  2000   112     1          0.000          0.000          0.000     101837.945
  2000   113     1          0.000          0.000          0.000     101837.945
  2000   114     1          0.000          0.000          0.000     101837.945
  2000   115     1          0.000          0.000          0.000     101837.945
  2000   116     1          0.000          0.000          0.000     101837.945
  2000   117     1          0.000          0.000          0.000     101837.945
  2000   118     1          0.000          0.000          0.000     101837.945
  2000   119     1          0.000          0.000          0.000     101837.945
  2000   120     1          0.000          0.000          0.000     101837.945
  2000   121     1          0.000          0.000          0.000     101837.945
  2000   122     1          0.000          0.000          0.000     101837.945
  2000   123     1          0.000          0.000          0.000     101837.945
  2000   124     1          0.000          0.000          0.000     101837.945
  2000   125     1          0.000          0.000          0.000     101837.945
  2000   126     1          0.000          0.000          0.000     101837.945
  2000   127     1          0.000          0.000          0.000     101837.945
  2000   128     1          0.000          0.000          0.000     101837.945
  2000   129     1          0.000          0.000          0.000     101837.945
  2000   130     1          0.000          0.000          0.000     101837.945
  2000   131     1          0.000          0.000          0.000     101837.945
  2000   132     1          0.000          0.000          0.000     101837.945
  2000   133     1          0.000          0.000          0.000     101837.945
  2000   134     1          0.000          0.000          0.000     101837.945
  2000   135     1          0.000          0.000          0.000     101837.945
  2000   136     1          0.000          0.000          0.000     101837.945
  2000   137     1          0.000          0.000          0.000     101837.945
  2000   138     1          0.000          0.000          0.000     101837.945
  2000   139     1          0.000          0.000          0.000     101837.945
  2000   140     1          0.000          0.000          0.000     101837.945
  2000   141     1          0.000          0.000          0.000     101837.945
  2000   142     1          0.000          0.000          0.000     101837.945
  2000   143     1          0.000          0.000          0.000     101837.945
  2000   144     1          0.000          0.000          0.000     101837.945
  2000   145     1          0.000          0.000          0.000     101837.945
  2000   146     1          0.000          0.000          0.000     101837.945
  2000   147     1          0.000          0.000          0.000     101837.945
  2000   148     1          0.000          0.000          0.000     101837.945
  2000   149     1          0.000          0.000          0.000     101837.945
  2000   150     1          0.000          0.000          0.000     101837.945
  2000   151     1          0.000          0.000          0.000     101837.945
  2000   152     1          0.000          0.000          0.000     101837.945
  2000   153     1          0.000          0.000          0.000     101837.945
  2000   154     1          0.000          0.000          0.000     101837.945
  2000   155     1          0.000          0.000          0.000     101837.945
  2000   156     1          0.000          0.000          0.000     101837.945
  2000   157     1          0.000          0.000          0.000     101837.945
  2000   158     1          0.000          0.000          0.000     101837.945
  2000   159     1          0.000          0.000          0.000     101837.945
  2000   160     1          0.000          0.000          0.000     101837.945
  2000   161     1          0.000          0.000          0.000     101837.945
  2000   162     1          0.000          0.000          0.000     101837.945
  2000   163     1          0.000          0.000          0.000     101837.945
  2000   164     1          0.000          0.000          0.000     101837.945
  2000   165     1          0.000          0.000          0.000     101837.945
  2000   166     1          0.000          0.000          0.000     101837.945
  2000   167     1          0.000          0.000          0.000     101837.945
  2000   168     1          0.000          0.000          0.000     101837.945
  2000   169     1          0.000          0.000          0.000     101837.945
  2000   170     1          0.000          0.000          0.000     101837.945
  2000   171     1          0.000          0.000          0.000     101837.945
  2000   172     1          0.000          0.000          0.000     101837.945
  2000   173     1          0.000          0.000          0.000     101837.945
  2000   174     1          0.000          0.000          0.000     101837.945
  2000   175     1          0.000          0.000          0.000     101837.945
  2000   176     1          0.000          0.000          0.000     101837.945
  2000   177     1          0.000          0.000          0.000     101837.945
  2000   178     1          0.000          0.000          0.000     101837.945
  2000   179     1          0.000          0.000          0.000     101837.945
  2000   180     1          0.000          0.000          0.000     101837.945
  2000   181     1          0.000          0.000          0.000     101837.945
  2000   182     1          0.000          0.000          0.000     101837.945
  2000   183     1          0.000          0.000          0.000     101837.945
  2000   184     1          0.000          0.000          0.000     101837.945
  2000   185     1          0.000          0.000          0.000     101837.945
  2000   186     1          0.000          0.000          0.000     101837.945
  2000   187     1          0.000          0.000          0.000     101837.945
  2000   188     1          0.000          0.000          0.000     101837.945
  2000   189     1          0.000          0.000          0.000     101837.945
  2000   190     1          0.000          0.000          0.000     101837.945
  2000   191     1          0.000          0.000          0.000     101837.945
  2000   192     1          0.000          0.000          0.000     101837.945
  2000   193     1          0.000          0.000          0.000     101837.945
  2000   194     1          0.000          0.000          0.000     101837.945
  2000   195     1          0.000          0.000          0.000     101837.945
  2000   196     1          0.000          0.000          0.000     101837.945
  2000   197     1          0.000          0.000          0.000     101837.945
  2000   198     1          0.000          0.000          0.000     101837.945
  2000   199     1          0.000          0.000          0.000     101837.945
  2000   200     1          0.000          0.000          0.000     101837.945
  2000   201     1          0.000          0.000          0.000     101837.945
  2000   202     1          0.000          0.000          0.000     101837.945
  2000   203     1          0.000          0.000          0.000     101837.945
  2000   204     1          0.000          0.000          0.000     101837.945
  2000   205     1          0.000          0.000          0.000     101837.945
  2000   206     1          0.000          0.000          0.000     101837.945
  2000   207     1          0.000          0.000          0.000     101837.945
  2000   208     1          0.000          0.000          0.000     101837.945
  2000   209     1          0.000          0.000          0.000     101837.945
  2000   210     1          0.000          0.000          0.000     101837.945
  2000   211     1          0.001          0.000          0.001     101837.945
  2000   212     1          0.000          0.000          0.000     101837.945
  2000   213     1          0.000          0.000          0.000     101837.945
  2000   214     1          0.000          0.000          0.000     101837.945
  2000   215     1          0.000          0.000          0.000     101837.945
  2000   216     1          0.002          0.000          0.002     101837.945
  2000   217     1          0.003          0.000          0.002     101837.945
  2000   218     1          0.000          0.000          0.000     101837.945
  2000   219     1          0.006          0.000          0.006     101837.945
  2000   220     1          0.046          0.001          0.045     101837.984
  2000   221     1          0.010          0.000          0.010     101837.984
  2000   222     1          0.000          0.000          0.000     101837.984
  2000   223     1          0.000          0.000          0.000     101837.984
  2000   224     1          0.000          0.000          0.000     101837.984
  2000   225     1          0.000          0.000          0.000     101837.984
  2000   226     1          0.000          0.000          0.000     101837.984
  2000   227     1          0.000          0.000          0.000     101837.984
  2000   228     1          0.000          0.000          0.000     101837.984
  2000   229     1          0.000          0.000          0.000     101837.984
  2000   230     1          0.000          0.000          0.000     101837.984
  2000   231     1          0.000          0.000          0.000     101837.984
  2000   232     1          0.000          0.000          0.000     101837.984
  2000   233     1          0.000          0.000          0.000     101837.984
  2000   234     1          0.000          0.000          0.000     101837.984
  2000   235     1          0.000          0.000          0.000     101837.984
  2000   236     1          0.000          0.000          0.000     101837.984
  2000   237     1          0.000          0.000          0.000     101837.984
  2000   238     1          0.000          0.000          0.000     101837.984
  2000   239     1          0.000          0.000          0.000     101837.984
  2000   240     1          0.000          0.000          0.000     101837.984
  2000   241     1          0.000          0.000          0.000     101837.984
  2000   242     1          0.000          0.000          0.000     101837.984
  2000   243     1          0.000          0.000          0.000     101837.984
  2000   244     1          0.000          0.000          0.000     101837.984
  2000   245     1          0.000          0.000          0.000     101837.984
  2000   246     1          0.000          0.000          0.000     101837.984
  2000   247     1          0.000          0.000          0.000     101837.984
  2000   248     1          0.000          0.000          0.000     101837.984
  2000   249     1          0.026          0.001          0.025     101838.023
  2000   250     1          0.021          0.002          0.020     101838.023
  2000   251     1          0.000          0.000          0.000     101838.023
  2000   252     1          0.000          0.000          0.000     101838.023
  2000   253     1          0.000          0.000          0.000     101838.023
  2000   254     1          0.000          0.000          0.000     101838.023
  2000   255     1          0.000          0.000          0.000     101838.023
  2000   256     1          0.000          0.000          0.000     101838.023
  2000   257     1          0.000          0.000          0.000     101838.023
  2000   258     1          0.000          0.000          0.000     101838.023
  2000   259     1          0.000          0.000          0.000     101838.023
  2000   260     1          0.000          0.000          0.000     101838.023
  2000   261     1          0.000          0.000          0.000     101838.023
  2000   262     1          0.000          0.000          0.000     101838.023
  2000   263     1          0.000          0.000          0.000     101838.023
  2000   264     1          0.000          0.000          0.000     101838.023
  2000   265     1          0.000          0.000          0.000     101838.023
  2000   266     1          0.000          0.000          0.000     101838.023
  2000   267     1          0.000          0.000          0.000     101838.023
  2000   268     1          0.000          0.000          0.000     101838.023
  2000   269     1          0.000          0.000          0.000     101838.023
  2000   270     1          0.000          0.000          0.000     101838.023
  2000   271     1          0.000          0.000          0.000     101838.023
  2000   272     1          0.002          0.000          0.002     101838.023
  2000   273     1          0.042          0.002          0.041     101838.062
  2000   274     1          0.022          0.001          0.021     101838.062
  2000   275     1          0.020          0.002          0.018     101838.062
  2000   276     1          0.004          0.000          0.004     101838.062
  2000   277     1          0.004          0.000          0.004     101838.062
  2000   278     1          0.037          0.002          0.035     101838.102
  2000   279     1      30897.002       6179.392      24717.609     126555.703
  2000   280     1          0.091          0.010          0.081     126555.773
  2000   281     1          0.106          0.015          0.091     126555.875
  2000   282     1          0.075          0.007          0.068     126555.945
  2000   283     1          0.002          0.000          0.002     126555.945
  2000   284     1          0.001          0.000          0.001     126555.945
  2000   285     1          0.025          0.003          0.023     126555.945
  2000   286     1          0.011          0.001          0.010     126555.945
  2000   287     1          0.047          0.007          0.040     126555.977
  2000   288     1          0.029          0.002          0.027     126555.977
  2000   289     1          0.101          0.008          0.092     126556.086
  2000   290     1          0.113          0.011          0.102     126556.156
  2000   291     1          0.015          0.000          0.015     126556.156
  2000   292     1          0.000          0.000          0.000     126556.156
  2000   293     1          0.002          0.000          0.002     126556.156
  2000   294     1          0.004          0.000          0.004     126556.156
  2000   295     1          0.000          0.000          0.000     126556.156
  2000   296     1          0.000          0.000          0.000     126556.156
  2000   297     1          0.000          0.000          0.000     126556.156
  2000   298     1          0.000          0.000          0.000     126556.156
  2000   299     1          0.000          0.000          0.000     126556.156
  2000   300     1          0.003          0.000          0.003     126556.156
  2000   301     1          0.058          0.002          0.056     126556.195
  2000   302     1          0.035          0.001          0.034     126556.234
  2000   303     1          0.004          0.000          0.004     126556.234
  2000   304     1          0.006          0.000          0.006     126556.234
  2000   305     1          0.016          0.001          0.014     126556.234
  2000   306     1          0.041          0.004          0.037     126556.305
  2000   307     1          0.062          0.008          0.054     126556.375
  2000   308     1          0.059          0.006          0.053     126556.445
  2000   309     1        555.199        111.032        444.167     127000.609
  2000   310     1          0.034          0.003          0.031     127000.609
  2000   311     1          0.088          0.008          0.080     127000.680
  2000   312     1          0.027          0.001          0.025     127000.719
  2000   313     1          0.007          0.000          0.006     127000.719
  2000   314     1          0.020          0.001          0.019     127000.719
  2000   315     1      23749.910       2540.044      21209.867     148210.594
  2000   316     1          0.064          0.009          0.055     148210.656
  2000   317     1          0.042          0.006          0.036     148210.656
  2000   318     1          0.044          0.004          0.040     148210.656
  2000   319     1          0.054          0.006          0.048     148210.656
  2000   320     1          0.033          0.004          0.029     148210.656
  2000   321     1          0.040          0.006          0.034     148210.656
  2000   322     1          0.026          0.004          0.023     148210.656
  2000   323     1          0.046          0.003          0.043     148210.656
  2000   324     1          0.023          0.002          0.021     148210.656
  2000   325     1          0.036          0.004          0.032     148210.656
  2000   326     1          0.022          0.003          0.019     148210.656
  2000   327     1          0.004          0.000          0.004     148210.656
  2000   328     1          0.001          0.000          0.001     148210.656
  2000   329     1          0.000          0.000          0.000     148210.656
  2000   330     1          0.000          0.000          0.000     148210.656
  2000   331     1          0.000          0.000          0.000     148210.656
  2000   332     1          0.000          0.000          0.000     148210.656
  2000   333     1          0.000          0.000          0.000     148210.656
  2000   334     1          0.015          0.002          0.013     148210.656
  2000   335     1          0.073          0.008          0.065     148210.719
  2001     1     1          0.061          0.007          0.054          0.054
  2001     2     1      14062.286       2038.662      12023.625      12023.680
  2001     3     1          0.039          0.004          0.035      12023.715
  2001     4     1          0.043          0.005          0.038      12023.754
  2001     5     1          0.003          0.000          0.003      12023.759
  2001     6     1          0.002          0.000          0.002      12023.759
  2001     7     1          0.000          0.000          0.000      12023.759
  2001     8     1          0.001          0.000          0.001      12023.759
  2001     9     1          0.002          0.000          0.002      12023.759
  2001    10     1          0.000          0.000          0.000      12023.759
  2001    11     1          0.000          0.000          0.000      12023.759
  2001    12     1          0.000          0.000          0.000      12023.759
  2001    13     1          0.000          0.000          0.000      12023.759
  2001    14     1          0.000          0.000          0.000      12023.759
  2001    15     1          0.000          0.000          0.000      12023.759
  2001    16     1          0.000          0.000          0.000      12023.759
  2001    17     1          0.000          0.000          0.000      12023.759
  2001    18     1          0.000          0.000          0.000      12023.759
  2001    19     1          0.000          0.000          0.000      12023.759
  2001    20     1       1469.828         71.226       1398.601      13422.361
  2001    21     1     600933.875      85871.234     515062.625     528485.000
  2001    22     1     957198.125     105156.273     852041.750    1380526.875
  2001    23     1      98362.344      18251.775      80110.562    1460637.625
  2001    24     1          0.046          0.005          0.042    1460637.625
  2001    25     1          0.048          0.006          0.043    1460637.625
  2001    26     1          0.253          0.001          0.251    1460637.625
  2001    27     1          0.015          0.001          0.014    1460637.625
  2001    28     1          0.010          0.001          0.009    1460637.625
  2001    29     1          0.029          0.002          0.027    1460637.625
  2001    30     1         11.000          0.001         10.999    1460648.875
  2001    31     1         57.698          0.000         57.698    1460706.375
