Year, day, hour, totallakeinflow(m**3/timestep), totallakeoutflow(m**3/timestep), totallakeprecip(m**3/timestep), totallakeevap(m**3/timestep), lakevol(m**3)
  2000     1     1    8271380.000    8271277.000          6.469         16.802        115.433
  2000     2     1    9677083.000    9677201.000        158.639         40.522        115.432
  2000     3     1    8983080.000    8983198.000         89.363         52.419         33.164
  2000     4     1    9166090.000    9166102.000         31.303         18.333         33.160
  2000     5     1    9652105.000    9652160.000         71.365         16.045         33.157
  2000     6     1   10089706.000   10089748.000         58.840         16.131         33.146
  2000     7     1   10448854.000   10448901.000         65.081         18.329         33.138
  2000     8     1   10943738.000   10943734.000         13.764         17.751         33.128
  2000     9     1   11283870.000   11283854.000          5.004         20.072         33.127
  2000    10     1   11427370.000   11427349.000          0.834         21.109         33.127
  2000    11     1   11650603.000   11650584.000          1.668         20.594         33.127
  2000    12     1   11921836.000   11921820.000          4.587         19.884         33.127
  2000    13     1   12192644.000   12192623.000          1.251         21.584         33.127
  2000    14     1   12410462.000   12410442.000          2.919         21.708         33.127
  2000    15     1   12614529.000   12614508.000          0.834         21.380         33.127
  2000    16     1   12805888.000   12805868.000          1.668         21.332         33.127
  2000    17     1   12984022.000   12984020.000         18.347         20.435         33.127
  2000    18     1   13185291.000   13185306.000         34.609         18.849         33.125
  2000    19     1   13416662.000   13416723.000         70.883          9.167         33.121
  2000    20     1   13630729.000   13630714.000          5.420         20.289         33.111
  2000    21     1   13824638.000   13824616.000          0.417         21.342         33.111
  2000    22     1   14002346.000   14002326.000          0.834         21.125         33.111
  2000    23     1   14163323.000   14163304.000          1.250         20.926         33.111
  2000    24     1   14308273.000   14308254.000          3.751         20.887         33.111
  2000    25     1   14437800.000   14437780.000          1.667         20.900         33.111
  2000    26     1   14554590.000   14554570.000          2.501         21.217         33.111
  2000    27     1   14659504.000   14659489.000          7.086         20.468         33.111
  2000    28     1   14773554.000   14773568.000         34.178         19.666         33.110
  2000    29     1   15059004.000   15059044.000         57.518         17.346         33.107
  2000    30     1   15095668.000   15095714.000         58.763         13.145         33.099
  2000    31     1   15284191.000   15284183.000         10.417         17.624         33.091
  2000    32     1   15465972.000   15465958.000          3.333         18.620         33.090
  2000    33     1   15633524.000   15633504.000          2.083         19.793         33.090
  2000    34     1   15786334.000   15786313.000          0.833         20.958         33.090
  2000    35     1   15923844.000   15923824.000          1.250         21.497         33.090
  2000    36     1   16047132.000   16047111.000          0.833         21.182         33.090
  2000    37     1   16156280.000   16156258.000          0.417         20.871         33.090
  2000    38     1   16261898.000   16261900.000         19.579         17.082         33.090
  2000    39     1   17052732.000   17052746.000         27.911         13.634         33.089
  2000    40     1   16761632.000   16761702.000         81.230          9.393         33.086
  2000    41     1   18395800.000   18395920.000         94.137          6.867          0.000
  2000    42     1   19370828.000   19370828.000          0.000          0.000          0.000
  2000    43     1   17717714.000   17717712.000          0.000          0.000          0.000
  2000    44     1   18652912.000   18652912.000          0.000          0.000          0.000
  2000    45     1   31531884.000   31531884.000          0.000          0.000          0.000
  2000    46     1   19586284.000   19586282.000          0.000          0.000          0.000
  2000    47     1   19654212.000   19654212.000          0.000          0.000          0.000
  2000    48     1   19910342.000   19910342.000          0.000          0.000          0.000
  2000    49     1   20282136.000   20282134.000          0.000          0.000          0.000
  2000    50     1   20626564.000   20626564.000          0.000          0.000          0.000
  2000    51     1   20956472.000   20956470.000          0.000          0.000          0.000
  2000    52     1   21220926.000   21220926.000          0.000          0.000          0.000
  2000    53     1   21464088.000   21464088.000          0.000          0.000          0.000
  2000    54     1   21689172.000   21689172.000          0.000          0.000          0.000
  2000    55     1   21891164.000   21891160.000          0.000          0.000          0.000
  2000    56     1   22071244.000   22071242.000          0.000          0.000          0.000
  2000    57     1   22230954.000   22230952.000          0.000          0.000          0.000
  2000    58     1   22372660.000   22372656.000          0.000          0.000          0.000
  2000    59     1   22499272.000   22499270.000          0.000          0.000          0.000
  2000    60     1   22611770.000   22611768.000          0.000          0.000          0.000
  2000    61     1   22709936.000   22709936.000          0.000          0.000          0.000
  2000    62     1   22794458.000   22794456.000          0.000          0.000          0.000
  2000    63     1   22867582.000   22867580.000          0.000          0.000          0.000
  2000    64     1   22931874.000   22931874.000          0.000          0.000          0.000
  2000    65     1   22987770.000   22987768.000          0.000          0.000          0.000
  2000    66     1   23035876.000   23035872.000          0.000          0.000          0.000
  2000    67     1   23076618.000   23076616.000          0.000          0.000          0.000
  2000    68     1   23109946.000   23109946.000          0.000          0.000          0.000
  2000    69     1   23136024.000   23136024.000          0.000          0.000          0.000
  2000    70     1   23155256.000   23155252.000          0.000          0.000          0.000
  2000    71     1   23168754.000   23168754.000          0.000          0.000          0.000
  2000    72     1   23176508.000   23176504.000          0.000          0.000          0.000
  2000    73     1   23179836.000   23179834.000          0.000          0.000          0.000
  2000    74     1   23177436.000   23177436.000          0.000          0.000          0.000
  2000    75     1   23169880.000   23169878.000          0.000          0.000          0.000
  2000    76     1   23157128.000   23157124.000          0.000          0.000          0.000
  2000    77     1   23140070.000   23140068.000          0.000          0.000          0.000
  2000    78     1   23118996.000   23118996.000          0.000          0.000          0.000
  2000    79     1   23093880.000   23093878.000          0.000          0.000          0.000
  2000    80     1   23071912.000   23071912.000          0.000          0.000          0.000
  2000    81     1   23045410.000   23045410.000          0.000          0.000          0.000
  2000    82     1   23015602.000   23015602.000          0.000          0.000          0.000
  2000    83     1   22981940.000   22981940.000          0.000          0.000          0.000
  2000    84     1   22944852.000   22944852.000          0.000          0.000          0.000
  2000    85     1   22903592.000   22903592.000          0.000          0.000          0.000
  2000    86     1   22858184.000   22858184.000          0.000          0.000          0.000
  2000    87     1   22809012.000   22809010.000          0.000          0.000          0.000
  2000    88     1   22756824.000   22756822.000          0.000          0.000          0.000
  2000    89     1   22701996.000   22701996.000          0.000          0.000          0.000
  2000    90     1   22644600.000   22644600.000          0.000          0.000          0.000
  2000    91     1   22584840.000   22584836.000          0.000          0.000          0.000
  2000    92     1   22522588.000   22522586.000          0.000          0.000          0.000
  2000    93     1   22457928.000   22457926.000          0.000          0.000          0.000
  2000    94     1   22390780.000   22390780.000          0.000          0.000          0.000
  2000    95     1   22321304.000   22321304.000          0.000          0.000          0.000
  2000    96     1   22249484.000   22249484.000          0.000          0.000          0.000
  2000    97     1   22175056.000   22175056.000          0.000          0.000          0.000
  2000    98     1   22098186.000   22098184.000          0.000          0.000          0.000
  2000    99     1   22019044.000   22019042.000          0.000          0.000          0.000
  2000   100     1   21937988.000   21937986.000          0.000          0.000          0.000
  2000   101     1   21855368.000   21855368.000          0.000          0.000          0.000
  2000   102     1   21771394.000   21771392.000          0.000          0.000          0.000
  2000   103     1   21685884.000   21685884.000          0.000          0.000          0.000
  2000   104     1   21599036.000   21599034.000          0.000          0.000          0.000
  2000   105     1   21510844.000   21510840.000          0.000          0.000          0.000
  2000   106     1   21421202.000   21421200.000          0.000          0.000          0.000
  2000   107     1   21330096.000   21330096.000          0.000          0.000          0.000
  2000   108     1   21237734.000   21237732.000          0.000          0.000          0.000
  2000   109     1   21144552.000   21144550.000          0.000          0.000          0.000
  2000   110     1   21050514.000   21050512.000          0.000          0.000          0.000
  2000   111     1   20955946.000   20955944.000          0.000          0.000          0.000
  2000   112     1   20861020.000   20861020.000          0.000          0.000          0.000
  2000   113     1   20765640.000   20765636.000          0.000          0.000          0.000
  2000   114     1   20669632.000   20669632.000          0.000          0.000          0.000
  2000   115     1   20573232.000   20573230.000          0.000          0.000          0.000
  2000   116     1   20476284.000   20476284.000          0.000          0.000          0.000
  2000   117     1   20378690.000   20378688.000          0.000          0.000          0.000
  2000   118     1   20280408.000   20280406.000          0.000          0.000          0.000
  2000   119     1   20181628.000   20181624.000          0.000          0.000          0.000
  2000   120     1   20082430.000   20082428.000          0.000          0.000          0.000
  2000   121     1   19982812.000   19982812.000          0.000          0.000          0.000
  2000   122     1   19882866.000   19882864.000          0.000          0.000          0.000
  2000   123     1   19782488.000   19782486.000          0.000          0.000          0.000
  2000   124     1   19681916.000   19681916.000          0.000          0.000          0.000
  2000   125     1   19581272.000   19581272.000          0.000          0.000          0.000
  2000   126     1   19480618.000   19480616.000          0.000          0.000          0.000
  2000   127     1   19379914.000   19379916.000          0.000          0.000          0.000
  2000   128     1   19279286.000   19279282.000          0.000          0.000          0.000
  2000   129     1   19178846.000   19178844.000          0.000          0.000          0.000
  2000   130     1   19078490.000   19078490.000          0.000          0.000          0.000
  2000   131     1   18978108.000   18978108.000          0.000          0.000          0.000
  2000   132     1   18877722.000   18877722.000          0.000          0.000          0.000
  2000   133     1   18777464.000   18777464.000          0.000          0.000          0.000
  2000   134     1   18677294.000   18677292.000          0.000          0.000          0.000
  2000   135     1   18577176.000   18577176.000          0.000          0.000          0.000
  2000   136     1   18477132.000   18477130.000          0.000          0.000          0.000
  2000   137     1   18377194.000   18377192.000          0.000          0.000          0.000
  2000   138     1   18277382.000   18277380.000          0.000          0.000          0.000
  2000   139     1   18177736.000   18177736.000          0.000          0.000          0.000
  2000   140     1   18078252.000   18078252.000          0.000          0.000          0.000
  2000   141     1   17978916.000   17978916.000          0.000          0.000          0.000
  2000   142     1   17879758.000   17879756.000          0.000          0.000          0.000
  2000   143     1   17780780.000   17780780.000          0.000          0.000          0.000
  2000   144     1   17682076.000   17682076.000          0.000          0.000          0.000
  2000   145     1   17583594.000   17583594.000          0.000          0.000          0.000
  2000   146     1   17485320.000   17485320.000          0.000          0.000          0.000
  2000   147     1   17387262.000   17387260.000          0.000          0.000          0.000
  2000   148     1   17289416.000   17289416.000          0.000          0.000          0.000
  2000   149     1   17191826.000   17191826.000          0.000          0.000          0.000
  2000   150     1   17094534.000   17094534.000          0.000          0.000          0.000
  2000   151     1   16997530.000   16997528.000          0.000          0.000          0.000
  2000   152     1   16900792.000   16900790.000          0.000          0.000          0.000
  2000   153     1   16804342.000   16804340.000          0.000          0.000          0.000
  2000   154     1   16708214.000   16708212.000          0.000          0.000          0.000
  2000   155     1   16612460.000   16612460.000          0.000          0.000          0.000
  2000   156     1   16517027.000   16517025.000          0.000          0.000          0.000
  2000   157     1   16421988.000   16421986.000          0.000          0.000          0.000
  2000   158     1   16327250.000   16327250.000          0.000          0.000          0.000
  2000   159     1   16232866.000   16232865.000          0.000          0.000          0.000
  2000   160     1   16138856.000   16138855.000          0.000          0.000          0.000
  2000   161     1   16045220.000   16045220.000          0.000          0.000          0.000
  2000   162     1   15951979.000   15951978.000          0.000          0.000          0.000
  2000   163     1   15859101.000   15859100.000          0.000          0.000          0.000
  2000   164     1   15766608.000   15766608.000          0.000          0.000          0.000
  2000   165     1   15674551.000   15674551.000          0.000          0.000          0.000
  2000   166     1   15582922.000   15582920.000          0.000          0.000          0.000
  2000   167     1   15491691.000   15491690.000          0.000          0.000          0.000
  2000   168     1   15400846.000   15400844.000          0.000          0.000          0.000
  2000   169     1   15310375.000   15310374.000          0.000          0.000          0.000
  2000   170     1   15220296.000   15220296.000          0.000          0.000          0.000
  2000   171     1   15130612.000   15130611.000          0.000          0.000          0.000
  2000   172     1   15041309.000   15041308.000          0.000          0.000          0.000
  2000   173     1   14952396.000   14952394.000          0.000          0.000          0.000
  2000   174     1   14863870.000   14863869.000          0.000          0.000          0.000
  2000   175     1   14775776.000   14775775.000          0.000          0.000          0.000
  2000   176     1   14688102.000   14688101.000          0.000          0.000          0.000
  2000   177     1   14600864.000   14600863.000          0.000          0.000          0.000
  2000   178     1   14514078.000   14514077.000          0.000          0.000          0.000
  2000   179     1   14427656.000   14427655.000          0.000          0.000          0.000
  2000   180     1   14341521.000   14341520.000          0.000          0.000          0.000
  2000   181     1   14255741.000   14255740.000          0.000          0.000          0.000
  2000   182     1   14170402.000   14170402.000          0.000          0.000          0.000
  2000   183     1   14085510.000   14085510.000          0.000          0.000          0.000
  2000   184     1   14001074.000   14001073.000          0.000          0.000          0.000
  2000   185     1   13917093.000   13917092.000          0.000          0.000          0.000
  2000   186     1   13833556.000   13833556.000          0.000          0.000          0.000
  2000   187     1   13750482.000   13750481.000          0.000          0.000          0.000
  2000   188     1   13667858.000   13667858.000          0.000          0.000          0.000
  2000   189     1   13585681.000   13585680.000          0.000          0.000          0.000
  2000   190     1   13503952.000   13503950.000          0.000          0.000          0.000
  2000   191     1   13422678.000   13422678.000          0.000          0.000          0.000
  2000   192     1   13341856.000   13341855.000          0.000          0.000          0.000
  2000   193     1   13261481.000   13261480.000          0.000          0.000          0.000
  2000   194     1   13181558.000   13181556.000          0.000          0.000          0.000
  2000   195     1   13102104.000   13102103.000          0.000          0.000          0.000
  2000   196     1   13023102.000   13023101.000          0.000          0.000          0.000
  2000   197     1   12944554.000   12944552.000          0.000          0.000          0.000
  2000   198     1   12866456.000   12866456.000          0.000          0.000          0.000
  2000   199     1   12788812.000   12788812.000          0.000          0.000          0.000
  2000   200     1   12711622.000   12711621.000          0.000          0.000          0.000
  2000   201     1   12634876.000   12634874.000          0.000          0.000          0.000
  2000   202     1   12558572.000   12558571.000          0.000          0.000          0.000
  2000   203     1   12482708.000   12482709.000          0.000          0.000          0.000
  2000   204     1   12407280.000   12407280.000          0.000          0.000          0.000
  2000   205     1   12332290.000   12332290.000          0.000          0.000          0.000
  2000   206     1   12257730.000   12257730.000          0.000          0.000          0.000
  2000   207     1   12183596.000   12183596.000          0.000          0.000          0.000
  2000   208     1   12109879.000   12109878.000          0.000          0.000          0.000
  2000   209     1   12036575.000   12036574.000          0.000          0.000          0.000
  2000   210     1   11963678.000   11963677.000          0.000          0.000          0.000
  2000   211     1   11891213.000   11891212.000          0.000          0.000          0.000
  2000   212     1   11819134.000   11819133.000          0.000          0.000          0.000
  2000   213     1   11747470.000   11747468.000          0.000          0.000          0.000
  2000   214     1   11676211.000   11676210.000          0.000          0.000          0.000
  2000   215     1   11605354.000   11605354.000          0.000          0.000          0.000
  2000   216     1   11534930.000   11534930.000          0.000          0.000          0.000
  2000   217     1   11464906.000   11464906.000          0.000          0.000          0.000
  2000   218     1   11395266.000   11395265.000          0.000          0.000          0.000
  2000   219     1   11326122.000   11326121.000          0.000          0.000          0.000
  2000   220     1   11258376.000   11258375.000          0.000          0.000          0.000
  2000   221     1   11190430.000   11190430.000          0.000          0.000          0.000
  2000   222     1   11122402.000   11122402.000          0.000          0.000          0.000
  2000   223     1   11055349.000   11055350.000          0.000          0.000          0.000
  2000   224     1   10988668.000   10988668.000          0.000          0.000          0.000
  2000   225     1   10922344.000   10922344.000          0.000          0.000          0.000
  2000   226     1   10856379.000   10856377.000          0.000          0.000          0.000
  2000   227     1   10790766.000   10790766.000          0.000          0.000          0.000
  2000   228     1   10725504.000   10725503.000          0.000          0.000          0.000
  2000   229     1   10660590.000   10660589.000          0.000          0.000          0.000
  2000   230     1   10596020.000   10596020.000          0.000          0.000          0.000
  2000   231     1   10531752.000   10531752.000          0.000          0.000          0.000
  2000   232     1   10467693.000   10467692.000          0.000          0.000          0.000
  2000   233     1   10403849.000   10403848.000          0.000          0.000          0.000
  2000   234     1   10340355.000   10340355.000          0.000          0.000          0.000
  2000   235     1   10277209.000   10277209.000          0.000          0.000          0.000
  2000   236     1   10214410.000   10214410.000          0.000          0.000          0.000
  2000   237     1   10151959.000   10151958.000          0.000          0.000          0.000
  2000   238     1   10089853.000   10089852.000          0.000          0.000          0.000
  2000   239     1   10028099.000   10028098.000          0.000          0.000          0.000
  2000   240     1    9966704.000    9966703.000          0.000          0.000          0.000
  2000   241     1    9905683.000    9905684.000          0.000          0.000          0.000
  2000   242     1    9844990.000    9844988.000          0.000          0.000          0.000
  2000   243     1    9784654.000    9784654.000          0.000          0.000          0.000
  2000   244     1    9724662.000    9724662.000          0.000          0.000          0.000
  2000   245     1    9665020.000    9665020.000          0.000          0.000          0.000
  2000   246     1    9605715.000    9605714.000          0.000          0.000          0.000
  2000   247     1    9546748.000    9546747.000          0.000          0.000          0.000
  2000   248     1    9488121.000    9488120.000          0.000          0.000          0.000
  2000   249     1    9430351.000    9430351.000          0.000          0.000          0.000
  2000   250     1    9372683.000    9372682.000          0.000          0.000          0.000
  2000   251     1    9314678.000    9314678.000          0.000          0.000          0.000
  2000   252     1    9257528.000    9257526.000          0.000          0.000          0.000
  2000   253     1    9200584.000    9200584.000          0.000          0.000          0.000
  2000   254     1    9143966.000    9143966.000          0.000          0.000          0.000
  2000   255     1    9087671.000    9087670.000          0.000          0.000          0.000
  2000   256     1    9031696.000    9031697.000          0.000          0.000          0.000
  2000   257     1    8976043.000    8976042.000          0.000          0.000          0.000
  2000   258     1    8920712.000    8920712.000          0.000          0.000          0.000
  2000   259     1    8865657.000    8865656.000          0.000          0.000          0.000
  2000   260     1    8810666.000    8810666.000          0.000          0.000          0.000
  2000   261     1    8756010.000    8756010.000          0.000          0.000          0.000
  2000   262     1    8701689.000    8701689.000          0.000          0.000          0.000
  2000   263     1    8647700.000    8647700.000          0.000          0.000          0.000
  2000   264     1    8594044.000    8594044.000          0.000          0.000          0.000
  2000   265     1    8540716.000    8540716.000          0.000          0.000          0.000
  2000   266     1    8487726.000    8487725.000          0.000          0.000          0.000
  2000   267     1    8435045.000    8435045.000          0.000          0.000          0.000
  2000   268     1    8382698.500    8382698.000          0.000          0.000          0.000
  2000   269     1    8330675.000    8330674.500          0.000          0.000          0.000
  2000   270     1    8278972.000    8278971.000          0.000          0.000          0.000
  2000   271     1    8227590.500    8227590.000          0.000          0.000          0.000
  2000   272     1    8176553.000    8176552.500          0.000          0.000          0.000
  2000   273     1    8126656.500    8126656.000          0.000          0.000          0.000
  2000   274     1    8076562.000    8076561.500          0.000          0.000          0.000
  2000   275     1    8026606.500    8026606.000          0.000          0.000          0.000
  2000   276     1    7976126.000    7976126.000          0.000          0.000          0.000
  2000   277     1    7926674.000    7926674.000          0.000          0.000          0.000
  2000   278     1    7878599.000    7878598.500          0.000          0.000          0.000
  2000   279     1   13663035.000   13663034.000          0.000          0.000          0.000
  2000   280     1    7783617.500    7783617.000          0.000          0.000          0.000
  2000   281     1    7736923.000    7736922.500          0.000          0.000          0.000
  2000   282     1    7691457.000    7691456.000          0.000          0.000          0.000
  2000   283     1    7644768.500    7644768.000          0.000          0.000          0.000
  2000   284     1    7599788.000    7599788.000          0.000          0.000          0.000
  2000   285     1    7556540.500    7556540.500          0.000          0.000          0.000
  2000   286     1    7512027.000    7512026.000          0.000          0.000          0.000
  2000   287     1    7468942.000    7468941.000          0.000          0.000          0.000
  2000   288     1    7426116.000    7426115.500          0.000          0.000          0.000
  2000   289     1    7385353.000    7385352.000          0.000          0.000          0.000
  2000   290     1    7346656.000    7346655.500          0.000          0.000          0.000
  2000   291     1    7307281.000    7307281.000          0.000          0.000          0.000
  2000   292     1    7268485.000    7268485.000          0.000          0.000          0.000
  2000   293     1    7230340.000    7230339.000          0.000          0.000          0.000
  2000   294     1    7192263.000    7192262.000          0.000          0.000          0.000
  2000   295     1    7154149.500    7154149.000          0.000          0.000          0.000
  2000   296     1    7116073.000    7116072.500          0.000          0.000          0.000
  2000   297     1    7078002.000    7078001.000          0.000          0.000          0.000
  2000   298     1    7039922.000    7039922.000          0.000          0.000          0.000
  2000   299     1    7001882.000    7001882.000          0.000          0.000          0.000
  2000   300     1    6963952.500    6963952.000          0.000          0.000          0.000
  2000   301     1    6927976.000    6927975.000          0.000          0.000          0.000
  2000   302     1    6892515.500    6892515.000          0.000          0.000          0.000
  2000   303     1    6856147.500    6856147.000          0.000          0.000          0.000
  2000   304     1    6821059.000    6821059.000          0.000          0.000          0.000
  2000   305     1    6786409.000    6786409.000          0.000          0.000          0.000
  2000   306     1    6753338.500    6753338.000          0.000          0.000          0.000
  2000   307     1    6721485.000    6721485.000          0.000          0.000          0.000
  2000   308     1    6691414.000    6691413.500          0.000          0.000          0.000
  2000   309     1    6945084.000    6945084.000          0.000          0.000          0.000
  2000   310     1    6640529.500    6640529.000          0.000          0.000          0.000
  2000   311     1    6621376.000    6621376.000          0.000          0.000          0.000
  2000   312     1    6603748.500    6603748.000          0.000          0.000          0.000
  2000   313     1    6585605.000    6585604.500          0.000          0.000          0.000
  2000   314     1    6570347.000    6570346.500          0.000          0.000          0.000
  2000   315     1   11894916.000   11894914.000          0.000          0.000          0.000
  2000   316     1    6565949.000    6565949.000          0.000          0.000          0.000
  2000   317     1    6569939.000    6569938.500          0.000          0.000          0.000
  2000   318     1    6580490.000    6580489.000          0.000          0.000          0.000
  2000   319     1    6598868.500    6598868.000          0.000          0.000          0.000
  2000   320     1    6621400.000    6621400.000          0.000          0.000          0.000
  2000   321     1    6649886.500    6649886.500          0.000          0.000          0.000
  2000   322     1    6681817.500    6681816.500          0.000          0.000          0.000
  2000   323     1    6724163.000    6724162.500          0.000          0.000          0.000
  2000   324     1    6770776.000    6770776.000          0.000          0.000          0.000
  2000   325     1    6825031.000    6825030.500          0.000          0.000          0.000
  2000   326     1    6883446.500    6883446.000          0.000          0.000          0.000
  2000   327     1    6936879.500    6936879.000          0.000          0.000          0.000
  2000   328     1    6986835.000    6986834.000          0.000          0.000          0.000
  2000   329     1    7032658.000    7032658.000          0.000          0.000          0.000
  2000   330     1    7073766.000    7073765.500          0.000          0.000          0.000
  2000   331     1    7110098.000    7110098.000          0.000          0.000          0.000
  2000   332     1    7141941.500    7141941.500          0.000          0.000          0.000
  2000   333     1    7169677.500    7169677.000          0.000          0.000          0.000
  2000   334     1    7194647.500    7194647.000          0.000          0.000          0.000
  2000   335     1    7235481.000    7235480.000          0.000          0.000          0.000
  2001     1     1    7289851.000    7289850.500          0.000          0.000          0.000
  2001     2     1   10999850.000   10999848.000          0.000          0.000          0.000
  2001     3     1    7476552.500    7476552.500          0.000          0.000          0.000
  2001     4     1    7594486.000    7594485.500          0.000          0.000          0.000
  2001     5     1    7705336.000    7705336.000          0.000          0.000          0.000
  2001     6     1    7812268.500    7812268.000          0.000          0.000          0.000
  2001     7     1    7913833.500    7913833.000          0.000          0.000          0.000
  2001     8     1    8010328.500    8010328.000          0.000          0.000          0.000
  2001     9     1    8102643.000    8102642.000          0.000          0.000          0.000
  2001    10     1    8190230.500    8190230.000          0.000          0.000          0.000
  2001    11     1    8273396.000    8273396.000          0.000          0.000          0.000
  2001    12     1    8352107.500    8352107.000          0.000          0.000          0.000
  2001    13     1    8426543.000    8426543.000          0.000          0.000          0.000
  2001    14     1    8496470.000    8496468.000          0.000          0.000          0.000
  2001    15     1    8561452.000    8561452.000          0.000          0.000          0.000
  2001    16     1    8621480.000    8621478.000          0.000          0.000          0.000
  2001    17     1    8677398.000    8677398.000          0.000          0.000          0.000
  2001    18     1    8729381.000    8729380.000          0.000          0.000          0.000
  2001    19     1    8777516.000    8777516.000          0.000          0.000          0.000
  2001    20     1   10023910.000   10023910.000          0.000          0.000          0.000
  2001    21     1   64997788.000   64997780.000          0.000          0.000          0.000
  2001    22     1   91150880.000   91150872.000          0.000          0.000          0.000
  2001    23     1   28661328.000   28661328.000          0.000          0.000          0.000
  2001    24     1    9529641.000    9529641.000          0.000          0.000          0.000
  2001    25     1    9790414.000    9790413.000          0.000          0.000          0.000
  2001    26     1   10043200.000   10043200.000          0.000          0.000          0.000
  2001    27     1   10296457.000   10296456.000          0.000          0.000          0.000
  2001    28     1   10539826.000   10539825.000          0.000          0.000          0.000
  2001    29     1   10807042.000   10807042.000          0.000          0.000          0.000
  2001    30     1   11117854.000   11117854.000          0.000          0.000          0.000
  2001    31     1   11437588.000   11437587.000          0.000          0.000          0.000
