Subasin-ID	year	day	hour	qlateral(m**3/s)	inflow(m**3/s)	evap(m**3)	prec(m**3)	intake(m**3/s)	overflow(m**3/s)	qbottom(m**3/s)	qout(m**3/s)	withdrawal(m**3/s)	elevation(m)	area(m**2)	volume(m**3)
    15	  2000	     1	     1	     0.000	    88.320	      66188.3	      29472.1	    36.000	    52.456	     0.000	    88.456	     0.020	   447.272	    10265968.0	    88646808.0	
    15	  2000	     2	     1	     0.000	    80.449	      42231.7	     201042.2	    36.000	    44.004	     0.000	    80.004	     0.020	   447.297	    10282175.0	    88842336.0	
    15	  2000	     3	     1	     0.000	    78.352	      58866.3	      93679.3	    36.000	    44.170	     0.000	    80.170	     0.020	   447.282	    10271899.0	    88718344.0	
    15	  2000	     4	     1	     0.000	    81.299	      58324.2	      35787.6	    36.000	    45.682	     0.000	    81.682	     0.020	   447.274	    10267144.0	    88660992.0	
    15	  2000	     5	     1	     0.000	    84.986	      37296.1	     158939.1	    36.000	    48.706	     0.000	    84.706	     0.020	   447.293	    10279095.0	    88805168.0	
    15	  2000	     6	     1	     0.000	    87.771	      31942.2	     126309.2	    36.000	    53.159	     0.000	    89.159	     0.020	   447.289	    10276835.0	    88777896.0	
    15	  2000	     7	     1	     0.000	    90.314	      41891.1	      83153.6	    36.000	    55.386	     0.000	    91.386	     0.020	   447.282	    10272433.0	    88724792.0	
    15	  2000	     8	     1	     0.000	    93.322	      45083.1	     110520.6	    36.000	    57.779	     0.000	    93.779	     0.020	   447.285	    10274437.0	    88748968.0	
    15	  2000	     9	     1	     0.000	    96.927	      33938.5	      84206.1	    36.000	    61.664	     0.000	    97.664	     0.020	   447.284	    10273179.0	    88733792.0	
    15	  2000	    10	     1	     0.000	    99.770	      49089.7	      34735.0	    36.000	    64.331	     0.000	   100.331	     0.020	   447.275	    10267822.0	    88669176.0	
    15	  2000	    11	     1	     0.000	   102.835	      51751.6	      15788.7	    36.000	    66.649	     0.000	   102.649	     0.020	   447.273	    10266031.0	    88647568.0	
    15	  2000	    12	     1	     0.000	   105.526	      56882.3	      13683.5	    36.000	    69.089	     0.000	   105.089	     0.020	   447.272	    10265431.0	    88640328.0	
    15	  2000	    13	     1	     0.000	   107.979	      60358.1	      23156.7	    36.000	    71.459	     0.000	   107.459	     0.020	   447.272	    10265928.0	    88646328.0	
    15	  2000	    14	     1	     0.000	   110.337	      65168.0	      15788.7	    36.000	    73.886	     0.000	   109.886	     0.020	   447.271	    10264918.0	    88634152.0	
    15	  2000	    15	     1	     0.000	   112.806	      66152.2	       9473.2	    36.000	    76.215	     0.000	   112.215	     0.020	   447.270	    10264312.0	    88626848.0	
    15	  2000	    16	     1	     0.000	   115.166	      65215.4	       6315.5	    36.000	    78.490	     0.000	   114.490	     0.020	   447.270	    10264129.0	    88624632.0	
    15	  2000	    17	     1	     0.000	   117.451	      60710.0	      50523.7	    36.000	    80.750	     0.000	   116.750	     0.020	   447.276	    10268168.0	    88673344.0	
    15	  2000	    18	     1	     0.000	   120.117	      40321.5	     111573.1	    36.000	    83.979	     0.000	   119.979	     0.020	   447.286	    10274919.0	    88754776.0	
    15	  2000	    19	     1	     0.000	   122.417	      28190.1	      98942.2	    36.000	    87.222	     0.000	   123.222	     0.020	   447.286	    10274877.0	    88754280.0	
    15	  2000	    20	     1	     0.000	   123.675	      46033.5	      33682.5	    36.000	    88.474	     0.000	   124.474	     0.020	   447.276	    10267989.0	    88671176.0	
    15	  2000	    21	     1	     0.000	   125.184	      56269.6	      23156.7	    36.000	    89.021	     0.000	   125.021	     0.020	   447.273	    10266267.0	    88650416.0	
    15	  2000	    22	     1	     0.000	   126.869	      60768.5	       7368.0	    36.000	    90.465	     0.000	   126.465	     0.020	   447.270	    10264585.0	    88630128.0	
    15	  2000	    23	     1	     0.000	   128.677	      59940.3	       3157.7	    36.000	    92.039	     0.000	   128.039	     0.020	   447.270	    10264304.0	    88626744.0	
    15	  2000	    24	     1	     0.000	   130.253	      63622.2	       6315.5	    36.000	    93.576	     0.000	   129.576	     0.020	   447.270	    10264261.0	    88626224.0	
    15	  2000	    25	     1	     0.000	   131.897	      62841.9	      14736.1	    36.000	    95.213	     0.000	   131.213	     0.020	   447.271	    10265024.0	    88635424.0	
    15	  2000	    26	     1	     0.000	   133.459	      61684.0	      10525.8	    36.000	    96.883	     0.000	   132.883	     0.020	   447.271	    10264770.0	    88632368.0	
    15	  2000	    27	     1	     0.000	   135.016	      57701.2	      15788.7	    36.000	    98.404	     0.000	   134.404	     0.020	   447.272	    10265537.0	    88641616.0	
    15	  2000	    28	     1	     0.000	   136.650	      48432.5	      86311.3	    36.000	   100.145	     0.000	   136.145	     0.020	   447.282	    10272153.0	    88721408.0	
    15	  2000	    29	     1	     0.000	   138.183	      40821.1	     184200.9	    36.000	   102.602	     0.000	   138.602	     0.020	   447.295	    10280897.0	    88826904.0	
    15	  2000	    30	     1	     0.000	   139.776	      31334.3	     103152.5	    36.000	   105.416	     0.000	   141.416	     0.020	   447.286	    10274966.0	    88755344.0	
    15	  2000	    31	     1	     0.000	   140.794	      38006.4	     137887.5	    36.000	   105.605	     0.000	   141.605	     0.020	   447.290	    10277292.0	    88783408.0	
    15	  2000	    32	     1	     0.000	   141.949	      40939.1	      52628.8	    36.000	   107.085	     0.000	   143.085	     0.020	   447.279	    10269981.0	    88695216.0	
    15	  2000	    33	     1	     0.000	   142.812	      51416.9	      23156.7	    36.000	   106.927	     0.000	   142.927	     0.020	   447.274	    10266669.0	    88655264.0	
    15	  2000	    34	     1	     0.000	   143.916	      56921.5	      11578.3	    36.000	   107.568	     0.000	   143.568	     0.020	   447.271	    10265253.0	    88638184.0	
    15	  2000	    35	     1	     0.000	   145.051	      62690.6	       5262.9	    36.000	   108.506	     0.000	   144.506	     0.020	   447.270	    10264251.0	    88626104.0	
    15	  2000	    36	     1	     0.000	   146.461	      61226.2	       8420.6	    36.000	   109.777	     0.000	   145.777	     0.020	   447.270	    10264634.0	    88630720.0	
    15	  2000	    37	     1	     0.000	   147.857	      59786.7	       2105.2	    36.000	   111.226	     0.000	   147.226	     0.020	   447.270	    10264230.0	    88625848.0	
    15	  2000	    38	     1	     0.000	   149.635	      46867.7	      56839.1	    36.000	   112.947	     0.000	   148.947	     0.020	   447.278	    10269839.0	    88693496.0	
    15	  2000	    39	     1	     0.000	   151.916	      25445.0	     205252.5	    36.000	   116.011	     0.000	   152.011	     0.020	   447.300	    10283915.0	    88863336.0	
    15	  2000	    40	     1	     0.000	   153.369	      32145.4	     156833.9	    36.000	   119.431	     0.000	   155.431	     0.020	   447.293	    10279348.0	    88808216.0	
    15	  2000	    41	     1	     0.000	   155.646	      19151.9	     167359.7	    36.000	   121.069	     0.000	   157.069	     0.020	   447.296	    10281297.0	    88831736.0	
    15	  2000	    42	     1	     0.000	   157.302	      22996.8	     121046.3	    36.000	   122.998	     0.000	   158.998	     0.020	   447.290	    10277140.0	    88781576.0	
    15	  2000	    43	     1	     0.000	   158.620	      32115.4	     141045.3	    36.000	   123.735	     0.000	   159.735	     0.020	   447.291	    10278042.0	    88792456.0	
    15	  2000	    44	     1	     0.000	   160.954	      26940.3	     168412.3	    36.000	   126.195	     0.000	   162.195	     0.020	   447.295	    10280739.0	    88825000.0	
    15	  2000	    45	     1	     0.000	   168.483	      18277.0	     248408.1	    36.000	   134.101	     0.000	   170.101	     0.020	   447.306	    10288085.0	    88913656.0	
    15	  2000	    46	     1	     0.000	   180.206	      32746.8	      88416.4	    36.000	   146.849	     0.000	   182.849	     0.020	   447.284	    10273628.0	    88739200.0	
    15	  2000	    47	     1	     0.000	   192.706	      36692.9	      31577.3	    36.000	   157.330	     0.000	   193.330	     0.020	   447.276	    10268588.0	    88678416.0	
    15	  2000	    48	     1	     0.000	   201.002	      49778.8	       8420.6	    36.000	   164.923	     0.000	   200.923	     0.020	   447.272	    10265583.0	    88642168.0	
    15	  2000	    49	     1	     0.000	   201.325	      52798.2	       7368.0	    36.000	   164.827	     0.000	   200.827	     0.020	   447.271	    10265245.0	    88638096.0	
    15	  2000	    50	     1	     0.000	   201.161	      52794.2	       8420.6	    36.000	   164.615	     0.000	   200.615	     0.020	   447.271	    10265333.0	    88639152.0	
    15	  2000	    51	     1	     0.000	   200.630	      60300.1	      19999.0	    36.000	   164.096	     0.000	   200.096	     0.020	   447.272	    10265671.0	    88643224.0	
    15	  2000	    52	     1	     0.000	   200.972	      46921.0	      14736.1	    36.000	   164.486	     0.000	   200.486	     0.020	   447.273	    10266344.0	    88651344.0	
    15	  2000	    53	     1	     0.000	   200.280	      54233.4	       8420.6	    36.000	   163.887	     0.000	   199.887	     0.020	   447.271	    10265213.0	    88637712.0	
    15	  2000	    54	     1	     0.000	   199.582	      56795.4	       5262.9	    36.000	   163.032	     0.000	   199.032	     0.020	   447.271	    10264739.0	    88631992.0	
    15	  2000	    55	     1	     0.000	   198.739	      57109.4	       6315.5	    36.000	   162.123	     0.000	   198.123	     0.020	   447.271	    10264801.0	    88632736.0	
    15	  2000	    56	     1	     0.000	   197.742	      56680.9	       9473.2	    36.000	   161.134	     0.000	   197.134	     0.020	   447.271	    10265098.0	    88636320.0	
    15	  2000	    57	     1	     0.000	   198.046	      59223.8	       6315.5	    36.000	   161.480	     0.000	   197.480	     0.020	   447.270	    10264625.0	    88630616.0	
    15	  2000	    58	     1	     0.000	   200.172	      54359.3	       9473.2	    36.000	   163.540	     0.000	   199.540	     0.020	   447.271	    10265291.0	    88638640.0	
    15	  2000	    59	     1	     0.000	   202.153	      51065.4	      12630.9	    36.000	   165.614	     0.000	   201.614	     0.020	   447.272	    10265826.0	    88645096.0	
    15	  2000	    60	     1	     0.000	   203.701	      53658.1	      10525.8	    36.000	   167.236	     0.000	   203.236	     0.020	   447.272	    10265436.0	    88640392.0	
    15	  2000	    61	     1	     0.000	   205.002	      57651.0	       1052.6	    36.000	   168.483	     0.000	   204.483	     0.020	   447.270	    10264319.0	    88626928.0	
    15	  2000	    62	     1	     0.000	   206.422	      54908.2	       2105.2	    36.000	   169.747	     0.000	   205.747	     0.020	   447.270	    10264634.0	    88630728.0	
    15	  2000	    63	     1	     0.000	   207.735	      51135.5	      10525.8	    36.000	   171.104	     0.000	   207.104	     0.020	   447.272	    10265645.0	    88642920.0	
    15	  2000	    64	     1	     0.000	   209.253	      39445.5	       5262.9	    36.000	   172.762	     0.000	   208.762	     0.020	   447.273	    10266178.0	    88649344.0	
    15	  2000	    65	     1	     0.000	   210.090	      40501.7	       4210.3	    36.000	   173.675	     0.000	   209.675	     0.020	   447.272	    10266004.0	    88647240.0	
    15	  2000	    66	     1	     0.000	   210.853	      40588.4	       5262.9	    36.000	   174.413	     0.000	   210.413	     0.020	   447.273	    10266083.0	    88648200.0	
    15	  2000	    67	     1	     0.000	   211.430	      42493.1	       7368.0	    36.000	   175.001	     0.000	   211.001	     0.020	   447.273	    10266100.0	    88648400.0	
    15	  2000	    68	     1	     0.000	   211.601	      51500.2	       8420.6	    36.000	   175.174	     0.000	   211.174	     0.020	   447.272	    10265440.0	    88640448.0	
    15	  2000	    69	     1	     0.000	   212.178	      49162.9	       8420.6	    36.000	   175.660	     0.000	   211.660	     0.020	   447.272	    10265634.0	    88642784.0	
    15	  2000	    70	     1	     0.000	   212.473	      51445.4	      19999.0	    36.000	   175.981	     0.000	   211.981	     0.020	   447.273	    10266405.0	    88652080.0	
    15	  2000	    71	     1	     0.000	   212.732	      52818.0	      13683.5	    36.000	   176.348	     0.000	   212.348	     0.020	   447.272	    10265767.0	    88644392.0	
    15	  2000	    72	     1	     0.000	   213.001	      52361.6	       8420.6	    36.000	   176.528	     0.000	   212.528	     0.020	   447.272	    10265369.0	    88639584.0	
    15	  2000	    73	     1	     0.000	   214.104	      31417.2	      18946.4	    36.000	   177.575	     0.000	   213.575	     0.020	   447.276	    10267978.0	    88671056.0	
    15	  2000	    74	     1	     0.000	   213.214	      54674.4	       5262.9	    36.000	   177.050	     0.000	   213.050	     0.020	   447.271	    10264916.0	    88634120.0	
    15	  2000	    75	     1	     0.000	   213.380	      52590.3	       7368.0	    36.000	   176.788	     0.000	   212.788	     0.020	   447.271	    10265262.0	    88638304.0	
    15	  2000	    76	     1	     0.000	   213.563	      48961.0	      17893.8	    36.000	   177.020	     0.000	   213.020	     0.020	   447.273	    10266437.0	    88652464.0	
    15	  2000	    77	     1	     0.000	   213.677	      45839.9	      10525.8	    36.000	   177.297	     0.000	   213.297	     0.020	   447.273	    10266085.0	    88648216.0	
    15	  2000	    78	     1	     0.000	   213.676	      44316.2	      11578.3	    36.000	   177.247	     0.000	   213.247	     0.020	   447.273	    10266298.0	    88650792.0	
    15	  2000	    79	     1	     0.000	   213.380	      48568.2	      21051.5	    36.000	   176.981	     0.000	   212.981	     0.020	   447.274	    10266730.0	    88656008.0	
    15	  2000	    80	     1	     0.000	   213.630	      39517.5	      69470.1	    36.000	   177.291	     0.000	   213.291	     0.020	   447.281	    10271496.0	    88713480.0	
    15	  2000	    81	     1	     0.000	   213.510	      38236.8	      16841.2	    36.000	   177.836	     0.000	   213.836	     0.020	   447.274	    10267239.0	    88662136.0	
    15	  2000	    82	     1	     0.000	   212.587	      54788.2	          0.0	    36.000	   176.319	     0.000	   212.319	     0.020	   447.270	    10264469.0	    88628736.0	
    15	  2000	    83	     1	     0.000	   212.595	      49573.1	          0.0	    36.000	   175.941	     0.000	   211.941	     0.020	   447.271	    10264902.0	    88633952.0	
    15	  2000	    84	     1	     0.000	   212.647	      42839.2	       3157.7	    36.000	   176.054	     0.000	   212.054	     0.020	   447.272	    10265722.0	    88643848.0	
    15	  2000	    85	     1	     0.000	   212.055	      50341.8	          0.0	    36.000	   175.576	     0.000	   211.576	     0.020	   447.271	    10264838.0	    88633184.0	
    15	  2000	    86	     1	     0.000	   211.531	      55695.3	          0.0	    36.000	   174.929	     0.000	   210.929	     0.020	   447.270	    10264394.0	    88627832.0	
    15	  2000	    87	     1	     0.000	   211.400	      51425.4	          0.0	    36.000	   174.736	     0.000	   210.736	     0.020	   447.271	    10264749.0	    88632104.0	
    15	  2000	    88	     1	     0.000	   211.441	      42541.1	       2105.2	    36.000	   174.826	     0.000	   210.826	     0.020	   447.272	    10265660.0	    88643096.0	
    15	  2000	    89	     1	     0.000	   211.136	      40870.9	       6315.5	    36.000	   174.648	     0.000	   210.648	     0.020	   447.273	    10266148.0	    88648976.0	
    15	  2000	    90	     1	     0.000	   210.679	      42000.1	       6315.5	    36.000	   174.259	     0.000	   210.259	     0.020	   447.273	    10266053.0	    88647840.0	
    15	  2000	    91	     1	     0.000	   210.281	      41053.8	       3157.7	    36.000	   173.848	     0.000	   209.848	     0.020	   447.272	    10265870.0	    88645632.0	
    15	  2000	    92	     1	     0.000	   209.820	      40862.0	       1052.6	    36.000	   173.361	     0.000	   209.361	     0.020	   447.272	    10265712.0	    88643720.0	
    15	  2000	    93	     1	     0.000	   209.091	      46223.4	       1052.6	    36.000	   172.610	     0.000	   208.610	     0.020	   447.271	    10265267.0	    88638360.0	
    15	  2000	    94	     1	     0.000	   208.502	      47729.4	          0.0	    36.000	   171.959	     0.000	   207.959	     0.020	   447.271	    10265055.0	    88635800.0	
    15	  2000	    95	     1	     0.000	   207.950	      47808.0	          0.0	    36.000	   171.378	     0.000	   207.378	     0.020	   447.271	    10265048.0	    88635720.0	
    15	  2000	    96	     1	     0.000	   207.413	      47001.1	          0.0	    36.000	   170.839	     0.000	   206.839	     0.020	   447.271	    10265115.0	    88636528.0	
    15	  2000	    97	     1	     0.000	   206.576	      52602.6	          0.0	    36.000	   170.012	     0.000	   206.012	     0.020	   447.270	    10264651.0	    88630928.0	
    15	  2000	    98	     1	     0.000	   205.971	      52311.2	          0.0	    36.000	   169.342	     0.000	   205.342	     0.020	   447.270	    10264675.0	    88631216.0	
    15	  2000	    99	     1	     0.000	   205.309	      52829.3	          0.0	    36.000	   168.684	     0.000	   204.684	     0.020	   447.270	    10264632.0	    88630696.0	
    15	  2000	   100	     1	     0.000	   204.947	      45857.9	          0.0	    36.000	   168.316	     0.000	   204.316	     0.020	   447.271	    10265210.0	    88637672.0	
    15	  2000	   101	     1	     0.000	   204.294	      45178.2	          0.0	    36.000	   167.743	     0.000	   203.743	     0.020	   447.271	    10265266.0	    88638352.0	
    15	  2000	   102	     1	     0.000	   203.904	      37859.6	          0.0	    36.000	   167.361	     0.000	   203.361	     0.020	   447.272	    10265873.0	    88645672.0	
    15	  2000	   103	     1	     0.000	   202.652	      50303.9	          0.0	    36.000	   166.194	     0.000	   202.194	     0.020	   447.271	    10264842.0	    88633224.0	
    15	  2000	   104	     1	     0.000	   201.957	      49289.3	          0.0	    36.000	   165.355	     0.000	   201.355	     0.020	   447.271	    10264925.0	    88634240.0	
    15	  2000	   105	     1	     0.000	   201.173	      49989.8	          0.0	    36.000	   164.582	     0.000	   200.582	     0.020	   447.271	    10264867.0	    88633536.0	
    15	  2000	   106	     1	     0.000	   200.304	      52330.4	          0.0	    36.000	   163.705	     0.000	   199.705	     0.020	   447.270	    10264674.0	    88631200.0	
    15	  2000	   107	     1	     0.000	   199.534	      52011.1	          0.0	    36.000	   162.909	     0.000	   198.909	     0.020	   447.270	    10264700.0	    88631520.0	
    15	  2000	   108	     1	     0.000	   198.832	      49767.6	          0.0	    36.000	   162.210	     0.000	   198.210	     0.020	   447.271	    10264886.0	    88633760.0	
    15	  2000	   109	     1	     0.000	   198.383	      41206.0	       1052.6	    36.000	   161.787	     0.000	   197.787	     0.020	   447.272	    10265683.0	    88643376.0	
    15	  2000	   110	     1	     0.000	   197.383	      45426.2	          0.0	    36.000	   160.898	     0.000	   196.898	     0.020	   447.271	    10265246.0	    88638104.0	
    15	  2000	   111	     1	     0.000	   196.889	      37349.5	       5262.9	    36.000	   160.343	     0.000	   196.343	     0.020	   447.273	    10266352.0	    88651440.0	
    15	  2000	   112	     1	     0.000	   196.166	      34480.4	       5262.9	    36.000	   159.774	     0.000	   195.774	     0.020	   447.273	    10266590.0	    88654312.0	
    15	  2000	   113	     1	     0.000	   195.217	      36787.1	          0.0	    36.000	   158.859	     0.000	   194.859	     0.020	   447.272	    10265962.0	    88646744.0	
    15	  2000	   114	     1	     0.000	   194.082	      43368.7	          0.0	    36.000	   157.636	     0.000	   193.636	     0.020	   447.272	    10265417.0	    88640160.0	
    15	  2000	   115	     1	     0.000	   193.359	      39929.6	          0.0	    36.000	   156.837	     0.000	   192.837	     0.020	   447.272	    10265702.0	    88643600.0	
    15	  2000	   116	     1	     0.000	   192.218	      46403.4	          0.0	    36.000	   155.736	     0.000	   191.736	     0.020	   447.271	    10265165.0	    88637128.0	
    15	  2000	   117	     1	     0.000	   191.241	      48798.9	          0.0	    36.000	   154.684	     0.000	   190.684	     0.020	   447.271	    10264966.0	    88634728.0	
    15	  2000	   118	     1	     0.000	   190.298	      50283.2	          0.0	    36.000	   153.713	     0.000	   189.713	     0.020	   447.271	    10264844.0	    88633248.0	
    15	  2000	   119	     1	     0.000	   189.688	      43562.8	          0.0	    36.000	   153.086	     0.000	   189.086	     0.020	   447.272	    10265400.0	    88639968.0	
    15	  2000	   120	     1	     0.000	   188.881	      41474.8	          0.0	    36.000	   152.357	     0.000	   188.357	     0.020	   447.272	    10265574.0	    88642056.0	
    15	  2000	   121	     1	     0.000	   187.905	      43367.9	          0.0	    36.000	   151.405	     0.000	   187.405	     0.020	   447.272	    10265417.0	    88640160.0	
    15	  2000	   122	     1	     0.000	   187.133	      40194.4	          0.0	    36.000	   150.611	     0.000	   186.611	     0.020	   447.272	    10265680.0	    88643336.0	
    15	  2000	   123	     1	     0.000	   185.860	      49148.0	          0.0	    36.000	   149.375	     0.000	   185.375	     0.020	   447.271	    10264937.0	    88634376.0	
    15	  2000	   124	     1	     0.000	   185.200	      43015.6	          0.0	    36.000	   148.611	     0.000	   184.611	     0.020	   447.272	    10265446.0	    88640512.0	
    15	  2000	   125	     1	     0.000	   184.488	      38038.9	          0.0	    36.000	   147.970	     0.000	   183.970	     0.020	   447.272	    10265858.0	    88645488.0	
    15	  2000	   126	     1	     0.000	   183.560	      38275.6	          0.0	    36.000	   147.100	     0.000	   183.100	     0.020	   447.272	    10265839.0	    88645256.0	
    15	  2000	   127	     1	     0.000	   182.552	      40445.1	          0.0	    36.000	   146.089	     0.000	   182.089	     0.020	   447.272	    10265659.0	    88643080.0	
    15	  2000	   128	     1	     0.000	   181.724	      38106.6	          0.0	    36.000	   145.236	     0.000	   181.236	     0.020	   447.272	    10265853.0	    88645424.0	
    15	  2000	   129	     1	     0.000	   181.072	      31353.0	       1052.6	    36.000	   144.611	     0.000	   180.611	     0.020	   447.273	    10266500.0	    88653224.0	
    15	  2000	   130	     1	     0.000	   180.012	      34702.8	          0.0	    36.000	   143.641	     0.000	   179.641	     0.020	   447.273	    10266135.0	    88648824.0	
    15	  2000	   131	     1	     0.000	   178.728	      43634.3	          0.0	    36.000	   142.307	     0.000	   178.307	     0.020	   447.272	    10265395.0	    88639896.0	
    15	  2000	   132	     1	     0.000	   177.769	      44500.6	          0.0	    36.000	   141.244	     0.000	   177.244	     0.020	   447.271	    10265323.0	    88639024.0	
    15	  2000	   133	     1	     0.000	   177.150	      36854.5	          0.0	    36.000	   140.615	     0.000	   176.615	     0.020	   447.272	    10265957.0	    88646672.0	
    15	  2000	   134	     1	     0.000	   176.270	      35728.8	       1052.6	    36.000	   139.823	     0.000	   175.823	     0.020	   447.273	    10266137.0	    88648848.0	
    15	  2000	   135	     1	     0.000	   175.114	      41572.3	          0.0	    36.000	   138.693	     0.000	   174.693	     0.020	   447.272	    10265565.0	    88641952.0	
    15	  2000	   136	     1	     0.000	   174.123	      43278.8	          0.0	    36.000	   137.622	     0.000	   173.622	     0.020	   447.272	    10265424.0	    88640248.0	
    15	  2000	   137	     1	     0.000	   173.176	      43912.4	          0.0	    36.000	   136.655	     0.000	   172.655	     0.020	   447.272	    10265372.0	    88639616.0	
    15	  2000	   138	     1	     0.000	   172.264	      43678.6	          0.0	    36.000	   135.736	     0.000	   171.736	     0.020	   447.272	    10265391.0	    88639848.0	
    15	  2000	   139	     1	     0.000	   171.358	      43329.7	          0.0	    36.000	   134.832	     0.000	   170.832	     0.020	   447.272	    10265420.0	    88640200.0	
    15	  2000	   140	     1	     0.000	   170.418	      43842.6	          0.0	    36.000	   133.897	     0.000	   169.897	     0.020	   447.272	    10265378.0	    88639688.0	
    15	  2000	   141	     1	     0.000	   169.447	      45213.5	          0.0	    36.000	   132.919	     0.000	   168.919	     0.020	   447.271	    10265263.0	    88638312.0	
    15	  2000	   142	     1	     0.000	   168.754	      39465.1	          0.0	    36.000	   132.210	     0.000	   168.210	     0.020	   447.272	    10265740.0	    88644064.0	
    15	  2000	   143	     1	     0.000	   167.630	      44807.4	          0.0	    36.000	   131.153	     0.000	   167.153	     0.020	   447.271	    10265297.0	    88638720.0	
    15	  2000	   144	     1	     0.000	   167.041	      36413.9	       1052.6	    36.000	   130.502	     0.000	   166.502	     0.020	   447.273	    10266081.0	    88648168.0	
    15	  2000	   145	     1	     0.000	   165.801	      44861.8	          0.0	    36.000	   129.372	     0.000	   165.372	     0.020	   447.271	    10265292.0	    88638664.0	
    15	  2000	   146	     1	     0.000	   164.849	      45951.3	          0.0	    36.000	   128.309	     0.000	   164.309	     0.020	   447.271	    10265202.0	    88637576.0	
    15	  2000	   147	     1	     0.000	   163.893	      47169.3	          0.0	    36.000	   127.341	     0.000	   163.341	     0.020	   447.271	    10265101.0	    88636360.0	
    15	  2000	   148	     1	     0.000	   162.988	      47144.2	          0.0	    36.000	   126.422	     0.000	   162.422	     0.020	   447.271	    10265103.0	    88636384.0	
    15	  2000	   149	     1	     0.000	   162.150	      45409.4	          0.0	    36.000	   125.584	     0.000	   161.584	     0.020	   447.271	    10265247.0	    88638120.0	
    15	  2000	   150	     1	     0.000	   161.307	      43835.8	          0.0	    36.000	   124.762	     0.000	   160.762	     0.020	   447.272	    10265378.0	    88639696.0	
    15	  2000	   151	     1	     0.000	   160.326	      45959.8	          0.0	    36.000	   123.799	     0.000	   159.799	     0.020	   447.271	    10265202.0	    88637568.0	
    15	  2000	   152	     1	     0.000	   159.408	      46505.8	          0.0	    36.000	   122.856	     0.000	   158.856	     0.020	   447.271	    10265156.0	    88637024.0	
    15	  2000	   153	     1	     0.000	   158.564	      45137.1	          0.0	    36.000	   122.006	     0.000	   158.006	     0.020	   447.271	    10265270.0	    88638392.0	
    15	  2000	   154	     1	     0.000	   157.766	      42629.8	          0.0	    36.000	   121.223	     0.000	   157.223	     0.020	   447.272	    10265478.0	    88640896.0	
    15	  2000	   155	     1	     0.000	   157.192	      34208.4	          0.0	    36.000	   120.678	     0.000	   156.678	     0.020	   447.273	    10266176.0	    88649320.0	
    15	  2000	   156	     1	     0.000	   156.402	      31568.2	          0.0	    36.000	   119.986	     0.000	   155.986	     0.020	   447.273	    10266395.0	    88651960.0	
    15	  2000	   157	     1	     0.000	   155.667	      27519.0	       1052.6	    36.000	   119.282	     0.000	   155.282	     0.020	   447.274	    10266818.0	    88657064.0	
    15	  2000	   158	     1	     0.000	   154.919	      23881.7	       1052.6	    36.000	   118.593	     0.000	   154.593	     0.020	   447.274	    10267119.0	    88660696.0	
    15	  2000	   159	     1	     0.000	   153.578	      36275.4	       1052.6	    36.000	   117.294	     0.000	   153.294	     0.020	   447.273	    10266092.0	    88648304.0	
    15	  2000	   160	     1	     0.000	   152.456	      42917.3	          0.0	    36.000	   116.028	     0.000	   152.028	     0.020	   447.272	    10265453.0	    88640608.0	
    15	  2000	   161	     1	     0.000	   151.526	      44505.3	          0.0	    36.000	   115.009	     0.000	   151.009	     0.020	   447.271	    10265323.0	    88639024.0	
    15	  2000	   162	     1	     0.000	   150.795	      40789.9	          0.0	    36.000	   114.260	     0.000	   150.260	     0.020	   447.272	    10265630.0	    88642736.0	
    15	  2000	   163	     1	     0.000	   149.796	      44441.2	          0.0	    36.000	   113.304	     0.000	   149.304	     0.020	   447.271	    10265328.0	    88639088.0	
    15	  2000	   164	     1	     0.000	   149.033	      41776.4	          0.0	    36.000	   112.499	     0.000	   148.499	     0.020	   447.272	    10265548.0	    88641752.0	
    15	  2000	   165	     1	     0.000	   148.448	      34340.4	       1052.6	    36.000	   111.944	     0.000	   147.944	     0.020	   447.273	    10266252.0	    88650240.0	
    15	  2000	   166	     1	     0.000	   147.693	      31602.1	          0.0	    36.000	   111.288	     0.000	   147.288	     0.020	   447.273	    10266392.0	    88651928.0	
    15	  2000	   167	     1	     0.000	   146.477	      41625.8	       1052.6	    36.000	   110.092	     0.000	   146.092	     0.020	   447.272	    10265648.0	    88642952.0	
    15	  2000	   168	     1	     0.000	   145.478	      45833.4	          0.0	    36.000	   108.989	     0.000	   144.989	     0.020	   447.271	    10265212.0	    88637696.0	
    15	  2000	   169	     1	     0.000	   144.536	      48609.8	          0.0	    36.000	   107.985	     0.000	   143.985	     0.020	   447.271	    10264982.0	    88634920.0	
    15	  2000	   170	     1	     0.000	   143.822	      45151.7	       1052.6	    36.000	   107.239	     0.000	   143.239	     0.020	   447.271	    10265356.0	    88639432.0	
    15	  2000	   171	     1	     0.000	   143.038	      43710.3	          0.0	    36.000	   106.508	     0.000	   142.508	     0.020	   447.272	    10265388.0	    88639816.0	
    15	  2000	   172	     1	     0.000	   142.014	      49076.5	          0.0	    36.000	   105.488	     0.000	   141.488	     0.020	   447.271	    10264943.0	    88634448.0	
    15	  2000	   173	     1	     0.000	   141.098	      51544.2	          0.0	    36.000	   104.510	     0.000	   140.510	     0.020	   447.271	    10264738.0	    88631984.0	
    15	  2000	   174	     1	     0.000	   140.250	      52225.2	          0.0	    36.000	   103.634	     0.000	   139.634	     0.020	   447.270	    10264682.0	    88631304.0	
    15	  2000	   175	     1	     0.000	   140.042	      34978.0	          0.0	    36.000	   103.418	     0.000	   139.418	     0.020	   447.273	    10266112.0	    88648552.0	
    15	  2000	   176	     1	     0.000	   138.824	      46269.6	       1052.6	    36.000	   102.399	     0.000	   138.399	     0.020	   447.271	    10265263.0	    88638312.0	
    15	  2000	   177	     1	     0.000	   138.134	      42776.7	       2105.2	    36.000	   101.590	     0.000	   137.590	     0.020	   447.272	    10265640.0	    88642856.0	
    15	  2000	   178	     1	     0.000	   137.386	      41002.5	       1052.6	    36.000	   100.895	     0.000	   136.895	     0.020	   447.272	    10265700.0	    88643576.0	
    15	  2000	   179	     1	     0.000	   136.425	      45385.2	          0.0	    36.000	    99.943	     0.000	   135.943	     0.020	   447.271	    10265249.0	    88638144.0	
    15	  2000	   180	     1	     0.000	   135.554	      47340.0	          0.0	    36.000	    99.009	     0.000	   135.009	     0.020	   447.271	    10265088.0	    88636192.0	
    15	  2000	   181	     1	     0.000	   134.605	      51631.9	          0.0	    36.000	    98.038	     0.000	   134.038	     0.020	   447.271	    10264731.0	    88631896.0	
    15	  2000	   182	     1	     0.000	   133.771	      52767.5	          0.0	    36.000	    97.153	     0.000	   133.153	     0.020	   447.270	    10264637.0	    88630760.0	
    15	  2000	   183	     1	     0.000	   133.124	      48613.9	          0.0	    36.000	    96.493	     0.000	   132.493	     0.020	   447.271	    10264981.0	    88634912.0	
    15	  2000	   184	     1	     0.000	   132.381	      47296.2	          0.0	    36.000	    95.798	     0.000	   131.798	     0.020	   447.271	    10265091.0	    88636232.0	
    15	  2000	   185	     1	     0.000	   131.504	      49959.6	          0.0	    36.000	    94.936	     0.000	   130.936	     0.020	   447.271	    10264870.0	    88633568.0	
    15	  2000	   186	     1	     0.000	   130.621	      52916.9	          0.0	    36.000	    94.022	     0.000	   130.022	     0.020	   447.270	    10264625.0	    88630608.0	
    15	  2000	   187	     1	     0.000	   130.120	      44853.3	       1052.6	    36.000	    93.488	     0.000	   129.488	     0.020	   447.272	    10265381.0	    88639728.0	
    15	  2000	   188	     1	     0.000	   129.072	      52868.5	          0.0	    36.000	    92.545	     0.000	   128.545	     0.020	   447.270	    10264628.0	    88630656.0	
    15	  2000	   189	     1	     0.000	   128.226	      55125.7	          0.0	    36.000	    91.594	     0.000	   127.594	     0.020	   447.270	    10264441.0	    88628400.0	
    15	  2000	   190	     1	     0.000	   127.453	      55344.8	          0.0	    36.000	    90.795	     0.000	   126.795	     0.020	   447.270	    10264424.0	    88628184.0	
    15	  2000	   191	     1	     0.000	   126.938	      48117.6	       1052.6	    36.000	    90.277	     0.000	   126.277	     0.020	   447.271	    10265110.0	    88636464.0	
    15	  2000	   192	     1	     0.000	   126.209	      47280.3	          0.0	    36.000	    89.644	     0.000	   125.644	     0.020	   447.271	    10265092.0	    88636248.0	
    15	  2000	   193	     1	     0.000	   125.321	      51275.6	          0.0	    36.000	    88.754	     0.000	   124.754	     0.020	   447.271	    10264761.0	    88632256.0	
    15	  2000	   194	     1	     0.000	   124.620	      49861.9	          0.0	    36.000	    88.006	     0.000	   124.006	     0.020	   447.271	    10264878.0	    88633664.0	
    15	  2000	   195	     1	     0.000	   124.225	      39436.0	       1052.6	    36.000	    87.627	     0.000	   123.627	     0.020	   447.272	    10265830.0	    88645144.0	
    15	  2000	   196	     1	     0.000	   122.971	      54760.7	          0.0	    36.000	    86.507	     0.000	   122.507	     0.020	   447.270	    10264472.0	    88628768.0	
    15	  2000	   197	     1	     0.000	   122.119	      58258.6	          0.0	    36.000	    85.465	     0.000	   121.465	     0.020	   447.270	    10264182.0	    88625272.0	
    15	  2000	   198	     1	     0.000	   121.375	      58641.3	          0.0	    36.000	    84.681	     0.000	   120.681	     0.020	   447.270	    10264150.0	    88624888.0	
    15	  2000	   199	     1	     0.000	   120.681	      57667.7	          0.0	    36.000	    83.982	     0.000	   119.982	     0.020	   447.270	    10264231.0	    88625864.0	
    15	  2000	   200	     1	     0.000	   119.972	      57226.5	          0.0	    36.000	    83.285	     0.000	   119.285	     0.020	   447.270	    10264267.0	    88626304.0	
    15	  2000	   201	     1	     0.000	   119.179	      59491.2	          0.0	    36.000	    82.497	     0.000	   118.497	     0.020	   447.270	    10264080.0	    88624040.0	
    15	  2000	   202	     1	     0.000	   118.535	      57367.5	          0.0	    36.000	    81.826	     0.000	   117.826	     0.020	   447.270	    10264256.0	    88626160.0	
    15	  2000	   203	     1	     0.000	   117.941	      53806.1	          0.0	    36.000	    81.257	     0.000	   117.257	     0.020	   447.270	    10264551.0	    88629720.0	
    15	  2000	   204	     1	     0.000	   117.096	      58064.4	          0.0	    36.000	    80.453	     0.000	   116.453	     0.020	   447.270	    10264198.0	    88625464.0	
    15	  2000	   205	     1	     0.000	   116.720	      48044.4	          0.0	    36.000	    80.028	     0.000	   116.028	     0.020	   447.271	    10265028.0	    88635480.0	
    15	  2000	   206	     1	     0.000	   115.869	      52721.6	          0.0	    36.000	    79.293	     0.000	   115.293	     0.020	   447.270	    10264641.0	    88630808.0	
    15	  2000	   207	     1	     0.000	   115.250	      50421.3	          0.0	    36.000	    78.619	     0.000	   114.619	     0.020	   447.271	    10264831.0	    88633104.0	
    15	  2000	   208	     1	     0.000	   114.399	      55390.9	          0.0	    36.000	    77.795	     0.000	   113.795	     0.020	   447.270	    10264420.0	    88628136.0	
    15	  2000	   209	     1	     0.000	   113.637	      57743.2	          0.0	    36.000	    76.976	     0.000	   112.976	     0.020	   447.270	    10264224.0	    88625784.0	
    15	  2000	   210	     1	     0.000	   112.973	      57202.3	          0.0	    36.000	    76.285	     0.000	   112.285	     0.020	   447.270	    10264269.0	    88626328.0	
    15	  2000	   211	     1	     0.000	   112.637	      46527.4	      15788.7	    36.000	    75.954	     0.000	   111.954	     0.020	   447.273	    10266464.0	    88652792.0	
    15	  2000	   212	     1	     0.000	   111.808	      51343.5	       4210.3	    36.000	    75.432	     0.000	   111.432	     0.020	   447.271	    10265104.0	    88636392.0	
    15	  2000	   213	     1	     0.000	   110.709	      64816.5	          0.0	    36.000	    74.144	     0.000	   110.144	     0.020	   447.269	    10263638.0	    88618712.0	
    15	  2000	   214	     1	     0.000	   110.202	      59842.9	          0.0	    36.000	    73.431	     0.000	   109.431	     0.020	   447.269	    10264051.0	    88623688.0	
    15	  2000	   215	     1	     0.000	   109.723	      54033.8	          0.0	    36.000	    73.011	     0.000	   109.011	     0.020	   447.270	    10264532.0	    88629496.0	
    15	  2000	   216	     1	     0.000	   109.241	      48443.1	      24209.3	    36.000	    72.595	     0.000	   108.595	     0.020	   447.274	    10267003.0	    88659296.0	
    15	  2000	   217	     1	     0.000	   108.691	      45055.5	       7368.0	    36.000	    72.391	     0.000	   108.391	     0.020	   447.272	    10265888.0	    88645840.0	
    15	  2000	   218	     1	     0.000	   108.692	      24226.5	       5262.9	    36.000	    72.236	     0.000	   108.236	     0.020	   447.275	    10267440.0	    88664568.0	
    15	  2000	   219	     1	     0.000	   107.572	      39265.4	      51576.3	    36.000	    71.333	     0.000	   107.333	     0.020	   447.279	    10270033.0	    88695840.0	
    15	  2000	   220	     1	     0.000	   107.122	      33016.7	     191569.0	    36.000	    71.245	     0.000	   107.245	     0.020	   447.297	    10282154.0	    88842080.0	
    15	  2000	   221	     1	     0.000	   106.652	      27523.2	      70522.6	    36.000	    72.467	     0.000	   108.467	     0.020	   447.283	    10272577.0	    88726528.0	
    15	  2000	   222	     1	     0.000	   105.380	      48076.2	       3157.7	    36.000	    69.858	     0.000	   105.858	     0.020	   447.271	    10265288.0	    88638608.0	
    15	  2000	   223	     1	     0.000	   104.390	      59788.6	       1052.6	    36.000	    67.850	     0.000	   103.850	     0.020	   447.270	    10264142.0	    88624792.0	
    15	  2000	   224	     1	     0.000	   104.114	      48463.8	          0.0	    36.000	    67.414	     0.000	   103.414	     0.020	   447.271	    10264994.0	    88635064.0	
    15	  2000	   225	     1	     0.000	   103.174	      58864.1	          0.0	    36.000	    66.593	     0.000	   102.593	     0.020	   447.270	    10264132.0	    88624664.0	
    15	  2000	   226	     1	     0.000	   102.519	      60147.3	          0.0	    36.000	    65.818	     0.000	   101.818	     0.020	   447.269	    10264025.0	    88623384.0	
    15	  2000	   227	     1	     0.000	   101.873	      61291.2	          0.0	    36.000	    65.157	     0.000	   101.157	     0.020	   447.269	    10263930.0	    88622240.0	
    15	  2000	   228	     1	     0.000	   101.213	      63043.6	          0.0	    36.000	    64.483	     0.000	   100.483	     0.020	   447.269	    10263785.0	    88620488.0	
    15	  2000	   229	     1	     0.000	   100.618	      62753.4	          0.0	    36.000	    63.869	     0.000	    99.869	     0.020	   447.269	    10263809.0	    88620776.0	
    15	  2000	   230	     1	     0.000	    99.956	      64838.8	          0.0	    36.000	    63.210	     0.000	    99.210	     0.020	   447.269	    10263636.0	    88618688.0	
    15	  2000	   231	     1	     0.000	    99.510	      59846.3	          0.0	    36.000	    62.740	     0.000	    98.740	     0.020	   447.269	    10264050.0	    88623680.0	
    15	  2000	   232	     1	     0.000	    98.731	      66049.4	          0.0	    36.000	    62.018	     0.000	    98.018	     0.020	   447.269	    10263536.0	    88617480.0	
    15	  2000	   233	     1	     0.000	    97.979	      71485.9	          0.0	    36.000	    61.194	     0.000	    97.194	     0.020	   447.268	    10263085.0	    88612040.0	
    15	  2000	   234	     1	     0.000	    97.368	      72328.6	          0.0	    36.000	    60.521	     0.000	    96.521	     0.020	   447.268	    10263015.0	    88611200.0	
    15	  2000	   235	     1	     0.000	    96.745	      73711.1	          0.0	    36.000	    59.887	     0.000	    95.887	     0.020	   447.268	    10262900.0	    88609816.0	
    15	  2000	   236	     1	     0.000	    96.141	      74537.0	          0.0	    36.000	    59.268	     0.000	    95.268	     0.020	   447.268	    10262832.0	    88608992.0	
    15	  2000	   237	     1	     0.000	    95.654	      71527.0	          0.0	    36.000	    58.772	     0.000	    94.772	     0.020	   447.268	    10263081.0	    88612000.0	
    15	  2000	   238	     1	     0.000	    95.250	      65819.3	          0.0	    36.000	    58.402	     0.000	    94.402	     0.020	   447.269	    10263555.0	    88617712.0	
    15	  2000	   239	     1	     0.000	    94.865	      59519.7	       1052.6	    36.000	    58.083	     0.000	    94.083	     0.020	   447.270	    10264165.0	    88625064.0	
    15	  2000	   240	     1	     0.000	    94.628	      48249.8	          0.0	    36.000	    57.931	     0.000	    93.931	     0.020	   447.271	    10265012.0	    88635280.0	
    15	  2000	   241	     1	     0.000	    94.213	      43090.7	       6315.5	    36.000	    57.634	     0.000	    93.634	     0.020	   447.272	    10265963.0	    88646752.0	
    15	  2000	   242	     1	     0.000	    92.954	      66910.3	          0.0	    36.000	    56.509	     0.000	    92.509	     0.020	   447.269	    10263464.0	    88616616.0	
    15	  2000	   243	     1	     0.000	    92.546	      61767.5	          0.0	    36.000	    55.751	     0.000	    91.751	     0.020	   447.269	    10263891.0	    88621760.0	
    15	  2000	   244	     1	     0.000	    92.153	      56179.8	       1052.6	    36.000	    55.418	     0.000	    91.418	     0.020	   447.270	    10264441.0	    88628400.0	
    15	  2000	   245	     1	     0.000	    92.017	      41757.3	          0.0	    36.000	    55.359	     0.000	    91.359	     0.020	   447.272	    10265550.0	    88641768.0	
    15	  2000	   246	     1	     0.000	    90.859	      62807.4	          0.0	    36.000	    54.356	     0.000	    90.356	     0.020	   447.269	    10263805.0	    88620720.0	
    15	  2000	   247	     1	     0.000	    90.297	      63343.7	       1052.6	    36.000	    53.551	     0.000	    89.551	     0.020	   447.269	    10263848.0	    88621240.0	
    15	  2000	   248	     1	     0.000	    89.741	      63815.4	       8420.6	    36.000	    53.000	     0.000	    89.000	     0.020	   447.270	    10264420.0	    88628136.0	
    15	  2000	   249	     1	     0.000	    89.203	      63742.2	     127361.8	    36.000	    52.542	     0.000	    88.542	     0.020	   447.285	    10274286.0	    88747144.0	
    15	  2000	   250	     1	     0.000	    89.374	      38934.4	      87363.9	    36.000	    54.091	     0.000	    90.091	     0.020	   447.283	    10273027.0	    88731960.0	
    15	  2000	   251	     1	     0.000	    88.061	      66324.2	       9473.2	    36.000	    52.602	     0.000	    88.602	     0.020	   447.270	    10264299.0	    88626680.0	
    15	  2000	   252	     1	     0.000	    87.394	      71175.3	          0.0	    36.000	    50.716	     0.000	    86.716	     0.020	   447.268	    10263111.0	    88612352.0	
    15	  2000	   253	     1	     0.000	    86.716	      76558.0	          0.0	    36.000	    49.872	     0.000	    85.872	     0.020	   447.267	    10262664.0	    88606968.0	
    15	  2000	   254	     1	     0.000	    86.055	      81481.4	          0.0	    36.000	    49.149	     0.000	    85.149	     0.020	   447.267	    10262256.0	    88602048.0	
    15	  2000	   255	     1	     0.000	    85.495	      82948.4	          0.0	    36.000	    48.532	     0.000	    84.532	     0.020	   447.267	    10262134.0	    88600576.0	
    15	  2000	   256	     1	     0.000	    84.944	      84185.6	          0.0	    36.000	    47.964	     0.000	    83.964	     0.020	   447.266	    10262032.0	    88599344.0	
    15	  2000	   257	     1	     0.000	    84.412	      84904.1	          0.0	    36.000	    47.417	     0.000	    83.417	     0.020	   447.266	    10261972.0	    88598624.0	
    15	  2000	   258	     1	     0.000	    84.080	      78517.1	          0.0	    36.000	    47.077	     0.000	    83.077	     0.020	   447.267	    10262502.0	    88605008.0	
    15	  2000	   259	     1	     0.000	    83.466	      82346.8	          0.0	    36.000	    46.537	     0.000	    82.537	     0.020	   447.267	    10262184.0	    88601184.0	
    15	  2000	   260	     1	     0.000	    83.049	      79190.8	          0.0	    36.000	    46.076	     0.000	    82.076	     0.020	   447.267	    10262446.0	    88604336.0	
    15	  2000	   261	     1	     0.000	    82.446	      82874.1	          0.0	    36.000	    45.509	     0.000	    81.509	     0.020	   447.267	    10262140.0	    88600656.0	
    15	  2000	   262	     1	     0.000	    82.047	      79221.9	          0.0	    36.000	    45.068	     0.000	    81.068	     0.020	   447.267	    10262443.0	    88604304.0	
    15	  2000	   263	     1	     0.000	    81.691	      74054.0	          0.0	    36.000	    44.754	     0.000	    80.754	     0.020	   447.268	    10262872.0	    88609472.0	
    15	  2000	   264	     1	     0.000	    81.199	      73916.4	          0.0	    36.000	    44.322	     0.000	    80.322	     0.020	   447.268	    10262883.0	    88609608.0	
    15	  2000	   265	     1	     0.000	    80.568	      78971.6	       1052.6	    36.000	    43.693	     0.000	    79.692	     0.020	   447.267	    10262551.0	    88605608.0	
    15	  2000	   266	     1	     0.000	    80.205	      74298.6	       9473.2	    36.000	    43.283	     0.000	    79.283	     0.020	   447.269	    10263637.0	    88618704.0	
    15	  2000	   267	     1	     0.000	    79.619	      77880.1	       2105.2	    36.000	    42.849	     0.000	    78.849	     0.020	   447.267	    10262729.0	    88607752.0	
    15	  2000	   268	     1	     0.000	    79.165	      76747.3	       1052.6	    36.000	    42.268	     0.000	    78.268	     0.020	   447.267	    10262736.0	    88607832.0	
    15	  2000	   269	     1	     0.000	    78.769	      73530.3	       1052.6	    36.000	    41.873	     0.000	    77.873	     0.020	   447.268	    10263003.0	    88611048.0	
    15	  2000	   270	     1	     0.000	    78.114	      80031.5	          0.0	    36.000	    41.255	     0.000	    77.255	     0.020	   447.267	    10262376.0	    88603496.0	
    15	  2000	   271	     1	     0.000	    77.890	      70592.1	       1052.6	    36.000	    40.944	     0.000	    76.944	     0.020	   447.268	    10263247.0	    88613992.0	
    15	  2000	   272	     1	     0.000	    77.645	      61996.5	      23156.7	    36.000	    40.820	     0.000	    76.820	     0.020	   447.272	    10265792.0	    88644688.0	
    15	  2000	   273	     1	     0.000	    78.162	      24837.3	     174727.7	    36.000	    41.693	     0.000	    77.693	     0.020	   447.296	    10281437.0	    88833416.0	
    15	  2000	   274	     1	     0.000	    77.389	      36214.0	      95784.5	    36.000	    43.104	     0.000	    79.104	     0.020	   447.285	    10273950.0	    88743096.0	
    15	  2000	   275	     1	     0.000	    77.017	      32623.1	      75785.5	    36.000	    41.686	     0.000	    77.686	     0.020	   447.283	    10272590.0	    88726688.0	
    15	  2000	   276	     1	     0.000	    76.108	      49457.0	      28419.6	    36.000	    40.588	     0.000	    76.588	     0.020	   447.274	    10267268.0	    88662488.0	
    15	  2000	   277	     1	     0.000	    75.493	      55340.6	      25261.8	    36.000	    39.229	     0.000	    75.229	     0.020	   447.273	    10266519.0	    88653448.0	
    15	  2000	   278	     1	     0.000	    75.597	      33932.9	     136835.0	    36.000	    39.229	     0.000	    75.229	     0.020	   447.290	    10277543.0	    88786432.0	
    15	  2000	   279	     1	     0.000	    75.453	      22027.4	     198937.0	    36.000	    40.624	     0.000	    76.624	     0.020	   447.300	    10283676.0	    88860440.0	
    15	  2000	   280	     1	     0.000	    75.051	      20095.0	     198937.0	    36.000	    41.078	     0.000	    77.078	     0.020	   447.300	    10283836.0	    88862368.0	
    15	  2000	   281	     1	     0.000	    74.271	      32880.5	     163149.4	    36.000	    40.321	     0.000	    76.321	     0.020	   447.294	    10279811.0	    88813800.0	
    15	  2000	   282	     1	     0.000	    73.990	      26671.2	     186306.1	    36.000	    39.478	     0.000	    75.478	     0.020	   447.298	    10282244.0	    88843160.0	
    15	  2000	   283	     1	     0.000	    73.476	      29658.2	      18946.4	    36.000	    39.303	     0.000	    75.303	     0.020	   447.276	    10268124.0	    88672816.0	
    15	  2000	   284	     1	     0.000	    72.767	      40389.7	      12630.9	    36.000	    36.623	     0.000	    72.623	     0.020	   447.274	    10266711.0	    88655768.0	
    15	  2000	   285	     1	     0.000	    72.403	      37983.2	      75785.5	    36.000	    36.062	     0.000	    72.062	     0.020	   447.282	    10272146.0	    88721328.0	
    15	  2000	   286	     1	     0.000	    71.788	      45544.1	      44208.2	    36.000	    36.206	     0.000	    72.206	     0.020	   447.277	    10268902.0	    88682192.0	
    15	  2000	   287	     1	     0.000	    71.287	      48925.7	      82101.0	    36.000	    35.252	     0.000	    71.252	     0.020	   447.281	    10271763.0	    88716704.0	
    15	  2000	   288	     1	     0.000	    71.171	      37388.4	     113678.3	    36.000	    35.535	     0.000	    71.535	     0.020	   447.287	    10275337.0	    88759816.0	
    15	  2000	   289	     1	     0.000	    70.801	      36018.5	     263144.2	    36.000	    35.664	     0.000	    71.664	     0.020	   447.306	    10287836.0	    88910656.0	
    15	  2000	   290	     1	     0.000	    70.658	      25909.6	     253671.0	    36.000	    37.267	     0.000	    73.267	     0.020	   447.306	    10287889.0	    88911288.0	
    15	  2000	   291	     1	     0.000	    69.802	      44262.3	      92626.8	    36.000	    36.418	     0.000	    72.418	     0.020	   447.283	    10273022.0	    88731896.0	
    15	  2000	   292	     1	     0.000	    68.933	      63578.2	       5262.9	    36.000	    33.473	     0.000	    69.473	     0.020	   447.270	    10264177.0	    88625216.0	
    15	  2000	   293	     1	     0.000	    68.390	      70388.9	      19999.0	    36.000	    31.695	     0.000	    67.695	     0.020	   447.271	    10264834.0	    88633136.0	
    15	  2000	   294	     1	     0.000	    68.393	      55743.9	      36840.2	    36.000	    31.789	     0.000	    67.789	     0.020	   447.275	    10267445.0	    88664624.0	
    15	  2000	   295	     1	     0.000	    67.781	      65846.8	       9473.2	    36.000	    31.543	     0.000	    67.543	     0.020	   447.270	    10264338.0	    88627152.0	
    15	  2000	   296	     1	     0.000	    67.149	      77079.1	       1052.6	    36.000	    30.476	     0.000	    66.476	     0.020	   447.267	    10262708.0	    88607504.0	
    15	  2000	   297	     1	     0.000	    66.897	      73242.7	       1052.6	    36.000	    29.997	     0.000	    65.997	     0.020	   447.268	    10263026.0	    88611336.0	
    15	  2000	   298	     1	     0.000	    66.497	      75526.0	          0.0	    36.000	    29.641	     0.000	    65.641	     0.020	   447.267	    10262750.0	    88608000.0	
    15	  2000	   299	     1	     0.000	    66.468	      62921.4	       4210.3	    36.000	    29.573	     0.000	    65.573	     0.020	   447.270	    10264144.0	    88624816.0	
    15	  2000	   300	     1	     0.000	    66.140	      62391.2	      25261.8	    36.000	    29.440	     0.000	    65.440	     0.020	   447.272	    10265934.0	    88646400.0	
    15	  2000	   301	     1	     0.000	    66.252	      44074.8	     221041.1	    36.000	    29.802	     0.000	    65.802	     0.020	   447.300	    10283681.0	    88860496.0	
    15	  2000	   302	     1	     0.000	    65.938	      43102.3	     150518.5	    36.000	    31.966	     0.000	    67.966	     0.020	   447.291	    10277916.0	    88790944.0	
    15	  2000	   303	     1	     0.000	    65.410	      50987.0	      37892.8	    36.000	    30.634	     0.000	    66.634	     0.020	   447.275	    10267926.0	    88670432.0	
    15	  2000	   304	     1	     0.000	    65.074	      51276.9	      43155.6	    36.000	    28.903	     0.000	    64.903	     0.020	   447.276	    10268339.0	    88675408.0	
    15	  2000	   305	     1	     0.000	    64.811	      48767.2	      66312.3	    36.000	    28.697	     0.000	    64.697	     0.020	   447.279	    10270467.0	    88701072.0	
    15	  2000	   306	     1	     0.000	    64.622	      43417.8	     123151.5	    36.000	    28.805	     0.000	    64.805	     0.020	   447.287	    10275623.0	    88763264.0	
    15	  2000	   307	     1	     0.000	    64.365	      41073.4	     123151.5	    36.000	    29.268	     0.000	    65.268	     0.020	   447.288	    10275817.0	    88765608.0	
    15	  2000	   308	     1	     0.000	    63.817	      51098.6	     156833.9	    36.000	    28.747	     0.000	    64.747	     0.020	   447.291	    10277778.0	    88789264.0	
    15	  2000	   309	     1	     0.000	    63.777	      40544.4	     187358.6	    36.000	    28.981	     0.000	    64.981	     0.020	   447.296	    10281182.0	    88830344.0	
    15	  2000	   310	     1	     0.000	    63.596	      36317.4	     105257.7	    36.000	    29.276	     0.000	    65.276	     0.020	   447.286	    10274728.0	    88752472.0	
    15	  2000	   311	     1	     0.000	    63.392	      33750.3	     226304.0	    36.000	    28.170	     0.000	    64.170	     0.020	   447.302	    10284971.0	    88876080.0	
    15	  2000	   312	     1	     0.000	    63.167	      32880.9	     119993.7	    36.000	    29.376	     0.000	    65.376	     0.020	   447.288	    10276234.0	    88770640.0	
    15	  2000	   313	     1	     0.000	    62.514	      50852.8	      47365.9	    36.000	    27.502	     0.000	    63.502	     0.020	   447.277	    10268723.0	    88680040.0	
    15	  2000	   314	     1	     0.000	    62.242	      53964.7	      86311.3	    36.000	    26.182	     0.000	    62.182	     0.020	   447.281	    10271694.0	    88715872.0	
    15	  2000	   315	     1	     0.000	    63.557	      30198.4	     288406.0	    36.000	    27.911	     0.000	    63.911	     0.020	   447.310	    10290411.0	    88941736.0	
    15	  2000	   316	     1	     0.000	    65.155	      34194.0	     111573.1	    36.000	    32.123	     0.000	    68.123	     0.020	   447.287	    10275427.0	    88760904.0	
    15	  2000	   317	     1	     0.000	    66.937	      32136.8	      86311.3	    36.000	    31.812	     0.000	    67.812	     0.020	   447.284	    10273504.0	    88737704.0	
    15	  2000	   318	     1	     0.000	    67.957	      31643.7	     139992.7	    36.000	    32.564	     0.000	    68.564	     0.020	   447.291	    10277994.0	    88791880.0	
    15	  2000	   319	     1	     0.000	    67.519	      23976.1	     128414.4	    36.000	    32.753	     0.000	    68.753	     0.020	   447.290	    10277670.0	    88787968.0	
    15	  2000	   320	     1	     0.000	    66.700	      31202.4	      78943.2	    36.000	    31.889	     0.000	    67.889	     0.020	   447.283	    10272970.0	    88731272.0	
    15	  2000	   321	     1	     0.000	    66.289	      23978.7	      65259.8	    36.000	    30.822	     0.000	    66.822	     0.020	   447.282	    10272435.0	    88724808.0	
    15	  2000	   322	     1	     0.000	    65.497	      34355.6	      64207.2	    36.000	    29.954	     0.000	    65.954	     0.020	   447.281	    10271487.0	    88713376.0	
    15	  2000	   323	     1	     0.000	    64.923	      37862.5	     155781.4	    36.000	    29.248	     0.000	    65.248	     0.020	   447.292	    10278787.0	    88801448.0	
    15	  2000	   324	     1	     0.000	    64.467	      38634.9	      83153.6	    36.000	    29.812	     0.000	    65.812	     0.020	   447.283	    10272703.0	    88728048.0	
    15	  2000	   325	     1	     0.000	    64.047	      40190.6	     102099.9	    36.000	    28.542	     0.000	    64.542	     0.020	   447.285	    10274145.0	    88745440.0	
    15	  2000	   326	     1	     0.000	    63.808	      36552.7	      67364.9	    36.000	    28.504	     0.000	    64.504	     0.020	   447.281	    10271567.0	    88714344.0	
    15	  2000	   327	     1	     0.000	    63.352	      57440.3	      38945.3	    36.000	    27.689	     0.000	    63.689	     0.020	   447.275	    10267479.0	    88665032.0	
    15	  2000	   328	     1	     0.000	    63.596	      65010.4	      11578.3	    36.000	    27.362	     0.000	    63.362	     0.020	   447.270	    10264582.0	    88630096.0	
    15	  2000	   329	     1	     0.000	    64.056	      65396.9	       6315.5	    36.000	    27.417	     0.000	    63.417	     0.020	   447.270	    10264114.0	    88624448.0	
    15	  2000	   330	     1	     0.000	    64.475	      68084.7	          0.0	    36.000	    27.771	     0.000	    63.771	     0.020	   447.268	    10263366.0	    88615440.0	
    15	  2000	   331	     1	     0.000	    64.951	      68576.3	       2105.2	    36.000	    28.143	     0.000	    64.143	     0.020	   447.269	    10263501.0	    88617056.0	
    15	  2000	   332	     1	     0.000	    65.470	      66972.6	          0.0	    36.000	    28.680	     0.000	    64.680	     0.020	   447.269	    10263459.0	    88616552.0	
    15	  2000	   333	     1	     0.000	    65.824	      71219.2	       3157.7	    36.000	    29.029	     0.000	    65.029	     0.020	   447.268	    10263368.0	    88615464.0	
    15	  2000	   334	     1	     0.000	    66.734	      51879.2	      54734.0	    36.000	    29.926	     0.000	    65.926	     0.020	   447.277	    10269249.0	    88686384.0	
    15	  2000	   335	     1	     0.000	    67.434	      39867.9	     170517.4	    36.000	    31.447	     0.000	    67.447	     0.020	   447.294	    10279842.0	    88814176.0	
    15	  2001	     1	     1	     0.000	    68.323	      19554.2	     150518.5	    36.000	    33.816	     0.000	    69.816	     0.020	   447.294	    10279868.0	    88814496.0	
    15	  2001	     2	     1	     0.000	    69.329	      12381.6	     239987.5	    36.000	    34.825	     0.000	    70.825	     0.020	   447.306	    10287876.0	    88911136.0	
    15	  2001	     3	     1	     0.000	    70.363	      23095.1	     116836.0	    36.000	    36.977	     0.000	    72.977	     0.020	   447.289	    10276783.0	    88777272.0	
    15	  2001	     4	     1	     0.000	    71.918	      16012.6	     115783.4	    36.000	    36.984	     0.000	    72.984	     0.020	   447.290	    10277282.0	    88783296.0	
    15	  2001	     5	     1	     0.000	    72.655	      30432.4	      28419.6	    36.000	    37.790	     0.000	    73.790	     0.020	   447.277	    10268846.0	    88681512.0	
    15	  2001	     6	     1	     0.000	    72.986	      33323.9	      15788.7	    36.000	    36.943	     0.000	    72.943	     0.020	   447.275	    10267559.0	    88665992.0	
    15	  2001	     7	     1	     0.000	    73.391	      35559.1	       8420.6	    36.000	    37.168	     0.000	    73.168	     0.020	   447.274	    10266763.0	    88656392.0	
    15	  2001	     8	     1	     0.000	    73.918	      35545.6	      12630.9	    36.000	    37.584	     0.000	    73.584	     0.020	   447.274	    10267113.0	    88660616.0	
    15	  2001	     9	     1	     0.000	    74.533	      33837.6	      22104.1	    36.000	    38.248	     0.000	    74.248	     0.020	   447.276	    10268040.0	    88671792.0	
    15	  2001	    10	     1	     0.000	    75.349	      25418.2	      17893.8	    36.000	    39.193	     0.000	    75.193	     0.020	   447.276	    10268388.0	    88676000.0	
    15	  2001	    11	     1	     0.000	    75.898	      27374.0	       6315.5	    36.000	    39.791	     0.000	    75.791	     0.020	   447.274	    10267267.0	    88662472.0	
    15	  2001	    12	     1	     0.000	    76.393	      30881.6	          0.0	    36.000	    40.130	     0.000	    76.130	     0.020	   447.273	    10266452.0	    88652648.0	
    15	  2001	    13	     1	     0.000	    76.995	      29274.5	          0.0	    36.000	    40.618	     0.000	    76.618	     0.020	   447.273	    10266585.0	    88654256.0	
    15	  2001	    14	     1	     0.000	    77.674	      29194.4	          0.0	    36.000	    41.315	     0.000	    77.315	     0.020	   447.273	    10266592.0	    88654336.0	
    15	  2001	    15	     1	     0.000	    78.169	      40377.6	          0.0	    36.000	    41.811	     0.000	    77.811	     0.020	   447.272	    10265665.0	    88643152.0	
    15	  2001	    16	     1	     0.000	    78.931	      40029.1	          0.0	    36.000	    42.444	     0.000	    78.444	     0.020	   447.272	    10265693.0	    88643496.0	
    15	  2001	    17	     1	     0.000	    80.044	      25012.7	      54734.0	    36.000	    43.561	     0.000	    79.561	     0.020	   447.281	    10271476.0	    88713248.0	
    15	  2001	    18	     1	     0.000	    80.519	      32069.7	      54734.0	    36.000	    44.843	     0.000	    80.843	     0.020	   447.280	    10270891.0	    88706192.0	
    15	  2001	    19	     1	     0.000	    81.093	      33828.2	      68417.5	    36.000	    45.335	     0.000	    81.335	     0.020	   447.282	    10271880.0	    88718120.0	
    15	  2001	    20	     1	     0.000	    82.391	      18482.3	     204199.9	    36.000	    46.771	     0.000	    82.771	     0.020	   447.301	    10284405.0	    88869248.0	
    15	  2001	    21	     1	     0.000	    90.482	      22228.9	     195779.3	    36.000	    56.612	     0.000	    92.612	     0.020	   447.299	    10283397.0	    88857080.0	
    15	  2001	    22	     1	     0.000	   118.703	      22450.4	     213673.1	    36.000	    84.692	     0.000	   120.692	     0.020	   447.302	    10284861.0	    88874752.0	
    15	  2001	    23	     1	     0.000	   160.296	      20984.4	     106310.2	    36.000	   126.489	     0.000	   162.489	     0.020	   447.288	    10276086.0	    88768856.0	
    15	  2001	    24	     1	     0.000	   196.086	      20272.6	     126309.2	    36.000	   161.054	     0.000	   197.054	     0.020	   447.291	    10277802.0	    88789568.0	
    15	  2001	    25	     1	     0.000	   207.566	      36968.7	     114730.9	    36.000	   172.774	     0.000	   208.774	     0.020	   447.287	    10275458.0	    88761288.0	
    15	  2001	    26	     1	     0.000	   195.582	      31600.5	      18946.4	    36.000	   160.462	     0.000	   196.462	     0.020	   447.276	    10267963.0	    88670872.0	
    15	  2001	    27	     1	     0.000	   181.251	      46046.4	      64207.2	    36.000	   145.084	     0.000	   181.084	     0.020	   447.279	    10270518.0	    88701688.0	
    15	  2001	    28	     1	     0.000	   167.662	      46007.9	      44208.2	    36.000	   131.852	     0.000	   167.852	     0.020	   447.277	    10268863.0	    88681728.0	
    15	  2001	    29	     1	     0.000	   154.405	      40773.3	     115783.4	    36.000	   118.364	     0.000	   154.364	     0.020	   447.287	    10275231.0	    88758536.0	
    15	  2001	    30	     1	     0.000	   140.993	      43230.4	     164202.0	    36.000	   105.841	     0.000	   141.841	     0.020	   447.293	    10279040.0	    88804496.0	
    15	  2001	    31	     1	     0.000	   127.399	      56031.2	      69470.1	    36.000	    92.779	     0.000	   128.779	     0.020	   447.279	    10270127.0	    88696968.0	
