total overland flow [m**3] for all sub-basins (MAP-IDs)
Year	Day	15	69
2000	1	0.38460E+02	0.13402E+00
2000	2	0.18686E+07	0.13626E+03
2000	3	0.27862E+06	0.12024E+03
2000	4	0.98858E+05	0.11544E+03
2000	5	0.46530E+06	0.16042E+06
2000	6	0.50553E+06	0.22119E+03
2000	7	0.42872E+06	0.24523E+03
2000	8	0.58719E+06	0.20783E+05
2000	9	0.49257E+06	0.20908E+04
2000	10	0.18395E+06	0.15144E+00
2000	11	0.50134E+05	0.16878E+01
2000	12	0.26560E+05	0.12901E+02
2000	13	0.44211E+05	0.14482E+00
2000	14	0.18347E+05	0.64882E+01
2000	15	0.37823E+04	0.14034E+00
2000	16	0.81372E+02	0.16770E+01
2000	17	0.69155E+02	0.65764E+02
2000	18	0.15816E+03	0.12825E+03
2000	19	0.13975E+03	0.26765E+03
2000	20	0.13776E+05	0.16106E+02
2000	21	0.22910E+04	0.14266E+00
2000	22	0.62442E+01	0.14072E+00
2000	23	0.16421E+00	0.13857E+00
2000	24	0.47048E+01	0.96865E+01
2000	25	0.16979E+02	0.16734E+01
2000	26	0.10839E+02	0.48760E+01
2000	27	0.18509E+02	0.22498E+02
2000	28	0.12132E+03	0.12664E+03
2000	29	0.17272E+06	0.21637E+03
2000	30	0.14588E+03	0.22118E+03
2000	31	0.19653E+03	0.35330E+02
2000	32	0.72236E+02	0.80889E+01
2000	33	0.29269E+02	0.32805E+01
2000	34	0.12387E+02	0.13772E+00
2000	35	0.31775E+01	0.13588E+00
2000	36	0.77786E+01	0.13382E+00
2000	37	0.16482E+00	0.13182E+00
2000	38	0.78362E+02	0.70565E+02
2000	39	0.81264E+06	0.10261E+03
2000	40	0.22415E+03	0.29658E+06
2000	41	0.14392E+06	0.27536E+07
2000	42	0.14896E+06	0.27528E+07
2000	43	0.28852E+06	0.21961E+03
2000	44	0.75119E+06	0.21290E+06
2000	45	0.17379E+08	0.38912E+06
2000	46	0.72068E+06	0.23566E+05
2000	47	0.22529E+06	0.14012E+03
2000	48	0.18289E+05	0.60288E+02
2000	49	0.76823E+04	0.17144E+01
2000	50	0.88612E+04	0.16132E+02
2000	51	0.35554E+05	0.17087E+00
2000	52	0.15877E+05	0.33098E+01
2000	53	0.28292E+04	0.16654E+00
2000	54	0.41840E+02	0.16430E+00
2000	55	0.47347E+01	0.17009E+01
2000	56	0.93356E+01	0.16987E+01
2000	57	0.47297E+01	0.15767E+00
2000	58	0.93309E+01	0.32965E+01
2000	59	0.13932E+02	0.48967E+01
2000	60	0.10861E+02	0.15151E+00
2000	61	0.17844E+00	0.14948E+00
2000	62	0.17630E+00	0.14744E+00
2000	63	0.10855E+02	0.48889E+01
2000	64	0.31806E+01	0.14390E+00
2000	65	0.16445E+01	0.14249E+00
2000	66	0.31773E+01	0.80890E+01
2000	67	0.62446E+01	0.96899E+01
2000	68	0.77775E+01	0.80864E+01
2000	69	0.77758E+01	0.13729E+00
2000	70	0.24654E+02	0.14492E+02
2000	71	0.15445E+02	0.13437E+00
2000	72	0.77715E+01	0.13300E+00
2000	73	0.23115E+02	0.16705E+01
2000	74	0.31658E+01	0.13019E+00
2000	75	0.62331E+01	0.16675E+01
2000	76	0.21577E+02	0.16659E+01
2000	77	0.10834E+02	0.48688E+01
2000	78	0.12367E+02	0.12390E+00
2000	79	0.26176E+02	0.12234E+00
2000	80	0.96764E+02	0.64664E+01
2000	81	0.20041E+02	0.44918E+02
2000	82	0.15036E+00	0.64639E+01
2000	83	0.14878E+00	0.11269E+02
2000	84	0.14722E+00	0.32573E+01
2000	85	0.14571E+00	0.11508E+00
2000	86	0.14402E+00	0.11356E+00
2000	87	0.14226E+00	0.11201E+00
2000	88	0.14057E+00	0.11058E+00
2000	89	0.46819E+01	0.16482E+01
2000	90	0.46805E+01	0.10810E+00
2000	91	0.13637E+00	0.10690E+00
2000	92	0.13496E+00	0.10576E+00
2000	93	0.13351E+00	0.10450E+00
2000	94	0.13199E+00	0.10324E+00
2000	95	0.13042E+00	0.10188E+00
2000	96	0.12886E+00	0.10049E+00
2000	97	0.12720E+00	0.98909E-01
2000	98	0.12537E+00	0.97141E-01
2000	99	0.12354E+00	0.95400E-01
2000	100	0.12175E+00	0.93717E-01
2000	101	0.12012E+00	0.92192E-01
2000	102	0.11863E+00	0.90847E-01
2000	103	0.11723E+00	0.89473E-01
2000	104	0.11570E+00	0.88079E-01
2000	105	0.11419E+00	0.86740E-01
2000	106	0.11259E+00	0.85309E-01
2000	107	0.11083E+00	0.83704E-01
2000	108	0.10905E+00	0.81959E-01
2000	109	0.10744E+00	0.80298E-01
2000	110	0.10604E+00	0.78831E-01
2000	111	0.31129E+01	0.77517E-01
2000	112	0.31117E+01	0.76460E-01
2000	113	0.10227E+00	0.75545E-01
2000	114	0.10101E+00	0.74520E-01
2000	115	0.99645E-01	0.73353E-01
2000	116	0.98339E-01	0.72333E-01
2000	117	0.96884E-01	0.71096E-01
2000	118	0.95356E-01	0.69649E-01
2000	119	0.93846E-01	0.68141E-01
2000	120	0.92470E-01	0.66715E-01
2000	121	0.91053E-01	0.65411E-01
2000	122	0.89644E-01	0.64033E-01
2000	123	0.88280E-01	0.62570E-01
2000	124	0.86840E-01	0.61093E-01
2000	125	0.85605E-01	0.59916E-01
2000	126	0.84504E-01	0.58921E-01
2000	127	0.83423E-01	0.58014E-01
2000	128	0.82366E-01	0.57066E-01
2000	129	0.81410E-01	0.56342E-01
2000	130	0.80526E-01	0.55650E-01
2000	131	0.79485E-01	0.54724E-01
2000	132	0.78286E-01	0.53659E-01
2000	133	0.77149E-01	0.52678E-01
2000	134	0.76124E-01	0.51810E-01
2000	135	0.75058E-01	0.50755E-01
2000	136	0.73912E-01	0.49680E-01
2000	137	0.72790E-01	0.48614E-01
2000	138	0.71675E-01	0.47610E-01
2000	139	0.70587E-01	0.46633E-01
2000	140	0.69503E-01	0.45669E-01
2000	141	0.68402E-01	0.44636E-01
2000	142	0.67305E-01	0.43538E-01
2000	143	0.66263E-01	0.42413E-01
2000	144	0.65280E-01	0.41346E-01
2000	145	0.64366E-01	0.40414E-01
2000	146	0.63331E-01	0.39356E-01
2000	147	0.62230E-01	0.38277E-01
2000	148	0.61073E-01	0.37201E-01
2000	149	0.59924E-01	0.36118E-01
2000	150	0.58882E-01	0.35109E-01
2000	151	0.57894E-01	0.34171E-01
2000	152	0.56822E-01	0.33138E-01
2000	153	0.55700E-01	0.32016E-01
2000	154	0.54639E-01	0.30995E-01
2000	155	0.53661E-01	0.30173E-01
2000	156	0.52827E-01	0.29648E-01
2000	157	0.52076E-01	0.29338E-01
2000	158	0.51414E-01	0.29042E-01
2000	159	0.50727E-01	0.28762E-01
2000	160	0.49867E-01	0.28478E-01
2000	161	0.48899E-01	0.28095E-01
2000	162	0.47921E-01	0.27725E-01
2000	163	0.46931E-01	0.27360E-01
2000	164	0.45885E-01	0.26939E-01
2000	165	0.44951E-01	0.15655E+01
2000	166	0.44133E-01	0.26274E-01
2000	167	0.43268E-01	0.25939E-01
2000	168	0.42257E-01	0.25556E-01
2000	169	0.41177E-01	0.25127E-01
2000	170	0.40012E-01	0.24723E-01
2000	171	0.38865E-01	0.24344E-01
2000	172	0.37694E-01	0.23949E-01
2000	173	0.36482E-01	0.23523E-01
2000	174	0.35246E-01	0.23103E-01
2000	175	0.34109E-01	0.22687E-01
2000	176	0.33169E-01	0.22312E-01
2000	177	0.32153E-01	0.21959E-01
2000	178	0.31233E-01	0.21644E-01
2000	179	0.30325E-01	0.21379E-01
2000	180	0.29336E-01	0.21104E-01
2000	181	0.28318E-01	0.20764E-01
2000	182	0.27189E-01	0.20395E-01
2000	183	0.26066E-01	0.20028E-01
2000	184	0.25117E-01	0.19693E-01
2000	185	0.24363E-01	0.19386E-01
2000	186	0.23820E-01	0.19075E-01
2000	187	0.23493E-01	0.18751E-01
2000	188	0.23208E-01	0.18485E-01
2000	189	0.22899E-01	0.18180E-01
2000	190	0.22581E-01	0.17864E-01
2000	191	0.22274E-01	0.17568E-01
2000	192	0.22002E-01	0.17296E-01
2000	193	0.21722E-01	0.17009E-01
2000	194	0.21436E-01	0.16723E-01
2000	195	0.21182E-01	0.16480E-01
2000	196	0.20976E-01	0.16293E-01
2000	197	0.20737E-01	0.16054E-01
2000	198	0.20497E-01	0.15817E-01
2000	199	0.20266E-01	0.15592E-01
2000	200	0.20054E-01	0.15385E-01
2000	201	0.19838E-01	0.15176E-01
2000	202	0.19603E-01	0.14954E-01
2000	203	0.19369E-01	0.14726E-01
2000	204	0.19136E-01	0.14498E-01
2000	205	0.18894E-01	0.14260E-01
2000	206	0.18664E-01	0.14038E-01
2000	207	0.18410E-01	0.13778E-01
2000	208	0.18147E-01	0.13507E-01
2000	209	0.17854E-01	0.13215E-01
2000	210	0.17544E-01	0.12896E-01
2000	211	0.18370E+02	0.12559E-01
2000	212	0.14909E+01	0.12240E-01
2000	213	0.16728E-01	0.11943E-01
2000	214	0.16407E-01	0.11612E-01
2000	215	0.16093E-01	0.11288E-01
2000	216	0.30645E+02	0.10973E-01
2000	217	0.60929E+01	0.35196E+02
2000	218	0.30237E+01	0.10479E-01
2000	219	0.70541E+02	0.10307E-01
2000	220	0.27463E+03	0.75251E+02
2000	221	0.98168E+02	0.15488E+01
2000	222	0.21542E-01	0.97189E-02
2000	223	0.19264E-01	0.94702E-02
2000	224	0.18978E-01	0.91486E-02
2000	225	0.18665E-01	0.88147E-02
2000	226	0.18292E-01	0.84444E-02
2000	227	0.17908E-01	0.80601E-02
2000	228	0.17517E-01	0.76610E-02
2000	229	0.17110E-01	0.72266E-02
2000	230	0.16690E-01	0.67866E-02
2000	231	0.16262E-01	0.63339E-02
2000	232	0.15857E-01	0.59108E-02
2000	233	0.15424E-01	0.54517E-02
2000	234	0.14962E-01	0.50089E-02
2000	235	0.14491E-01	0.46502E-02
2000	236	0.13998E-01	0.43881E-02
2000	237	0.13495E-01	0.41234E-02
2000	238	0.12997E-01	0.38622E-02
2000	239	0.12510E-01	0.35932E-02
2000	240	0.12092E-01	0.33633E-02
2000	241	0.45546E+01	0.79509E+01
2000	242	0.11425E-01	0.30183E-02
2000	243	0.10981E-01	0.27844E-02
2000	244	0.10541E-01	0.25389E-02
2000	245	0.10112E-01	0.22934E-02
2000	246	0.97027E-02	0.20587E-02
2000	247	0.91993E-02	0.17881E-02
2000	248	0.76205E+01	0.14963E-02
2000	249	0.18102E+03	0.46402E+02
2000	250	0.12271E+03	0.84855E+02
2000	251	0.91580E+01	0.87796E-03
2000	252	0.96617E-02	0.58494E-03
2000	253	0.92013E-02	0.32291E-03
2000	254	0.86525E-02	0.81289E-04
2000	255	0.80390E-02	0.00000E+00
2000	256	0.74055E-02	0.00000E+00
2000	257	0.67557E-02	0.00000E+00
2000	258	0.61073E-02	0.00000E+00
2000	259	0.54932E-02	0.00000E+00
2000	260	0.48993E-02	0.00000E+00
2000	261	0.44642E-02	0.00000E+00
2000	262	0.41411E-02	0.00000E+00
2000	263	0.38238E-02	0.00000E+00
2000	264	0.35133E-02	0.00000E+00
2000	265	0.31957E-02	0.00000E+00
2000	266	0.91491E+01	0.00000E+00
2000	267	0.25826E-02	0.00000E+00
2000	268	0.22765E-02	0.00000E+00
2000	269	0.19667E-02	0.00000E+00
2000	270	0.16601E-02	0.00000E+00
2000	271	0.13302E-02	0.00000E+00
2000	272	0.29096E+02	0.15389E+01
2000	273	0.25006E+03	0.81650E+02
2000	274	0.13498E+03	0.80048E+02
2000	275	0.10583E+03	0.94470E+02
2000	276	0.36773E+02	0.23972E+02
2000	277	0.32168E+02	0.30379E+02
2000	278	0.19482E+03	0.11690E+03
2000	279	0.28536E+03	0.71623E+07
2000	280	0.28537E+03	0.33320E+03
2000	281	0.23320E+03	0.44856E+03
2000	282	0.26696E+03	0.26752E+03
2000	283	0.22978E+02	0.79586E+01
2000	284	0.13769E+02	0.15471E+01
2000	285	0.10584E+03	0.13293E+03
2000	286	0.59807E+02	0.68844E+02
2000	287	0.11505E+03	0.25470E+03
2000	288	0.16108E+03	0.10249E+03
2000	289	0.37898E+03	0.28194E+03
2000	290	0.36518E+03	0.35885E+03
2000	291	0.13041E+03	0.79724E+01
2000	292	0.30452E+01	0.21849E-01
2000	293	0.24526E+02	0.21310E-01
2000	294	0.49077E+02	0.15596E+01
2000	295	0.91801E+01	0.15591E+01
2000	296	0.33274E-01	0.19581E-01
2000	297	0.32732E-01	0.18915E-01
2000	298	0.32151E-01	0.18242E-01
2000	299	0.15054E+01	0.17627E-01
2000	300	0.32195E+02	0.20783E+02
2000	301	0.31761E+03	0.10410E+03
2000	302	0.21480E+03	0.75258E+02
2000	303	0.50616E+02	0.18196E-01
2000	304	0.58288E+02	0.19179E+02
2000	305	0.92048E+02	0.73654E+02
2000	306	0.17491E+03	0.16498E+03
2000	307	0.17491E+03	0.28515E+03
2000	308	0.22402E+03	0.22107E+03
2000	309	0.26852E+03	0.36343E+06
2000	310	0.14884E+03	0.14898E+03
2000	311	0.32531E+03	0.27555E+03
2000	312	0.17033E+03	0.68870E+02
2000	313	0.64450E+02	0.19200E+02
2000	314	0.12123E+03	0.76879E+02
2000	315	0.30769E+07	0.33869E+07
2000	316	0.15806E+03	0.30761E+03
2000	317	0.12124E+03	0.21949E+03
2000	318	0.19950E+03	0.15541E+03
2000	319	0.18262E+03	0.23392E+03
2000	320	0.11050E+03	0.17944E+03
2000	321	0.90557E+02	0.23232E+03
2000	322	0.89024E+02	0.15382E+03
2000	323	0.22253E+03	0.14741E+03
2000	324	0.11665E+03	0.10415E+03
2000	325	0.14428E+03	0.16343E+03
2000	326	0.93640E+02	0.11857E+03
2000	327	0.52210E+02	0.32152E+01
2000	328	0.12310E+02	0.70743E-01
2000	329	0.46357E+01	0.69694E-01
2000	330	0.91174E-01	0.68600E-01
2000	331	0.89576E-01	0.67453E-01
2000	332	0.87870E-01	0.66335E-01
2000	333	0.86145E-01	0.32064E+01
2000	334	0.75214E+02	0.84918E+02
2000	335	0.24401E+03	0.27719E+03
2001	1	0.21486E+03	0.24194E+03
2001	2	0.14679E+07	0.27685E+07
2001	3	0.16578E+03	0.16184E+03
2001	4	0.16425E+03	0.18588E+03
2001	5	0.36886E+02	0.32316E+01
2001	6	0.18470E+02	0.17648E+02
2001	7	0.77275E+01	0.86343E-01
2001	8	0.13864E+02	0.11238E+02
2001	9	0.27674E+02	0.84684E-01
2001	10	0.21536E+02	0.16228E+01
2001	11	0.46564E+01	0.83283E-01
2001	12	0.11233E+00	0.82628E-01
2001	13	0.11113E+00	0.81900E-01
2001	14	0.11006E+00	0.81148E-01
2001	15	0.10911E+00	0.80348E-01
2001	16	0.10799E+00	0.79407E-01
2001	17	0.75238E+02	0.30457E+02
2001	18	0.75241E+02	0.10256E+03
2001	19	0.95192E+02	0.72120E+02
2001	20	0.34969E+06	0.46546E+07
2001	21	0.29726E+06	0.73888E+06
2001	22	0.12363E+07	0.61282E+06
2001	23	0.15046E+03	0.25453E+06
2001	24	0.17962E+03	0.17951E+03
2001	25	0.48775E+05	0.22278E+03
2001	26	0.15024E+05	0.73778E+02
2001	27	0.41696E+05	0.76982E+02
2001	28	0.28443E+05	0.59358E+02
2001	29	0.57951E+05	0.10422E+03
2001	30	0.31255E+06	0.40133E+02
2001	31	0.15506E+06	0.13654E+00
