actual evapotranspiration [mm] for all sub-basins (MAP-IDs)
Year	Day	Timestep	15	69
2000	1	1	 1.972	 1.998
2000	2	1	 1.651	 2.030
2000	3	1	 2.207	 2.601
2000	4	1	 2.160	 2.267
2000	5	1	 3.229	 3.336
2000	6	1	 3.402	 3.738
2000	7	1	 3.254	 3.405
2000	8	1	 3.567	 3.604
2000	9	1	 3.411	 3.363
2000	10	1	 2.974	 2.869
2000	11	1	 3.135	 2.883
2000	12	1	 3.510	 3.006
2000	13	1	 3.610	 3.028
2000	14	1	 3.501	 3.270
2000	15	1	 3.855	 3.561
2000	16	1	 3.659	 3.484
2000	17	1	 3.331	 4.144
2000	18	1	 4.018	 4.647
2000	19	1	 3.946	 4.465
2000	20	1	 2.462	 2.497
2000	21	1	 2.366	 2.284
2000	22	1	 2.523	 2.317
2000	23	1	 2.510	 2.451
2000	24	1	 2.394	 2.047
2000	25	1	 2.455	 2.544
2000	26	1	 3.124	 3.194
2000	27	1	 3.388	 3.535
2000	28	1	 3.301	 3.255
2000	29	1	 3.334	 3.241
2000	30	1	 3.247	 3.915
2000	31	1	 3.360	 3.841
2000	32	1	 3.833	 4.258
2000	33	1	 2.744	 3.394
2000	34	1	 3.295	 3.382
2000	35	1	 3.481	 3.161
2000	36	1	 2.640	 2.797
2000	37	1	 2.226	 2.722
2000	38	1	 2.580	 3.061
2000	39	1	 2.831	 3.195
2000	40	1	 2.493	 3.631
2000	41	1	 3.104	 3.610
2000	42	1	 2.919	 3.206
2000	43	1	 3.324	 3.533
2000	44	1	 3.640	 3.863
2000	45	1	 3.694	 3.848
2000	46	1	 3.739	 3.388
2000	47	1	 3.542	 3.372
2000	48	1	 3.746	 4.004
2000	49	1	 2.652	 3.053
2000	50	1	 2.140	 1.767
2000	51	1	 2.826	 3.411
2000	52	1	 3.220	 3.282
2000	53	1	 3.258	 3.372
2000	54	1	 3.133	 3.470
2000	55	1	 3.416	 3.674
2000	56	1	 3.549	 3.350
2000	57	1	 3.238	 3.154
2000	58	1	 3.225	 3.455
2000	59	1	 2.905	 3.200
2000	60	1	 2.537	 2.942
2000	61	1	 2.270	 2.367
2000	62	1	 2.347	 2.765
2000	63	1	 2.576	 2.807
2000	64	1	 3.048	 3.047
2000	65	1	 3.207	 3.283
2000	66	1	 3.544	 3.661
2000	67	1	 3.497	 3.452
2000	68	1	 3.055	 3.152
2000	69	1	 2.742	 2.679
2000	70	1	 2.010	 2.380
2000	71	1	 2.035	 1.863
2000	72	1	 1.688	 1.598
2000	73	1	 1.940	 2.102
2000	74	1	 1.968	 2.090
2000	75	1	 1.878	 1.810
2000	76	1	 1.585	 1.978
2000	77	1	 2.198	 2.963
2000	78	1	 2.257	 3.147
2000	79	1	 2.695	 3.483
2000	80	1	 2.694	 2.842
2000	81	1	 2.896	 3.176
2000	82	1	 3.356	 3.358
2000	83	1	 2.780	 2.767
2000	84	1	 2.973	 3.025
2000	85	1	 3.104	 2.965
2000	86	1	 3.337	 3.161
2000	87	1	 3.080	 2.832
2000	88	1	 3.218	 3.167
2000	89	1	 3.010	 2.823
2000	90	1	 3.020	 2.879
2000	91	1	 3.177	 2.937
2000	92	1	 2.829	 2.939
2000	93	1	 2.686	 2.767
2000	94	1	 2.882	 2.642
2000	95	1	 2.275	 1.727
2000	96	1	 2.298	 1.843
2000	97	1	 2.308	 2.204
2000	98	1	 2.470	 2.463
2000	99	1	 2.801	 2.616
2000	100	1	 2.746	 2.110
2000	101	1	 2.966	 2.884
2000	102	1	 2.839	 2.342
2000	103	1	 2.836	 2.213
2000	104	1	 1.977	 2.078
2000	105	1	 2.801	 2.583
2000	106	1	 2.781	 2.766
2000	107	1	 2.843	 2.794
2000	108	1	 2.778	 2.925
2000	109	1	 2.690	 2.707
2000	110	1	 2.772	 2.794
2000	111	1	 2.786	 2.910
2000	112	1	 2.537	 3.240
2000	113	1	 2.593	 2.765
2000	114	1	 2.541	 2.605
2000	115	1	 2.337	 2.205
2000	116	1	 2.656	 2.773
2000	117	1	 2.949	 2.923
2000	118	1	 2.975	 2.735
2000	119	1	 2.629	 2.312
2000	120	1	 2.625	 2.537
2000	121	1	 2.537	 2.396
2000	122	1	 2.318	 1.905
2000	123	1	 2.268	 2.190
2000	124	1	 2.434	 2.033
2000	125	1	 2.551	 2.287
2000	126	1	 2.536	 2.275
2000	127	1	 2.642	 2.569
2000	128	1	 3.153	 3.124
2000	129	1	 2.973	 3.129
2000	130	1	 2.926	 3.005
2000	131	1	 2.677	 2.865
2000	132	1	 2.402	 2.440
2000	133	1	 2.118	 2.399
2000	134	1	 2.467	 2.502
2000	135	1	 2.385	 2.304
2000	136	1	 2.497	 2.431
2000	137	1	 2.864	 2.750
2000	138	1	 3.016	 3.205
2000	139	1	 2.814	 3.149
2000	140	1	 2.328	 2.736
2000	141	1	 2.526	 2.516
2000	142	1	 2.503	 2.312
2000	143	1	 2.256	 1.695
2000	144	1	 1.994	 1.687
2000	145	1	 2.323	 2.234
2000	146	1	 2.078	 1.729
2000	147	1	 2.425	 2.103
2000	148	1	 2.808	 2.557
2000	149	1	 2.951	 2.956
2000	150	1	 2.521	 2.900
2000	151	1	 2.644	 2.487
2000	152	1	 2.741	 2.659
2000	153	1	 2.469	 2.766
2000	154	1	 2.854	 3.141
2000	155	1	 2.419	 2.385
2000	156	1	 2.069	 2.067
2000	157	1	 2.010	 1.755
2000	158	1	 2.016	 2.113
2000	159	1	 1.829	 1.546
2000	160	1	 1.652	 1.551
2000	161	1	 1.818	 1.771
2000	162	1	 2.287	 2.197
2000	163	1	 2.368	 2.202
2000	164	1	 2.024	 1.819
2000	165	1	 2.156	 2.163
2000	166	1	 2.341	 2.227
2000	167	1	 2.255	 2.262
2000	168	1	 2.262	 2.103
2000	169	1	 2.207	 2.054
2000	170	1	 2.152	 1.960
2000	171	1	 2.244	 2.099
2000	172	1	 2.379	 2.265
2000	173	1	 2.270	 2.329
2000	174	1	 2.199	 2.417
2000	175	1	 1.965	 1.839
2000	176	1	 2.171	 2.178
2000	177	1	 2.327	 2.275
2000	178	1	 2.470	 2.221
2000	179	1	 2.567	 2.306
2000	180	1	 2.340	 2.200
2000	181	1	 2.085	 1.928
2000	182	1	 2.229	 2.035
2000	183	1	 2.496	 2.410
2000	184	1	 2.332	 2.274
2000	185	1	 2.244	 2.036
2000	186	1	 1.857	 1.901
2000	187	1	 1.695	 1.569
2000	188	1	 1.549	 1.540
2000	189	1	 1.453	 1.630
2000	190	1	 1.870	 1.495
2000	191	1	 2.081	 1.978
2000	192	1	 2.164	 1.964
2000	193	1	 2.060	 1.893
2000	194	1	 2.361	 2.309
2000	195	1	 2.150	 2.309
2000	196	1	 1.908	 1.997
2000	197	1	 1.735	 1.821
2000	198	1	 2.307	 2.103
2000	199	1	 2.268	 2.560
2000	200	1	 2.578	 2.413
2000	201	1	 2.625	 2.394
2000	202	1	 2.543	 2.396
2000	203	1	 2.673	 2.650
2000	204	1	 2.698	 2.553
2000	205	1	 2.796	 2.645
2000	206	1	 1.951	 2.402
2000	207	1	 2.415	 2.273
2000	208	1	 2.302	 2.001
2000	209	1	 2.000	 1.784
2000	210	1	 2.209	 1.810
2000	211	1	 2.145	 2.071
2000	212	1	 2.452	 2.414
2000	213	1	 2.590	 2.495
2000	214	1	 2.304	 2.242
2000	215	1	 2.111	 2.067
2000	216	1	 2.201	 2.082
2000	217	1	 2.535	 2.427
2000	218	1	 2.268	 1.890
2000	219	1	 2.313	 2.149
2000	220	1	 2.521	 2.406
2000	221	1	 2.580	 2.368
2000	222	1	 2.395	 2.139
2000	223	1	 2.472	 2.428
2000	224	1	 2.683	 2.600
2000	225	1	 2.505	 2.345
2000	226	1	 1.995	 1.555
2000	227	1	 2.307	 2.214
2000	228	1	 2.463	 2.324
2000	229	1	 2.542	 2.351
2000	230	1	 2.390	 2.225
2000	231	1	 2.265	 2.100
2000	232	1	 2.530	 2.260
2000	233	1	 2.487	 2.277
2000	234	1	 2.358	 2.181
2000	235	1	 2.444	 2.314
2000	236	1	 2.213	 2.137
2000	237	1	 2.484	 2.435
2000	238	1	 2.513	 2.515
2000	239	1	 2.826	 2.650
2000	240	1	 2.998	 2.897
2000	241	1	 3.011	 3.113
2000	242	1	 3.830	 2.959
2000	243	1	 2.742	 2.607
2000	244	1	 2.789	 2.756
2000	245	1	 2.702	 2.661
2000	246	1	 2.700	 2.601
2000	247	1	 4.308	 2.780
2000	248	1	 2.439	 3.723
2000	249	1	 1.633	 1.801
2000	250	1	 4.087	 2.238
2000	251	1	 3.835	 3.589
2000	252	1	 2.687	 2.507
2000	253	1	 3.426	 3.251
2000	254	1	 4.482	 2.863
2000	255	1	 3.004	 2.415
2000	256	1	 2.781	 2.679
2000	257	1	 2.879	 2.774
2000	258	1	 2.877	 2.790
2000	259	1	 3.001	 3.116
2000	260	1	 3.120	 3.133
2000	261	1	 3.223	 3.294
2000	262	1	 2.919	 2.895
2000	263	1	 3.023	 3.102
2000	264	1	 3.232	 3.126
2000	265	1	 3.223	 3.202
2000	266	1	 3.419	 3.376
2000	267	1	 3.526	 3.418
2000	268	1	 3.492	 3.364
2000	269	1	 3.652	 3.729
2000	270	1	 3.215	 3.232
2000	271	1	 2.370	 2.388
2000	272	1	 2.601	 2.819
2000	273	1	 2.821	 2.685
2000	274	1	 2.929	 2.954
2000	275	1	 3.003	 3.006
2000	276	1	 2.510	 2.745
2000	277	1	 3.349	 3.278
2000	278	1	 3.637	 3.696
2000	279	1	 4.188	 3.838
2000	280	1	 6.157	 5.513
2000	281	1	 4.316	 4.532
2000	282	1	 5.599	 4.553
2000	283	1	 5.588	 3.636
2000	284	1	 3.989	 2.997
2000	285	1	 3.805	 2.998
2000	286	1	 3.954	 2.805
2000	287	1	 4.091	 2.472
2000	288	1	 4.124	 2.241
2000	289	1	 3.827	 1.960
2000	290	1	 3.812	 1.797
2000	291	1	 3.578	 1.664
2000	292	1	 3.718	 1.647
2000	293	1	 3.726	 1.517
2000	294	1	 3.678	 1.487
2000	295	1	 3.796	 1.453
2000	296	1	 3.944	 1.564
2000	297	1	 4.443	 1.455
2000	298	1	 3.690	 1.415
2000	299	1	 3.670	 1.435
2000	300	1	 3.516	 1.386
2000	301	1	 3.767	 1.376
2000	302	1	 3.711	 1.369
2000	303	1	 4.490	 1.658
2000	304	1	 2.101	 2.454
2000	305	1	 2.595	 2.443
2000	306	1	 3.052	 2.648
2000	307	1	 3.238	 3.090
2000	308	1	 3.887	 3.851
2000	309	1	 2.741	 3.519
2000	310	1	 1.715	 1.357
2000	311	1	 1.438	 1.438
2000	312	1	 2.275	 2.119
2000	313	1	 1.743	 1.506
2000	314	1	 1.974	 2.272
2000	315	1	 2.475	 2.666
2000	316	1	 2.501	 2.451
2000	317	1	 2.888	 2.869
2000	318	1	 3.165	 2.994
2000	319	1	 2.438	 2.710
2000	320	1	 2.251	 2.229
2000	321	1	 1.645	 1.705
2000	322	1	 2.632	 3.850
2000	323	1	 3.721	 4.303
2000	324	1	 4.116	 2.951
2000	325	1	 3.416	 2.712
2000	326	1	 4.055	 2.767
2000	327	1	 4.478	 2.740
2000	328	1	 2.770	 2.817
2000	329	1	 2.630	 2.731
2000	330	1	 2.534	 2.575
2000	331	1	 3.905	 3.780
2000	332	1	 2.954	 4.147
2000	333	1	 3.027	 4.031
2000	334	1	 3.636	 4.241
2000	335	1	 3.698	 4.709
2000	336	1	 3.553	 4.465
2000	337	1	 3.204	 4.069
2000	338	1	 3.153	 3.531
2000	339	1	 3.660	 4.043
2000	340	1	 2.530	 2.518
2000	341	1	 2.405	 2.947
2000	342	1	 2.327	 2.669
2000	343	1	 2.145	 2.689
2000	344	1	 2.984	 3.771
2000	345	1	 3.351	 4.318
2000	346	1	 2.069	 2.021
2000	347	1	 2.286	 1.945
2000	348	1	 2.179	 2.109
2000	349	1	 1.957	 2.098
2000	350	1	 1.642	 2.110
2000	351	1	 2.077	 2.307
2000	352	1	 1.651	 1.311
2000	353	1	 2.434	 2.023
2000	354	1	 2.863	 2.903
2000	355	1	 2.782	 2.594
2000	356	1	 2.792	 2.824
2000	357	1	 2.589	 2.155
2000	358	1	 3.543	 3.897
2000	359	1	 3.810	 3.908
2000	360	1	 3.430	 3.754
2000	361	1	 3.391	 3.391
2000	362	1	 3.601	 2.947
2000	363	1	 3.458	 2.917
2000	364	1	 3.775	 3.216
2000	365	1	 3.225	 3.438
2000	366	1	 2.575	 2.944
