daily river flow [m3/s] for all sub-basins (MAP-IDs)
Year	Day	15	69
2000	1	   0.985	   0.451
2000	2	  18.989	  34.778
2000	3	   3.550	   1.659
2000	4	   5.022	   2.367
2000	5	   6.409	   3.029
2000	6	   7.733	   3.667
2000	7	   8.987	   4.266
2000	8	  10.173	   4.834
2000	9	  11.291	   5.370
2000	10	  12.355	   5.880
2000	11	  13.366	   6.357
2000	12	  14.308	   6.805
2000	13	  15.179	   7.225
2000	14	  15.985	   7.617
2000	15	  16.727	   7.981
2000	16	  17.412	   8.321
2000	17	  18.061	   8.643
2000	18	  18.713	   8.952
2000	19	  19.376	   9.265
2000	20	  22.023	  42.770
2000	21	  21.385	  14.419
2000	22	  29.550	  14.153
2000	23	  24.051	  12.042
2000	24	  25.653	  13.104
2000	25	  27.403	  14.325
2000	26	  29.033	  15.514
2000	27	  30.680	  16.719
2000	28	  32.243	  17.874
2000	29	  33.979	  19.093
2000	30	  35.997	  20.235
2000	31	  38.011	  21.313
2000	32	  39.877	  22.315
2000	33	  52.506	  23.365
2000	34	  44.628	  24.445
2000	35	  46.941	  25.570
2000	36	  49.517	  26.935
2000	37	  54.014	  28.497
2000	38	  57.179	  30.314
2000	39	  61.194	  32.021
2000	40	  64.197	  33.629
2000	41	  65.661	  35.128
2000	42	  67.670	  36.526
2000	43	  70.021	  37.817
2000	44	  72.327	  39.011
2000	45	  74.259	  40.104
2000	46	  76.132	  41.106
2000	47	  77.884	  42.022
2000	48	  79.517	  42.880
2000	49	  81.361	  43.823
2000	50	  83.352	  45.008
2000	51	  85.193	  46.103
2000	52	  86.912	  47.128
2000	53	  88.494	  48.063
2000	54	  89.948	  48.917
2000	55	  91.273	  49.700
2000	56	  92.469	  50.418
2000	57	  93.564	  51.076
2000	58	  94.563	  51.681
2000	59	  95.638	  52.329
2000	60	  98.742	  53.109
2000	61	  98.567	  54.053
2000	62	 100.365	  54.935
2000	63	 102.121	  55.775
2000	64	 103.748	  56.566
2000	65	 105.250	  57.293
2000	66	 106.625	  57.953
2000	67	 107.879	  58.551
2000	68	 109.008	  59.092
2000	69	 110.120	  59.605
2000	70	 119.959	  60.183
2000	71	 113.559	  63.205
2000	72	 116.794	  81.041
2000	73	 119.452	  91.213
2000	74	 123.993	  65.543
2000	75	 132.483	  69.528
2000	76	 288.072	  72.459
2000	77	 141.743	  73.055
2000	78	 140.874	  75.250
2000	79	 142.474	  77.293
2000	80	 145.740	  79.145
2000	81	 148.804	  80.840
2000	82	 151.814	  82.397
2000	83	 154.100	  83.818
2000	84	 156.239	  85.110
2000	85	 158.261	  86.281
2000	86	 160.087	  87.341
2000	87	 161.723	  88.302
2000	88	 163.190	  89.163
2000	89	 164.503	  89.941
2000	90	 165.688	  90.647
2000	91	 166.760	  91.282
2000	92	 167.712	  91.846
2000	93	 168.547	  92.349
2000	94	 169.282	  92.798
2000	95	 169.944	  93.205
2000	96	 170.531	  93.575
2000	97	 171.048	  93.912
2000	98	 171.500	  94.216
2000	99	 171.886	  94.488
2000	100	 172.211	  94.724
2000	101	 172.479	  94.927
2000	102	 172.701	  95.099
2000	103	 172.877	  95.241
2000	104	 173.020	  95.357
2000	105	 173.118	  95.441
2000	106	 173.175	  95.498
2000	107	 173.190	  95.528
2000	108	 173.172	  95.534
2000	109	 173.124	  95.516
2000	110	 173.045	  95.474
2000	111	 173.020	  95.414
2000	112	 172.953	  95.336
2000	113	 172.856	  95.241
2000	114	 172.723	  95.132
2000	115	 172.556	  95.011
2000	116	 172.352	  94.872
2000	117	 172.111	  94.714
2000	118	 171.835	  94.541
2000	119	 171.532	  94.355
2000	120	 171.205	  94.156
2000	121	 170.856	  93.946
2000	122	 170.485	  93.727
2000	123	 170.091	  93.496
2000	124	 169.674	  93.255
2000	125	 169.236	  93.003
2000	126	 168.776	  92.741
2000	127	 168.296	  92.467
2000	128	 167.792	  92.182
2000	129	 167.268	  91.885
2000	130	 166.724	  91.578
2000	131	 166.162	  91.262
2000	132	 165.586	  90.939
2000	133	 164.999	  90.609
2000	134	 164.397	  90.272
2000	135	 163.783	  89.929
2000	136	 163.157	  89.580
2000	137	 162.517	  89.224
2000	138	 161.866	  88.862
2000	139	 161.204	  88.493
2000	140	 160.534	  88.119
2000	141	 159.855	  87.742
2000	142	 159.171	  87.362
2000	143	 158.483	  86.981
2000	144	 157.790	  86.597
2000	145	 157.090	  86.211
2000	146	 156.386	  85.823
2000	147	 155.676	  85.434
2000	148	 154.959	  85.041
2000	149	 154.236	  84.645
2000	150	 153.509	  84.245
2000	151	 152.777	  83.845
2000	152	 152.041	  83.442
2000	153	 151.301	  83.037
2000	154	 150.558	  82.629
2000	155	 149.811	  82.221
2000	156	 149.064	  81.812
2000	157	 148.316	  81.403
2000	158	 147.566	  80.993
2000	159	 146.817	  80.584
2000	160	 146.068	  80.176
2000	161	 145.319	  79.767
2000	162	 144.569	  79.358
2000	163	 143.818	  78.949
2000	164	 143.068	  78.541
2000	165	 142.317	  78.132
2000	166	 141.567	  77.723
2000	167	 140.817	  77.315
2000	168	 140.066	  76.906
2000	169	 139.317	  76.498
2000	170	 138.568	  76.091
2000	171	 137.819	  75.684
2000	172	 137.072	  75.277
2000	173	 136.325	  74.871
2000	174	 135.579	  74.464
2000	175	 134.836	  74.055
2000	176	 134.093	  73.646
2000	177	 133.352	  73.239
2000	178	 132.612	  72.832
2000	179	 131.873	  72.427
2000	180	 131.135	  72.022
2000	181	 130.400	  71.619
2000	182	 129.666	  71.217
2000	183	 128.934	  70.816
2000	184	 128.204	  70.416
2000	185	 127.476	  70.018
2000	186	 126.751	  69.621
2000	187	 126.029	  69.226
2000	188	 125.310	  68.833
2000	189	 124.594	  68.441
2000	190	 123.880	  68.051
2000	191	 123.170	  67.663
2000	192	 122.461	  67.276
2000	193	 121.756	  66.891
2000	194	 121.053	  66.507
2000	195	 120.352	  66.124
2000	196	 119.655	  65.744
2000	197	 118.961	  65.365
2000	198	 118.269	  64.987
2000	199	 117.580	  64.611
2000	200	 116.894	  64.237
2000	201	 116.210	  63.864
2000	202	 115.530	  63.492
2000	203	 114.852	  63.122
2000	204	 114.176	  62.754
2000	205	 113.503	  62.387
2000	206	 112.833	  62.022
2000	207	 112.166	  61.659
2000	208	 111.500	  61.297
2000	209	 110.836	  60.937
2000	210	 110.175	  60.579
2000	211	 109.518	  60.223
2000	212	 108.864	  59.868
2000	213	 108.214	  59.515
2000	214	 107.566	  59.163
2000	215	 106.923	  58.814
2000	216	 106.282	  58.466
2000	217	 105.645	  58.120
2000	218	 105.012	  57.776
2000	219	 104.382	  57.433
2000	220	 103.755	  57.092
2000	221	 103.131	  56.753
2000	222	 102.511	  56.416
2000	223	 101.895	  56.081
2000	224	 101.282	  55.747
2000	225	 100.672	  55.415
2000	226	 100.066	  55.085
2000	227	  99.463	  54.757
2000	228	  98.863	  54.431
2000	229	  98.267	  54.106
2000	230	  97.675	  53.783
2000	231	  97.086	  53.462
2000	232	  96.500	  53.143
2000	233	  95.918	  52.826
2000	234	  95.339	  52.510
2000	235	  94.763	  52.197
2000	236	  94.190	  51.885
2000	237	  93.621	  51.574
2000	238	  93.055	  51.265
2000	239	  92.492	  50.958
2000	240	  91.933	  50.653
2000	241	  91.376	  50.349
2000	242	  90.823	  50.047
2000	243	  90.273	  49.747
2000	244	  89.725	  49.448
2000	245	  89.181	  49.150
2000	246	  88.640	  48.855
2000	247	  88.103	  48.561
2000	248	  87.568	  48.269
2000	249	  87.036	  47.978
2000	250	  86.509	  47.689
2000	251	  85.998	  47.402
2000	252	  85.482	  47.116
2000	253	  84.962	  46.832
2000	254	  84.453	  46.549
2000	255	  83.947	  46.268
2000	256	  83.444	  45.989
2000	257	  82.943	  45.711
2000	258	  82.444	  45.434
2000	259	  81.949	  45.159
2000	260	  81.456	  44.886
2000	261	  80.965	  44.614
2000	262	  80.477	  44.342
2000	263	  79.991	  44.070
2000	264	  79.508	  43.798
2000	265	  79.028	  43.528
2000	266	  78.550	  43.259
2000	267	  78.074	  42.991
2000	268	  77.601	  42.725
2000	269	  77.130	  42.461
2000	270	  76.661	  42.198
2000	271	  76.196	  41.937
2000	272	  75.733	  41.678
2000	273	  75.272	  41.420
2000	274	  74.814	  41.163
2000	275	  74.359	  40.908
2000	276	  73.906	  40.655
2000	277	  73.455	  40.403
2000	278	  73.007	  40.153
2000	279	  72.561	  39.904
2000	280	  72.125	  39.657
2000	281	  71.688	  39.412
2000	282	  71.244	  39.166
2000	283	  70.811	  38.922
2000	284	  70.380	  38.678
2000	285	  69.950	  38.436
2000	286	  69.524	  38.196
2000	287	  69.099	  37.957
2000	288	  68.677	  37.719
2000	289	  68.256	  37.483
2000	290	  67.838	  37.249
2000	291	  67.418	  37.016
2000	292	  67.001	  36.784
2000	293	  66.586	  36.555
2000	294	  66.173	  36.326
2000	295	  65.763	  36.099
2000	296	  65.356	  35.873
2000	297	  64.951	  35.649
2000	298	  64.548	  35.427
2000	299	  64.148	  35.205
2000	300	  63.750	  34.986
2000	301	  63.355	  34.767
2000	302	  62.962	  34.550
2000	303	  62.572	  34.334
2000	304	  62.196	  34.121
2000	305	  61.809	  33.914
2000	306	  61.426	  33.704
2000	307	  61.041	  33.487
2000	308	  60.663	  33.277
2000	309	  60.297	  33.077
2000	310	  59.935	 113.776
2000	311	  59.577	  32.674
2000	312	  59.224	  32.476
2000	313	  58.882	  32.283
2000	314	  58.529	  32.081
2000	315	  58.189	  31.892
2000	316	  57.861	  31.714
2000	317	  57.525	  31.526
2000	318	  57.198	  31.348
2000	319	  56.877	  31.167
2000	320	  56.575	  30.997
2000	321	  56.291	  30.835
2000	322	  56.009	  30.659
2000	323	  55.723	  30.496
2000	324	  55.446	  30.333
2000	325	  55.169	  30.170
2000	326	  54.891	  30.007
2000	327	  54.613	  29.844
2000	328	  54.335	  29.681
2000	329	  54.056	  29.518
2000	330	  53.777	  29.355
2000	331	  53.499	  29.193
2000	332	  53.246	  29.034
2000	333	  52.994	  28.878
2000	334	  52.739	  28.711
2000	335	  52.495	  28.551
2000	336	  52.255	  28.394
2000	337	  52.028	  28.245
2000	338	  51.815	  28.098
2000	339	  51.623	  27.954
2000	340	  51.467	  31.683
2000	341	  51.325	  27.706
2000	342	  51.245	  27.601
2000	343	  51.187	  27.492
2000	344	  51.125	  27.380
2000	345	  51.091	  27.281
2000	346	  86.865	  66.145
2000	347	  51.287	  27.178
2000	348	  51.435	  27.161
2000	349	  51.656	  27.163
2000	350	  51.950	  27.199
2000	351	  52.277	  27.258
2000	352	  52.638	  27.366
2000	353	  53.021	  27.500
2000	354	  53.518	  27.659
2000	355	  54.056	  27.836
2000	356	  54.667	  28.049
2000	357	  55.308	  28.289
2000	358	  55.907	  28.500
2000	359	  56.467	  28.702
2000	360	  56.988	  28.885
2000	361	  57.463	  29.049
2000	362	  57.889	  29.196
2000	363	  58.267	  29.326
2000	364	  58.601	  29.441
2000	365	  58.907	  29.548
2000	366	  59.360	  29.730
