horton overland flow [m**3] for all sub-basins (MAP-IDs)
Year	Day	15	69
2000	1	0.00000E+00	0.00000E+00
2000	2	0.14495E+07	0.29156E+07
2000	3	0.00000E+00	0.00000E+00
2000	4	0.00000E+00	0.00000E+00
2000	5	0.00000E+00	0.00000E+00
2000	6	0.00000E+00	0.00000E+00
2000	7	0.00000E+00	0.00000E+00
2000	8	0.00000E+00	0.00000E+00
2000	9	0.00000E+00	0.00000E+00
2000	10	0.00000E+00	0.00000E+00
2000	11	0.00000E+00	0.00000E+00
2000	12	0.00000E+00	0.00000E+00
2000	13	0.00000E+00	0.00000E+00
2000	14	0.00000E+00	0.00000E+00
2000	15	0.00000E+00	0.00000E+00
2000	16	0.00000E+00	0.00000E+00
2000	17	0.00000E+00	0.00000E+00
2000	18	0.00000E+00	0.00000E+00
2000	19	0.00000E+00	0.00000E+00
2000	20	0.15486E+06	0.28548E+07
2000	21	0.85946E+04	0.35370E+06
2000	22	0.59914E+06	0.26447E+06
2000	23	0.00000E+00	0.00000E+00
2000	24	0.00000E+00	0.00000E+00
2000	25	0.00000E+00	0.00000E+00
2000	26	0.00000E+00	0.00000E+00
2000	27	0.00000E+00	0.00000E+00
2000	28	0.00000E+00	0.00000E+00
2000	29	0.00000E+00	0.00000E+00
2000	30	0.00000E+00	0.00000E+00
2000	31	0.00000E+00	0.00000E+00
2000	32	0.00000E+00	0.00000E+00
2000	33	0.88831E+06	0.00000E+00
2000	34	0.00000E+00	0.00000E+00
2000	35	0.00000E+00	0.00000E+00
2000	36	0.00000E+00	0.00000E+00
2000	37	0.00000E+00	0.00000E+00
2000	38	0.00000E+00	0.00000E+00
2000	39	0.00000E+00	0.00000E+00
2000	40	0.00000E+00	0.00000E+00
2000	41	0.00000E+00	0.00000E+00
2000	42	0.00000E+00	0.00000E+00
2000	43	0.00000E+00	0.00000E+00
2000	44	0.00000E+00	0.00000E+00
2000	45	0.00000E+00	0.00000E+00
2000	46	0.00000E+00	0.00000E+00
2000	47	0.00000E+00	0.00000E+00
2000	48	0.00000E+00	0.00000E+00
2000	49	0.00000E+00	0.00000E+00
2000	50	0.00000E+00	0.00000E+00
2000	51	0.00000E+00	0.00000E+00
2000	52	0.00000E+00	0.00000E+00
2000	53	0.00000E+00	0.00000E+00
2000	54	0.00000E+00	0.00000E+00
2000	55	0.00000E+00	0.00000E+00
2000	56	0.00000E+00	0.00000E+00
2000	57	0.00000E+00	0.00000E+00
2000	58	0.00000E+00	0.00000E+00
2000	59	0.00000E+00	0.00000E+00
2000	60	0.14779E+06	0.00000E+00
2000	61	0.00000E+00	0.00000E+00
2000	62	0.00000E+00	0.00000E+00
2000	63	0.00000E+00	0.00000E+00
2000	64	0.00000E+00	0.00000E+00
2000	65	0.00000E+00	0.00000E+00
2000	66	0.00000E+00	0.00000E+00
2000	67	0.00000E+00	0.00000E+00
2000	68	0.00000E+00	0.00000E+00
2000	69	0.00000E+00	0.00000E+00
2000	70	0.71571E+06	0.00000E+00
2000	71	0.00000E+00	0.19113E+06
2000	72	0.78179E+05	0.16325E+07
2000	73	0.00000E+00	0.23763E+07
2000	74	0.00000E+00	0.00000E+00
2000	75	0.21263E+06	0.14984E+06
2000	76	0.12699E+08	0.16946E+06
2000	77	0.00000E+00	0.00000E+00
2000	78	0.00000E+00	0.00000E+00
2000	79	0.00000E+00	0.00000E+00
2000	80	0.00000E+00	0.00000E+00
2000	81	0.00000E+00	0.00000E+00
2000	82	0.00000E+00	0.00000E+00
2000	83	0.00000E+00	0.00000E+00
2000	84	0.00000E+00	0.00000E+00
2000	85	0.00000E+00	0.00000E+00
2000	86	0.00000E+00	0.00000E+00
2000	87	0.00000E+00	0.00000E+00
2000	88	0.00000E+00	0.00000E+00
2000	89	0.00000E+00	0.00000E+00
2000	90	0.00000E+00	0.00000E+00
2000	91	0.00000E+00	0.00000E+00
2000	92	0.00000E+00	0.00000E+00
2000	93	0.00000E+00	0.00000E+00
2000	94	0.00000E+00	0.00000E+00
2000	95	0.00000E+00	0.00000E+00
2000	96	0.00000E+00	0.00000E+00
2000	97	0.00000E+00	0.00000E+00
2000	98	0.00000E+00	0.00000E+00
2000	99	0.00000E+00	0.00000E+00
2000	100	0.00000E+00	0.00000E+00
2000	101	0.00000E+00	0.00000E+00
2000	102	0.00000E+00	0.00000E+00
2000	103	0.00000E+00	0.00000E+00
2000	104	0.00000E+00	0.00000E+00
2000	105	0.00000E+00	0.00000E+00
2000	106	0.00000E+00	0.00000E+00
2000	107	0.00000E+00	0.00000E+00
2000	108	0.00000E+00	0.00000E+00
2000	109	0.00000E+00	0.00000E+00
2000	110	0.00000E+00	0.00000E+00
2000	111	0.00000E+00	0.00000E+00
2000	112	0.00000E+00	0.00000E+00
2000	113	0.00000E+00	0.00000E+00
2000	114	0.00000E+00	0.00000E+00
2000	115	0.00000E+00	0.00000E+00
2000	116	0.00000E+00	0.00000E+00
2000	117	0.00000E+00	0.00000E+00
2000	118	0.00000E+00	0.00000E+00
2000	119	0.00000E+00	0.00000E+00
2000	120	0.00000E+00	0.00000E+00
2000	121	0.00000E+00	0.00000E+00
2000	122	0.00000E+00	0.00000E+00
2000	123	0.00000E+00	0.00000E+00
2000	124	0.00000E+00	0.00000E+00
2000	125	0.00000E+00	0.00000E+00
2000	126	0.00000E+00	0.00000E+00
2000	127	0.00000E+00	0.00000E+00
2000	128	0.00000E+00	0.00000E+00
2000	129	0.00000E+00	0.00000E+00
2000	130	0.00000E+00	0.00000E+00
2000	131	0.00000E+00	0.00000E+00
2000	132	0.00000E+00	0.00000E+00
2000	133	0.00000E+00	0.00000E+00
2000	134	0.00000E+00	0.00000E+00
2000	135	0.00000E+00	0.00000E+00
2000	136	0.00000E+00	0.00000E+00
2000	137	0.00000E+00	0.00000E+00
2000	138	0.00000E+00	0.00000E+00
2000	139	0.00000E+00	0.00000E+00
2000	140	0.00000E+00	0.00000E+00
2000	141	0.00000E+00	0.00000E+00
2000	142	0.00000E+00	0.00000E+00
2000	143	0.00000E+00	0.00000E+00
2000	144	0.00000E+00	0.00000E+00
2000	145	0.00000E+00	0.00000E+00
2000	146	0.00000E+00	0.00000E+00
2000	147	0.00000E+00	0.00000E+00
2000	148	0.00000E+00	0.00000E+00
2000	149	0.00000E+00	0.00000E+00
2000	150	0.00000E+00	0.00000E+00
2000	151	0.00000E+00	0.00000E+00
2000	152	0.00000E+00	0.00000E+00
2000	153	0.00000E+00	0.00000E+00
2000	154	0.00000E+00	0.00000E+00
2000	155	0.00000E+00	0.00000E+00
2000	156	0.00000E+00	0.00000E+00
2000	157	0.00000E+00	0.00000E+00
2000	158	0.00000E+00	0.00000E+00
2000	159	0.00000E+00	0.00000E+00
2000	160	0.00000E+00	0.00000E+00
2000	161	0.00000E+00	0.00000E+00
2000	162	0.00000E+00	0.00000E+00
2000	163	0.00000E+00	0.00000E+00
2000	164	0.00000E+00	0.00000E+00
2000	165	0.00000E+00	0.00000E+00
2000	166	0.00000E+00	0.00000E+00
2000	167	0.00000E+00	0.00000E+00
2000	168	0.00000E+00	0.00000E+00
2000	169	0.00000E+00	0.00000E+00
2000	170	0.00000E+00	0.00000E+00
2000	171	0.00000E+00	0.00000E+00
2000	172	0.00000E+00	0.00000E+00
2000	173	0.00000E+00	0.00000E+00
2000	174	0.00000E+00	0.00000E+00
2000	175	0.00000E+00	0.00000E+00
2000	176	0.00000E+00	0.00000E+00
2000	177	0.00000E+00	0.00000E+00
2000	178	0.00000E+00	0.00000E+00
2000	179	0.00000E+00	0.00000E+00
2000	180	0.00000E+00	0.00000E+00
2000	181	0.00000E+00	0.00000E+00
2000	182	0.00000E+00	0.00000E+00
2000	183	0.00000E+00	0.00000E+00
2000	184	0.00000E+00	0.00000E+00
2000	185	0.00000E+00	0.00000E+00
2000	186	0.00000E+00	0.00000E+00
2000	187	0.00000E+00	0.00000E+00
2000	188	0.00000E+00	0.00000E+00
2000	189	0.00000E+00	0.00000E+00
2000	190	0.00000E+00	0.00000E+00
2000	191	0.00000E+00	0.00000E+00
2000	192	0.00000E+00	0.00000E+00
2000	193	0.00000E+00	0.00000E+00
2000	194	0.00000E+00	0.00000E+00
2000	195	0.00000E+00	0.00000E+00
2000	196	0.00000E+00	0.00000E+00
2000	197	0.00000E+00	0.00000E+00
2000	198	0.00000E+00	0.00000E+00
2000	199	0.00000E+00	0.00000E+00
2000	200	0.00000E+00	0.00000E+00
2000	201	0.00000E+00	0.00000E+00
2000	202	0.00000E+00	0.00000E+00
2000	203	0.00000E+00	0.00000E+00
2000	204	0.00000E+00	0.00000E+00
2000	205	0.00000E+00	0.00000E+00
2000	206	0.00000E+00	0.00000E+00
2000	207	0.00000E+00	0.00000E+00
2000	208	0.00000E+00	0.00000E+00
2000	209	0.00000E+00	0.00000E+00
2000	210	0.00000E+00	0.00000E+00
2000	211	0.00000E+00	0.00000E+00
2000	212	0.00000E+00	0.00000E+00
2000	213	0.00000E+00	0.00000E+00
2000	214	0.00000E+00	0.00000E+00
2000	215	0.00000E+00	0.00000E+00
2000	216	0.00000E+00	0.00000E+00
2000	217	0.00000E+00	0.00000E+00
2000	218	0.00000E+00	0.00000E+00
2000	219	0.00000E+00	0.00000E+00
2000	220	0.00000E+00	0.00000E+00
2000	221	0.00000E+00	0.00000E+00
2000	222	0.00000E+00	0.00000E+00
2000	223	0.00000E+00	0.00000E+00
2000	224	0.00000E+00	0.00000E+00
2000	225	0.00000E+00	0.00000E+00
2000	226	0.00000E+00	0.00000E+00
2000	227	0.00000E+00	0.00000E+00
2000	228	0.00000E+00	0.00000E+00
2000	229	0.00000E+00	0.00000E+00
2000	230	0.00000E+00	0.00000E+00
2000	231	0.00000E+00	0.00000E+00
2000	232	0.00000E+00	0.00000E+00
2000	233	0.00000E+00	0.00000E+00
2000	234	0.00000E+00	0.00000E+00
2000	235	0.00000E+00	0.00000E+00
2000	236	0.00000E+00	0.00000E+00
2000	237	0.00000E+00	0.00000E+00
2000	238	0.00000E+00	0.00000E+00
2000	239	0.00000E+00	0.00000E+00
2000	240	0.00000E+00	0.00000E+00
2000	241	0.00000E+00	0.00000E+00
2000	242	0.00000E+00	0.00000E+00
2000	243	0.00000E+00	0.00000E+00
2000	244	0.00000E+00	0.00000E+00
2000	245	0.00000E+00	0.00000E+00
2000	246	0.00000E+00	0.00000E+00
2000	247	0.00000E+00	0.00000E+00
2000	248	0.00000E+00	0.00000E+00
2000	249	0.00000E+00	0.00000E+00
2000	250	0.00000E+00	0.00000E+00
2000	251	0.00000E+00	0.00000E+00
2000	252	0.00000E+00	0.00000E+00
2000	253	0.00000E+00	0.00000E+00
2000	254	0.00000E+00	0.00000E+00
2000	255	0.00000E+00	0.00000E+00
2000	256	0.00000E+00	0.00000E+00
2000	257	0.00000E+00	0.00000E+00
2000	258	0.00000E+00	0.00000E+00
2000	259	0.00000E+00	0.00000E+00
2000	260	0.00000E+00	0.00000E+00
2000	261	0.00000E+00	0.00000E+00
2000	262	0.00000E+00	0.00000E+00
2000	263	0.00000E+00	0.00000E+00
2000	264	0.00000E+00	0.00000E+00
2000	265	0.00000E+00	0.00000E+00
2000	266	0.00000E+00	0.00000E+00
2000	267	0.00000E+00	0.00000E+00
2000	268	0.00000E+00	0.00000E+00
2000	269	0.00000E+00	0.00000E+00
2000	270	0.00000E+00	0.00000E+00
2000	271	0.00000E+00	0.00000E+00
2000	272	0.00000E+00	0.00000E+00
2000	273	0.00000E+00	0.00000E+00
2000	274	0.00000E+00	0.00000E+00
2000	275	0.00000E+00	0.00000E+00
2000	276	0.00000E+00	0.00000E+00
2000	277	0.00000E+00	0.00000E+00
2000	278	0.00000E+00	0.00000E+00
2000	279	0.00000E+00	0.00000E+00
2000	280	0.00000E+00	0.00000E+00
2000	281	0.00000E+00	0.00000E+00
2000	282	0.00000E+00	0.00000E+00
2000	283	0.00000E+00	0.00000E+00
2000	284	0.00000E+00	0.00000E+00
2000	285	0.00000E+00	0.00000E+00
2000	286	0.00000E+00	0.00000E+00
2000	287	0.00000E+00	0.00000E+00
2000	288	0.00000E+00	0.00000E+00
2000	289	0.00000E+00	0.00000E+00
2000	290	0.00000E+00	0.00000E+00
2000	291	0.00000E+00	0.00000E+00
2000	292	0.00000E+00	0.00000E+00
2000	293	0.00000E+00	0.00000E+00
2000	294	0.00000E+00	0.00000E+00
2000	295	0.00000E+00	0.00000E+00
2000	296	0.00000E+00	0.00000E+00
2000	297	0.00000E+00	0.00000E+00
2000	298	0.00000E+00	0.00000E+00
2000	299	0.00000E+00	0.00000E+00
2000	300	0.00000E+00	0.00000E+00
2000	301	0.00000E+00	0.00000E+00
2000	302	0.00000E+00	0.00000E+00
2000	303	0.00000E+00	0.00000E+00
2000	304	0.00000E+00	0.00000E+00
2000	305	0.00000E+00	0.00000E+00
2000	306	0.00000E+00	0.00000E+00
2000	307	0.00000E+00	0.00000E+00
2000	308	0.00000E+00	0.00000E+00
2000	309	0.00000E+00	0.00000E+00
2000	310	0.00000E+00	0.69894E+07
2000	311	0.00000E+00	0.00000E+00
2000	312	0.00000E+00	0.00000E+00
2000	313	0.00000E+00	0.00000E+00
2000	314	0.00000E+00	0.00000E+00
2000	315	0.00000E+00	0.00000E+00
2000	316	0.00000E+00	0.00000E+00
2000	317	0.00000E+00	0.00000E+00
2000	318	0.00000E+00	0.00000E+00
2000	319	0.00000E+00	0.00000E+00
2000	320	0.00000E+00	0.00000E+00
2000	321	0.00000E+00	0.00000E+00
2000	322	0.00000E+00	0.00000E+00
2000	323	0.00000E+00	0.00000E+00
2000	324	0.00000E+00	0.00000E+00
2000	325	0.00000E+00	0.00000E+00
2000	326	0.00000E+00	0.00000E+00
2000	327	0.00000E+00	0.00000E+00
2000	328	0.00000E+00	0.00000E+00
2000	329	0.00000E+00	0.00000E+00
2000	330	0.00000E+00	0.00000E+00
2000	331	0.00000E+00	0.00000E+00
2000	332	0.00000E+00	0.00000E+00
2000	333	0.00000E+00	0.00000E+00
2000	334	0.00000E+00	0.00000E+00
2000	335	0.00000E+00	0.00000E+00
2000	336	0.00000E+00	0.00000E+00
2000	337	0.00000E+00	0.00000E+00
2000	338	0.00000E+00	0.00000E+00
2000	339	0.00000E+00	0.00000E+00
2000	340	0.00000E+00	0.33278E+06
2000	341	0.00000E+00	0.00000E+00
2000	342	0.00000E+00	0.00000E+00
2000	343	0.00000E+00	0.00000E+00
2000	344	0.00000E+00	0.00000E+00
2000	345	0.00000E+00	0.00000E+00
2000	346	0.30836E+07	0.33631E+07
2000	347	0.00000E+00	0.00000E+00
2000	348	0.00000E+00	0.00000E+00
2000	349	0.00000E+00	0.00000E+00
2000	350	0.00000E+00	0.00000E+00
2000	351	0.00000E+00	0.00000E+00
2000	352	0.00000E+00	0.00000E+00
2000	353	0.00000E+00	0.00000E+00
2000	354	0.00000E+00	0.00000E+00
2000	355	0.00000E+00	0.00000E+00
2000	356	0.00000E+00	0.00000E+00
2000	357	0.00000E+00	0.00000E+00
2000	358	0.00000E+00	0.00000E+00
2000	359	0.00000E+00	0.00000E+00
2000	360	0.00000E+00	0.00000E+00
2000	361	0.00000E+00	0.00000E+00
2000	362	0.00000E+00	0.00000E+00
2000	363	0.00000E+00	0.00000E+00
2000	364	0.00000E+00	0.00000E+00
2000	365	0.00000E+00	0.00000E+00
2000	366	0.00000E+00	0.00000E+00
