groundwater discharge [m**3/timestep] for all sub-basins (MAP-IDs)
Year	Day	Timestep	15	69
2000	1	1	0.81286E+05	0.36232E+05
2000	2	1	0.18661E+06	0.85630E+05
2000	3	1	0.30235E+06	0.13999E+06
2000	4	1	0.42937E+06	0.20094E+06
2000	5	1	0.55009E+06	0.25922E+06
2000	6	1	0.66460E+06	0.31437E+06
2000	7	1	0.77309E+06	0.36628E+06
2000	8	1	0.87562E+06	0.41543E+06
2000	9	1	0.97226E+06	0.46184E+06
2000	10	1	0.10643E+07	0.50592E+06
2000	11	1	0.11517E+07	0.54719E+06
2000	12	1	0.12332E+07	0.58601E+06
2000	13	1	0.13086E+07	0.62238E+06
2000	14	1	0.13783E+07	0.65631E+06
2000	15	1	0.14425E+07	0.68785E+06
2000	16	1	0.15018E+07	0.71730E+06
2000	17	1	0.15577E+07	0.74518E+06
2000	18	1	0.16137E+07	0.77167E+06
2000	19	1	0.16707E+07	0.79833E+06
2000	20	1	0.17438E+07	0.83726E+06
2000	21	1	0.18347E+07	0.88853E+06
2000	22	1	0.19493E+07	0.95441E+06
2000	23	1	0.20734E+07	0.10363E+07
2000	24	1	0.22117E+07	0.11279E+07
2000	25	1	0.23627E+07	0.12332E+07
2000	26	1	0.25046E+07	0.13364E+07
2000	27	1	0.26461E+07	0.14403E+07
2000	28	1	0.27816E+07	0.15405E+07
2000	29	1	0.29310E+07	0.16454E+07
2000	30	1	0.31050E+07	0.17448E+07
2000	31	1	0.32792E+07	0.18381E+07
2000	32	1	0.34411E+07	0.19248E+07
2000	33	1	0.36428E+07	0.20146E+07
2000	34	1	0.38507E+07	0.21079E+07
2000	35	1	0.40439E+07	0.22050E+07
2000	36	1	0.42727E+07	0.23224E+07
2000	37	1	0.45246E+07	0.24573E+07
2000	38	1	0.47812E+07	0.26140E+07
2000	39	1	0.50526E+07	0.27623E+07
2000	40	1	0.53304E+07	0.29015E+07
2000	41	1	0.55848E+07	0.30312E+07
2000	42	1	0.58183E+07	0.31521E+07
2000	43	1	0.60322E+07	0.32638E+07
2000	44	1	0.62285E+07	0.33670E+07
2000	45	1	0.64086E+07	0.34615E+07
2000	46	1	0.65737E+07	0.35482E+07
2000	47	1	0.67251E+07	0.36275E+07
2000	48	1	0.68659E+07	0.37015E+07
2000	49	1	0.70243E+07	0.37821E+07
2000	50	1	0.71960E+07	0.38840E+07
2000	51	1	0.73558E+07	0.39797E+07
2000	52	1	0.75045E+07	0.40684E+07
2000	53	1	0.76415E+07	0.41493E+07
2000	54	1	0.77674E+07	0.42232E+07
2000	55	1	0.78821E+07	0.42909E+07
2000	56	1	0.79855E+07	0.43531E+07
2000	57	1	0.80803E+07	0.44100E+07
2000	58	1	0.81667E+07	0.44623E+07
2000	59	1	0.82586E+07	0.45176E+07
2000	60	1	0.83779E+07	0.45844E+07
2000	61	1	0.85103E+07	0.46658E+07
2000	62	1	0.86650E+07	0.47429E+07
2000	63	1	0.88171E+07	0.48157E+07
2000	64	1	0.89581E+07	0.48841E+07
2000	65	1	0.90882E+07	0.49470E+07
2000	66	1	0.92073E+07	0.50041E+07
2000	67	1	0.93159E+07	0.50559E+07
2000	68	1	0.94135E+07	0.51028E+07
2000	69	1	0.95091E+07	0.51468E+07
2000	70	1	0.96418E+07	0.51960E+07
2000	71	1	0.98039E+07	0.52654E+07
2000	72	1	0.10004E+08	0.53646E+07
2000	73	1	0.10230E+08	0.54993E+07
2000	74	1	0.10488E+08	0.56575E+07
2000	75	1	0.10797E+08	0.58510E+07
2000	76	1	0.11194E+08	0.60838E+07
2000	77	1	0.11597E+08	0.62989E+07
2000	78	1	0.11959E+08	0.64959E+07
2000	79	1	0.12283E+08	0.66727E+07
2000	80	1	0.12575E+08	0.68328E+07
2000	81	1	0.12839E+08	0.69794E+07
2000	82	1	0.13075E+08	0.71142E+07
2000	83	1	0.13291E+08	0.72371E+07
2000	84	1	0.13488E+08	0.73489E+07
2000	85	1	0.13665E+08	0.74503E+07
2000	86	1	0.13823E+08	0.75421E+07
2000	87	1	0.13964E+08	0.76253E+07
2000	88	1	0.14091E+08	0.76999E+07
2000	89	1	0.14205E+08	0.77673E+07
2000	90	1	0.14308E+08	0.78285E+07
2000	91	1	0.14400E+08	0.78835E+07
2000	92	1	0.14483E+08	0.79324E+07
2000	93	1	0.14555E+08	0.79759E+07
2000	94	1	0.14619E+08	0.80148E+07
2000	95	1	0.14676E+08	0.80500E+07
2000	96	1	0.14727E+08	0.80821E+07
2000	97	1	0.14772E+08	0.81112E+07
2000	98	1	0.14811E+08	0.81376E+07
2000	99	1	0.14845E+08	0.81611E+07
2000	100	1	0.14873E+08	0.81816E+07
2000	101	1	0.14896E+08	0.81991E+07
2000	102	1	0.14915E+08	0.82141E+07
2000	103	1	0.14931E+08	0.82264E+07
2000	104	1	0.14943E+08	0.82365E+07
2000	105	1	0.14952E+08	0.82439E+07
2000	106	1	0.14957E+08	0.82488E+07
2000	107	1	0.14958E+08	0.82514E+07
2000	108	1	0.14957E+08	0.82520E+07
2000	109	1	0.14953E+08	0.82505E+07
2000	110	1	0.14946E+08	0.82470E+07
2000	111	1	0.14943E+08	0.82418E+07
2000	112	1	0.14938E+08	0.82351E+07
2000	113	1	0.14930E+08	0.82270E+07
2000	114	1	0.14918E+08	0.82176E+07
2000	115	1	0.14904E+08	0.82072E+07
2000	116	1	0.14887E+08	0.81953E+07
2000	117	1	0.14866E+08	0.81817E+07
2000	118	1	0.14842E+08	0.81668E+07
2000	119	1	0.14816E+08	0.81507E+07
2000	120	1	0.14788E+08	0.81337E+07
2000	121	1	0.14758E+08	0.81156E+07
2000	122	1	0.14726E+08	0.80966E+07
2000	123	1	0.14692E+08	0.80767E+07
2000	124	1	0.14657E+08	0.80560E+07
2000	125	1	0.14619E+08	0.80342E+07
2000	126	1	0.14579E+08	0.80116E+07
2000	127	1	0.14538E+08	0.79881E+07
2000	128	1	0.14495E+08	0.79635E+07
2000	129	1	0.14450E+08	0.79379E+07
2000	130	1	0.14403E+08	0.79114E+07
2000	131	1	0.14354E+08	0.78841E+07
2000	132	1	0.14305E+08	0.78563E+07
2000	133	1	0.14254E+08	0.78278E+07
2000	134	1	0.14202E+08	0.77988E+07
2000	135	1	0.14149E+08	0.77692E+07
2000	136	1	0.14095E+08	0.77391E+07
2000	137	1	0.14040E+08	0.77084E+07
2000	138	1	0.13984E+08	0.76772E+07
2000	139	1	0.13927E+08	0.76454E+07
2000	140	1	0.13869E+08	0.76131E+07
2000	141	1	0.13810E+08	0.75806E+07
2000	142	1	0.13751E+08	0.75478E+07
2000	143	1	0.13692E+08	0.75148E+07
2000	144	1	0.13632E+08	0.74818E+07
2000	145	1	0.13572E+08	0.74484E+07
2000	146	1	0.13511E+08	0.74150E+07
2000	147	1	0.13450E+08	0.73813E+07
2000	148	1	0.13388E+08	0.73474E+07
2000	149	1	0.13325E+08	0.73132E+07
2000	150	1	0.13263E+08	0.72787E+07
2000	151	1	0.13199E+08	0.72441E+07
2000	152	1	0.13136E+08	0.72093E+07
2000	153	1	0.13072E+08	0.71744E+07
2000	154	1	0.13008E+08	0.71392E+07
2000	155	1	0.12943E+08	0.71039E+07
2000	156	1	0.12879E+08	0.70686E+07
2000	157	1	0.12814E+08	0.70333E+07
2000	158	1	0.12749E+08	0.69979E+07
2000	159	1	0.12685E+08	0.69625E+07
2000	160	1	0.12620E+08	0.69272E+07
2000	161	1	0.12555E+08	0.68919E+07
2000	162	1	0.12491E+08	0.68566E+07
2000	163	1	0.12426E+08	0.68212E+07
2000	164	1	0.12361E+08	0.67859E+07
2000	165	1	0.12296E+08	0.67506E+07
2000	166	1	0.12231E+08	0.67153E+07
2000	167	1	0.12167E+08	0.66800E+07
2000	168	1	0.12102E+08	0.66447E+07
2000	169	1	0.12037E+08	0.66095E+07
2000	170	1	0.11972E+08	0.65743E+07
2000	171	1	0.11908E+08	0.65391E+07
2000	172	1	0.11843E+08	0.65040E+07
2000	173	1	0.11779E+08	0.64689E+07
2000	174	1	0.11714E+08	0.64337E+07
2000	175	1	0.11650E+08	0.63983E+07
2000	176	1	0.11586E+08	0.63631E+07
2000	177	1	0.11522E+08	0.63279E+07
2000	178	1	0.11458E+08	0.62927E+07
2000	179	1	0.11394E+08	0.62577E+07
2000	180	1	0.11330E+08	0.62227E+07
2000	181	1	0.11267E+08	0.61879E+07
2000	182	1	0.11203E+08	0.61532E+07
2000	183	1	0.11140E+08	0.61185E+07
2000	184	1	0.11077E+08	0.60840E+07
2000	185	1	0.11014E+08	0.60496E+07
2000	186	1	0.10951E+08	0.60153E+07
2000	187	1	0.10889E+08	0.59812E+07
2000	188	1	0.10827E+08	0.59472E+07
2000	189	1	0.10765E+08	0.59133E+07
2000	190	1	0.10703E+08	0.58796E+07
2000	191	1	0.10642E+08	0.58461E+07
2000	192	1	0.10581E+08	0.58127E+07
2000	193	1	0.10520E+08	0.57794E+07
2000	194	1	0.10459E+08	0.57462E+07
2000	195	1	0.10398E+08	0.57131E+07
2000	196	1	0.10338E+08	0.56803E+07
2000	197	1	0.10278E+08	0.56475E+07
2000	198	1	0.10218E+08	0.56149E+07
2000	199	1	0.10159E+08	0.55824E+07
2000	200	1	0.10100E+08	0.55501E+07
2000	201	1	0.10041E+08	0.55178E+07
2000	202	1	0.99818E+07	0.54858E+07
2000	203	1	0.99232E+07	0.54538E+07
2000	204	1	0.98648E+07	0.54220E+07
2000	205	1	0.98067E+07	0.53903E+07
2000	206	1	0.97488E+07	0.53587E+07
2000	207	1	0.96912E+07	0.53273E+07
2000	208	1	0.96336E+07	0.52961E+07
2000	209	1	0.95762E+07	0.52650E+07
2000	210	1	0.95192E+07	0.52340E+07
2000	211	1	0.94624E+07	0.52032E+07
2000	212	1	0.94059E+07	0.51726E+07
2000	213	1	0.93497E+07	0.51421E+07
2000	214	1	0.92938E+07	0.51117E+07
2000	215	1	0.92382E+07	0.50815E+07
2000	216	1	0.91828E+07	0.50515E+07
2000	217	1	0.91278E+07	0.50216E+07
2000	218	1	0.90731E+07	0.49918E+07
2000	219	1	0.90186E+07	0.49622E+07
2000	220	1	0.89645E+07	0.49328E+07
2000	221	1	0.89106E+07	0.49035E+07
2000	222	1	0.88570E+07	0.48744E+07
2000	223	1	0.88037E+07	0.48454E+07
2000	224	1	0.87508E+07	0.48166E+07
2000	225	1	0.86981E+07	0.47879E+07
2000	226	1	0.86457E+07	0.47594E+07
2000	227	1	0.85936E+07	0.47310E+07
2000	228	1	0.85418E+07	0.47028E+07
2000	229	1	0.84903E+07	0.46748E+07
2000	230	1	0.84391E+07	0.46469E+07
2000	231	1	0.83882E+07	0.46192E+07
2000	232	1	0.83376E+07	0.45916E+07
2000	233	1	0.82873E+07	0.45642E+07
2000	234	1	0.82373E+07	0.45369E+07
2000	235	1	0.81875E+07	0.45098E+07
2000	236	1	0.81381E+07	0.44828E+07
2000	237	1	0.80889E+07	0.44560E+07
2000	238	1	0.80400E+07	0.44294E+07
2000	239	1	0.79914E+07	0.44028E+07
2000	240	1	0.79430E+07	0.43765E+07
2000	241	1	0.78949E+07	0.43502E+07
2000	242	1	0.78471E+07	0.43241E+07
2000	243	1	0.77996E+07	0.42981E+07
2000	244	1	0.77523E+07	0.42723E+07
2000	245	1	0.77053E+07	0.42466E+07
2000	246	1	0.76586E+07	0.42211E+07
2000	247	1	0.76121E+07	0.41957E+07
2000	248	1	0.75659E+07	0.41704E+07
2000	249	1	0.75200E+07	0.41453E+07
2000	250	1	0.74743E+07	0.41203E+07
2000	251	1	0.74294E+07	0.40955E+07
2000	252	1	0.73849E+07	0.40708E+07
2000	253	1	0.73407E+07	0.40463E+07
2000	254	1	0.72968E+07	0.40219E+07
2000	255	1	0.72531E+07	0.39976E+07
2000	256	1	0.72096E+07	0.39735E+07
2000	257	1	0.71663E+07	0.39494E+07
2000	258	1	0.71232E+07	0.39256E+07
2000	259	1	0.70804E+07	0.39018E+07
2000	260	1	0.70378E+07	0.38782E+07
2000	261	1	0.69954E+07	0.38546E+07
2000	262	1	0.69532E+07	0.38312E+07
2000	263	1	0.69113E+07	0.38077E+07
2000	264	1	0.68696E+07	0.37842E+07
2000	265	1	0.68280E+07	0.37608E+07
2000	266	1	0.67867E+07	0.37376E+07
2000	267	1	0.67456E+07	0.37145E+07
2000	268	1	0.67047E+07	0.36915E+07
2000	269	1	0.66640E+07	0.36687E+07
2000	270	1	0.66236E+07	0.36460E+07
2000	271	1	0.65833E+07	0.36234E+07
2000	272	1	0.65433E+07	0.36010E+07
2000	273	1	0.65036E+07	0.35787E+07
2000	274	1	0.64640E+07	0.35565E+07
2000	275	1	0.64246E+07	0.35345E+07
2000	276	1	0.63855E+07	0.35126E+07
2000	277	1	0.63465E+07	0.34908E+07
2000	278	1	0.63078E+07	0.34692E+07
2000	279	1	0.62693E+07	0.34477E+07
2000	280	1	0.62311E+07	0.34263E+07
2000	281	1	0.61932E+07	0.34051E+07
2000	282	1	0.61555E+07	0.33839E+07
2000	283	1	0.61181E+07	0.33629E+07
2000	284	1	0.60808E+07	0.33418E+07
2000	285	1	0.60438E+07	0.33209E+07
2000	286	1	0.60069E+07	0.33001E+07
2000	287	1	0.59702E+07	0.32795E+07
2000	288	1	0.59337E+07	0.32590E+07
2000	289	1	0.58974E+07	0.32386E+07
2000	290	1	0.58612E+07	0.32183E+07
2000	291	1	0.58250E+07	0.31982E+07
2000	292	1	0.57889E+07	0.31782E+07
2000	293	1	0.57531E+07	0.31583E+07
2000	294	1	0.57174E+07	0.31386E+07
2000	295	1	0.56820E+07	0.31190E+07
2000	296	1	0.56468E+07	0.30995E+07
2000	297	1	0.56118E+07	0.30801E+07
2000	298	1	0.55770E+07	0.30609E+07
2000	299	1	0.55424E+07	0.30418E+07
2000	300	1	0.55080E+07	0.30228E+07
2000	301	1	0.54739E+07	0.30039E+07
2000	302	1	0.54399E+07	0.29851E+07
2000	303	1	0.54062E+07	0.29665E+07
2000	304	1	0.53727E+07	0.29480E+07
2000	305	1	0.53395E+07	0.29296E+07
2000	306	1	0.53065E+07	0.29113E+07
2000	307	1	0.52737E+07	0.28932E+07
2000	308	1	0.52411E+07	0.28751E+07
2000	309	1	0.52088E+07	0.28572E+07
2000	310	1	0.51773E+07	0.28394E+07
2000	311	1	0.51464E+07	0.28219E+07
2000	312	1	0.51160E+07	0.28047E+07
2000	313	1	0.50863E+07	0.27882E+07
2000	314	1	0.50568E+07	0.27718E+07
2000	315	1	0.50275E+07	0.27554E+07
2000	316	1	0.49985E+07	0.27393E+07
2000	317	1	0.49697E+07	0.27232E+07
2000	318	1	0.49412E+07	0.27076E+07
2000	319	1	0.49134E+07	0.26921E+07
2000	320	1	0.48869E+07	0.26771E+07
2000	321	1	0.48623E+07	0.26630E+07
2000	322	1	0.48384E+07	0.26489E+07
2000	323	1	0.48145E+07	0.26349E+07
2000	324	1	0.47905E+07	0.26208E+07
2000	325	1	0.47666E+07	0.26067E+07
2000	326	1	0.47426E+07	0.25926E+07
2000	327	1	0.47186E+07	0.25785E+07
2000	328	1	0.46946E+07	0.25645E+07
2000	329	1	0.46705E+07	0.25504E+07
2000	330	1	0.46464E+07	0.25363E+07
2000	331	1	0.46223E+07	0.25223E+07
2000	332	1	0.45994E+07	0.25083E+07
2000	333	1	0.45778E+07	0.24945E+07
2000	334	1	0.45563E+07	0.24806E+07
2000	335	1	0.45350E+07	0.24668E+07
2000	336	1	0.45141E+07	0.24531E+07
2000	337	1	0.44944E+07	0.24396E+07
2000	338	1	0.44760E+07	0.24268E+07
2000	339	1	0.44593E+07	0.24144E+07
2000	340	1	0.44454E+07	0.24034E+07
2000	341	1	0.44331E+07	0.23930E+07
2000	342	1	0.44256E+07	0.23838E+07
2000	343	1	0.44206E+07	0.23747E+07
2000	344	1	0.44156E+07	0.23655E+07
2000	345	1	0.44123E+07	0.23564E+07
2000	346	1	0.44186E+07	0.23505E+07
2000	347	1	0.44285E+07	0.23470E+07
2000	348	1	0.44413E+07	0.23455E+07
2000	349	1	0.44600E+07	0.23455E+07
2000	350	1	0.44852E+07	0.23483E+07
2000	351	1	0.45135E+07	0.23533E+07
2000	352	1	0.45446E+07	0.23623E+07
2000	353	1	0.45777E+07	0.23738E+07
2000	354	1	0.46203E+07	0.23875E+07
2000	355	1	0.46669E+07	0.24027E+07
2000	356	1	0.47194E+07	0.24209E+07
2000	357	1	0.47748E+07	0.24415E+07
2000	358	1	0.48271E+07	0.24607E+07
2000	359	1	0.48758E+07	0.24783E+07
2000	360	1	0.49210E+07	0.24942E+07
2000	361	1	0.49621E+07	0.25084E+07
2000	362	1	0.49990E+07	0.25212E+07
2000	363	1	0.50318E+07	0.25325E+07
2000	364	1	0.50607E+07	0.25425E+07
2000	365	1	0.50870E+07	0.25516E+07
2000	366	1	0.51250E+07	0.25661E+07
