total subsurface runoff (groundwater+interflow) [m**3/timestep] for all sub-basins (MAP-IDs)
Year	Day	Timestep	15	69
2000	1	1	0.84933E+05	0.38756E+05
2000	2	1	0.19065E+06	0.88612E+05
2000	3	1	0.30651E+06	0.14310E+06
2000	4	1	0.43368E+06	0.20425E+06
2000	5	1	0.55374E+06	0.26171E+06
2000	6	1	0.66813E+06	0.31678E+06
2000	7	1	0.77646E+06	0.36862E+06
2000	8	1	0.87892E+06	0.41770E+06
2000	9	1	0.97551E+06	0.46403E+06
2000	10	1	0.10675E+07	0.50804E+06
2000	11	1	0.11548E+07	0.54924E+06
2000	12	1	0.12362E+07	0.58798E+06
2000	13	1	0.13115E+07	0.62427E+06
2000	14	1	0.13811E+07	0.65812E+06
2000	15	1	0.14453E+07	0.68957E+06
2000	16	1	0.15045E+07	0.71894E+06
2000	17	1	0.15604E+07	0.74676E+06
2000	18	1	0.16168E+07	0.77338E+06
2000	19	1	0.16739E+07	0.80041E+06
2000	20	1	0.17475E+07	0.84003E+06
2000	21	1	0.18387E+07	0.89171E+06
2000	22	1	0.19535E+07	0.95794E+06
2000	23	1	0.20778E+07	0.10401E+07
2000	24	1	0.22162E+07	0.11320E+07
2000	25	1	0.23674E+07	0.12374E+07
2000	26	1	0.25084E+07	0.13404E+07
2000	27	1	0.26506E+07	0.14444E+07
2000	28	1	0.27858E+07	0.15443E+07
2000	29	1	0.29356E+07	0.16496E+07
2000	30	1	0.31098E+07	0.17483E+07
2000	31	1	0.32841E+07	0.18414E+07
2000	32	1	0.34453E+07	0.19280E+07
2000	33	1	0.36479E+07	0.20186E+07
2000	34	1	0.38557E+07	0.21119E+07
2000	35	1	0.40485E+07	0.22091E+07
2000	36	1	0.42779E+07	0.23268E+07
2000	37	1	0.45299E+07	0.24619E+07
2000	38	1	0.47866E+07	0.26188E+07
2000	39	1	0.50582E+07	0.27666E+07
2000	40	1	0.53362E+07	0.29055E+07
2000	41	1	0.55900E+07	0.30351E+07
2000	42	1	0.58233E+07	0.31559E+07
2000	43	1	0.60369E+07	0.32674E+07
2000	44	1	0.62332E+07	0.33706E+07
2000	45	1	0.64130E+07	0.34650E+07
2000	46	1	0.65779E+07	0.35515E+07
2000	47	1	0.67292E+07	0.36308E+07
2000	48	1	0.68702E+07	0.37048E+07
2000	49	1	0.70294E+07	0.37862E+07
2000	50	1	0.72014E+07	0.38884E+07
2000	51	1	0.73606E+07	0.39833E+07
2000	52	1	0.75092E+07	0.40718E+07
2000	53	1	0.76459E+07	0.41526E+07
2000	54	1	0.77716E+07	0.42265E+07
2000	55	1	0.78861E+07	0.42941E+07
2000	56	1	0.79893E+07	0.43562E+07
2000	57	1	0.80840E+07	0.44130E+07
2000	58	1	0.81703E+07	0.44652E+07
2000	59	1	0.82630E+07	0.45211E+07
2000	60	1	0.83832E+07	0.45883E+07
2000	61	1	0.85160E+07	0.46699E+07
2000	62	1	0.86713E+07	0.47463E+07
2000	63	1	0.88232E+07	0.48190E+07
2000	64	1	0.89638E+07	0.48873E+07
2000	65	1	0.90936E+07	0.49502E+07
2000	66	1	0.92124E+07	0.50072E+07
2000	67	1	0.93208E+07	0.50588E+07
2000	68	1	0.94183E+07	0.51056E+07
2000	69	1	0.95143E+07	0.51498E+07
2000	70	1	0.96484E+07	0.51997E+07
2000	71	1	0.98112E+07	0.52694E+07
2000	72	1	0.10012E+08	0.53690E+07
2000	73	1	0.10238E+08	0.55041E+07
2000	74	1	0.10497E+08	0.56627E+07
2000	75	1	0.10806E+08	0.58571E+07
2000	76	1	0.11205E+08	0.60907E+07
2000	77	1	0.11608E+08	0.63048E+07
2000	78	1	0.11969E+08	0.65016E+07
2000	79	1	0.12294E+08	0.66781E+07
2000	80	1	0.12585E+08	0.68381E+07
2000	81	1	0.12849E+08	0.69846E+07
2000	82	1	0.13085E+08	0.71191E+07
2000	83	1	0.13301E+08	0.72419E+07
2000	84	1	0.13497E+08	0.73535E+07
2000	85	1	0.13674E+08	0.74547E+07
2000	86	1	0.13832E+08	0.75463E+07
2000	87	1	0.13973E+08	0.76293E+07
2000	88	1	0.14100E+08	0.77037E+07
2000	89	1	0.14213E+08	0.77709E+07
2000	90	1	0.14315E+08	0.78320E+07
2000	91	1	0.14408E+08	0.78868E+07
2000	92	1	0.14490E+08	0.79356E+07
2000	93	1	0.14562E+08	0.79789E+07
2000	94	1	0.14626E+08	0.80178E+07
2000	95	1	0.14683E+08	0.80529E+07
2000	96	1	0.14734E+08	0.80849E+07
2000	97	1	0.14779E+08	0.81140E+07
2000	98	1	0.14818E+08	0.81403E+07
2000	99	1	0.14851E+08	0.81638E+07
2000	100	1	0.14879E+08	0.81842E+07
2000	101	1	0.14902E+08	0.82017E+07
2000	102	1	0.14921E+08	0.82166E+07
2000	103	1	0.14937E+08	0.82288E+07
2000	104	1	0.14949E+08	0.82389E+07
2000	105	1	0.14957E+08	0.82462E+07
2000	106	1	0.14962E+08	0.82510E+07
2000	107	1	0.14964E+08	0.82536E+07
2000	108	1	0.14962E+08	0.82541E+07
2000	109	1	0.14958E+08	0.82526E+07
2000	110	1	0.14951E+08	0.82490E+07
2000	111	1	0.14949E+08	0.82437E+07
2000	112	1	0.14943E+08	0.82370E+07
2000	113	1	0.14935E+08	0.82288E+07
2000	114	1	0.14923E+08	0.82194E+07
2000	115	1	0.14909E+08	0.82090E+07
2000	116	1	0.14891E+08	0.81970E+07
2000	117	1	0.14870E+08	0.81833E+07
2000	118	1	0.14847E+08	0.81683E+07
2000	119	1	0.14820E+08	0.81522E+07
2000	120	1	0.14792E+08	0.81351E+07
2000	121	1	0.14762E+08	0.81170E+07
2000	122	1	0.14730E+08	0.80980E+07
2000	123	1	0.14696E+08	0.80781E+07
2000	124	1	0.14660E+08	0.80572E+07
2000	125	1	0.14622E+08	0.80355E+07
2000	126	1	0.14582E+08	0.80128E+07
2000	127	1	0.14541E+08	0.79892E+07
2000	128	1	0.14497E+08	0.79645E+07
2000	129	1	0.14452E+08	0.79389E+07
2000	130	1	0.14405E+08	0.79123E+07
2000	131	1	0.14356E+08	0.78850E+07
2000	132	1	0.14307E+08	0.78571E+07
2000	133	1	0.14256E+08	0.78286E+07
2000	134	1	0.14204E+08	0.77995E+07
2000	135	1	0.14151E+08	0.77699E+07
2000	136	1	0.14097E+08	0.77397E+07
2000	137	1	0.14042E+08	0.77090E+07
2000	138	1	0.13985E+08	0.76777E+07
2000	139	1	0.13928E+08	0.76458E+07
2000	140	1	0.13870E+08	0.76135E+07
2000	141	1	0.13812E+08	0.75809E+07
2000	142	1	0.13752E+08	0.75481E+07
2000	143	1	0.13693E+08	0.75151E+07
2000	144	1	0.13633E+08	0.74820E+07
2000	145	1	0.13573E+08	0.74486E+07
2000	146	1	0.13512E+08	0.74152E+07
2000	147	1	0.13450E+08	0.73815E+07
2000	148	1	0.13389E+08	0.73475E+07
2000	149	1	0.13326E+08	0.73133E+07
2000	150	1	0.13263E+08	0.72788E+07
2000	151	1	0.13200E+08	0.72442E+07
2000	152	1	0.13136E+08	0.72094E+07
2000	153	1	0.13072E+08	0.71744E+07
2000	154	1	0.13008E+08	0.71392E+07
2000	155	1	0.12944E+08	0.71039E+07
2000	156	1	0.12879E+08	0.70686E+07
2000	157	1	0.12815E+08	0.70333E+07
2000	158	1	0.12750E+08	0.69979E+07
2000	159	1	0.12685E+08	0.69625E+07
2000	160	1	0.12620E+08	0.69272E+07
2000	161	1	0.12556E+08	0.68919E+07
2000	162	1	0.12491E+08	0.68566E+07
2000	163	1	0.12426E+08	0.68212E+07
2000	164	1	0.12361E+08	0.67859E+07
2000	165	1	0.12296E+08	0.67506E+07
2000	166	1	0.12231E+08	0.67153E+07
2000	167	1	0.12167E+08	0.66800E+07
2000	168	1	0.12102E+08	0.66447E+07
2000	169	1	0.12037E+08	0.66095E+07
2000	170	1	0.11972E+08	0.65743E+07
2000	171	1	0.11908E+08	0.65391E+07
2000	172	1	0.11843E+08	0.65040E+07
2000	173	1	0.11779E+08	0.64689E+07
2000	174	1	0.11714E+08	0.64337E+07
2000	175	1	0.11650E+08	0.63983E+07
2000	176	1	0.11586E+08	0.63631E+07
2000	177	1	0.11522E+08	0.63279E+07
2000	178	1	0.11458E+08	0.62927E+07
2000	179	1	0.11394E+08	0.62577E+07
2000	180	1	0.11330E+08	0.62227E+07
2000	181	1	0.11267E+08	0.61879E+07
2000	182	1	0.11203E+08	0.61532E+07
2000	183	1	0.11140E+08	0.61185E+07
2000	184	1	0.11077E+08	0.60840E+07
2000	185	1	0.11014E+08	0.60496E+07
2000	186	1	0.10951E+08	0.60153E+07
2000	187	1	0.10889E+08	0.59812E+07
2000	188	1	0.10827E+08	0.59472E+07
2000	189	1	0.10765E+08	0.59133E+07
2000	190	1	0.10703E+08	0.58796E+07
2000	191	1	0.10642E+08	0.58461E+07
2000	192	1	0.10581E+08	0.58127E+07
2000	193	1	0.10520E+08	0.57794E+07
2000	194	1	0.10459E+08	0.57462E+07
2000	195	1	0.10398E+08	0.57131E+07
2000	196	1	0.10338E+08	0.56803E+07
2000	197	1	0.10278E+08	0.56475E+07
2000	198	1	0.10218E+08	0.56149E+07
2000	199	1	0.10159E+08	0.55824E+07
2000	200	1	0.10100E+08	0.55501E+07
2000	201	1	0.10041E+08	0.55178E+07
2000	202	1	0.99818E+07	0.54858E+07
2000	203	1	0.99232E+07	0.54538E+07
2000	204	1	0.98648E+07	0.54220E+07
2000	205	1	0.98067E+07	0.53903E+07
2000	206	1	0.97488E+07	0.53587E+07
2000	207	1	0.96912E+07	0.53273E+07
2000	208	1	0.96336E+07	0.52961E+07
2000	209	1	0.95762E+07	0.52650E+07
2000	210	1	0.95192E+07	0.52340E+07
2000	211	1	0.94624E+07	0.52032E+07
2000	212	1	0.94059E+07	0.51726E+07
2000	213	1	0.93497E+07	0.51421E+07
2000	214	1	0.92938E+07	0.51117E+07
2000	215	1	0.92382E+07	0.50815E+07
2000	216	1	0.91828E+07	0.50515E+07
2000	217	1	0.91278E+07	0.50216E+07
2000	218	1	0.90731E+07	0.49918E+07
2000	219	1	0.90186E+07	0.49622E+07
2000	220	1	0.89645E+07	0.49328E+07
2000	221	1	0.89106E+07	0.49035E+07
2000	222	1	0.88570E+07	0.48744E+07
2000	223	1	0.88037E+07	0.48454E+07
2000	224	1	0.87508E+07	0.48166E+07
2000	225	1	0.86981E+07	0.47879E+07
2000	226	1	0.86457E+07	0.47594E+07
2000	227	1	0.85936E+07	0.47310E+07
2000	228	1	0.85418E+07	0.47028E+07
2000	229	1	0.84903E+07	0.46748E+07
2000	230	1	0.84391E+07	0.46469E+07
2000	231	1	0.83882E+07	0.46192E+07
2000	232	1	0.83376E+07	0.45916E+07
2000	233	1	0.82873E+07	0.45642E+07
2000	234	1	0.82373E+07	0.45369E+07
2000	235	1	0.81875E+07	0.45098E+07
2000	236	1	0.81381E+07	0.44828E+07
2000	237	1	0.80889E+07	0.44560E+07
2000	238	1	0.80400E+07	0.44294E+07
2000	239	1	0.79914E+07	0.44028E+07
2000	240	1	0.79430E+07	0.43765E+07
2000	241	1	0.78949E+07	0.43502E+07
2000	242	1	0.78471E+07	0.43241E+07
2000	243	1	0.77996E+07	0.42981E+07
2000	244	1	0.77523E+07	0.42723E+07
2000	245	1	0.77053E+07	0.42466E+07
2000	246	1	0.76586E+07	0.42211E+07
2000	247	1	0.76121E+07	0.41957E+07
2000	248	1	0.75659E+07	0.41704E+07
2000	249	1	0.75200E+07	0.41453E+07
2000	250	1	0.74743E+07	0.41203E+07
2000	251	1	0.74299E+07	0.40955E+07
2000	252	1	0.73856E+07	0.40708E+07
2000	253	1	0.73407E+07	0.40463E+07
2000	254	1	0.72968E+07	0.40219E+07
2000	255	1	0.72531E+07	0.39976E+07
2000	256	1	0.72096E+07	0.39735E+07
2000	257	1	0.71663E+07	0.39494E+07
2000	258	1	0.71232E+07	0.39256E+07
2000	259	1	0.70804E+07	0.39018E+07
2000	260	1	0.70378E+07	0.38782E+07
2000	261	1	0.69954E+07	0.38546E+07
2000	262	1	0.69532E+07	0.38312E+07
2000	263	1	0.69113E+07	0.38077E+07
2000	264	1	0.68696E+07	0.37842E+07
2000	265	1	0.68280E+07	0.37608E+07
2000	266	1	0.67867E+07	0.37376E+07
2000	267	1	0.67456E+07	0.37145E+07
2000	268	1	0.67047E+07	0.36915E+07
2000	269	1	0.66640E+07	0.36687E+07
2000	270	1	0.66236E+07	0.36460E+07
2000	271	1	0.65833E+07	0.36234E+07
2000	272	1	0.65433E+07	0.36010E+07
2000	273	1	0.65036E+07	0.35787E+07
2000	274	1	0.64640E+07	0.35565E+07
2000	275	1	0.64246E+07	0.35345E+07
2000	276	1	0.63855E+07	0.35126E+07
2000	277	1	0.63465E+07	0.34908E+07
2000	278	1	0.63078E+07	0.34692E+07
2000	279	1	0.62693E+07	0.34477E+07
2000	280	1	0.62314E+07	0.34263E+07
2000	281	1	0.61937E+07	0.34051E+07
2000	282	1	0.61555E+07	0.33839E+07
2000	283	1	0.61181E+07	0.33629E+07
2000	284	1	0.60808E+07	0.33418E+07
2000	285	1	0.60438E+07	0.33209E+07
2000	286	1	0.60069E+07	0.33001E+07
2000	287	1	0.59702E+07	0.32795E+07
2000	288	1	0.59337E+07	0.32590E+07
2000	289	1	0.58974E+07	0.32386E+07
2000	290	1	0.58612E+07	0.32183E+07
2000	291	1	0.58250E+07	0.31982E+07
2000	292	1	0.57889E+07	0.31782E+07
2000	293	1	0.57531E+07	0.31583E+07
2000	294	1	0.57174E+07	0.31386E+07
2000	295	1	0.56820E+07	0.31190E+07
2000	296	1	0.56468E+07	0.30995E+07
2000	297	1	0.56118E+07	0.30801E+07
2000	298	1	0.55770E+07	0.30609E+07
2000	299	1	0.55424E+07	0.30418E+07
2000	300	1	0.55080E+07	0.30228E+07
2000	301	1	0.54739E+07	0.30039E+07
2000	302	1	0.54399E+07	0.29851E+07
2000	303	1	0.54062E+07	0.29665E+07
2000	304	1	0.53734E+07	0.29480E+07
2000	305	1	0.53401E+07	0.29300E+07
2000	306	1	0.53070E+07	0.29119E+07
2000	307	1	0.52739E+07	0.28933E+07
2000	308	1	0.52413E+07	0.28751E+07
2000	309	1	0.52094E+07	0.28577E+07
2000	310	1	0.51780E+07	0.28401E+07
2000	311	1	0.51471E+07	0.28226E+07
2000	312	1	0.51167E+07	0.28054E+07
2000	313	1	0.50870E+07	0.27889E+07
2000	314	1	0.50569E+07	0.27718E+07
2000	315	1	0.50275E+07	0.27554E+07
2000	316	1	0.49991E+07	0.27399E+07
2000	317	1	0.49701E+07	0.27237E+07
2000	318	1	0.49418E+07	0.27082E+07
2000	319	1	0.49140E+07	0.26927E+07
2000	320	1	0.48876E+07	0.26778E+07
2000	321	1	0.48630E+07	0.26637E+07
2000	322	1	0.48390E+07	0.26489E+07
2000	323	1	0.48145E+07	0.26349E+07
2000	324	1	0.47905E+07	0.26208E+07
2000	325	1	0.47666E+07	0.26067E+07
2000	326	1	0.47426E+07	0.25926E+07
2000	327	1	0.47186E+07	0.25785E+07
2000	328	1	0.46946E+07	0.25645E+07
2000	329	1	0.46705E+07	0.25504E+07
2000	330	1	0.46464E+07	0.25363E+07
2000	331	1	0.46223E+07	0.25223E+07
2000	332	1	0.46000E+07	0.25084E+07
2000	333	1	0.45784E+07	0.24949E+07
2000	334	1	0.45566E+07	0.24806E+07
2000	335	1	0.45355E+07	0.24668E+07
2000	336	1	0.45147E+07	0.24532E+07
2000	337	1	0.44950E+07	0.24402E+07
2000	338	1	0.44766E+07	0.24273E+07
2000	339	1	0.44600E+07	0.24149E+07
2000	340	1	0.44464E+07	0.24041E+07
2000	341	1	0.44343E+07	0.23936E+07
2000	342	1	0.44271E+07	0.23844E+07
2000	343	1	0.44224E+07	0.23752E+07
2000	344	1	0.44171E+07	0.23656E+07
2000	345	1	0.44141E+07	0.23570E+07
2000	346	1	0.44210E+07	0.23512E+07
2000	347	1	0.44310E+07	0.23478E+07
2000	348	1	0.44438E+07	0.23465E+07
2000	349	1	0.44628E+07	0.23467E+07
2000	350	1	0.44882E+07	0.23497E+07
2000	351	1	0.45166E+07	0.23549E+07
2000	352	1	0.45478E+07	0.23642E+07
2000	353	1	0.45809E+07	0.23758E+07
2000	354	1	0.46237E+07	0.23896E+07
2000	355	1	0.46703E+07	0.24049E+07
2000	356	1	0.47230E+07	0.24233E+07
2000	357	1	0.47785E+07	0.24440E+07
2000	358	1	0.48303E+07	0.24624E+07
2000	359	1	0.48788E+07	0.24799E+07
2000	360	1	0.49238E+07	0.24957E+07
2000	361	1	0.49648E+07	0.25099E+07
2000	362	1	0.50016E+07	0.25225E+07
2000	363	1	0.50343E+07	0.25338E+07
2000	364	1	0.50632E+07	0.25437E+07
2000	365	1	0.50895E+07	0.25528E+07
2000	366	1	0.51284E+07	0.25683E+07
