total surface runoff [m**3/timestep] for all sub-basins (MAP-IDs)
Year	Day	Timestep	15	69
2000	1	1	0.21486E+03	0.24194E+03
2000	2	1	0.14498E+07	0.29161E+07
2000	3	1	0.16577E+03	0.16184E+03
2000	4	1	0.16424E+03	0.18588E+03
2000	5	1	0.36879E+02	0.32289E+01
2000	6	1	0.18462E+02	0.17645E+02
2000	7	1	0.77189E+01	0.82520E-01
2000	8	1	0.13855E+02	0.11233E+02
2000	9	1	0.27664E+02	0.79446E-01
2000	10	1	0.21525E+02	0.16169E+01
2000	11	1	0.46444E+01	0.76680E-01
2000	12	1	0.10013E+00	0.75484E-01
2000	13	1	0.98325E-01	0.74322E-01
2000	14	1	0.96401E-01	0.73098E-01
2000	15	1	0.94449E-01	0.71806E-01
2000	16	1	0.92387E-01	0.70486E-01
2000	17	1	0.75220E+02	0.30448E+02
2000	18	1	0.75220E+02	0.10255E+03
2000	19	1	0.95170E+02	0.72106E+02
2000	20	1	0.15515E+06	0.28552E+07
2000	21	1	0.88755E+04	0.35404E+06
2000	22	1	0.59945E+06	0.26480E+06
2000	23	1	0.15044E+03	0.29965E+03
2000	24	1	0.17960E+03	0.17950E+03
2000	25	1	0.16272E+03	0.22276E+03
2000	26	1	0.23086E+02	0.73758E+02
2000	27	1	0.89067E+02	0.76962E+02
2000	28	1	0.59914E+02	0.59338E+02
2000	29	1	0.16426E+03	0.10420E+03
2000	30	1	0.23485E+03	0.40112E+02
2000	31	1	0.96751E+02	0.11651E+00
2000	32	1	0.38440E+02	0.11419E+00
2000	33	1	0.88860E+06	0.13624E+03
2000	34	1	0.13205E+03	0.12022E+03
2000	35	1	0.72144E+04	0.11542E+03
2000	36	1	0.22719E+03	0.26923E+03
2000	37	1	0.13681E+06	0.22117E+03
2000	38	1	0.15363E+06	0.24521E+03
2000	39	1	0.22896E+06	0.48143E+02
2000	40	1	0.21040E+06	0.14493E+02
2000	41	1	0.83149E+05	0.13407E+00
2000	42	1	0.23416E+05	0.16708E+01
2000	43	1	0.12902E+05	0.12885E+02
2000	44	1	0.15946E+05	0.12823E+00
2000	45	1	0.30134E+04	0.64718E+01
2000	46	1	0.92966E+01	0.12418E+00
2000	47	1	0.46910E+01	0.16610E+01
2000	48	1	0.69138E+02	0.65748E+02
2000	49	1	0.15814E+03	0.12824E+03
2000	50	1	0.13973E+03	0.26763E+03
2000	51	1	0.44595E+02	0.16090E+02
2000	52	1	0.29247E+02	0.12745E+00
2000	53	1	0.62279E+01	0.12567E+00
2000	54	1	0.14807E+00	0.12367E+00
2000	55	1	0.46888E+01	0.96717E+01
2000	56	1	0.16963E+02	0.16588E+01
2000	57	1	0.10823E+02	0.48615E+01
2000	58	1	0.18494E+02	0.22484E+02
2000	59	1	0.12130E+03	0.12663E+03
2000	60	1	0.14805E+06	0.21636E+03
2000	61	1	0.14587E+03	0.22117E+03
2000	62	1	0.19651E+03	0.35316E+02
2000	63	1	0.72221E+02	0.80750E+01
2000	64	1	0.29254E+02	0.32667E+01
2000	65	1	0.12372E+02	0.12404E+00
2000	66	1	0.31627E+01	0.12231E+00
2000	67	1	0.77639E+01	0.12040E+00
2000	68	1	0.15027E+00	0.11856E+00
2000	69	1	0.78348E+02	0.70551E+02
2000	70	1	0.71601E+06	0.10260E+03
2000	71	1	0.22414E+03	0.19144E+06
2000	72	1	0.78419E+05	0.16329E+07
2000	73	1	0.82512E+05	0.23766E+07
2000	74	1	0.21570E+06	0.21959E+03
2000	75	1	0.64003E+06	0.15010E+06
2000	76	1	0.13684E+08	0.16971E+06
2000	77	1	0.63846E+06	0.70885E+04
2000	78	1	0.20209E+06	0.82677E+01
2000	79	1	0.16213E+05	0.16489E+00
2000	80	1	0.65764E+04	0.17013E+01
2000	81	1	0.75834E+04	0.16119E+02
2000	82	1	0.31786E+05	0.15811E+00
2000	83	1	0.13646E+05	0.32972E+01
2000	84	1	0.22352E+04	0.15408E+00
2000	85	1	0.19056E+02	0.15197E+00
2000	86	1	0.47233E+01	0.16887E+01
2000	87	1	0.93243E+01	0.16866E+01
2000	88	1	0.47187E+01	0.14569E+00
2000	89	1	0.93200E+01	0.32847E+01
2000	90	1	0.13921E+02	0.48850E+01
2000	91	1	0.10851E+02	0.13983E+00
2000	92	1	0.16795E+00	0.13789E+00
2000	93	1	0.16597E+00	0.13598E+00
2000	94	1	0.10845E+02	0.48776E+01
2000	95	1	0.31706E+01	0.13277E+00
2000	96	1	0.16346E+01	0.13149E+00
2000	97	1	0.31675E+01	0.80781E+01
2000	98	1	0.62350E+01	0.96791E+01
2000	99	1	0.77680E+01	0.80758E+01
2000	100	1	0.77664E+01	0.12680E+00
2000	101	1	0.24644E+02	0.14482E+02
2000	102	1	0.15436E+02	0.12415E+00
2000	103	1	0.77623E+01	0.12290E+00
2000	104	1	0.23106E+02	0.16605E+01
2000	105	1	0.31566E+01	0.12036E+00
2000	106	1	0.62240E+01	0.16578E+01
2000	107	1	0.21568E+02	0.16564E+01
2000	108	1	0.10825E+02	0.48594E+01
2000	109	1	0.12358E+02	0.11466E+00
2000	110	1	0.26167E+02	0.11324E+00
2000	111	1	0.96754E+02	0.64573E+01
2000	112	1	0.20032E+02	0.44909E+02
2000	113	1	0.14132E+00	0.64549E+01
2000	114	1	0.13965E+00	0.11260E+02
2000	115	1	0.13817E+00	0.32484E+01
2000	116	1	0.13676E+00	0.10618E+00
2000	117	1	0.13515E+00	0.10470E+00
2000	118	1	0.13348E+00	0.10319E+00
2000	119	1	0.13187E+00	0.10179E+00
2000	120	1	0.46733E+01	0.16395E+01
2000	121	1	0.46720E+01	0.99372E-01
2000	122	1	0.12787E+00	0.98184E-01
2000	123	1	0.12653E+00	0.97079E-01
2000	124	1	0.12514E+00	0.95839E-01
2000	125	1	0.12369E+00	0.94605E-01
2000	126	1	0.12218E+00	0.93276E-01
2000	127	1	0.12067E+00	0.91913E-01
2000	128	1	0.11907E+00	0.90361E-01
2000	129	1	0.11729E+00	0.88618E-01
2000	130	1	0.11551E+00	0.86901E-01
2000	131	1	0.11376E+00	0.85241E-01
2000	132	1	0.11218E+00	0.83738E-01
2000	133	1	0.11073E+00	0.82415E-01
2000	134	1	0.10938E+00	0.81061E-01
2000	135	1	0.10789E+00	0.79687E-01
2000	136	1	0.10641E+00	0.78367E-01
2000	137	1	0.10485E+00	0.76954E-01
2000	138	1	0.10320E+00	0.75366E-01
2000	139	1	0.10159E+00	0.73638E-01
2000	140	1	0.10015E+00	0.71993E-01
2000	141	1	0.98873E-01	0.70541E-01
2000	142	1	0.31059E+01	0.69241E-01
2000	143	1	0.31048E+01	0.68199E-01
2000	144	1	0.95489E-01	0.67298E-01
2000	145	1	0.94341E-01	0.66285E-01
2000	146	1	0.93112E-01	0.65132E-01
2000	147	1	0.91923E-01	0.64135E-01
2000	148	1	0.90555E-01	0.62970E-01
2000	149	1	0.89046E-01	0.61592E-01
2000	150	1	0.87555E-01	0.60095E-01
2000	151	1	0.86197E-01	0.58678E-01
2000	152	1	0.84796E-01	0.57384E-01
2000	153	1	0.83403E-01	0.56015E-01
2000	154	1	0.82054E-01	0.54562E-01
2000	155	1	0.80630E-01	0.53144E-01
2000	156	1	0.79408E-01	0.52041E-01
2000	157	1	0.78320E-01	0.51087E-01
2000	158	1	0.77253E-01	0.50187E-01
2000	159	1	0.76208E-01	0.49246E-01
2000	160	1	0.75265E-01	0.48529E-01
2000	161	1	0.74393E-01	0.47843E-01
2000	162	1	0.73363E-01	0.46924E-01
2000	163	1	0.72191E-01	0.45865E-01
2000	164	1	0.71066E-01	0.44890E-01
2000	165	1	0.70051E-01	0.44028E-01
2000	166	1	0.68995E-01	0.42979E-01
2000	167	1	0.67858E-01	0.41909E-01
2000	168	1	0.66745E-01	0.40849E-01
2000	169	1	0.65639E-01	0.39850E-01
2000	170	1	0.64559E-01	0.38878E-01
2000	171	1	0.63485E-01	0.37919E-01
2000	172	1	0.62416E-01	0.36891E-01
2000	173	1	0.61327E-01	0.35797E-01
2000	174	1	0.60292E-01	0.34714E-01
2000	175	1	0.59316E-01	0.33810E-01
2000	176	1	0.58409E-01	0.33274E-01
2000	177	1	0.57380E-01	0.32818E-01
2000	178	1	0.56285E-01	0.32354E-01
2000	179	1	0.55134E-01	0.31899E-01
2000	180	1	0.53991E-01	0.31441E-01
2000	181	1	0.52954E-01	0.31006E-01
2000	182	1	0.51971E-01	0.30606E-01
2000	183	1	0.50904E-01	0.30182E-01
2000	184	1	0.49787E-01	0.29728E-01
2000	185	1	0.48730E-01	0.29296E-01
2000	186	1	0.47757E-01	0.28911E-01
2000	187	1	0.46927E-01	0.28580E-01
2000	188	1	0.46180E-01	0.28282E-01
2000	189	1	0.45523E-01	0.27988E-01
2000	190	1	0.44839E-01	0.27709E-01
2000	191	1	0.43983E-01	0.27427E-01
2000	192	1	0.43019E-01	0.27046E-01
2000	193	1	0.42044E-01	0.26678E-01
2000	194	1	0.41058E-01	0.26314E-01
2000	195	1	0.40015E-01	0.25894E-01
2000	196	1	0.39084E-01	0.15644E+01
2000	197	1	0.38269E-01	0.25232E-01
2000	198	1	0.37406E-01	0.24899E-01
2000	199	1	0.36398E-01	0.24517E-01
2000	200	1	0.35321E-01	0.24089E-01
2000	201	1	0.34158E-01	0.23687E-01
2000	202	1	0.33013E-01	0.23309E-01
2000	203	1	0.31845E-01	0.22915E-01
2000	204	1	0.30635E-01	0.22490E-01
2000	205	1	0.29401E-01	0.22071E-01
2000	206	1	0.28319E-01	0.21656E-01
2000	207	1	0.27562E-01	0.21283E-01
2000	208	1	0.26803E-01	0.20931E-01
2000	209	1	0.26287E-01	0.20617E-01
2000	210	1	0.25988E-01	0.20353E-01
2000	211	1	0.25656E-01	0.20079E-01
2000	212	1	0.25322E-01	0.19740E-01
2000	213	1	0.24960E-01	0.19372E-01
2000	214	1	0.24597E-01	0.19006E-01
2000	215	1	0.24271E-01	0.18672E-01
2000	216	1	0.23966E-01	0.18366E-01
2000	217	1	0.23650E-01	0.18056E-01
2000	218	1	0.23324E-01	0.17732E-01
2000	219	1	0.23038E-01	0.17468E-01
2000	220	1	0.22730E-01	0.17163E-01
2000	221	1	0.22412E-01	0.16848E-01
2000	222	1	0.22105E-01	0.16553E-01
2000	223	1	0.21834E-01	0.16282E-01
2000	224	1	0.21553E-01	0.15996E-01
2000	225	1	0.21268E-01	0.15710E-01
2000	226	1	0.21015E-01	0.15468E-01
2000	227	1	0.20808E-01	0.15282E-01
2000	228	1	0.20570E-01	0.15044E-01
2000	229	1	0.20329E-01	0.14807E-01
2000	230	1	0.20099E-01	0.14583E-01
2000	231	1	0.19887E-01	0.14376E-01
2000	232	1	0.19671E-01	0.14168E-01
2000	233	1	0.19437E-01	0.13947E-01
2000	234	1	0.19202E-01	0.13720E-01
2000	235	1	0.18970E-01	0.13493E-01
2000	236	1	0.18728E-01	0.13256E-01
2000	237	1	0.18498E-01	0.13035E-01
2000	238	1	0.18244E-01	0.12775E-01
2000	239	1	0.17981E-01	0.12504E-01
2000	240	1	0.17689E-01	0.12213E-01
2000	241	1	0.17379E-01	0.11895E-01
2000	242	1	0.18370E+02	0.11558E-01
2000	243	1	0.14907E+01	0.11240E-01
2000	244	1	0.16563E-01	0.10944E-01
2000	245	1	0.16242E-01	0.10613E-01
2000	246	1	0.15928E-01	0.10290E-01
2000	247	1	0.30645E+02	0.99753E-02
2000	248	1	0.60927E+01	0.35195E+02
2000	249	1	0.30235E+01	0.94824E-02
2000	250	1	0.70541E+02	0.93106E-02
2000	251	1	0.27463E+03	0.75250E+02
2000	252	1	0.98168E+02	0.15478E+01
2000	253	1	0.21378E-01	0.87243E-02
2000	254	1	0.19100E-01	0.84762E-02
2000	255	1	0.18815E-01	0.81552E-02
2000	256	1	0.18501E-01	0.78218E-02
2000	257	1	0.18129E-01	0.74519E-02
2000	258	1	0.17745E-01	0.70680E-02
2000	259	1	0.17354E-01	0.66693E-02
2000	260	1	0.16947E-01	0.62354E-02
2000	261	1	0.16527E-01	0.57957E-02
2000	262	1	0.16100E-01	0.53458E-02
2000	263	1	0.15695E-01	0.49525E-02
2000	264	1	0.15262E-01	0.46128E-02
2000	265	1	0.14799E-01	0.43694E-02
2000	266	1	0.14328E-01	0.41168E-02
2000	267	1	0.13835E-01	0.38549E-02
2000	268	1	0.13333E-01	0.35904E-02
2000	269	1	0.12835E-01	0.33294E-02
2000	270	1	0.12349E-01	0.30606E-02
2000	271	1	0.11931E-01	0.28309E-02
2000	272	1	0.45544E+01	0.79504E+01
2000	273	1	0.11264E-01	0.24863E-02
2000	274	1	0.10820E-01	0.22525E-02
2000	275	1	0.10379E-01	0.20072E-02
2000	276	1	0.99510E-02	0.17619E-02
2000	277	1	0.95415E-02	0.15273E-02
2000	278	1	0.90382E-02	0.12568E-02
2000	279	1	0.76203E+01	0.96528E-03
2000	280	1	0.18102E+03	0.46402E+02
2000	281	1	0.12271E+03	0.84854E+02
2000	282	1	0.91578E+01	0.35127E-03
2000	283	1	0.95008E-02	0.10319E-03
2000	284	1	0.90406E-02	0.16580E-05
2000	285	1	0.84918E-02	0.00000E+00
2000	286	1	0.78784E-02	0.00000E+00
2000	287	1	0.72450E-02	0.00000E+00
2000	288	1	0.65952E-02	0.00000E+00
2000	289	1	0.59469E-02	0.00000E+00
2000	290	1	0.53355E-02	0.00000E+00
2000	291	1	0.47651E-02	0.00000E+00
2000	292	1	0.43684E-02	0.00000E+00
2000	293	1	0.40453E-02	0.00000E+00
2000	294	1	0.37281E-02	0.00000E+00
2000	295	1	0.34176E-02	0.00000E+00
2000	296	1	0.31001E-02	0.00000E+00
2000	297	1	0.91490E+01	0.00000E+00
2000	298	1	0.24870E-02	0.00000E+00
2000	299	1	0.21809E-02	0.00000E+00
2000	300	1	0.18711E-02	0.00000E+00
2000	301	1	0.15646E-02	0.00000E+00
2000	302	1	0.12347E-02	0.00000E+00
2000	303	1	0.29095E+02	0.15389E+01
2000	304	1	0.25006E+03	0.81650E+02
2000	305	1	0.13498E+03	0.80048E+02
2000	306	1	0.10582E+03	0.94470E+02
2000	307	1	0.36773E+02	0.23972E+02
2000	308	1	0.32168E+02	0.30379E+02
2000	309	1	0.19482E+03	0.11690E+03
2000	310	1	0.28536E+03	0.69900E+07
2000	311	1	0.28537E+03	0.33320E+03
2000	312	1	0.23320E+03	0.44856E+03
2000	313	1	0.26696E+03	0.26752E+03
2000	314	1	0.22978E+02	0.79576E+01
2000	315	1	0.13769E+02	0.15461E+01
2000	316	1	0.10584E+03	0.13293E+03
2000	317	1	0.59807E+02	0.68843E+02
2000	318	1	0.11505E+03	0.25470E+03
2000	319	1	0.16108E+03	0.10249E+03
2000	320	1	0.37898E+03	0.28194E+03
2000	321	1	0.36518E+03	0.35885E+03
2000	322	1	0.13041E+03	0.79714E+01
2000	323	1	0.30451E+01	0.20882E-01
2000	324	1	0.24525E+02	0.20345E-01
2000	325	1	0.49077E+02	0.15587E+01
2000	326	1	0.91799E+01	0.15581E+01
2000	327	1	0.33117E-01	0.18618E-01
2000	328	1	0.32575E-01	0.17953E-01
2000	329	1	0.31994E-01	0.17281E-01
2000	330	1	0.15052E+01	0.16667E-01
2000	331	1	0.32194E+02	0.20782E+02
2000	332	1	0.31761E+03	0.10410E+03
2000	333	1	0.21480E+03	0.75257E+02
2000	334	1	0.50616E+02	0.17238E-01
2000	335	1	0.58288E+02	0.19178E+02
2000	336	1	0.92048E+02	0.73653E+02
2000	337	1	0.17491E+03	0.16498E+03
2000	338	1	0.17491E+03	0.28515E+03
2000	339	1	0.22402E+03	0.22107E+03
2000	340	1	0.26852E+03	0.33321E+06
2000	341	1	0.14884E+03	0.14897E+03
2000	342	1	0.32530E+03	0.27555E+03
2000	343	1	0.17033E+03	0.68869E+02
2000	344	1	0.64450E+02	0.19199E+02
2000	345	1	0.12123E+03	0.76878E+02
2000	346	1	0.30840E+07	0.33636E+07
2000	347	1	0.15806E+03	0.30761E+03
2000	348	1	0.12124E+03	0.21949E+03
2000	349	1	0.19950E+03	0.15540E+03
2000	350	1	0.18262E+03	0.23392E+03
2000	351	1	0.11050E+03	0.17944E+03
2000	352	1	0.90557E+02	0.23232E+03
2000	353	1	0.89023E+02	0.15382E+03
2000	354	1	0.22252E+03	0.14741E+03
2000	355	1	0.11665E+03	0.10415E+03
2000	356	1	0.14427E+03	0.16343E+03
2000	357	1	0.93635E+02	0.11857E+03
2000	358	1	0.52204E+02	0.32141E+01
2000	359	1	0.12305E+02	0.69631E-01
2000	360	1	0.46301E+01	0.68595E-01
2000	361	1	0.85712E-01	0.67513E-01
2000	362	1	0.84257E-01	0.66376E-01
2000	363	1	0.82723E-01	0.65269E-01
2000	364	1	0.81263E-01	0.32053E+01
2000	365	1	0.75209E+02	0.84917E+02
2000	366	1	0.24400E+03	0.27718E+03
