total deep ground water recharge [m3] for all sub-basins (MAP-IDs)
Year	Day	15	69
2000	1	0.64606E+07	0.29100E+07
2000	2	0.78495E+07	0.29384E+07
2000	3	0.83411E+07	0.31327E+07
2000	4	0.81138E+07	0.33190E+07
2000	5	0.96929E+07	0.40937E+07
2000	6	0.10924E+08	0.47573E+07
2000	7	0.11561E+08	0.55975E+07
2000	8	0.12625E+08	0.54772E+07
2000	9	0.13431E+08	0.53164E+07
2000	10	0.13024E+08	0.51244E+07
2000	11	0.12612E+08	0.49365E+07
2000	12	0.12168E+08	0.47637E+07
2000	13	0.11735E+08	0.45631E+07
2000	14	0.11292E+08	0.43802E+07
2000	15	0.10852E+08	0.41949E+07
2000	16	0.10430E+08	0.40166E+07
2000	17	0.10096E+08	0.38732E+07
2000	18	0.11323E+08	0.40695E+07
2000	19	0.12339E+08	0.50078E+07
2000	20	0.11996E+08	0.48576E+07
2000	21	0.11644E+08	0.46586E+07
2000	22	0.11225E+08	0.44704E+07
2000	23	0.10798E+08	0.42930E+07
2000	24	0.10319E+08	0.41315E+07
2000	25	0.98350E+07	0.39646E+07
2000	26	0.94176E+07	0.38080E+07
2000	27	0.90253E+07	0.36739E+07
2000	28	0.95306E+07	0.36615E+07
2000	29	0.11502E+08	0.42939E+07
2000	30	0.12595E+08	0.50367E+07
2000	31	0.14332E+08	0.49248E+07
2000	32	0.14473E+08	0.48031E+07
2000	33	0.14005E+08	0.46665E+07
2000	34	0.13505E+08	0.44841E+07
2000	35	0.12964E+08	0.43014E+07
2000	36	0.12412E+08	0.41274E+07
2000	37	0.11797E+08	0.39573E+07
2000	38	0.11802E+08	0.38536E+07
2000	39	0.14820E+08	0.40656E+07
2000	40	0.17301E+08	0.51599E+07
2000	41	0.20565E+08	0.68217E+07
2000	42	0.22919E+08	0.88594E+07
2000	43	0.26058E+08	0.10287E+08
2000	44	0.30692E+08	0.12419E+08
2000	45	0.39183E+08	0.14864E+08
2000	46	0.40951E+08	0.14370E+08
2000	47	0.38786E+08	0.13777E+08
2000	48	0.36519E+08	0.12992E+08
2000	49	0.34424E+08	0.12375E+08
2000	50	0.32506E+08	0.11829E+08
2000	51	0.30456E+08	0.11281E+08
2000	52	0.28981E+08	0.10802E+08
2000	53	0.27525E+08	0.10290E+08
2000	54	0.25994E+08	0.98188E+07
2000	55	0.24407E+08	0.93724E+07
2000	56	0.22998E+08	0.89668E+07
2000	57	0.21755E+08	0.85290E+07
2000	58	0.20575E+08	0.81928E+07
2000	59	0.19615E+08	0.78686E+07
2000	60	0.18772E+08	0.75257E+07
2000	61	0.17839E+08	0.71928E+07
2000	62	0.16877E+08	0.68895E+07
2000	63	0.16071E+08	0.66399E+07
2000	64	0.15504E+08	0.64386E+07
2000	65	0.14913E+08	0.62535E+07
2000	66	0.14355E+08	0.60795E+07
2000	67	0.13825E+08	0.58997E+07
2000	68	0.13285E+08	0.57074E+07
2000	69	0.12771E+08	0.55140E+07
2000	70	0.12285E+08	0.53347E+07
2000	71	0.11904E+08	0.51478E+07
2000	72	0.11530E+08	0.49779E+07
2000	73	0.11246E+08	0.48392E+07
2000	74	0.10883E+08	0.46522E+07
2000	75	0.10526E+08	0.44849E+07
2000	76	0.10137E+08	0.43238E+07
2000	77	0.98607E+07	0.41791E+07
2000	78	0.96018E+07	0.40340E+07
2000	79	0.93253E+07	0.38840E+07
2000	80	0.97921E+07	0.37624E+07
2000	81	0.95692E+07	0.36606E+07
2000	82	0.92448E+07	0.35538E+07
2000	83	0.88814E+07	0.34658E+07
2000	84	0.85737E+07	0.33903E+07
2000	85	0.82307E+07	0.32671E+07
2000	86	0.78826E+07	0.31383E+07
2000	87	0.75622E+07	0.30237E+07
2000	88	0.73003E+07	0.29331E+07
2000	89	0.70760E+07	0.28479E+07
2000	90	0.68581E+07	0.27626E+07
2000	91	0.66393E+07	0.26938E+07
2000	92	0.64195E+07	0.26116E+07
2000	93	0.61946E+07	0.25351E+07
2000	94	0.59644E+07	0.24521E+07
2000	95	0.57430E+07	0.23720E+07
2000	96	0.55271E+07	0.22870E+07
2000	97	0.52960E+07	0.21931E+07
2000	98	0.50768E+07	0.21035E+07
2000	99	0.48674E+07	0.20191E+07
2000	100	0.46857E+07	0.19454E+07
2000	101	0.45211E+07	0.18839E+07
2000	102	0.43813E+07	0.18227E+07
2000	103	0.42203E+07	0.17583E+07
2000	104	0.40696E+07	0.16998E+07
2000	105	0.39214E+07	0.16411E+07
2000	106	0.37674E+07	0.15805E+07
2000	107	0.36168E+07	0.14628E+07
2000	108	0.34801E+07	0.13988E+07
2000	109	0.33727E+07	0.13520E+07
2000	110	0.32569E+07	0.13095E+07
2000	111	0.31710E+07	0.12770E+07
2000	112	0.30958E+07	0.12510E+07
2000	113	0.30092E+07	0.12239E+07
2000	114	0.29130E+07	0.11879E+07
2000	115	0.28279E+07	0.11610E+07
2000	116	0.27339E+07	0.11282E+07
2000	117	0.26345E+07	0.10914E+07
2000	118	0.25355E+07	0.10522E+07
2000	119	0.24526E+07	0.10152E+07
2000	120	0.23719E+07	0.98490E+06
2000	121	0.22913E+07	0.95366E+06
2000	122	0.22201E+07	0.92283E+06
2000	123	0.21403E+07	0.88861E+06
2000	124	0.20734E+07	0.86204E+06
2000	125	0.20166E+07	0.83931E+06
2000	126	0.19621E+07	0.82045E+06
2000	127	0.19081E+07	0.79707E+06
2000	128	0.18593E+07	0.78037E+06
2000	129	0.18197E+07	0.76829E+06
2000	130	0.17754E+07	0.75051E+06
2000	131	0.17223E+07	0.72902E+06
2000	132	0.16696E+07	0.70827E+06
2000	133	0.16260E+07	0.69370E+06
2000	134	0.15844E+07	0.67455E+06
2000	135	0.15379E+07	0.65581E+06
2000	136	0.14932E+07	0.63686E+06
2000	137	0.14495E+07	0.61988E+06
2000	138	0.14079E+07	0.60348E+06
2000	139	0.13534E+07	0.58840E+06
2000	140	0.12708E+07	0.57274E+06
2000	141	0.12342E+07	0.55630E+06
2000	142	0.12014E+07	0.54067E+06
2000	143	0.11684E+07	0.52461E+06
2000	144	0.11420E+07	0.51237E+06
2000	145	0.11110E+07	0.49796E+06
2000	146	0.10795E+07	0.48349E+06
2000	147	0.10478E+07	0.46975E+06
2000	148	0.10165E+07	0.45617E+06
2000	149	0.98816E+06	0.44341E+06
2000	150	0.96261E+06	0.43236E+06
2000	151	0.93651E+06	0.42096E+06
2000	152	0.90961E+06	0.40874E+06
2000	153	0.88478E+06	0.39728E+06
2000	154	0.86167E+06	0.38725E+06
2000	155	0.84309E+06	0.37888E+06
2000	156	0.82636E+06	0.37170E+06
2000	157	0.81254E+06	0.36466E+06
2000	158	0.80014E+06	0.35807E+06
2000	159	0.78368E+06	0.35212E+06
2000	160	0.76461E+06	0.34340E+06
2000	161	0.74539E+06	0.33511E+06
2000	162	0.72791E+06	0.32749E+06
2000	163	0.70901E+06	0.31846E+06
2000	164	0.69204E+06	0.30997E+06
2000	165	0.67838E+06	0.30452E+06
2000	166	0.66548E+06	0.29802E+06
2000	167	0.64989E+06	0.29077E+06
2000	168	0.63360E+06	0.28245E+06
2000	169	0.61623E+06	0.27481E+06
2000	170	0.60041E+06	0.26793E+06
2000	171	0.58493E+06	0.26104E+06
2000	172	0.56904E+06	0.25358E+06
2000	173	0.55338E+06	0.24647E+06
2000	174	0.53790E+06	0.23943E+06
2000	175	0.52728E+06	0.23334E+06
2000	176	0.51509E+06	0.22769E+06
2000	177	0.50439E+06	0.22267E+06
2000	178	0.49465E+06	0.21867E+06
2000	179	0.48372E+06	0.21480E+06
2000	180	0.47315E+06	0.20993E+06
2000	181	0.46176E+06	0.20464E+06
2000	182	0.45033E+06	0.19942E+06
2000	183	0.44038E+06	0.19476E+06
2000	184	0.43136E+06	0.19063E+06
2000	185	0.42234E+06	0.18664E+06
2000	186	0.41275E+06	0.18225E+06
2000	187	0.40491E+06	0.17902E+06
2000	188	0.39654E+06	0.17526E+06
2000	189	0.38794E+06	0.17137E+06
2000	190	0.37964E+06	0.16774E+06
2000	191	0.37267E+06	0.16460E+06
2000	192	0.36557E+06	0.16131E+06
2000	193	0.35833E+06	0.15799E+06
2000	194	0.35182E+06	0.15513E+06
2000	195	0.34701E+06	0.15323E+06
2000	196	0.34132E+06	0.15065E+06
2000	197	0.33567E+06	0.14811E+06
2000	198	0.33021E+06	0.14571E+06
2000	199	0.32539E+06	0.14357E+06
2000	200	0.32064E+06	0.14147E+06
2000	201	0.31543E+06	0.13924E+06
2000	202	0.31028E+06	0.13697E+06
2000	203	0.30532E+06	0.13475E+06
2000	204	0.30012E+06	0.13230E+06
2000	205	0.29540E+06	0.12270E+06
2000	206	0.29018E+06	0.12008E+06
2000	207	0.28497E+06	0.10102E+06
2000	208	0.27920E+06	0.62858E+05
2000	209	0.27315E+06	0.61412E+05
2000	210	0.26711E+06	0.59879E+05
2000	211	0.26261E+06	0.58447E+05
2000	212	0.25777E+06	0.57200E+05
2000	213	0.25189E+06	0.55791E+05
2000	214	0.24627E+06	0.54438E+05
2000	215	0.24085E+06	0.53168E+05
2000	216	0.23659E+06	0.51902E+05
2000	217	0.23323E+06	0.51107E+05
2000	218	0.23057E+06	0.50535E+05
2000	219	0.22721E+06	0.49527E+05
2000	220	0.28786E+06	0.48857E+05
2000	221	0.31325E+06	0.48321E+05
2000	222	0.30903E+06	0.47477E+05
2000	223	0.30296E+06	0.46345E+05
2000	224	0.29661E+06	0.45199E+05
2000	225	0.28897E+06	0.43938E+05
2000	226	0.28123E+06	0.42656E+05
2000	227	0.27359E+06	0.41381E+05
2000	228	0.26582E+06	0.40005E+05
2000	229	0.25801E+06	0.38666E+05
2000	230	0.25012E+06	0.37288E+05
2000	231	0.24303E+06	0.36089E+05
2000	232	0.23567E+06	0.34796E+05
2000	233	0.22793E+06	0.33515E+05
2000	234	0.22034E+06	0.28432E+05
2000	235	0.21261E+06	0.19556E+05
2000	236	0.20492E+06	0.00000E+00
2000	237	0.19757E+06	0.00000E+00
2000	238	0.19046E+06	0.00000E+00
2000	239	0.18446E+06	0.00000E+00
2000	240	0.17973E+06	0.00000E+00
2000	241	0.17579E+06	0.00000E+00
2000	242	0.17007E+06	0.00000E+00
2000	243	0.16456E+06	0.00000E+00
2000	244	0.15926E+06	0.00000E+00
2000	245	0.15466E+06	0.00000E+00
2000	246	0.14894E+06	0.00000E+00
2000	247	0.14322E+06	0.00000E+00
2000	248	0.13795E+06	0.00000E+00
2000	249	0.14341E+06	0.00000E+00
2000	250	0.15855E+06	0.00000E+00
2000	251	0.15413E+06	0.00000E+00
2000	252	0.14906E+06	0.00000E+00
2000	253	0.14314E+06	0.00000E+00
2000	254	0.13664E+06	0.00000E+00
2000	255	0.13019E+06	0.00000E+00
2000	256	0.11645E+06	0.00000E+00
2000	257	0.60006E+05	0.00000E+00
2000	258	0.57194E+05	0.00000E+00
2000	259	0.54445E+05	0.00000E+00
2000	260	0.51920E+05	0.00000E+00
2000	261	0.49401E+05	0.00000E+00
2000	262	0.47020E+05	0.00000E+00
2000	263	0.44817E+05	0.00000E+00
2000	264	0.42656E+05	0.00000E+00
2000	265	0.40544E+05	0.00000E+00
2000	266	0.38713E+05	0.00000E+00
2000	267	0.36885E+05	0.00000E+00
2000	268	0.35096E+05	0.00000E+00
2000	269	0.33443E+05	0.00000E+00
2000	270	0.31660E+05	0.00000E+00
2000	271	0.19064E+05	0.00000E+00
2000	272	0.00000E+00	0.00000E+00
2000	273	0.35828E+05	0.00000E+00
2000	274	0.40462E+05	0.00000E+00
2000	275	0.44059E+05	0.00000E+00
2000	276	0.43199E+05	0.00000E+00
2000	277	0.42201E+05	0.00000E+00
2000	278	0.52008E+05	0.00000E+00
2000	279	0.14034E+06	0.00000E+00
2000	280	0.19053E+06	0.00000E+00
2000	281	0.23684E+06	0.34053E+05
2000	282	0.30979E+06	0.45902E+05
2000	283	0.30637E+06	0.45146E+05
2000	284	0.30160E+06	0.44187E+05
2000	285	0.32325E+06	0.47263E+05
2000	286	0.32546E+06	0.48091E+05
2000	287	0.35380E+06	0.61834E+05
2000	288	0.40730E+06	0.66593E+05
2000	289	0.58243E+06	0.16736E+06
2000	290	0.82396E+06	0.24115E+06
2000	291	0.89336E+06	0.23449E+06
2000	292	0.87167E+06	0.22608E+06
2000	293	0.84711E+06	0.21727E+06
2000	294	0.82805E+06	0.20888E+06
2000	295	0.80622E+06	0.20068E+06
2000	296	0.77873E+06	0.19157E+06
2000	297	0.75070E+06	0.18252E+06
2000	298	0.72002E+06	0.17463E+06
2000	299	0.69604E+06	0.16760E+06
2000	300	0.67590E+06	0.16166E+06
2000	301	0.83392E+06	0.15717E+06
2000	302	0.98854E+06	0.16042E+06
2000	303	0.97590E+06	0.15529E+06
2000	304	0.99605E+06	0.15000E+06
2000	305	0.10407E+07	0.14570E+06
2000	306	0.11846E+07	0.16594E+06
2000	307	0.13458E+07	0.21653E+06
2000	308	0.15789E+07	0.25672E+06
2000	309	0.19676E+07	0.39074E+06
2000	310	0.21863E+07	0.43530E+06
2000	311	0.28500E+07	0.55339E+06
2000	312	0.32250E+07	0.56172E+06
2000	313	0.32118E+07	0.54662E+06
2000	314	0.34543E+07	0.55152E+06
2000	315	0.48354E+07	0.86804E+06
2000	316	0.53670E+07	0.11261E+07
2000	317	0.57829E+07	0.13352E+07
2000	318	0.66712E+07	0.14929E+07
2000	319	0.76230E+07	0.17878E+07
2000	320	0.81070E+07	0.20265E+07
2000	321	0.85406E+07	0.24538E+07
2000	322	0.88669E+07	0.27352E+07
2000	323	0.10282E+08	0.29856E+07
2000	324	0.10887E+08	0.31632E+07
2000	325	0.11783E+08	0.34996E+07
2000	326	0.12245E+08	0.37770E+07
2000	327	0.11866E+08	0.36487E+07
2000	328	0.11410E+08	0.34968E+07
2000	329	0.10972E+08	0.33431E+07
2000	330	0.10428E+08	0.31848E+07
2000	331	0.98735E+07	0.30379E+07
2000	332	0.93470E+07	0.28992E+07
2000	333	0.88543E+07	0.27762E+07
2000	334	0.85016E+07	0.26934E+07
2000	335	0.10162E+08	0.32932E+07
2001	1	0.11922E+08	0.39792E+07
2001	2	0.15641E+08	0.55161E+07
2001	3	0.17420E+08	0.62024E+07
2001	4	0.19467E+08	0.71042E+07
2001	5	0.18929E+08	0.69633E+07
2001	6	0.18417E+08	0.67806E+07
2001	7	0.17874E+08	0.66205E+07
2001	8	0.17353E+08	0.64514E+07
2001	9	0.16948E+08	0.62983E+07
2001	10	0.16496E+08	0.61543E+07
2001	11	0.16032E+08	0.60081E+07
2001	12	0.15563E+08	0.58636E+07
2001	13	0.15110E+08	0.57234E+07
2001	14	0.14606E+08	0.55860E+07
2001	15	0.14048E+08	0.54257E+07
2001	16	0.13478E+08	0.52732E+07
2001	17	0.13015E+08	0.51442E+07
2001	18	0.12579E+08	0.50134E+07
2001	19	0.12146E+08	0.48857E+07
2001	20	0.13313E+08	0.53086E+07
2001	21	0.18060E+08	0.75833E+07
2001	22	0.24237E+08	0.10732E+08
2001	23	0.28175E+08	0.14081E+08
2001	24	0.31643E+08	0.16090E+08
2001	25	0.34226E+08	0.18697E+08
2001	26	0.32664E+08	0.19151E+08
2001	27	0.33360E+08	0.19299E+08
2001	28	0.32247E+08	0.19089E+08
2001	29	0.35479E+08	0.20149E+08
2001	30	0.40361E+08	0.19268E+08
2001	31	0.40395E+08	0.18305E+08
