River sediment load in ton/timestep (with MAP IDs as in hymo.dat)
Year	Day	Timestep	15	69
2000	1	1	    0.000	    0.000
2000	2	1	    0.001	    0.000
2000	3	1	    0.003	    0.000
2000	4	1	    0.005	    0.001
2000	5	1	    0.007	    0.002
2000	6	1	    0.008	    0.004
2000	7	1	    0.009	    0.006
2000	8	1	    0.011	    0.008
2000	9	1	    0.011	    0.010
2000	10	1	    0.011	    0.012
2000	11	1	    0.011	    0.013
2000	12	1	    0.009	    0.014
2000	13	1	    0.007	    0.014
2000	14	1	    0.006	    0.015
2000	15	1	    0.005	    0.015
2000	16	1	    0.003	    0.014
2000	17	1	    0.002	    0.014
2000	18	1	    0.002	    0.013
2000	19	1	    0.003	    0.013
2000	20	1	    0.004	    0.013
2000	21	1	    0.004	    0.012
2000	22	1	    0.005	    0.011
2000	23	1	    0.004	    0.011
2000	24	1	    0.004	    0.010
2000	25	1	    0.003	    0.009
2000	26	1	    0.002	    0.008
2000	27	1	    0.002	    0.008
2000	28	1	    0.002	    0.007
2000	29	1	    0.002	    0.007
2000	30	1	    0.004	    0.008
2000	31	1	    0.006	    0.008
2000	32	1	    0.008	    0.009
2000	33	1	    0.009	    0.009
2000	34	1	    0.009	    0.009
2000	35	1	    0.008	    0.009
2000	36	1	    0.007	    0.009
2000	37	1	    0.006	    0.009
2000	38	1	    0.005	    0.009
2000	39	1	    4.408	    0.010
2000	40	1	   13.216	    0.010
2000	41	1	   22.025	    4.543
2000	42	1	   27.158	   16.407
2000	43	1	   24.229	   31.196
2000	44	1	   21.015	   46.740
2000	45	1	  425.941	   63.273
2000	46	1	 1239.386	   72.604
2000	47	1	 2053.373	   73.139
2000	48	1	 2526.829	   70.426
2000	49	1	 2252.879	   78.541
2000	50	1	 1951.622	  155.945
2000	51	1	 1651.586	  344.934
2000	52	1	 1353.142	  626.648
2000	53	1	 1054.749	  931.541
2000	54	1	  756.356	 1167.643
2000	55	1	  457.964	 1334.976
2000	56	1	  159.572	 1437.162
2000	57	1	    5.096	 1477.828
2000	58	1	    0.074	 1460.455
2000	59	1	    0.004	 1390.098
2000	60	1	    0.000	 1271.302
2000	61	1	    0.000	 1110.053
2000	62	1	    0.000	  929.422
2000	63	1	    0.000	  750.571
2000	64	1	    0.000	  580.823
2000	65	1	    0.000	  429.344
2000	66	1	    0.000	  303.583
2000	67	1	    0.000	  205.019
2000	68	1	    0.000	  130.601
2000	69	1	    0.000	   76.908
2000	70	1	    0.000	   40.527
2000	71	1	    0.000	   18.055
2000	72	1	    0.000	    6.092
2000	73	1	    0.000	    1.234
2000	74	1	    0.000	    0.080
2000	75	1	    0.000	    0.002
2000	76	1	    0.000	    0.000
2000	77	1	    0.000	    0.000
2000	78	1	    0.000	    0.000
2000	79	1	    0.000	    0.000
2000	80	1	    0.000	    0.000
2000	81	1	    0.001	    0.000
2000	82	1	    0.001	    0.000
2000	83	1	    0.001	    0.000
2000	84	1	    0.001	    0.000
2000	85	1	    0.001	    0.000
2000	86	1	    0.001	    0.001
2000	87	1	    0.000	    0.001
2000	88	1	    0.000	    0.001
2000	89	1	    0.000	    0.001
2000	90	1	    0.000	    0.001
2000	91	1	    0.000	    0.001
2000	92	1	    0.000	    0.001
2000	93	1	    0.000	    0.001
2000	94	1	    0.000	    0.001
2000	95	1	    0.000	    0.001
2000	96	1	    0.000	    0.000
2000	97	1	    0.000	    0.000
2000	98	1	    0.000	    0.000
2000	99	1	    0.000	    0.000
2000	100	1	    0.000	    0.000
2000	101	1	    0.000	    0.000
2000	102	1	    0.000	    0.000
2000	103	1	    0.000	    0.000
2000	104	1	    0.000	    0.000
2000	105	1	    0.000	    0.000
2000	106	1	    0.000	    0.000
2000	107	1	    0.000	    0.000
2000	108	1	    0.000	    0.000
2000	109	1	    0.000	    0.000
2000	110	1	    0.000	    0.000
2000	111	1	    0.000	    0.000
2000	112	1	    0.000	    0.000
2000	113	1	    0.000	    0.000
2000	114	1	    0.000	    0.000
2000	115	1	    0.000	    0.000
2000	116	1	    0.000	    0.000
2000	117	1	    0.000	    0.000
2000	118	1	    0.000	    0.000
2000	119	1	    0.000	    0.000
2000	120	1	    0.000	    0.000
2000	121	1	    0.000	    0.000
2000	122	1	    0.000	    0.000
2000	123	1	    0.000	    0.000
2000	124	1	    0.000	    0.000
2000	125	1	    0.000	    0.000
2000	126	1	    0.000	    0.000
2000	127	1	    0.000	    0.000
2000	128	1	    0.000	    0.000
2000	129	1	    0.000	    0.000
2000	130	1	    0.000	    0.000
2000	131	1	    0.000	    0.000
2000	132	1	    0.000	    0.000
2000	133	1	    0.000	    0.000
2000	134	1	    0.000	    0.000
2000	135	1	    0.000	    0.000
2000	136	1	    0.000	    0.000
2000	137	1	    0.000	    0.000
2000	138	1	    0.000	    0.000
2000	139	1	    0.000	    0.000
2000	140	1	    0.000	    0.000
2000	141	1	    0.000	    0.000
2000	142	1	    0.000	    0.000
2000	143	1	    0.000	    0.000
2000	144	1	    0.000	    0.000
2000	145	1	    0.000	    0.000
2000	146	1	    0.000	    0.000
2000	147	1	    0.000	    0.000
2000	148	1	    0.000	    0.000
2000	149	1	    0.000	    0.000
2000	150	1	    0.000	    0.000
2000	151	1	    0.000	    0.000
2000	152	1	    0.000	    0.000
2000	153	1	    0.000	    0.000
2000	154	1	    0.000	    0.000
2000	155	1	    0.000	    0.000
2000	156	1	    0.000	    0.000
2000	157	1	    0.000	    0.000
2000	158	1	    0.000	    0.000
2000	159	1	    0.000	    0.000
2000	160	1	    0.000	    0.000
2000	161	1	    0.000	    0.000
2000	162	1	    0.000	    0.000
2000	163	1	    0.000	    0.000
2000	164	1	    0.000	    0.000
2000	165	1	    0.000	    0.000
2000	166	1	    0.000	    0.000
2000	167	1	    0.000	    0.000
2000	168	1	    0.000	    0.000
2000	169	1	    0.000	    0.000
2000	170	1	    0.000	    0.000
2000	171	1	    0.000	    0.000
2000	172	1	    0.000	    0.000
2000	173	1	    0.000	    0.000
2000	174	1	    0.000	    0.000
2000	175	1	    0.000	    0.000
2000	176	1	    0.000	    0.000
2000	177	1	    0.000	    0.000
2000	178	1	    0.000	    0.000
2000	179	1	    0.000	    0.000
2000	180	1	    0.000	    0.000
2000	181	1	    0.000	    0.000
2000	182	1	    0.000	    0.000
2000	183	1	    0.000	    0.000
2000	184	1	    0.000	    0.000
2000	185	1	    0.000	    0.000
2000	186	1	    0.000	    0.000
2000	187	1	    0.000	    0.000
2000	188	1	    0.000	    0.000
2000	189	1	    0.000	    0.000
2000	190	1	    0.000	    0.000
2000	191	1	    0.000	    0.000
2000	192	1	    0.000	    0.000
2000	193	1	    0.000	    0.000
2000	194	1	    0.000	    0.000
2000	195	1	    0.000	    0.000
2000	196	1	    0.000	    0.000
2000	197	1	    0.000	    0.000
2000	198	1	    0.000	    0.000
2000	199	1	    0.000	    0.000
2000	200	1	    0.000	    0.000
2000	201	1	    0.000	    0.000
2000	202	1	    0.000	    0.000
2000	203	1	    0.000	    0.000
2000	204	1	    0.000	    0.000
2000	205	1	    0.000	    0.000
2000	206	1	    0.000	    0.000
2000	207	1	    0.000	    0.000
2000	208	1	    0.000	    0.000
2000	209	1	    0.000	    0.000
2000	210	1	    0.000	    0.000
2000	211	1	    0.000	    0.000
2000	212	1	    0.000	    0.000
2000	213	1	    0.000	    0.000
2000	214	1	    0.000	    0.000
2000	215	1	    0.000	    0.000
2000	216	1	    0.000	    0.000
2000	217	1	    0.000	    0.000
2000	218	1	    0.000	    0.000
2000	219	1	    0.000	    0.000
2000	220	1	    0.001	    0.000
2000	221	1	    0.002	    0.000
2000	222	1	    0.002	    0.000
2000	223	1	    0.003	    0.000
2000	224	1	    0.003	    0.000
2000	225	1	    0.002	    0.001
2000	226	1	    0.002	    0.001
2000	227	1	    0.002	    0.001
2000	228	1	    0.001	    0.001
2000	229	1	    0.001	    0.002
2000	230	1	    0.001	    0.002
2000	231	1	    0.000	    0.002
2000	232	1	    0.000	    0.002
2000	233	1	    0.000	    0.002
2000	234	1	    0.000	    0.002
2000	235	1	    0.000	    0.002
2000	236	1	    0.000	    0.001
2000	237	1	    0.000	    0.001
2000	238	1	    0.000	    0.001
2000	239	1	    0.000	    0.001
2000	240	1	    0.000	    0.001
2000	241	1	    0.000	    0.000
2000	242	1	    0.000	    0.000
2000	243	1	    0.000	    0.000
2000	244	1	    0.000	    0.000
2000	245	1	    0.000	    0.000
2000	246	1	    0.000	    0.000
2000	247	1	    0.000	    0.000
2000	248	1	    0.000	    0.000
2000	249	1	    0.000	    0.000
2000	250	1	    0.001	    0.000
2000	251	1	    0.001	    0.000
2000	252	1	    0.002	    0.000
2000	253	1	    0.002	    0.000
2000	254	1	    0.002	    0.001
2000	255	1	    0.001	    0.001
2000	256	1	    0.001	    0.001
2000	257	1	    0.001	    0.001
2000	258	1	    0.001	    0.001
2000	259	1	    0.000	    0.001
2000	260	1	    0.000	    0.001
2000	261	1	    0.000	    0.001
2000	262	1	    0.000	    0.001
2000	263	1	    0.000	    0.001
2000	264	1	    0.000	    0.001
2000	265	1	    0.000	    0.001
2000	266	1	    0.000	    0.001
2000	267	1	    0.000	    0.001
2000	268	1	    0.000	    0.001
2000	269	1	    0.000	    0.000
2000	270	1	    0.000	    0.000
2000	271	1	    0.000	    0.000
2000	272	1	    0.000	    0.000
2000	273	1	    0.000	    0.000
2000	274	1	    0.001	    0.000
2000	275	1	    0.002	    0.000
2000	276	1	    0.003	    0.001
2000	277	1	    0.003	    0.001
2000	278	1	    0.003	    0.001
2000	279	1	    0.004	   99.502
2000	280	1	    0.005	  298.503
2000	281	1	    0.006	  497.504
2000	282	1	    0.008	  696.506
2000	283	1	    0.009	  890.663
2000	284	1	    0.009	  907.588
2000	285	1	    0.008	  835.296
2000	286	1	    0.007	  763.002
2000	287	1	    0.006	  690.709
2000	288	1	    0.006	  618.416
2000	289	1	    0.005	  546.123
2000	290	1	    0.006	  473.829
2000	291	1	    0.008	  401.536
2000	292	1	    0.009	  329.243
2000	293	1	    0.008	  256.949
2000	294	1	    0.008	  184.654
2000	295	1	    0.006	  112.359
2000	296	1	    0.005	   40.065
2000	297	1	    0.004	    1.859
2000	298	1	    0.003	    0.012
2000	299	1	    0.002	    0.011
2000	300	1	    0.001	    0.010
2000	301	1	    0.001	    0.010
2000	302	1	    0.002	    0.009
2000	303	1	    0.003	    0.008
2000	304	1	    0.004	    0.007
2000	305	1	    0.004	    0.006
2000	306	1	    0.004	    0.005
2000	307	1	    0.005	    0.005
2000	308	1	    0.005	    0.005
2000	309	1	    0.006	    1.635
2000	310	1	    0.007	    4.893
2000	311	1	    0.008	    8.152
2000	312	1	    0.008	   11.411
2000	313	1	    0.009	   14.589
2000	314	1	    0.009	   14.867
2000	315	1	   75.529	   43.309
2000	316	1	  226.569	  101.376
2000	317	1	  377.609	  159.443
2000	318	1	  465.608	  217.510
2000	319	1	  415.367	  276.275
2000	320	1	  360.228	  295.219
2000	321	1	  305.088	  308.357
2000	322	1	  249.949	  338.744
2000	323	1	  194.810	  373.503
2000	324	1	  139.670	  395.625
2000	325	1	   84.531	  405.119
2000	326	1	   29.392	  402.614
2000	327	1	    0.883	  389.297
2000	328	1	    0.003	  365.833
2000	329	1	    0.002	  332.287
2000	330	1	    0.002	  289.257
2000	331	1	    0.002	  238.125
2000	332	1	    0.001	  183.361
2000	333	1	    0.001	  139.042
2000	334	1	    0.001	  107.198
2000	335	1	    0.001	   79.256
2001	1	1	     0.001	    56.048
2001	2	1	    18.091	    57.925
2001	3	1	    54.271	    84.326
2001	4	1	    90.451	   114.554
2001	5	1	   111.529	   147.979
2001	6	1	    99.495	   183.509
2001	7	1	    86.288	   188.330
2001	8	1	    73.080	   181.438
2001	9	1	    59.872	   179.361
2001	10	1	    46.664	   178.529
2001	11	1	    33.456	   174.683
2001	12	1	    20.248	   167.813
2001	13	1	     7.040	   158.069
2001	14	1	     0.211	   145.602
2001	15	1	     0.000	   130.561
2001	16	1	     0.000	   113.098
2001	17	1	     0.000	    93.364
2001	18	1	     0.000	    71.688
2001	19	1	     0.000	    49.143
2001	20	1	     6.618	    34.522
2001	21	1	   803.036	  1744.255
2001	22	1	  4367.263	  7322.827
2001	23	1	  9946.330	 15424.381
2001	24	1	 14895.244	 23897.105
2001	25	1	 16753.432	 32308.934
2001	26	1	 14898.163	 37752.402
2001	27	1	 12848.728	 38365.129
2001	28	1	 10796.973	 37120.969
2001	29	1	  8745.219	 36053.016
2001	30	1	  6693.475	 34976.305
2001	31	1	  4641.896	 33437.715
