total surface runoff [m**3/timestep] for all sub-basins (MAP-IDs)
Year	Day	Timestep	15	69
2000	1	1	0.38374E+02	0.56675E-01
2000	2	1	0.28850E+03	0.13618E+03
2000	3	1	0.13199E+03	0.12016E+03
2000	4	1	0.47593E+02	0.11536E+03
2000	5	1	0.22713E+03	0.26917E+03
2000	6	1	0.17957E+03	0.22111E+03
2000	7	1	0.11666E+03	0.24515E+03
2000	8	1	0.15656E+03	0.48082E+02
2000	9	1	0.11820E+03	0.14433E+02
2000	10	1	0.46078E+02	0.74688E-01
2000	11	1	0.18454E+02	0.16119E+01
2000	12	1	0.15384E+02	0.12826E+02
2000	13	1	0.29193E+02	0.70438E-01
2000	14	1	0.18450E+02	0.64145E+01
2000	15	1	0.92420E+01	0.67502E-01
2000	16	1	0.46369E+01	0.16049E+01
2000	17	1	0.69085E+02	0.65692E+02
2000	18	1	0.15809E+03	0.12818E+03
2000	19	1	0.13968E+03	0.26758E+03
2000	20	1	0.44542E+02	0.16035E+02
2000	21	1	0.29195E+02	0.72294E-01
2000	22	1	0.61765E+01	0.70911E-01
2000	23	1	0.97167E-01	0.69527E-01
2000	24	1	0.46384E+01	0.96181E+01
2000	25	1	0.16913E+02	0.16057E+01
2000	26	1	0.10774E+02	0.48088E+01
2000	27	1	0.18445E+02	0.22432E+02
2000	28	1	0.12126E+03	0.12658E+03
2000	29	1	0.26397E+03	0.21630E+03
2000	30	1	0.14582E+03	0.22112E+03
2000	31	1	0.19646E+03	0.35264E+02
2000	32	1	0.72172E+02	0.80232E+01
2000	33	1	0.29206E+02	0.32152E+01
2000	34	1	0.12324E+02	0.72820E-01
2000	35	1	0.31154E+01	0.71451E-01
2000	36	1	0.77171E+01	0.70020E-01
2000	37	1	0.10390E+00	0.68618E-01
2000	38	1	0.78302E+02	0.70501E+02
2000	39	1	0.17882E+06	0.10255E+03
2000	40	1	0.22409E+03	0.30764E+03
2000	41	1	0.23944E+03	0.32339E+06
2000	42	1	0.17193E+03	0.37661E+06
2000	43	1	0.20109E+03	0.21955E+03
2000	44	1	0.24099E+03	0.26281E+03
2000	45	1	0.70228E+07	0.25801E+03
2000	46	1	0.58681E+05	0.19286E+02
2000	47	1	0.28877E+05	0.11926E+00
2000	48	1	0.19239E+04	0.11771E+00
2000	49	1	0.14351E+03	0.16548E+01
2000	50	1	0.77603E+01	0.16073E+02
2000	51	1	0.24638E+02	0.11295E+00
2000	52	1	0.16964E+02	0.32525E+01
2000	53	1	0.77556E+01	0.10999E+00
2000	54	1	0.31505E+01	0.10841E+00
2000	55	1	0.46833E+01	0.16457E+01
2000	56	1	0.92849E+01	0.16442E+01
2000	57	1	0.46797E+01	0.10379E+00
2000	58	1	0.92815E+01	0.32433E+01
2000	59	1	0.13883E+02	0.48441E+01
2000	60	1	0.10813E+02	0.99406E-01
2000	61	1	0.13086E+00	0.97872E-01
2000	62	1	0.12929E+00	0.96360E-01
2000	63	1	0.10808E+02	0.48383E+01
2000	64	1	0.31346E+01	0.93804E-01
2000	65	1	0.15990E+01	0.92795E-01
2000	66	1	0.31323E+01	0.80396E+01
2000	67	1	0.62001E+01	0.96408E+01
2000	68	1	0.77334E+01	0.80376E+01
2000	69	1	0.77321E+01	0.88745E-01
2000	70	1	0.24610E+02	0.14444E+02
2000	71	1	0.15402E+02	0.86503E-01
2000	72	1	0.77288E+01	0.85342E-01
2000	73	1	0.23073E+02	0.16232E+01
2000	74	1	0.31237E+01	0.83221E-01
2000	75	1	0.61914E+01	0.16208E+01
2000	76	1	0.21535E+02	0.16196E+01
2000	77	1	0.10793E+02	0.48227E+01
2000	78	1	0.12326E+02	0.78180E-01
2000	79	1	0.26136E+02	0.76913E-01
2000	80	1	0.96722E+02	0.64211E+01
2000	81	1	0.20000E+02	0.44873E+02
2000	82	1	0.10971E+00	0.64190E+01
2000	83	1	0.10817E+00	0.11225E+02
2000	84	1	0.10686E+00	0.32128E+01
2000	85	1	0.10570E+00	0.70765E-01
2000	86	1	0.10436E+00	0.69415E-01
2000	87	1	0.10294E+00	0.67997E-01
2000	88	1	0.10159E+00	0.66694E-01
2000	89	1	0.46432E+01	0.16045E+01
2000	90	1	0.46422E+01	0.64487E-01
2000	91	1	0.98274E-01	0.63415E-01
2000	92	1	0.97151E-01	0.62425E-01
2000	93	1	0.95979E-01	0.61297E-01
2000	94	1	0.94736E-01	0.60171E-01
2000	95	1	0.93427E-01	0.58949E-01
2000	96	1	0.92105E-01	0.57686E-01
2000	97	1	0.90689E-01	0.56231E-01
2000	98	1	0.89127E-01	0.54581E-01
2000	99	1	0.87573E-01	0.52953E-01
2000	100	1	0.86054E-01	0.51448E-01
2000	101	1	0.84680E-01	0.50101E-01
2000	102	1	0.83432E-01	0.48919E-01
2000	103	1	0.82256E-01	0.47706E-01
2000	104	1	0.80949E-01	0.46476E-01
2000	105	1	0.79656E-01	0.45294E-01
2000	106	1	0.78274E-01	0.44017E-01
2000	107	1	0.76752E-01	0.42666E-01
2000	108	1	0.75217E-01	0.41569E-01
2000	109	1	0.73836E-01	0.40901E-01
2000	110	1	0.72626E-01	0.40339E-01
2000	111	1	0.30797E+01	0.39828E-01
2000	112	1	0.30787E+01	0.39424E-01
2000	113	1	0.69421E-01	0.39080E-01
2000	114	1	0.68328E-01	0.38692E-01
2000	115	1	0.67152E-01	0.38220E-01
2000	116	1	0.66015E-01	0.37824E-01
2000	117	1	0.64697E-01	0.37339E-01
2000	118	1	0.63236E-01	0.36783E-01
2000	119	1	0.61790E-01	0.36187E-01
2000	120	1	0.60475E-01	0.35620E-01
2000	121	1	0.59116E-01	0.35120E-01
2000	122	1	0.57764E-01	0.34594E-01
2000	123	1	0.56453E-01	0.34047E-01
2000	124	1	0.55066E-01	0.33458E-01
2000	125	1	0.53880E-01	0.32980E-01
2000	126	1	0.52826E-01	0.32562E-01
2000	127	1	0.51833E-01	0.32179E-01
2000	128	1	0.50873E-01	0.31739E-01
2000	129	1	0.50010E-01	0.31417E-01
2000	130	1	0.49209E-01	0.31145E-01
2000	131	1	0.48255E-01	0.30755E-01
2000	132	1	0.47133E-01	0.30294E-01
2000	133	1	0.46034E-01	0.29860E-01
2000	134	1	0.45044E-01	0.29510E-01
2000	135	1	0.44015E-01	0.29067E-01
2000	136	1	0.42955E-01	0.28620E-01
2000	137	1	0.41924E-01	0.28166E-01
2000	138	1	0.40899E-01	0.27743E-01
2000	139	1	0.39916E-01	0.27328E-01
2000	140	1	0.39041E-01	0.26928E-01
2000	141	1	0.38403E-01	0.26502E-01
2000	142	1	0.37943E-01	0.26051E-01
2000	143	1	0.37513E-01	0.25605E-01
2000	144	1	0.37086E-01	0.25158E-01
2000	145	1	0.36710E-01	0.24780E-01
2000	146	1	0.36271E-01	0.24338E-01
2000	147	1	0.35815E-01	0.23887E-01
2000	148	1	0.35344E-01	0.23445E-01
2000	149	1	0.34874E-01	0.23000E-01
2000	150	1	0.34437E-01	0.22577E-01
2000	151	1	0.34024E-01	0.22189E-01
2000	152	1	0.33590E-01	0.21776E-01
2000	153	1	0.33141E-01	0.21334E-01
2000	154	1	0.32715E-01	0.20913E-01
2000	155	1	0.32318E-01	0.20539E-01
2000	156	1	0.31986E-01	0.20218E-01
2000	157	1	0.31685E-01	0.19931E-01
2000	158	1	0.31429E-01	0.19648E-01
2000	159	1	0.31177E-01	0.19379E-01
2000	160	1	0.30846E-01	0.19107E-01
2000	161	1	0.30466E-01	0.18736E-01
2000	162	1	0.30081E-01	0.18377E-01
2000	163	1	0.29711E-01	0.18022E-01
2000	164	1	0.29316E-01	0.17611E-01
2000	165	1	0.28960E-01	0.15561E+01
2000	166	1	0.28659E-01	0.16967E-01
2000	167	1	0.28355E-01	0.16642E-01
2000	168	1	0.27991E-01	0.16269E-01
2000	169	1	0.27601E-01	0.15849E-01
2000	170	1	0.27188E-01	0.15455E-01
2000	171	1	0.26796E-01	0.15084E-01
2000	172	1	0.26401E-01	0.14699E-01
2000	173	1	0.25987E-01	0.14281E-01
2000	174	1	0.25570E-01	0.13869E-01
2000	175	1	0.25170E-01	0.13461E-01
2000	176	1	0.24864E-01	0.13094E-01
2000	177	1	0.24523E-01	0.12749E-01
2000	178	1	0.24217E-01	0.12442E-01
2000	179	1	0.23921E-01	0.12184E-01
2000	180	1	0.23592E-01	0.11916E-01
2000	181	1	0.23260E-01	0.11584E-01
2000	182	1	0.22901E-01	0.11221E-01
2000	183	1	0.22540E-01	0.10862E-01
2000	184	1	0.22218E-01	0.10534E-01
2000	185	1	0.21914E-01	0.10233E-01
2000	186	1	0.21601E-01	0.99288E-02
2000	187	1	0.21277E-01	0.96105E-02
2000	188	1	0.20994E-01	0.93515E-02
2000	189	1	0.20688E-01	0.90522E-02
2000	190	1	0.20372E-01	0.87421E-02
2000	191	1	0.20068E-01	0.84517E-02
2000	192	1	0.19799E-01	0.81857E-02
2000	193	1	0.19520E-01	0.79049E-02
2000	194	1	0.19237E-01	0.76240E-02
2000	195	1	0.18986E-01	0.73871E-02
2000	196	1	0.18782E-01	0.72057E-02
2000	197	1	0.18545E-01	0.69720E-02
2000	198	1	0.18307E-01	0.67403E-02
2000	199	1	0.18078E-01	0.65207E-02
2000	200	1	0.17868E-01	0.63184E-02
2000	201	1	0.17655E-01	0.61145E-02
2000	202	1	0.17422E-01	0.58974E-02
2000	203	1	0.17189E-01	0.56751E-02
2000	204	1	0.16959E-01	0.54520E-02
2000	205	1	0.16719E-01	0.52214E-02
2000	206	1	0.16490E-01	0.50234E-02
2000	207	1	0.16238E-01	0.48080E-02
2000	208	1	0.15977E-01	0.46245E-02
2000	209	1	0.15686E-01	0.44739E-02
2000	210	1	0.15378E-01	0.43108E-02
2000	211	1	0.18368E+02	0.41383E-02
2000	212	1	0.14887E+01	0.39757E-02
2000	213	1	0.14567E-01	0.38239E-02
2000	214	1	0.14247E-01	0.36542E-02
2000	215	1	0.13935E-01	0.34883E-02
2000	216	1	0.30643E+02	0.33271E-02
2000	217	1	0.60907E+01	0.35189E+02
2000	218	1	0.30215E+01	0.30754E-02
2000	219	1	0.70539E+02	0.29883E-02
2000	220	1	0.27463E+03	0.75244E+02
2000	221	1	0.98166E+02	0.15417E+01
2000	222	1	0.19393E-01	0.26900E-02
2000	223	1	0.17117E-01	0.25637E-02
2000	224	1	0.16833E-01	0.24008E-02
2000	225	1	0.16521E-01	0.22297E-02
2000	226	1	0.16151E-01	0.20397E-02
2000	227	1	0.15769E-01	0.18423E-02
2000	228	1	0.15379E-01	0.16372E-02
2000	229	1	0.14974E-01	0.14139E-02
2000	230	1	0.14555E-01	0.11877E-02
2000	231	1	0.14129E-01	0.95478E-03
2000	232	1	0.13726E-01	0.73721E-03
2000	233	1	0.13294E-01	0.50002E-03
2000	234	1	0.12833E-01	0.26599E-03
2000	235	1	0.12364E-01	0.82289E-04
2000	236	1	0.11872E-01	0.21243E-05
2000	237	1	0.11370E-01	0.00000E+00
2000	238	1	0.10874E-01	0.00000E+00
2000	239	1	0.10389E-01	0.00000E+00
2000	240	1	0.99719E-02	0.00000E+00
2000	241	1	0.45524E+01	0.79478E+01
2000	242	1	0.93073E-02	0.00000E+00
2000	243	1	0.88644E-02	0.00000E+00
2000	244	1	0.84248E-02	0.00000E+00
2000	245	1	0.79976E-02	0.00000E+00
2000	246	1	0.75891E-02	0.00000E+00
2000	247	1	0.70867E-02	0.00000E+00
2000	248	1	0.76184E+01	0.00000E+00
2000	249	1	0.18102E+03	0.46401E+02
2000	250	1	0.12271E+03	0.84854E+02
2000	251	1	0.91556E+01	0.64472E-04
2000	252	1	0.75528E-02	0.00000E+00
2000	253	1	0.70935E-02	0.00000E+00
2000	254	1	0.65458E-02	0.00000E+00
2000	255	1	0.59332E-02	0.00000E+00
2000	256	1	0.53026E-02	0.00000E+00
2000	257	1	0.46990E-02	0.00000E+00
2000	258	1	0.42648E-02	0.00000E+00
2000	259	1	0.39471E-02	0.00000E+00
2000	260	1	0.36262E-02	0.00000E+00
2000	261	1	0.33143E-02	0.00000E+00
2000	262	1	0.29917E-02	0.00000E+00
2000	263	1	0.26748E-02	0.00000E+00
2000	264	1	0.23647E-02	0.00000E+00
2000	265	1	0.20475E-02	0.00000E+00
2000	266	1	0.91480E+01	0.00000E+00
2000	267	1	0.14351E-02	0.00000E+00
2000	268	1	0.11293E-02	0.00000E+00
2000	269	1	0.81987E-03	0.00000E+00
2000	270	1	0.51361E-03	0.00000E+00
2000	271	1	0.19688E-03	0.00000E+00
2000	272	1	0.29095E+02	0.15389E+01
2000	273	1	0.25006E+03	0.81650E+02
2000	274	1	0.13498E+03	0.80048E+02
2000	275	1	0.10582E+03	0.94470E+02
2000	276	1	0.36772E+02	0.23972E+02
2000	277	1	0.32167E+02	0.30379E+02
2000	278	1	0.19482E+03	0.11690E+03
2000	279	1	0.28536E+03	0.53890E+07
2000	280	1	0.28536E+03	0.33320E+03
2000	281	1	0.23320E+03	0.44856E+03
2000	282	1	0.26696E+03	0.26751E+03
2000	283	1	0.22976E+02	0.79525E+01
2000	284	1	0.13767E+02	0.15411E+01
2000	285	1	0.10584E+03	0.13292E+03
2000	286	1	0.59805E+02	0.68838E+02
2000	287	1	0.11505E+03	0.25469E+03
2000	288	1	0.16108E+03	0.10249E+03
2000	289	1	0.37898E+03	0.28194E+03
2000	290	1	0.36518E+03	0.35885E+03
2000	291	1	0.13041E+03	0.79637E+01
2000	292	1	0.30432E+01	0.13116E-01
2000	293	1	0.24524E+02	0.12585E-01
2000	294	1	0.49075E+02	0.15509E+01
2000	295	1	0.91780E+01	0.15504E+01
2000	296	1	0.31214E-01	0.10875E-01
2000	297	1	0.30676E-01	0.10215E-01
2000	298	1	0.30100E-01	0.95478E-02
2000	299	1	0.15033E+01	0.89389E-02
2000	300	1	0.32192E+02	0.20774E+02
2000	301	1	0.31761E+03	0.10409E+03
2000	302	1	0.21480E+03	0.75250E+02
2000	303	1	0.50614E+02	0.95248E-02
2000	304	1	0.58286E+02	0.19171E+02
2000	305	1	0.92046E+02	0.73646E+02
2000	306	1	0.17491E+03	0.16497E+03
2000	307	1	0.17491E+03	0.28514E+03
2000	308	1	0.22402E+03	0.22106E+03
2000	309	1	0.26852E+03	0.27270E+06
2000	310	1	0.14883E+03	0.14897E+03
2000	311	1	0.32530E+03	0.27554E+03
2000	312	1	0.17032E+03	0.68861E+02
2000	313	1	0.64447E+02	0.19192E+02
2000	314	1	0.12122E+03	0.76870E+02
2000	315	1	0.28525E+07	0.21219E+07
2000	316	1	0.15806E+03	0.30760E+03
2000	317	1	0.12123E+03	0.21948E+03
2000	318	1	0.19950E+03	0.15540E+03
2000	319	1	0.18262E+03	0.23391E+03
2000	320	1	0.11050E+03	0.17943E+03
2000	321	1	0.90554E+02	0.23231E+03
2000	322	1	0.89021E+02	0.15381E+03
2000	323	1	0.22252E+03	0.14740E+03
2000	324	1	0.11665E+03	0.10414E+03
2000	325	1	0.14427E+03	0.16342E+03
2000	326	1	0.93631E+02	0.11856E+03
2000	327	1	0.52200E+02	0.32049E+01
2000	328	1	0.12301E+02	0.60555E-01
2000	329	1	0.46270E+01	0.59604E-01
2000	330	1	0.82915E-01	0.58599E-01
2000	331	1	0.81781E-01	0.57533E-01
2000	332	1	0.80576E-01	0.56497E-01
2000	333	1	0.79371E-01	0.31966E+01
2000	334	1	0.75207E+02	0.84909E+02
2000	335	1	0.24400E+03	0.27718E+03
2001	1	1	0.21485E+03	0.24193E+03
2001	2	1	0.13391E+07	0.15961E+07
2001	3	1	0.16576E+03	0.16184E+03
2001	4	1	0.16423E+03	0.18587E+03
2001	5	1	0.36873E+02	0.32221E+01
2001	6	1	0.18456E+02	0.17639E+02
2001	7	1	0.77141E+01	0.77035E-01
2001	8	1	0.13851E+02	0.11228E+02
2001	9	1	0.27661E+02	0.75537E-01
2001	10	1	0.10038E+00	0.74864E-01
2001	11	1	0.99234E-01	0.74248E-01
2001	12	1	0.98138E-01	0.73600E-01
2001	13	1	0.97087E-01	0.72932E-01
2001	14	1	0.96222E-01	0.72260E-01
2001	15	1	0.95313E-01	0.71542E-01
2001	16	1	0.94273E-01	0.70684E-01
2001	17	1	0.93229E-01	0.69868E-01
2001	18	1	0.92348E-01	0.69150E-01
2001	19	1	0.91468E-01	0.68409E-01
2001	20	1	0.10894E+07	0.29042E+06
2001	21	1	0.21224E+08	0.38625E+08
2001	22	1	0.38873E+08	0.50262E+08
2001	23	1	0.15846E+07	0.18819E+08
2001	24	1	0.18057E+03	0.18819E+03
2001	25	1	0.16344E+03	0.22097E+03
2001	26	1	0.28913E+02	0.79977E+02
2001	27	1	0.86327E+02	0.76840E+02
2001	28	1	0.61138E+02	0.60084E+02
2001	29	1	0.15992E+03	0.10234E+03
2001	30	1	0.92086E+04	0.42795E+02
2001	31	1	0.60753E+05	0.17342E+01
