daily actual evapotranspiration [mm/d] for all sub-basins (MAP-IDs)
Year	Day	15	69
2000	1	 3.833	 4.262
2000	2	 2.744	 3.394
2000	3	 3.295	 3.382
2000	4	 3.481	 3.161
2000	5	 2.640	 2.797
2000	6	 2.226	 2.722
2000	7	 2.580	 3.061
2000	8	 2.831	 3.195
2000	9	 2.493	 3.631
2000	10	 3.104	 3.610
2000	11	 2.919	 3.207
2000	12	 3.324	 3.535
2000	13	 3.640	 3.868
2000	14	 3.695	 3.865
2000	15	 3.740	 3.486
2000	16	 3.543	 3.392
2000	17	 3.747	 4.005
2000	18	 2.652	 3.053
2000	19	 2.140	 1.767
2000	20	 2.826	 3.411
2000	21	 3.220	 3.283
2000	22	 3.258	 3.374
2000	23	 3.133	 3.474
2000	24	 3.416	 3.684
2000	25	 3.550	 3.417
2000	26	 3.239	 3.176
2000	27	 3.227	 3.456
2000	28	 2.905	 3.201
2000	29	 2.537	 2.942
2000	30	 2.270	 2.367
2000	31	 2.347	 2.765
2000	32	 2.576	 2.807
2000	33	 3.048	 3.047
2000	34	 3.207	 3.285
2000	35	 3.544	 3.664
2000	36	 3.497	 3.457
2000	37	 3.056	 3.173
2000	38	 2.743	 2.681
2000	39	 2.010	 2.380
2000	40	 2.035	 1.863
2000	41	 1.688	 1.598
2000	42	 1.940	 2.102
2000	43	 1.968	 2.090
2000	44	 1.878	 1.810
2000	45	 1.585	 1.978
2000	46	 2.198	 2.963
2000	47	 2.257	 3.149
2000	48	 2.695	 3.490
2000	49	 2.694	 2.849
2000	50	 2.896	 3.187
2000	51	 3.356	 3.378
2000	52	 2.780	 2.793
2000	53	 2.973	 3.074
2000	54	 3.104	 3.159
2000	55	 3.340	 3.406
2000	56	 3.084	 2.895
2000	57	 3.225	 3.224
2000	58	 3.018	 2.877
2000	59	 3.028	 2.931
2000	60	 3.189	 2.988
2000	61	 2.843	 2.988
2000	62	 2.700	 2.815
2000	63	 2.896	 2.687
2000	64	 2.292	 1.772
2000	65	 2.318	 1.887
2000	66	 2.328	 2.246
2000	67	 2.491	 2.504
2000	68	 2.822	 2.656
2000	69	 2.768	 2.149
2000	70	 2.984	 2.922
2000	71	 2.853	 2.379
2000	72	 2.855	 2.249
2000	73	 1.988	 2.113
2000	74	 2.819	 2.617
2000	75	 2.799	 2.799
2000	76	 2.859	 2.826
2000	77	 2.799	 2.956
2000	78	 2.710	 2.738
2000	79	 2.786	 2.823
2000	80	 2.794	 2.939
2000	81	 2.525	 3.242
2000	82	 2.581	 2.767
2000	83	 2.531	 2.618
2000	84	 2.329	 2.234
2000	85	 2.647	 2.873
2000	86	 2.940	 2.947
2000	87	 2.965	 2.758
2000	88	 2.621	 2.334
2000	89	 2.619	 2.559
2000	90	 2.517	 2.417
2000	91	 2.337	 1.927
2000	92	 2.287	 2.229
2000	93	 2.453	 2.056
2000	94	 2.569	 2.307
2000	95	 2.553	 2.295
2000	96	 2.658	 2.588
2000	97	 3.170	 3.143
2000	98	 3.013	 3.147
2000	99	 2.942	 3.021
2000	100	 2.693	 2.881
2000	101	 2.417	 2.455
2000	102	 2.132	 2.414
2000	103	 2.480	 2.515
2000	104	 2.398	 2.317
2000	105	 2.509	 2.444
2000	106	 2.876	 2.762
2000	107	 3.027	 3.217
2000	108	 2.825	 3.160
2000	109	 2.338	 2.747
2000	110	 2.536	 2.526
2000	111	 2.513	 2.322
2000	112	 2.265	 1.704
2000	113	 2.003	 1.696
2000	114	 2.332	 2.243
2000	115	 2.087	 1.738
2000	116	 2.433	 2.111
2000	117	 2.816	 2.565
2000	118	 2.958	 2.964
2000	119	 2.528	 2.908
2000	120	 2.651	 2.494
2000	121	 2.747	 2.665
2000	122	 2.475	 2.772
2000	123	 2.860	 3.147
2000	124	 2.425	 2.391
2000	125	 2.075	 2.073
2000	126	 2.016	 1.760
2000	127	 2.021	 2.118
2000	128	 1.834	 1.551
2000	129	 1.657	 1.556
2000	130	 1.823	 1.776
2000	131	 2.292	 2.202
2000	132	 2.373	 2.206
2000	133	 2.028	 1.823
2000	134	 2.160	 2.167
2000	135	 2.345	 2.230
2000	136	 2.259	 2.266
2000	137	 2.265	 2.107
2000	138	 2.210	 2.058
2000	139	 2.155	 1.963
2000	140	 2.247	 2.102
2000	141	 2.382	 2.268
2000	142	 2.273	 2.332
2000	143	 2.202	 2.420
2000	144	 1.968	 1.843
2000	145	 2.173	 2.183
2000	146	 2.329	 2.280
2000	147	 2.472	 2.225
2000	148	 2.570	 2.311
2000	149	 2.342	 2.204
2000	150	 2.087	 1.932
2000	151	 2.231	 2.039
2000	152	 2.498	 2.414
2000	153	 2.334	 2.277
2000	154	 2.245	 2.039
2000	155	 1.859	 1.904
2000	156	 1.697	 1.572
2000	157	 1.551	 1.543
2000	158	 1.454	 1.632
2000	159	 1.871	 1.496
2000	160	 2.083	 1.979
2000	161	 2.166	 1.964
2000	162	 2.061	 1.893
2000	163	 2.362	 2.309
2000	164	 2.151	 2.309
2000	165	 1.909	 1.997
2000	166	 1.736	 1.821
2000	167	 2.308	 2.104
2000	168	 2.269	 2.560
2000	169	 2.579	 2.414
2000	170	 2.626	 2.395
2000	171	 2.544	 2.396
2000	172	 2.674	 2.650
2000	173	 2.699	 2.553
2000	174	 2.797	 2.645
2000	175	 1.952	 2.402
2000	176	 2.416	 2.273
2000	177	 2.303	 2.001
2000	178	 2.002	 1.785
2000	179	 2.212	 1.810
2000	180	 2.147	 2.071
2000	181	 2.453	 2.414
2000	182	 2.590	 2.496
2000	183	 2.304	 2.242
2000	184	 2.112	 2.067
2000	185	 2.201	 2.082
2000	186	 2.535	 2.427
2000	187	 2.268	 1.890
2000	188	 2.313	 2.149
2000	189	 2.521	 2.406
2000	190	 2.580	 2.368
2000	191	 2.395	 2.140
2000	192	 2.473	 2.428
2000	193	 2.683	 2.600
2000	194	 2.505	 2.345
2000	195	 1.995	 1.556
2000	196	 2.307	 2.214
2000	197	 2.463	 2.324
2000	198	 2.542	 2.352
2000	199	 2.390	 2.225
2000	200	 2.265	 2.100
2000	201	 2.530	 2.260
2000	202	 2.487	 2.277
2000	203	 2.358	 2.181
2000	204	 2.444	 2.315
2000	205	 2.213	 2.137
2000	206	 2.484	 2.435
2000	207	 2.513	 2.515
2000	208	 2.826	 2.650
2000	209	 2.998	 2.897
2000	210	 3.011	 3.113
2000	211	 3.830	 2.959
2000	212	 2.742	 2.607
2000	213	 2.789	 2.756
2000	214	 2.702	 2.661
2000	215	 2.700	 2.601
2000	216	 4.308	 2.780
2000	217	 2.440	 3.723
2000	218	 1.633	 1.801
2000	219	 4.087	 2.238
2000	220	 3.835	 3.589
2000	221	 2.687	 2.507
2000	222	 3.426	 3.251
2000	223	 4.482	 2.863
2000	224	 3.005	 2.415
2000	225	 2.782	 2.679
2000	226	 2.879	 2.774
2000	227	 2.877	 2.790
2000	228	 3.002	 3.116
2000	229	 3.120	 3.133
2000	230	 3.223	 3.294
2000	231	 2.919	 2.895
2000	232	 3.023	 3.102
2000	233	 3.232	 3.126
2000	234	 3.223	 3.202
2000	235	 3.419	 3.376
2000	236	 3.526	 3.418
2000	237	 3.492	 3.365
2000	238	 3.652	 3.729
2000	239	 3.215	 3.232
2000	240	 2.370	 2.388
2000	241	 2.601	 2.819
2000	242	 2.821	 2.685
2000	243	 2.929	 2.954
2000	244	 3.003	 3.006
2000	245	 2.510	 2.745
2000	246	 3.349	 3.278
2000	247	 3.637	 3.696
2000	248	 4.188	 3.851
2000	249	 6.157	 6.287
2000	250	 4.316	 4.661
2000	251	 5.599	 5.266
2000	252	 5.588	 4.000
2000	253	 3.989	 3.521
2000	254	 3.805	 3.753
2000	255	 3.955	 3.953
2000	256	 4.091	 3.971
2000	257	 4.124	 3.915
2000	258	 3.827	 3.477
2000	259	 3.812	 3.198
2000	260	 3.578	 2.931
2000	261	 3.718	 2.873
2000	262	 3.726	 2.483
2000	263	 3.678	 2.217
2000	264	 3.796	 2.006
2000	265	 3.944	 1.982
2000	266	 4.443	 1.771
2000	267	 3.690	 1.654
2000	268	 3.670	 1.616
2000	269	 3.516	 1.523
2000	270	 3.767	 1.479
2000	271	 3.725	 1.448
2000	272	 4.795	 1.718
2000	273	 2.103	 2.468
2000	274	 2.595	 2.452
2000	275	 3.052	 2.660
2000	276	 3.238	 3.103
2000	277	 3.887	 3.868
2000	278	 2.741	 3.531
2000	279	 1.715	 1.357
2000	280	 1.438	 1.438
2000	281	 2.275	 2.119
2000	282	 1.743	 1.506
2000	283	 1.974	 2.272
2000	284	 2.475	 2.666
2000	285	 2.501	 2.451
2000	286	 2.888	 2.869
2000	287	 3.165	 2.994
2000	288	 2.438	 2.710
2000	289	 2.251	 2.229
2000	290	 1.645	 1.705
2000	291	 2.632	 3.850
2000	292	 3.721	 4.303
2000	293	 4.116	 2.951
2000	294	 3.416	 2.712
2000	295	 4.055	 2.767
2000	296	 4.478	 2.740
2000	297	 2.771	 2.817
2000	298	 2.630	 2.731
2000	299	 2.534	 2.575
2000	300	 3.905	 3.780
2000	301	 2.954	 4.147
2000	302	 3.027	 4.031
2000	303	 3.636	 4.241
2000	304	 3.698	 4.709
2000	305	 3.553	 4.465
2000	306	 3.204	 4.069
2000	307	 3.153	 3.531
2000	308	 3.660	 4.043
2000	309	 2.530	 2.518
2000	310	 2.405	 2.947
2000	311	 2.327	 2.669
2000	312	 2.145	 2.689
2000	313	 2.984	 3.771
2000	314	 3.351	 4.318
2000	315	 2.069	 2.021
2000	316	 2.286	 1.945
2000	317	 2.179	 2.109
2000	318	 1.957	 2.098
2000	319	 1.642	 2.110
2000	320	 2.077	 2.307
2000	321	 1.651	 1.311
2000	322	 2.434	 2.023
2000	323	 2.863	 2.903
2000	324	 2.782	 2.594
2000	325	 2.792	 2.824
2000	326	 2.589	 2.155
2000	327	 3.543	 3.897
2000	328	 3.810	 3.908
2000	329	 3.430	 3.754
2000	330	 3.391	 3.396
2000	331	 3.601	 2.949
2000	332	 3.458	 2.918
2000	333	 3.776	 3.218
2000	334	 3.225	 3.438
2000	335	 2.575	 2.944
2001	1	 1.568	 1.588
2001	2	 1.346	 1.608
2001	3	 1.726	 2.001
2001	4	 1.325	 1.382
2001	5	 1.796	 1.673
2001	6	 1.878	 2.039
2001	7	 1.719	 1.584
2001	8	 1.947	 1.935
2001	9	 1.883	 1.607
2001	10	 0.855	 0.844
2001	11	 0.981	 0.946
2001	12	 1.106	 1.033
2001	13	 1.079	 1.076
2001	14	 0.973	 1.079
2001	15	 1.522	 1.585
2001	16	 1.610	 1.616
2001	17	 1.008	 1.237
2001	18	 1.189	 1.315
2001	19	 1.219	 1.295
2001	20	 1.231	 1.225
2001	21	 1.430	 1.395
2001	22	 1.491	 1.408
2001	23	 1.487	 1.463
2001	24	 1.433	 1.284
2001	25	 2.455	 1.509
2001	26	 1.766	 1.811
2001	27	 2.553	 2.660
2001	28	 2.486	 2.462
2001	29	 2.510	 2.453
2001	30	 3.247	 3.916
2001	31	 3.360	 3.887
