total overland flow [m**3] for all sub-basins (MAP-IDs)
Year	Day	15	69
2000	1	0.38449E+02	0.12615E+00
2000	2	0.13550E+07	0.13625E+03
2000	3	0.17237E+06	0.12023E+03
2000	4	0.65237E+05	0.11543E+03
2000	5	0.25723E+06	0.26924E+03
2000	6	0.34705E+06	0.22118E+03
2000	7	0.31667E+06	0.24522E+03
2000	8	0.44621E+06	0.48154E+02
2000	9	0.39552E+06	0.14505E+02
2000	10	0.15109E+06	0.14568E+00
2000	11	0.39706E+05	0.16823E+01
2000	12	0.21592E+05	0.12896E+02
2000	13	0.34355E+05	0.13969E+00
2000	14	0.13016E+05	0.64832E+01
2000	15	0.19798E+04	0.13553E+00
2000	16	0.46979E+01	0.16723E+01
2000	17	0.69145E+02	0.65759E+02
2000	18	0.15815E+03	0.12825E+03
2000	19	0.13974E+03	0.26765E+03
2000	20	0.26052E+04	0.16102E+02
2000	21	0.29253E+02	0.13860E+00
2000	22	0.62344E+01	0.13678E+00
2000	23	0.15444E+00	0.13474E+00
2000	24	0.46951E+01	0.96827E+01
2000	25	0.16969E+02	0.16698E+01
2000	26	0.10829E+02	0.48724E+01
2000	27	0.18500E+02	0.22495E+02
2000	28	0.12131E+03	0.12664E+03
2000	29	0.16462E+06	0.21637E+03
2000	30	0.14587E+03	0.22118E+03
2000	31	0.19652E+03	0.35327E+02
2000	32	0.72227E+02	0.80858E+01
2000	33	0.29260E+02	0.32775E+01
2000	34	0.12378E+02	0.13480E+00
2000	35	0.31684E+01	0.13304E+00
2000	36	0.77695E+01	0.13108E+00
2000	37	0.15581E+00	0.12919E+00
2000	38	0.78353E+02	0.70562E+02
2000	39	0.77923E+06	0.10261E+03
2000	40	0.22414E+03	0.20192E+06
2000	41	0.13201E+06	0.17393E+07
2000	42	0.12648E+06	0.25553E+07
2000	43	0.26390E+06	0.21961E+03
2000	44	0.71328E+06	0.16166E+06
2000	45	0.15556E+08	0.18832E+06
2000	46	0.70116E+06	0.91297E+04
2000	47	0.21978E+06	0.35426E+02
2000	48	0.17782E+05	0.17692E+00
2000	49	0.74093E+04	0.17132E+01
2000	50	0.84366E+04	0.16131E+02
2000	51	0.34284E+05	0.16984E+00
2000	52	0.15125E+05	0.33089E+01
2000	53	0.26282E+04	0.16564E+00
2000	54	0.33993E+02	0.16345E+00
2000	55	0.47275E+01	0.17001E+01
2000	56	0.93285E+01	0.16979E+01
2000	57	0.47227E+01	0.15695E+00
2000	58	0.93239E+01	0.32959E+01
2000	59	0.13925E+02	0.48961E+01
2000	60	0.10854E+02	0.15089E+00
2000	61	0.17174E+00	0.14888E+00
2000	62	0.16970E+00	0.14687E+00
2000	63	0.10848E+02	0.48883E+01
2000	64	0.31742E+01	0.14339E+00
2000	65	0.16382E+01	0.14199E+00
2000	66	0.31711E+01	0.80885E+01
2000	67	0.62385E+01	0.96894E+01
2000	68	0.77714E+01	0.80859E+01
2000	69	0.77698E+01	0.13685E+00
2000	70	0.24648E+02	0.14492E+02
2000	71	0.15439E+02	0.13397E+00
2000	72	0.77656E+01	0.13260E+00
2000	73	0.23109E+02	0.16701E+01
2000	74	0.31599E+01	0.12984E+00
2000	75	0.62272E+01	0.16672E+01
2000	76	0.21571E+02	0.16656E+01
2000	77	0.10828E+02	0.48685E+01
2000	78	0.12361E+02	0.12364E+00
2000	79	0.26170E+02	0.12210E+00
2000	80	0.96758E+02	0.64661E+01
2000	81	0.20036E+02	0.44918E+02
2000	82	0.14462E+00	0.64634E+01
2000	83	0.14309E+00	0.11269E+02
2000	84	0.14158E+00	0.32568E+01
2000	85	0.14013E+00	0.11462E+00
2000	86	0.13850E+00	0.11311E+00
2000	87	0.13680E+00	0.11158E+00
2000	88	0.13516E+00	0.11016E+00
2000	89	0.46765E+01	0.16478E+01
2000	90	0.46752E+01	0.10769E+00
2000	91	0.13108E+00	0.10649E+00
2000	92	0.12972E+00	0.10536E+00
2000	93	0.12831E+00	0.10410E+00
2000	94	0.12684E+00	0.10285E+00
2000	95	0.12531E+00	0.10150E+00
2000	96	0.12378E+00	0.10012E+00
2000	97	0.12216E+00	0.98551E-01
2000	98	0.12036E+00	0.96792E-01
2000	99	0.11856E+00	0.95059E-01
2000	100	0.11680E+00	0.93384E-01
2000	101	0.11520E+00	0.91867E-01
2000	102	0.11374E+00	0.90529E-01
2000	103	0.11237E+00	0.89162E-01
2000	104	0.11086E+00	0.87775E-01
2000	105	0.10938E+00	0.86443E-01
2000	106	0.10780E+00	0.85019E-01
2000	107	0.10606E+00	0.83419E-01
2000	108	0.10431E+00	0.81680E-01
2000	109	0.10272E+00	0.80025E-01
2000	110	0.10139E+00	0.78563E-01
2000	111	0.31084E+01	0.77254E-01
2000	112	0.31073E+01	0.76202E-01
2000	113	0.97977E-01	0.75293E-01
2000	114	0.96821E-01	0.74272E-01
2000	115	0.95584E-01	0.73110E-01
2000	116	0.94388E-01	0.72101E-01
2000	117	0.93012E-01	0.70904E-01
2000	118	0.91497E-01	0.69519E-01
2000	119	0.89999E-01	0.68014E-01
2000	120	0.88634E-01	0.66591E-01
2000	121	0.87227E-01	0.65291E-01
2000	122	0.85828E-01	0.63916E-01
2000	123	0.84474E-01	0.62456E-01
2000	124	0.83044E-01	0.60987E-01
2000	125	0.81818E-01	0.59866E-01
2000	126	0.80725E-01	0.58907E-01
2000	127	0.79653E-01	0.58002E-01
2000	128	0.78604E-01	0.57057E-01
2000	129	0.77655E-01	0.56335E-01
2000	130	0.76779E-01	0.55645E-01
2000	131	0.75745E-01	0.54722E-01
2000	132	0.74558E-01	0.53659E-01
2000	133	0.73428E-01	0.52680E-01
2000	134	0.72410E-01	0.51814E-01
2000	135	0.71350E-01	0.50762E-01
2000	136	0.70210E-01	0.49688E-01
2000	137	0.69094E-01	0.48625E-01
2000	138	0.67984E-01	0.47622E-01
2000	139	0.66901E-01	0.46648E-01
2000	140	0.65823E-01	0.45685E-01
2000	141	0.64731E-01	0.44654E-01
2000	142	0.63639E-01	0.43557E-01
2000	143	0.62601E-01	0.42435E-01
2000	144	0.61623E-01	0.41369E-01
2000	145	0.60714E-01	0.40439E-01
2000	146	0.59683E-01	0.39383E-01
2000	147	0.58585E-01	0.38305E-01
2000	148	0.57432E-01	0.37231E-01
2000	149	0.56286E-01	0.36149E-01
2000	150	0.55248E-01	0.35141E-01
2000	151	0.54263E-01	0.34205E-01
2000	152	0.53194E-01	0.33173E-01
2000	153	0.52075E-01	0.32052E-01
2000	154	0.51017E-01	0.31008E-01
2000	155	0.50042E-01	0.30072E-01
2000	156	0.49210E-01	0.29292E-01
2000	157	0.48462E-01	0.28688E-01
2000	158	0.47803E-01	0.28205E-01
2000	159	0.47118E-01	0.27875E-01
2000	160	0.46261E-01	0.27592E-01
2000	161	0.45295E-01	0.27211E-01
2000	162	0.44319E-01	0.26842E-01
2000	163	0.43332E-01	0.26478E-01
2000	164	0.42288E-01	0.26058E-01
2000	165	0.41356E-01	0.15646E+01
2000	166	0.40540E-01	0.25395E-01
2000	167	0.39676E-01	0.25062E-01
2000	168	0.38667E-01	0.24681E-01
2000	169	0.37589E-01	0.24252E-01
2000	170	0.36425E-01	0.23850E-01
2000	171	0.35279E-01	0.23471E-01
2000	172	0.34110E-01	0.23078E-01
2000	173	0.32899E-01	0.22652E-01
2000	174	0.31665E-01	0.22233E-01
2000	175	0.30529E-01	0.21818E-01
2000	176	0.29590E-01	0.21444E-01
2000	177	0.28575E-01	0.21092E-01
2000	178	0.27656E-01	0.20778E-01
2000	179	0.26789E-01	0.20514E-01
2000	180	0.25976E-01	0.20240E-01
2000	181	0.25435E-01	0.19901E-01
2000	182	0.25072E-01	0.19532E-01
2000	183	0.24709E-01	0.19167E-01
2000	184	0.24384E-01	0.18833E-01
2000	185	0.24078E-01	0.18526E-01
2000	186	0.23762E-01	0.18216E-01
2000	187	0.23436E-01	0.17892E-01
2000	188	0.23150E-01	0.17628E-01
2000	189	0.22842E-01	0.17323E-01
2000	190	0.22523E-01	0.17008E-01
2000	191	0.22216E-01	0.16712E-01
2000	192	0.21945E-01	0.16441E-01
2000	193	0.21664E-01	0.16155E-01
2000	194	0.21379E-01	0.15869E-01
2000	195	0.21125E-01	0.15627E-01
2000	196	0.20919E-01	0.15441E-01
2000	197	0.20680E-01	0.15202E-01
2000	198	0.20440E-01	0.14966E-01
2000	199	0.20209E-01	0.14742E-01
2000	200	0.19997E-01	0.14535E-01
2000	201	0.19782E-01	0.14326E-01
2000	202	0.19547E-01	0.14105E-01
2000	203	0.19312E-01	0.13878E-01
2000	204	0.19080E-01	0.13651E-01
2000	205	0.18838E-01	0.13414E-01
2000	206	0.18608E-01	0.13192E-01
2000	207	0.18354E-01	0.12932E-01
2000	208	0.18091E-01	0.12661E-01
2000	209	0.17798E-01	0.12371E-01
2000	210	0.17488E-01	0.12052E-01
2000	211	0.18370E+02	0.11715E-01
2000	212	0.14908E+01	0.11397E-01
2000	213	0.16672E-01	0.11101E-01
2000	214	0.16351E-01	0.10770E-01
2000	215	0.16037E-01	0.10446E-01
2000	216	0.30645E+02	0.10132E-01
2000	217	0.60928E+01	0.35195E+02
2000	218	0.30236E+01	0.96388E-02
2000	219	0.70541E+02	0.94670E-02
2000	220	0.27463E+03	0.75250E+02
2000	221	0.98168E+02	0.15479E+01
2000	222	0.21486E-01	0.88804E-02
2000	223	0.19208E-01	0.86322E-02
2000	224	0.18923E-01	0.83111E-02
2000	225	0.18609E-01	0.79776E-02
2000	226	0.18237E-01	0.76077E-02
2000	227	0.17853E-01	0.72237E-02
2000	228	0.17462E-01	0.68249E-02
2000	229	0.17055E-01	0.63910E-02
2000	230	0.16634E-01	0.59513E-02
2000	231	0.16207E-01	0.55012E-02
2000	232	0.15802E-01	0.51032E-02
2000	233	0.15369E-01	0.47467E-02
2000	234	0.14907E-01	0.44985E-02
2000	235	0.14436E-01	0.42458E-02
2000	236	0.13942E-01	0.39839E-02
2000	237	0.13440E-01	0.37193E-02
2000	238	0.12942E-01	0.34583E-02
2000	239	0.12455E-01	0.31894E-02
2000	240	0.12038E-01	0.29597E-02
2000	241	0.45545E+01	0.79505E+01
2000	242	0.11371E-01	0.26150E-02
2000	243	0.10927E-01	0.23812E-02
2000	244	0.10486E-01	0.21359E-02
2000	245	0.10058E-01	0.18904E-02
2000	246	0.96480E-02	0.16558E-02
2000	247	0.91446E-02	0.13854E-02
2000	248	0.76204E+01	0.10938E-02
2000	249	0.18102E+03	0.46402E+02
2000	250	0.12271E+03	0.84855E+02
2000	251	0.91579E+01	0.47560E-03
2000	252	0.96071E-02	0.19430E-03
2000	253	0.91468E-02	0.35585E-04
2000	254	0.85980E-02	0.00000E+00
2000	255	0.79845E-02	0.00000E+00
2000	256	0.73510E-02	0.00000E+00
2000	257	0.67012E-02	0.00000E+00
2000	258	0.60529E-02	0.00000E+00
2000	259	0.54399E-02	0.00000E+00
2000	260	0.48563E-02	0.00000E+00
2000	261	0.44375E-02	0.00000E+00
2000	262	0.41144E-02	0.00000E+00
2000	263	0.37972E-02	0.00000E+00
2000	264	0.34867E-02	0.00000E+00
2000	265	0.31691E-02	0.00000E+00
2000	266	0.91491E+01	0.00000E+00
2000	267	0.25560E-02	0.00000E+00
2000	268	0.22499E-02	0.00000E+00
2000	269	0.19401E-02	0.00000E+00
2000	270	0.16335E-02	0.00000E+00
2000	271	0.13036E-02	0.00000E+00
2000	272	0.29096E+02	0.15389E+01
2000	273	0.25006E+03	0.81650E+02
2000	274	0.13498E+03	0.80048E+02
2000	275	0.10583E+03	0.94470E+02
2000	276	0.36773E+02	0.23972E+02
2000	277	0.32168E+02	0.30379E+02
2000	278	0.19482E+03	0.11690E+03
2000	279	0.28536E+03	0.70298E+07
2000	280	0.28537E+03	0.33320E+03
2000	281	0.23320E+03	0.44856E+03
2000	282	0.26696E+03	0.26752E+03
2000	283	0.22978E+02	0.79578E+01
2000	284	0.13769E+02	0.15463E+01
2000	285	0.10584E+03	0.13293E+03
2000	286	0.59807E+02	0.68843E+02
2000	287	0.11505E+03	0.25470E+03
2000	288	0.16108E+03	0.10249E+03
2000	289	0.37898E+03	0.28194E+03
2000	290	0.36518E+03	0.35885E+03
2000	291	0.13041E+03	0.79716E+01
2000	292	0.30452E+01	0.21033E-01
2000	293	0.24526E+02	0.20496E-01
2000	294	0.49077E+02	0.15588E+01
2000	295	0.91800E+01	0.15583E+01
2000	296	0.33221E-01	0.18769E-01
2000	297	0.32678E-01	0.18103E-01
2000	298	0.32098E-01	0.17431E-01
2000	299	0.15053E+01	0.16817E-01
2000	300	0.32194E+02	0.20782E+02
2000	301	0.31761E+03	0.10410E+03
2000	302	0.21480E+03	0.75258E+02
2000	303	0.50616E+02	0.17388E-01
2000	304	0.58288E+02	0.19178E+02
2000	305	0.92048E+02	0.73653E+02
2000	306	0.17491E+03	0.16498E+03
2000	307	0.17491E+03	0.28515E+03
2000	308	0.22402E+03	0.22107E+03
2000	309	0.26852E+03	0.33744E+06
2000	310	0.14884E+03	0.14898E+03
2000	311	0.32530E+03	0.27555E+03
2000	312	0.17033E+03	0.68869E+02
2000	313	0.64450E+02	0.19199E+02
2000	314	0.12123E+03	0.76878E+02
2000	315	0.30911E+07	0.33327E+07
2000	316	0.15806E+03	0.30761E+03
2000	317	0.12124E+03	0.21949E+03
2000	318	0.19950E+03	0.15540E+03
2000	319	0.18262E+03	0.23392E+03
2000	320	0.11050E+03	0.17944E+03
2000	321	0.90557E+02	0.23232E+03
2000	322	0.89023E+02	0.15382E+03
2000	323	0.22252E+03	0.14741E+03
2000	324	0.11665E+03	0.10415E+03
2000	325	0.14427E+03	0.16343E+03
2000	326	0.93637E+02	0.11857E+03
2000	327	0.52206E+02	0.32143E+01
2000	328	0.12307E+02	0.69840E-01
2000	329	0.46321E+01	0.68802E-01
2000	330	0.87627E-01	0.67717E-01
2000	331	0.86031E-01	0.66579E-01
2000	332	0.84327E-01	0.65469E-01
2000	333	0.82603E-01	0.32055E+01
2000	334	0.75210E+02	0.84917E+02
2000	335	0.24401E+03	0.27718E+03
2001	1	0.21486E+03	0.24194E+03
2001	2	0.14649E+07	0.29031E+07
2001	3	0.16577E+03	0.16184E+03
2001	4	0.16424E+03	0.18588E+03
2001	5	0.36883E+02	0.32308E+01
2001	6	0.18466E+02	0.17647E+02
2001	7	0.77240E+01	0.85536E-01
2001	8	0.13861E+02	0.11237E+02
2001	9	0.27671E+02	0.83894E-01
2001	10	0.11014E+00	0.83152E-01
2001	11	0.10896E+00	0.82435E-01
2001	12	0.10784E+00	0.81733E-01
2001	13	0.10676E+00	0.80999E-01
2001	14	0.10586E+00	0.80255E-01
2001	15	0.10493E+00	0.79463E-01
2001	16	0.10386E+00	0.78526E-01
2001	17	0.10279E+00	0.77610E-01
2001	18	0.10188E+00	0.76797E-01
2001	19	0.10098E+00	0.75965E-01
2001	20	0.99878E+06	0.43069E+06
2001	21	0.23639E+08	0.43927E+08
2001	22	0.43568E+08	0.55332E+08
2001	23	0.16272E+07	0.21711E+08
2001	24	0.18058E+03	0.18820E+03
2001	25	0.16344E+03	0.22097E+03
2001	26	0.19037E+04	0.79984E+02
2001	27	0.86336E+02	0.76847E+02
2001	28	0.61147E+02	0.60090E+02
2001	29	0.15993E+03	0.10235E+03
2001	30	0.32206E+05	0.42801E+02
2001	31	0.85687E+05	0.17403E+01
