River sediment load in ton/timestep (with MAP IDs as in hymo.dat)
Year	Day	Timestep	15	69
2000	1	1	    0.000	    0.000
2000	2	1	   94.026	    0.000
2000	3	1	  284.271	    0.001
2000	4	1	  477.258	    0.001
2000	5	1	  596.432	    1.921
2000	6	1	  550.546	    8.423
2000	7	1	  502.713	   31.109
2000	8	1	  460.088	   80.072
2000	9	1	  416.532	  151.272
2000	10	1	  366.740	  225.995
2000	11	1	  306.075	  285.575
2000	12	1	  230.694	  332.177
2000	13	1	  145.544	  366.847
2000	14	1	   91.004	  389.821
2000	15	1	   71.143	  400.610
2000	16	1	   53.038	  398.119
2000	17	1	   36.223	  381.073
2000	18	1	   22.479	  350.076
2000	19	1	   11.872	  310.597
2000	20	1	    4.862	  267.793
2000	21	1	    1.761	  223.691
2000	22	1	    0.895	  180.887
2000	23	1	    0.592	  142.475
2000	24	1	    0.352	  109.610
2000	25	1	    0.208	   81.785
2000	26	1	    0.152	   59.055
2000	27	1	    0.123	   41.236
2000	28	1	    0.096	   27.861
2000	29	1	    1.210	   18.316
2000	30	1	    3.465	   11.852
2000	31	1	    5.720	    7.573
2000	32	1	    7.035	    4.678
2000	33	1	    6.275	    2.758
2000	34	1	    5.443	    1.747
2000	35	1	    4.610	    1.564
2000	36	1	    3.777	    1.982
2000	37	1	    2.944	    2.667
2000	38	1	    2.111	    3.263
2000	39	1	   10.623	    3.708
2000	40	1	   28.481	    6.025
2000	41	1	   47.590	   51.793
2000	42	1	   61.091	  180.254
2000	43	1	   60.729	  350.102
2000	44	1	   69.731	  522.718
2000	45	1	  569.365	  696.376
2000	46	1	 1557.878	  797.280
2000	47	1	 2544.763	  788.460
2000	48	1	 3113.383	  742.107
2000	49	1	 2787.861	  707.661
2000	50	1	 2414.962	  751.570
2000	51	1	 2041.891	  927.852
2000	52	1	 1672.197	 1215.779
2000	53	1	 1302.908	 1530.803
2000	54	1	  934.104	 1762.446
2000	55	1	  566.165	 1908.968
2000	56	1	  201.935	 1974.686
2000	57	1	   11.655	 1964.293
2000	58	1	    1.570	 1882.907
2000	59	1	    0.636	 1749.317
2000	60	1	    0.426	 1582.500
2000	61	1	    0.263	 1378.569
2000	62	1	    0.116	 1152.196
2000	63	1	    0.025	  929.462
2000	64	1	    0.002	  719.337
2000	65	1	    0.000	  532.032
2000	66	1	    0.000	  376.483
2000	67	1	    0.000	  254.490
2000	68	1	    0.000	  162.359
2000	69	1	    0.000	   95.862
2000	70	1	    0.000	   50.764
2000	71	1	    0.000	   22.853
2000	72	1	    0.000	    7.921
2000	73	1	    0.000	    1.768
2000	74	1	    0.000	    0.219
2000	75	1	    0.000	    0.056
2000	76	1	    0.000	    0.026
2000	77	1	    0.000	    0.012
2000	78	1	    0.000	    0.005
2000	79	1	    0.000	    0.001
2000	80	1	    0.000	    0.000
2000	81	1	    0.000	    0.000
2000	82	1	    0.000	    0.000
2000	83	1	    0.000	    0.000
2000	84	1	    0.000	    0.000
2000	85	1	    0.000	    0.000
2000	86	1	    0.000	    0.000
2000	87	1	    0.000	    0.000
2000	88	1	    0.000	    0.000
2000	89	1	    0.000	    0.000
2000	90	1	    0.000	    0.000
2000	91	1	    0.000	    0.000
2000	92	1	    0.000	    0.000
2000	93	1	    0.000	    0.000
2000	94	1	    0.000	    0.000
2000	95	1	    0.000	    0.000
2000	96	1	    0.000	    0.000
2000	97	1	    0.000	    0.000
2000	98	1	    0.000	    0.000
2000	99	1	    0.000	    0.000
2000	100	1	    0.000	    0.000
2000	101	1	    0.000	    0.000
2000	102	1	    0.000	    0.000
2000	103	1	    0.000	    0.000
2000	104	1	    0.000	    0.000
2000	105	1	    0.000	    0.000
2000	106	1	    0.000	    0.000
2000	107	1	    0.000	    0.000
2000	108	1	    0.000	    0.000
2000	109	1	    0.000	    0.000
2000	110	1	    0.000	    0.000
2000	111	1	    0.000	    0.000
2000	112	1	    0.000	    0.000
2000	113	1	    0.000	    0.000
2000	114	1	    0.000	    0.000
2000	115	1	    0.000	    0.000
2000	116	1	    0.000	    0.000
2000	117	1	    0.000	    0.000
2000	118	1	    0.000	    0.000
2000	119	1	    0.000	    0.000
2000	120	1	    0.000	    0.000
2000	121	1	    0.000	    0.000
2000	122	1	    0.000	    0.000
2000	123	1	    0.000	    0.000
2000	124	1	    0.000	    0.000
2000	125	1	    0.000	    0.000
2000	126	1	    0.000	    0.000
2000	127	1	    0.000	    0.000
2000	128	1	    0.000	    0.000
2000	129	1	    0.000	    0.000
2000	130	1	    0.000	    0.000
2000	131	1	    0.000	    0.000
2000	132	1	    0.000	    0.000
2000	133	1	    0.000	    0.000
2000	134	1	    0.000	    0.000
2000	135	1	    0.000	    0.000
2000	136	1	    0.000	    0.000
2000	137	1	    0.000	    0.000
2000	138	1	    0.000	    0.000
2000	139	1	    0.000	    0.000
2000	140	1	    0.000	    0.000
2000	141	1	    0.000	    0.000
2000	142	1	    0.000	    0.000
2000	143	1	    0.000	    0.000
2000	144	1	    0.000	    0.000
2000	145	1	    0.000	    0.000
2000	146	1	    0.000	    0.000
2000	147	1	    0.000	    0.000
2000	148	1	    0.000	    0.000
2000	149	1	    0.000	    0.000
2000	150	1	    0.000	    0.000
2000	151	1	    0.000	    0.000
2000	152	1	    0.000	    0.000
2000	153	1	    0.000	    0.000
2000	154	1	    0.000	    0.000
2000	155	1	    0.000	    0.000
2000	156	1	    0.000	    0.000
2000	157	1	    0.000	    0.000
2000	158	1	    0.000	    0.000
2000	159	1	    0.000	    0.000
2000	160	1	    0.000	    0.000
2000	161	1	    0.000	    0.000
2000	162	1	    0.000	    0.000
2000	163	1	    0.000	    0.000
2000	164	1	    0.000	    0.000
2000	165	1	    0.000	    0.000
2000	166	1	    0.000	    0.000
2000	167	1	    0.000	    0.000
2000	168	1	    0.000	    0.000
2000	169	1	    0.000	    0.000
2000	170	1	    0.000	    0.000
2000	171	1	    0.000	    0.000
2000	172	1	    0.000	    0.000
2000	173	1	    0.000	    0.000
2000	174	1	    0.000	    0.000
2000	175	1	    0.000	    0.000
2000	176	1	    0.000	    0.000
2000	177	1	    0.000	    0.000
2000	178	1	    0.000	    0.000
2000	179	1	    0.000	    0.000
2000	180	1	    0.000	    0.000
2000	181	1	    0.000	    0.000
2000	182	1	    0.000	    0.000
2000	183	1	    0.000	    0.000
2000	184	1	    0.000	    0.000
2000	185	1	    0.000	    0.000
2000	186	1	    0.000	    0.000
2000	187	1	    0.000	    0.000
2000	188	1	    0.000	    0.000
2000	189	1	    0.000	    0.000
2000	190	1	    0.000	    0.000
2000	191	1	    0.000	    0.000
2000	192	1	    0.000	    0.000
2000	193	1	    0.000	    0.000
2000	194	1	    0.000	    0.000
2000	195	1	    0.000	    0.000
2000	196	1	    0.000	    0.000
2000	197	1	    0.000	    0.000
2000	198	1	    0.000	    0.000
2000	199	1	    0.000	    0.000
2000	200	1	    0.000	    0.000
2000	201	1	    0.000	    0.000
2000	202	1	    0.000	    0.000
2000	203	1	    0.000	    0.000
2000	204	1	    0.000	    0.000
2000	205	1	    0.000	    0.000
2000	206	1	    0.000	    0.000
2000	207	1	    0.000	    0.000
2000	208	1	    0.000	    0.000
2000	209	1	    0.000	    0.000
2000	210	1	    0.000	    0.000
2000	211	1	    0.000	    0.000
2000	212	1	    0.000	    0.000
2000	213	1	    0.000	    0.000
2000	214	1	    0.000	    0.000
2000	215	1	    0.000	    0.000
2000	216	1	    0.000	    0.000
2000	217	1	    0.000	    0.000
2000	218	1	    0.000	    0.000
2000	219	1	    0.000	    0.000
2000	220	1	    0.000	    0.000
2000	221	1	    0.001	    0.000
2000	222	1	    0.001	    0.000
2000	223	1	    0.002	    0.000
2000	224	1	    0.002	    0.000
2000	225	1	    0.001	    0.000
2000	226	1	    0.001	    0.001
2000	227	1	    0.001	    0.001
2000	228	1	    0.001	    0.001
2000	229	1	    0.001	    0.001
2000	230	1	    0.000	    0.001
2000	231	1	    0.000	    0.001
2000	232	1	    0.000	    0.001
2000	233	1	    0.000	    0.001
2000	234	1	    0.000	    0.001
2000	235	1	    0.000	    0.001
2000	236	1	    0.000	    0.001
2000	237	1	    0.000	    0.001
2000	238	1	    0.000	    0.001
2000	239	1	    0.000	    0.000
2000	240	1	    0.000	    0.000
2000	241	1	    0.000	    0.000
2000	242	1	    0.000	    0.000
2000	243	1	    0.000	    0.000
2000	244	1	    0.000	    0.000
2000	245	1	    0.000	    0.000
2000	246	1	    0.000	    0.000
2000	247	1	    0.000	    0.000
2000	248	1	    0.000	    0.000
2000	249	1	    0.000	    0.000
2000	250	1	    0.000	    0.000
2000	251	1	    0.001	    0.000
2000	252	1	    0.001	    0.000
2000	253	1	    0.001	    0.000
2000	254	1	    0.001	    0.001
2000	255	1	    0.001	    0.001
2000	256	1	    0.001	    0.001
2000	257	1	    0.001	    0.001
2000	258	1	    0.000	    0.001
2000	259	1	    0.000	    0.001
2000	260	1	    0.000	    0.001
2000	261	1	    0.000	    0.001
2000	262	1	    0.000	    0.001
2000	263	1	    0.000	    0.001
2000	264	1	    0.000	    0.001
2000	265	1	    0.000	    0.001
2000	266	1	    0.000	    0.001
2000	267	1	    0.000	    0.000
2000	268	1	    0.000	    0.000
2000	269	1	    0.000	    0.000
2000	270	1	    0.000	    0.000
2000	271	1	    0.000	    0.000
2000	272	1	    0.000	    0.000
2000	273	1	    0.000	    0.000
2000	274	1	    0.001	    0.000
2000	275	1	    0.001	    0.000
2000	276	1	    0.002	    0.001
2000	277	1	    0.002	    0.001
2000	278	1	    0.002	    0.001
2000	279	1	    0.002	  147.876
2000	280	1	    0.003	  443.624
2000	281	1	    0.004	  739.374
2000	282	1	    0.005	 1035.124
2000	283	1	    0.005	 1323.672
2000	284	1	    0.005	 1348.826
2000	285	1	    0.005	 1241.386
2000	286	1	    0.004	 1133.945
2000	287	1	    0.004	 1026.505
2000	288	1	    0.003	  919.063
2000	289	1	    0.003	  811.623
2000	290	1	    0.004	  704.182
2000	291	1	    0.005	  596.742
2000	292	1	    0.005	  489.301
2000	293	1	    0.005	  381.859
2000	294	1	    0.005	  274.418
2000	295	1	    0.004	  166.976
2000	296	1	    0.003	   59.533
2000	297	1	    0.003	    2.754
2000	298	1	    0.002	    0.009
2000	299	1	    0.001	    0.008
2000	300	1	    0.001	    0.008
2000	301	1	    0.001	    0.007
2000	302	1	    0.001	    0.006
2000	303	1	    0.002	    0.006
2000	304	1	    0.002	    0.005
2000	305	1	    0.003	    0.004
2000	306	1	    0.003	    0.004
2000	307	1	    0.003	    0.004
2000	308	1	    0.003	    0.004
2000	309	1	    0.004	    2.726
2000	310	1	    0.004	    8.168
2000	311	1	    0.005	   13.611
2000	312	1	    0.005	   19.053
2000	313	1	    0.005	   24.363
2000	314	1	    0.005	   24.826
2000	315	1	   57.044	   80.014
2000	316	1	  171.122	  192.366
2000	317	1	  285.201	  304.719
2000	318	1	  351.664	  417.071
2000	319	1	  313.719	  528.256
2000	320	1	  272.074	  547.399
2000	321	1	  230.428	  530.962
2000	322	1	  188.782	  527.552
2000	323	1	  147.137	  527.446
2000	324	1	  105.491	  517.794
2000	325	1	   63.846	  498.605
2000	326	1	   22.200	  470.353
2000	327	1	    0.668	  434.446
2000	328	1	    0.003	  391.420
2000	329	1	    0.002	  340.806
2000	330	1	    0.002	  283.029
2000	331	1	    0.002	  219.134
2000	332	1	    0.001	  152.494
2000	333	1	    0.001	  105.663
2000	334	1	    0.001	   80.966
2000	335	1	    0.001	   59.862
2001	1	1	   0.001	  42.334
2001	2	1	  20.526	  74.624
2001	3	1	  61.575	 156.311
2001	4	1	 102.623	 240.889
2001	5	1	 126.539	 327.882
2001	6	1	 112.885	 415.155
2001	7	1	  97.900	 425.418
2001	8	1	  82.915	 401.037
2001	9	1	  67.929	 381.860
2001	10	1	  52.944	 364.021
2001	11	1	  37.958	 342.758
2001	12	1	  22.973	 318.063
2001	13	1	   7.988	 290.108
2001	14	1	   0.239	 259.062
2001	15	1	   0.000	 225.097
2001	16	1	   0.000	 188.383
2001	17	1	   0.000	 149.092
2001	18	1	   0.000	 107.599
2001	19	1	   0.000	  65.120
2001	20	1	   2.929	 119.588
2001	21	1	  11.127	 279.478
2001	22	1	  37.919	 453.652
2001	23	1	  78.519	 636.402
2001	24	1	 111.806	 818.477
2001	25	1	 127.205	 857.537
2001	26	1	 112.892	 813.753
2001	27	1	  97.710	 758.792
2001	28	1	  82.633	 701.547
2001	29	1	  67.541	 646.553
2001	30	1	  55.066	 592.002
2001	31	1	  45.840	 534.113
