sub-daily contribution to river [m3/s] for all sub-basins (MAP-IDs)
Year	Day	Timestep	15	69
2000	1	1	   97.48824	   45.69430
2000	2	1	  120.21380	   47.00932
2000	3	1	  106.66697	   48.35973
2000	4	1	  107.43530	   49.76255
2000	5	1	  114.56485	   51.47511
2000	6	1	  118.65810	   53.44073
2000	7	1	  121.49534	   55.72829
2000	8	1	  126.99875	   57.85405
2000	9	1	  129.74084	   59.82967
2000	10	1	  129.62767	   61.64827
2000	11	1	  131.10567	   63.32398
2000	12	1	  133.50900	   64.85255
2000	13	1	  136.09923	   66.24801
2000	14	1	  137.94405	   67.50956
2000	15	1	  139.69427	   68.65048
2000	16	1	  141.36749	   69.67998
2000	17	1	  142.93036	   70.63276
2000	18	1	  144.73055	   71.68339
2000	19	1	  146.68762	   73.03062
2000	20	1	  148.60564	   74.26369
2000	21	1	  150.10130	   75.40384
2000	22	1	  151.54103	   76.42973
2000	23	1	  152.84750	   77.35328
2000	24	1	  154.00290	   78.18661
2000	25	1	  155.00812	   78.94103
2000	26	1	  155.89830	   79.61854
2000	27	1	  156.67836	   80.22849
2000	28	1	  157.54036	   80.89056
2000	29	1	  160.70975	   81.70922
2000	30	1	  160.11688	   82.72273
2000	31	1	  161.76642	   83.66129
2000	32	1	  163.36464	   84.54639
2000	33	1	  164.81549	   85.36909
2000	34	1	  166.12526	   86.11542
2000	35	1	  167.29259	   86.77851
2000	36	1	  168.32626	   87.36552
2000	37	1	  169.22125	   87.88401
2000	38	1	  170.09695	   88.37460
2000	39	1	  180.80283	   88.93684
2000	40	1	  173.14920	   92.80676
2000	41	1	  176.94580	  120.10664
2000	42	1	  179.49193	  121.74250
2000	43	1	  183.98343	   94.73791
2000	44	1	  192.80614	   99.46024
2000	45	1	  355.61975	  103.32596
2000	46	1	  201.62550	  103.18378
2000	47	1	  199.99863	  105.45991
2000	48	1	  201.22202	  107.67109
2000	49	1	  204.30525	  109.65764
2000	50	1	  207.17769	  111.46083
2000	51	1	  210.00438	  113.10261
2000	52	1	  212.04951	  114.58791
2000	53	1	  213.93648	  115.92544
2000	54	1	  215.70699	  117.12463
2000	55	1	  217.27916	  118.19742
2000	56	1	  218.65402	  119.15840
2000	57	1	  219.85446	  120.00667
2000	58	1	  220.89563	  120.76111
2000	59	1	  221.80534	  121.43522
2000	60	1	  222.59828	  122.02827
2000	61	1	  223.26884	  122.54311
2000	62	1	  223.81912	  122.98717
2000	63	1	  224.26866	  123.37261
2000	64	1	  224.64294	  123.71114
2000	65	1	  224.94135	  124.00922
2000	66	1	  225.16933	  124.26991
2000	67	1	  225.33121	  124.49491
2000	68	1	  225.42722	  124.68320
2000	69	1	  225.46135	  124.83307
2000	70	1	  225.43852	  124.94498
2000	71	1	  225.36917	  125.02442
2000	72	1	  225.25444	  125.06970
2000	73	1	  225.10759	  125.08636
2000	74	1	  224.91571	  125.06796
2000	75	1	  224.68398	  125.01878
2000	76	1	  224.41002	  124.94022
2000	77	1	  224.10352	  124.83508
2000	78	1	  223.76810	  124.70425
2000	79	1	  223.40298	  124.54840
2000	80	1	  223.09822	  124.37122
2000	81	1	  222.75014	  124.17595
2000	82	1	  222.37477	  123.96253
2000	83	1	  221.96208	  123.73466
2000	84	1	  221.51637	  123.49353
2000	85	1	  221.03386	  123.23215
2000	86	1	  220.51472	  122.95116
2000	87	1	  219.96194	  122.65283
2000	88	1	  219.38229	  122.34088
2000	89	1	  218.78014	  122.01614
2000	90	1	  218.15607	  121.67879
2000	91	1	  217.51051	  121.33147
2000	92	1	  216.84363	  120.97197
2000	93	1	  216.15536	  120.60163
2000	94	1	  215.44553	  120.21948
2000	95	1	  214.71561	  119.82629
2000	96	1	  213.96611	  119.42134
2000	97	1	  213.19489	  119.00323
2000	98	1	  212.40320	  118.57288
2000	99	1	  211.59241	  118.13141
2000	100	1	  210.76579	  117.68049
2000	101	1	  209.92577	  117.22237
2000	102	1	  209.07526	  116.75706
2000	103	1	  208.21181	  116.28436
2000	104	1	  207.33711	  115.80540
2000	105	1	  206.45120	  115.32015
2000	106	1	  205.55292	  114.82821
2000	107	1	  204.64345	  114.32905
2000	108	1	  203.72505	  113.82333
2000	109	1	  202.80032	  113.31282
2000	110	1	  201.86806	  112.79826
2000	111	1	  200.93192	  112.28143
2000	112	1	  199.99292	  111.76346
2000	113	1	  199.04993	  111.24405
2000	114	1	  198.10211	  110.72182
2000	115	1	  197.15091	  110.19853
2000	116	1	  196.19502	  109.67303
2000	117	1	  195.23387	  109.14495
2000	118	1	  194.26747	  108.61372
2000	119	1	  193.29793	  108.07974
2000	120	1	  192.32518	  107.54417
2000	121	1	  191.34933	  107.00676
2000	122	1	  190.37161	  106.46766
2000	123	1	  189.39098	  105.92627
2000	124	1	  188.40924	  105.38427
2000	125	1	  187.42746	  104.84225
2000	126	1	  186.44600	  104.30065
2000	127	1	  185.46484	  103.75878
2000	128	1	  184.48473	  103.21787
2000	129	1	  183.50668	  102.67841
2000	130	1	  182.52986	  102.13949
2000	131	1	  181.55342	  101.60069
2000	132	1	  180.57759	  101.06210
2000	133	1	  179.60327	  100.52472
2000	134	1	  178.63049	   99.98769
2000	135	1	  177.65868	   99.45123
2000	136	1	  176.68825	   98.91523
2000	137	1	  175.71925	   98.38004
2000	138	1	  174.75197	   97.84574
2000	139	1	  173.78658	   97.31255
2000	140	1	  172.82321	   96.78036
2000	141	1	  171.86180	   96.24904
2000	142	1	  170.90263	   95.71873
2000	143	1	  169.94572	   95.18934
2000	144	1	  168.99194	   94.66151
2000	145	1	  168.04057	   94.13485
2000	146	1	  167.09174	   93.60939
2000	147	1	  166.14529	   93.08527
2000	148	1	  165.20120	   92.56243
2000	149	1	  164.25993	   92.04106
2000	150	1	  163.32179	   91.52140
2000	151	1	  162.38672	   91.00336
2000	152	1	  161.45447	   90.48682
2000	153	1	  160.52539	   89.97186
2000	154	1	  159.59962	   89.45764
2000	155	1	  158.67776	   88.94217
2000	156	1	  157.75984	   88.42908
2000	157	1	  156.84627	   87.91839
2000	158	1	  155.93713	   87.41014
2000	159	1	  155.03185	   86.90441
2000	160	1	  154.13029	   86.40077
2000	161	1	  153.23244	   85.89938
2000	162	1	  152.33838	   85.40025
2000	163	1	  151.44794	   84.90316
2000	164	1	  150.56133	   84.40823
2000	165	1	  149.67889	   83.91586
2000	166	1	  148.80064	   83.42568
2000	167	1	  147.92624	   82.93780
2000	168	1	  147.05566	   82.45198
2000	169	1	  146.18877	   81.96835
2000	170	1	  145.32570	   81.48697
2000	171	1	  144.46646	   81.00780
2000	172	1	  143.61093	   80.53072
2000	173	1	  142.75919	   80.05584
2000	174	1	  141.91127	   79.58315
2000	175	1	  141.06775	   79.11272
2000	176	1	  140.22812	   78.64458
2000	177	1	  139.39226	   78.17882
2000	178	1	  138.55888	   77.71558
2000	179	1	  137.72803	   77.25479
2000	180	1	  136.90164	   76.79629
2000	181	1	  136.07962	   76.34007
2000	182	1	  135.26196	   75.88617
2000	183	1	  134.44870	   75.43458
2000	184	1	  133.63991	   74.98537
2000	185	1	  132.83556	   74.53853
2000	186	1	  132.03555	   74.09399
2000	187	1	  131.24011	   73.65195
2000	188	1	  130.44897	   73.21217
2000	189	1	  129.66222	   72.77477
2000	190	1	  128.87987	   72.33973
2000	191	1	  128.10197	   71.90708
2000	192	1	  127.32842	   71.47675
2000	193	1	  126.55923	   71.04878
2000	194	1	  125.79444	   70.62321
2000	195	1	  125.03425	   70.20016
2000	196	1	  124.27827	   69.77937
2000	197	1	  123.52677	   69.36102
2000	198	1	  122.77964	   68.94505
2000	199	1	  122.03687	   68.53147
2000	200	1	  121.29849	   68.12027
2000	201	1	  120.56440	   67.71143
2000	202	1	  119.83459	   67.30492
2000	203	1	  119.10906	   66.90073
2000	204	1	  118.38769	   66.49883
2000	205	1	  117.67064	   66.09927
2000	206	1	  116.95767	   65.70190
2000	207	1	  116.24886	   65.30681
2000	208	1	  115.54408	   64.91389
2000	209	1	  114.84332	   64.52314
2000	210	1	  114.14655	   64.13451
2000	211	1	  113.45425	   63.74802
2000	212	1	  112.76527	   63.36369
2000	213	1	  112.08045	   62.98145
2000	214	1	  111.39964	   62.60134
2000	215	1	  110.72276	   62.22335
2000	216	1	  110.05036	   61.84747
2000	217	1	  109.38105	   61.47432
2000	218	1	  108.71626	   61.10247
2000	219	1	  108.05639	   60.73305
2000	220	1	  107.41413	   60.36710
2000	221	1	  106.76715	   60.00111
2000	222	1	  106.11667	   59.63821
2000	223	1	  105.47866	   59.27743
2000	224	1	  104.84431	   58.91870
2000	225	1	  104.21327	   58.56192
2000	226	1	  103.58565	   58.20712
2000	227	1	  102.96143	   57.85426
2000	228	1	  102.34051	   57.50330
2000	229	1	  101.72293	   57.15426
2000	230	1	  101.10863	   56.80709
2000	231	1	  100.49769	   56.46185
2000	232	1	   99.88998	   56.11845
2000	233	1	   99.28551	   55.77583
2000	234	1	   98.68430	   55.43182
2000	235	1	   98.08626	   55.08984
2000	236	1	   97.49141	   54.74989
2000	237	1	   96.89974	   54.41195
2000	238	1	   96.31126	   54.07601
2000	239	1	   95.72607	   53.74209
2000	240	1	   95.14420	   53.41022
2000	241	1	   94.56582	   53.08049
2000	242	1	   93.99028	   52.75243
2000	243	1	   93.41820	   52.42653
2000	244	1	   92.84934	   52.10257
2000	245	1	   92.28375	   51.78061
2000	246	1	   91.72111	   51.46053
2000	247	1	   91.16169	   51.14237
2000	248	1	   90.60553	   50.82613
2000	249	1	   90.05997	   50.51249
2000	250	1	   89.51319	   50.20086
2000	251	1	   88.96131	   49.88892
2000	252	1	   88.41980	   49.58004
2000	253	1	   87.88136	   49.27241
2000	254	1	   87.34583	   48.96535
2000	255	1	   86.81317	   48.66026
2000	256	1	   86.28338	   48.35710
2000	257	1	   85.75644	   48.05588
2000	258	1	   85.23244	   47.75658
2000	259	1	   84.71064	   47.45919
2000	260	1	   84.18817	   47.16369
2000	261	1	   83.66879	   46.87007
2000	262	1	   83.15254	   46.57833
2000	263	1	   82.63941	   46.28844
2000	264	1	   82.12932	   46.00040
2000	265	1	   81.62228	   45.71420
2000	266	1	   81.11849	   45.42982
2000	267	1	   80.61742	   45.14722
2000	268	1	   80.11954	   44.86645
2000	269	1	   79.62470	   44.58745
2000	270	1	   79.13280	   44.31023
2000	271	1	   78.64399	   44.03477
2000	272	1	   78.15867	   43.76112
2000	273	1	   77.68793	   43.49045
2000	274	1	   77.20678	   43.22544
2000	275	1	   76.73042	   42.95853
2000	276	1	   76.25284	   42.68510
2000	277	1	   75.78313	   42.41906
2000	278	1	   75.32454	   42.16265
2000	279	1	   74.87170	  124.15417
2000	280	1	   74.42373	   41.64966
2000	281	1	   73.98045	   41.39696
2000	282	1	   73.54887	   41.14995
2000	283	1	   73.10774	   40.89399
2000	284	1	   72.67902	   40.65158
2000	285	1	   72.26392	   40.42106
2000	286	1	   71.84040	   40.18018
2000	287	1	   71.42728	   39.95047
2000	288	1	   71.02030	   39.71761
2000	289	1	   70.63261	   39.49642
2000	290	1	   70.26387	   39.28425
2000	291	1	   69.89786	   39.05746
2000	292	1	   69.52811	   38.84436
2000	293	1	   69.16811	   38.63166
2000	294	1	   68.80906	   38.41926
2000	295	1	   68.44899	   38.20718
2000	296	1	   68.08959	   37.99525
2000	297	1	   67.73036	   37.78359
2000	298	1	   67.37083	   37.57231
2000	299	1	   67.01171	   37.36148
2000	300	1	   66.65358	   37.15155
2000	301	1	   66.32164	   36.94441
2000	302	1	   65.99131	   36.74083
2000	303	1	   65.65832	   36.52694
2000	304	1	   65.33684	   36.32080
2000	305	1	   65.01940	   36.11722
2000	306	1	   64.71670	   35.92160
2000	307	1	   64.42757	   35.72950
2000	308	1	   64.16064	   35.53994
2000	309	1	   63.93016	   39.46404
2000	310	1	   63.71392	   35.20428
2000	311	1	   63.56033	   35.05672
2000	312	1	   63.43045	   34.90432
2000	313	1	   63.29585	   34.75021
2000	314	1	   63.19032	   34.60873
2000	315	1	   98.78501	   73.46757
2000	316	1	   63.24662	   34.42649
2000	317	1	   63.32546	   34.37138
2000	318	1	   63.47829	   34.33493
2000	319	1	   63.70474	   34.33509
2000	320	1	   63.96546	   34.35895
2000	321	1	   64.26016	   34.43392
2000	322	1	   64.57738	   34.53473
2000	323	1	   65.01026	   34.66297
2000	324	1	   65.48672	   34.80941
2000	325	1	   66.03469	   34.99339
2000	326	1	   66.61351	   35.20472
2000	327	1	   67.15074	   35.38740
2000	328	1	   67.64911	   35.56054
2000	329	1	   68.10918	   35.71417
2000	330	1	   68.52278	   35.84813
2000	331	1	   68.88760	   35.96398
2000	332	1	   69.20587	   36.06285
2000	333	1	   69.48017	   36.14681
2000	334	1	   69.72488	   36.22186
2000	335	1	   70.11780	   36.37478
2001	1	1	   70.63792	   36.58935
2001	2	1	   88.41676	   69.84467
2001	3	1	   72.38623	   37.40502
2001	4	1	   73.48173	   37.93724
2001	5	1	   74.51325	   38.43262
2001	6	1	   75.50370	   38.91517
2001	7	1	   76.44183	   39.37461
2001	8	1	   77.33140	   39.81169
2001	9	1	   78.18330	   40.22765
2001	10	1	   79.00662	   40.62435
2001	11	1	   79.78979	   41.00320
2001	12	1	   80.52957	   41.36307
2001	13	1	   81.22813	   41.70405
2001	14	1	   81.88793	   42.02659
2001	15	1	   82.49853	   42.32844
2001	16	1	   83.05852	   42.61039
2001	17	1	   83.64584	   42.87844
2001	18	1	   84.25737	   43.18938
2001	19	1	   84.91659	   43.50358
2001	20	1	   89.90701	   97.17064
2001	21	1	   90.58052	   53.22895
2001	22	1	  103.15974	   52.82798
2001	23	1	   90.77049	   50.27581
2001	24	1	   92.94470	   48.77560
2001	25	1	   95.86710	   50.59929
2001	26	1	   97.66384	   52.40926
2001	27	1	  100.19395	   54.23026
2001	28	1	  102.12211	   55.96585
2001	29	1	  104.81194	   57.80720
2001	30	1	  110.48767	   59.50183
2001	31	1	  111.34724	   61.06627
