daily actual evapotranspiration [mm/d] for all sub-basins (MAP-IDs)
Year	Day	15	69
2000	1	 4.163	 4.268
2000	2	 3.151	 3.774
2000	3	 3.732	 3.815
2000	4	 3.843	 3.578
2000	5	 3.035	 3.208
2000	6	 2.622	 3.136
2000	7	 2.993	 3.482
2000	8	 3.241	 3.536
2000	9	 2.879	 3.714
2000	10	 3.446	 3.661
2000	11	 3.079	 3.284
2000	12	 3.434	 3.618
2000	13	 3.906	 3.935
2000	14	 3.860	 3.959
2000	15	 3.848	 3.603
2000	16	 3.638	 3.427
2000	17	 4.146	 4.369
2000	18	 3.053	 3.480
2000	19	 2.519	 2.140
2000	20	 3.163	 3.520
2000	21	 3.491	 3.313
2000	22	 3.350	 3.419
2000	23	 3.194	 3.526
2000	24	 3.502	 3.766
2000	25	 3.689	 3.482
2000	26	 3.355	 3.281
2000	27	 3.392	 3.633
2000	28	 3.325	 3.632
2000	29	 2.949	 3.357
2000	30	 2.646	 2.749
2000	31	 2.743	 3.052
2000	32	 2.951	 2.892
2000	33	 3.296	 3.121
2000	34	 3.293	 3.332
2000	35	 3.620	 3.721
2000	36	 3.589	 3.494
2000	37	 3.102	 3.174
2000	38	 3.138	 3.064
2000	39	 2.375	 2.765
2000	40	 2.431	 2.236
2000	41	 2.045	 1.947
2000	42	 2.301	 2.468
2000	43	 2.373	 2.491
2000	44	 2.263	 2.190
2000	45	 1.943	 2.359
2000	46	 2.584	 3.097
2000	47	 2.572	 3.193
2000	48	 2.780	 3.480
2000	49	 2.781	 2.902
2000	50	 2.980	 3.251
2000	51	 3.583	 3.407
2000	52	 2.891	 2.809
2000	53	 3.058	 2.929
2000	54	 3.167	 2.914
2000	55	 3.388	 3.171
2000	56	 3.151	 2.850
2000	57	 3.263	 3.125
2000	58	 3.058	 2.848
2000	59	 3.041	 2.925
2000	60	 3.202	 2.916
2000	61	 2.788	 2.919
2000	62	 2.644	 2.747
2000	63	 2.867	 2.693
2000	64	 2.111	 1.687
2000	65	 2.107	 1.834
2000	66	 2.150	 2.280
2000	67	 2.356	 2.566
2000	68	 2.744	 2.719
2000	69	 2.677	 2.080
2000	70	 3.129	 3.064
2000	71	 2.909	 2.335
2000	72	 2.880	 2.205
2000	73	 2.105	 2.096
2000	74	 2.842	 2.556
2000	75	 2.819	 2.792
2000	76	 2.982	 2.760
2000	77	 2.801	 2.938
2000	78	 2.708	 2.571
2000	79	 2.971	 2.571
2000	80	 3.137	 2.965
2000	81	 2.667	 3.527
2000	82	 2.600	 2.846
2000	83	 2.549	 2.675
2000	84	 2.387	 2.267
2000	85	 2.656	 2.815
2000	86	 2.942	 2.882
2000	87	 2.956	 2.539
2000	88	 2.607	 2.126
2000	89	 2.458	 2.462
2000	90	 2.469	 2.237
2000	91	 2.271	 1.796
2000	92	 2.194	 2.037
2000	93	 2.364	 1.942
2000	94	 2.463	 2.200
2000	95	 2.450	 2.192
2000	96	 2.548	 2.487
2000	97	 2.865	 3.046
2000	98	 2.819	 3.055
2000	99	 2.820	 2.934
2000	100	 2.576	 2.797
2000	101	 2.305	 2.406
2000	102	 2.024	 2.336
2000	103	 2.377	 2.441
2000	104	 2.299	 2.246
2000	105	 2.414	 2.375
2000	106	 2.785	 2.696
2000	107	 2.940	 3.154
2000	108	 2.742	 3.100
2000	109	 2.288	 2.689
2000	110	 2.459	 2.471
2000	111	 2.577	 2.356
2000	112	 2.332	 1.681
2000	113	 1.934	 1.644
2000	114	 2.264	 2.194
2000	115	 2.021	 1.690
2000	116	 2.370	 2.065
2000	117	 2.755	 2.521
2000	118	 2.900	 2.921
2000	119	 2.472	 2.867
2000	120	 2.597	 2.454
2000	121	 2.696	 2.627
2000	122	 2.426	 2.735
2000	123	 2.814	 3.112
2000	124	 2.380	 2.357
2000	125	 2.032	 2.041
2000	126	 1.974	 1.729
2000	127	 1.981	 2.088
2000	128	 1.795	 1.522
2000	129	 1.647	 1.614
2000	130	 1.786	 1.747
2000	131	 2.256	 2.175
2000	132	 2.338	 2.180
2000	133	 1.995	 1.854
2000	134	 2.154	 2.142
2000	135	 2.314	 2.206
2000	136	 2.229	 2.243
2000	137	 2.236	 2.084
2000	138	 2.182	 2.036
2000	139	 2.126	 1.942
2000	140	 2.219	 2.081
2000	141	 2.355	 2.248
2000	142	 2.248	 2.313
2000	143	 2.177	 2.401
2000	144	 1.970	 1.824
2000	145	 2.150	 2.165
2000	146	 2.307	 2.263
2000	147	 2.451	 2.209
2000	148	 2.549	 2.295
2000	149	 2.322	 2.189
2000	150	 2.069	 1.918
2000	151	 2.213	 2.024
2000	152	 2.481	 2.400
2000	153	 2.317	 2.264
2000	154	 2.229	 2.026
2000	155	 1.843	 1.915
2000	156	 1.682	 1.559
2000	157	 1.560	 1.531
2000	158	 1.463	 1.645
2000	159	 1.881	 1.511
2000	160	 2.069	 1.970
2000	161	 2.153	 1.955
2000	162	 2.049	 1.885
2000	163	 2.350	 2.301
2000	164	 2.139	 2.301
2000	165	 1.921	 2.047
2000	166	 1.725	 1.813
2000	167	 2.319	 2.096
2000	168	 2.259	 2.553
2000	169	 2.569	 2.406
2000	170	 2.637	 2.409
2000	171	 2.535	 2.389
2000	172	 2.665	 2.643
2000	173	 2.691	 2.547
2000	174	 2.789	 2.639
2000	175	 1.945	 2.396
2000	176	 2.429	 2.267
2000	177	 2.329	 1.995
2000	178	 2.016	 1.799
2000	179	 2.205	 1.825
2000	180	 2.141	 2.065
2000	181	 2.449	 2.409
2000	182	 2.587	 2.490
2000	183	 2.301	 2.237
2000	184	 2.108	 2.062
2000	185	 2.198	 2.077
2000	186	 2.532	 2.422
2000	187	 2.282	 1.885
2000	188	 2.310	 2.145
2000	189	 2.518	 2.402
2000	190	 2.577	 2.364
2000	191	 2.407	 2.135
2000	192	 2.470	 2.424
2000	193	 2.680	 2.596
2000	194	 2.502	 2.341
2000	195	 2.004	 1.551
2000	196	 2.305	 2.210
2000	197	 2.460	 2.320
2000	198	 2.539	 2.348
2000	199	 2.387	 2.221
2000	200	 2.262	 2.096
2000	201	 2.528	 2.256
2000	202	 2.484	 2.273
2000	203	 2.356	 2.177
2000	204	 2.442	 2.311
2000	205	 2.211	 2.145
2000	206	 2.482	 2.432
2000	207	 2.511	 2.512
2000	208	 2.824	 2.646
2000	209	 2.996	 2.893
2000	210	 3.009	 3.109
2000	211	 3.891	 2.953
2000	212	 2.770	 2.616
2000	213	 2.787	 2.751
2000	214	 2.700	 2.653
2000	215	 2.698	 2.519
2000	216	 4.389	 2.616
2000	217	 2.480	 3.562
2000	218	 1.665	 1.590
2000	219	 4.206	 1.959
2000	220	 3.967	 3.442
2000	221	 2.828	 2.258
2000	222	 3.425	 2.709
2000	223	 4.489	 2.216
2000	224	 3.131	 1.687
2000	225	 2.779	 1.756
2000	226	 2.877	 1.681
2000	227	 2.875	 1.550
2000	228	 3.000	 1.460
2000	229	 3.118	 1.322
2000	230	 3.221	 1.271
2000	231	 2.917	 1.094
2000	232	 3.021	 1.127
2000	233	 3.230	 1.094
2000	234	 3.221	 1.098
2000	235	 3.417	 1.113
2000	236	 3.524	 1.114
2000	237	 3.491	 1.067
2000	238	 3.650	 1.123
2000	239	 3.232	 0.987
2000	240	 2.369	 0.922
2000	241	 2.655	 1.475
2000	242	 2.819	 0.926
2000	243	 2.928	 0.976
2000	244	 3.020	 0.995
2000	245	 2.498	 0.906
2000	246	 3.312	 1.058
2000	247	 3.520	 1.159
2000	248	 3.983	 1.278
2000	249	 6.051	 3.981
2000	250	 4.308	 3.524
2000	251	 5.308	 3.129
2000	252	 5.087	 1.750
2000	253	 3.347	 1.235
2000	254	 2.961	 1.300
2000	255	 2.730	 1.355
2000	256	 2.432	 1.375
2000	257	 2.195	 1.411
2000	258	 1.907	 1.333
2000	259	 1.791	 1.323
2000	260	 1.622	 1.306
2000	261	 1.599	 1.375
2000	262	 1.517	 1.312
2000	263	 1.428	 1.331
2000	264	 1.422	 1.336
2000	265	 1.541	 1.503
2000	266	 2.210	 1.402
2000	267	 1.541	 1.364
2000	268	 1.445	 1.411
2000	269	 1.388	 1.357
2000	270	 1.409	 1.354
2000	271	 1.420	 1.353
2000	272	 3.185	 1.683
2000	273	 2.047	 2.583
2000	274	 2.606	 2.574
2000	275	 3.059	 2.771
2000	276	 3.267	 3.147
2000	277	 3.835	 3.922
2000	278	 2.870	 3.666
2000	279	 1.898	 1.523
2000	280	 1.628	 1.620
2000	281	 2.482	 2.322
2000	282	 1.951	 1.707
2000	283	 2.093	 2.300
2000	284	 2.555	 2.650
2000	285	 2.712	 2.666
2000	286	 3.093	 3.074
2000	287	 3.378	 3.211
2000	288	 2.653	 2.929
2000	289	 2.470	 2.444
2000	290	 1.856	 1.907
2000	291	 2.851	 3.902
2000	292	 3.727	 4.314
2000	293	 4.270	 3.097
2000	294	 3.611	 2.796
2000	295	 4.119	 2.849
2000	296	 4.488	 2.735
2000	297	 2.895	 2.812
2000	298	 2.624	 2.753
2000	299	 2.613	 2.625
2000	300	 4.062	 3.848
2000	301	 3.173	 4.347
2000	302	 3.247	 4.227
2000	303	 3.840	 4.233
2000	304	 3.911	 4.817
2000	305	 3.786	 4.679
2000	306	 3.444	 4.290
2000	307	 3.393	 3.748
2000	308	 3.914	 4.288
2000	309	 2.808	 2.755
2000	310	 2.681	 3.194
2000	311	 2.601	 2.915
2000	312	 2.428	 2.957
2000	313	 3.274	 3.907
2000	314	 3.654	 4.605
2000	315	 2.357	 2.299
2000	316	 2.585	 2.239
2000	317	 2.479	 2.420
2000	318	 2.274	 2.413
2000	319	 1.940	 2.430
2000	320	 2.390	 2.638
2000	321	 1.951	 1.587
2000	322	 2.749	 2.310
2000	323	 3.181	 3.221
2000	324	 3.113	 2.913
2000	325	 3.134	 3.168
2000	326	 2.930	 2.474
2000	327	 3.874	 3.942
2000	328	 3.883	 3.930
2000	329	 3.498	 3.777
2000	330	 3.398	 3.337
2000	331	 3.646	 2.927
2000	332	 3.466	 2.887
2000	333	 3.844	 3.334
2000	334	 3.617	 3.828
2000	335	 2.984	 3.335
2001	1	 1.898	 1.920
2001	2	 1.597	 1.906
2001	3	 2.068	 2.357
2001	4	 1.632	 1.700
2001	5	 2.023	 1.703
2001	6	 1.947	 2.089
2001	7	 1.757	 1.605
2001	8	 1.953	 1.964
2001	9	 2.059	 1.641
2001	10	 1.530	 1.095
2001	11	 1.332	 1.085
2001	12	 1.116	 1.040
2001	13	 1.089	 1.084
2001	14	 0.980	 1.086
2001	15	 1.531	 1.595
2001	16	 1.619	 1.696
2001	17	 1.940	 2.023
2001	18	 2.138	 2.336
2001	19	 2.178	 2.299
2001	20	 1.787	 1.803
2001	21	 1.773	 1.729
2001	22	 1.827	 1.735
2001	23	 1.815	 1.783
2001	24	 1.764	 1.598
2001	25	 2.861	 1.846
2001	26	 1.894	 2.136
2001	27	 2.939	 3.035
2001	28	 2.849	 2.808
2001	29	 2.882	 2.819
2001	30	 3.637	 4.228
2001	31	 3.786	 3.906
