Year, day, hour, outflow_r(m**3/timestep)
  2000     1     1    2074469.000    2487364.000    3105484.000    4132393.000    3976111.250
  2000     2     1    2329964.500    2793731.000    3487966.000    4641382.000    4687571.500
  2000     3     1    2200630.000    2638644.500    3294350.000    4383721.500    4252637.500
  2000     4     1    2237679.250    2683066.000    3349815.000    4457518.500    4311120.000
  2000     5     1    2318259.500    2779700.750    3470446.500    4618060.500    4487459.000
  2000     6     1    2402597.750    2880822.750    3596701.750    4786062.000    4665589.000
  2000     7     1    2466881.000    2957897.500    3692934.000    4914106.000    4772101.500
  2000     8     1    2553238.500    3061436.000    3822208.000    5086136.000    4950491.500
  2000     9     1    2614903.750    3135373.500    3914521.500    5208974.500    5061091.000
  2000    10     1    2650774.250    3178378.500    3968218.500    5280417.500    5100752.000
  2000    11     1    2696988.500    3233790.250    4037402.000    5372475.000    5176509.500
  2000    12     1    2746853.500    3293580.500    4112050.250    5471806.000    5268735.000
  2000    13     1    2794408.000    3350600.000    4183238.000    5566536.000    5359091.500
  2000    14     1    2833828.500    3397867.000    4242250.500    5645060.500    5430405.500
  2000    15     1    2870528.500    3441871.000    4297191.000    5718167.000    5498083.000
  2000    16     1    2904570.000    3482688.500    4348151.500    5785979.000    5562140.500
  2000    17     1    2935676.500    3519991.000    4394718.500    5847951.500    5620562.000
  2000    18     1    2970857.500    3562182.500    4447387.500    5918048.000    5687698.000
  2000    19     1    3011760.500    3611237.250    4508625.000    5999532.000    5760678.000
  2000    20     1    3048858.000    3655698.500    4564153.000    6073414.000    5826836.500
  2000    21     1    3082943.000    3696565.000    4615176.500    6141307.500    5887345.000
  2000    22     1    3113532.000    3733242.000    4660969.000    6202238.500    5941732.500
  2000    23     1    3140971.500    3766143.000    4702046.500    6256899.000    5990609.000
  2000    24     1    3165381.500    3795412.250    4738588.500    6305524.000    6033956.500
  2000    25     1    3186919.250    3821236.500    4770830.000    6348429.000    6071742.000
  2000    26     1    3205977.000    3844087.750    4799359.500    6386392.000    6105106.500
  2000    27     1    3222760.000    3864212.250    4824484.500    6419826.500    6134286.500
  2000    28     1    3241082.250    3886189.750    4851914.500    6456337.000    6166332.500
  2000    29     1    3289347.250    3944072.250    4924169.000    6552500.000    6281786.000
  2000    30     1    3294660.500    3950443.000    4932127.000    6563077.500    6262219.500
  2000    31     1    3326156.250    3988198.000    4979271.000    6625819.000    6323523.500
  2000    32     1    3356245.250    4024270.000    5024315.000    6685745.000    6382662.500
  2000    33     1    3383719.000    4057208.500    5065442.000    6740465.000    6436412.500
  2000    34     1    3408552.000    4086983.000    5102616.000    6789929.500    6484939.500
  2000    35     1    3430570.500    4113384.000    5135577.500    6833788.000    6528171.500
  2000    36     1    3450035.500    4136723.500    5164717.000    6872565.000    6566570.500
  2000    37     1    3467020.500    4157088.750    5190143.500    6906398.000    6600062.000
  2000    38     1    3483219.000    4176519.250    5214396.000    6938679.000    6632569.000
  2000    39     1    3612616.500    4331684.500    5408105.000    7196470.000    6999368.500
  2000    40     1    3570290.000    4280941.000    5344747.000    7112147.500    6746628.500
  2000    41     1    3851438.500    4618053.500    5765628.000    7672207.500    6828029.500
  2000    42     1    4030242.000    4832443.000    6033298.500    8028383.000    6923910.000
  2000    43     1    3711143.500    4449825.000    5555604.000    7392730.000    7089425.500
  2000    44     1    3875190.500    4646528.000    5801183.500    7719522.000    7417182.500
  2000    45     1    5988164.500    7180073.500    8964316.000   11928644.000   13589520.000
  2000    46     1    4038229.250    4842000.500    6045249.000    8044286.000    7766560.000
  2000    47     1    4060456.500    4868647.000    6078523.000    8088553.000    7746303.000
  2000    48     1    4110473.750    4928616.000    6153397.500    8188181.000    7815491.500
  2000    49     1    4174078.750    5004881.000    6248615.000    8314884.000    7933317.500
  2000    50     1    4232821.500    5075317.500    6336554.500    8431902.000    8043365.500
  2000    51     1    4287867.500    5141318.500    6418956.000    8541554.000    8148244.500
  2000    52     1    4333288.000    5195781.500    6486954.000    8632038.000    8230243.500
  2000    53     1    4375073.000    5245881.000    6549504.000    8715270.000    8306666.000
  2000    54     1    4413302.000    5291718.500    6606733.000    8791422.000    8377609.500
  2000    55     1    4447262.000    5332438.500    6657572.000    8859072.000    8440544.000
  2000    56     1    4477265.500    5368415.000    6702487.000    8918841.000    8495844.000
  2000    57     1    4503604.000    5399994.500    6741915.000    8971306.000    8544315.000
  2000    58     1    4526646.500    5427625.000    6776412.000    9017211.000    8586582.000
  2000    59     1    4546922.500    5451936.500    6806764.500    9057602.000    8623643.000
  2000    60     1    4564658.000    5473201.500    6833314.000    9092930.000    8656066.000
  2000    61     1    4579855.000    5491423.000    6856064.000    9123201.000    8683852.000
  2000    62     1    4592590.000    5506692.000    6875128.500    9148570.000    8706941.000
  2000    63     1    4603180.000    5519392.000    6890983.000    9169669.000    8725934.000
  2000    64     1    4612200.000    5530210.500    6904489.000    9187642.000    8741924.000
  2000    65     1    4619717.000    5539224.000    6915742.000    9202616.000    8754973.000
  2000    66     1    4625803.500    5546521.500    6924853.500    9214740.000    8765226.000
  2000    67     1    4630543.500    5552204.000    6931949.000    9224181.000    8772841.000
  2000    68     1    4633918.000    5556248.000    6936998.000    9230899.000    8777807.000
  2000    69     1    4635999.000    5558744.000    6940114.500    9235047.000    8780271.000
  2000    70     1    4636793.000    5559695.500    6941301.500    9236628.000    8780406.000
  2000    71     1    4636509.000    5559355.000    6940876.500    9236062.000    8778552.000
  2000    72     1    4635167.000    5557745.500    6938868.000    9233388.000    8774813.000
  2000    73     1    4633016.000    5555171.500    6935651.500    9229113.000    8769772.000
  2000    74     1    4629826.000    5551340.500    6930871.500    9222746.000    8762896.000
  2000    75     1    4625702.500    5546396.500    6924699.000    9214534.000    8754436.000
  2000    76     1    4620624.000    5540307.500    6917095.500    9204418.000    8744258.000
  2000    77     1    4614747.000    5533262.000    6908299.500    9192713.000    8732746.000
  2000    78     1    4608123.500    5525320.500    6898384.000    9179520.000    8719985.000
  2000    79     1    4600776.500    5516510.000    6887384.500    9164883.000    8706020.000
  2000    80     1    4593961.500    5508343.000    6877183.500    9151318.000    8694490.000
  2000    81     1    4586264.000    5499114.000    6865662.000    9135977.000    8681038.000
  2000    82     1    4578004.000    5489203.500    6853293.500    9119514.000    8666618.000
  2000    83     1    4569077.000    5478502.000    6839932.000    9101735.000    8650795.000
  2000    84     1    4559547.000    5467077.500    6825667.500    9082755.000    8633676.000
  2000    85     1    4549318.000    5454808.000    6810351.500    9062373.000    8615168.000
  2000    86     1    4538386.500    5441700.500    6793986.000    9040596.000    8595269.000
  2000    87     1    4526819.000    5427831.000    6776670.000    9017554.000    8574093.000
  2000    88     1    4514730.000    5413338.500    6758575.000    8993477.000    8551853.000
  2000    89     1    4502159.000    5398266.000    6739756.000    8968436.000    8528662.000
  2000    90     1    4489127.000    5382640.000    6720247.500    8942476.000    8504556.000
  2000    91     1    4475688.500    5366528.000    6700131.000    8915706.000    8479591.000
  2000    92     1    4461833.500    5349914.000    6679389.000    8888105.000    8453809.000
  2000    93     1    4447573.000    5332814.500    6658041.000    8859697.000    8427200.000
  2000    94     1    4432896.000    5315214.500    6636068.000    8830458.000    8399766.000
  2000    95     1    4417831.000    5297151.000    6613515.500    8800448.000    8371567.000
  2000    96     1    4402372.500    5278615.500    6590374.000    8769654.000    8342614.500
  2000    97     1    4386471.000    5259548.000    6566568.500    8737976.000    8312811.500
  2000    98     1    4370157.000    5239986.500    6542146.000    8705478.000    8282215.500
  2000    99     1    4353459.500    5219965.000    6517149.000    8672215.000    8250874.500
  2000   100     1    4336442.500    5199563.000    6491676.500    8638320.000    8218917.500
  2000   101     1    4319165.000    5178847.500    6465812.000    8603904.000    8186441.500
  2000   102     1    4301667.000    5157867.000    6439618.000    8569049.000    8153558.500
  2000   103     1    4283912.000    5136575.500    6413037.000    8533676.000    8120168.000
  2000   104     1    4265936.000    5115021.500    6386127.000    8497867.000    8086339.500
  2000   105     1    4247737.000    5093200.500    6358883.000    8461614.000    8052068.500
  2000   106     1    4229300.000    5071093.000    6331281.000    8424885.000    8017321.500
  2000   107     1    4210636.000    5048714.000    6303342.000    8387707.000    7982157.000
  2000   108     1    4191764.500    5026087.000    6275092.000    8350115.500    7946603.500
  2000   109     1    4172751.500    5003292.000    6246630.500    8312244.000    7910793.500
  2000   110     1    4153592.750    4980319.000    6217949.500    8274078.000    7874682.500
  2000   111     1    4134340.500    4957237.500    6189130.500    8235731.000    7838383.500
  2000   112     1    4115028.000    4934083.000    6160221.000    8197262.000    7801937.500
  2000   113     1    4095652.250    4910850.000    6131215.500    8158664.000    7765336.500
  2000   114     1    4076184.000    4887503.500    6102069.000    8119878.000    7728542.000
  2000   115     1    4056659.500    4864095.000    6072842.000    8080987.000    7691614.000
  2000   116     1    4037051.000    4840581.500    6043486.000    8041923.500    7654501.500
  2000   117     1    4017341.000    4816947.000    6013979.000    8002658.000    7617177.000
  2000   118     1    3997523.500    4793184.000    5984312.000    7963180.500    7579642.500
  2000   119     1    3977632.000    4769334.500    5954535.000    7923558.000    7541980.500
  2000   120     1    3957681.000    4745414.000    5924670.000    7883817.000    7504188.500
  2000   121     1    3937669.500    4721419.000    5894711.500    7843953.000    7466269.500
  2000   122     1    3917618.500    4697377.500    5864695.000    7804011.000    7428275.000
  2000   123     1    3897503.500    4673256.000    5834581.000    7763938.000    7390157.500
  2000   124     1    3877365.500    4649112.000    5804436.000    7723825.000    7351996.000
  2000   125     1    3857227.250    4624967.000    5774290.500    7683711.500    7313830.500
  2000   126     1    3837101.000    4600835.500    5744162.000    7643620.000    7275672.500
  2000   127     1    3816978.500    4576706.000    5714036.500    7603534.000    7237523.500
  2000   128     1    3796885.000    4552615.000    5683959.000    7563509.000    7199419.500
  2000   129     1    3776835.500    4528577.000    5653945.500    7523572.000    7161389.500
  2000   130     1    3756812.500    4504566.500    5623969.500    7483684.000    7123404.500
  2000   131     1    3736798.250    4480566.000    5594006.000    7443811.000    7085429.500
  2000   132     1    3716794.500    4456580.500    5564060.000    7403962.000    7047470.500
  2000   133     1    3696824.000    4432638.000    5534167.000    7364185.000    7009566.500
  2000   134     1    3676880.750    4408724.000    5504310.500    7324456.000    6971715.500
  2000   135     1    3656959.750    4384837.000    5474488.000    7284771.000    6933898.500
  2000   136     1    3637064.750    4360981.500    5444704.500    7245139.000    6896133.000
  2000   137     1    3617202.250    4337166.000    5414971.000    7205573.000    6858425.500
  2000   138     1    3597376.500    4313394.000    5385292.000    7166079.000    6820784.500
  2000   139     1    3577592.000    4289672.000    5355674.500    7126668.000    6783215.500
  2000   140     1    3557847.000    4265996.500    5326115.500    7087334.000    6745717.500
  2000   141     1    3538139.500    4242365.000    5296612.000    7048075.000    6708288.000
  2000   142     1    3518474.500    4218788.000    5267175.000    7008905.000    6670944.500
  2000   143     1    3498854.500    4195261.500    5237802.500    6969819.000    6633685.500
  2000   144     1    3479295.000    4171811.250    5208524.000    6930859.000    6596543.500
  2000   145     1    3459785.500    4148415.750    5179316.000    6891992.000    6559493.500
  2000   146     1    3440325.250    4125082.000    5150184.000    6853226.000    6522538.000
  2000   147     1    3420898.500    4101788.250    5121102.000    6814527.000    6485672.500
  2000   148     1    3401475.000    4078499.000    5092025.000    6775835.000    6448898.000
  2000   149     1    3382112.000    4055282.500    5063038.500    6737264.000    6412231.500
  2000   150     1    3362816.500    4032147.000    5034153.500    6698827.500    6375683.500
  2000   151     1    3343586.000    4009088.500    5005365.000    6660519.000    6339251.500
  2000   152     1    3324418.000    3986104.500    4976670.000    6622335.000    6302930.500
  2000   153     1    3305316.000    3963200.500    4948074.000    6584284.000    6266729.500
  2000   154     1    3286285.000    3940382.500    4919585.000    6546375.000    6230657.000
  2000   155     1    3267333.500    3917661.250    4891216.500    6508626.000    6194732.500
  2000   156     1    3248466.500    3895040.500    4862973.500    6471045.000    6158963.000
  2000   157     1    3229688.000    3872524.000    4834862.000    6433637.000    6123359.000
  2000   158     1    3210999.750    3850116.500    4806885.500    6396411.000    6087926.000
  2000   159     1    3192395.000    3827807.500    4779033.500    6359346.000    6052639.500
  2000   160     1    3173867.000    3805588.500    4751295.000    6322434.000    6017497.000
  2000   161     1    3155417.000    3783466.000    4723674.500    6285680.500    5982497.500
  2000   162     1    3137046.000    3761439.500    4696174.000    6249086.500    5947645.500
  2000   163     1    3118749.750    3739500.000    4668783.000    6212638.000    5912932.000
  2000   164     1    3100532.000    3717656.500    4641511.500    6176348.500    5878366.500
  2000   165     1    3082401.000    3695920.750    4614372.000    6140236.000    5843963.000
  2000   166     1    3064355.000    3674282.000    4587357.000    6104287.000    5809720.500
  2000   167     1    3046391.000    3652740.500    4560463.000    6068499.000    5775625.000
  2000   168     1    3028504.250    3631291.500    4533685.000    6032865.500    5741678.500
  2000   169     1    3010694.000    3609936.500    4507023.000    5997386.000    5707873.500
  2000   170     1    2992963.500    3588678.000    4480481.000    5962068.000    5674218.500
  2000   171     1    2975312.000    3567513.000    4454056.500    5926906.000    5640708.500
  2000   172     1    2957738.500    3546440.000    4427747.500    5891896.000    5607342.500
  2000   173     1    2940243.250    3525461.500    4401556.500    5857045.000    5574124.500
  2000   174     1    2922826.500    3504578.000    4375483.500    5822349.000    5541053.000
  2000   175     1    2905496.000    3483802.000    4349542.500    5787833.000    5508154.000
  2000   176     1    2888234.750    3463103.500    4323701.000    5753445.000    5475360.500
  2000   177     1    2871041.500    3442488.750    4297963.500    5719197.000    5442679.000
  2000   178     1    2853913.750    3421953.250    4272324.000    5685079.500    5410092.000
  2000   179     1    2836877.500    3401525.500    4246820.000    5651140.500    5377677.000
  2000   180     1    2819930.250    3381202.500    4221448.500    5617379.500    5345436.500
  2000   181     1    2803071.750    3360987.500    4196210.000    5583794.500    5313366.000
  2000   182     1    2786299.500    3340877.000    4171102.000    5550383.500    5281463.500
  2000   183     1    2769616.500    3320873.500    4146127.500    5517151.500    5249735.000
  2000   184     1    2753024.250    3300979.750    4121289.500    5484100.500    5218181.500
  2000   185     1    2736521.500    3281192.000    4096584.500    5451225.500    5186798.500
  2000   186     1    2720106.750    3261508.500    4072010.500    5418525.000    5155585.500
  2000   187     1    2703783.750    3241940.250    4047577.750    5386014.000    5124550.500
  2000   188     1    2687549.250    3222471.000    4023272.000    5353669.500    5093681.000
  2000   189     1    2671403.750    3203111.500    3999101.500    5321506.000    5062985.000
  2000   190     1    2655346.500    3183858.500    3975064.000    5289520.000    5032459.500
  2000   191     1    2639379.500    3164714.500    3951162.500    5257716.000    5002108.000
  2000   192     1    2623501.000    3145675.500    3927392.000    5226085.000    4971925.500
  2000   193     1    2607711.250    3126742.000    3903754.000    5194630.000    4941912.000
  2000   194     1    2592010.750    3107917.500    3880251.000    5163355.000    4912071.000
  2000   195     1    2576402.250    3089206.000    3856888.000    5132268.000    4882408.500
  2000   196     1    2560883.500    3070593.500    3833652.250    5101347.000    4852910.500
  2000   197     1    2545453.750    3052092.500    3810553.500    5070609.000    4823586.000
  2000   198     1    2530113.000    3033698.000    3787588.000    5040049.500    4794432.500
  2000   199     1    2514861.500    3015411.250    3764757.000    5009668.500    4765451.000
  2000   200     1    2499699.000    2997230.500    3742058.500    4979464.000    4736638.000
  2000   201     1    2484624.250    2979155.500    3719491.000    4949434.500    4707993.000
  2000   202     1    2469636.500    2961184.500    3697054.750    4919579.000    4679515.500
  2000   203     1    2454736.000    2943318.250    3674749.000    4889898.000    4651204.500
  2000   204     1    2439921.250    2925554.500    3652570.500    4860385.000    4623056.500
  2000   205     1    2425192.500    2907896.500    3630524.000    4831049.000    4595076.500
  2000   206     1    2410548.000    2890335.000    3608599.000    4801874.000    4567253.500
  2000   207     1    2395988.000    2872877.500    3586803.250    4772871.000    4539595.500
  2000   208     1    2381510.500    2855517.500    3565129.500    4744029.500    4512092.500
  2000   209     1    2367114.250    2838256.000    3543577.500    4715350.500    4484747.500
  2000   210     1    2352798.250    2821090.750    3522146.000    4686832.500    4457557.500
  2000   211     1    2338569.000    2804031.000    3500846.250    4658493.500    4430543.500
  2000   212     1    2324412.500    2787055.750    3479654.000    4630290.500    4403655.500
  2000   213     1    2310339.000    2770180.500    3458584.000    4602250.500    4376928.500
  2000   214     1    2296345.750    2753401.750    3437636.500    4574377.000    4350361.500
  2000   215     1    2282432.000    2736718.500    3416808.500    4546662.500    4323946.500
  2000   216     1    2268605.250    2720142.000    3396110.500    4519124.500    4297708.500
  2000   217     1    2254855.500    2703658.000    3375529.000    4491734.500    4271585.500
  2000   218     1    2241179.750    2687263.750    3355059.500    4464499.000    4245643.000
  2000   219     1    2227605.000    2670985.000    3334734.000    4437458.500    4219894.000
  2000   220     1    2214314.500    2655062.000    3314838.750    4411006.500    4194859.000
  2000   221     1    2200947.250    2639026.000    3294830.000    4384363.000    4169595.500
  2000   222     1    2187572.750    2622980.750    3274805.500    4357703.500    4144175.500
  2000   223     1    2174397.750    2607181.250    3255080.500    4331453.500    4119271.000
  2000   224     1    2161295.750    2591472.750    3235468.500    4305357.500    4094509.250
  2000   225     1    2148265.250    2575847.250    3215960.000    4279397.000    4069876.750
  2000   226     1    2135305.250    2560307.500    3196558.250    4253579.500    4045378.000
  2000   227     1    2122415.500    2544852.500    3177262.000    4227902.500    4021011.000
  2000   228     1    2109595.000    2529480.000    3158069.000    4202362.000    3996774.500
  2000   229     1    2096834.000    2514179.000    3138966.000    4176942.500    3972667.000
  2000   230     1    2084087.500    2498895.500    3119884.000    4151550.000    3948687.500
  2000   231     1    2071412.500    2483697.750    3100910.500    4126303.250    3924840.000
  2000   232     1    2058808.500    2468585.000    3082041.000    4101193.250    3901117.750
  2000   233     1    2046274.000    2453555.750    3063276.500    4076222.500    3877521.500
  2000   234     1    2033809.250    2438610.000    3044616.250    4051392.000    3854053.250
  2000   235     1    2021413.125    2423746.500    3026059.000    4026698.250    3830709.000
  2000   236     1    2009085.750    2408965.500    3007605.000    4002141.250    3807488.500
  2000   237     1    1996826.750    2394266.500    2989253.500    3977722.500    3784393.000
  2000   238     1    1984636.250    2379649.500    2971004.500    3953439.500    3761422.000
  2000   239     1    1972514.875    2365115.500    2952860.250    3929296.500    3738578.000
  2000   240     1    1960464.500    2350668.500    2934823.000    3905296.000    3715865.500
  2000   241     1    1948488.250    2336310.250    2916895.750    3881441.750    3693287.750
  2000   242     1    1936574.375    2322021.250    2899056.000    3857699.000    3670819.000
  2000   243     1    1924732.000    2307821.750    2881328.500    3834110.000    3648487.750
  2000   244     1    1912957.500    2293703.750    2863702.500    3810656.500    3626280.750
  2000   245     1    1901251.750    2279669.750    2846181.250    3787343.500    3604202.750
  2000   246     1    1889612.750    2265712.250    2828754.500    3764151.000    3582238.000
  2000   247     1    1878039.750    2251836.000    2811429.500    3741097.500    3560399.500
  2000   248     1    1866535.250    2238042.000    2794207.000    3718180.500    3538688.750
  2000   249     1    1855205.750    2224465.000    2777244.750    3695628.250    3517411.500
  2000   250     1    1843869.500    2210876.250    2760281.000    3673050.500    3496065.000
  2000   251     1    1832439.500    2197159.750    2743165.250    3650260.500    3474491.250
  2000   252     1    1821198.000    2183680.250    2726335.750    3627863.500    3453347.000
  2000   253     1    1810023.500    2170281.500    2709606.500    3605601.500    3432324.500
  2000   254     1    1798912.750    2156959.500    2692973.250    3583467.500    3411414.500
  2000   255     1    1787865.750    2143713.500    2676435.500    3561461.000    3390617.500
  2000   256     1    1776882.250    2130544.000    2659993.000    3539581.500    3369932.250
  2000   257     1    1765946.750    2117431.750    2643622.500    3517797.000    3349314.000
  2000   258     1    1755030.750    2104343.000    2627281.750    3496054.000    3328679.250
  2000   259     1    1744180.875    2091333.625    2611039.250    3474439.500    3308164.000
  2000   260     1    1733397.375    2078403.750    2594896.750    3452959.500    3287772.500
  2000   261     1    1722679.750    2065553.000    2578851.750    3431608.500    3267501.500
  2000   262     1    1712027.625    2052780.500    2562906.000    3410390.500    3247352.500
  2000   263     1    1701440.750    2040086.500    2547058.000    3389302.500    3227325.500
  2000   264     1    1690918.875    2027470.250    2531306.750    3368342.500    3207417.000
  2000   265     1    1680461.500    2014931.875    2515652.250    3347510.750    3187628.000
  2000   266     1    1670070.750    2002473.125    2500097.250    3326814.000    3167966.500
  2000   267     1    1659739.250    1990085.000    2484630.500    3306231.500    3148408.250
  2000   268     1    1649474.000    1977776.375    2469263.500    3285782.750    3128976.750
  2000   269     1    1639271.875    1965543.500    2453991.000    3265460.250    3109663.250
  2000   270     1    1629132.500    1953385.875    2438811.750    3245260.750    3090464.250
  2000   271     1    1619056.000    1941303.875    2423728.250    3225191.000    3071386.250
  2000   272     1    1609045.250    1929302.000    2408742.500    3205254.500    3052433.500
  2000   273     1    1599279.000    1917608.750    2394127.500    3185835.000    3034101.000
  2000   274     1    1589439.250    1905806.000    2379398.500    3166220.500    3015306.750
  2000   275     1    1579643.250    1894060.750    2364735.000    3146705.000    2996707.750
  2000   276     1    1569737.375    1882173.125    2349902.250    3126958.750    2978054.750
  2000   277     1    1560033.000    1870535.500    2335373.000    3107623.750    2959712.750
  2000   278     1    1550612.750    1859252.375    2321272.500    3088880.500    2941831.250
  2000   279     1    2661725.500    3191552.000    3984623.500    5302265.000    2924147.000
  2000   280     1    1531963.000    1836907.750    2293358.500    3051743.000    2906634.500
  2000   281     1    1522769.250    1825886.000    2279597.250    3033421.500    2889287.000
  2000   282     1    1513789.000    1815112.250    2266151.000    3015537.000    2872397.000
  2000   283     1    1504545.000    1804007.875    2252312.000    2997099.250    2855096.750
  2000   284     1    1495657.875    1793348.250    2239005.750    2979390.500    2838310.500
  2000   285     1    1487124.875    1783127.500    2226233.750    2962403.000    2822067.000
  2000   286     1    1478331.750    1772577.750    2213068.500    2944879.500    2805476.500
  2000   287     1    1469816.750    1762376.875    2200322.500    2927920.750    2789279.000
  2000   288     1    1461327.000    1752194.250    2187612.500    2911017.500    2773315.000
  2000   289     1    1453241.000    1742515.125    2175508.500    2894932.000    2758080.500
  2000   290     1    1445491.875    1733228.250    2163910.000    2879496.500    2743522.750
  2000   291     1    1437554.250    1723682.000    2152020.250    2863654.000    2729022.000
  2000   292     1    1429764.750    1714336.125    2140358.500    2848119.000    2714374.500
  2000   293     1    1422117.375    1705167.375    2128909.750    2832885.500    2700139.000
  2000   294     1    1414487.625    1696020.000    2117489.000    2817693.250    2685946.000
  2000   295     1    1406848.500    1686859.000    2106053.000    2802469.250    2671703.500
  2000   296     1    1399225.000    1677717.625    2094639.500    2787278.750    2657497.500
  2000   297     1    1391610.000    1668587.000    2083239.750    2772110.250    2643305.500
  2000   298     1    1384000.500    1659462.750    2071849.000    2756951.750    2629110.000
  2000   299     1    1376403.000    1650353.250    2060476.500    2741821.500    2614933.750
  2000   300     1    1368833.750    1641279.500    2049145.500    2726746.500    2600800.000
  2000   301     1    1361636.250    1632663.500    2038370.500    2712442.000    2587673.500
  2000   302     1    1354480.250    1624079.500    2027659.750    2698178.000    2574515.750
  2000   303     1    1347147.625    1615276.875    2016682.500    2683552.750    2561253.250
  2000   304     1    1340067.000    1606788.000    2006082.250    2669448.000    2548425.000
  2000   305     1    1333071.000    1598403.375    1995610.250    2655516.000    2535739.500
  2000   306     1    1326353.375    1590357.250    1985555.625    2642145.000    2523584.000
  2000   307     1    1319827.500    1582539.500    1975789.500    2629146.750    2511886.750
  2000   308     1    1313572.500    1575034.375    1966421.125    2616686.250    2500934.250
  2000   309     1    1360637.750    1631483.000    2036884.000    2710451.500    2491280.750
  2000   310     1    1302620.125    1561901.250    1950029.000    2594868.500    2482120.250
  2000   311     1    1298234.625    1556655.000    1943464.000    2586150.250    2475230.250
  2000   312     1    1294029.625    1551598.125    1937167.625    2577759.000    2469088.750
  2000   313     1    1289738.375    1546442.375    1930740.250    2569192.500    2462754.000
  2000   314     1    1285954.750    1541909.500    1925075.375    2561659.500    2457432.750
  2000   315     1    2183482.750    2618116.500    3268687.500    4349602.000    3416946.000
  2000   316     1    1282670.250    1537989.000    1920166.750    2555129.500    2456135.750
  2000   317     1    1282000.375    1537180.500    1919163.250    2553792.250    2457157.250
  2000   318     1    1282390.250    1537648.000    1919745.250    2554576.750    2460725.000
  2000   319     1    1284050.500    1539641.750    1922231.625    2557883.000    2466788.250
  2000   320     1    1286337.500    1542378.250    1925655.000    2562430.500    2473929.500
  2000   321     1    1289608.625    1546304.500    1930554.000    2568946.500    2482217.500
  2000   322     1    1293372.500    1550812.750    1936187.000    2576442.500    2491175.000
  2000   323     1    1298746.250    1557258.000    1944228.500    2587158.000    2504039.750
  2000   324     1    1304729.500    1564427.500    1953186.750    2599067.250    2518133.000
  2000   325     1    1311910.625    1573040.125    1963936.250    2613373.250    2534556.250
  2000   326     1    1319734.500    1582419.750    1975650.250    2628956.000    2552014.250
  2000   327     1    1326691.375    1590749.000    1986057.500    2642800.500    2567965.250
  2000   328     1    1333153.500    1598495.750    1995731.250    2655667.500    2582648.750
  2000   329     1    1338971.000    1605470.875    2004439.500    2667254.500    2596040.750
  2000   330     1    1344105.500    1611627.000    2012126.000    2677481.500    2608028.000
  2000   331     1    1348531.500    1616934.250    2018752.000    2686298.500    2618496.500
  2000   332     1    1352292.500    1621443.750    2024382.500    2693790.750    2627539.000
  2000   333     1    1355414.375    1625187.250    2029055.625    2700009.000    2635194.000
  2000   334     1    1358107.500    1628422.750    2033090.250    2705387.250    2641883.500
  2000   335     1    1363244.375    1634599.500    2040783.500    2715641.000    2653227.500
  2001     1     1    1370499.500    1643300.125    2051646.500    2730096.250    2668923.500
  2001     2     1    1864023.000    2235067.250    2790454.000    3713223.500    3238397.500
  2001     3     1    1397228.250    1675343.250    2091659.000    2783335.750    2724032.250
  2001     4     1    1414447.125    1695991.375    2117436.000    2817637.000    2758917.250
  2001     5     1    1430482.375    1715204.000    2141439.500    2849565.500    2791647.000
  2001     6     1    1446018.625    1733832.125    2164697.500    2880511.500    2823159.750
  2001     7     1    1460747.750    1751490.750    2186746.250    2909850.250    2852998.750
  2001     8     1    1474713.250    1768237.125    2207653.000    2937670.500    2881304.750
  2001     9     1    1488063.875    1784245.500    2227639.000    2964267.750    2908426.750
  2001    10     1    1500901.000    1799639.750    2246857.500    2989841.500    2934636.500
  2001    11     1    1513107.750    1814275.250    2265131.500    3014156.000    2959549.000
  2001    12     1    1524646.375    1828109.750    2282404.750    3037139.750    2983182.500
  2001    13     1    1535577.500    1841216.750    2298769.000    3058915.250    3005589.250
  2001    14     1    1545925.875    1853624.875    2314260.250    3079529.500    3026828.500
  2001    15     1    1555559.000    1865172.375    2328679.250    3098714.500    3046579.750
  2001    16     1    1564443.000    1875825.250    2341978.750    3116412.500    3064713.500
  2001    17     1    1573466.000    1886650.750    2355487.250    3134398.500    3083734.500
  2001    18     1    1583214.000    1898341.250    2370081.000    3153815.000    3103509.500
  2001    19     1    1593502.625    1910676.750    2385482.000    3174311.750    3124836.250
  2001    20     1    2203794.000    2642465.000    3299094.500    4390052.000    3254104.500
  2001    21     1    1743235.875    2090232.875    2609635.250    3472604.500    3284518.500
  2001    22     1    1871730.500    2244303.250    2801992.000    3728572.500    3689596.500
  2001    23     1    1727241.750    2071049.500    2585693.500    3440732.000    3319683.000
  2001    24     1    1740612.625    2087077.250    2605707.500    3467370.000    3392672.000
  2001    25     1    1787226.500    2142968.750    2675489.000    3560221.500    3472061.500
  2001    26     1    1831738.750    2196330.250    2742124.500    3648880.000    3545786.000
  2001    27     1    1877029.500    2250633.750    2809921.000    3739101.000    3621247.500
  2001    28     1    1919892.000    2302026.250    2874087.000    3824482.000    3692153.000
  2001    29     1    1967078.500    2358611.500    2944725.500    3918491.000    3772410.750
  2001    30     1    2017113.250    2418601.750    3019623.250    4018165.000    3865880.000
  2001    31     1    2071044.875    2483260.500    3100358.500    4125581.000    3974900.000
