Year, day, hour, totallakeinflow(m**3/timestep), totallakeoutflow(m**3/timestep), totallakeprecip(m**3/timestep), totallakeevap(m**3/timestep), lakevol(m**3)
  2000     1     1   10372361.000   10372320.000         17.831         57.832        115.433
  2000     2     1   11649714.000   11649831.000        158.639         40.522        115.433
  2000     3     1   11003097.000   11003133.000         89.364         52.419        115.433
  2000     4     1   11188374.000   11188375.000         53.008         50.484        115.433
  2000     5     1   11591170.000   11591300.000        167.756         38.102        115.433
  2000     6     1   12012891.000   12012990.000        135.447         35.463        115.433
  2000     7     1   12334322.000   12334394.000        115.540         42.733        115.433
  2000     8     1   12766152.000   12766188.000         80.791         43.785        115.433
  2000     9     1   13074502.000   13074517.000         56.069         40.441        115.433
  2000    10     1   13253882.000   13253855.000         21.897         49.195        115.433
  2000    11     1   13484963.000   13484922.000         11.243         50.035        115.433
  2000    12     1   13734285.000   13734246.000         12.889         51.532        115.433
  2000    13     1   13972057.000   13972018.000         15.294         54.506        115.433
  2000    14     1   14169162.000   14169116.000         12.496         56.393        115.433
  2000    15     1   14352666.000   14352616.000          6.579         56.425        115.433
  2000    16     1   14522875.000   14522824.000          5.499         56.034        115.433
  2000    17     1   14678367.000   14678362.000         49.003         53.486        115.433
  2000    18     1   14854226.000   14854284.000        102.301         42.465        115.433
  2000    19     1   15058700.000   15058804.000        130.958         26.271        115.433
  2000    20     1   15244298.000   15244276.000         25.851         46.823        115.433
  2000    21     1   15414732.000   15414693.000         14.459         52.777        115.433
  2000    22     1   15567686.000   15567636.000          5.303         54.208        115.433
  2000    23     1   15704886.000   15704833.000          3.167         53.706        115.433
  2000    24     1   15826930.000   15826882.000          7.586         55.016        115.433
  2000    25     1   15934616.000   15934572.000         10.605         54.743        115.433
  2000    26     1   16029906.000   16029859.000          8.887         54.636        115.433
  2000    27     1   16113813.000   16113776.000         16.670         52.426        115.433
  2000    28     1   16205360.000   16205398.000         86.566         47.427        115.433
  2000    29     1   16446612.000   16446739.000        169.299         41.223        115.433
  2000    30     1   16473216.000   16473305.000        121.406         32.172        115.433
  2000    31     1   16630733.000   16630785.000         94.047         40.074        115.433
  2000    32     1   16781228.000   16781220.000         35.252         42.569        115.433
  2000    33     1   16918610.000   16918576.000         16.129         49.087        115.433
  2000    34     1   17042782.000   17042736.000          7.856         52.645        115.433
  2000    35     1   17152878.000   17152826.000          4.444         55.298        115.433
  2000    36     1   17250204.000   17250154.000          5.941         54.446        115.433
  2000    37     1   17335130.000   17335076.000          1.694         53.608        115.433
  2000    38     1   17416074.000   17416084.000         54.085         44.048        115.433
  2000    39     1   18062978.000   18063100.000        152.426         29.097        115.433
  2000    40     1   17851310.000   17851456.000        176.498         28.843        115.433
  2000    41     1   19257024.000   19257200.000        195.820         18.495        115.433
  2000    42     1   20151072.000   20151212.000        165.650         24.104        115.433
  2000    43     1   18555614.000   18555724.000        143.965         32.413        115.433
  2000    44     1   19375818.000   19375962.000        171.830         25.963        115.433
  2000    45     1   29940648.000   29940842.000        219.085         21.916        115.433
  2000    46     1   20191126.000   20191148.000         59.874         37.859        115.433
  2000    47     1   20302296.000   20302274.000         19.982         42.410        115.433
  2000    48     1   20552394.000   20552348.000          5.106         49.575        115.433
  2000    49     1   20870416.000   20870372.000          6.137         49.658        115.433
  2000    50     1   21164128.000   21164088.000         10.533         48.912        115.433
  2000    51     1   21439354.000   21439312.000         13.379         53.720        115.433
  2000    52     1   21666462.000   21666424.000         11.023         45.897        115.433
  2000    53     1   21875390.000   21875342.000          5.941         51.059        115.433
  2000    54     1   22066536.000   22066486.000          4.444         51.832        115.433
  2000    55     1   22236336.000   22236288.000          5.499         52.063        115.433
  2000    56     1   22386352.000   22386308.000          7.414         51.853        115.433
  2000    57     1   22518046.000   22517996.000          4.247         53.806        115.433
  2000    58     1   22633258.000   22633214.000          7.831         49.952        115.433
  2000    59     1   22734632.000   22734592.000         10.164         48.747        115.433
  2000    60     1   22823314.000   22823268.000          7.217         50.404        115.433
  2000    61     1   22899302.000   22899252.000          1.473         52.198        115.433
  2000    62     1   22962976.000   22962928.000          2.111         50.745        115.433
  2000    63     1   23015924.000   23015884.000          8.887         48.201        115.433
  2000    64     1   23061026.000   23060992.000          3.609         36.935        115.433
  2000    65     1   23098610.000   23098576.000          3.805         37.596        115.433
  2000    66     1   23129042.000   23129008.000          6.531         38.609        115.433
  2000    67     1   23152740.000   23152706.000          8.225         40.977        115.433
  2000    68     1   23169610.000   23169570.000          8.445         47.864        115.433
  2000    69     1   23180020.000   23179978.000          5.523         45.162        115.433
  2000    70     1   23183978.000   23183944.000         17.136         47.904        115.433
  2000    71     1   23182568.000   23182528.000          9.132         48.478        115.433
  2000    72     1   23175858.000   23175816.000          5.941         47.026        115.433
  2000    73     1   23165100.000   23165076.000         13.158         34.134        115.433
  2000    74     1   23149156.000   23149108.000          3.609         50.608        115.433
  2000    75     1   23128536.000   23128494.000          6.137         49.462        115.433
  2000    76     1   23103138.000   23103100.000         12.520         47.628        115.433
  2000    77     1   23073758.000   23073720.000          8.887         45.300        115.433
  2000    78     1   23040640.000   23040604.000          8.273         44.259        115.433
  2000    79     1   23003900.000   23003866.000         13.600         47.377        115.433
  2000    80     1   22969800.000   22969804.000         45.047         40.926        115.433
  2000    81     1   22931328.000   22931310.000         23.152         39.186        115.433
  2000    82     1   22890046.000   22889996.000          2.922         50.114        115.433
  2000    83     1   22845410.000   22845368.000          4.174         44.608        115.433
  2000    84     1   22797762.000   22797726.000          4.002         38.581        115.433
  2000    85     1   22746620.000   22746572.000          0.000         48.336        115.433
  2000    86     1   22691962.000   22691912.000          0.000         51.283        115.433
  2000    87     1   22634124.000   22634076.000          0.000         47.747        115.433
  2000    88     1   22573676.000   22573638.000          1.694         40.280        115.433
  2000    89     1   22510820.000   22510784.000          5.499         40.409        115.433
  2000    90     1   22445662.000   22445624.000          4.664         40.726        115.433
  2000    91     1   22378470.000   22378434.000          2.332         37.098        115.433
  2000    92     1   22309196.000   22309156.000          0.638         39.607        115.433
  2000    93     1   22237894.000   22237852.000          0.638         41.836        115.433
  2000    94     1   22164510.000   22164464.000          0.000         44.381        115.433
  2000    95     1   22089184.000   22089140.000          0.000         44.489        115.433
  2000    96     1   22011892.000   22011846.000          0.000         45.400        115.433
  2000    97     1   21932384.000   21932336.000          0.000         49.653        115.433
  2000    98     1   21850816.000   21850764.000          0.000         49.469        115.433
  2000    99     1   21767328.000   21767276.000          0.000         49.738        115.433
  2000   100     1   21682242.000   21682196.000          0.000         44.166        115.433
  2000   101     1   21595856.000   21595810.000          0.417         42.788        115.433
  2000   102     1   21508364.000   21508322.000          0.000         39.184        115.433
  2000   103     1   21419590.000   21419542.000          0.000         47.506        115.433
  2000   104     1   21329708.000   21329660.000          0.000         46.272        115.433
  2000   105     1   21238714.000   21238666.000          0.000         47.119        115.433
  2000   106     1   21146528.000   21146476.000          0.000         48.792        115.433
  2000   107     1   21053208.000   21053160.000          0.000         49.173        115.433
  2000   108     1   20958852.000   20958804.000          0.000         47.930        115.433
  2000   109     1   20863786.000   20863744.000          0.638         41.247        115.433
  2000   110     1   20767992.000   20767948.000          0.000         42.672        115.433
  2000   111     1   20671728.000   20671692.000          4.444         36.801        115.433
  2000   112     1   20575166.000   20575136.000          3.609         32.304        115.433
  2000   113     1   20478292.000   20478256.000          0.000         33.923        115.433
  2000   114     1   20380948.000   20380908.000          0.000         41.380        115.433
  2000   115     1   20283326.000   20283288.000          0.000         36.287        115.433
  2000   116     1   20185284.000   20185240.000          0.000         42.690        115.433
  2000   117     1   20086734.000   20086686.000          0.000         45.631        115.433
  2000   118     1   19987646.000   19987596.000          0.000         47.317        115.433
  2000   119     1   19888188.000   19888144.000          0.000         43.520        115.433
  2000   120     1   19788434.000   19788392.000          0.000         39.871        115.433
  2000   121     1   19688376.000   19688334.000          0.000         41.647        115.433
  2000   122     1   19588120.000   19588080.000          0.000         40.074        115.433
  2000   123     1   19487546.000   19487498.000          0.000         47.148        115.433
  2000   124     1   19386856.000   19386814.000          0.000         41.437        115.433
  2000   125     1   19286166.000   19286126.000          0.000         37.378        115.433
  2000   126     1   19185534.000   19185496.000          0.000         35.646        115.433
  2000   127     1   19084922.000   19084880.000          0.000         40.363        115.433
  2000   128     1   18984456.000   18984418.000          0.000         35.415        115.433
  2000   129     1   18884204.000   18884174.000          1.891         29.801        115.433
  2000   130     1   18784092.000   18784056.000          0.000         34.551        115.433
  2000   131     1   18684020.000   18683976.000          0.000         41.955        115.433
  2000   132     1   18584000.000   18583958.000          0.000         42.214        115.433
  2000   133     1   18484150.000   18484114.000          0.835         35.317        115.433
  2000   134     1   18384434.000   18384396.000          0.638         37.306        115.433
  2000   135     1   18284828.000   18284788.000          0.000         40.164        115.433
  2000   136     1   18185352.000   18185310.000          0.000         41.881        115.433
  2000   137     1   18086040.000   18086000.000          0.000         41.032        115.433
  2000   138     1   17986912.000   17986870.000          0.000         41.010        115.433
  2000   139     1   17887990.000   17887948.000          0.000         40.078        115.433
  2000   140     1   17789264.000   17789220.000          0.000         41.180        115.433
  2000   141     1   17690724.000   17690680.000          0.000         43.004        115.433
  2000   142     1   17592402.000   17592364.000          0.000         39.161        115.433
  2000   143     1   17494302.000   17494258.000          0.000         43.094        115.433
  2000   144     1   17396504.000   17396466.000          0.638         35.958        115.433
  2000   145     1   17298956.000   17298912.000          0.000         43.048        115.433
  2000   146     1   17201656.000   17201610.000          0.000         43.939        115.433
  2000   147     1   17104522.000   17104474.000          0.000         44.289        115.433
  2000   148     1   17007404.000   17007360.000          0.000         44.341        115.433
  2000   149     1   16910590.000   16910546.000          0.000         43.262        115.433
  2000   150     1   16814112.000   16814070.000          0.000         41.190        115.433
  2000   151     1   16717960.000   16717916.000          0.000         43.174        115.433
  2000   152     1   16622118.000   16622074.000          0.000         43.926        115.433
  2000   153     1   16526608.000   16526564.000          0.000         43.116        115.433
  2000   154     1   16431454.000   16431412.000          0.000         40.523        115.433
  2000   155     1   16336696.000   16336661.000          0.417         34.447        115.433
  2000   156     1   16242362.000   16242329.000          0.000         31.295        115.433
  2000   157     1   16148468.000   16148437.000          0.638         29.155        115.433
  2000   158     1   16055024.000   16054998.000          1.056         26.800        115.433
  2000   159     1   15962002.000   15961970.000          1.056         33.046        115.433
  2000   160     1   15869364.000   15869322.000          0.000         41.374        115.433
  2000   161     1   15777113.000   15777070.000          0.000         41.711        115.433
  2000   162     1   15685258.000   15685218.000          0.000         38.831        115.433
  2000   163     1   15593778.000   15593734.000          0.000         43.628        115.433
  2000   164     1   15502688.000   15502645.000          0.000         41.196        115.433
  2000   165     1   15412032.000   15412001.000          2.308         33.133        115.433
  2000   166     1   15321805.000   15321771.000          0.000         33.404        115.433
  2000   167     1   15231984.000   15231944.000          0.638         40.401        115.433
  2000   168     1   15142550.000   15142505.000          0.000         44.382        115.433
  2000   169     1   15053500.000   15053452.000          0.000         45.128        115.433
  2000   170     1   14964847.000   14964804.000          1.056         42.678        115.433
  2000   171     1   14876589.000   14876546.000          0.000         41.490        115.433
  2000   172     1   14788721.000   14788673.000          0.000         46.588        115.433
  2000   173     1   14701246.000   14701196.000          0.000         48.371        115.433
  2000   174     1   14614161.000   14614111.000          0.000         48.844        115.433
  2000   175     1   14527510.000   14527471.000          0.000         37.968        115.433
  2000   176     1   14441203.000   14441159.000          0.638         43.565        115.433
  2000   177     1   14355237.000   14355196.000          1.277         41.404        115.433
  2000   178     1   14269598.000   14269560.000          1.056         38.235        115.433
  2000   179     1   14184415.000   14184375.000          0.417         39.858        115.433
  2000   180     1   14099680.000   14099636.000          0.000         45.064        115.433
  2000   181     1   14015387.000   14015338.000          0.000         48.450        115.433
  2000   182     1   13931526.000   13931477.000          0.000         49.334        115.433
  2000   183     1   13848112.000   13848064.000          0.000         46.844        115.433
  2000   184     1   13765150.000   13765106.000          0.000         44.737        115.433
  2000   185     1   13682636.000   13682590.000          0.000         46.320        115.433
  2000   186     1   13600563.000   13600512.000          0.000         49.589        115.433
  2000   187     1   13518946.000   13518906.000          0.638         40.653        115.433
  2000   188     1   13437776.000   13437725.000          0.000         49.286        115.433
  2000   189     1   13357048.000   13356996.000          0.000         50.744        115.433
  2000   190     1   13276762.000   13276711.000          0.000         50.405        115.433
  2000   191     1   13196926.000   13196879.000          0.638         45.672        115.433
  2000   192     1   13117534.000   13117487.000          0.000         45.725        115.433
  2000   193     1   13038585.000   13038536.000          0.000         48.688        115.433
  2000   194     1   12960082.000   12960035.000          0.000         46.245        115.433
  2000   195     1   12882040.000   12882002.000          0.638         36.726        115.433
  2000   196     1   12804447.000   12804396.000          0.000         50.618        115.433
  2000   197     1   12727298.000   12727245.000          0.000         52.302        115.433
  2000   198     1   12650593.000   12650540.000          0.000         52.469        115.433
  2000   199     1   12574337.000   12574284.000          0.000         52.103        115.433
  2000   200     1   12498524.000   12498472.000          0.000         51.783        115.433
  2000   201     1   12423150.000   12423097.000          0.000         52.524        115.433
  2000   202     1   12348212.000   12348160.000          0.000         51.835        115.433
  2000   203     1   12273709.000   12273658.000          0.000         50.095        115.433
  2000   204     1   12199635.000   12199582.000          0.000         52.242        115.433
  2000   205     1   12125992.000   12125947.000          0.417         44.959        115.433
  2000   206     1   12052770.000   12052718.000          0.000         49.632        115.433
  2000   207     1   11979970.000   11979920.000          0.000         48.268        115.433
  2000   208     1   11907580.000   11907530.000          0.000         51.090        115.433
  2000   209     1   11835599.000   11835546.000          0.000         52.599        115.433
  2000   210     1   11764020.000   11763966.000          0.000         53.012        115.433
  2000   211     1   11692866.000   11692828.000          9.574         46.741        115.433
  2000   212     1   11622089.000   11622043.000          2.970         48.964        115.433
  2000   213     1   11551724.000   11551668.000          0.000         55.883        115.433
  2000   214     1   11481758.000   11481704.000          0.000         53.621        115.433
  2000   215     1   11412188.000   11412138.000          0.000         50.335        115.433
  2000   216     1   11343044.000   11343010.000         15.097         47.434        115.433
  2000   217     1   11274292.000   11274262.000         14.903         43.191        115.433
  2000   218     1   11205916.000   11205897.000          4.444         23.008        115.433
  2000   219     1   11138028.000   11138020.000         32.109         39.873        115.433
  2000   220     1   11071484.000   11071589.000        137.033         31.425        115.433
  2000   221     1   11004726.000   11004743.000         44.433         27.445        115.433
  2000   222     1   10937892.000   10937848.000          1.915         44.790        115.433
  2000   223     1   10872018.000   10871965.000          0.638         52.649        115.433
  2000   224     1   10806508.000   10806461.000          0.000         46.205        115.433
  2000   225     1   10741355.000   10741303.000          0.000         52.462        115.433
  2000   226     1   10676555.000   10676502.000          0.000         53.279        115.433
  2000   227     1   10612107.000   10612052.000          0.000         53.991        115.433
  2000   228     1   10548003.000   10547948.000          0.000         55.508        115.433
  2000   229     1   10484199.000   10484144.000          0.000         55.025        115.433
  2000   230     1   10420467.000   10420410.000          0.000         56.470        115.433
  2000   231     1   10357092.000   10357038.000          0.000         53.522        115.433
  2000   232     1   10294072.000   10294014.000          0.000         57.196        115.433
  2000   233     1   10231400.000   10231340.000          0.000         59.122        115.433
  2000   234     1   10169075.000   10169016.000          0.000         59.923        115.433
  2000   235     1   10107095.000   10107034.000          0.000         60.445        115.433
  2000   236     1   10045458.000   10045397.000          0.000         60.925        115.433
  2000   237     1    9984162.000    9984104.000          0.000         58.992        115.433
  2000   238     1    9923210.000    9923153.000          0.000         56.867        115.433
  2000   239     1    9862603.000    9862550.000          0.638         53.233        115.433
  2000   240     1    9802351.000    9802306.000          0.835         45.381        115.433
  2000   241     1    9742464.000    9742428.000          7.169         42.166        115.433
  2000   242     1    9682901.000    9682844.000          0.000         56.693        115.433
  2000   243     1    9623689.000    9623634.000          0.000         54.813        115.433
  2000   244     1    9564817.000    9564764.000          0.638         52.638        115.433
  2000   245     1    9506288.000    9506244.000          0.000         43.677        115.433
  2000   246     1    9448092.000    9448037.000          0.000         55.001        115.433
  2000   247     1    9390228.000    9390172.000          0.638         55.688        115.433
  2000   248     1    9332701.000    9332650.000          5.523         55.851        115.433
  2000   249     1    9275982.000    9276016.000         90.586         55.944        115.433
  2000   250     1    9219308.000    9219345.000         76.351         38.675        115.433
  2000   251     1    9162222.000    9162170.000          5.744         56.714        115.433
  2000   252     1    9106018.000    9105958.000          0.000         59.711        115.433
  2000   253     1    9050146.000    9050083.000          0.000         62.516        115.433
  2000   254     1    8994593.000    8994528.000          0.000         64.625        115.433
  2000   255     1    8939358.000    8939292.000          0.000         65.423        115.433
  2000   256     1    8884440.000    8884374.000          0.000         65.915        115.433
  2000   257     1    8829762.000    8829696.000          0.000         66.434        115.433
  2000   258     1    8775182.000    8775119.000          0.000         63.432        115.433
  2000   259     1    8720933.000    8720869.000          0.000         64.925        115.433
  2000   260     1    8667016.000    8666952.000          0.000         63.673        115.433
  2000   261     1    8613428.000    8613362.000          0.000         65.515        115.433
  2000   262     1    8560167.000    8560103.000          0.000         63.229        115.433
  2000   263     1    8507233.000    8507171.000          0.000         61.264        115.433
  2000   264     1    8454623.000    8454562.000          0.000         60.958        115.433
  2000   265     1    8402336.000    8402275.000          1.473         62.661        115.433
  2000   266     1    8350378.000    8350323.000          6.162         60.582        115.433
  2000   267     1    8298725.000    8298663.000          1.277         62.635        115.433
  2000   268     1    8247398.000    8247337.000          1.056         61.766        115.433
  2000   269     1    8196388.000    8196327.000          0.638         60.953        115.433
  2000   270     1    8145692.000    8145627.500          0.000         63.363        115.433
  2000   271     1    8095309.000    8095249.000          0.638         59.391        115.433
  2000   272     1    8045242.500    8045202.500         15.711         55.647        115.433
  2000   273     1    7996311.500    7996411.000        128.491         28.382        115.433
  2000   274     1    7947154.000    7947199.500         80.204         34.487        115.433
  2000   275     1    7898179.000    7898218.000         71.835         31.417        115.433
  2000   276     1    7848694.000    7848673.000         24.746         45.442        115.433
  2000   277     1    7800172.000    7800145.000         24.501         51.318        115.433
  2000   278     1    7752990.500    7753066.000        114.697         38.719        115.433
  2000   279     1   13308369.000   13308631.000        283.426         19.725        115.433
  2000   280     1    7659639.000    7659827.000        208.706         19.700        115.433
  2000   281     1    7613664.000    7613849.000        217.061         31.708        115.433
  2000   282     1    7568798.000    7568956.500        183.933         25.020        115.433
  2000   283     1    7522741.000    7522723.000         14.828         32.217        115.433
  2000   284     1    7478311.000    7478278.000          9.329         41.072        115.433
  2000   285     1    7435577.000    7435621.500         81.853         36.812        115.433
  2000   286     1    7391645.000    7391648.000         46.008         42.360        115.433
  2000   287     1    7348998.000    7349070.000        117.407         45.345        115.433
  2000   288     1    7306578.500    7306636.500         96.899         38.220        115.433
  2000   289     1    7266024.000    7266222.500        234.282         34.633        115.433
  2000   290     1    7227254.000    7227477.000        248.574         25.558        115.433
  2000   291     1    7187752.000    7187764.000         59.505         47.128        115.433
  2000   292     1    7148851.000    7148797.000          3.191         56.908        115.433
  2000   293     1    7110606.000    7110559.000         12.962         58.889        115.433
  2000   294     1    7072448.000    7072418.000         24.008         53.376        115.433
  2000   295     1    7034265.000    7034215.000          7.414         56.991        115.433
  2000   296     1    6996154.000    6996092.000          0.638         61.950        115.433
  2000   297     1    6958079.000    6958018.500          0.638         61.024        115.433
  2000   298     1    6920031.000    6919970.500          0.417         60.356        115.433
  2000   299     1    6882041.500    6881989.000          3.388         55.237        115.433
  2000   300     1    6844178.500    6844145.500         21.997         54.411        115.433
  2000   301     1    6808072.000    6808189.000        162.418         45.144        115.433
  2000   302     1    6772335.000    6772403.500        112.141         43.094        115.433
  2000   303     1    6735748.500    6735723.000         23.394         48.596        115.433
  2000   304     1    6700336.000    6700318.500         32.430         49.648        115.433
  2000   305     1    6665329.500    6665342.000         60.664         47.386        115.433
  2000   306     1    6631687.500    6631763.500        118.923         42.384        115.433
  2000   307     1    6599023.500    6599135.000        150.230         38.375        115.433
  2000   308     1    6567750.500    6567856.500        153.957         48.080        115.433
  2000   309     1    6803000.000    6803191.000        227.149         35.957        115.433
  2000   310     1    6513034.000    6513102.000        103.898         35.467        115.433
  2000   311     1    6491011.000    6491188.000        210.274         32.998        115.433
  2000   312     1    6470097.500    6470155.000         91.962         34.417        115.433
  2000   313     1    6448691.000    6448677.000         34.983         49.136        115.433
  2000   314     1    6429738.000    6429759.500         73.625         51.439        115.433
  2000   315     1   10917156.000   10917431.000        305.118         29.404        115.433
  2000   316     1    6413234.500    6413351.000        149.053         31.927        115.433
  2000   317     1    6409924.500    6410002.500        110.776         32.455        115.433
  2000   318     1    6411866.500    6411960.500        126.630         32.126        115.433
  2000   319     1    6420147.000    6420259.000        140.063         27.533        115.433
  2000   320     1    6431625.000    6431687.000         95.873         33.085        115.433
  2000   321     1    6447962.000    6448041.500        101.351         21.356        115.433
  2000   322     1    6466811.500    6466861.000         80.259         30.491        115.433
  2000   323     1    6493641.000    6493737.500        134.117         36.845        115.433
  2000   324     1    6523605.000    6523648.000         78.807         36.093        115.433
  2000   325     1    6559484.000    6559550.500        105.740         38.778        115.433
  2000   326     1    6598631.000    6598671.000         72.990         32.788        115.433
  2000   327     1    6633465.000    6633437.000         25.702         53.666        115.433
  2000   328     1    6665791.000    6665741.500          7.438         56.339        115.433
  2000   329     1    6694880.500    6694827.000          4.247         57.387        115.433
  2000   330     1    6720557.000    6720498.000          0.000         58.219        115.433
  2000   331     1    6742686.000    6742629.000          1.694         58.143        115.433
  2000   332     1    6761492.000    6761434.000          0.417         57.425        115.433
  2000   333     1    6777097.000    6777042.000          4.002         58.777        115.433
  2000   334     1    6790514.500    6790522.000         56.565         48.658        115.433
  2000   335     1    6816086.500    6816224.000        176.864         38.569        115.433
  2001     1     1    6852371.500    6852506.500        155.554         19.741        115.433
  2001     2     1    9319889.000    9320130.000        255.722         14.146        115.433
  2001     3     1    6986060.000    6986149.000        114.258         25.265        115.433
  2001     4     1    7072140.000    7072243.000        119.881         16.803        115.433
  2001     5     1    7152424.500    7152411.000         19.320         32.500        115.433
  2001     6     1    7230108.000    7230089.000         15.418         34.491        115.433
  2001     7     1    7303763.500    7303732.000          5.523         36.832        115.433
  2001     8     1    7373584.500    7373560.000         11.833         35.832        115.433
  2001     9     1    7440337.000    7440316.500         14.238         34.780        115.433
  2001    10     1    7504517.500    7504504.500         12.520         25.107        115.433
  2001    11     1    7565560.500    7565537.000          4.664         27.575        115.433
  2001    12     1    7623260.000    7623228.500          0.000         30.112        115.433
  2001    13     1    7677915.000    7677885.000          0.000         28.917        115.433
  2001    14     1    7729657.000    7729627.000          0.000         29.499        115.433
  2001    15     1    7777824.000    7777785.000          0.000         38.758        115.433
  2001    16     1    7822244.000    7822206.000          0.417         37.796        115.433
  2001    17     1    7867318.500    7867333.000         42.372         27.034        115.433
  2001    18     1    7916041.500    7916069.500         61.157         32.473        115.433
  2001    19     1    7967487.000    7967514.500         61.523         33.670        115.433
  2001    20     1   11018762.000   11018980.000        236.526         18.414        115.433
  2001    21     1    8716002.000    8716191.000        210.549         21.199        115.433
  2001    22     1    9358472.000    9358666.000        216.807         21.165        115.433
  2001    23     1    8636088.000    8636211.000        143.774         20.264        115.433
  2001    24     1    8702966.000    8703071.000        124.594         18.670        115.433
  2001    25     1    8936036.000    8936134.000        128.844         30.837        115.433
  2001    26     1    9158690.000    9158691.000         31.942         31.381        115.433
  2001    27     1    9385122.000    9385138.000         60.222         43.227        115.433
  2001    28     1    9599450.000    9599450.000         43.504         42.589        115.433
  2001    29     1    9835334.000    9835394.000         98.593         38.355        115.433
  2001    30     1   10085502.000   10085568.000        111.255         45.115        115.433
  2001    31     1   10355219.000   10355209.000         43.377         53.270        115.433
