Year, day, hour, inflow_r(m**3/timestep)
  2000     1     1      16595.699      19898.328      24840.160      33051.062      34370.590
  2000     2     1      35517.051      42590.742      53182.230      70773.352      75399.945
  2000     3     1      54873.551      65797.711      82151.125     109318.125     117461.250
  2000     4     1      73778.133      88463.906     110447.898     146970.891     157518.906
  2000     5     1      96408.398     115602.672     144339.875     192076.594     205375.516
  2000     6     1     121552.266     145750.000     181976.719     242157.531     258022.375
  2000     7     1     148606.703     178188.828     222475.125     296046.938     312614.625
  2000     8     1     176579.062     211727.062     264343.688     351757.125     371312.906
  2000     9     1     205094.438     245917.281     307028.688     408555.750     432636.625
  2000    10     1     232094.234     278290.000     347443.375     462332.750     490574.875
  2000    11     1     257831.484     309149.688     385971.125     513600.406     545786.812
  2000    12     1     282177.000     338341.000     422416.656     562097.938     597976.438
  2000    13     1     305174.250     365915.688     456843.781     607908.875     647342.312
  2000    14     1     326833.594     391886.094     489267.812     651054.500     693812.875
  2000    15     1     347216.938     416326.312     519781.062     691657.625     737522.250
  2000    16     1     366430.469     439364.094     548543.750     729931.562     778724.250
  2000    17     1     384742.812     461322.938     575962.688     766419.750     818087.625
  2000    18     1     404962.594     485569.188     606238.500     806710.375     862033.375
  2000    19     1     427531.781     512632.125     640031.250     851681.312     909314.875
  2000    20     1     448659.562     537960.750     671643.625     893739.250     953967.375
  2000    21     1     468955.188     562295.688     702024.688     934165.562     996685.125
  2000    22     1     488062.188     585205.500     730627.125     972225.812    1036882.625
  2000    23     1     506075.062     606803.562     757592.312    1008107.688    1074794.375
  2000    24     1     522974.031     627066.312     782890.688    1041772.000    1110301.000
  2000    25     1     538715.125     645940.562     806455.438    1073129.000    1143243.000
  2000    26     1     553488.312     663654.250     828570.875    1102557.500    1174128.875
  2000    27     1     567338.438     680261.312     849305.562    1130149.375    1203013.750
  2000    28     1     581860.062     697675.875     871053.062    1159092.250    1233788.625
  2000    29     1     599511.812     718844.125     897487.812    1194272.750    1271630.250
  2000    30     1     619286.500     742553.188     927086.875    1233658.500    1312889.875
  2000    31     1     640711.812     768241.562     959154.562    1276326.625    1360301.750
  2000    32     1     661806.250     793532.625     990726.625    1318336.375    1407081.500
  2000    33     1     681813.875     817522.000    1020675.750    1358187.750    1451368.625
  2000    34     1     700684.438     840148.250    1048924.250    1395776.625    1493168.000
  2000    35     1     718307.188     861278.500    1075305.125    1430880.750    1532303.625
  2000    36     1     734819.125     881077.125    1100023.750    1463773.500    1568972.125
  2000    37     1     750187.500     899504.250    1123030.000    1494387.250    1603010.125
  2000    38     1     765297.375     917623.562    1145656.250    1524498.875    1636826.000
  2000    39     1     827087.250     991715.438    1238167.500    1647606.250    1808515.250
  2000    40     1     807473.125     968198.750    1208810.500    1608544.875    1733717.500
  2000    41     1     918058.125    1100795.750    1374360.625    1828840.250    1797183.750
  2000    42     1     962780.938    1154419.125    1441307.125    1917923.125    1867885.750
  2000    43     1     908873.562    1089780.625    1360602.500    1810528.750    1948620.250
  2000    44     1     955234.500    1145370.375    1430009.250    1902888.375    2044405.750
  2000    45     1    2380194.250    2853957.000    3563187.500    4741462.000    6234785.500
  2000    46     1    1097019.875    1315372.375    1642247.000    2185301.000    2368386.750
  2000    47     1    1135859.000    1361940.750    1700384.750    2262661.500    2438863.500
  2000    48     1    1178525.875    1413099.500    1764255.500    2347651.500    2524065.000
  2000    49     1    1224027.250    1467657.625    1832371.375    2438292.250    2620630.750
  2000    50     1    1266281.750    1518322.625    1895627.250    2522466.000    2710078.500
  2000    51     1    1305691.750    1565577.000    1954624.125    2600971.250    2793248.500
  2000    52     1    1342445.000    1609645.500    2009644.250    2674185.750    2870768.750
  2000    53     1    1376497.500    1650475.750    2060620.250    2742017.750    2942427.500
  2000    54     1    1407906.000    1688135.750    2107638.500    2804584.000    3008301.000
  2000    55     1    1436675.750    1722631.750    2150707.250    2861894.500    3068291.000
  2000    56     1    1463102.500    1754318.625    2190268.500    2914538.000    3123091.250
  2000    57     1    1487365.375    1783410.625    2226590.000    2962869.000    3173246.500
  2000    58     1    1509684.875    1810172.875    2260002.750    3007331.750    3219098.250
  2000    59     1    1530320.875    1834916.250    2290895.250    3048440.000    3261352.000
  2000    60     1    1549412.375    1857807.750    2319475.000    3086470.000    3300386.250
  2000    61     1    1566970.250    1878860.125    2345758.500    3121444.500    3336161.250
  2000    62     1    1582985.250    1898062.750    2369733.000    3153347.250    3368540.000
  2000    63     1    1597649.250    1915645.750    2391686.250    3182560.250    3397960.000
  2000    64     1    1611328.000    1932047.000    2412163.750    3209809.750    3425262.500
  2000    65     1    1624044.250    1947294.250    2431200.000    3235140.750    3450478.750
  2000    66     1    1635825.250    1961420.125    2448836.500    3258609.500    3473684.500
  2000    67     1    1646713.750    1974476.000    2465136.500    3280299.500    3495025.750
  2000    68     1    1656681.250    1986427.500    2480057.500    3300153.750    3514440.750
  2000    69     1    1665785.250    1997343.500    2493686.000    3318289.000    3532020.000
  2000    70     1    1674066.250    2007273.125    2506083.750    3334787.000    3547888.000
  2000    71     1    1681613.875    2016322.750    2517381.500    3349820.000    3562285.000
  2000    72     1    1688477.250    2024552.000    2527656.000    3363491.750    3575279.500
  2000    73     1    1694821.250    2032159.125    2537155.000    3376133.000    3587291.000
  2000    74     1    1700477.500    2038940.750    2545620.000    3387395.500    3597909.500
  2000    75     1    1705519.750    2044986.750    2553168.500    3397440.750    3607335.500
  2000    76     1    1709912.875    2050254.500    2559745.750    3406193.500    3615451.500
  2000    77     1    1713767.250    2054875.875    2565515.500    3413871.250    3622535.000
  2000    78     1    1717123.625    2058900.375    2570540.250    3420557.000    3628688.000
  2000    79     1    1719985.125    2062331.500    2574824.000    3426257.500    3633914.500
  2000    80     1    1723184.750    2066169.125    2579617.500    3432638.000    3640631.000
  2000    81     1    1725835.500    2069346.750    2583584.500    3437916.000    3646073.500
  2000    82     1    1728017.625    2071962.500    2586847.500    3442256.500    3650585.000
  2000    83     1    1729728.375    2074014.000    2589409.500    3445666.500    3654026.000
  2000    84     1    1731018.750    2075561.125    2591341.500    3448237.500    3656515.000
  2000    85     1    1731819.000    2076520.375    2592538.000    3449828.500    3657953.500
  2000    86     1    1732125.000    2076887.250    2592996.000    3450437.750    3658338.000
  2000    87     1    1731983.125    2076717.250    2592783.750    3450155.500    3657762.000
  2000    88     1    1731470.500    2076102.625    2592017.500    3449136.250    3656382.000
  2000    89     1    1730609.875    2075070.750    2590729.500    3447422.500    3654266.000
  2000    90     1    1729414.250    2073637.125    2588939.000    3445040.500    3651437.750
  2000    91     1    1727921.000    2071846.625    2586704.000    3442066.500    3647941.500
  2000    92     1    1726126.875    2069695.375    2584017.750    3438491.750    3643811.000
  2000    93     1    1724034.875    2067186.875    2580886.000    3434324.000    3639029.250
  2000    94     1    1721639.875    2064315.250    2577300.250    3429552.250    3633606.500
  2000    95     1    1718891.375    2061019.750    2573185.750    3424077.000    3627567.500
  2000    96     1    1715858.000    2057382.500    2568644.500    3418034.250    3620932.000
  2000    97     1    1712515.125    2053374.250    2563640.000    3411374.500    3613648.250
  2000    98     1    1708882.625    2049018.750    2558202.000    3404138.750    3605760.500
  2000    99     1    1704977.250    2044336.000    2552355.500    3396359.000    3597299.000
  2000   100     1    1700843.250    2039379.250    2546167.500    3388125.000    3588355.500
  2000   101     1    1696509.875    2034183.375    2539680.750    3379493.000    3578980.000
  2000   102     1    1692002.500    2028778.875    2532933.250    3370514.500    3569253.000
  2000   103     1    1687294.250    2023133.375    2525884.500    3361134.250    3559100.000
  2000   104     1    1682405.000    2017271.000    2518565.000    3351394.750    3548566.500
  2000   105     1    1677337.625    2011195.125    2510979.250    3341300.500    3537659.000
  2000   106     1    1672085.250    2004897.375    2503116.250    3330837.250    3526359.000
  2000   107     1    1666650.750    1998381.000    2494980.750    3320011.500    3514683.250
  2000   108     1    1661056.875    1991673.625    2486606.750    3308868.250    3502676.500
  2000   109     1    1655339.375    1984818.250    2478048.250    3297480.000    3490427.750
  2000   110     1    1649495.500    1977811.250    2469300.000    3285839.000    3477907.250
  2000   111     1    1643557.250    1970691.000    2460411.000    3274011.000    3465193.500
  2000   112     1    1637543.750    1963480.750    2451409.500    3262033.250    3452309.500
  2000   113     1    1631452.625    1956177.000    2442290.250    3249898.500    3439247.750
  2000   114     1    1625265.250    1948758.250    2433027.250    3237571.750    3425984.500
  2000   115     1    1619004.500    1941251.250    2423655.250    3225101.250    3412559.500
  2000   116     1    1612653.625    1933636.250    2414147.500    3212448.500    3398937.500
  2000   117     1    1606203.500    1925902.375    2404491.500    3199599.250    3385106.500
  2000   118     1    1599653.625    1918048.750    2394686.000    3186551.250    3371072.000
  2000   119     1    1593023.875    1910099.500    2384761.250    3173345.250    3356886.750
  2000   120     1    1586323.500    1902065.375    2374731.250    3159998.500    3342553.250
  2000   121     1    1579551.750    1893945.750    2364593.500    3146508.750    3328072.000
  2000   122     1    1572719.750    1885754.000    2354366.500    3132899.500    3313476.250
  2000   123     1    1565813.500    1877473.125    2344027.000    3119140.500    3298730.750
  2000   124     1    1558857.750    1869132.750    2333614.750    3105285.500    3283890.500
  2000   125     1    1551869.000    1860753.125    2323153.000    3091364.750    3268987.750
  2000   126     1    1544850.625    1852337.750    2312646.500    3077384.250    3254018.500
  2000   127     1    1537797.875    1843881.250    2302088.000    3063334.000    3238985.000
  2000   128     1    1530724.375    1835399.750    2291499.500    3049244.500    3223905.750
  2000   129     1    1523641.375    1826907.000    2280897.000    3035136.250    3208806.000
  2000   130     1    1516540.500    1818392.750    2270266.000    3020989.750    3193669.000
  2000   131     1    1509408.625    1809841.250    2259589.000    3006781.500    3178469.500
  2000   132     1    1502247.500    1801254.750    2248868.750    2992516.000    3163213.500
  2000   133     1    1495073.125    1792652.500    2238129.500    2978226.000    3147931.000
  2000   134     1    1487884.500    1784033.000    2227367.500    2963905.250    3132627.500
  2000   135     1    1480667.375    1775379.500    2216563.500    2949528.500    3117259.000
  2000   136     1    1473425.750    1766696.500    2205722.500    2935102.500    3101840.250
  2000   137     1    1466156.750    1757980.500    2194840.750    2920622.500    3086354.750
  2000   138     1    1458843.750    1749212.000    2183893.000    2906054.500    3070752.750
  2000   139     1    1451524.750    1740436.250    2172936.750    2891475.500    3055141.500
  2000   140     1    1444199.750    1731653.250    2161971.000    2876883.250    3039523.000
  2000   141     1    1436867.375    1722861.375    2150994.000    2862276.500    3023895.500
  2000   142     1    1429532.500    1714066.750    2140014.250    2847666.000    3008273.000
  2000   143     1    1422194.625    1705268.250    2129029.000    2833048.000    2992650.500
  2000   144     1    1414863.750    1696478.125    2118055.500    2818446.000    2977052.000
  2000   145     1    1407533.500    1687688.750    2107081.000    2803842.500    2961457.000
  2000   146     1    1400203.250    1678899.750    2096107.750    2789240.500    2945871.000
  2000   147     1    1392873.750    1670111.375    2085135.500    2774640.000    2930291.000
  2000   148     1    1385545.500    1661324.375    2074164.750    2760041.500    2914718.500
  2000   149     1    1378222.250    1652543.375    2063201.875    2745453.500    2899162.500
  2000   150     1    1370908.500    1643774.000    2052253.500    2730885.000    2883630.250
  2000   151     1    1363603.500    1635015.000    2041317.625    2716332.500    2868119.750
  2000   152     1    1356305.500    1626264.500    2030392.750    2701795.000    2852629.500
  2000   153     1    1349017.500    1617525.750    2019482.375    2687277.000    2837166.500
  2000   154     1    1341742.375    1608802.500    2008591.750    2672785.000    2821734.000
  2000   155     1    1334486.500    1600102.500    1997730.125    2658332.250    2806347.500
  2000   156     1    1327252.750    1591429.000    1986901.500    2643923.000    2791009.000
  2000   157     1    1320044.000    1582785.375    1976110.125    2629563.250    2775727.750
  2000   158     1    1312861.500    1574173.500    1965358.375    2615256.500    2760507.500
  2000   159     1    1305702.250    1565589.125    1954640.375    2600993.750    2745331.250
  2000   160     1    1298560.375    1557025.500    1943947.875    2586765.000    2730197.250
  2000   161     1    1291436.500    1548483.750    1933283.375    2572574.000    2715105.250
  2000   162     1    1284333.125    1539966.625    1922649.875    2558424.250    2700060.250
  2000   163     1    1277246.750    1531469.625    1912041.000    2544307.000    2685054.000
  2000   164     1    1270180.000    1522996.500    1901462.250    2530230.500    2670096.000
  2000   165     1    1263138.625    1514553.625    1890922.500    2516206.000    2655193.750
  2000   166     1    1256122.500    1506140.875    1880418.750    2502228.750    2640348.000
  2000   167     1    1249128.125    1497754.375    1869947.750    2488295.000    2625548.500
  2000   168     1    1242153.750    1489391.750    1859506.625    2474400.750    2610797.000
  2000   169     1    1235198.875    1481052.750    1849095.125    2460546.250    2596090.000
  2000   170     1    1228264.875    1472738.500    1838715.250    2446734.250    2581430.750
  2000   171     1    1221352.875    1464450.750    1828367.875    2432965.250    2566819.750
  2000   172     1    1214461.375    1456187.500    1818050.875    2419236.250    2552254.000
  2000   173     1    1207591.250    1447949.750    1807766.000    2405550.250    2537737.000
  2000   174     1    1200742.250    1439737.625    1797512.875    2391906.750    2523267.500
  2000   175     1    1193920.250    1431557.875    1787301.250    2378319.000    2508864.000
  2000   176     1    1187123.750    1423408.625    1777126.500    2364779.250    2494510.500
  2000   177     1    1180354.750    1415292.250    1766993.375    2351295.750    2480220.250
  2000   178     1    1173614.750    1407210.875    1756904.125    2337870.500    2465991.250
  2000   179     1    1166903.375    1399163.625    1746857.000    2324501.000    2451820.750
  2000   180     1    1160219.500    1391149.375    1736850.625    2311185.000    2437711.250
  2000   181     1    1153561.625    1383166.375    1726883.375    2297921.750    2423658.250
  2000   182     1    1146929.625    1375214.250    1716955.000    2284710.250    2409662.250
  2000   183     1    1140325.500    1367295.625    1707068.750    2271555.000    2395728.500
  2000   184     1    1133750.500    1359411.750    1697226.250    2258458.000    2381857.500
  2000   185     1    1127204.625    1351563.000    1687426.875    2245418.000    2368048.250
  2000   186     1    1120686.625    1343747.875    1677669.250    2232433.500    2354299.500
  2000   187     1    1114199.250    1335969.250    1667958.500    2219512.250    2340618.250
  2000   188     1    1107741.250    1328225.750    1658289.875    2206646.000    2326996.500
  2000   189     1    1101312.375    1320517.250    1648665.750    2193839.000    2313439.000
  2000   190     1    1094912.500    1312843.500    1639085.125    2181090.500    2299944.250
  2000   191     1    1088543.500    1305207.000    1629551.125    2168404.250    2286517.500
  2000   192     1    1082205.000    1297606.750    1620062.125    2155777.250    2273154.000
  2000   193     1    1075896.625    1290042.750    1610618.375    2143210.250    2259855.000
  2000   194     1    1069619.125    1282515.875    1601221.250    2130706.000    2246623.500
  2000   195     1    1063375.500    1275029.500    1591875.375    2118270.500    2233465.250
  2000   196     1    1057163.750    1267581.125    1582574.750    2105893.500    2220368.750
  2000   197     1    1050983.500    1260170.875    1573323.000    2093582.250    2207343.250
  2000   198     1    1044835.000    1252798.500    1564118.750    2081334.125    2194385.500
  2000   199     1    1038719.250    1245465.500    1554963.500    2069151.500    2181498.000
  2000   200     1    1032635.625    1238171.000    1545856.250    2057032.750    2168678.500
  2000   201     1    1026583.812    1230914.625    1536796.750    2044977.250    2155926.250
  2000   202     1    1020563.500    1223696.125    1527784.125    2032984.625    2143241.500
  2000   203     1    1014574.562    1216515.000    1518818.750    2021054.750    2130624.250
  2000   204     1    1008616.500    1209371.125    1509899.375    2009185.750    2118071.500
  2000   205     1    1002689.875    1202265.000    1501027.875    1997381.250    2105588.250
  2000   206     1     996793.625    1195195.000    1492200.500    1985634.500    2093166.750
  2000   207     1     990926.750    1188160.250    1483417.750    1973947.625    2080811.750
  2000   208     1     985080.500    1181150.500    1474666.000    1962301.500    2068517.500
  2000   209     1     979247.000    1174155.875    1465933.125    1950680.750    2056285.000
  2000   210     1     973404.188    1167150.250    1457186.500    1939041.500    2044114.000
  2000   211     1     967596.000    1160186.125    1448492.750    1927473.750    2032022.750
  2000   212     1     961812.875    1153251.750    1439834.750    1915952.500    2019966.750
  2000   213     1     956062.375    1146356.500    1431225.750    1904496.000    2007979.875
  2000   214     1     950342.000    1139497.750    1422662.250    1893101.000    1996058.000
  2000   215     1     944651.750    1132674.750    1414143.750    1881766.000    1984196.750
  2000   216     1     938997.250    1125895.500    1405680.875    1870505.375    1972420.875
  2000   217     1     933371.625    1119150.000    1397260.000    1859300.625    1960671.625
  2000   218     1     927770.875    1112434.375    1388876.250    1848145.125    1949009.375
  2000   219     1     922219.000    1105778.000    1380565.875    1837086.625    1937450.500
  2000   220     1     916881.062    1099381.250    1372587.375    1826475.000    1926491.250
  2000   221     1     911449.125    1092865.000    1364445.750    1815637.125    1915226.750
  2000   222     1     905952.625    1086273.125    1356211.750    1804677.625    1903714.125
  2000   223     1     900601.625    1079856.875    1348200.625    1794016.750    1892625.500
  2000   224     1     895277.250    1073472.750    1340230.250    1783411.250    1881593.250
  2000   225     1     889977.938    1067118.750    1332296.750    1772854.000    1870605.375
  2000   226     1     884703.750    1060794.750    1324401.250    1762347.500    1859666.875
  2000   227     1     879454.375    1054500.500    1316543.000    1751890.500    1848776.000
  2000   228     1     874229.562    1048235.688    1308721.375    1741482.375    1837932.125
  2000   229     1     869029.125    1042000.125    1300936.250    1731122.875    1827135.000
  2000   230     1     863852.625    1035793.375    1293187.125    1720811.250    1816383.375
  2000   231     1     858701.125    1029616.438    1285475.250    1710549.250    1805680.750
  2000   232     1     853573.812    1023468.625    1277799.625    1700335.250    1795023.250
  2000   233     1     848470.562    1017349.625    1270160.000    1690169.250    1784411.750
  2000   234     1     843391.062    1011259.125    1262556.000    1680050.625    1773846.625
  2000   235     1     838330.438    1005191.125    1254980.125    1669969.625    1763326.000
  2000   236     1     833285.375     999141.938    1247427.750    1659919.750    1752850.250
  2000   237     1     828245.250     993098.625    1239882.750    1649879.875    1742420.375
  2000   238     1     823230.562     987085.875    1232375.625    1639890.625    1732037.000
  2000   239     1     818241.875     981104.188    1224907.500    1629953.500    1721702.500
  2000   240     1     813280.562     975155.375    1217481.000    1620071.750    1711421.000
  2000   241     1     808349.000     969242.500    1210099.375    1610249.750    1701196.250
  2000   242     1     803439.375     963355.375    1202748.000    1600466.000    1691007.250
  2000   243     1     798557.875     957502.250    1195440.500    1590742.125    1680876.250
  2000   244     1     793702.375     951680.250    1188171.750    1581070.000    1670794.750
  2000   245     1     788873.438     945890.250    1180943.250    1571451.750    1660766.125
  2000   246     1     784069.688     940130.312    1173751.500    1561881.125    1650777.750
  2000   247     1     779291.125     934400.625    1166598.125    1552362.000    1640840.875
  2000   248     1     774539.000     928702.812    1159484.500    1542896.500    1630956.500
  2000   249     1     769901.562     923145.250    1152551.500    1533674.250    1621393.250
  2000   250     1     765252.438     917570.438    1145591.750    1524414.500    1611731.250
  2000   251     1     760500.750     911870.375    1138469.250    1514931.750    1601784.750
  2000   252     1     755876.688     906325.750    1131546.500    1505719.250    1592168.500
  2000   253     1     751277.938     900811.688    1124662.125    1496558.125    1582603.250
  2000   254     1     746702.250     895325.250    1117812.250    1487443.000    1573080.375
  2000   255     1     742140.625     889855.625    1110983.500    1478356.000    1563573.750
  2000   256     1     737551.125     884352.688    1104113.000    1469213.625    1553958.000
  2000   257     1     732988.000     878881.438    1097282.000    1460123.750    1544395.000
  2000   258     1     728451.500     873441.875    1090490.750    1451087.000    1534886.250
  2000   259     1     723941.250     868033.875    1083738.875    1442102.375    1525428.875
  2000   260     1     719457.375     862657.625    1077026.625    1433170.500    1516025.500
  2000   261     1     714999.875     857312.750    1070353.500    1424290.750    1506674.125
  2000   262     1     710568.500     851999.438    1063719.875    1415463.625    1497376.875
  2000   263     1     706163.438     846717.562    1057125.500    1406688.750    1488133.000
  2000   264     1     701784.375     841466.875    1050570.000    1397965.500    1478941.125
  2000   265     1     697431.375     836247.625    1044053.688    1389294.500    1469801.625
  2000   266     1     693105.875     831061.250    1037578.812    1380678.750    1460722.875
  2000   267     1     688803.188     825902.000    1031137.125    1372106.750    1451682.625
  2000   268     1     684527.812     820775.625    1024736.938    1363590.125    1442701.750
  2000   269     1     680273.750     815674.750    1018368.500    1355115.750    1433760.750
  2000   270     1     676037.500     810595.375    1012026.750    1346676.875    1424847.500
  2000   271     1     671809.562     805525.875    1005697.562    1338255.000    1415938.250
  2000   272     1     667613.625     800495.312     999417.812    1329899.750    1407105.375
  2000   273     1     663630.875     795723.875     993469.750    1321991.625    1398885.750
  2000   274     1     659565.375     790847.375     987378.375    1313883.875    1390159.625
  2000   275     1     655500.000     785972.625     981292.125    1305785.125    1381555.625
  2000   276     1     651298.312     780932.938     974995.312    1297402.750    1372846.250
  2000   277     1     647249.625     776078.375     968934.125    1289336.750    1364370.250
  2000   278     1     643433.750     771506.188     963232.500    1281754.750    1356283.625
  2000   279     1    1554368.000    1863760.875    2326932.500    3096412.000    1348326.125
  2000   280     1     635847.625     762414.250     951890.562    1266669.250    1340460.875
  2000   281     1     632129.500     757956.250     946325.562    1259265.000    1332691.125
  2000   282     1     628518.125     753624.688     940914.438    1252061.500    1325294.500
  2000   283     1     624637.875     748965.625     935084.250    1244294.250    1317444.250
  2000   284     1     621059.750     744675.125     929726.500    1237163.875    1310037.625
  2000   285     1     617771.938     740735.625     924813.938    1230631.375    1303106.000
  2000   286     1     614209.312     736462.500     919475.875    1223525.750    1295776.500
  2000   287     1     610843.500     732429.625     914446.562    1216837.625    1288769.375
  2000   288     1     607478.250     728393.500     909405.188    1210127.250    1281925.500
  2000   289     1     604480.500     724803.938     904933.875    1204184.625    1275705.625
  2000   290     1     601754.500     721536.312     900856.562    1198760.750    1270062.875
  2000   291     1     598848.500     718044.500     896480.688    1192925.625    1264418.375
  2000   292     1     596036.250     714670.688     892264.625    1187312.750    1258570.375
  2000   293     1     593330.938     711427.250     888215.875    1181925.375    1253078.000
  2000   294     1     590618.812     708175.625     884156.875    1176525.000    1247578.375
  2000   295     1     587876.688     704887.188     880050.250    1171059.625    1241984.625
  2000   296     1     585124.562     701587.000     875929.562    1165575.500    1236377.875
  2000   297     1     582355.938     698267.375     871784.875    1160060.375    1230736.625
  2000   298     1     579568.375     694925.000     867611.938    1154507.750    1225045.500
  2000   299     1     576768.000     691567.250     863420.125    1148930.250    1219325.000
  2000   300     1     573967.562     688210.125     859230.000    1143355.500    1213598.875
  2000   301     1     571479.812     685231.938     855521.000    1138426.750    1208780.250
  2000   302     1     569024.750     682286.562     851840.812    1133527.500    1203866.875
  2000   303     1     566373.500     679104.375     847861.438    1128228.000    1198801.625
  2000   304     1     563929.250     676174.125     844203.625    1123361.000    1194107.625
  2000   305     1     561536.938     673306.688     840626.000    1118602.250    1189497.125
  2000   306     1     559370.375     670711.062     837390.062    1114299.750    1185335.500
  2000   307     1     557336.562     668273.812     834350.625    1110257.875    1181553.750
  2000   308     1     555519.750     666095.375     831629.438    1106635.625    1178420.250
  2000   309     1     583550.000     699707.750     873602.250    1162493.625    1176432.750
  2000   310     1     553154.500     663257.500     828083.875    1101915.875    1174867.250
  2000   311     1     552897.438     662953.000     827711.500    1101425.750    1175398.375
  2000   312     1     552813.125     662847.500     827570.500    1101231.500    1176585.500
  2000   313     1     552613.250     662605.812     827263.688    1100819.625    1177537.500
  2000   314     1     552865.625     662909.875     827646.125    1101330.250    1179409.750
  2000   315     1    1200827.125    1439851.000    1797679.000    2392145.250    2102389.500
  2000   316     1     557039.438     667917.625     833906.625    1109667.750    1191786.250
  2000   317     1     559898.000     671343.688     838180.875    1115352.750    1199470.500
  2000   318     1     563686.875     675886.875     843853.438    1122901.125    1209506.875
  2000   319     1     568555.562     681725.562     851144.812    1132605.000    1221845.625
  2000   320     1     573948.875     688190.625     859212.938    1143338.750    1235159.250
  2000   321     1     580125.062     695596.750     868461.438    1155647.000    1249517.250
  2000   322     1     586697.500     703476.250     878296.250    1168731.875    1264472.250
  2000   323     1     594698.125     713070.812     890277.688    1184676.625    1283070.750
  2000   324     1     603231.875     723301.375     903046.875    1201666.000    1302796.625
  2000   325     1     612788.625     734761.312     917356.625    1220709.000    1324688.625
  2000   326     1     622858.250     746834.062     932427.750    1240762.625    1347456.000
  2000   327     1     632160.938     757986.375     946345.812    1259278.500    1368852.750
  2000   328     1     641041.938     768634.500     959638.938    1276966.500    1389043.125
  2000   329     1     649352.312     778598.875     972079.250    1293520.250    1407997.500
  2000   330     1     657055.812     787835.500     983611.062    1308865.000    1425608.000
  2000   331     1     664128.438     796315.938     994199.000    1322954.500    1441777.375
  2000   332     1     670606.875     804083.875    1003897.062    1335859.500    1456587.000
  2000   333     1     676509.312     811161.250    1012733.500    1347617.875    1470067.125
  2000   334     1     682015.812     817765.688    1020983.250    1358599.375    1482609.875
  2000   335     1     689672.938     826951.312    1032461.375    1373880.000    1499513.625
  2001     1     1     699096.250     838249.938    1046567.688    1392651.000    1520278.000
  2001     2     1    1115997.750    1338135.625    1670684.500    2223154.750    2058790.375
  2001     3     1     728718.938     873767.000    1090907.000    1451649.750    1584379.125
  2001     4     1     746909.875     895579.250    1118141.000    1487890.125    1623329.000
  2001     5     1     764041.312     916116.188    1143772.500    1521991.125    1660230.000
  2001     6     1     780755.500     936157.062    1168793.375    1555285.750    1695998.500
  2001     7     1     796757.250     955343.500    1192746.500    1587159.000    1730181.875
  2001     8     1     812087.375     973725.188    1215696.875    1617698.750    1762911.250
  2001     9     1     826863.625     991442.375    1237817.000    1647133.625    1794516.500
  2001    10     1     841197.750    1008629.875    1259276.375    1675689.625    1825248.500
  2001    11     1     854933.625    1025099.375    1279838.000    1703050.000    1854736.750
  2001    12     1     868116.562    1040906.000    1299572.000    1729309.500    1883000.250
  2001    13     1     880763.500    1056070.250    1318504.750    1754502.750    1910086.250
  2001    14     1     892896.375    1070618.000    1336667.625    1778671.625    1936048.750
  2001    15     1     904391.375    1084400.875    1353874.875    1801568.250    1960580.625
  2001    16     1     915212.500    1097376.000    1370074.375    1823124.750    1983553.625
  2001    17     1     926191.438    1110541.750    1386515.500    1845005.000    2007367.375
  2001    18     1     937774.125    1124430.500    1403857.125    1868082.250    2031871.750
  2001    19     1     949850.625    1138910.625    1421935.125    1892137.875    2057831.875
  2001    20     1    1495859.000    1793604.250    2239337.000    2979847.000    2189392.000
  2001    21     1    1069926.375    1282892.500    1601709.375    2131368.500    2222564.500
  2001    22     1    1197095.750    1435373.875    1792083.000    2384694.500    2605495.000
  2001    23     1    1055079.250    1265087.875    1579475.875    2101780.000    2266002.500
  2001    24     1    1094576.375    1312445.625    1638600.000    2180453.500    2341241.500
  2001    25     1    1138628.750    1365266.000    1704546.250    2268206.500    2422640.000
  2001    26     1    1180806.750    1415835.500    1767675.250    2352205.500    2498681.000
  2001    27     1    1223813.750    1467403.500    1832058.625    2437879.500    2576460.500
  2001    28     1    1264731.000    1516464.500    1893310.250    2519384.750    2649915.750
  2001    29     1    1309717.375    1570406.750    1960661.500    2609010.250    2732374.750
  2001    30     1    1357753.500    1628004.250    2032571.375    2704698.500    2827539.500
  2001    31     1    1407075.625    1687141.125    2106399.500    2802936.000    2929409.250
