Year, day, hour, retention_r(m**3/timestep)
  2000     1     1          3.082         11.874          9.453         13.312          2.500
  2000     2     1          0.000          0.000          0.000          0.000          0.000
  2000     3     1          0.000          0.000          0.000          0.000          0.000
  2000     4     1          0.000          2.598          1.875          5.156          2.000
  2000     5     1          0.000          0.000          0.000          0.000          0.000
  2000     6     1          0.000          0.000          0.000          0.000          0.000
  2000     7     1          0.000          0.000          0.000          0.000          0.000
  2000     8     1          0.000          2.313          1.312          0.875          0.000
  2000     9     1          1.697          6.438          4.266          2.875          0.000
  2000    10     1          2.647         10.088          6.891          7.156          1.000
  2000    11     1          3.938         12.755          7.859         11.703          2.500
  2000    12     1          3.490         12.290          6.969         12.594          3.000
  2000    13     1          3.258         12.399          8.719         12.078          2.500
  2000    14     1          3.598         12.623          9.016         15.234          3.500
  2000    15     1          4.671         14.541          9.766         16.766          4.000
  2000    16     1          4.983         14.510          9.641         17.000          4.500
  2000    17     1          0.000          1.764          2.672          2.750          1.000
  2000    18     1          0.000          0.000          0.000          0.000          0.000
  2000    19     1          0.000          0.000          0.000          0.000          0.000
  2000    20     1          1.629          7.906          5.516          5.562          1.000
  2000    21     1          3.394         12.701          8.516         11.500          2.500
  2000    22     1          5.038         14.727          9.656         16.906          3.500
  2000    23     1          5.350         15.368          9.328         16.875          4.000
  2000    24     1          4.508         13.520          8.984         16.625          3.500
  2000    25     1          3.951         13.396          9.219         14.531          3.000
  2000    26     1          4.114         13.566          9.438         15.469          3.500
  2000    27     1          2.852         10.728          6.750         12.125          3.000
  2000    28     1          0.000          0.000          0.000          0.000          0.000
  2000    29     1          0.000          0.000          0.000          0.000          0.000
  2000    30     1          0.000          0.000          0.000          0.000          0.000
  2000    31     1          0.407          3.420          2.188          1.250          0.000
  2000    32     1          2.036          6.739          4.047          2.500          0.000
  2000    33     1          3.055         11.525          6.688          9.344          2.000
  2000    34     1          4.657         14.456          8.812         14.312          3.500
  2000    35     1          5.119         14.711          9.969         17.844          4.500
  2000    36     1          4.820         14.642          9.656         16.656          3.500
  2000    37     1          5.404         15.469          9.969         17.594          4.500
  2000    38     1          0.000          0.000          0.000          0.000          0.000
  2000    39     1          0.000          0.000          0.000          0.000          0.000
  2000    40     1          0.000          0.000          0.000          0.000          0.000
  2000    41     1          0.000          0.000          0.000          0.000          0.000
  2000    42     1          0.000          0.000          0.000          0.000          0.000
  2000    43     1          0.000          0.000          0.000          0.000          0.000
  2000    44     1          0.000          0.000          0.000          0.000          0.000
  2000    45     1          0.000          0.000          0.000          0.000          0.000
  2000    46     1          1.357          5.230          3.281          2.250          0.000
  2000    47     1          2.579          8.789          6.094          5.875          0.500
  2000    48     1          5.105         14.186          8.938         13.375          2.500
  2000    49     1          4.834         14.154          8.156         13.344          3.500
  2000    50     1          4.020         11.973          6.625         13.062          3.500
  2000    51     1          3.340         12.670          8.406         13.344          2.500
  2000    52     1          4.236         11.695          6.250         10.500          2.000
  2000    53     1          4.970         14.557          8.594         14.531          3.000
  2000    54     1          5.269         14.896          8.688         15.219          4.000
  2000    55     1          4.698         14.896          8.062         15.938          3.000
  2000    56     1          4.698         13.783          8.688         14.750          2.000
  2000    57     1          5.269         15.299          9.344         15.969          3.000
  2000    58     1          4.698         13.752          7.188         13.312          3.000
  2000    59     1          3.965         12.639          6.875         12.625          2.000
  2000    60     1          4.671         13.984          8.062         13.344          3.000
  2000    61     1          5.703         15.670          9.219         16.156          4.000
  2000    62     1          5.269         15.840          8.469         16.156          3.000
  2000    63     1          4.399         12.809          7.188         11.906          2.000
  2000    64     1          5.269         10.627          5.781         10.469          1.000
  2000    65     1          5.432         10.426          5.781         10.219          2.000
  2000    66     1          4.427         10.023          4.719          9.750          2.000
  2000    67     1          4.291         10.426          5.469         10.219          2.000
  2000    68     1          4.427         12.576          6.438         13.781          2.000
  2000    69     1          4.970         12.979          7.281         12.594          3.000
  2000    70     1          2.824         10.488          5.688         10.000          2.000
  2000    71     1          4.073         12.840          6.875         11.906          2.000
  2000    72     1          4.671         13.350          6.875         13.531          2.000
  2000    73     1          3.639          7.488          4.219          4.594          0.000
  2000    74     1          4.970         14.928          8.062         14.750          3.000
  2000    75     1          4.399         14.154          7.625         13.094          2.000
  2000    76     1          3.503         12.098          7.531         10.281          2.000
  2000    77     1          4.399         11.865          7.094         10.969          2.000
  2000    78     1          4.535         11.896          7.312         10.500          2.000
  2000    79     1          3.910         11.928          6.906         10.062          2.000
  2000    80     1          2.036          6.438          3.938          2.750          0.000
  2000    81     1          1.793          5.150          2.344          5.688          0.000
  2000    82     1          5.160         14.463          8.656         15.656          4.000
  2000    83     1          4.889         12.080          6.500         13.969          4.000
  2000    84     1          4.997         10.564          5.875         11.156          2.000
  2000    85     1          5.839         15.871          8.062         15.219          3.000
  2000    86     1          6.138         16.242          8.906         16.625          3.000
  2000    87     1          5.703         15.268          8.562         14.969          3.000
  2000    88     1          5.269         11.803          6.219         11.656          2.000
  2000    89     1          4.834         11.262          6.438         10.000          2.000
  2000    90     1          4.970         11.432          6.438         11.188          2.000
  2000    91     1          5.703         10.596          5.562         10.688          2.000
  2000    92     1          5.839         12.205          7.281         11.875          2.000
  2000    93     1          5.703         12.545          6.750         13.281          2.000
  2000    94     1          5.703         14.293          6.969         14.250          2.000
  2000    95     1          5.703         13.922          8.031         14.000          3.000
  2000    96     1          5.703         14.896          7.938         13.562          3.500
  2000    97     1          5.703         15.871          8.375         15.688          2.500
  2000    98     1          5.703         15.871          8.250         15.906          3.500
  2000    99     1          5.703         15.871          9.219         16.406          4.500
  2000   100     1          5.703         14.123          7.719         13.781          3.500
  2000   101     1          5.567         13.148          7.281         13.781          3.000
  2000   102     1          5.703         12.406          6.656         11.188          2.500
  2000   103     1          5.703         15.299          8.469         14.500          3.000
  2000   104     1          5.703         14.695          7.938         14.500          3.500
  2000   105     1          5.839         15.098          7.938         14.969          4.500
  2000   106     1          5.703         15.670          8.781         16.156          3.500
  2000   107     1          5.703         16.242          8.688         15.938          3.500
  2000   108     1          5.839         15.299          8.062         14.750          3.500
  2000   109     1          5.703         12.809          6.969         12.375          2.500
  2000   110     1          5.703         13.148          6.750         13.312          3.500
  2000   111     1          4.970          9.885          5.688          9.750          3.500
  2000   112     1          4.834          8.508          5.250          9.031          2.000
  2000   113     1          5.703         10.023          5.344          9.969          2.500
  2000   114     1          5.703         12.947          6.969         12.594          3.000
  2000   115     1          5.703         10.982          5.781         11.375          3.000
  2000   116     1          5.703         13.133          7.500         13.750          3.500
  2000   117     1          5.703         14.309          8.031         14.969          3.500
  2000   118     1          5.703         15.082          8.250         14.500          3.500
  2000   119     1          5.703         13.953          7.406         13.094          3.000
  2000   120     1          5.703         12.762          6.438         12.594          3.500
  2000   121     1          5.703         13.148          7.281         12.375          3.000
  2000   122     1          5.703         12.592          6.969         11.656          3.000
  2000   123     1          5.703         15.299          8.156         14.500          3.500
  2000   124     1          5.703         13.249          7.281         12.125          3.000
  2000   125     1          5.703         11.602          6.219         11.406          3.000
  2000   126     1          5.703         10.611          5.781         11.625          2.500
  2000   127     1          5.839         12.692          6.969         11.188          1.500
  2000   128     1          5.703         10.511          5.344         11.375          2.500
  2000   129     1          5.160          7.989          4.062          8.531          2.000
  2000   130     1          5.703         10.457          5.781         10.469          2.500
  2000   131     1          5.703         12.963          6.750         12.375          2.500
  2000   132     1          5.703         13.249          7.281         12.594          3.000
  2000   133     1          5.703         10.124          5.250         10.906          2.000
  2000   134     1          5.839         11.749          6.219         11.188          1.500
  2000   135     1          5.839         12.661          6.750         12.125          2.500
  2000   136     1          5.839         12.979          6.969         13.062          3.000
  2000   137     1          5.703         12.746          6.750         11.875          2.500
  2000   138     1          5.703         12.661          6.531         12.344          3.000
  2000   139     1          5.703         12.444          6.312         12.812          2.500
  2000   140     1          5.703         12.661          6.531         13.062          3.500
  2000   141     1          5.703         13.636          7.500         14.031          3.500
  2000   142     1          5.703         12.391          6.438         11.656          2.500
  2000   143     1          5.703         13.736          7.500         13.562          2.500
  2000   144     1          5.703         10.743          5.688         10.938          2.500
  2000   145     1          5.703         13.736          7.188         13.312          3.500
  2000   146     1          5.839         13.837          7.500         14.031          4.000
  2000   147     1          5.839         14.022          7.281         14.000          3.500
  2000   148     1          5.703         14.107          7.281         13.781          3.500
  2000   149     1          5.703         13.736          7.500         13.531          3.500
  2000   150     1          5.703         12.847          6.750         13.062          3.500
  2000   151     1          5.703         13.435          6.969         13.781          3.500
  2000   152     1          5.703         13.736          7.391         13.562          3.000
  2000   153     1          5.839         13.365          7.500         13.062          3.500
  2000   154     1          5.703         12.947          6.953         12.125          3.000
  2000   155     1          5.567         10.542          5.781         10.219          2.500
  2000   156     1          5.839          9.181          5.031          8.781          2.500
  2000   157     1          5.255          8.640          4.625          8.094          2.000
  2000   158     1          4.956          7.967          4.297          6.438          1.500
  2000   159     1          5.567          9.335          5.016          9.719          2.500
  2000   160     1          5.853         12.963          7.062         12.844          3.000
  2000   161     1          5.703         12.947          7.062         12.594          3.500
  2000   162     1          5.703         11.888          6.734         11.625          3.000
  2000   163     1          5.703         13.953          7.406         13.562          3.000
  2000   164     1          5.771         13.265          7.391         12.625          3.000
  2000   165     1          5.364          9.049          4.703          8.766          2.000
  2000   166     1          5.703         10.473          5.688         10.016          2.000
  2000   167     1          5.771         12.391          6.438         11.891          3.000
  2000   168     1          5.703         14.139          7.922         13.562          3.000
  2000   169     1          5.771         14.107          7.812         14.500          3.500
  2000   170     1          5.567         13.063          7.062         12.844          2.500
  2000   171     1          5.771         13.048          7.172         12.359          3.000
  2000   172     1          5.771         14.711          8.141         14.734          3.500
  2000   173     1          5.703         15.484          8.250         14.734          3.500
  2000   174     1          5.703         15.855          8.250         15.688          4.000
  2000   175     1          5.703         12.151          6.453         10.734          2.500
  2000   176     1          5.771         13.435          6.969         12.828          3.000
  2000   177     1          5.622         12.979          6.656         12.125          3.000
  2000   178     1          5.635         11.385          6.203         11.031          3.000
  2000   179     1          5.703         11.825          5.984         12.438          3.000
  2000   180     1          5.703         14.324          8.031         13.422          3.000
  2000   181     1          5.703         15.484          8.250         15.094          3.500
  2000   182     1          5.703         15.855          8.781         15.328          3.500
  2000   183     1          5.703         15.198          8.359         14.141          3.500
  2000   184     1          5.771         14.224          7.812         13.422          3.000
  2000   185     1          5.703         14.494          7.812         14.125          3.500
  2000   186     1          5.703         15.956          8.625         15.328          3.500
  2000   187     1          5.771         12.158          6.688         12.219          3.000
  2000   188     1          5.771         15.771          8.516         15.328          4.000
  2000   189     1          5.771         16.242          8.781         16.047          3.500
  2000   190     1          5.703         16.242          8.781         15.906          3.500
  2000   191     1          5.703         14.610          8.141         13.906          3.500
  2000   192     1          5.771         14.711          7.984         14.031          3.000
  2000   193     1          5.703         15.871          8.359         15.094          3.500
  2000   194     1          5.703         14.695          7.922         14.609          3.500
  2000   195     1          5.703         10.998          5.938         10.797          3.500
  2000   196     1          5.703         16.142          9.000         16.031          3.500
  2000   197     1          5.771         16.142          9.422         17.219          4.000
  2000   198     1          5.703         16.142          9.531         16.984          4.000
  2000   199     1          5.703         16.142          9.109         16.750          4.000
  2000   200     1          5.771         15.956          9.000         16.859          4.000
  2000   201     1          5.771         16.242          9.422         17.328          4.500
  2000   202     1          5.703         16.142          9.000         16.516          3.500
  2000   203     1          5.703         15.956          8.734         15.328          4.000
  2000   204     1          5.771         16.242          9.531         16.750          4.000
  2000   205     1          5.853         14.208          7.547         13.891          3.000
  2000   206     1          5.703         16.057          8.781         15.688          4.000
  2000   207     1          5.771         15.585          8.469         14.859          3.500
  2000   208     1          5.703         16.142          9.109         16.281          4.000
  2000   209     1          5.771         16.142          9.750         17.234          4.000
  2000   210     1          5.771         16.057          9.875         17.125          4.000
  2000   211     1          4.277         12.802          7.438         10.172          2.500
  2000   212     1          5.404         14.827          8.422         14.156          2.500
  2000   213     1          5.703         16.142         10.344         19.000          4.500
  2000   214     1          5.703         16.142          9.969         17.703          4.500
  2000   215     1          5.703         15.956          8.469         15.328          3.500
  2000   216     1          3.462         11.773          6.703          9.000          2.500
  2000   217     1          2.798          8.499          4.672          9.797          3.000
  2000   218     1          3.503          5.600          2.891          5.578          1.500
  2000   219     1          2.647          6.739          3.828          2.625          0.000
  2000   220     1          0.000          0.000          0.000          0.000          0.000
  2000   221     1          2.036          3.521          2.078          1.375          0.000
  2000   222     1          5.554         13.736          7.344         13.422          3.000
  2000   223     1          5.703         16.057          9.266         16.984          4.250
  2000   224     1          5.771         14.711          7.984         14.375          3.500
  2000   225     1          5.703         16.142          9.266         16.750          4.250
  2000   226     1          5.771         16.142          9.484         17.453          4.250
  2000   227     1          5.703         16.057          9.859         17.703          4.500
  2000   228     1          5.703         16.142         10.406         18.547          4.000
  2000   229     1          5.771         16.242         10.188         18.422          4.500
  2000   230     1          5.703         16.142         10.719         19.375          4.500
  2000   231     1          5.703         16.142          9.703         17.469          4.000
  2000   232     1          5.771         16.142         11.047         19.375          5.000
  2000   233     1          5.703         16.057         11.203         20.547          5.000
  2000   234     1          5.771         16.049         11.578         20.906          5.000
  2000   235     1          5.771         16.242         11.734         21.375          5.000
  2000   236     1          5.771         16.142         11.734         21.859          5.000
  2000   237     1          5.703         16.057         11.141         20.781          5.000
  2000   238     1          5.771         16.049         10.719         19.375          5.000
  2000   239     1          5.703         15.956          9.484         17.109          4.500
  2000   240     1          5.567         14.007          7.500         13.891          3.500
  2000   241     1          4.644         11.130          5.844         10.922          2.500
  2000   242     1          5.846         16.006         10.609         19.594          5.000
  2000   243     1          5.703         16.192         10.031         18.297          4.500
  2000   244     1          5.771         16.099          9.609         16.547          4.000
  2000   245     1          5.703         14.286          7.578         12.750          3.000
  2000   246     1          5.771         16.099         10.078         18.531          4.000
  2000   247     1          5.703         15.956         10.672         18.422          4.500
  2000   248     1          4.956         14.692          9.719         16.547          3.750
  2000   249     1          0.000          3.118          3.281          2.250          0.000
  2000   250     1          0.000          0.000          0.000          0.000          0.000
  2000   251     1          4.807         14.708         10.094         17.016          4.000
  2000   252     1          5.703         15.956         11.688         21.391          5.000
  2000   253     1          5.703         15.999         12.547         22.703          5.500
  2000   254     1          5.771         16.142         13.234         23.875          6.000
  2000   255     1          5.846         16.099         13.234         24.234          5.500
  2000   256     1          5.771         16.006         13.453         24.594          6.000
  2000   257     1          5.778         15.999         13.453         24.828          5.750
  2000   258     1          5.771         15.906         12.812         22.703          5.500
  2000   259     1          5.846         16.099         13.078         24.109          5.500
  2000   260     1          5.703         16.006         12.656         23.047          5.500
  2000   261     1          5.846         16.006         13.453         24.000          6.000
  2000   262     1          5.778         16.142         12.750         22.922          5.500
  2000   263     1          5.703         16.006         12.172         21.875          5.000
  2000   264     1          5.703         16.049         12.062         21.859          5.500
  2000   265     1          5.567         15.747         11.992         22.312          5.500
  2000   266     1          4.807         14.649         11.000         19.625          4.500
  2000   267     1          5.622         15.720         12.273         21.984          5.250
  2000   268     1          5.778         15.805         11.891         21.969          5.250
  2000   269     1          5.771         16.049         11.906         21.516          5.250
  2000   270     1          5.846         16.099         12.586         23.156          5.750
  2000   271     1          5.771         16.099         11.320         20.562          5.000
  2000   272     1          3.265         12.055          8.836         13.031          3.000
  2000   273     1          0.000          0.000          0.000          0.000          0.000
  2000   274     1          0.000          0.000          0.000          0.000          0.000
  2000   275     1          0.000          0.000          0.000          0.000          0.000
  2000   276     1          1.419          7.479          3.977          6.797          1.750
  2000   277     1          1.344          8.902          5.367          9.047          2.000
  2000   278     1          0.000          0.000          0.000          0.000          0.000
  2000   279     1          0.000          0.000          0.000          0.000          0.000
  2000   280     1          0.000          0.000          0.000          0.000          0.000
  2000   281     1          0.000          0.000          0.000          0.000          0.000
  2000   282     1          0.000          0.000          0.000          0.000          0.000
  2000   283     1          3.116          6.096          3.250          4.453          0.750
  2000   284     1          4.236         10.678          5.711          9.070          2.250
  2000   285     1          0.000          0.000          0.000          0.000          0.000
  2000   286     1          0.000          0.278          0.156          0.352          0.250
  2000   287     1          0.000          0.000          0.000          0.000          0.000
  2000   288     1          0.000          0.000          0.000          0.000          0.000
  2000   289     1          0.000          0.000          0.000          0.000          0.000
  2000   290     1          0.000          0.000          0.000          0.000          0.000
  2000   291     1          2.036          7.041          5.469          3.625          0.000
  2000   292     1          5.397         15.542         10.695         18.164          4.250
  2000   293     1          3.700         13.107          9.789         15.969          3.500
  2000   294     1          2.375         10.250          7.430          8.344          1.500
  2000   295     1          4.501         14.054          9.930         17.133          4.000
  2000   296     1          5.696         15.956         11.844         22.383          5.500
  2000   297     1          5.771         16.049         12.016         21.516          5.250
  2000   298     1          5.744         15.898         11.188         21.594          5.500
  2000   299     1          5.228         15.190          9.711         17.594          4.250
  2000   300     1          1.887          9.866          6.633         11.484          2.750
  2000   301     1          0.000          0.000          0.000          0.000          0.000
  2000   302     1          0.000          0.000          0.000          0.000          0.000
  2000   303     1          2.715         10.096          5.703          6.359          1.250
  2000   304     1          1.357          7.048          4.648          4.625          0.500
  2000   305     1          0.000          0.352          0.219          0.125          0.000
  2000   306     1          0.000          0.000          0.000          0.000          0.000
  2000   307     1          0.000          0.000          0.000          0.000          0.000
  2000   308     1          0.000          0.000          0.000          0.000          0.000
  2000   309     1          0.000          0.000          0.000          0.000          0.000
  2000   310     1          0.000          0.000          0.000          0.000          0.000
  2000   311     1          0.000          0.000          0.000          0.000          0.000
  2000   312     1          0.000          0.000          0.000          0.000          0.000
  2000   313     1          1.357          6.306          4.039          3.562          0.250
  2000   314     1          0.000          0.050          0.875          0.625          0.000
  2000   315     1          0.000          0.000          0.000          0.000          0.000
  2000   316     1          0.000          0.000          0.000          0.000          0.000
  2000   317     1          0.000          0.000          0.000          0.000          0.000
  2000   318     1          0.000          0.000          0.000          0.000          0.000
  2000   319     1          0.000          0.000          0.000          0.000          0.000
  2000   320     1          0.000          0.000          0.000          0.000          0.000
  2000   321     1          0.000          0.000          0.000          0.000          0.000
  2000   322     1          0.000          0.000          0.000          0.000          0.000
  2000   323     1          0.000          0.000          0.000          0.000          0.000
  2000   324     1          0.000          0.000          0.000          0.000          0.000
  2000   325     1          0.000          0.000          0.000          0.000          0.000
  2000   326     1          0.000          0.000          0.000          0.000          0.000
  2000   327     1          2.342          9.635          7.023          8.156          1.250
  2000   328     1          4.623         14.371          9.695         16.492          3.750
  2000   329     1          5.146         15.113         10.742         18.156          4.250
  2000   330     1          5.846         16.234         11.211         20.203          4.750
  2000   331     1          5.554         15.712         10.781         19.844          4.750
  2000   332     1          5.744         16.033         10.773         19.781          5.000
  2000   333     1          4.997         15.016         10.336         19.586          4.750
  2000   334     1          0.000          0.000          0.000          0.000          0.000
  2000   335     1          0.000          0.000          0.000          0.000          0.000
  2001     1     1          0.000          0.000          0.000          0.000          0.000
  2001     2     1          0.000          0.000          0.000          0.000          0.000
  2001     3     1          0.000          0.000          0.000          0.000          0.000
  2001     4     1          0.000          0.000          0.000          0.000          0.000
  2001     5     1          2.532          5.250          3.055          2.227          0.000
  2001     6     1          2.953          6.126          3.172          5.539          1.250
  2001     7     1          4.956         10.326          5.383          8.594          2.000
  2001     8     1          3.700          7.715          3.922          7.141          1.750
  2001     9     1          3.510          7.345          3.906          4.828          0.750
  2001    10     1          2.546          4.231          2.172          3.125          0.500
  2001    11     1          4.365          7.127          3.656          6.422          1.500
  2001    12     1          5.533          8.879          4.656          9.016          2.250
  2001    13     1          5.275          8.593          4.445          8.484          2.250
  2001    14     1          5.486          8.802          4.609          8.672          2.000
  2001    15     1          5.812         12.124          6.164         11.516          2.750
  2001    16     1          5.744         11.385          5.891         11.516          3.000
  2001    17     1          0.611          1.056          0.602          0.375          0.000
  2001    18     1          0.000          0.000          0.000          0.000          0.000
  2001    19     1          0.000          0.000          0.000          0.000          0.000
  2001    20     1          0.000          0.000          0.000          0.000          0.000
  2001    21     1          0.000          0.000          0.000          0.000          0.000
  2001    22     1          0.000          0.000          0.000          0.000          0.000
  2001    23     1          0.000          0.000          0.000          0.000          0.000
  2001    24     1          0.000          0.000          0.000          0.000          0.000
  2001    25     1          0.000          0.000          0.000          0.000          0.000
  2001    26     1          1.195          1.763          0.781          2.812          1.000
  2001    27     1          0.000          0.000          0.000          0.000          0.000
  2001    28     1          0.000          0.479          0.000          0.359          0.000
  2001    29     1          0.000          0.000          0.000          0.000          0.000
  2001    30     1          0.204          3.822          2.625          1.875          0.000
  2001    31     1          2.511          7.846          6.125          4.125          0.000
