Subasin-ID	year	day	hour	qlateral(m**3/s)	inflow(m**3/s)	evap(m**3)	prec(m**3)	intake(m**3/s)	overflow(m**3/s)	qbottom(m**3/s)	qout(m**3/s)	withdrawal(m**3/s)	elevation(m)	area(m**2)	volume(m**3)
    15	  2000	     1	     1	     0.000	    82.705	      66188.3	      29472.1	    36.000	    46.841	     0.000	    82.841	     0.020	   447.272	    10265968.0	    88646808.0	
    15	  2000	     2	     1	     0.000	    85.438	      42231.7	     201042.2	    36.000	    48.993	     0.000	    84.993	     0.020	   447.297	    10282175.0	    88842336.0	
    15	  2000	     3	     1	     0.000	    87.622	      58866.3	      93679.3	    36.000	    53.440	     0.000	    89.440	     0.020	   447.282	    10271899.0	    88718344.0	
    15	  2000	     4	     1	     0.000	    90.496	      58324.2	      35787.6	    36.000	    54.879	     0.000	    90.879	     0.020	   447.274	    10267144.0	    88660992.0	
    15	  2000	     5	     1	     0.000	    93.824	      37296.1	     158939.1	    36.000	    57.543	     0.000	    93.543	     0.020	   447.293	    10279095.0	    88805168.0	
    15	  2000	     6	     1	     0.000	    96.237	      31942.2	     126309.2	    36.000	    61.624	     0.000	    97.624	     0.020	   447.289	    10276835.0	    88777896.0	
    15	  2000	     7	     1	     0.000	    98.354	      41891.1	      83153.6	    36.000	    63.427	     0.000	    99.427	     0.020	   447.282	    10272433.0	    88724792.0	
    15	  2000	     8	     1	     0.000	   100.895	      45083.1	     110520.6	    36.000	    65.353	     0.000	   101.353	     0.020	   447.285	    10274437.0	    88748968.0	
    15	  2000	     9	     1	     0.000	   104.020	      33938.5	      84206.1	    36.000	    68.757	     0.000	   104.757	     0.020	   447.284	    10273179.0	    88733792.0	
    15	  2000	    10	     1	     0.000	   106.349	      49089.7	      34735.0	    36.000	    70.911	     0.000	   106.911	     0.020	   447.275	    10267822.0	    88669176.0	
    15	  2000	    11	     1	     0.000	   108.968	      51751.6	      15788.7	    36.000	    72.782	     0.000	   108.782	     0.020	   447.273	    10266031.0	    88647568.0	
    15	  2000	    12	     1	     0.000	   111.305	      56882.3	      13683.5	    36.000	    74.868	     0.000	   110.868	     0.020	   447.272	    10265431.0	    88640328.0	
    15	  2000	    13	     1	     0.000	   113.487	      60358.1	      23156.7	    36.000	    76.967	     0.000	   112.967	     0.020	   447.272	    10265928.0	    88646328.0	
    15	  2000	    14	     1	     0.000	   115.598	      65168.0	      15788.7	    36.000	    79.147	     0.000	   115.147	     0.020	   447.271	    10264918.0	    88634152.0	
    15	  2000	    15	     1	     0.000	   117.822	      66152.2	       9473.2	    36.000	    81.230	     0.000	   117.230	     0.020	   447.270	    10264312.0	    88626848.0	
    15	  2000	    16	     1	     0.000	   119.952	      65215.4	       6315.5	    36.000	    83.276	     0.000	   119.276	     0.020	   447.270	    10264129.0	    88624632.0	
    15	  2000	    17	     1	     0.000	   122.026	      60710.0	      50523.7	    36.000	    85.324	     0.000	   121.324	     0.020	   447.276	    10268168.0	    88673344.0	
    15	  2000	    18	     1	     0.000	   124.495	      40321.5	     111573.1	    36.000	    88.358	     0.000	   124.358	     0.020	   447.286	    10274919.0	    88754776.0	
    15	  2000	    19	     1	     0.000	   126.594	      28190.1	      98942.2	    36.000	    91.399	     0.000	   127.399	     0.020	   447.286	    10274877.0	    88754280.0	
    15	  2000	    20	     1	     0.000	   127.621	      46033.5	      33682.5	    36.000	    92.420	     0.000	   128.420	     0.020	   447.276	    10267989.0	    88671176.0	
    15	  2000	    21	     1	     0.000	   128.882	      56269.6	      23156.7	    36.000	    92.719	     0.000	   128.719	     0.020	   447.273	    10266267.0	    88650416.0	
    15	  2000	    22	     1	     0.000	   130.307	      60768.5	       7368.0	    36.000	    93.904	     0.000	   129.904	     0.020	   447.270	    10264585.0	    88630128.0	
    15	  2000	    23	     1	     0.000	   131.858	      59940.3	       3157.7	    36.000	    95.220	     0.000	   131.220	     0.020	   447.270	    10264304.0	    88626744.0	
    15	  2000	    24	     1	     0.000	   133.181	      63622.2	       6315.5	    36.000	    96.504	     0.000	   132.504	     0.020	   447.270	    10264261.0	    88626224.0	
    15	  2000	    25	     1	     0.000	   134.581	      62841.9	      14736.1	    36.000	    97.897	     0.000	   133.897	     0.020	   447.271	    10265024.0	    88635424.0	
    15	  2000	    26	     1	     0.000	   135.906	      61684.0	      10525.8	    36.000	    99.329	     0.000	   135.329	     0.020	   447.271	    10264770.0	    88632368.0	
    15	  2000	    27	     1	     0.000	   137.235	      57701.2	      15788.7	    36.000	   100.623	     0.000	   136.623	     0.020	   447.272	    10265537.0	    88641616.0	
    15	  2000	    28	     1	     0.000	   138.653	      48432.5	      86311.3	    36.000	   102.148	     0.000	   138.148	     0.020	   447.282	    10272153.0	    88721408.0	
    15	  2000	    29	     1	     0.000	   139.971	      40821.1	     184200.9	    36.000	   104.390	     0.000	   140.390	     0.020	   447.295	    10280897.0	    88826904.0	
    15	  2000	    30	     1	     0.000	   141.346	      31334.3	     103152.5	    36.000	   106.986	     0.000	   142.986	     0.020	   447.286	    10274966.0	    88755344.0	
    15	  2000	    31	     1	     0.000	   142.140	      38006.4	     137887.5	    36.000	   106.952	     0.000	   142.952	     0.020	   447.290	    10277292.0	    88783408.0	
    15	  2000	    32	     1	     0.000	   143.070	      40939.1	      52628.8	    36.000	   108.206	     0.000	   144.206	     0.020	   447.279	    10269981.0	    88695216.0	
    15	  2000	    33	     1	     0.000	   143.708	      51416.9	      23156.7	    36.000	   107.823	     0.000	   143.823	     0.020	   447.274	    10266669.0	    88655264.0	
    15	  2000	    34	     1	     0.000	   144.577	      56921.5	      11578.3	    36.000	   108.230	     0.000	   144.230	     0.020	   447.271	    10265253.0	    88638184.0	
    15	  2000	    35	     1	     0.000	   145.470	      62690.6	       5262.9	    36.000	   108.925	     0.000	   144.925	     0.020	   447.270	    10264251.0	    88626104.0	
    15	  2000	    36	     1	     0.000	   146.635	      61226.2	       8420.6	    36.000	   109.950	     0.000	   145.950	     0.020	   447.270	    10264634.0	    88630720.0	
    15	  2000	    37	     1	     0.000	   147.785	      59786.7	       2105.2	    36.000	   111.153	     0.000	   147.153	     0.020	   447.270	    10264230.0	    88625848.0	
    15	  2000	    38	     1	     0.000	   149.320	      46867.7	      56839.1	    36.000	   112.632	     0.000	   148.632	     0.020	   447.278	    10269839.0	    88693496.0	
    15	  2000	    39	     1	     0.000	   151.321	      25445.0	     205252.5	    36.000	   115.417	     0.000	   151.417	     0.020	   447.300	    10283915.0	    88863336.0	
    15	  2000	    40	     1	     0.000	   152.458	      32145.4	     156833.9	    36.000	   118.520	     0.000	   154.520	     0.020	   447.293	    10279348.0	    88808216.0	
    15	  2000	    41	     1	     0.000	   154.370	      19151.9	     167359.7	    36.000	   119.793	     0.000	   155.793	     0.020	   447.296	    10281297.0	    88831736.0	
    15	  2000	    42	     1	     0.000	   155.608	      22996.8	     121046.3	    36.000	   121.303	     0.000	   157.303	     0.020	   447.290	    10277140.0	    88781576.0	
    15	  2000	    43	     1	     0.000	   156.485	      32115.4	     141045.3	    36.000	   121.600	     0.000	   157.600	     0.020	   447.291	    10278042.0	    88792456.0	
    15	  2000	    44	     1	     0.000	   158.284	      26940.3	     168412.3	    36.000	   123.525	     0.000	   159.525	     0.020	   447.295	    10280739.0	    88825000.0	
    15	  2000	    45	     1	     0.000	   164.424	      18277.0	     248408.1	    36.000	   130.041	     0.000	   166.041	     0.020	   447.306	    10288085.0	    88913656.0	
    15	  2000	    46	     1	     0.000	   173.913	      32746.8	      88416.4	    36.000	   140.556	     0.000	   176.556	     0.020	   447.284	    10273628.0	    88739200.0	
    15	  2000	    47	     1	     0.000	   184.186	      36692.9	      31577.3	    36.000	   148.810	     0.000	   184.810	     0.020	   447.276	    10268588.0	    88678416.0	
    15	  2000	    48	     1	     0.000	   191.037	      49778.8	       8420.6	    36.000	   154.958	     0.000	   190.958	     0.020	   447.272	    10265583.0	    88642168.0	
    15	  2000	    49	     1	     0.000	   191.506	      52798.2	       7368.0	    36.000	   155.007	     0.000	   191.007	     0.020	   447.271	    10265245.0	    88638096.0	
    15	  2000	    50	     1	     0.000	   191.644	      52794.2	       8420.6	    36.000	   155.098	     0.000	   191.098	     0.020	   447.271	    10265333.0	    88639152.0	
    15	  2000	    51	     1	     0.000	   191.444	      60300.1	      19999.0	    36.000	   154.910	     0.000	   190.910	     0.020	   447.272	    10265671.0	    88643224.0	
    15	  2000	    52	     1	     0.000	   192.089	      46921.0	      14736.1	    36.000	   155.603	     0.000	   191.603	     0.020	   447.273	    10266344.0	    88651344.0	
    15	  2000	    53	     1	     0.000	   191.726	      54233.4	       8420.6	    36.000	   155.334	     0.000	   191.334	     0.020	   447.271	    10265213.0	    88637712.0	
    15	  2000	    54	     1	     0.000	   191.357	      56795.4	       5262.9	    36.000	   154.807	     0.000	   190.807	     0.020	   447.271	    10264739.0	    88631992.0	
    15	  2000	    55	     1	     0.000	   190.856	      57109.4	       6315.5	    36.000	   154.239	     0.000	   190.239	     0.020	   447.271	    10264801.0	    88632736.0	
    15	  2000	    56	     1	     0.000	   190.203	      56680.9	       9473.2	    36.000	   153.595	     0.000	   189.595	     0.020	   447.271	    10265098.0	    88636320.0	
    15	  2000	    57	     1	     0.000	   190.567	      59223.8	       6315.5	    36.000	   154.001	     0.000	   190.001	     0.020	   447.270	    10264625.0	    88630616.0	
    15	  2000	    58	     1	     0.000	   192.446	      54359.3	       9473.2	    36.000	   155.813	     0.000	   191.813	     0.020	   447.271	    10265291.0	    88638640.0	
    15	  2000	    59	     1	     0.000	   194.174	      51065.4	      12630.9	    36.000	   157.634	     0.000	   193.634	     0.020	   447.272	    10265826.0	    88645096.0	
    15	  2000	    60	     1	     0.000	   195.492	      53658.1	      10525.8	    36.000	   159.028	     0.000	   195.028	     0.020	   447.272	    10265436.0	    88640392.0	
    15	  2000	    61	     1	     0.000	   196.588	      57651.0	       1052.6	    36.000	   160.069	     0.000	   196.069	     0.020	   447.270	    10264319.0	    88626928.0	
    15	  2000	    62	     1	     0.000	   197.816	      54908.2	       2105.2	    36.000	   161.141	     0.000	   197.141	     0.020	   447.270	    10264634.0	    88630728.0	
    15	  2000	    63	     1	     0.000	   198.952	      51135.5	      10525.8	    36.000	   162.321	     0.000	   198.321	     0.020	   447.272	    10265645.0	    88642920.0	
    15	  2000	    64	     1	     0.000	   200.299	      39445.5	       5262.9	    36.000	   163.809	     0.000	   199.809	     0.020	   447.273	    10266178.0	    88649344.0	
    15	  2000	    65	     1	     0.000	   200.990	      40501.7	       4210.3	    36.000	   164.574	     0.000	   200.574	     0.020	   447.272	    10266004.0	    88647240.0	
    15	  2000	    66	     1	     0.000	   201.616	      40588.4	       5262.9	    36.000	   165.176	     0.000	   201.176	     0.020	   447.273	    10266083.0	    88648200.0	
    15	  2000	    67	     1	     0.000	   202.069	      42493.1	       7368.0	    36.000	   165.640	     0.000	   201.640	     0.020	   447.273	    10266100.0	    88648400.0	
    15	  2000	    68	     1	     0.000	   202.132	      51500.2	       8420.6	    36.000	   165.705	     0.000	   201.705	     0.020	   447.272	    10265440.0	    88640448.0	
    15	  2000	    69	     1	     0.000	   202.599	      49162.9	       8420.6	    36.000	   166.080	     0.000	   202.080	     0.020	   447.272	    10265634.0	    88642784.0	
    15	  2000	    70	     1	     0.000	   202.794	      51445.4	      19999.0	    36.000	   166.303	     0.000	   202.303	     0.020	   447.273	    10266405.0	    88652080.0	
    15	  2000	    71	     1	     0.000	   202.961	      52818.0	      13683.5	    36.000	   166.577	     0.000	   202.577	     0.020	   447.272	    10265767.0	    88644392.0	
    15	  2000	    72	     1	     0.000	   203.142	      52361.6	       8420.6	    36.000	   166.669	     0.000	   202.669	     0.020	   447.272	    10265369.0	    88639584.0	
    15	  2000	    73	     1	     0.000	   204.140	      31417.2	      18946.4	    36.000	   167.611	     0.000	   203.611	     0.020	   447.276	    10267978.0	    88671056.0	
    15	  2000	    74	     1	     0.000	   203.195	      54674.4	       5262.9	    36.000	   167.030	     0.000	   203.030	     0.020	   447.271	    10264916.0	    88634120.0	
    15	  2000	    75	     1	     0.000	   203.283	      52590.3	       7368.0	    36.000	   166.692	     0.000	   202.692	     0.020	   447.271	    10265262.0	    88638304.0	
    15	  2000	    76	     1	     0.000	   203.392	      48961.0	      17893.8	    36.000	   166.848	     0.000	   202.848	     0.020	   447.273	    10266437.0	    88652464.0	
    15	  2000	    77	     1	     0.000	   203.434	      45839.9	      10525.8	    36.000	   167.054	     0.000	   203.054	     0.020	   447.273	    10266085.0	    88648216.0	
    15	  2000	    78	     1	     0.000	   203.367	      44316.2	      11578.3	    36.000	   166.938	     0.000	   202.938	     0.020	   447.273	    10266298.0	    88650792.0	
    15	  2000	    79	     1	     0.000	   203.014	      48568.2	      21051.5	    36.000	   166.615	     0.000	   202.615	     0.020	   447.274	    10266730.0	    88656008.0	
    15	  2000	    80	     1	     0.000	   203.195	      39517.5	      69470.1	    36.000	   166.856	     0.000	   202.856	     0.020	   447.281	    10271496.0	    88713480.0	
    15	  2000	    81	     1	     0.000	   203.016	      38236.8	      16841.2	    36.000	   167.343	     0.000	   203.343	     0.020	   447.274	    10267239.0	    88662136.0	
    15	  2000	    82	     1	     0.000	   202.055	      54788.2	          0.0	    36.000	   165.787	     0.000	   201.787	     0.020	   447.270	    10264469.0	    88628736.0	
    15	  2000	    83	     1	     0.000	   202.002	      49573.1	          0.0	    36.000	   165.348	     0.000	   201.348	     0.020	   447.271	    10264902.0	    88633952.0	
    15	  2000	    84	     1	     0.000	   201.994	      42839.2	       3157.7	    36.000	   165.400	     0.000	   201.400	     0.020	   447.272	    10265722.0	    88643848.0	
    15	  2000	    85	     1	     0.000	   201.358	      50341.8	          0.0	    36.000	   164.878	     0.000	   200.878	     0.020	   447.271	    10264838.0	    88633184.0	
    15	  2000	    86	     1	     0.000	   200.791	      55695.3	          0.0	    36.000	   164.188	     0.000	   200.188	     0.020	   447.270	    10264394.0	    88627832.0	
    15	  2000	    87	     1	     0.000	   200.609	      51425.4	          0.0	    36.000	   163.944	     0.000	   199.944	     0.020	   447.271	    10264749.0	    88632104.0	
    15	  2000	    88	     1	     0.000	   200.597	      42541.1	       2105.2	    36.000	   163.982	     0.000	   199.982	     0.020	   447.272	    10265660.0	    88643096.0	
    15	  2000	    89	     1	     0.000	   200.252	      40870.9	       6315.5	    36.000	   163.764	     0.000	   199.764	     0.020	   447.273	    10266148.0	    88648976.0	
    15	  2000	    90	     1	     0.000	   199.762	      42000.1	       6315.5	    36.000	   163.342	     0.000	   199.342	     0.020	   447.273	    10266053.0	    88647840.0	
    15	  2000	    91	     1	     0.000	   199.332	      41053.8	       3157.7	    36.000	   162.899	     0.000	   198.899	     0.020	   447.272	    10265870.0	    88645632.0	
    15	  2000	    92	     1	     0.000	   198.843	      40862.0	       1052.6	    36.000	   162.385	     0.000	   198.385	     0.020	   447.272	    10265712.0	    88643720.0	
    15	  2000	    93	     1	     0.000	   198.096	      46223.4	       1052.6	    36.000	   161.615	     0.000	   197.615	     0.020	   447.271	    10265267.0	    88638360.0	
    15	  2000	    94	     1	     0.000	   197.488	      47729.4	          0.0	    36.000	   160.946	     0.000	   196.946	     0.020	   447.271	    10265055.0	    88635800.0	
    15	  2000	    95	     1	     0.000	   196.919	      47808.0	          0.0	    36.000	   160.346	     0.000	   196.346	     0.020	   447.271	    10265048.0	    88635720.0	
    15	  2000	    96	     1	     0.000	   196.365	      47001.1	          0.0	    36.000	   159.792	     0.000	   195.792	     0.020	   447.271	    10265115.0	    88636528.0	
    15	  2000	    97	     1	     0.000	   195.523	      52602.6	          0.0	    36.000	   158.959	     0.000	   194.959	     0.020	   447.270	    10264651.0	    88630928.0	
    15	  2000	    98	     1	     0.000	   194.909	      52311.2	          0.0	    36.000	   158.280	     0.000	   194.280	     0.020	   447.270	    10264675.0	    88631216.0	
    15	  2000	    99	     1	     0.000	   194.241	      52829.3	          0.0	    36.000	   157.616	     0.000	   193.616	     0.020	   447.270	    10264632.0	    88630696.0	
    15	  2000	   100	     1	     0.000	   193.868	      45857.9	          0.0	    36.000	   157.237	     0.000	   193.237	     0.020	   447.271	    10265210.0	    88637672.0	
    15	  2000	   101	     1	     0.000	   193.214	      45178.2	          0.0	    36.000	   156.663	     0.000	   192.663	     0.020	   447.271	    10265266.0	    88638352.0	
    15	  2000	   102	     1	     0.000	   192.818	      37859.6	          0.0	    36.000	   156.275	     0.000	   192.275	     0.020	   447.272	    10265873.0	    88645672.0	
    15	  2000	   103	     1	     0.000	   191.585	      50303.9	          0.0	    36.000	   155.127	     0.000	   191.127	     0.020	   447.271	    10264842.0	    88633224.0	
    15	  2000	   104	     1	     0.000	   190.896	      49289.3	          0.0	    36.000	   154.294	     0.000	   190.294	     0.020	   447.271	    10264925.0	    88634240.0	
    15	  2000	   105	     1	     0.000	   190.123	      49989.8	          0.0	    36.000	   153.533	     0.000	   189.533	     0.020	   447.271	    10264867.0	    88633536.0	
    15	  2000	   106	     1	     0.000	   189.269	      52330.4	          0.0	    36.000	   152.670	     0.000	   188.670	     0.020	   447.270	    10264674.0	    88631200.0	
    15	  2000	   107	     1	     0.000	   188.513	      52011.1	          0.0	    36.000	   151.887	     0.000	   187.887	     0.020	   447.270	    10264700.0	    88631520.0	
    15	  2000	   108	     1	     0.000	   187.824	      49767.6	          0.0	    36.000	   151.202	     0.000	   187.202	     0.020	   447.271	    10264886.0	    88633760.0	
    15	  2000	   109	     1	     0.000	   187.383	      41206.0	       1052.6	    36.000	   150.788	     0.000	   186.788	     0.020	   447.272	    10265683.0	    88643376.0	
    15	  2000	   110	     1	     0.000	   186.408	      45426.2	          0.0	    36.000	   149.923	     0.000	   185.923	     0.020	   447.271	    10265246.0	    88638104.0	
    15	  2000	   111	     1	     0.000	   185.926	      37349.5	       5262.9	    36.000	   149.381	     0.000	   185.381	     0.020	   447.273	    10266352.0	    88651440.0	
    15	  2000	   112	     1	     0.000	   185.222	      34480.4	       5262.9	    36.000	   148.831	     0.000	   184.831	     0.020	   447.273	    10266590.0	    88654312.0	
    15	  2000	   113	     1	     0.000	   184.300	      36787.1	          0.0	    36.000	   147.942	     0.000	   183.942	     0.020	   447.272	    10265962.0	    88646744.0	
    15	  2000	   114	     1	     0.000	   183.198	      43368.7	          0.0	    36.000	   146.752	     0.000	   182.752	     0.020	   447.272	    10265417.0	    88640160.0	
    15	  2000	   115	     1	     0.000	   182.497	      39929.6	          0.0	    36.000	   145.975	     0.000	   181.975	     0.020	   447.272	    10265702.0	    88643600.0	
    15	  2000	   116	     1	     0.000	   181.389	      46403.4	          0.0	    36.000	   144.907	     0.000	   180.907	     0.020	   447.271	    10265165.0	    88637128.0	
    15	  2000	   117	     1	     0.000	   180.442	      48798.9	          0.0	    36.000	   143.885	     0.000	   179.885	     0.020	   447.271	    10264966.0	    88634728.0	
    15	  2000	   118	     1	     0.000	   179.528	      50283.2	          0.0	    36.000	   142.943	     0.000	   178.943	     0.020	   447.271	    10264844.0	    88633248.0	
    15	  2000	   119	     1	     0.000	   178.939	      43562.8	          0.0	    36.000	   142.337	     0.000	   178.337	     0.020	   447.272	    10265400.0	    88639968.0	
    15	  2000	   120	     1	     0.000	   178.159	      41474.8	          0.0	    36.000	   141.635	     0.000	   177.635	     0.020	   447.272	    10265574.0	    88642056.0	
    15	  2000	   121	     1	     0.000	   177.216	      43367.9	          0.0	    36.000	   140.716	     0.000	   176.716	     0.020	   447.272	    10265417.0	    88640160.0	
    15	  2000	   122	     1	     0.000	   176.471	      40194.4	          0.0	    36.000	   139.949	     0.000	   175.949	     0.020	   447.272	    10265680.0	    88643336.0	
    15	  2000	   123	     1	     0.000	   175.240	      49148.0	          0.0	    36.000	   138.755	     0.000	   174.755	     0.020	   447.271	    10264937.0	    88634376.0	
    15	  2000	   124	     1	     0.000	   174.606	      43015.6	          0.0	    36.000	   138.017	     0.000	   174.017	     0.020	   447.272	    10265446.0	    88640512.0	
    15	  2000	   125	     1	     0.000	   173.921	      38038.9	          0.0	    36.000	   137.404	     0.000	   173.404	     0.020	   447.272	    10265858.0	    88645488.0	
    15	  2000	   126	     1	     0.000	   173.028	      38275.6	          0.0	    36.000	   136.568	     0.000	   172.568	     0.020	   447.272	    10265839.0	    88645256.0	
    15	  2000	   127	     1	     0.000	   172.057	      40445.1	          0.0	    36.000	   135.594	     0.000	   171.594	     0.020	   447.272	    10265659.0	    88643080.0	
    15	  2000	   128	     1	     0.000	   171.261	      38106.6	          0.0	    36.000	   134.773	     0.000	   170.773	     0.020	   447.272	    10265853.0	    88645424.0	
    15	  2000	   129	     1	     0.000	   170.637	      31353.0	       1052.6	    36.000	   134.176	     0.000	   170.176	     0.020	   447.273	    10266500.0	    88653224.0	
    15	  2000	   130	     1	     0.000	   169.617	      34702.8	          0.0	    36.000	   133.247	     0.000	   169.247	     0.020	   447.273	    10266135.0	    88648824.0	
    15	  2000	   131	     1	     0.000	   168.381	      43634.3	          0.0	    36.000	   131.959	     0.000	   167.959	     0.020	   447.272	    10265395.0	    88639896.0	
    15	  2000	   132	     1	     0.000	   167.459	      44500.6	          0.0	    36.000	   130.934	     0.000	   166.934	     0.020	   447.271	    10265323.0	    88639024.0	
    15	  2000	   133	     1	     0.000	   166.868	      36854.5	          0.0	    36.000	   130.333	     0.000	   166.333	     0.020	   447.272	    10265957.0	    88646672.0	
    15	  2000	   134	     1	     0.000	   166.025	      35728.8	       1052.6	    36.000	   129.578	     0.000	   165.578	     0.020	   447.273	    10266137.0	    88648848.0	
    15	  2000	   135	     1	     0.000	   164.913	      41572.3	          0.0	    36.000	   128.492	     0.000	   164.492	     0.020	   447.272	    10265565.0	    88641952.0	
    15	  2000	   136	     1	     0.000	   163.963	      43278.8	          0.0	    36.000	   127.461	     0.000	   163.461	     0.020	   447.272	    10265424.0	    88640248.0	
    15	  2000	   137	     1	     0.000	   163.054	      43912.4	          0.0	    36.000	   126.534	     0.000	   162.534	     0.020	   447.272	    10265372.0	    88639616.0	
    15	  2000	   138	     1	     0.000	   162.181	      43678.6	          0.0	    36.000	   125.652	     0.000	   161.652	     0.020	   447.272	    10265391.0	    88639848.0	
    15	  2000	   139	     1	     0.000	   161.312	      43329.7	          0.0	    36.000	   124.787	     0.000	   160.787	     0.020	   447.272	    10265420.0	    88640200.0	
    15	  2000	   140	     1	     0.000	   160.412	      43842.6	          0.0	    36.000	   123.891	     0.000	   159.891	     0.020	   447.272	    10265378.0	    88639688.0	
    15	  2000	   141	     1	     0.000	   159.481	      45213.5	          0.0	    36.000	   122.954	     0.000	   158.954	     0.020	   447.271	    10265263.0	    88638312.0	
    15	  2000	   142	     1	     0.000	   158.821	      39465.1	          0.0	    36.000	   122.277	     0.000	   158.277	     0.020	   447.272	    10265740.0	    88644064.0	
    15	  2000	   143	     1	     0.000	   157.742	      44807.4	          0.0	    36.000	   121.266	     0.000	   157.266	     0.020	   447.271	    10265297.0	    88638720.0	
    15	  2000	   144	     1	     0.000	   157.183	      36413.9	       1052.6	    36.000	   120.645	     0.000	   156.645	     0.020	   447.273	    10266081.0	    88648168.0	
    15	  2000	   145	     1	     0.000	   155.993	      44861.8	          0.0	    36.000	   119.564	     0.000	   155.564	     0.020	   447.271	    10265292.0	    88638664.0	
    15	  2000	   146	     1	     0.000	   155.081	      45951.3	          0.0	    36.000	   118.542	     0.000	   154.542	     0.020	   447.271	    10265202.0	    88637576.0	
    15	  2000	   147	     1	     0.000	   154.167	      47169.3	          0.0	    36.000	   117.615	     0.000	   153.615	     0.020	   447.271	    10265101.0	    88636360.0	
    15	  2000	   148	     1	     0.000	   153.302	      47144.2	          0.0	    36.000	   116.736	     0.000	   152.736	     0.020	   447.271	    10265103.0	    88636384.0	
    15	  2000	   149	     1	     0.000	   152.501	      45409.4	          0.0	    36.000	   115.936	     0.000	   151.936	     0.020	   447.271	    10265247.0	    88638120.0	
    15	  2000	   150	     1	     0.000	   151.697	      43835.8	          0.0	    36.000	   115.152	     0.000	   151.152	     0.020	   447.272	    10265378.0	    88639696.0	
    15	  2000	   151	     1	     0.000	   150.759	      45959.8	          0.0	    36.000	   114.231	     0.000	   150.231	     0.020	   447.271	    10265202.0	    88637568.0	
    15	  2000	   152	     1	     0.000	   149.881	      46505.8	          0.0	    36.000	   113.329	     0.000	   149.329	     0.020	   447.271	    10265156.0	    88637024.0	
    15	  2000	   153	     1	     0.000	   149.076	      45137.1	          0.0	    36.000	   112.518	     0.000	   148.518	     0.020	   447.271	    10265270.0	    88638392.0	
    15	  2000	   154	     1	     0.000	   148.315	      42629.8	          0.0	    36.000	   111.772	     0.000	   147.772	     0.020	   447.272	    10265478.0	    88640896.0	
    15	  2000	   155	     1	     0.000	   147.771	      34208.4	          0.0	    36.000	   111.258	     0.000	   147.258	     0.020	   447.273	    10266176.0	    88649320.0	
    15	  2000	   156	     1	     0.000	   147.019	      31568.2	          0.0	    36.000	   110.603	     0.000	   146.603	     0.020	   447.273	    10266395.0	    88651960.0	
    15	  2000	   157	     1	     0.000	   146.320	      27519.0	       1052.6	    36.000	   109.934	     0.000	   145.934	     0.020	   447.274	    10266818.0	    88657064.0	
    15	  2000	   158	     1	     0.000	   145.608	      23881.7	       1052.6	    36.000	   109.282	     0.000	   145.282	     0.020	   447.274	    10267119.0	    88660696.0	
    15	  2000	   159	     1	     0.000	   144.321	      36275.4	       1052.6	    36.000	   108.036	     0.000	   144.036	     0.020	   447.273	    10266092.0	    88648304.0	
    15	  2000	   160	     1	     0.000	   143.246	      42917.3	          0.0	    36.000	   106.818	     0.000	   142.818	     0.020	   447.272	    10265453.0	    88640608.0	
    15	  2000	   161	     1	     0.000	   142.357	      44505.3	          0.0	    36.000	   105.841	     0.000	   141.841	     0.020	   447.271	    10265323.0	    88639024.0	
    15	  2000	   162	     1	     0.000	   141.662	      40789.9	          0.0	    36.000	   105.127	     0.000	   141.127	     0.020	   447.272	    10265630.0	    88642736.0	
    15	  2000	   163	     1	     0.000	   140.707	      44441.2	          0.0	    36.000	   104.215	     0.000	   140.215	     0.020	   447.271	    10265328.0	    88639088.0	
    15	  2000	   164	     1	     0.000	   139.981	      41776.4	          0.0	    36.000	   103.447	     0.000	   139.447	     0.020	   447.272	    10265548.0	    88641752.0	
    15	  2000	   165	     1	     0.000	   139.427	      34340.4	       1052.6	    36.000	   102.923	     0.000	   138.923	     0.020	   447.273	    10266252.0	    88650240.0	
    15	  2000	   166	     1	     0.000	   138.709	      31602.1	          0.0	    36.000	   102.303	     0.000	   138.303	     0.020	   447.273	    10266392.0	    88651928.0	
    15	  2000	   167	     1	     0.000	   137.544	      41625.8	       1052.6	    36.000	   101.158	     0.000	   137.158	     0.020	   447.272	    10265648.0	    88642952.0	
    15	  2000	   168	     1	     0.000	   136.588	      45833.4	          0.0	    36.000	   100.099	     0.000	   136.099	     0.020	   447.271	    10265212.0	    88637696.0	
    15	  2000	   169	     1	     0.000	   135.688	      48609.8	          0.0	    36.000	    99.137	     0.000	   135.137	     0.020	   447.271	    10264982.0	    88634920.0	
    15	  2000	   170	     1	     0.000	   135.009	      45151.7	       1052.6	    36.000	    98.427	     0.000	   134.427	     0.020	   447.271	    10265356.0	    88639432.0	
    15	  2000	   171	     1	     0.000	   134.263	      43710.3	          0.0	    36.000	    97.733	     0.000	   133.733	     0.020	   447.272	    10265388.0	    88639816.0	
    15	  2000	   172	     1	     0.000	   133.284	      49076.5	          0.0	    36.000	    96.758	     0.000	   132.758	     0.020	   447.271	    10264943.0	    88634448.0	
    15	  2000	   173	     1	     0.000	   132.409	      51544.2	          0.0	    36.000	    95.821	     0.000	   131.821	     0.020	   447.271	    10264738.0	    88631984.0	
    15	  2000	   174	     1	     0.000	   131.600	      52225.2	          0.0	    36.000	    94.984	     0.000	   130.984	     0.020	   447.270	    10264682.0	    88631304.0	
    15	  2000	   175	     1	     0.000	   131.412	      34978.0	          0.0	    36.000	    94.788	     0.000	   130.788	     0.020	   447.273	    10266112.0	    88648552.0	
    15	  2000	   176	     1	     0.000	   130.244	      46269.6	       1052.6	    36.000	    93.820	     0.000	   129.820	     0.020	   447.271	    10265263.0	    88638312.0	
    15	  2000	   177	     1	     0.000	   129.588	      42776.7	       2105.2	    36.000	    93.045	     0.000	   129.045	     0.020	   447.272	    10265640.0	    88642856.0	
    15	  2000	   178	     1	     0.000	   128.876	      41002.5	       1052.6	    36.000	    92.386	     0.000	   128.386	     0.020	   447.272	    10265700.0	    88643576.0	
    15	  2000	   179	     1	     0.000	   127.958	      45385.2	          0.0	    36.000	    91.475	     0.000	   127.475	     0.020	   447.271	    10265249.0	    88638144.0	
    15	  2000	   180	     1	     0.000	   127.125	      47340.0	          0.0	    36.000	    90.580	     0.000	   126.580	     0.020	   447.271	    10265088.0	    88636192.0	
    15	  2000	   181	     1	     0.000	   126.218	      51631.9	          0.0	    36.000	    89.650	     0.000	   125.650	     0.020	   447.271	    10264731.0	    88631896.0	
    15	  2000	   182	     1	     0.000	   125.421	      52767.5	          0.0	    36.000	    88.803	     0.000	   124.803	     0.020	   447.270	    10264637.0	    88630760.0	
    15	  2000	   183	     1	     0.000	   124.805	      48613.9	          0.0	    36.000	    88.174	     0.000	   124.174	     0.020	   447.271	    10264981.0	    88634912.0	
    15	  2000	   184	     1	     0.000	   124.097	      47296.2	          0.0	    36.000	    87.514	     0.000	   123.514	     0.020	   447.271	    10265091.0	    88636232.0	
    15	  2000	   185	     1	     0.000	   123.259	      49959.6	          0.0	    36.000	    86.692	     0.000	   122.692	     0.020	   447.271	    10264870.0	    88633568.0	
    15	  2000	   186	     1	     0.000	   122.416	      52916.9	          0.0	    36.000	    85.818	     0.000	   121.818	     0.020	   447.270	    10264625.0	    88630608.0	
    15	  2000	   187	     1	     0.000	   121.944	      44853.3	       1052.6	    36.000	    85.312	     0.000	   121.312	     0.020	   447.272	    10265381.0	    88639728.0	
    15	  2000	   188	     1	     0.000	   120.941	      52868.5	          0.0	    36.000	    84.414	     0.000	   120.414	     0.020	   447.270	    10264628.0	    88630656.0	
    15	  2000	   189	     1	     0.000	   120.134	      55125.7	          0.0	    36.000	    83.503	     0.000	   119.503	     0.020	   447.270	    10264441.0	    88628400.0	
    15	  2000	   190	     1	     0.000	   119.399	      55344.8	          0.0	    36.000	    82.741	     0.000	   118.741	     0.020	   447.270	    10264424.0	    88628184.0	
    15	  2000	   191	     1	     0.000	   118.912	      48117.6	       1052.6	    36.000	    82.252	     0.000	   118.252	     0.020	   447.271	    10265110.0	    88636464.0	
    15	  2000	   192	     1	     0.000	   118.219	      47280.3	          0.0	    36.000	    81.654	     0.000	   117.654	     0.020	   447.271	    10265092.0	    88636248.0	
    15	  2000	   193	     1	     0.000	   117.372	      51275.6	          0.0	    36.000	    80.804	     0.000	   116.804	     0.020	   447.271	    10264761.0	    88632256.0	
    15	  2000	   194	     1	     0.000	   116.705	      49861.9	          0.0	    36.000	    80.092	     0.000	   116.092	     0.020	   447.271	    10264878.0	    88633664.0	
    15	  2000	   195	     1	     0.000	   116.335	      39436.0	       1052.6	    36.000	    79.738	     0.000	   115.738	     0.020	   447.272	    10265830.0	    88645144.0	
    15	  2000	   196	     1	     0.000	   115.133	      54760.7	          0.0	    36.000	    78.669	     0.000	   114.669	     0.020	   447.270	    10264472.0	    88628768.0	
    15	  2000	   197	     1	     0.000	   114.321	      58258.6	          0.0	    36.000	    77.667	     0.000	   113.667	     0.020	   447.270	    10264182.0	    88625272.0	
    15	  2000	   198	     1	     0.000	   113.612	      58641.3	          0.0	    36.000	    76.918	     0.000	   112.918	     0.020	   447.270	    10264150.0	    88624888.0	
    15	  2000	   199	     1	     0.000	   112.952	      57667.7	          0.0	    36.000	    76.253	     0.000	   112.253	     0.020	   447.270	    10264231.0	    88625864.0	
    15	  2000	   200	     1	     0.000	   112.278	      57226.5	          0.0	    36.000	    75.591	     0.000	   111.591	     0.020	   447.270	    10264267.0	    88626304.0	
    15	  2000	   201	     1	     0.000	   111.522	      59491.2	          0.0	    36.000	    74.840	     0.000	   110.840	     0.020	   447.270	    10264080.0	    88624040.0	
    15	  2000	   202	     1	     0.000	   110.910	      57367.5	          0.0	    36.000	    74.201	     0.000	   110.201	     0.020	   447.270	    10264256.0	    88626160.0	
    15	  2000	   203	     1	     0.000	   110.347	      53806.1	          0.0	    36.000	    73.663	     0.000	   109.663	     0.020	   447.270	    10264551.0	    88629720.0	
    15	  2000	   204	     1	     0.000	   109.540	      58064.4	          0.0	    36.000	    72.897	     0.000	   108.897	     0.020	   447.270	    10264198.0	    88625464.0	
    15	  2000	   205	     1	     0.000	   109.188	      48044.4	          0.0	    36.000	    72.496	     0.000	   108.496	     0.020	   447.271	    10265028.0	    88635480.0	
    15	  2000	   206	     1	     0.000	   108.376	      52721.6	          0.0	    36.000	    71.800	     0.000	   107.800	     0.020	   447.270	    10264641.0	    88630808.0	
    15	  2000	   207	     1	     0.000	   107.787	      50421.3	          0.0	    36.000	    71.157	     0.000	   107.157	     0.020	   447.271	    10264831.0	    88633104.0	
    15	  2000	   208	     1	     0.000	   106.975	      55390.9	          0.0	    36.000	    70.371	     0.000	   106.371	     0.020	   447.270	    10264420.0	    88628136.0	
    15	  2000	   209	     1	     0.000	   106.249	      57743.2	          0.0	    36.000	    69.588	     0.000	   105.588	     0.020	   447.270	    10264224.0	    88625784.0	
    15	  2000	   210	     1	     0.000	   105.617	      57202.3	          0.0	    36.000	    68.929	     0.000	   104.929	     0.020	   447.270	    10264269.0	    88626328.0	
    15	  2000	   211	     1	     0.000	   105.302	      46527.4	      15788.7	    36.000	    68.620	     0.000	   104.620	     0.020	   447.273	    10266464.0	    88652792.0	
    15	  2000	   212	     1	     0.000	   104.512	      51343.5	       4210.3	    36.000	    68.136	     0.000	   104.136	     0.020	   447.271	    10265104.0	    88636392.0	
    15	  2000	   213	     1	     0.000	   103.459	      64816.5	          0.0	    36.000	    66.894	     0.000	   102.894	     0.020	   447.269	    10263638.0	    88618712.0	
    15	  2000	   214	     1	     0.000	   102.979	      59842.9	          0.0	    36.000	    66.208	     0.000	   102.208	     0.020	   447.269	    10264051.0	    88623688.0	
    15	  2000	   215	     1	     0.000	   102.526	      54033.8	          0.0	    36.000	    65.813	     0.000	   101.813	     0.020	   447.270	    10264532.0	    88629496.0	
    15	  2000	   216	     1	     0.000	   102.070	      48443.1	      24209.3	    36.000	    65.424	     0.000	   101.424	     0.020	   447.274	    10267003.0	    88659296.0	
    15	  2000	   217	     1	     0.000	   101.549	      45055.5	       7368.0	    36.000	    65.248	     0.000	   101.248	     0.020	   447.272	    10265888.0	    88645840.0	
    15	  2000	   218	     1	     0.000	   101.559	      24226.5	       5262.9	    36.000	    65.103	     0.000	   101.103	     0.020	   447.275	    10267440.0	    88664568.0	
    15	  2000	   219	     1	     0.000	   100.486	      39265.4	      51576.3	    36.000	    64.247	     0.000	   100.247	     0.020	   447.279	    10270033.0	    88695840.0	
    15	  2000	   220	     1	     0.000	   100.061	      33016.7	     191569.0	    36.000	    64.184	     0.000	   100.184	     0.020	   447.297	    10282154.0	    88842080.0	
    15	  2000	   221	     1	     0.000	    99.617	      27523.2	      70522.6	    36.000	    65.432	     0.000	   101.432	     0.020	   447.283	    10272577.0	    88726528.0	
    15	  2000	   222	     1	     0.000	    98.396	      48076.2	       3157.7	    36.000	    62.874	     0.000	    98.874	     0.020	   447.271	    10265288.0	    88638608.0	
    15	  2000	   223	     1	     0.000	    97.448	      59788.6	       1052.6	    36.000	    60.908	     0.000	    96.908	     0.020	   447.270	    10264142.0	    88624792.0	
    15	  2000	   224	     1	     0.000	    97.191	      48463.8	          0.0	    36.000	    60.491	     0.000	    96.491	     0.020	   447.271	    10264994.0	    88635064.0	
    15	  2000	   225	     1	     0.000	    96.291	      58864.1	          0.0	    36.000	    59.710	     0.000	    95.710	     0.020	   447.270	    10264132.0	    88624664.0	
    15	  2000	   226	     1	     0.000	    95.667	      60147.3	          0.0	    36.000	    58.966	     0.000	    94.966	     0.020	   447.269	    10264025.0	    88623384.0	
    15	  2000	   227	     1	     0.000	    95.052	      61291.2	          0.0	    36.000	    58.335	     0.000	    94.335	     0.020	   447.269	    10263930.0	    88622240.0	
    15	  2000	   228	     1	     0.000	    94.422	      63043.6	          0.0	    36.000	    57.693	     0.000	    93.693	     0.020	   447.269	    10263785.0	    88620488.0	
    15	  2000	   229	     1	     0.000	    93.856	      62753.4	          0.0	    36.000	    57.106	     0.000	    93.106	     0.020	   447.269	    10263809.0	    88620776.0	
    15	  2000	   230	     1	     0.000	    93.224	      64838.8	          0.0	    36.000	    56.478	     0.000	    92.478	     0.020	   447.269	    10263636.0	    88618688.0	
    15	  2000	   231	     1	     0.000	    92.802	      59846.3	          0.0	    36.000	    56.032	     0.000	    92.032	     0.020	   447.269	    10264050.0	    88623680.0	
    15	  2000	   232	     1	     0.000	    92.057	      66049.4	          0.0	    36.000	    55.345	     0.000	    91.345	     0.020	   447.269	    10263536.0	    88617480.0	
    15	  2000	   233	     1	     0.000	    91.339	      71485.9	          0.0	    36.000	    54.554	     0.000	    90.554	     0.020	   447.268	    10263085.0	    88612040.0	
    15	  2000	   234	     1	     0.000	    90.757	      72328.6	          0.0	    36.000	    53.910	     0.000	    89.910	     0.020	   447.268	    10263015.0	    88611200.0	
    15	  2000	   235	     1	     0.000	    90.163	      73711.1	          0.0	    36.000	    53.306	     0.000	    89.306	     0.020	   447.268	    10262900.0	    88609816.0	
    15	  2000	   236	     1	     0.000	    89.588	      74537.0	          0.0	    36.000	    52.715	     0.000	    88.715	     0.020	   447.268	    10262832.0	    88608992.0	
    15	  2000	   237	     1	     0.000	    89.126	      71527.0	          0.0	    36.000	    52.243	     0.000	    88.243	     0.020	   447.268	    10263081.0	    88612000.0	
    15	  2000	   238	     1	     0.000	    88.743	      65819.3	          0.0	    36.000	    51.896	     0.000	    87.896	     0.020	   447.269	    10263555.0	    88617712.0	
    15	  2000	   239	     1	     0.000	    88.380	      59519.7	       1052.6	    36.000	    51.598	     0.000	    87.598	     0.020	   447.270	    10264165.0	    88625064.0	
    15	  2000	   240	     1	     0.000	    88.158	      48249.8	          0.0	    36.000	    51.462	     0.000	    87.462	     0.020	   447.271	    10265012.0	    88635280.0	
    15	  2000	   241	     1	     0.000	    87.766	      43090.7	       6315.5	    36.000	    51.187	     0.000	    87.187	     0.020	   447.272	    10265963.0	    88646752.0	
    15	  2000	   242	     1	     0.000	    86.558	      66910.3	          0.0	    36.000	    50.113	     0.000	    86.113	     0.020	   447.269	    10263464.0	    88616616.0	
    15	  2000	   243	     1	     0.000	    86.172	      61767.5	          0.0	    36.000	    49.377	     0.000	    85.377	     0.020	   447.269	    10263891.0	    88621760.0	
    15	  2000	   244	     1	     0.000	    85.799	      56179.8	       1052.6	    36.000	    49.065	     0.000	    85.065	     0.020	   447.270	    10264441.0	    88628400.0	
    15	  2000	   245	     1	     0.000	    85.676	      41757.3	          0.0	    36.000	    49.018	     0.000	    85.018	     0.020	   447.272	    10265550.0	    88641768.0	
    15	  2000	   246	     1	     0.000	    84.566	      62807.4	          0.0	    36.000	    48.062	     0.000	    84.062	     0.020	   447.269	    10263805.0	    88620720.0	
    15	  2000	   247	     1	     0.000	    84.031	      63343.7	       1052.6	    36.000	    47.284	     0.000	    83.284	     0.020	   447.269	    10263848.0	    88621240.0	
    15	  2000	   248	     1	     0.000	    83.501	      63815.4	       8420.6	    36.000	    46.760	     0.000	    82.760	     0.020	   447.270	    10264420.0	    88628136.0	
    15	  2000	   249	     1	     0.000	    82.990	      63742.2	     127361.8	    36.000	    46.328	     0.000	    82.328	     0.020	   447.285	    10274286.0	    88747144.0	
    15	  2000	   250	     1	     0.000	    83.162	      38934.4	      87363.9	    36.000	    47.878	     0.000	    83.878	     0.020	   447.283	    10273027.0	    88731960.0	
    15	  2000	   251	     1	     0.000	    81.901	      66324.2	       9473.2	    36.000	    46.442	     0.000	    82.442	     0.020	   447.270	    10264299.0	    88626680.0	
    15	  2000	   252	     1	     0.000	    81.265	      71175.3	          0.0	    36.000	    44.587	     0.000	    80.587	     0.020	   447.268	    10263111.0	    88612352.0	
    15	  2000	   253	     1	     0.000	    80.618	      76558.0	          0.0	    36.000	    43.774	     0.000	    79.774	     0.020	   447.267	    10262664.0	    88606968.0	
    15	  2000	   254	     1	     0.000	    79.986	      81481.4	          0.0	    36.000	    43.080	     0.000	    79.080	     0.020	   447.267	    10262256.0	    88602048.0	
    15	  2000	   255	     1	     0.000	    79.453	      82948.4	          0.0	    36.000	    42.490	     0.000	    78.490	     0.020	   447.267	    10262134.0	    88600576.0	
    15	  2000	   256	     1	     0.000	    78.928	      84185.6	          0.0	    36.000	    41.948	     0.000	    77.948	     0.020	   447.266	    10262032.0	    88599344.0	
    15	  2000	   257	     1	     0.000	    78.421	      84904.1	          0.0	    36.000	    41.427	     0.000	    77.427	     0.020	   447.266	    10261972.0	    88598624.0	
    15	  2000	   258	     1	     0.000	    78.107	      78517.1	          0.0	    36.000	    41.105	     0.000	    77.105	     0.020	   447.267	    10262502.0	    88605008.0	
    15	  2000	   259	     1	     0.000	    77.521	      82346.8	          0.0	    36.000	    40.592	     0.000	    76.592	     0.020	   447.267	    10262184.0	    88601184.0	
    15	  2000	   260	     1	     0.000	    77.125	      79190.8	          0.0	    36.000	    40.152	     0.000	    76.152	     0.020	   447.267	    10262446.0	    88604336.0	
    15	  2000	   261	     1	     0.000	    76.548	      82874.1	          0.0	    36.000	    39.611	     0.000	    75.611	     0.020	   447.267	    10262140.0	    88600656.0	
    15	  2000	   262	     1	     0.000	    76.168	      79221.9	          0.0	    36.000	    39.189	     0.000	    75.189	     0.020	   447.267	    10262443.0	    88604304.0	
    15	  2000	   263	     1	     0.000	    75.830	      74054.0	          0.0	    36.000	    38.894	     0.000	    74.894	     0.020	   447.268	    10262872.0	    88609472.0	
    15	  2000	   264	     1	     0.000	    75.362	      73916.4	          0.0	    36.000	    38.485	     0.000	    74.485	     0.020	   447.268	    10262883.0	    88609608.0	
    15	  2000	   265	     1	     0.000	    74.759	      78971.6	       1052.6	    36.000	    37.883	     0.000	    73.883	     0.020	   447.267	    10262551.0	    88605608.0	
    15	  2000	   266	     1	     0.000	    74.414	      74298.6	       9473.2	    36.000	    37.492	     0.000	    73.492	     0.020	   447.269	    10263637.0	    88618704.0	
    15	  2000	   267	     1	     0.000	    73.856	      77880.1	       2105.2	    36.000	    37.085	     0.000	    73.085	     0.020	   447.267	    10262729.0	    88607752.0	
    15	  2000	   268	     1	     0.000	    73.423	      76747.3	       1052.6	    36.000	    36.526	     0.000	    72.526	     0.020	   447.267	    10262736.0	    88607832.0	
    15	  2000	   269	     1	     0.000	    73.048	      73530.3	       1052.6	    36.000	    36.152	     0.000	    72.152	     0.020	   447.268	    10263003.0	    88611048.0	
    15	  2000	   270	     1	     0.000	    72.423	      80031.5	          0.0	    36.000	    35.564	     0.000	    71.564	     0.020	   447.267	    10262376.0	    88603496.0	
    15	  2000	   271	     1	     0.000	    72.213	      70592.1	       1052.6	    36.000	    35.267	     0.000	    71.267	     0.020	   447.268	    10263247.0	    88613992.0	
    15	  2000	   272	     1	     0.000	    71.983	      61996.5	      23156.7	    36.000	    35.158	     0.000	    71.158	     0.020	   447.272	    10265792.0	    88644688.0	
    15	  2000	   273	     1	     0.000	    72.487	      24837.3	     174727.7	    36.000	    36.018	     0.000	    72.018	     0.020	   447.296	    10281437.0	    88833416.0	
    15	  2000	   274	     1	     0.000	    71.748	      36214.0	      95784.5	    36.000	    37.463	     0.000	    73.463	     0.020	   447.285	    10273950.0	    88743096.0	
    15	  2000	   275	     1	     0.000	    71.395	      32623.1	      75785.5	    36.000	    36.065	     0.000	    72.065	     0.020	   447.283	    10272590.0	    88726688.0	
    15	  2000	   276	     1	     0.000	    70.526	      49457.0	      28419.6	    36.000	    35.005	     0.000	    71.005	     0.020	   447.274	    10267268.0	    88662488.0	
    15	  2000	   277	     1	     0.000	    69.938	      55340.6	      25261.8	    36.000	    33.675	     0.000	    69.675	     0.020	   447.273	    10266519.0	    88653448.0	
    15	  2000	   278	     1	     0.000	    70.044	      33932.9	     136835.0	    36.000	    33.676	     0.000	    69.676	     0.020	   447.290	    10277543.0	    88786432.0	
    15	  2000	   279	     1	     0.000	    69.911	      22027.4	     198937.0	    36.000	    35.082	     0.000	    71.082	     0.020	   447.300	    10283676.0	    88860440.0	
    15	  2000	   280	     1	     0.000	    69.529	      20095.0	     198937.0	    36.000	    35.557	     0.000	    71.557	     0.020	   447.300	    10283836.0	    88862368.0	
    15	  2000	   281	     1	     0.000	    68.783	      32880.5	     163149.4	    36.000	    34.833	     0.000	    70.833	     0.020	   447.294	    10279811.0	    88813800.0	
    15	  2000	   282	     1	     0.000	    68.517	      26671.2	     186306.1	    36.000	    34.005	     0.000	    70.005	     0.020	   447.298	    10282244.0	    88843160.0	
    15	  2000	   283	     1	     0.000	    68.026	      29658.2	      18946.4	    36.000	    33.854	     0.000	    69.854	     0.020	   447.276	    10268124.0	    88672816.0	
    15	  2000	   284	     1	     0.000	    67.348	      40389.7	      12630.9	    36.000	    31.204	     0.000	    67.204	     0.020	   447.274	    10266711.0	    88655768.0	
    15	  2000	   285	     1	     0.000	    67.001	      37983.2	      75785.5	    36.000	    30.660	     0.000	    66.660	     0.020	   447.282	    10272146.0	    88721328.0	
    15	  2000	   286	     1	     0.000	    66.413	      45544.1	      44208.2	    36.000	    30.830	     0.000	    66.830	     0.020	   447.277	    10268902.0	    88682192.0	
    15	  2000	   287	     1	     0.000	    65.933	      48925.7	      82101.0	    36.000	    29.897	     0.000	    65.897	     0.020	   447.281	    10271763.0	    88716704.0	
    15	  2000	   288	     1	     0.000	    65.824	      37388.4	     113678.3	    36.000	    30.188	     0.000	    66.188	     0.020	   447.287	    10275337.0	    88759816.0	
    15	  2000	   289	     1	     0.000	    65.470	      36018.5	     263144.2	    36.000	    30.333	     0.000	    66.333	     0.020	   447.306	    10287836.0	    88910656.0	
    15	  2000	   290	     1	     0.000	    65.334	      25909.6	     253671.0	    36.000	    31.943	     0.000	    67.943	     0.020	   447.306	    10287889.0	    88911288.0	
    15	  2000	   291	     1	     0.000	    64.512	      44262.3	      92626.8	    36.000	    31.128	     0.000	    67.128	     0.020	   447.283	    10273022.0	    88731896.0	
    15	  2000	   292	     1	     0.000	    63.677	      63578.2	       5262.9	    36.000	    28.216	     0.000	    64.216	     0.020	   447.270	    10264177.0	    88625216.0	
    15	  2000	   293	     1	     0.000	    63.153	      70388.9	      19999.0	    36.000	    26.458	     0.000	    62.458	     0.020	   447.271	    10264834.0	    88633136.0	
    15	  2000	   294	     1	     0.000	    63.155	      55743.9	      36840.2	    36.000	    26.552	     0.000	    62.552	     0.020	   447.275	    10267445.0	    88664624.0	
    15	  2000	   295	     1	     0.000	    62.565	      65846.8	       9473.2	    36.000	    26.326	     0.000	    62.326	     0.020	   447.270	    10264338.0	    88627152.0	
    15	  2000	   296	     1	     0.000	    61.955	      77079.1	       1052.6	    36.000	    25.282	     0.000	    61.282	     0.020	   447.267	    10262708.0	    88607504.0	
    15	  2000	   297	     1	     0.000	    61.710	      73242.7	       1052.6	    36.000	    24.810	     0.000	    60.810	     0.020	   447.268	    10263026.0	    88611336.0	
    15	  2000	   298	     1	     0.000	    61.323	      75526.0	          0.0	    36.000	    24.467	     0.000	    60.467	     0.020	   447.267	    10262750.0	    88608000.0	
    15	  2000	   299	     1	     0.000	    61.291	      62921.4	       4210.3	    36.000	    24.397	     0.000	    60.397	     0.020	   447.270	    10264144.0	    88624816.0	
    15	  2000	   300	     1	     0.000	    60.974	      62391.2	      25261.8	    36.000	    24.274	     0.000	    60.274	     0.020	   447.272	    10265934.0	    88646400.0	
    15	  2000	   301	     1	     0.000	    61.078	      44074.8	     221041.1	    36.000	    24.629	     0.000	    60.629	     0.020	   447.300	    10283681.0	    88860496.0	
    15	  2000	   302	     1	     0.000	    60.774	      43102.3	     150518.5	    36.000	    26.802	     0.000	    62.802	     0.020	   447.291	    10277916.0	    88790944.0	
    15	  2000	   303	     1	     0.000	    60.264	      50987.0	      37892.8	    36.000	    25.487	     0.000	    61.487	     0.020	   447.275	    10267926.0	    88670432.0	
    15	  2000	   304	     1	     0.000	    59.938	      51276.9	      43155.6	    36.000	    23.766	     0.000	    59.766	     0.020	   447.276	    10268339.0	    88675408.0	
    15	  2000	   305	     1	     0.000	    59.681	      48767.2	      66312.3	    36.000	    23.567	     0.000	    59.567	     0.020	   447.279	    10270467.0	    88701072.0	
    15	  2000	   306	     1	     0.000	    59.494	      43417.8	     123151.5	    36.000	    23.677	     0.000	    59.678	     0.020	   447.287	    10275623.0	    88763264.0	
    15	  2000	   307	     1	     0.000	    59.243	      41073.4	     123151.5	    36.000	    24.146	     0.000	    60.146	     0.020	   447.288	    10275817.0	    88765608.0	
    15	  2000	   308	     1	     0.000	    58.710	      51098.6	     156833.9	    36.000	    23.640	     0.000	    59.640	     0.020	   447.291	    10277778.0	    88789264.0	
    15	  2000	   309	     1	     0.000	    58.664	      40544.4	     187358.6	    36.000	    23.868	     0.000	    59.868	     0.020	   447.296	    10281182.0	    88830344.0	
    15	  2000	   310	     1	     0.000	    58.481	      36317.4	     105257.7	    36.000	    24.160	     0.000	    60.160	     0.020	   447.286	    10274728.0	    88752472.0	
    15	  2000	   311	     1	     0.000	    58.273	      33750.3	     226304.0	    36.000	    23.051	     0.000	    59.051	     0.020	   447.302	    10284971.0	    88876080.0	
    15	  2000	   312	     1	     0.000	    58.042	      32880.9	     119993.7	    36.000	    24.251	     0.000	    60.251	     0.020	   447.288	    10276234.0	    88770640.0	
    15	  2000	   313	     1	     0.000	    57.398	      50852.8	      47365.9	    36.000	    22.386	     0.000	    58.386	     0.020	   447.277	    10268723.0	    88680040.0	
    15	  2000	   314	     1	     0.000	    57.116	      53964.7	      86311.3	    36.000	    21.055	     0.000	    57.055	     0.020	   447.281	    10271694.0	    88715872.0	
    15	  2000	   315	     1	     0.000	    58.049	      30198.4	     288406.0	    36.000	    22.404	     0.000	    58.404	     0.020	   447.310	    10290411.0	    88941736.0	
    15	  2000	   316	     1	     0.000	    58.947	      34194.0	     111573.1	    36.000	    25.916	     0.000	    61.916	     0.020	   447.287	    10275427.0	    88760904.0	
    15	  2000	   317	     1	     0.000	    60.016	      32136.8	      86311.3	    36.000	    24.891	     0.000	    60.891	     0.020	   447.284	    10273504.0	    88737704.0	
    15	  2000	   318	     1	     0.000	    60.600	      31643.7	     139992.7	    36.000	    25.207	     0.000	    61.207	     0.020	   447.291	    10277994.0	    88791880.0	
    15	  2000	   319	     1	     0.000	    60.331	      23976.1	     128414.4	    36.000	    25.566	     0.000	    61.566	     0.020	   447.290	    10277670.0	    88787968.0	
    15	  2000	   320	     1	     0.000	    59.715	      31202.4	      78943.2	    36.000	    24.904	     0.000	    60.904	     0.020	   447.283	    10272970.0	    88731272.0	
    15	  2000	   321	     1	     0.000	    59.477	      23978.7	      65259.8	    36.000	    24.010	     0.000	    60.010	     0.020	   447.282	    10272435.0	    88724808.0	
    15	  2000	   322	     1	     0.000	    58.869	      34355.6	      64207.2	    36.000	    23.327	     0.000	    59.327	     0.020	   447.281	    10271487.0	    88713376.0	
    15	  2000	   323	     1	     0.000	    58.461	      37862.5	     155781.4	    36.000	    22.786	     0.000	    58.786	     0.020	   447.292	    10278787.0	    88801448.0	
    15	  2000	   324	     1	     0.000	    58.156	      38634.9	      83153.6	    36.000	    23.501	     0.000	    59.501	     0.020	   447.283	    10272703.0	    88728048.0	
    15	  2000	   325	     1	     0.000	    57.875	      40190.6	     102099.9	    36.000	    22.371	     0.000	    58.371	     0.020	   447.285	    10274145.0	    88745440.0	
    15	  2000	   326	     1	     0.000	    57.757	      36552.7	      67364.9	    36.000	    22.453	     0.000	    58.453	     0.020	   447.281	    10271567.0	    88714344.0	
    15	  2000	   327	     1	     0.000	    57.318	      57440.3	      38945.3	    36.000	    21.654	     0.000	    57.654	     0.020	   447.275	    10267479.0	    88665032.0	
    15	  2000	   328	     1	     0.000	    57.428	      65010.4	      11578.3	    36.000	    21.194	     0.000	    57.194	     0.020	   447.270	    10264582.0	    88630096.0	
    15	  2000	   329	     1	     0.000	    57.734	      65396.9	       6315.5	    36.000	    21.095	     0.000	    57.095	     0.020	   447.270	    10264114.0	    88624448.0	
    15	  2000	   330	     1	     0.000	    57.998	      68084.7	          0.0	    36.000	    21.294	     0.000	    57.294	     0.020	   447.268	    10263366.0	    88615440.0	
    15	  2000	   331	     1	     0.000	    58.314	      68576.3	       2105.2	    36.000	    21.506	     0.000	    57.506	     0.020	   447.269	    10263501.0	    88617056.0	
    15	  2000	   332	     1	     0.000	    58.673	      66972.6	          0.0	    36.000	    21.884	     0.000	    57.884	     0.020	   447.269	    10263459.0	    88616552.0	
    15	  2000	   333	     1	     0.000	    58.880	      71219.2	       3157.7	    36.000	    22.085	     0.000	    58.085	     0.020	   447.268	    10263368.0	    88615464.0	
    15	  2000	   334	     1	     0.000	    59.618	      51879.2	      54734.0	    36.000	    22.811	     0.000	    58.811	     0.020	   447.277	    10269249.0	    88686384.0	
    15	  2000	   335	     1	     0.000	    60.164	      39867.9	     170517.4	    36.000	    24.177	     0.000	    60.177	     0.020	   447.294	    10279842.0	    88814176.0	
    15	  2001	     1	     1	     0.000	    60.892	      19554.2	     150518.5	    36.000	    26.384	     0.000	    62.384	     0.020	   447.294	    10279868.0	    88814496.0	
    15	  2001	     2	     1	     0.000	    61.645	      12381.6	     239987.5	    36.000	    27.141	     0.000	    63.141	     0.020	   447.306	    10287876.0	    88911136.0	
    15	  2001	     3	     1	     0.000	    62.334	      23095.1	     116836.0	    36.000	    28.949	     0.000	    64.949	     0.020	   447.289	    10276783.0	    88777272.0	
    15	  2001	     4	     1	     0.000	    63.505	      16012.6	     115783.4	    36.000	    28.570	     0.000	    64.570	     0.020	   447.290	    10277282.0	    88783296.0	
    15	  2001	     5	     1	     0.000	    63.959	      30432.4	      28419.6	    36.000	    29.094	     0.000	    65.094	     0.020	   447.277	    10268846.0	    88681512.0	
    15	  2001	     6	     1	     0.000	    64.166	      33323.9	      15788.7	    36.000	    28.123	     0.000	    64.123	     0.020	   447.275	    10267559.0	    88665992.0	
    15	  2001	     7	     1	     0.000	    64.435	      35559.1	       8420.6	    36.000	    28.212	     0.000	    64.212	     0.020	   447.274	    10266763.0	    88656392.0	
    15	  2001	     8	     1	     0.000	    64.809	      35545.6	      12630.9	    36.000	    28.475	     0.000	    64.475	     0.020	   447.274	    10267113.0	    88660616.0	
    15	  2001	     9	     1	     0.000	    65.260	      33837.6	      22104.1	    36.000	    28.974	     0.000	    64.974	     0.020	   447.276	    10268040.0	    88671792.0	
    15	  2001	    10	     1	     0.000	    65.895	      25418.2	      17893.8	    36.000	    29.739	     0.000	    65.739	     0.020	   447.276	    10268388.0	    88676000.0	
    15	  2001	    11	     1	     0.000	    66.283	      27374.0	       6315.5	    36.000	    30.176	     0.000	    66.176	     0.020	   447.274	    10267267.0	    88662472.0	
    15	  2001	    12	     1	     0.000	    66.626	      30881.6	          0.0	    36.000	    30.362	     0.000	    66.362	     0.020	   447.273	    10266452.0	    88652648.0	
    15	  2001	    13	     1	     0.000	    67.076	      29274.5	          0.0	    36.000	    30.699	     0.000	    66.699	     0.020	   447.273	    10266585.0	    88654256.0	
    15	  2001	    14	     1	     0.000	    67.580	      29194.4	          0.0	    36.000	    31.221	     0.000	    67.221	     0.020	   447.273	    10266592.0	    88654336.0	
    15	  2001	    15	     1	     0.000	    67.895	      40377.6	          0.0	    36.000	    31.537	     0.000	    67.537	     0.020	   447.272	    10265665.0	    88643152.0	
    15	  2001	    16	     1	     0.000	    68.470	      40029.1	          0.0	    36.000	    31.983	     0.000	    67.982	     0.020	   447.272	    10265693.0	    88643496.0	
    15	  2001	    17	     1	     0.000	    69.384	      25012.7	      54734.0	    36.000	    32.901	     0.000	    68.901	     0.020	   447.281	    10271476.0	    88713248.0	
    15	  2001	    18	     1	     0.000	    69.720	      32069.7	      54734.0	    36.000	    34.044	     0.000	    70.044	     0.020	   447.280	    10270891.0	    88706192.0	
    15	  2001	    19	     1	     0.000	    70.169	      33828.2	      68417.5	    36.000	    34.411	     0.000	    70.411	     0.020	   447.282	    10271880.0	    88718120.0	
    15	  2001	    20	     1	     0.000	    71.106	      18482.3	     204199.9	    36.000	    35.486	     0.000	    71.486	     0.020	   447.301	    10284405.0	    88869248.0	
    15	  2001	    21	     1	     0.000	    71.690	      22228.9	     195779.3	    36.000	    37.820	     0.000	    73.820	     0.020	   447.299	    10283397.0	    88857080.0	
    15	  2001	    22	     1	     0.000	    72.736	      22450.4	     213673.1	    36.000	    38.724	     0.000	    74.724	     0.020	   447.302	    10284861.0	    88874752.0	
    15	  2001	    23	     1	     0.000	    74.140	      20984.4	     106310.2	    36.000	    40.333	     0.000	    76.333	     0.020	   447.288	    10276086.0	    88768856.0	
    15	  2001	    24	     1	     0.000	    75.513	      20272.6	     126309.2	    36.000	    40.481	     0.000	    76.481	     0.020	   447.291	    10277802.0	    88789568.0	
    15	  2001	    25	     1	     0.000	    76.275	      36968.7	     114730.9	    36.000	    41.483	     0.000	    77.483	     0.020	   447.287	    10275458.0	    88761288.0	
    15	  2001	    26	     1	     0.000	    77.305	      31600.5	      18946.4	    36.000	    42.185	     0.000	    78.185	     0.020	   447.276	    10267963.0	    88670872.0	
    15	  2001	    27	     1	     0.000	    77.950	      46046.4	      64207.2	    36.000	    41.783	     0.000	    77.783	     0.020	   447.279	    10270518.0	    88701688.0	
    15	  2001	    28	     1	     0.000	    79.110	      46007.9	      44208.2	    36.000	    43.301	     0.000	    79.301	     0.020	   447.277	    10268863.0	    88681728.0	
    15	  2001	    29	     1	     0.000	    80.516	      40773.3	     115783.4	    36.000	    44.475	     0.000	    80.475	     0.020	   447.287	    10275231.0	    88758536.0	
    15	  2001	    30	     1	     0.000	    81.809	      43230.4	     164202.0	    36.000	    46.657	     0.000	    82.657	     0.020	   447.293	    10279040.0	    88804496.0	
    15	  2001	    31	     1	     0.000	    82.919	      56031.2	      69470.1	    36.000	    48.299	     0.000	    84.299	     0.020	   447.279	    10270127.0	    88696968.0	
