Subasin-ID	year	day	hour	qlateral(m**3/s)	inflow(m**3/s)	evap(m**3)	prec(m**3)	intake(m**3/s)	overflow(m**3/s)	qbottom(m**3/s)	qout(m**3/s)	withdrawal(m**3/s)	elevation(m)	area(m**2)	volume(m**3)
    69	  2000	     1	     1	     0.000	   116.606	      77585.7	          0.0	    36.000	    79.804	     0.000	   115.804	     0.020	   447.267	    10262579.0	    88605944.0	
    69	  2000	     2	     1	     0.000	   119.352	      42730.6	      92626.8	    36.000	    82.434	     0.000	   118.434	     0.020	   447.284	    10273149.0	    88733424.0	
    69	  2000	     3	     1	     0.000	   120.516	      58138.0	      82101.0	    36.000	    85.074	     0.000	   121.074	     0.020	   447.280	    10270999.0	    88707488.0	
    69	  2000	     4	     1	     0.000	   122.646	      50447.2	      78943.2	    36.000	    86.903	     0.000	   122.903	     0.020	   447.281	    10271375.0	    88712024.0	
    69	  2000	     5	     1	     0.000	   124.829	      43033.4	     179990.6	    36.000	    89.139	     0.000	   125.139	     0.020	   447.295	    10280365.0	    88820488.0	
    69	  2000	     6	     1	     0.000	   126.680	      43317.3	     148413.3	    36.000	    92.245	     0.000	   128.245	     0.020	   447.291	    10277724.0	    88788624.0	
    69	  2000	     7	     1	     0.000	   128.694	      50465.5	     164202.0	    36.000	    93.891	     0.000	   129.891	     0.020	   447.292	    10278440.0	    88797264.0	
    69	  2000	     8	     1	     0.000	   131.642	      48604.6	      34735.0	    36.000	    96.938	     0.000	   132.938	     0.020	   447.275	    10267862.0	    88669656.0	
    69	  2000	     9	     1	     0.000	   134.328	      58309.4	      12630.9	    36.000	    98.148	     0.000	   134.148	     0.020	   447.271	    10265225.0	    88637848.0	
    69	  2000	    10	     1	     0.000	   137.420	      65078.2	       2105.2	    36.000	   100.871	     0.000	   136.871	     0.020	   447.269	    10263790.0	    88620552.0	
    69	  2000	    11	     1	     0.000	   141.236	      61719.4	       4210.3	    36.000	   104.487	     0.000	   140.487	     0.020	   447.270	    10264244.0	    88626016.0	
    69	  2000	    12	     1	     0.000	   145.140	      57093.1	      11578.3	    36.000	   108.455	     0.000	   144.455	     0.020	   447.271	    10265239.0	    88638016.0	
    69	  2000	    13	     1	     0.000	   148.524	      68174.6	       3157.7	    36.000	   111.977	     0.000	   147.977	     0.020	   447.269	    10263622.0	    88618512.0	
    69	  2000	    14	     1	     0.000	   152.448	      68986.5	       7368.0	    36.000	   115.676	     0.000	   151.676	     0.020	   447.269	    10263904.0	    88621912.0	
    69	  2000	    15	     1	     0.000	   156.449	      66843.0	       2105.2	    36.000	   119.716	     0.000	   155.716	     0.020	   447.269	    10263645.0	    88618792.0	
    69	  2000	    16	     1	     0.000	   160.293	      66531.6	       4210.3	    36.000	   123.524	     0.000	   159.524	     0.020	   447.269	    10263845.0	    88621208.0	
    69	  2000	    17	     1	     0.000	   164.279	      60687.8	      46313.4	    36.000	   127.538	     0.000	   163.538	     0.020	   447.275	    10267820.0	    88669152.0	
    69	  2000	    18	     1	     0.000	   168.293	      52186.6	      87363.9	    36.000	   132.107	     0.000	   168.107	     0.020	   447.282	    10271929.0	    88718704.0	
    69	  2000	    19	     1	     0.000	   173.048	      23140.6	     178938.0	    36.000	   137.436	     0.000	   173.436	     0.020	   447.297	    10281926.0	    88839328.0	
    69	  2000	    20	     1	     0.000	   175.045	      59759.0	      13683.5	    36.000	   140.829	     0.000	   176.829	     0.020	   447.271	    10265192.0	    88637456.0	
    69	  2000	    21	     1	     0.000	   178.131	      66666.4	       1052.6	    36.000	   141.577	     0.000	   177.577	     0.020	   447.269	    10263572.0	    88617912.0	
    69	  2000	    22	     1	     0.000	   181.497	      65249.9	       2105.2	    36.000	   144.718	     0.000	   180.718	     0.020	   447.269	    10263777.0	    88620384.0	
    69	  2000	    23	     1	     0.000	   184.918	      63957.3	       3157.7	    36.000	   148.167	     0.000	   184.167	     0.020	   447.269	    10263971.0	    88622728.0	
    69	  2000	    24	     1	     0.000	   188.297	      63701.3	       9473.2	    36.000	   151.574	     0.000	   187.574	     0.020	   447.270	    10264516.0	    88629296.0	
    69	  2000	    25	     1	     0.000	   191.410	      63786.6	       4210.3	    36.000	   154.763	     0.000	   190.763	     0.020	   447.270	    10264072.0	    88623952.0	
    69	  2000	    26	     1	     0.000	   194.137	      65855.0	       6315.5	    36.000	   157.428	     0.000	   193.428	     0.020	   447.270	    10264076.0	    88623992.0	
    69	  2000	    27	     1	     0.000	   196.991	      60965.4	      17893.8	    36.000	   160.282	     0.000	   196.282	     0.020	   447.272	    10265441.0	    88640456.0	
    69	  2000	    28	     1	     0.000	   199.723	      55736.0	      86311.3	    36.000	   163.205	     0.000	   199.205	     0.020	   447.281	    10271547.0	    88714104.0	
    69	  2000	    29	     1	     0.000	   202.469	      47333.1	     145255.6	    36.000	   166.803	     0.000	   202.803	     0.020	   447.290	    10277129.0	    88781448.0	
    69	  2000	    30	     1	     0.000	   205.351	      33702.0	     148413.3	    36.000	   170.464	     0.000	   206.464	     0.020	   447.292	    10278521.0	    88798240.0	
    69	  2000	    31	     1	     0.000	   206.919	      48255.4	      26314.4	    36.000	   172.227	     0.000	   208.227	     0.020	   447.274	    10267193.0	    88661584.0	
    69	  2000	    32	     1	     0.000	   208.912	      51503.8	       8420.6	    36.000	   172.638	     0.000	   208.638	     0.020	   447.272	    10265440.0	    88640448.0	
    69	  2000	    33	     1	     0.000	   210.815	      56651.8	       5262.9	    36.000	   174.297	     0.000	   210.297	     0.020	   447.271	    10264751.0	    88632136.0	
    69	  2000	    34	     1	     0.000	   212.703	      64253.1	       2105.2	    36.000	   176.088	     0.000	   212.088	     0.020	   447.269	    10263860.0	    88621384.0	
    69	  2000	    35	     1	     0.000	   214.826	      67767.7	       3157.7	    36.000	   178.087	     0.000	   214.087	     0.020	   447.269	    10263655.0	    88618920.0	
    69	  2000	    36	     1	     0.000	   216.984	      65711.8	       2105.2	    36.000	   180.216	     0.000	   216.216	     0.020	   447.269	    10263738.0	    88619920.0	
    69	  2000	    37	     1	     0.000	   219.058	      63685.7	       1052.6	    36.000	   182.302	     0.000	   218.302	     0.020	   447.269	    10263819.0	    88620896.0	
    69	  2000	    38	     1	     0.000	   221.581	      46508.9	      49471.1	    36.000	   184.836	     0.000	   220.836	     0.020	   447.277	    10269258.0	    88686488.0	
    69	  2000	    39	     1	     0.000	   223.702	      35312.1	      70522.6	    36.000	   187.716	     0.000	   223.716	     0.020	   447.282	    10271932.0	    88718736.0	
    69	  2000	    40	     1	     0.000	   225.786	      23735.3	     205252.5	    36.000	   190.174	     0.000	   226.174	     0.020	   447.300	    10284057.0	    88865048.0	
    69	  2000	    41	     1	     0.000	   227.855	      17352.4	     237882.3	    36.000	   193.936	     0.000	   229.936	     0.020	   447.305	    10287289.0	    88904056.0	
    69	  2000	    42	     1	     0.000	   229.814	      25617.0	     232619.5	    36.000	   196.346	     0.000	   232.346	     0.020	   447.304	    10286169.0	    88890528.0	
    69	  2000	    43	     1	     0.000	   232.249	      33141.1	     147360.8	    36.000	   198.625	     0.000	   234.625	     0.020	   447.292	    10278480.0	    88797744.0	
    69	  2000	    44	     1	     0.000	   235.784	      24276.5	     175780.3	    36.000	   201.086	     0.000	   237.086	     0.020	   447.296	    10281570.0	    88835032.0	
    69	  2000	    45	     1	     0.000	   239.073	      27316.0	     172622.6	    36.000	   204.806	     0.000	   240.806	     0.020	   447.296	    10281057.0	    88828832.0	
    69	  2000	    46	     1	     0.000	   241.168	      49760.6	      15788.7	    36.000	   206.830	     0.000	   242.830	     0.020	   447.273	    10266196.0	    88649560.0	
    69	  2000	    47	     1	     0.000	   243.126	      62004.3	       2105.2	    36.000	   206.713	     0.000	   242.713	     0.020	   447.269	    10264046.0	    88623632.0	
    69	  2000	    48	     1	     0.000	   245.291	      65265.5	          0.0	    36.000	   208.577	     0.000	   244.577	     0.020	   447.269	    10263601.0	    88618264.0	
    69	  2000	    49	     1	     0.000	   248.414	      55788.6	       4210.3	    36.000	   211.639	     0.000	   247.639	     0.020	   447.271	    10264736.0	    88631952.0	
    69	  2000	    50	     1	     0.000	   252.160	      52494.6	      13683.5	    36.000	   215.543	     0.000	   251.543	     0.020	   447.272	    10265795.0	    88644720.0	
    69	  2000	    51	     1	     0.000	   256.465	      63188.1	       3157.7	    36.000	   219.996	     0.000	   255.996	     0.020	   447.269	    10264034.0	    88623496.0	
    69	  2000	    52	     1	     0.000	   262.616	      52418.5	       5262.9	    36.000	   225.901	     0.000	   261.901	     0.020	   447.271	    10265103.0	    88636376.0	
    69	  2000	    53	     1	     0.000	   268.108	      60336.9	       2105.2	    36.000	   231.542	     0.000	   267.542	     0.020	   447.270	    10264184.0	    88625296.0	
    69	  2000	    54	     1	     0.000	   273.531	      59255.5	       3157.7	    36.000	   236.837	     0.000	   272.837	     0.020	   447.270	    10264361.0	    88627432.0	
    69	  2000	    55	     1	     0.000	   278.332	      60012.7	       4210.3	    36.000	   241.662	     0.000	   277.662	     0.020	   447.270	    10264386.0	    88627728.0	
    69	  2000	    56	     1	     0.000	   282.643	      59665.1	       4210.3	    36.000	   245.977	     0.000	   281.977	     0.020	   447.270	    10264414.0	    88628072.0	
    69	  2000	    57	     1	     0.000	   286.126	      66320.4	       1052.6	    36.000	   249.465	     0.000	   285.465	     0.020	   447.269	    10263601.0	    88618264.0	
    69	  2000	    58	     1	     0.000	   290.057	      53431.8	       5262.9	    36.000	   253.282	     0.000	   289.282	     0.020	   447.271	    10265018.0	    88635360.0	
    69	  2000	    59	     1	     0.000	   292.702	      55604.8	       6315.5	    36.000	   256.125	     0.000	   292.125	     0.020	   447.271	    10264925.0	    88634240.0	
    69	  2000	    60	     1	     0.000	   294.953	      57793.0	       2105.2	    36.000	   258.363	     0.000	   294.363	     0.020	   447.270	    10264395.0	    88627840.0	
    69	  2000	    61	     1	     0.000	   296.797	      59601.3	       2105.2	    36.000	   260.133	     0.000	   296.133	     0.020	   447.270	    10264245.0	    88626032.0	
    69	  2000	    62	     1	     0.000	   298.537	      56677.3	       2105.2	    36.000	   261.851	     0.000	   297.851	     0.020	   447.270	    10264487.0	    88628952.0	
    69	  2000	    63	     1	     0.000	   300.178	      52931.2	       6315.5	    36.000	   263.526	     0.000	   299.526	     0.020	   447.271	    10265147.0	    88636912.0	
    69	  2000	    64	     1	     0.000	   302.457	      35697.6	       1052.6	    36.000	   265.897	     0.000	   301.897	     0.020	   447.273	    10266140.0	    88648880.0	
    69	  2000	    65	     1	     0.000	   303.751	      36100.0	       3157.7	    36.000	   267.330	     0.000	   303.330	     0.020	   447.273	    10266281.0	    88650584.0	
    69	  2000	    66	     1	     0.000	   304.884	      39240.6	       8420.6	    36.000	   268.482	     0.000	   304.482	     0.020	   447.273	    10266458.0	    88652712.0	
    69	  2000	    67	     1	     0.000	   305.964	      43773.5	       9473.2	    36.000	   269.587	     0.000	   305.587	     0.020	   447.273	    10266168.0	    88649224.0	
    69	  2000	    68	     1	     0.000	   306.929	      51234.3	       8420.6	    36.000	   270.512	     0.000	   306.512	     0.020	   447.272	    10265463.0	    88640712.0	
    69	  2000	    69	     1	     0.000	   308.603	      46331.9	       1052.6	    36.000	   272.087	     0.000	   308.087	     0.020	   447.271	    10265258.0	    88638248.0	
    69	  2000	    70	     1	     0.000	   309.692	      51454.2	      12630.9	    36.000	   273.148	     0.000	   309.148	     0.020	   447.272	    10265794.0	    88644704.0	
    69	  2000	    71	     1	     0.000	   311.007	      51049.2	       2105.2	    36.000	   274.537	     0.000	   310.537	     0.020	   447.271	    10264954.0	    88634584.0	
    69	  2000	    72	     1	     0.000	   312.407	      47094.5	       2105.2	    36.000	   275.821	     0.000	   311.821	     0.020	   447.271	    10265282.0	    88638536.0	
    69	  2000	    73	     1	     0.000	   313.833	      39903.4	       4210.3	    36.000	   277.293	     0.000	   313.293	     0.020	   447.273	    10266053.0	    88647832.0	
    69	  2000	    74	     1	     0.000	   313.858	      56346.4	       1052.6	    36.000	   277.425	     0.000	   313.425	     0.020	   447.270	    10264428.0	    88628232.0	
    69	  2000	    75	     1	     0.000	   314.690	      55199.9	       4210.3	    36.000	   278.030	     0.000	   314.030	     0.020	   447.271	    10264784.0	    88632536.0	
    69	  2000	    76	     1	     0.000	   315.325	      55293.5	       4210.3	    36.000	   278.715	     0.000	   314.715	     0.020	   447.271	    10264777.0	    88632448.0	
    69	  2000	    77	     1	     0.000	   316.020	      52267.0	       6315.5	    36.000	   279.409	     0.000	   315.409	     0.020	   447.271	    10265202.0	    88637576.0	
    69	  2000	    78	     1	     0.000	   316.562	      51408.2	       3157.7	    36.000	   280.011	     0.000	   316.011	     0.020	   447.271	    10265012.0	    88635280.0	
    69	  2000	    79	     1	     0.000	   316.667	      54960.7	       2105.2	    36.000	   280.089	     0.000	   316.089	     0.020	   447.270	    10264630.0	    88630672.0	
    69	  2000	    80	     1	     0.000	   317.178	      48522.4	       7368.0	    36.000	   280.546	     0.000	   316.546	     0.020	   447.272	    10265601.0	    88642376.0	
    69	  2000	    81	     1	     0.000	   317.470	      44996.8	      32629.9	    36.000	   280.974	     0.000	   316.974	     0.020	   447.276	    10267987.0	    88671160.0	
    69	  2000	    82	     1	     0.000	   317.061	      53448.3	       7368.0	    36.000	   280.898	     0.000	   316.898	     0.020	   447.271	    10265192.0	    88637448.0	
    69	  2000	    83	     1	     0.000	   317.553	      43856.4	      10525.8	    36.000	   280.999	     0.000	   316.999	     0.020	   447.273	    10266249.0	    88650200.0	
    69	  2000	    84	     1	     0.000	   317.903	      35432.8	       5262.9	    36.000	   281.497	     0.000	   317.497	     0.020	   447.273	    10266511.0	    88653360.0	
    69	  2000	    85	     1	     0.000	   316.719	      55326.6	          0.0	    36.000	   280.350	     0.000	   316.350	     0.020	   447.270	    10264425.0	    88628200.0	
    69	  2000	    86	     1	     0.000	   316.432	      58306.3	          0.0	    36.000	   279.771	     0.000	   315.771	     0.020	   447.270	    10264178.0	    88625224.0	
    69	  2000	    87	     1	     0.000	   316.478	      50979.2	          0.0	    36.000	   279.783	     0.000	   315.783	     0.020	   447.271	    10264785.0	    88632552.0	
    69	  2000	    88	     1	     0.000	   316.581	      41435.0	       1052.6	    36.000	   279.970	     0.000	   315.970	     0.020	   447.272	    10265664.0	    88643144.0	
    69	  2000	    89	     1	     0.000	   315.979	      44611.0	       4210.3	    36.000	   279.491	     0.000	   315.491	     0.020	   447.272	    10265663.0	    88643128.0	
    69	  2000	    90	     1	     0.000	   315.512	      43775.4	       2105.2	    36.000	   279.024	     0.000	   315.024	     0.020	   447.272	    10265557.0	    88641856.0	
    69	  2000	    91	     1	     0.000	   315.476	      33570.2	       1052.6	    36.000	   278.974	     0.000	   314.974	     0.020	   447.273	    10266316.0	    88651008.0	
    69	  2000	    92	     1	     0.000	   314.424	      42026.6	          0.0	    36.000	   278.027	     0.000	   314.027	     0.020	   447.272	    10265528.0	    88641504.0	
    69	  2000	    93	     1	     0.000	   313.935	      40400.9	          0.0	    36.000	   277.428	     0.000	   313.428	     0.020	   447.272	    10265663.0	    88643128.0	
    69	  2000	    94	     1	     0.000	   313.028	      46164.6	          0.0	    36.000	   276.541	     0.000	   312.541	     0.020	   447.271	    10265185.0	    88637360.0	
    69	  2000	    95	     1	     0.000	   312.385	      46385.2	          0.0	    36.000	   275.830	     0.000	   311.830	     0.020	   447.271	    10265166.0	    88637144.0	
    69	  2000	    96	     1	     0.000	   311.486	      50675.3	          0.0	    36.000	   274.929	     0.000	   310.929	     0.020	   447.271	    10264811.0	    88632856.0	
    69	  2000	    97	     1	     0.000	   310.463	      56401.6	          0.0	    36.000	   273.857	     0.000	   309.857	     0.020	   447.270	    10264336.0	    88627128.0	
    69	  2000	    98	     1	     0.000	   309.693	      56171.3	          0.0	    36.000	   273.020	     0.000	   309.020	     0.020	   447.270	    10264355.0	    88627360.0	
    69	  2000	    99	     1	     0.000	   308.867	      56204.7	          0.0	    36.000	   272.197	     0.000	   308.197	     0.020	   447.270	    10264352.0	    88627320.0	
    69	  2000	   100	     1	     0.000	   308.422	      48559.3	          0.0	    36.000	   271.751	     0.000	   307.751	     0.020	   447.271	    10264986.0	    88634968.0	
    69	  2000	   101	     1	     0.000	   307.708	      45213.9	       1052.6	    36.000	   271.126	     0.000	   307.126	     0.020	   447.271	    10265351.0	    88639368.0	
    69	  2000	   102	     1	     0.000	   306.734	      45613.2	          0.0	    36.000	   270.203	     0.000	   306.203	     0.020	   447.271	    10265230.0	    88637912.0	
    69	  2000	   103	     1	     0.000	   305.402	      52047.8	          0.0	    36.000	   268.854	     0.000	   304.854	     0.020	   447.270	    10264697.0	    88631480.0	
    69	  2000	   104	     1	     0.000	   304.513	      49722.4	          0.0	    36.000	   267.891	     0.000	   303.891	     0.020	   447.271	    10264890.0	    88633808.0	
    69	  2000	   105	     1	     0.000	   303.422	      51313.0	          0.0	    36.000	   266.826	     0.000	   302.826	     0.020	   447.271	    10264758.0	    88632216.0	
    69	  2000	   106	     1	     0.000	   302.324	      52874.3	          0.0	    36.000	   265.710	     0.000	   301.710	     0.020	   447.270	    10264628.0	    88630656.0	
    69	  2000	   107	     1	     0.000	   301.181	      55242.5	          0.0	    36.000	   264.549	     0.000	   300.549	     0.020	   447.270	    10264432.0	    88628288.0	
    69	  2000	   108	     1	     0.000	   300.120	      54585.2	          0.0	    36.000	   263.461	     0.000	   299.461	     0.020	   447.270	    10264487.0	    88628944.0	
    69	  2000	   109	     1	     0.000	   299.404	      46776.3	          0.0	    36.000	   262.752	     0.000	   298.752	     0.020	   447.271	    10265134.0	    88636752.0	
    69	  2000	   110	     1	     0.000	   298.376	      44426.2	          0.0	    36.000	   261.814	     0.000	   297.814	     0.020	   447.271	    10265329.0	    88639104.0	
    69	  2000	   111	     1	     0.000	   297.493	      38725.2	       3157.7	    36.000	   260.959	     0.000	   296.959	     0.020	   447.273	    10266063.0	    88647960.0	
    69	  2000	   112	     1	     0.000	   296.780	      29463.9	       1052.6	    36.000	   260.348	     0.000	   296.348	     0.020	   447.273	    10266657.0	    88655120.0	
    69	  2000	   113	     1	     0.000	   295.525	      30585.0	          0.0	    36.000	   259.177	     0.000	   295.177	     0.020	   447.273	    10266477.0	    88652944.0	
    69	  2000	   114	     1	     0.000	   293.672	      43635.8	          0.0	    36.000	   257.298	     0.000	   293.298	     0.020	   447.272	    10265395.0	    88639896.0	
    69	  2000	   115	     1	     0.000	   293.048	      32798.5	          0.0	    36.000	   256.522	     0.000	   292.522	     0.020	   447.273	    10266293.0	    88650728.0	
    69	  2000	   116	     1	     0.000	   291.350	      42873.0	          0.0	    36.000	   254.950	     0.000	   290.950	     0.020	   447.272	    10265458.0	    88640656.0	
    69	  2000	   117	     1	     0.000	   289.894	      48453.0	          0.0	    36.000	   253.378	     0.000	   289.378	     0.020	   447.271	    10264995.0	    88635072.0	
    69	  2000	   118	     1	     0.000	   288.533	      51471.1	          0.0	    36.000	   251.952	     0.000	   287.952	     0.020	   447.271	    10264744.0	    88632056.0	
    69	  2000	   119	     1	     0.000	   287.334	      50254.7	          0.0	    36.000	   250.718	     0.000	   286.718	     0.020	   447.271	    10264846.0	    88633272.0	
    69	  2000	   120	     1	     0.000	   286.493	      41869.4	          0.0	    36.000	   249.892	     0.000	   285.892	     0.020	   447.272	    10265540.0	    88641656.0	
    69	  2000	   121	     1	     0.000	   285.041	      44501.0	          0.0	    36.000	   248.537	     0.000	   284.537	     0.020	   447.271	    10265323.0	    88639024.0	
    69	  2000	   122	     1	     0.000	   283.685	      44641.5	          0.0	    36.000	   247.150	     0.000	   283.150	     0.020	   447.271	    10265311.0	    88638888.0	
    69	  2000	   123	     1	     0.000	   281.904	      52797.0	          0.0	    36.000	   245.368	     0.000	   281.368	     0.020	   447.270	    10264634.0	    88630728.0	
    69	  2000	   124	     1	     0.000	   280.998	      44403.1	          0.0	    36.000	   244.367	     0.000	   280.367	     0.020	   447.271	    10265331.0	    88639128.0	
    69	  2000	   125	     1	     0.000	   279.919	      39459.1	          0.0	    36.000	   243.386	     0.000	   279.386	     0.020	   447.272	    10265741.0	    88644072.0	
    69	  2000	   126	     1	     0.000	   278.879	      33449.5	          0.0	    36.000	   242.402	     0.000	   278.402	     0.020	   447.273	    10266239.0	    88650080.0	
    69	  2000	   127	     1	     0.000	   276.930	      45167.1	          0.0	    36.000	   240.523	     0.000	   276.523	     0.020	   447.271	    10265267.0	    88638360.0	
    69	  2000	   128	     1	     0.000	   276.156	      32979.9	          0.0	    36.000	   239.613	     0.000	   275.613	     0.020	   447.273	    10266278.0	    88650552.0	
    69	  2000	   129	     1	     0.000	   275.076	      27206.2	       3157.7	    36.000	   238.675	     0.000	   274.675	     0.020	   447.274	    10267018.0	    88659480.0	
    69	  2000	   130	     1	     0.000	   273.302	      35800.3	          0.0	    36.000	   237.004	     0.000	   273.004	     0.020	   447.273	    10266044.0	    88647728.0	
    69	  2000	   131	     1	     0.000	   271.499	      45061.9	          0.0	    36.000	   235.064	     0.000	   271.064	     0.020	   447.271	    10265276.0	    88638464.0	
    69	  2000	   132	     1	     0.000	   270.180	      44470.7	          0.0	    36.000	   233.638	     0.000	   269.638	     0.020	   447.271	    10265325.0	    88639056.0	
    69	  2000	   133	     1	     0.000	   269.332	      34731.6	       2105.2	    36.000	   232.797	     0.000	   268.797	     0.020	   447.273	    10266307.0	    88650904.0	
    69	  2000	   134	     1	     0.000	   267.607	      43041.8	          0.0	    36.000	   231.209	     0.000	   267.209	     0.020	   447.272	    10265444.0	    88640488.0	
    69	  2000	   135	     1	     0.000	   266.291	      42657.5	          0.0	    36.000	   229.773	     0.000	   265.773	     0.020	   447.272	    10265476.0	    88640872.0	
    69	  2000	   136	     1	     0.000	   264.760	      45408.6	          0.0	    36.000	   228.247	     0.000	   264.247	     0.020	   447.271	    10265247.0	    88638120.0	
    69	  2000	   137	     1	     0.000	   263.543	      41610.1	          0.0	    36.000	   226.997	     0.000	   262.997	     0.020	   447.272	    10265563.0	    88641920.0	
    69	  2000	   138	     1	     0.000	   262.157	      41925.0	          0.0	    36.000	   225.656	     0.000	   261.656	     0.020	   447.272	    10265536.0	    88641600.0	
    69	  2000	   139	     1	     0.000	   260.916	      39478.7	          0.0	    36.000	   224.410	     0.000	   260.410	     0.020	   447.272	    10265739.0	    88644048.0	
    69	  2000	   140	     1	     0.000	   259.389	      42204.0	          0.0	    36.000	   222.912	     0.000	   258.912	     0.020	   447.272	    10265514.0	    88641328.0	
    69	  2000	   141	     1	     0.000	   257.798	      45854.2	          0.0	    36.000	   221.290	     0.000	   257.290	     0.020	   447.271	    10265210.0	    88637672.0	
    69	  2000	   142	     1	     0.000	   256.527	      42884.5	          0.0	    36.000	   219.976	     0.000	   255.976	     0.020	   447.272	    10265456.0	    88640640.0	
    69	  2000	   143	     1	     0.000	   254.920	      46819.5	          0.0	    36.000	   218.404	     0.000	   254.404	     0.020	   447.271	    10265131.0	    88636712.0	
    69	  2000	   144	     1	     0.000	   253.964	      37536.0	          0.0	    36.000	   217.403	     0.000	   253.403	     0.020	   447.272	    10265900.0	    88645992.0	
    69	  2000	   145	     1	     0.000	   252.117	      46579.8	          0.0	    36.000	   215.663	     0.000	   251.663	     0.020	   447.271	    10265151.0	    88636952.0	
    69	  2000	   146	     1	     0.000	   250.661	      47668.2	          0.0	    36.000	   214.102	     0.000	   250.102	     0.020	   447.271	    10265060.0	    88635856.0	
    69	  2000	   147	     1	     0.000	   249.327	      46792.3	          0.0	    36.000	   212.755	     0.000	   248.755	     0.020	   447.271	    10265133.0	    88636736.0	
    69	  2000	   148	     1	     0.000	   247.938	      47003.4	          0.0	    36.000	   211.376	     0.000	   247.376	     0.020	   447.271	    10265115.0	    88636528.0	
    69	  2000	   149	     1	     0.000	   246.619	      46367.7	          0.0	    36.000	   210.055	     0.000	   246.055	     0.020	   447.271	    10265168.0	    88637160.0	
    69	  2000	   150	     1	     0.000	   245.438	      42249.3	          0.0	    36.000	   208.881	     0.000	   244.881	     0.020	   447.272	    10265510.0	    88641280.0	
    69	  2000	   151	     1	     0.000	   243.904	      45174.2	          0.0	    36.000	   207.395	     0.000	   243.395	     0.020	   447.271	    10265266.0	    88638352.0	
    69	  2000	   152	     1	     0.000	   242.436	      46711.0	          0.0	    36.000	   205.894	     0.000	   241.894	     0.020	   447.271	    10265139.0	    88636816.0	
    69	  2000	   153	     1	     0.000	   241.068	      46346.6	          0.0	    36.000	   204.507	     0.000	   240.507	     0.020	   447.271	    10265170.0	    88637184.0	
    69	  2000	   154	     1	     0.000	   239.900	      42077.3	          0.0	    36.000	   203.344	     0.000	   239.344	     0.020	   447.272	    10265523.0	    88641448.0	
    69	  2000	   155	     1	     0.000	   238.815	      36278.6	       1052.6	    36.000	   202.308	     0.000	   238.308	     0.020	   447.273	    10266092.0	    88648304.0	
    69	  2000	   156	     1	     0.000	   237.715	      30660.4	          0.0	    36.000	   201.288	     0.000	   237.288	     0.020	   447.273	    10266470.0	    88652864.0	
    69	  2000	   157	     1	     0.000	   236.314	      31440.4	          0.0	    36.000	   199.939	     0.000	   235.939	     0.020	   447.273	    10266405.0	    88652088.0	
    69	  2000	   158	     1	     0.000	   234.981	      31064.0	       1052.6	    36.000	   198.597	     0.000	   234.597	     0.020	   447.273	    10266524.0	    88653520.0	
    69	  2000	   159	     1	     0.000	   233.751	      29029.6	       1052.6	    36.000	   197.384	     0.000	   233.384	     0.020	   447.274	    10266693.0	    88655552.0	
    69	  2000	   160	     1	     0.000	   231.761	      44362.5	          0.0	    36.000	   195.417	     0.000	   231.417	     0.020	   447.271	    10265334.0	    88639168.0	
    69	  2000	   161	     1	     0.000	   230.585	      42832.1	          0.0	    36.000	   194.051	     0.000	   230.051	     0.020	   447.272	    10265461.0	    88640696.0	
    69	  2000	   162	     1	     0.000	   229.511	      39628.5	          0.0	    36.000	   192.995	     0.000	   228.995	     0.020	   447.272	    10265726.0	    88643896.0	
    69	  2000	   163	     1	     0.000	   227.857	      49153.5	          0.0	    36.000	   191.378	     0.000	   227.378	     0.020	   447.271	    10264937.0	    88634376.0	
    69	  2000	   164	     1	     0.000	   226.741	      45667.1	          0.0	    36.000	   190.152	     0.000	   226.152	     0.020	   447.271	    10265226.0	    88637864.0	
    69	  2000	   165	     1	     0.000	   226.051	      31800.0	       4210.3	    36.000	   189.503	     0.000	   225.503	     0.020	   447.274	    10266725.0	    88655936.0	
    69	  2000	   166	     1	     0.000	   224.463	      37201.4	          0.0	    36.000	   188.124	     0.000	   224.124	     0.020	   447.272	    10265928.0	    88646328.0	
    69	  2000	   167	     1	     0.000	   222.858	      43338.4	          0.0	    36.000	   186.408	     0.000	   222.408	     0.020	   447.272	    10265419.0	    88640192.0	
    69	  2000	   168	     1	     0.000	   221.257	      49300.1	          0.0	    36.000	   184.736	     0.000	   220.736	     0.020	   447.271	    10264924.0	    88634224.0	
    69	  2000	   169	     1	     0.000	   220.046	      47133.5	          0.0	    36.000	   183.456	     0.000	   219.456	     0.020	   447.271	    10265104.0	    88636392.0	
    69	  2000	   170	     1	     0.000	   218.880	      44898.9	       1052.6	    36.000	   182.315	     0.000	   218.315	     0.020	   447.272	    10265377.0	    88639680.0	
    69	  2000	   171	     1	     0.000	   217.692	      43428.9	          0.0	    36.000	   181.165	     0.000	   217.165	     0.020	   447.272	    10265412.0	    88640096.0	
    69	  2000	   172	     1	     0.000	   216.046	      51099.5	          0.0	    36.000	   179.523	     0.000	   215.523	     0.020	   447.271	    10264776.0	    88632432.0	
    69	  2000	   173	     1	     0.000	   214.641	      52804.4	          0.0	    36.000	   178.030	     0.000	   214.030	     0.020	   447.270	    10264634.0	    88630720.0	
    69	  2000	   174	     1	     0.000	   213.290	      53215.4	          0.0	    36.000	   176.659	     0.000	   212.659	     0.020	   447.270	    10264600.0	    88630312.0	
    69	  2000	   175	     1	     0.000	   212.288	      46428.4	          0.0	    36.000	   175.652	     0.000	   211.652	     0.020	   447.271	    10265162.0	    88637096.0	
    69	  2000	   176	     1	     0.000	   211.028	      45930.5	          0.0	    36.000	   174.470	     0.000	   210.470	     0.020	   447.271	    10265204.0	    88637600.0	
    69	  2000	   177	     1	     0.000	   209.788	      44690.0	          0.0	    36.000	   173.237	     0.000	   209.237	     0.020	   447.271	    10265307.0	    88638840.0	
    69	  2000	   178	     1	     0.000	   208.812	      37342.6	       1052.6	    36.000	   172.275	     0.000	   208.275	     0.020	   447.272	    10266004.0	    88647240.0	
    69	  2000	   179	     1	     0.000	   207.618	      35370.0	       1052.6	    36.000	   171.178	     0.000	   207.178	     0.020	   447.273	    10266167.0	    88649208.0	
    69	  2000	   180	     1	     0.000	   205.809	      49025.7	          0.0	    36.000	   169.392	     0.000	   205.392	     0.020	   447.271	    10264948.0	    88634504.0	
    69	  2000	   181	     1	     0.000	   204.413	      52917.6	          0.0	    36.000	   167.826	     0.000	   203.826	     0.020	   447.270	    10264625.0	    88630608.0	
    69	  2000	   182	     1	     0.000	   203.155	      53909.1	          0.0	    36.000	   166.522	     0.000	   202.522	     0.020	   447.270	    10264542.0	    88629616.0	
    69	  2000	   183	     1	     0.000	   202.009	      52692.8	          0.0	    36.000	   165.365	     0.000	   201.365	     0.020	   447.270	    10264643.0	    88630832.0	
    69	  2000	   184	     1	     0.000	   201.002	      48036.7	          0.0	    36.000	   164.372	     0.000	   200.372	     0.020	   447.271	    10265029.0	    88635488.0	
    69	  2000	   185	     1	     0.000	   199.750	      48772.9	          0.0	    36.000	   163.174	     0.000	   199.174	     0.020	   447.271	    10264968.0	    88634752.0	
    69	  2000	   186	     1	     0.000	   198.251	      54944.4	          0.0	    36.000	   161.666	     0.000	   197.666	     0.020	   447.270	    10264456.0	    88628584.0	
    69	  2000	   187	     1	     0.000	   197.714	      38825.4	          0.0	    36.000	   161.058	     0.000	   197.058	     0.020	   447.272	    10265794.0	    88644704.0	
    69	  2000	   188	     1	     0.000	   195.874	      53587.9	          0.0	    36.000	   159.404	     0.000	   195.404	     0.020	   447.270	    10264570.0	    88629944.0	
    69	  2000	   189	     1	     0.000	   194.575	      56155.0	          0.0	    36.000	   157.935	     0.000	   193.935	     0.020	   447.270	    10264356.0	    88627376.0	
    69	  2000	   190	     1	     0.000	   193.485	      53730.9	          0.0	    36.000	   156.815	     0.000	   192.815	     0.020	   447.270	    10264558.0	    88629800.0	
    69	  2000	   191	     1	     0.000	   192.459	      49711.9	          0.0	    36.000	   155.817	     0.000	   191.817	     0.020	   447.271	    10264891.0	    88633816.0	
    69	  2000	   192	     1	     0.000	   191.224	      51266.1	          0.0	    36.000	   154.629	     0.000	   190.629	     0.020	   447.271	    10264762.0	    88632264.0	
    69	  2000	   193	     1	     0.000	   189.901	      54520.9	          0.0	    36.000	   153.288	     0.000	   189.288	     0.020	   447.270	    10264492.0	    88629008.0	
    69	  2000	   194	     1	     0.000	   188.950	      48688.9	          0.0	    36.000	   152.299	     0.000	   188.299	     0.020	   447.271	    10264975.0	    88634840.0	
    69	  2000	   195	     1	     0.000	   188.341	      35036.8	          0.0	    36.000	   151.758	     0.000	   187.758	     0.020	   447.273	    10266107.0	    88648488.0	
    69	  2000	   196	     1	     0.000	   186.314	      56206.0	          0.0	    36.000	   149.889	     0.000	   185.889	     0.020	   447.270	    10264352.0	    88627320.0	
    69	  2000	   197	     1	     0.000	   185.087	      58825.8	          0.0	    36.000	   148.416	     0.000	   184.416	     0.020	   447.270	    10264135.0	    88624704.0	
    69	  2000	   198	     1	     0.000	   183.954	      58999.1	          0.0	    36.000	   147.253	     0.000	   183.253	     0.020	   447.270	    10264120.0	    88624528.0	
    69	  2000	   199	     1	     0.000	   182.848	      58938.1	          0.0	    36.000	   146.145	     0.000	   182.145	     0.020	   447.270	    10264125.0	    88624592.0	
    69	  2000	   200	     1	     0.000	   181.817	      57908.6	          0.0	    36.000	   145.115	     0.000	   181.115	     0.020	   447.270	    10264210.0	    88625616.0	
    69	  2000	   201	     1	     0.000	   180.720	      57330.7	          0.0	    36.000	   144.030	     0.000	   180.030	     0.020	   447.270	    10264259.0	    88626200.0	
    69	  2000	   202	     1	     0.000	   179.546	      57911.1	          0.0	    36.000	   142.862	     0.000	   178.862	     0.020	   447.270	    10264210.0	    88625616.0	
    69	  2000	   203	     1	     0.000	   178.508	      55293.8	          0.0	    36.000	   141.818	     0.000	   177.818	     0.020	   447.270	    10264428.0	    88628232.0	
    69	  2000	   204	     1	     0.000	   177.230	      58897.8	          0.0	    36.000	   140.570	     0.000	   176.570	     0.020	   447.270	    10264129.0	    88624632.0	
    69	  2000	   205	     1	     0.000	   176.574	      47521.5	       1052.6	    36.000	   139.872	     0.000	   175.872	     0.020	   447.271	    10265159.0	    88637056.0	
    69	  2000	   206	     1	     0.000	   175.118	      55873.2	          0.0	    36.000	   138.561	     0.000	   174.561	     0.020	   447.270	    10264380.0	    88627656.0	
    69	  2000	   207	     1	     0.000	   174.072	      54621.6	          0.0	    36.000	   137.405	     0.000	   173.405	     0.020	   447.270	    10264483.0	    88628904.0	
    69	  2000	   208	     1	     0.000	   172.868	      57774.0	          0.0	    36.000	   136.215	     0.000	   172.215	     0.020	   447.270	    10264222.0	    88625752.0	
    69	  2000	   209	     1	     0.000	   171.626	      61988.6	          0.0	    36.000	   134.937	     0.000	   170.937	     0.020	   447.269	    10263872.0	    88621536.0	
    69	  2000	   210	     1	     0.000	   170.433	      65974.4	          0.0	    36.000	   133.696	     0.000	   169.696	     0.020	   447.269	    10263542.0	    88617552.0	
    69	  2000	   211	     1	     0.000	   169.741	      57590.3	          0.0	    36.000	   132.957	     0.000	   168.957	     0.020	   447.270	    10264237.0	    88625936.0	
    69	  2000	   212	     1	     0.000	   168.777	      56092.1	       1052.6	    36.000	   132.091	     0.000	   168.091	     0.020	   447.270	    10264449.0	    88628488.0	
    69	  2000	   213	     1	     0.000	   167.330	      66498.3	          0.0	    36.000	   130.673	     0.000	   166.673	     0.020	   447.269	    10263499.0	    88617032.0	
    69	  2000	   214	     1	     0.000	   166.405	      63638.4	          0.0	    36.000	   129.615	     0.000	   165.615	     0.020	   447.269	    10263735.0	    88619888.0	
    69	  2000	   215	     1	     0.000	   165.681	      56096.8	          0.0	    36.000	   128.924	     0.000	   164.924	     0.020	   447.270	    10264361.0	    88627432.0	
    69	  2000	   216	     1	     0.000	   164.720	      55746.9	       1052.6	    36.000	   128.051	     0.000	   164.051	     0.020	   447.270	    10264477.0	    88628832.0	
    69	  2000	   217	     1	     0.000	   164.103	      46721.8	      26314.4	    36.000	   127.449	     0.000	   163.449	     0.020	   447.275	    10267321.0	    88663120.0	
    69	  2000	   218	     1	     0.000	   164.068	      20972.8	       3157.7	    36.000	   127.811	     0.000	   163.811	     0.020	   447.275	    10267535.0	    88665712.0	
    69	  2000	   219	     1	     0.000	   162.069	      45526.1	       2105.2	    36.000	   125.843	     0.000	   161.843	     0.020	   447.272	    10265412.0	    88640104.0	
    69	  2000	   220	     1	     0.000	   161.712	      29128.4	      52628.8	    36.000	   125.190	     0.000	   161.190	     0.020	   447.280	    10270961.0	    88707032.0	
    69	  2000	   221	     1	     0.000	   160.838	      27121.3	       4210.3	    36.000	   125.090	     0.000	   161.090	     0.020	   447.274	    10267113.0	    88660616.0	
    69	  2000	   222	     1	     0.000	   159.186	      46919.3	          0.0	    36.000	   122.901	     0.000	   158.901	     0.020	   447.271	    10265122.0	    88636608.0	
    69	  2000	   223	     1	     0.000	   157.943	      57437.1	          0.0	    36.000	   121.380	     0.000	   157.380	     0.020	   447.270	    10264250.0	    88626088.0	
    69	  2000	   224	     1	     0.000	   157.342	      50867.9	          0.0	    36.000	   120.658	     0.000	   156.658	     0.020	   447.271	    10264795.0	    88632664.0	
    69	  2000	   225	     1	     0.000	   156.310	      58423.5	          0.0	    36.000	   119.702	     0.000	   155.702	     0.020	   447.270	    10264168.0	    88625104.0	
    69	  2000	   226	     1	     0.000	   155.630	      60685.7	          0.0	    36.000	   118.934	     0.000	   154.934	     0.020	   447.269	    10263980.0	    88622840.0	
    69	  2000	   227	     1	     0.000	   154.670	      62589.2	          0.0	    36.000	   117.948	     0.000	   153.948	     0.020	   447.269	    10263822.0	    88620936.0	
    69	  2000	   228	     1	     0.000	   153.406	      68289.1	          0.0	    36.000	   116.661	     0.000	   152.661	     0.020	   447.268	    10263350.0	    88615240.0	
    69	  2000	   229	     1	     0.000	   152.474	      65839.2	          0.0	    36.000	   115.664	     0.000	   151.664	     0.020	   447.269	    10263553.0	    88617688.0	
    69	  2000	   230	     1	     0.000	   151.262	      70271.9	          0.0	    36.000	   114.480	     0.000	   150.480	     0.020	   447.268	    10263186.0	    88613256.0	
    69	  2000	   231	     1	     0.000	   150.482	      62983.3	          0.0	    36.000	   113.649	     0.000	   149.649	     0.020	   447.269	    10263790.0	    88620544.0	
    69	  2000	   232	     1	     0.000	   149.081	      72110.8	          0.0	    36.000	   112.332	     0.000	   148.332	     0.020	   447.268	    10263033.0	    88611416.0	
    69	  2000	   233	     1	     0.000	   148.040	      71679.3	          0.0	    36.000	   111.185	     0.000	   147.185	     0.020	   447.268	    10263069.0	    88611848.0	
    69	  2000	   234	     1	     0.000	   146.869	      74887.8	          0.0	    36.000	   110.019	     0.000	   146.019	     0.020	   447.268	    10262803.0	    88608640.0	
    69	  2000	   235	     1	     0.000	   145.825	      74989.8	          0.0	    36.000	   108.938	     0.000	   144.938	     0.020	   447.268	    10262794.0	    88608536.0	
    69	  2000	   236	     1	     0.000	   144.772	      76141.6	          0.0	    36.000	   107.884	     0.000	   143.884	     0.020	   447.267	    10262699.0	    88607384.0	
    69	  2000	   237	     1	     0.000	   143.961	      70736.3	          0.0	    36.000	   107.060	     0.000	   143.060	     0.020	   447.268	    10263147.0	    88612792.0	
    69	  2000	   238	     1	     0.000	   142.952	      70517.0	          0.0	    36.000	   106.113	     0.000	   142.113	     0.020	   447.268	    10263165.0	    88613008.0	
    69	  2000	   239	     1	     0.000	   142.278	      61879.6	          0.0	    36.000	   105.442	     0.000	   141.442	     0.020	   447.269	    10263881.0	    88621648.0	
    69	  2000	   240	     1	     0.000	   141.806	      48548.6	       2105.2	    36.000	   105.070	     0.000	   141.070	     0.020	   447.271	    10265162.0	    88637088.0	
    69	  2000	   241	     1	     0.000	   140.934	      46644.1	       8420.6	    36.000	   104.377	     0.000	   140.377	     0.020	   447.272	    10265843.0	    88645304.0	
    69	  2000	   242	     1	     0.000	   139.290	      66779.6	          0.0	    36.000	   102.828	     0.000	   138.828	     0.020	   447.269	    10263476.0	    88616752.0	
    69	  2000	   243	     1	     0.000	   138.422	      66812.0	          0.0	    36.000	   101.629	     0.000	   137.629	     0.020	   447.269	    10263472.0	    88616712.0	
    69	  2000	   244	     1	     0.000	   137.634	      65980.1	          0.0	    36.000	   100.840	     0.000	   136.840	     0.020	   447.269	    10263541.0	    88617544.0	
    69	  2000	   245	     1	     0.000	   137.315	      53746.0	          0.0	    36.000	   100.531	     0.000	   136.531	     0.020	   447.270	    10264556.0	    88629784.0	
    69	  2000	   246	     1	     0.000	   136.144	      65550.6	          0.0	    36.000	    99.502	     0.000	   135.502	     0.020	   447.269	    10263577.0	    88617976.0	
    69	  2000	   247	     1	     0.000	   135.214	      68744.0	          0.0	    36.000	    98.436	     0.000	   134.436	     0.020	   447.268	    10263312.0	    88614784.0	
    69	  2000	   248	     1	     0.000	   134.387	      68682.6	       1052.6	    36.000	    97.571	     0.000	   133.571	     0.020	   447.268	    10263404.0	    88615896.0	
    69	  2000	   249	     1	     0.000	   133.572	      69461.7	      33682.5	    36.000	    96.769	     0.000	   132.769	     0.020	   447.273	    10266046.0	    88647752.0	
    69	  2000	   250	     1	     0.000	   133.799	      42186.9	      58944.3	    36.000	    97.365	     0.000	   133.365	     0.020	   447.279	    10270402.0	    88700288.0	
    69	  2000	   251	     1	     0.000	   132.067	      68318.1	          0.0	    36.000	    96.241	     0.000	   132.241	     0.020	   447.268	    10263348.0	    88615208.0	
    69	  2000	   252	     1	     0.000	   130.952	      76257.8	          0.0	    36.000	    94.142	     0.000	   130.142	     0.020	   447.267	    10262689.0	    88607272.0	
    69	  2000	   253	     1	     0.000	   129.929	      81684.3	          0.0	    36.000	    93.027	     0.000	   129.027	     0.020	   447.267	    10262239.0	    88601840.0	
    69	  2000	   254	     1	     0.000	   129.095	      83673.8	          0.0	    36.000	    92.129	     0.000	   128.129	     0.020	   447.266	    10262074.0	    88599856.0	
    69	  2000	   255	     1	     0.000	   128.478	      85370.3	          0.0	    36.000	    91.489	     0.000	   127.489	     0.020	   447.266	    10261934.0	    88598160.0	
    69	  2000	   256	     1	     0.000	   127.746	      85618.8	          0.0	    36.000	    90.738	     0.000	   126.738	     0.020	   447.266	    10261913.0	    88597912.0	
    69	  2000	   257	     1	     0.000	   126.793	      87287.6	          0.0	    36.000	    89.782	     0.000	   125.782	     0.020	   447.266	    10261775.0	    88596240.0	
    69	  2000	   258	     1	     0.000	   126.016	      82974.3	          0.0	    36.000	    88.986	     0.000	   124.986	     0.020	   447.267	    10262132.0	    88600552.0	
    69	  2000	   259	     1	     0.000	   125.061	      83559.4	          0.0	    36.000	    88.080	     0.000	   124.080	     0.020	   447.266	    10262084.0	    88599968.0	
    69	  2000	   260	     1	     0.000	   124.152	      82939.2	          0.0	    36.000	    87.165	     0.000	   123.165	     0.020	   447.267	    10262135.0	    88600592.0	
    69	  2000	   261	     1	     0.000	   123.120	      86145.0	          0.0	    36.000	    86.140	     0.000	   122.140	     0.020	   447.266	    10261870.0	    88597384.0	
    69	  2000	   262	     1	     0.000	   122.425	      79972.2	          0.0	    36.000	    85.408	     0.000	   121.408	     0.020	   447.267	    10262381.0	    88603552.0	
    69	  2000	   263	     1	     0.000	   121.571	      79507.7	          0.0	    36.000	    84.625	     0.000	   120.625	     0.020	   447.267	    10262420.0	    88604024.0	
    69	  2000	   264	     1	     0.000	   120.773	      77841.1	          0.0	    36.000	    83.832	     0.000	   119.832	     0.020	   447.267	    10262558.0	    88605688.0	
    69	  2000	   265	     1	     0.000	   119.967	      76871.5	       2105.2	    36.000	    83.046	     0.000	   119.046	     0.020	   447.268	    10262813.0	    88608760.0	
    69	  2000	   266	     1	     0.000	   119.216	      74481.7	       1052.6	    36.000	    82.331	     0.000	   118.331	     0.020	   447.268	    10262924.0	    88610096.0	
    69	  2000	   267	     1	     0.000	   118.246	      79305.7	          0.0	    36.000	    81.376	     0.000	   117.376	     0.020	   447.267	    10262437.0	    88604224.0	
    69	  2000	   268	     1	     0.000	   117.584	      76350.5	       1052.6	    36.000	    80.646	     0.000	   116.646	     0.020	   447.268	    10262769.0	    88608232.0	
    69	  2000	   269	     1	     0.000	   116.774	      78731.8	          0.0	    36.000	    79.882	     0.000	   115.882	     0.020	   447.267	    10262485.0	    88604800.0	
    69	  2000	   270	     1	     0.000	   116.041	      78911.3	          0.0	    36.000	    79.109	     0.000	   115.109	     0.020	   447.267	    10262469.0	    88604616.0	
    69	  2000	   271	     1	     0.000	   115.442	      75566.2	          0.0	    36.000	    78.509	     0.000	   114.509	     0.020	   447.267	    10262746.0	    88607960.0	
    69	  2000	   272	     1	     0.000	   114.868	      71694.3	       4210.3	    36.000	    77.973	     0.000	   113.973	     0.020	   447.268	    10263416.0	    88616040.0	
    69	  2000	   273	     1	     0.000	   115.395	      34187.7	      56839.1	    36.000	    78.594	     0.000	   114.594	     0.020	   447.280	    10270890.0	    88706176.0	
    69	  2000	   274	     1	     0.000	   114.724	      33097.7	      55786.6	    36.000	    78.966	     0.000	   114.966	     0.020	   447.280	    10270893.0	    88706216.0	
    69	  2000	   275	     1	     0.000	   114.120	      29612.8	      65259.8	    36.000	    78.363	     0.000	   114.363	     0.020	   447.282	    10271967.0	    88719176.0	
    69	  2000	   276	     1	     0.000	   112.871	      46753.0	      18946.4	    36.000	    77.264	     0.000	   113.264	     0.020	   447.274	    10266707.0	    88655720.0	
    69	  2000	   277	     1	     0.000	   111.850	      59378.3	      23156.7	    36.000	    75.508	     0.000	   111.508	     0.020	   447.272	    10266009.0	    88647304.0	
    69	  2000	   278	     1	     0.000	   111.727	      50589.1	      79995.8	    36.000	    75.287	     0.000	   111.287	     0.020	   447.281	    10271451.0	    88712936.0	
    69	  2000	   279	     1	     0.000	   113.508	      16058.3	     410504.9	    36.000	    77.828	     0.000	   113.828	     0.020	   447.327	    10301695.0	    89077976.0	
    69	  2000	   280	     1	     0.000	   114.802	      18949.3	     222093.7	    36.000	    83.347	     0.000	   119.347	     0.020	   447.303	    10285849.0	    88886672.0	
    69	  2000	   281	     1	     0.000	   115.701	      30016.6	     297879.2	    36.000	    82.032	     0.000	   118.032	     0.020	   447.311	    10291211.0	    88951392.0	
    69	  2000	   282	     1	     0.000	   117.112	      22308.4	     178938.0	    36.000	    84.192	     0.000	   120.192	     0.020	   447.297	    10281995.0	    88840160.0	
    69	  2000	   283	     1	     0.000	   117.824	      37143.6	       8420.6	    36.000	    83.616	     0.000	   119.616	     0.020	   447.273	    10266631.0	    88654808.0	
    69	  2000	   284	     1	     0.000	   117.309	      47557.3	       4210.3	    36.000	    80.956	     0.000	   116.956	     0.020	   447.272	    10265419.0	    88640184.0	
    69	  2000	   285	     1	     0.000	   116.728	      37716.4	      90521.6	    36.000	    80.206	     0.000	   116.206	     0.020	   447.284	    10273390.0	    88736336.0	
    69	  2000	   286	     1	     0.000	   115.547	      43221.6	      48418.5	    36.000	    80.139	     0.000	   116.139	     0.020	   447.278	    10269444.0	    88688728.0	
    69	  2000	   287	     1	     0.000	   114.336	      47317.1	     170517.4	    36.000	    78.376	     0.000	   114.376	     0.020	   447.293	    10279225.0	    88806728.0	
    69	  2000	   288	     1	     0.000	   113.325	      43262.9	      70522.6	    36.000	    78.731	     0.000	   114.731	     0.020	   447.281	    10271272.0	    88710784.0	
    69	  2000	   289	     1	     0.000	   112.189	      33894.8	     188411.2	    36.000	    76.485	     0.000	   112.485	     0.020	   447.297	    10281820.0	    88838048.0	
    69	  2000	   290	     1	     0.000	   111.030	      24830.1	     238934.9	    36.000	    76.799	     0.000	   112.799	     0.020	   447.304	    10286757.0	    88897632.0	
    69	  2000	   291	     1	     0.000	   108.253	      67626.9	       8420.6	    36.000	    74.711	     0.000	   110.711	     0.020	   447.270	    10264103.0	    88624320.0	
    69	  2000	   292	     1	     0.000	   106.559	      76134.6	          0.0	    36.000	    69.854	     0.000	   105.854	     0.020	   447.267	    10262699.0	    88607392.0	
    69	  2000	   293	     1	     0.000	   105.363	      72781.8	       2105.2	    36.000	    68.462	     0.000	   104.462	     0.020	   447.268	    10263152.0	    88612848.0	
    69	  2000	   294	     1	     0.000	   104.215	      71824.9	       4210.3	    36.000	    67.377	     0.000	   103.377	     0.020	   447.268	    10263406.0	    88615912.0	
    69	  2000	   295	     1	     0.000	   103.264	      71257.9	       4210.3	    36.000	    66.461	     0.000	   102.461	     0.020	   447.269	    10263453.0	    88616480.0	
    69	  2000	   296	     1	     0.000	   101.971	      76751.3	          0.0	    36.000	    65.175	     0.000	   101.175	     0.020	   447.267	    10262648.0	    88606776.0	
    69	  2000	   297	     1	     0.000	   100.717	      79878.2	          0.0	    36.000	    63.809	     0.000	    99.809	     0.020	   447.267	    10262389.0	    88603648.0	
    69	  2000	   298	     1	     0.000	   100.074	      70075.6	       1052.6	    36.000	    63.130	     0.000	    99.130	     0.020	   447.268	    10263289.0	    88614504.0	
    69	  2000	   299	     1	     0.000	    99.348	      66817.1	       2105.2	    36.000	    62.529	     0.000	    98.529	     0.020	   447.269	    10263646.0	    88618816.0	
    69	  2000	   300	     1	     0.000	    98.683	      62703.0	      16841.2	    36.000	    61.914	     0.000	    97.914	     0.020	   447.271	    10265209.0	    88637664.0	
    69	  2000	   301	     1	     0.000	    98.073	      55318.9	      71575.2	    36.000	    61.522	     0.000	    97.522	     0.020	   447.279	    10270360.0	    88699784.0	
    69	  2000	   302	     1	     0.000	    97.430	      49634.6	      52628.8	    36.000	    61.599	     0.000	    97.599	     0.020	   447.278	    10269260.0	    88686520.0	
    69	  2000	   303	     1	     0.000	    96.485	      54878.1	       1052.6	    36.000	    60.500	     0.000	    96.500	     0.020	   447.270	    10264549.0	    88629704.0	
    69	  2000	   304	     1	     0.000	    95.582	      60772.7	      15788.7	    36.000	    58.939	     0.000	    94.939	     0.020	   447.271	    10265283.0	    88638544.0	
    69	  2000	   305	     1	     0.000	    95.115	      54362.7	      51576.3	    36.000	    58.575	     0.000	    94.575	     0.020	   447.277	    10268781.0	    88680744.0	
    69	  2000	   306	     1	     0.000	    94.849	      46809.7	     111573.1	    36.000	    58.797	     0.000	    94.797	     0.020	   447.285	    10274381.0	    88748288.0	
    69	  2000	   307	     1	     0.000	    94.905	      37681.2	     190516.4	    36.000	    59.634	     0.000	    95.634	     0.020	   447.297	    10281681.0	    88836360.0	
    69	  2000	   308	     1	     0.000	    94.091	      52597.7	     148413.3	    36.000	    59.840	     0.000	    95.840	     0.020	   447.289	    10276955.0	    88779344.0	
    69	  2000	   309	     1	     0.000	    94.284	      30889.6	     286300.9	    36.000	    59.373	     0.000	    95.373	     0.020	   447.310	    10290179.0	    88938936.0	
    69	  2000	   310	     1	     0.000	    93.764	      36105.8	     101047.4	    36.000	    60.700	     0.000	    96.700	     0.020	   447.285	    10274396.0	    88748472.0	
    69	  2000	   311	     1	     0.000	    93.585	      32335.7	     184200.9	    36.000	    58.316	     0.000	    94.316	     0.020	   447.297	    10281600.0	    88835392.0	
    69	  2000	   312	     1	     0.000	    93.189	      38375.9	      48418.5	    36.000	    58.927	     0.000	    94.927	     0.020	   447.278	    10269845.0	    88693568.0	
    69	  2000	   313	     1	     0.000	    92.343	      58839.5	      15788.7	    36.000	    56.439	     0.000	    92.439	     0.020	   447.272	    10265443.0	    88640480.0	
    69	  2000	   314	     1	     0.000	    91.954	      63518.7	      53681.4	    36.000	    55.436	     0.000	    91.436	     0.020	   447.276	    10268197.0	    88673688.0	
    69	  2000	   315	     1	     0.000	    93.202	      27971.7	     328403.9	    36.000	    57.068	     0.000	    93.068	     0.020	   447.315	    10293909.0	    88983960.0	
    69	  2000	   316	     1	     0.000	    93.747	      28880.9	     205252.5	    36.000	    61.205	     0.000	    97.205	     0.020	   447.300	    10283631.0	    88859896.0	
    69	  2000	   317	     1	     0.000	    94.297	      33240.4	     147360.8	    36.000	    60.318	     0.000	    96.318	     0.020	   447.292	    10278472.0	    88797648.0	
    69	  2000	   318	     1	     0.000	    94.743	      32987.8	     105257.7	    36.000	    60.043	     0.000	    96.043	     0.020	   447.286	    10275004.0	    88755800.0	
    69	  2000	   319	     1	     0.000	    95.074	      33127.6	     156833.9	    36.000	    59.890	     0.000	    95.890	     0.020	   447.293	    10279267.0	    88807232.0	
    69	  2000	   320	     1	     0.000	    94.793	      36921.5	     121046.3	    36.000	    60.204	     0.000	    96.204	     0.020	   447.288	    10275986.0	    88767656.0	
    69	  2000	   321	     1	     0.000	    95.231	      17188.5	     155781.4	    36.000	    60.185	     0.000	    96.185	     0.020	   447.295	    10280500.0	    88822120.0	
    69	  2000	   322	     1	     0.000	    94.736	      25054.3	     104205.1	    36.000	    60.321	     0.000	    96.321	     0.020	   447.287	    10275574.0	    88762680.0	
    69	  2000	   323	     1	     0.000	    94.140	      38020.2	      99994.8	    36.000	    59.036	     0.000	    95.036	     0.020	   447.285	    10274150.0	    88745504.0	
    69	  2000	   324	     1	     0.000	    94.065	      34306.9	      71575.2	    36.000	    58.762	     0.000	    94.762	     0.020	   447.282	    10272102.0	    88720800.0	
    69	  2000	   325	     1	     0.000	    93.596	      40444.1	     110520.6	    36.000	    58.008	     0.000	    94.008	     0.020	   447.286	    10274822.0	    88753608.0	
    69	  2000	   326	     1	     0.000	    93.568	      28023.2	      81048.4	    36.000	    58.359	     0.000	    94.359	     0.020	   447.284	    10273408.0	    88736552.0	
    69	  2000	   327	     1	     0.000	    91.872	      69667.4	       5262.9	    36.000	    56.466	     0.000	    92.466	     0.020	   447.269	    10263672.0	    88619120.0	
    69	  2000	   328	     1	     0.000	    91.436	      69006.9	       1052.6	    36.000	    54.671	     0.000	    90.671	     0.020	   447.268	    10263378.0	    88615576.0	
    69	  2000	   329	     1	     0.000	    90.883	      74913.5	       1052.6	    36.000	    54.077	     0.000	    90.077	     0.020	   447.268	    10262888.0	    88609664.0	
    69	  2000	   330	     1	     0.000	    90.425	      73918.4	          0.0	    36.000	    53.551	     0.000	    89.551	     0.020	   447.268	    10262883.0	    88609608.0	
    69	  2000	   331	     1	     0.000	    89.997	      72246.8	       1052.6	    36.000	    53.121	     0.000	    89.121	     0.020	   447.268	    10263109.0	    88612336.0	
    69	  2000	   332	     1	     0.000	    89.441	      71397.6	       1052.6	    36.000	    52.597	     0.000	    88.597	     0.020	   447.268	    10263179.0	    88613184.0	
    69	  2000	   333	     1	     0.000	    89.006	      70070.7	       5262.9	    36.000	    52.172	     0.000	    88.172	     0.020	   447.269	    10263639.0	    88618720.0	
    69	  2000	   334	     1	     0.000	    89.220	      53183.5	      58944.3	    36.000	    52.450	     0.000	    88.450	     0.020	   447.278	    10269490.0	    88689288.0	
    69	  2000	   335	     1	     0.000	    89.401	      40302.0	     185253.5	    36.000	    53.447	     0.000	    89.447	     0.020	   447.296	    10281027.0	    88828480.0	
    69	  2001	     1	     1	     0.000	    89.878	      19880.5	     162096.8	    36.000	    55.535	     0.000	    91.535	     0.020	   447.295	    10280801.0	    88825744.0	
    69	  2001	     2	     1	     0.000	    90.185	      16738.1	     277880.2	    36.000	    55.811	     0.000	    91.811	     0.020	   447.310	    10290655.0	    88944672.0	
    69	  2001	     3	     1	     0.000	    90.388	      28395.7	     109468.0	    36.000	    57.390	     0.000	    93.390	     0.020	   447.287	    10275733.0	    88764600.0	
    69	  2001	     4	     1	     0.000	    91.402	      17887.6	     125256.6	    36.000	    56.320	     0.000	    92.320	     0.020	   447.291	    10277912.0	    88790896.0	
    69	  2001	     5	     1	     0.000	    91.809	      36540.4	       5262.9	    36.000	    57.031	     0.000	    93.031	     0.020	   447.273	    10266419.0	    88652248.0	
    69	  2001	     6	     1	     0.000	    92.997	      37882.1	      14736.1	    36.000	    56.615	     0.000	    92.615	     0.020	   447.274	    10267094.0	    88660384.0	
    69	  2001	     7	     1	     0.000	    93.813	      41783.3	       1052.6	    36.000	    57.525	     0.000	    93.525	     0.020	   447.272	    10265635.0	    88642800.0	
    69	  2001	     8	     1	     0.000	    94.801	      38563.0	      10525.8	    36.000	    58.309	     0.000	    94.309	     0.020	   447.274	    10266687.0	    88655488.0	
    69	  2001	     9	     1	     0.000	    95.631	      37971.9	       2105.2	    36.000	    59.286	     0.000	    95.286	     0.020	   447.273	    10266039.0	    88647664.0	
    69	  2001	    10	     1	     0.000	    96.829	      24445.4	       4210.3	    36.000	    60.394	     0.000	    96.394	     0.020	   447.275	    10267335.0	    88663296.0	
    69	  2001	    11	     1	     0.000	    97.343	      27676.3	       2105.2	    36.000	    61.089	     0.000	    97.089	     0.020	   447.274	    10266893.0	    88657960.0	
    69	  2001	    12	     1	     0.000	    97.872	      28710.5	          0.0	    36.000	    61.556	     0.000	    97.556	     0.020	   447.273	    10266632.0	    88654816.0	
    69	  2001	    13	     1	     0.000	    98.423	      28155.8	          0.0	    36.000	    62.070	     0.000	    98.070	     0.020	   447.274	    10266678.0	    88655376.0	
    69	  2001	    14	     1	     0.000	    98.910	      29746.3	          0.0	    36.000	    62.565	     0.000	    98.565	     0.020	   447.273	    10266546.0	    88653784.0	
    69	  2001	    15	     1	     0.000	    99.148	      40071.3	          0.0	    36.000	    62.784	     0.000	    98.784	     0.020	   447.272	    10265690.0	    88643456.0	
    69	  2001	    16	     1	     0.000	    99.744	      37526.2	       1052.6	    36.000	    63.260	     0.000	    99.260	     0.020	   447.272	    10265989.0	    88647056.0	
    69	  2001	    17	     1	     0.000	   100.433	      29924.9	      23156.7	    36.000	    63.991	     0.000	    99.991	     0.020	   447.276	    10268451.0	    88676760.0	
    69	  2001	    18	     1	     0.000	   100.747	      33409.5	      70522.6	    36.000	    64.649	     0.000	   100.649	     0.020	   447.282	    10272089.0	    88720640.0	
    69	  2001	    19	     1	     0.000	   101.134	      34389.1	      50523.7	    36.000	    65.544	     0.000	   101.544	     0.020	   447.279	    10270350.0	    88699664.0	
    69	  2001	    20	     1	     0.000	   102.575	      18173.3	     284195.7	    36.000	    66.742	     0.000	   102.742	     0.020	   447.311	    10291059.0	    88949552.0	
    69	  2001	    21	     1	     0.000	   104.113	      19466.2	     231566.9	    36.000	    71.172	     0.000	   107.172	     0.020	   447.304	    10286592.0	    88895632.0	
    69	  2001	    22	     1	     0.000	   105.937	      19041.8	     219988.5	    36.000	    72.372	     0.000	   108.372	     0.020	   447.303	    10285667.0	    88884472.0	
    69	  2001	    23	     1	     0.000	   107.947	      19012.9	     199989.6	    36.000	    74.253	     0.000	   110.253	     0.020	   447.300	    10284012.0	    88864504.0	
    69	  2001	    24	     1	     0.000	   110.113	      16081.4	     121046.3	    36.000	    76.188	     0.000	   112.188	     0.020	   447.291	    10277713.0	    88788496.0	
    69	  2001	    25	     1	     0.000	   111.364	      22571.1	     149465.9	    36.000	    76.559	     0.000	   112.559	     0.020	   447.293	    10279531.0	    88810424.0	
    69	  2001	    26	     1	     0.000	   112.334	      30836.0	      51576.3	    36.000	    77.783	     0.000	   113.783	     0.020	   447.280	    10270732.0	    88704272.0	
    69	  2001	    27	     1	     0.000	   113.101	      45203.0	      53681.4	    36.000	    77.321	     0.000	   113.321	     0.020	   447.278	    10269716.0	    88692008.0	
    69	  2001	    28	     1	     0.000	   114.503	      43197.9	      42103.1	    36.000	    78.581	     0.000	   114.581	     0.020	   447.277	    10268921.0	    88682432.0	
    69	  2001	    29	     1	     0.000	   116.019	      38112.9	      71575.2	    36.000	    79.987	     0.000	   115.987	     0.020	   447.281	    10271787.0	    88716992.0	
    69	  2001	    30	     1	     0.000	   116.822	      57933.4	      29472.1	    36.000	    81.190	     0.000	   117.190	     0.020	   447.273	    10266653.0	    88655064.0	
    69	  2001	    31	     1	     0.000	   117.891	      70447.4	       3157.7	    36.000	    81.541	     0.000	   117.541	     0.020	   447.269	    10263433.0	    88616240.0	
