Year, day, hour, sedretention_r(ton/timestep)
  2000     1     1          0.000          0.000          0.000          0.000          0.000
  2000     2     1        454.010        494.215        420.548        581.825        421.825
  2000     3     1         83.075         83.076         83.075         83.075         83.074
  2000     4     1         20.706         20.707         20.706         20.706         20.705
  2000     5     1        175.211        177.006        175.337        174.093        156.503
  2000     6     1        180.012        180.012        180.012        180.012        180.006
  2000     7     1        146.682        146.682        146.682        146.682        146.675
  2000     8     1        226.383        226.383        226.383        226.383        224.320
  2000     9     1        178.254        178.254        178.254        178.254        178.185
  2000    10     1         47.542         47.542         47.542         47.542         47.542
  2000    11     1          8.248          8.248          8.248          8.248          8.248
  2000    12     1          3.545          3.545          3.545          3.545          3.545
  2000    13     1          7.039          7.039          7.039          7.039          7.039
  2000    14     1          2.140          2.140          2.140          2.140          2.140
  2000    15     1          0.251          0.251          0.251          0.251          0.251
  2000    16     1          0.001          0.001          0.001          0.001          0.001
  2000    17     1          0.002          0.002          0.002          0.002          0.001
  2000    18     1          0.007          0.007          0.007          0.007          0.004
  2000    19     1          0.011          0.011          0.011          0.011          0.003
  2000    20     1          1.306          1.306          1.306          1.306          1.306
  2000    21     1          0.076          0.076          0.076          0.076          0.076
  2000    22     1          0.000          0.000          0.000          0.000          0.000
  2000    23     1          0.000          0.000          0.000          0.000          0.000
  2000    24     1          0.000          0.000          0.000          0.000          0.000
  2000    25     1          0.000          0.000          0.000          0.000          0.000
  2000    26     1          0.000          0.000          0.000          0.000          0.000
  2000    27     1          0.000          0.000          0.000          0.000          0.000
  2000    28     1          0.005          0.005          0.005          0.005          0.003
  2000    29     1         43.177         43.177         43.177         43.177         43.172
  2000    30     1          0.009          0.009          0.009          0.009          0.003
  2000    31     1          0.005          0.005          0.005          0.005          0.005
  2000    32     1          0.001          0.001          0.001          0.001          0.001
  2000    33     1          0.000          0.000          0.000          0.000          0.000
  2000    34     1          0.000          0.000          0.000          0.000          0.000
  2000    35     1          0.000          0.000          0.000          0.000          0.000
  2000    36     1          0.000          0.000          0.000          0.000          0.000
  2000    37     1          0.000          0.000          0.000          0.000          0.000
  2000    38     1          0.003          0.003          0.003          0.003          0.001
  2000    39     1        353.540        353.540        353.540        353.540        353.538
  2000    40     1         88.458         88.458         88.458         88.458          0.006
  2000    41     1       1838.870       1838.870       1838.870       1838.870         32.171
  2000    42     1       1813.559       1813.559       1813.559       1813.559         35.065
  2000    43     1         87.176         87.176         87.176         87.176         87.170
  2000    44     1        372.554        372.554        372.554        372.554        316.893
  2000    45     1      19471.316      19471.316      19471.316      19471.316      19347.857
  2000    46     1        304.415        304.415        304.415        304.415        301.476
  2000    47     1         63.291         63.291         63.291         63.291         63.286
  2000    48     1          2.190          2.190          2.190          2.190          2.189
  2000    49     1          0.686          0.686          0.686          0.686          0.686
  2000    50     1          0.811          0.811          0.811          0.811          0.811
  2000    51     1          5.282          5.282          5.282          5.282          5.282
  2000    52     1          1.774          1.774          1.774          1.774          1.774
  2000    53     1          0.173          0.173          0.173          0.173          0.173
  2000    54     1          0.001          0.001          0.001          0.001          0.001
  2000    55     1          0.000          0.000          0.000          0.000          0.000
  2000    56     1          0.000          0.000          0.000          0.000          0.000
  2000    57     1          0.000          0.000          0.000          0.000          0.000
  2000    58     1          0.000          0.000          0.000          0.000          0.000
  2000    59     1          0.000          0.000          0.000          0.000          0.000
  2000    60     1          0.000          0.000          0.000          0.000          0.000
  2000    61     1          0.000          0.000          0.000          0.000          0.000
  2000    62     1          0.000          0.000          0.000          0.000          0.000
  2000    63     1          0.000          0.000          0.000          0.000          0.000
  2000    64     1          0.000          0.000          0.000          0.000          0.000
  2000    65     1          0.000          0.000          0.000          0.000          0.000
  2000    66     1          0.000          0.000          0.000          0.000          0.000
  2000    67     1          0.000          0.000          0.000          0.000          0.000
  2000    68     1          0.000          0.000          0.000          0.000          0.000
  2000    69     1          0.000          0.000          0.000          0.000          0.000
  2000    70     1          0.000          0.000          0.000          0.000          0.000
  2000    71     1          0.000          0.000          0.000          0.000          0.000
  2000    72     1          0.000          0.000          0.000          0.000          0.000
  2000    73     1          0.000          0.000          0.000          0.000          0.000
  2000    74     1          0.000          0.000          0.000          0.000          0.000
  2000    75     1          0.000          0.000          0.000          0.000          0.000
  2000    76     1          0.000          0.000          0.000          0.000          0.000
  2000    77     1          0.000          0.000          0.000          0.000          0.000
  2000    78     1          0.000          0.000          0.000          0.000          0.000
  2000    79     1          0.000          0.000          0.000          0.000          0.000
  2000    80     1          0.002          0.002          0.002          0.002          0.002
  2000    81     1          0.001          0.001          0.001          0.001          0.000
  2000    82     1          0.000          0.000          0.000          0.000          0.000
  2000    83     1          0.000          0.000          0.000          0.000          0.000
  2000    84     1          0.000          0.000          0.000          0.000          0.000
  2000    85     1          0.000          0.000          0.000          0.000          0.000
  2000    86     1          0.000          0.000          0.000          0.000          0.000
  2000    87     1          0.000          0.000          0.000          0.000          0.000
  2000    88     1          0.000          0.000          0.000          0.000          0.000
  2000    89     1          0.000          0.000          0.000          0.000          0.000
  2000    90     1          0.000          0.000          0.000          0.000          0.000
  2000    91     1          0.000          0.000          0.000          0.000          0.000
  2000    92     1          0.000          0.000          0.000          0.000          0.000
  2000    93     1          0.000          0.000          0.000          0.000          0.000
  2000    94     1          0.000          0.000          0.000          0.000          0.000
  2000    95     1          0.000          0.000          0.000          0.000          0.000
  2000    96     1          0.000          0.000          0.000          0.000          0.000
  2000    97     1          0.000          0.000          0.000          0.000          0.000
  2000    98     1          0.000          0.000          0.000          0.000          0.000
  2000    99     1          0.000          0.000          0.000          0.000          0.000
  2000   100     1          0.000          0.000          0.000          0.000          0.000
  2000   101     1          0.000          0.000          0.000          0.000          0.000
  2000   102     1          0.000          0.000          0.000          0.000          0.000
  2000   103     1          0.000          0.000          0.000          0.000          0.000
  2000   104     1          0.000          0.000          0.000          0.000          0.000
  2000   105     1          0.000          0.000          0.000          0.000          0.000
  2000   106     1          0.000          0.000          0.000          0.000          0.000
  2000   107     1          0.000          0.000          0.000          0.000          0.000
  2000   108     1          0.000          0.000          0.000          0.000          0.000
  2000   109     1          0.000          0.000          0.000          0.000          0.000
  2000   110     1          0.000          0.000          0.000          0.000          0.000
  2000   111     1          0.000          0.000          0.000          0.000          0.000
  2000   112     1          0.000          0.000          0.000          0.000          0.000
  2000   113     1          0.000          0.000          0.000          0.000          0.000
  2000   114     1          0.000          0.000          0.000          0.000          0.000
  2000   115     1          0.000          0.000          0.000          0.000          0.000
  2000   116     1          0.000          0.000          0.000          0.000          0.000
  2000   117     1          0.000          0.000          0.000          0.000          0.000
  2000   118     1          0.000          0.000          0.000          0.000          0.000
  2000   119     1          0.000          0.000          0.000          0.000          0.000
  2000   120     1          0.000          0.000          0.000          0.000          0.000
  2000   121     1          0.000          0.000          0.000          0.000          0.000
  2000   122     1          0.000          0.000          0.000          0.000          0.000
  2000   123     1          0.000          0.000          0.000          0.000          0.000
  2000   124     1          0.000          0.000          0.000          0.000          0.000
  2000   125     1          0.000          0.000          0.000          0.000          0.000
  2000   126     1          0.000          0.000          0.000          0.000          0.000
  2000   127     1          0.000          0.000          0.000          0.000          0.000
  2000   128     1          0.000          0.000          0.000          0.000          0.000
  2000   129     1          0.000          0.000          0.000          0.000          0.000
  2000   130     1          0.000          0.000          0.000          0.000          0.000
  2000   131     1          0.000          0.000          0.000          0.000          0.000
  2000   132     1          0.000          0.000          0.000          0.000          0.000
  2000   133     1          0.000          0.000          0.000          0.000          0.000
  2000   134     1          0.000          0.000          0.000          0.000          0.000
  2000   135     1          0.000          0.000          0.000          0.000          0.000
  2000   136     1          0.000          0.000          0.000          0.000          0.000
  2000   137     1          0.000          0.000          0.000          0.000          0.000
  2000   138     1          0.000          0.000          0.000          0.000          0.000
  2000   139     1          0.000          0.000          0.000          0.000          0.000
  2000   140     1          0.000          0.000          0.000          0.000          0.000
  2000   141     1          0.000          0.000          0.000          0.000          0.000
  2000   142     1          0.000          0.000          0.000          0.000          0.000
  2000   143     1          0.000          0.000          0.000          0.000          0.000
  2000   144     1          0.000          0.000          0.000          0.000          0.000
  2000   145     1          0.000          0.000          0.000          0.000          0.000
  2000   146     1          0.000          0.000          0.000          0.000          0.000
  2000   147     1          0.000          0.000          0.000          0.000          0.000
  2000   148     1          0.000          0.000          0.000          0.000          0.000
  2000   149     1          0.000          0.000          0.000          0.000          0.000
  2000   150     1          0.000          0.000          0.000          0.000          0.000
  2000   151     1          0.000          0.000          0.000          0.000          0.000
  2000   152     1          0.000          0.000          0.000          0.000          0.000
  2000   153     1          0.000          0.000          0.000          0.000          0.000
  2000   154     1          0.000          0.000          0.000          0.000          0.000
  2000   155     1          0.000          0.000          0.000          0.000          0.000
  2000   156     1          0.000          0.000          0.000          0.000          0.000
  2000   157     1          0.000          0.000          0.000          0.000          0.000
  2000   158     1          0.000          0.000          0.000          0.000          0.000
  2000   159     1          0.000          0.000          0.000          0.000          0.000
  2000   160     1          0.000          0.000          0.000          0.000          0.000
  2000   161     1          0.000          0.000          0.000          0.000          0.000
  2000   162     1          0.000          0.000          0.000          0.000          0.000
  2000   163     1          0.000          0.000          0.000          0.000          0.000
  2000   164     1          0.000          0.000          0.000          0.000          0.000
  2000   165     1          0.000          0.000          0.000          0.000          0.000
  2000   166     1          0.000          0.000          0.000          0.000          0.000
  2000   167     1          0.000          0.000          0.000          0.000          0.000
  2000   168     1          0.000          0.000          0.000          0.000          0.000
  2000   169     1          0.000          0.000          0.000          0.000          0.000
  2000   170     1          0.000          0.000          0.000          0.000          0.000
  2000   171     1          0.000          0.000          0.000          0.000          0.000
  2000   172     1          0.000          0.000          0.000          0.000          0.000
  2000   173     1          0.000          0.000          0.000          0.000          0.000
  2000   174     1          0.000          0.000          0.000          0.000          0.000
  2000   175     1          0.000          0.000          0.000          0.000          0.000
  2000   176     1          0.000          0.000          0.000          0.000          0.000
  2000   177     1          0.000          0.000          0.000          0.000          0.000
  2000   178     1          0.000          0.000          0.000          0.000          0.000
  2000   179     1          0.000          0.000          0.000          0.000          0.000
  2000   180     1          0.000          0.000          0.000          0.000          0.000
  2000   181     1          0.000          0.000          0.000          0.000          0.000
  2000   182     1          0.000          0.000          0.000          0.000          0.000
  2000   183     1          0.000          0.000          0.000          0.000          0.000
  2000   184     1          0.000          0.000          0.000          0.000          0.000
  2000   185     1          0.000          0.000          0.000          0.000          0.000
  2000   186     1          0.000          0.000          0.000          0.000          0.000
  2000   187     1          0.000          0.000          0.000          0.000          0.000
  2000   188     1          0.000          0.000          0.000          0.000          0.000
  2000   189     1          0.000          0.000          0.000          0.000          0.000
  2000   190     1          0.000          0.000          0.000          0.000          0.000
  2000   191     1          0.000          0.000          0.000          0.000          0.000
  2000   192     1          0.000          0.000          0.000          0.000          0.000
  2000   193     1          0.000          0.000          0.000          0.000          0.000
  2000   194     1          0.000          0.000          0.000          0.000          0.000
  2000   195     1          0.000          0.000          0.000          0.000          0.000
  2000   196     1          0.000          0.000          0.000          0.000          0.000
  2000   197     1          0.000          0.000          0.000          0.000          0.000
  2000   198     1          0.000          0.000          0.000          0.000          0.000
  2000   199     1          0.000          0.000          0.000          0.000          0.000
  2000   200     1          0.000          0.000          0.000          0.000          0.000
  2000   201     1          0.000          0.000          0.000          0.000          0.000
  2000   202     1          0.000          0.000          0.000          0.000          0.000
  2000   203     1          0.000          0.000          0.000          0.000          0.000
  2000   204     1          0.000          0.000          0.000          0.000          0.000
  2000   205     1          0.000          0.000          0.000          0.000          0.000
  2000   206     1          0.000          0.000          0.000          0.000          0.000
  2000   207     1          0.000          0.000          0.000          0.000          0.000
  2000   208     1          0.000          0.000          0.000          0.000          0.000
  2000   209     1          0.000          0.000          0.000          0.000          0.000
  2000   210     1          0.000          0.000          0.000          0.000          0.000
  2000   211     1          0.000          0.000          0.000          0.000          0.000
  2000   212     1          0.000          0.000          0.000          0.000          0.000
  2000   213     1          0.000          0.000          0.000          0.000          0.000
  2000   214     1          0.000          0.000          0.000          0.000          0.000
  2000   215     1          0.000          0.000          0.000          0.000          0.000
  2000   216     1          0.000          0.000          0.000          0.000          0.000
  2000   217     1          0.001          0.001          0.001          0.001          0.000
  2000   218     1          0.000          0.000          0.000          0.000          0.000
  2000   219     1          0.001          0.001          0.001          0.001          0.001
  2000   220     1          0.009          0.009          0.009          0.009          0.008
  2000   221     1          0.002          0.002          0.002          0.002          0.002
  2000   222     1          0.000          0.000          0.000          0.000          0.000
  2000   223     1          0.000          0.000          0.000          0.000          0.000
  2000   224     1          0.000          0.000          0.000          0.000          0.000
  2000   225     1          0.000          0.000          0.000          0.000          0.000
  2000   226     1          0.000          0.000          0.000          0.000          0.000
  2000   227     1          0.000          0.000          0.000          0.000          0.000
  2000   228     1          0.000          0.000          0.000          0.000          0.000
  2000   229     1          0.000          0.000          0.000          0.000          0.000
  2000   230     1          0.000          0.000          0.000          0.000          0.000
  2000   231     1          0.000          0.000          0.000          0.000          0.000
  2000   232     1          0.000          0.000          0.000          0.000          0.000
  2000   233     1          0.000          0.000          0.000          0.000          0.000
  2000   234     1          0.000          0.000          0.000          0.000          0.000
  2000   235     1          0.000          0.000          0.000          0.000          0.000
  2000   236     1          0.000          0.000          0.000          0.000          0.000
  2000   237     1          0.000          0.000          0.000          0.000          0.000
  2000   238     1          0.000          0.000          0.000          0.000          0.000
  2000   239     1          0.000          0.000          0.000          0.000          0.000
  2000   240     1          0.000          0.000          0.000          0.000          0.000
  2000   241     1          0.000          0.000          0.000          0.000          0.000
  2000   242     1          0.000          0.000          0.000          0.000          0.000
  2000   243     1          0.000          0.000          0.000          0.000          0.000
  2000   244     1          0.000          0.000          0.000          0.000          0.000
  2000   245     1          0.000          0.000          0.000          0.000          0.000
  2000   246     1          0.000          0.000          0.000          0.000          0.000
  2000   247     1          0.000          0.000          0.000          0.000          0.000
  2000   248     1          0.000          0.000          0.000          0.000          0.000
  2000   249     1          0.005          0.005          0.005          0.005          0.004
  2000   250     1          0.004          0.004          0.004          0.004          0.003
  2000   251     1          0.000          0.000          0.000          0.000          0.000
  2000   252     1          0.000          0.000          0.000          0.000          0.000
  2000   253     1          0.000          0.000          0.000          0.000          0.000
  2000   254     1          0.000          0.000          0.000          0.000          0.000
  2000   255     1          0.000          0.000          0.000          0.000          0.000
  2000   256     1          0.000          0.000          0.000          0.000          0.000
  2000   257     1          0.000          0.000          0.000          0.000          0.000
  2000   258     1          0.000          0.000          0.000          0.000          0.000
  2000   259     1          0.000          0.000          0.000          0.000          0.000
  2000   260     1          0.000          0.000          0.000          0.000          0.000
  2000   261     1          0.000          0.000          0.000          0.000          0.000
  2000   262     1          0.000          0.000          0.000          0.000          0.000
  2000   263     1          0.000          0.000          0.000          0.000          0.000
  2000   264     1          0.000          0.000          0.000          0.000          0.000
  2000   265     1          0.000          0.000          0.000          0.000          0.000
  2000   266     1          0.000          0.000          0.000          0.000          0.000
  2000   267     1          0.000          0.000          0.000          0.000          0.000
  2000   268     1          0.000          0.000          0.000          0.000          0.000
  2000   269     1          0.000          0.000          0.000          0.000          0.000
  2000   270     1          0.000          0.000          0.000          0.000          0.000
  2000   271     1          0.000          0.000          0.000          0.000          0.000
  2000   272     1          0.000          0.000          0.000          0.000          0.000
  2000   273     1          0.008          0.008          0.008          0.008          0.007
  2000   274     1          0.004          0.004          0.004          0.004          0.003
  2000   275     1          0.004          0.004          0.004          0.004          0.002
  2000   276     1          0.001          0.001          0.001          0.001          0.001
  2000   277     1          0.001          0.001          0.001          0.001          0.000
  2000   278     1          0.007          0.007          0.007          0.007          0.005
  2000   279     1       6349.794       6349.794       6349.794       6349.794          0.008
  2000   280     1          0.018          0.018          0.018          0.018          0.008
  2000   281     1          0.021          0.021          0.021          0.021          0.006
  2000   282     1          0.015          0.015          0.015          0.015          0.008
  2000   283     1          0.000          0.000          0.000          0.000          0.000
  2000   284     1          0.000          0.000          0.000          0.000          0.000
  2000   285     1          0.005          0.005          0.005          0.005          0.002
  2000   286     1          0.002          0.002          0.002          0.002          0.001
  2000   287     1          0.009          0.009          0.009          0.009          0.002
  2000   288     1          0.006          0.006          0.006          0.006          0.004
  2000   289     1          0.020          0.020          0.020          0.020          0.012
  2000   290     1          0.023          0.023          0.023          0.023          0.011
  2000   291     1          0.003          0.003          0.003          0.003          0.003
  2000   292     1          0.000          0.000          0.000          0.000          0.000
  2000   293     1          0.000          0.000          0.000          0.000          0.000
  2000   294     1          0.001          0.001          0.001          0.001          0.001
  2000   295     1          0.000          0.000          0.000          0.000          0.000
  2000   296     1          0.000          0.000          0.000          0.000          0.000
  2000   297     1          0.000          0.000          0.000          0.000          0.000
  2000   298     1          0.000          0.000          0.000          0.000          0.000
  2000   299     1          0.000          0.000          0.000          0.000          0.000
  2000   300     1          0.001          0.001          0.001          0.001          0.000
  2000   301     1          0.012          0.012          0.012          0.012          0.010
  2000   302     1          0.007          0.007          0.007          0.007          0.006
  2000   303     1          0.001          0.001          0.001          0.001          0.001
  2000   304     1          0.001          0.001          0.001          0.001          0.001
  2000   305     1          0.003          0.003          0.003          0.003          0.002
  2000   306     1          0.008          0.008          0.008          0.008          0.004
  2000   307     1          0.012          0.012          0.012          0.012          0.004
  2000   308     1          0.012          0.012          0.012          0.012          0.006
  2000   309     1        116.981        116.981        116.981        116.981          0.008
  2000   310     1          0.007          0.007          0.007          0.007          0.003
  2000   311     1          0.018          0.018          0.018          0.018          0.010
  2000   312     1          0.005          0.005          0.005          0.005          0.004
  2000   313     1          0.001          0.001          0.001          0.001          0.001
  2000   314     1          0.004          0.004          0.004          0.004          0.003
  2000   315     1       4611.338       4611.338       4611.338       4611.338       2157.969
  2000   316     1          0.013          0.013          0.013          0.013          0.004
  2000   317     1          0.008          0.008          0.008          0.008          0.003
  2000   318     1          0.009          0.009          0.009          0.009          0.005
  2000   319     1          0.011          0.011          0.011          0.011          0.005
  2000   320     1          0.007          0.007          0.007          0.007          0.002
  2000   321     1          0.008          0.008          0.008          0.008          0.002
  2000   322     1          0.005          0.005          0.005          0.005          0.002
  2000   323     1          0.009          0.009          0.009          0.009          0.006
  2000   324     1          0.005          0.005          0.005          0.005          0.002
  2000   325     1          0.007          0.007          0.007          0.007          0.003
  2000   326     1          0.004          0.004          0.004          0.004          0.002
  2000   327     1          0.001          0.001          0.001          0.001          0.001
  2000   328     1          0.000          0.000          0.000          0.000          0.000
  2000   329     1          0.000          0.000          0.000          0.000          0.000
  2000   330     1          0.000          0.000          0.000          0.000          0.000
  2000   331     1          0.000          0.000          0.000          0.000          0.000
  2000   332     1          0.000          0.000          0.000          0.000          0.000
  2000   333     1          0.000          0.000          0.000          0.000          0.000
  2000   334     1          0.003          0.003          0.003          0.003          0.001
  2000   335     1          0.015          0.015          0.015          0.015          0.007
  2001     1     1          0.012          0.012          0.012          0.012          0.006
  2001     2     1       2753.802       2753.802       2753.802       2753.802        776.396
  2001     3     1          0.008          0.008          0.008          0.008          0.004
  2001     4     1          0.009          0.009          0.009          0.009          0.004
  2001     5     1          0.001          0.001          0.001          0.001          0.001
  2001     6     1          0.000          0.000          0.000          0.000          0.000
  2001     7     1          0.000          0.000          0.000          0.000          0.000
  2001     8     1          0.000          0.000          0.000          0.000          0.000
  2001     9     1          0.000          0.000          0.000          0.000          0.000
  2001    10     1          0.000          0.000          0.000          0.000          0.000
  2001    11     1          0.000          0.000          0.000          0.000          0.000
  2001    12     1          0.000          0.000          0.000          0.000          0.000
  2001    13     1          0.000          0.000          0.000          0.000          0.000
  2001    14     1          0.000          0.000          0.000          0.000          0.000
  2001    15     1          0.000          0.000          0.000          0.000          0.000
  2001    16     1          0.000          0.000          0.000          0.000          0.000
  2001    17     1          0.002          0.002          0.002          0.002          0.001
  2001    18     1          0.003          0.003          0.003          0.003          0.001
  2001    19     1          0.003          0.003          0.003          0.003          0.002
  2001    20     1       3594.194       3594.194       3594.194       3594.194        110.809
  2001    21     1        391.718        391.718        391.718        391.718         88.544
  2001    22     1        849.579        849.579        849.579        849.579        614.871
  2001    23     1         78.618         78.618         78.618         78.618          0.003
  2001    24     1          0.009          0.009          0.009          0.009          0.004
  2001    25     1          5.841          5.841          5.841          5.841          5.835
  2001    26     1          1.505          1.505          1.505          1.505          1.504
  2001    27     1          5.498          5.498          5.498          5.498          5.497
  2001    28     1          3.336          3.336          3.336          3.336          3.335
  2001    29     1          8.075          8.075          8.075          8.075          8.073
  2001    30     1         98.669         98.669         98.669         98.669         98.669
  2001    31     1         37.217         37.217         37.217         37.217         37.217
