Year, day, hour, totalsedinflow(ton/timestep), totalsedoutflow(ton/timestep), totalsedimentation(ton/timestep), cumsedimentation(ton)
  2000     1     1          0.003          0.001          0.001          0.001
  2000     2     1       5047.302       2674.879       2372.424       2372.425
  2000     3     1        415.384          0.008        415.376       2787.801
  2000     4     1        103.538          0.007        103.531       2891.332
  2000     5     1        972.115        113.966        858.149       3749.481
  2000     6     1        900.059          0.006        900.054       4649.534
  2000     7     1        733.408          0.007        733.402       5382.936
  2000     8     1       1131.914          2.063       1129.850       6512.787
  2000     9     1        891.271          0.069        891.201       7403.987
  2000    10     1        237.711          0.000        237.711       7641.697
  2000    11     1         41.238          0.000         41.238       7682.935
  2000    12     1         17.726          0.000         17.726       7700.659
  2000    13     1         35.196          0.000         35.196       7735.854
  2000    14     1         10.699          0.000         10.699       7746.553
  2000    15     1          1.254          0.000          1.254       7747.805
  2000    16     1          0.007          0.000          0.007       7747.812
  2000    17     1          0.012          0.001          0.011       7747.824
  2000    18     1          0.033          0.003          0.030       7747.855
  2000    19     1          0.053          0.007          0.046       7747.899
  2000    20     1          6.530          0.000          6.530       7754.427
  2000    21     1          0.382          0.000          0.382       7754.808
  2000    22     1          0.000          0.000          0.000       7754.808
  2000    23     1          0.000          0.000          0.000       7754.808
  2000    24     1          0.001          0.000          0.001       7754.808
  2000    25     1          0.001          0.000          0.001       7754.808
  2000    26     1          0.001          0.000          0.001       7754.808
  2000    27     1          0.002          0.000          0.002       7754.810
  2000    28     1          0.027          0.003          0.024       7754.834
  2000    29     1        215.887          0.006        215.882       7970.717
  2000    30     1          0.046          0.006          0.040       7970.757
  2000    31     1          0.027          0.000          0.027       7970.784
  2000    32     1          0.007          0.000          0.007       7970.791
  2000    33     1          0.002          0.000          0.002       7970.793
  2000    34     1          0.001          0.000          0.001       7970.793
  2000    35     1          0.000          0.000          0.000       7970.793
  2000    36     1          0.000          0.000          0.000       7970.793
  2000    37     1          0.000          0.000          0.000       7970.793
  2000    38     1          0.014          0.001          0.012       7970.807
  2000    39     1       1767.702          0.002       1767.700       9738.505
  2000    40     1        442.291         88.452        353.839      10092.343
  2000    41     1       9194.349       1806.699       7387.650      17479.994
  2000    42     1       9067.795       1778.494       7289.301      24769.293
  2000    43     1        435.879          0.006        435.873      25205.166
  2000    44     1       1862.771         55.661       1807.109      27012.277
  2000    45     1      97356.586        123.459      97233.133     124245.406
  2000    46     1       1522.075          2.939       1519.136     125764.539
  2000    47     1        316.453          0.005        316.448     126081.016
  2000    48     1         10.951          0.001         10.950     126091.953
  2000    49     1          3.430          0.000          3.430     126095.391
  2000    50     1          4.055          0.000          4.054     126099.453
  2000    51     1         26.412          0.000         26.412     126125.859
  2000    52     1          8.870          0.000          8.870     126134.727
  2000    53     1          0.867          0.000          0.867     126135.586
  2000    54     1          0.005          0.000          0.005     126135.586
  2000    55     1          0.000          0.000          0.000     126135.586
  2000    56     1          0.000          0.000          0.000     126135.586
  2000    57     1          0.000          0.000          0.000     126135.586
  2000    58     1          0.001          0.000          0.001     126135.586
  2000    59     1          0.001          0.000          0.001     126135.586
  2000    60     1          0.001          0.000          0.001     126135.586
  2000    61     1          0.000          0.000          0.000     126135.586
  2000    62     1          0.000          0.000          0.000     126135.586
  2000    63     1          0.001          0.000          0.001     126135.586
  2000    64     1          0.000          0.000          0.000     126135.586
  2000    65     1          0.000          0.000          0.000     126135.586
  2000    66     1          0.000          0.000          0.000     126135.586
  2000    67     1          0.001          0.000          0.001     126135.586
  2000    68     1          0.001          0.000          0.001     126135.586
  2000    69     1          0.000          0.000          0.000     126135.586
  2000    70     1          0.002          0.000          0.002     126135.586
  2000    71     1          0.001          0.000          0.001     126135.586
  2000    72     1          0.000          0.000          0.000     126135.586
  2000    73     1          0.001          0.000          0.001     126135.586
  2000    74     1          0.000          0.000          0.000     126135.586
  2000    75     1          0.000          0.000          0.000     126135.586
  2000    76     1          0.001          0.000          0.001     126135.586
  2000    77     1          0.001          0.000          0.001     126135.586
  2000    78     1          0.001          0.000          0.001     126135.586
  2000    79     1          0.002          0.000          0.002     126135.586
  2000    80     1          0.010          0.000          0.010     126135.586
  2000    81     1          0.005          0.001          0.004     126135.586
  2000    82     1          0.000          0.000          0.000     126135.586
  2000    83     1          0.001          0.000          0.000     126135.586
  2000    84     1          0.000          0.000          0.000     126135.586
  2000    85     1          0.000          0.000          0.000     126135.586
  2000    86     1          0.000          0.000          0.000     126135.586
  2000    87     1          0.000          0.000          0.000     126135.586
  2000    88     1          0.000          0.000          0.000     126135.586
  2000    89     1          0.000          0.000          0.000     126135.586
  2000    90     1          0.000          0.000          0.000     126135.586
  2000    91     1          0.000          0.000          0.000     126135.586
  2000    92     1          0.000          0.000          0.000     126135.586
  2000    93     1          0.000          0.000          0.000     126135.586
  2000    94     1          0.000          0.000          0.000     126135.586
  2000    95     1          0.000          0.000          0.000     126135.586
  2000    96     1          0.000          0.000          0.000     126135.586
  2000    97     1          0.000          0.000          0.000     126135.586
  2000    98     1          0.000          0.000          0.000     126135.586
  2000    99     1          0.000          0.000          0.000     126135.586
  2000   100     1          0.000          0.000          0.000     126135.586
  2000   101     1          0.000          0.000          0.000     126135.586
  2000   102     1          0.000          0.000          0.000     126135.586
  2000   103     1          0.000          0.000          0.000     126135.586
  2000   104     1          0.000          0.000          0.000     126135.586
  2000   105     1          0.000          0.000          0.000     126135.586
  2000   106     1          0.000          0.000          0.000     126135.586
  2000   107     1          0.000          0.000          0.000     126135.586
  2000   108     1          0.000          0.000          0.000     126135.586
  2000   109     1          0.000          0.000          0.000     126135.586
  2000   110     1          0.000          0.000          0.000     126135.586
  2000   111     1          0.000          0.000          0.000     126135.586
  2000   112     1          0.000          0.000          0.000     126135.586
  2000   113     1          0.000          0.000          0.000     126135.586
  2000   114     1          0.000          0.000          0.000     126135.586
  2000   115     1          0.000          0.000          0.000     126135.586
  2000   116     1          0.000          0.000          0.000     126135.586
  2000   117     1          0.000          0.000          0.000     126135.586
  2000   118     1          0.000          0.000          0.000     126135.586
  2000   119     1          0.000          0.000          0.000     126135.586
  2000   120     1          0.000          0.000          0.000     126135.586
  2000   121     1          0.000          0.000          0.000     126135.586
  2000   122     1          0.000          0.000          0.000     126135.586
  2000   123     1          0.000          0.000          0.000     126135.586
  2000   124     1          0.000          0.000          0.000     126135.586
  2000   125     1          0.000          0.000          0.000     126135.586
  2000   126     1          0.000          0.000          0.000     126135.586
  2000   127     1          0.000          0.000          0.000     126135.586
  2000   128     1          0.000          0.000          0.000     126135.586
  2000   129     1          0.000          0.000          0.000     126135.586
  2000   130     1          0.000          0.000          0.000     126135.586
  2000   131     1          0.000          0.000          0.000     126135.586
  2000   132     1          0.000          0.000          0.000     126135.586
  2000   133     1          0.000          0.000          0.000     126135.586
  2000   134     1          0.000          0.000          0.000     126135.586
  2000   135     1          0.000          0.000          0.000     126135.586
  2000   136     1          0.000          0.000          0.000     126135.586
  2000   137     1          0.000          0.000          0.000     126135.586
  2000   138     1          0.000          0.000          0.000     126135.586
  2000   139     1          0.000          0.000          0.000     126135.586
  2000   140     1          0.000          0.000          0.000     126135.586
  2000   141     1          0.000          0.000          0.000     126135.586
  2000   142     1          0.000          0.000          0.000     126135.586
  2000   143     1          0.000          0.000          0.000     126135.586
  2000   144     1          0.000          0.000          0.000     126135.586
  2000   145     1          0.000          0.000          0.000     126135.586
  2000   146     1          0.000          0.000          0.000     126135.586
  2000   147     1          0.000          0.000          0.000     126135.586
  2000   148     1          0.000          0.000          0.000     126135.586
  2000   149     1          0.000          0.000          0.000     126135.586
  2000   150     1          0.000          0.000          0.000     126135.586
  2000   151     1          0.000          0.000          0.000     126135.586
  2000   152     1          0.000          0.000          0.000     126135.586
  2000   153     1          0.000          0.000          0.000     126135.586
  2000   154     1          0.000          0.000          0.000     126135.586
  2000   155     1          0.000          0.000          0.000     126135.586
  2000   156     1          0.000          0.000          0.000     126135.586
  2000   157     1          0.000          0.000          0.000     126135.586
  2000   158     1          0.000          0.000          0.000     126135.586
  2000   159     1          0.000          0.000          0.000     126135.586
  2000   160     1          0.000          0.000          0.000     126135.586
  2000   161     1          0.000          0.000          0.000     126135.586
  2000   162     1          0.000          0.000          0.000     126135.586
  2000   163     1          0.000          0.000          0.000     126135.586
  2000   164     1          0.000          0.000          0.000     126135.586
  2000   165     1          0.000          0.000          0.000     126135.586
  2000   166     1          0.000          0.000          0.000     126135.586
  2000   167     1          0.000          0.000          0.000     126135.586
  2000   168     1          0.000          0.000          0.000     126135.586
  2000   169     1          0.000          0.000          0.000     126135.586
  2000   170     1          0.000          0.000          0.000     126135.586
  2000   171     1          0.000          0.000          0.000     126135.586
  2000   172     1          0.000          0.000          0.000     126135.586
  2000   173     1          0.000          0.000          0.000     126135.586
  2000   174     1          0.000          0.000          0.000     126135.586
  2000   175     1          0.000          0.000          0.000     126135.586
  2000   176     1          0.000          0.000          0.000     126135.586
  2000   177     1          0.000          0.000          0.000     126135.586
  2000   178     1          0.000          0.000          0.000     126135.586
  2000   179     1          0.000          0.000          0.000     126135.586
  2000   180     1          0.000          0.000          0.000     126135.586
  2000   181     1          0.000          0.000          0.000     126135.586
  2000   182     1          0.000          0.000          0.000     126135.586
  2000   183     1          0.000          0.000          0.000     126135.586
  2000   184     1          0.000          0.000          0.000     126135.586
  2000   185     1          0.000          0.000          0.000     126135.586
  2000   186     1          0.000          0.000          0.000     126135.586
  2000   187     1          0.000          0.000          0.000     126135.586
  2000   188     1          0.000          0.000          0.000     126135.586
  2000   189     1          0.000          0.000          0.000     126135.586
  2000   190     1          0.000          0.000          0.000     126135.586
  2000   191     1          0.000          0.000          0.000     126135.586
  2000   192     1          0.000          0.000          0.000     126135.586
  2000   193     1          0.000          0.000          0.000     126135.586
  2000   194     1          0.000          0.000          0.000     126135.586
  2000   195     1          0.000          0.000          0.000     126135.586
  2000   196     1          0.000          0.000          0.000     126135.586
  2000   197     1          0.000          0.000          0.000     126135.586
  2000   198     1          0.000          0.000          0.000     126135.586
  2000   199     1          0.000          0.000          0.000     126135.586
  2000   200     1          0.000          0.000          0.000     126135.586
  2000   201     1          0.000          0.000          0.000     126135.586
  2000   202     1          0.000          0.000          0.000     126135.586
  2000   203     1          0.000          0.000          0.000     126135.586
  2000   204     1          0.000          0.000          0.000     126135.586
  2000   205     1          0.000          0.000          0.000     126135.586
  2000   206     1          0.000          0.000          0.000     126135.586
  2000   207     1          0.000          0.000          0.000     126135.586
  2000   208     1          0.000          0.000          0.000     126135.586
  2000   209     1          0.000          0.000          0.000     126135.586
  2000   210     1          0.000          0.000          0.000     126135.586
  2000   211     1          0.001          0.000          0.001     126135.586
  2000   212     1          0.000          0.000          0.000     126135.586
  2000   213     1          0.000          0.000          0.000     126135.586
  2000   214     1          0.000          0.000          0.000     126135.586
  2000   215     1          0.000          0.000          0.000     126135.586
  2000   216     1          0.002          0.000          0.002     126135.586
  2000   217     1          0.003          0.000          0.002     126135.586
  2000   218     1          0.000          0.000          0.000     126135.586
  2000   219     1          0.006          0.000          0.006     126135.586
  2000   220     1          0.046          0.001          0.045     126135.625
  2000   221     1          0.010          0.000          0.010     126135.625
  2000   222     1          0.000          0.000          0.000     126135.625
  2000   223     1          0.000          0.000          0.000     126135.625
  2000   224     1          0.000          0.000          0.000     126135.625
  2000   225     1          0.000          0.000          0.000     126135.625
  2000   226     1          0.000          0.000          0.000     126135.625
  2000   227     1          0.000          0.000          0.000     126135.625
  2000   228     1          0.000          0.000          0.000     126135.625
  2000   229     1          0.000          0.000          0.000     126135.625
  2000   230     1          0.000          0.000          0.000     126135.625
  2000   231     1          0.000          0.000          0.000     126135.625
  2000   232     1          0.000          0.000          0.000     126135.625
  2000   233     1          0.000          0.000          0.000     126135.625
  2000   234     1          0.000          0.000          0.000     126135.625
  2000   235     1          0.000          0.000          0.000     126135.625
  2000   236     1          0.000          0.000          0.000     126135.625
  2000   237     1          0.000          0.000          0.000     126135.625
  2000   238     1          0.000          0.000          0.000     126135.625
  2000   239     1          0.000          0.000          0.000     126135.625
  2000   240     1          0.000          0.000          0.000     126135.625
  2000   241     1          0.000          0.000          0.000     126135.625
  2000   242     1          0.000          0.000          0.000     126135.625
  2000   243     1          0.000          0.000          0.000     126135.625
  2000   244     1          0.000          0.000          0.000     126135.625
  2000   245     1          0.000          0.000          0.000     126135.625
  2000   246     1          0.000          0.000          0.000     126135.625
  2000   247     1          0.000          0.000          0.000     126135.625
  2000   248     1          0.000          0.000          0.000     126135.625
  2000   249     1          0.026          0.001          0.025     126135.664
  2000   250     1          0.021          0.002          0.020     126135.664
  2000   251     1          0.000          0.000          0.000     126135.664
  2000   252     1          0.000          0.000          0.000     126135.664
  2000   253     1          0.000          0.000          0.000     126135.664
  2000   254     1          0.000          0.000          0.000     126135.664
  2000   255     1          0.000          0.000          0.000     126135.664
  2000   256     1          0.000          0.000          0.000     126135.664
  2000   257     1          0.000          0.000          0.000     126135.664
  2000   258     1          0.000          0.000          0.000     126135.664
  2000   259     1          0.000          0.000          0.000     126135.664
  2000   260     1          0.000          0.000          0.000     126135.664
  2000   261     1          0.000          0.000          0.000     126135.664
  2000   262     1          0.000          0.000          0.000     126135.664
  2000   263     1          0.000          0.000          0.000     126135.664
  2000   264     1          0.000          0.000          0.000     126135.664
  2000   265     1          0.000          0.000          0.000     126135.664
  2000   266     1          0.000          0.000          0.000     126135.664
  2000   267     1          0.000          0.000          0.000     126135.664
  2000   268     1          0.000          0.000          0.000     126135.664
  2000   269     1          0.000          0.000          0.000     126135.664
  2000   270     1          0.000          0.000          0.000     126135.664
  2000   271     1          0.000          0.000          0.000     126135.664
  2000   272     1          0.002          0.000          0.002     126135.664
  2000   273     1          0.042          0.002          0.041     126135.703
  2000   274     1          0.022          0.001          0.021     126135.703
  2000   275     1          0.020          0.002          0.018     126135.703
  2000   276     1          0.004          0.000          0.004     126135.703
  2000   277     1          0.004          0.000          0.004     126135.703
  2000   278     1          0.037          0.002          0.035     126135.742
  2000   279     1      31748.973       6349.786      25399.184     151534.906
  2000   280     1          0.091          0.010          0.081     151535.047
  2000   281     1          0.106          0.015          0.091     151535.109
  2000   282     1          0.075          0.007          0.068     151535.109
  2000   283     1          0.002          0.000          0.002     151535.109
  2000   284     1          0.001          0.000          0.001     151535.109
  2000   285     1          0.025          0.003          0.023     151535.109
  2000   286     1          0.011          0.001          0.010     151535.109
  2000   287     1          0.047          0.007          0.040     151535.109
  2000   288     1          0.029          0.002          0.027     151535.109
  2000   289     1          0.101          0.008          0.092     151535.250
  2000   290     1          0.113          0.011          0.102     151535.391
  2000   291     1          0.015          0.000          0.015     151535.391
  2000   292     1          0.000          0.000          0.000     151535.391
  2000   293     1          0.002          0.000          0.002     151535.391
  2000   294     1          0.004          0.000          0.004     151535.391
  2000   295     1          0.000          0.000          0.000     151535.391
  2000   296     1          0.000          0.000          0.000     151535.391
  2000   297     1          0.000          0.000          0.000     151535.391
  2000   298     1          0.000          0.000          0.000     151535.391
  2000   299     1          0.000          0.000          0.000     151535.391
  2000   300     1          0.003          0.000          0.003     151535.391
  2000   301     1          0.058          0.002          0.056     151535.469
  2000   302     1          0.035          0.001          0.034     151535.469
  2000   303     1          0.004          0.000          0.004     151535.469
  2000   304     1          0.006          0.000          0.006     151535.469
  2000   305     1          0.016          0.001          0.014     151535.469
  2000   306     1          0.041          0.004          0.037     151535.469
  2000   307     1          0.062          0.008          0.054     151535.531
  2000   308     1          0.059          0.006          0.053     151535.531
  2000   309     1        584.906        116.974        467.933     152003.406
  2000   310     1          0.034          0.003          0.031     152003.406
  2000   311     1          0.088          0.008          0.080     152003.484
  2000   312     1          0.027          0.001          0.025     152003.484
  2000   313     1          0.007          0.000          0.006     152003.484
  2000   314     1          0.020          0.001          0.019     152003.484
  2000   315     1      23056.688       2453.368      20603.318     172606.828
  2000   316     1          0.064          0.009          0.055     172606.891
  2000   317     1          0.042          0.006          0.036     172606.891
  2000   318     1          0.044          0.004          0.040     172606.891
  2000   319     1          0.054          0.006          0.048     172606.891
  2000   320     1          0.033          0.004          0.029     172606.891
  2000   321     1          0.040          0.006          0.034     172606.891
  2000   322     1          0.026          0.004          0.023     172606.891
  2000   323     1          0.046          0.003          0.043     172606.891
  2000   324     1          0.023          0.002          0.021     172606.891
  2000   325     1          0.036          0.004          0.032     172606.891
  2000   326     1          0.022          0.003          0.019     172606.891
  2000   327     1          0.004          0.000          0.004     172606.891
  2000   328     1          0.001          0.000          0.001     172606.891
  2000   329     1          0.000          0.000          0.000     172606.891
  2000   330     1          0.000          0.000          0.000     172606.891
  2000   331     1          0.000          0.000          0.000     172606.891
  2000   332     1          0.000          0.000          0.000     172606.891
  2000   333     1          0.000          0.000          0.000     172606.891
  2000   334     1          0.015          0.002          0.013     172606.891
  2000   335     1          0.073          0.008          0.065     172606.953
  2001     1     1          0.061          0.007          0.054          0.054
  2001     2     1      13769.012       1977.406      11791.606      11791.660
  2001     3     1          0.039          0.004          0.035      11791.695
  2001     4     1          0.043          0.005          0.038      11791.734
  2001     5     1          0.003          0.000          0.003      11791.739
  2001     6     1          0.002          0.000          0.002      11791.739
  2001     7     1          0.000          0.000          0.000      11791.739
  2001     8     1          0.001          0.000          0.001      11791.739
  2001     9     1          0.002          0.000          0.002      11791.739
  2001    10     1          0.001          0.000          0.001      11791.739
  2001    11     1          0.000          0.000          0.000      11791.739
  2001    12     1          0.000          0.000          0.000      11791.739
  2001    13     1          0.000          0.000          0.000      11791.739
  2001    14     1          0.000          0.000          0.000      11791.739
  2001    15     1          0.000          0.000          0.000      11791.739
  2001    16     1          0.000          0.000          0.000      11791.739
  2001    17     1          0.009          0.000          0.009      11791.744
  2001    18     1          0.017          0.002          0.015      11791.757
  2001    19     1          0.016          0.001          0.015      11791.771
  2001    20     1      17970.969       3483.385      14487.582      26279.352
  2001    21     1       1958.588        303.173       1655.415      27934.771
  2001    22     1       4247.895        234.708       4013.187      31947.955
  2001    23     1        393.092         78.615        314.477      32262.436
  2001    24     1          0.044          0.004          0.040      32262.471
  2001    25     1         29.206          0.006         29.200      32291.674
  2001    26     1          7.527          0.001          7.526      32299.201
  2001    27     1         27.492          0.001         27.490      32326.689
  2001    28     1         16.680          0.001         16.679      32343.377
  2001    29     1         40.377          0.002         40.375      32383.756
  2001    30     1        493.347          0.001        493.347      32877.098
  2001    31     1        186.085          0.000        186.085      33063.191
