Year, day, hour, totallakeinflow(m**3/timestep), totallakeoutflow(m**3/timestep), totallakeprecip(m**3/timestep), totallakeevap(m**3/timestep), lakevol(m**3)
  2000     1     1      83218.859      83178.609         17.831         57.832        115.433
  2000     2     1     179035.969     179154.078        158.639         40.522        115.431
  2000     3     1     277727.812     277764.750         89.363         52.418        115.407
  2000     4     1     374459.688     374462.219         52.997         50.471        115.396
  2000     5     1     491057.688     491187.312        167.701         38.087        115.390
  2000     6     1     621302.375     621402.375        135.395         35.446        115.363
  2000     7     1     762326.000     762398.750        115.465         42.703        115.344
  2000     8     1     908887.000     908923.875         80.730         43.746        115.327
  2000     9     1    1059266.500    1059282.125         56.023         40.389        115.318
  2000    10     1    1201739.250    1201712.000         21.877         49.135        115.313
  2000    11     1    1337806.250    1337767.500         11.232         49.973        115.311
  2000    12     1    1466895.375    1466856.750         12.875         51.462        115.311
  2000    13     1    1589177.875    1589138.625         15.278         54.435        115.310
  2000    14     1    1704708.625    1704664.750         12.482         56.321        115.310
  2000    15     1    1813749.750    1813699.875          6.572         56.352        115.309
  2000    16     1    1916769.250    1916718.875          5.493         55.961        115.309
  2000    17     1    2015280.250    2015275.750         48.948         53.414        115.309
  2000    18     1    2124776.750    2124836.500        102.187         42.410        115.305
  2000    19     1    2247697.500    2247802.000        130.798         26.240        115.293
  2000    20     1    2363276.500    2363255.500         25.819         46.752        115.275
  2000    21     1    2474406.750    2474368.250         14.441         52.684        115.273
  2000    22     1    2579020.000    2578970.750          5.295         54.114        115.272
  2000    23     1    2677757.000    2677706.500          3.162         53.612        115.272
  2000    24     1    2770519.250    2770471.500          7.575         54.921        115.272
  2000    25     1    2857016.000    2856971.750         10.591         54.648        115.272
  2000    26     1    2938451.000    2938405.250          8.874         54.541        115.272
  2000    27     1    3015022.750    3014986.750         16.645         52.333        115.271
  2000    28     1    3095882.750    3095921.750         86.437         47.344        115.270
  2000    29     1    3194960.500    3195088.500        169.051         41.152        115.261
  2000    30     1    3305914.000    3306002.500        121.207         32.114        115.238
  2000    31     1    3426728.000    3426782.000         93.895         39.990        115.223
  2000    32     1    3546217.250    3546210.000         35.192         42.475        115.213
  2000    33     1    3659810.750    3659777.750         16.099         48.973        115.211
  2000    34     1    3767101.000    3767056.000          7.841         52.516        115.210
  2000    35     1    3867776.250    3867725.250          4.435         55.166        115.210
  2000    36     1    3962093.750    3962045.000          5.930         54.315        115.210
  2000    37     1    4049584.500    4049532.500          1.691         53.477        115.209
  2000    38     1    4135852.500    4135862.500         53.974         43.948        115.209
  2000    39     1    4523738.500    4523861.000        152.133         29.028        115.205
  2000    40     1    4377704.000    4377933.000        176.119         28.774         33.069
  2000    41     1    5022526.500    5022613.000         94.096          6.864         33.055
  2000    42     1    5283434.000    5283549.000         91.981         10.129          0.000
  2000    43     1    4961929.000    4961929.000          0.000          0.000          0.000
  2000    44     1    5345362.000    5345361.000          0.000          0.000          0.000
  2000    45     1   13712862.000   13712862.000          0.000          0.000          0.000
  2000    46     1    6116585.500    6116585.500          0.000          0.000          0.000
  2000    47     1    6290670.000    6290670.000          0.000          0.000          0.000
  2000    48     1    6513461.000    6513460.500          0.000          0.000          0.000
  2000    49     1    6774837.500    6774837.000          0.000          0.000          0.000
  2000    50     1    7019746.500    7019746.000          0.000          0.000          0.000
  2000    51     1    7248108.500    7248109.000          0.000          0.000          0.000
  2000    52     1    7450591.000    7450591.000          0.000          0.000          0.000
  2000    53     1    7643824.500    7643824.000          0.000          0.000          0.000
  2000    54     1    7821663.500    7821663.000          0.000          0.000          0.000
  2000    55     1    7984319.500    7984319.000          0.000          0.000          0.000
  2000    56     1    8133517.000    8133516.000          0.000          0.000          0.000
  2000    57     1    8270352.000    8270352.000          0.000          0.000          0.000
  2000    58     1    8396163.000    8396162.000          0.000          0.000          0.000
  2000    59     1    8512588.000    8512587.000          0.000          0.000          0.000
  2000    60     1    8620369.000    8620369.000          0.000          0.000          0.000
  2000    61     1    8719260.000    8719259.000          0.000          0.000          0.000
  2000    62     1    8809365.000    8809364.000          0.000          0.000          0.000
  2000    63     1    8892124.000    8892124.000          0.000          0.000          0.000
  2000    64     1    8969349.000    8969348.000          0.000          0.000          0.000
  2000    65     1    9041088.000    9041088.000          0.000          0.000          0.000
  2000    66     1    9107659.000    9107659.000          0.000          0.000          0.000
  2000    67     1    9169234.000    9169234.000          0.000          0.000          0.000
  2000    68     1    9225741.000    9225740.000          0.000          0.000          0.000
  2000    69     1    9277412.000    9277411.000          0.000          0.000          0.000
  2000    70     1    9324602.000    9324602.000          0.000          0.000          0.000
  2000    71     1    9367844.000    9367842.000          0.000          0.000          0.000
  2000    72     1    9407396.000    9407396.000          0.000          0.000          0.000
  2000    73     1    9444085.000    9444084.000          0.000          0.000          0.000
  2000    74     1    9476979.000    9476978.000          0.000          0.000          0.000
  2000    75     1    9506446.000    9506445.000          0.000          0.000          0.000
  2000    76     1    9532316.000    9532316.000          0.000          0.000          0.000
  2000    77     1    9555350.000    9555349.000          0.000          0.000          0.000
  2000    78     1    9575716.000    9575715.000          0.000          0.000          0.000
  2000    79     1    9593326.000    9593326.000          0.000          0.000          0.000
  2000    80     1    9613091.000    9613090.000          0.000          0.000          0.000
  2000    81     1    9630028.000    9630026.000          0.000          0.000          0.000
  2000    82     1    9644292.000    9644292.000          0.000          0.000          0.000
  2000    83     1    9655832.000    9655832.000          0.000          0.000          0.000
  2000    84     1    9664960.000    9664960.000          0.000          0.000          0.000
  2000    85     1    9671156.000    9671156.000          0.000          0.000          0.000
  2000    86     1    9674422.000    9674421.000          0.000          0.000          0.000
  2000    87     1    9675035.000    9675034.000          0.000          0.000          0.000
  2000    88     1    9673514.000    9673513.000          0.000          0.000          0.000
  2000    89     1    9670129.000    9670128.000          0.000          0.000          0.000
  2000    90     1    9664914.000    9664914.000          0.000          0.000          0.000
  2000    91     1    9658000.000    9658000.000          0.000          0.000          0.000
  2000    92     1    9649306.000    9649306.000          0.000          0.000          0.000
  2000    93     1    9638865.000    9638864.000          0.000          0.000          0.000
  2000    94     1    9626630.000    9626630.000          0.000          0.000          0.000
  2000    95     1    9612698.000    9612698.000          0.000          0.000          0.000
  2000    96     1    9597064.000    9597063.000          0.000          0.000          0.000
  2000    97     1    9579595.000    9579594.000          0.000          0.000          0.000
  2000    98     1    9560406.000    9560406.000          0.000          0.000          0.000
  2000    99     1    9539286.000    9539286.000          0.000          0.000          0.000
  2000   100     1    9516818.000    9516818.000          0.000          0.000          0.000
  2000   101     1    9493181.000    9493180.000          0.000          0.000          0.000
  2000   102     1    9468521.000    9468520.000          0.000          0.000          0.000
  2000   103     1    9442692.000    9442692.000          0.000          0.000          0.000
  2000   104     1    9415813.000    9415812.000          0.000          0.000          0.000
  2000   105     1    9387914.000    9387914.000          0.000          0.000          0.000
  2000   106     1    9358950.000    9358950.000          0.000          0.000          0.000
  2000   107     1    9328928.000    9328926.000          0.000          0.000          0.000
  2000   108     1    9297961.000    9297961.000          0.000          0.000          0.000
  2000   109     1    9266290.000    9266289.000          0.000          0.000          0.000
  2000   110     1    9233887.000    9233886.000          0.000          0.000          0.000
  2000   111     1    9201008.000    9201007.000          0.000          0.000          0.000
  2000   112     1    9167754.000    9167753.000          0.000          0.000          0.000
  2000   113     1    9134044.000    9134044.000          0.000          0.000          0.000
  2000   114     1    9099772.000    9099771.000          0.000          0.000          0.000
  2000   115     1    9065069.000    9065068.000          0.000          0.000          0.000
  2000   116     1    9029841.000    9029840.000          0.000          0.000          0.000
  2000   117     1    8994039.000    8994038.000          0.000          0.000          0.000
  2000   118     1    8957657.000    8957656.000          0.000          0.000          0.000
  2000   119     1    8920810.000    8920809.000          0.000          0.000          0.000
  2000   120     1    8883550.000    8883549.000          0.000          0.000          0.000
  2000   121     1    8845876.000    8845876.000          0.000          0.000          0.000
  2000   122     1    8807848.000    8807848.000          0.000          0.000          0.000
  2000   123     1    8769394.000    8769394.000          0.000          0.000          0.000
  2000   124     1    8730647.000    8730646.000          0.000          0.000          0.000
  2000   125     1    8691689.000    8691688.000          0.000          0.000          0.000
  2000   126     1    8652555.000    8652554.000          0.000          0.000          0.000
  2000   127     1    8613218.000    8613218.000          0.000          0.000          0.000
  2000   128     1    8573760.000    8573760.000          0.000          0.000          0.000
  2000   129     1    8534271.000    8534271.000          0.000          0.000          0.000
  2000   130     1    8494673.000    8494672.000          0.000          0.000          0.000
  2000   131     1    8454892.000    8454892.000          0.000          0.000          0.000
  2000   132     1    8414941.000    8414941.000          0.000          0.000          0.000
  2000   133     1    8374912.000    8374912.000          0.000          0.000          0.000
  2000   134     1    8334786.000    8334786.000          0.000          0.000          0.000
  2000   135     1    8294539.000    8294538.500          0.000          0.000          0.000
  2000   136     1    8254181.500    8254181.000          0.000          0.000          0.000
  2000   137     1    8213737.000    8213736.000          0.000          0.000          0.000
  2000   138     1    8173227.500    8173228.000          0.000          0.000          0.000
  2000   139     1    8132663.000    8132663.000          0.000          0.000          0.000
  2000   140     1    8091996.000    8091996.000          0.000          0.000          0.000
  2000   141     1    8051235.500    8051235.000          0.000          0.000          0.000
  2000   142     1    8010442.000    8010442.000          0.000          0.000          0.000
  2000   143     1    7969387.000    7969386.500          0.000          0.000          0.000
  2000   144     1    7928374.000    7928373.500          0.000          0.000          0.000
  2000   145     1    7887361.000    7887360.500          0.000          0.000          0.000
  2000   146     1    7846347.000    7846346.500          0.000          0.000          0.000
  2000   147     1    7805334.000    7805334.000          0.000          0.000          0.000
  2000   148     1    7764327.000    7764327.000          0.000          0.000          0.000
  2000   149     1    7723345.000    7723345.000          0.000          0.000          0.000
  2000   150     1    7682417.000    7682416.500          0.000          0.000          0.000
  2000   151     1    7641537.000    7641537.000          0.000          0.000          0.000
  2000   152     1    7600693.000    7600692.000          0.000          0.000          0.000
  2000   153     1    7559903.000    7559902.500          0.000          0.000          0.000
  2000   154     1    7519185.000    7519185.000          0.000          0.000          0.000
  2000   155     1    7478573.000    7478573.000          0.000          0.000          0.000
  2000   156     1    7438086.000    7438085.500          0.000          0.000          0.000
  2000   157     1    7397740.000    7397739.500          0.000          0.000          0.000
  2000   158     1    7357543.000    7357543.000          0.000          0.000          0.000
  2000   159     1    7317478.500    7317478.000          0.000          0.000          0.000
  2000   160     1    7277511.000    7277510.500          0.000          0.000          0.000
  2000   161     1    7237643.000    7237643.000          0.000          0.000          0.000
  2000   162     1    7197887.500    7197887.000          0.000          0.000          0.000
  2000   163     1    7158227.000    7158226.500          0.000          0.000          0.000
  2000   164     1    7118674.000    7118673.500          0.000          0.000          0.000
  2000   165     1    7079268.500    7079268.000          0.000          0.000          0.000
  2000   166     1    7040002.000    7040001.000          0.000          0.000          0.000
  2000   167     1    7000858.000    7000857.500          0.000          0.000          0.000
  2000   168     1    6961824.500    6961824.000          0.000          0.000          0.000
  2000   169     1    6922898.000    6922897.500          0.000          0.000          0.000
  2000   170     1    6884092.000    6884091.500          0.000          0.000          0.000
  2000   171     1    6845407.000    6845406.500          0.000          0.000          0.000
  2000   172     1    6806836.000    6806835.000          0.000          0.000          0.000
  2000   173     1    6768382.000    6768382.000          0.000          0.000          0.000
  2000   174     1    6730046.500    6730046.500          0.000          0.000          0.000
  2000   175     1    6691861.500    6691861.500          0.000          0.000          0.000
  2000   176     1    6653819.000    6653818.000          0.000          0.000          0.000
  2000   177     1    6615932.000    6615931.500          0.000          0.000          0.000
  2000   178     1    6578209.000    6578209.000          0.000          0.000          0.000
  2000   179     1    6540645.500    6540645.000          0.000          0.000          0.000
  2000   180     1    6503234.000    6503233.500          0.000          0.000          0.000
  2000   181     1    6465968.500    6465968.000          0.000          0.000          0.000
  2000   182     1    6428846.500    6428846.500          0.000          0.000          0.000
  2000   183     1    6391880.500    6391880.000          0.000          0.000          0.000
  2000   184     1    6355076.000    6355076.000          0.000          0.000          0.000
  2000   185     1    6318433.500    6318433.000          0.000          0.000          0.000
  2000   186     1    6281947.000    6281947.000          0.000          0.000          0.000
  2000   187     1    6245631.500    6245631.000          0.000          0.000          0.000
  2000   188     1    6209481.500    6209481.000          0.000          0.000          0.000
  2000   189     1    6173491.000    6173490.500          0.000          0.000          0.000
  2000   190     1    6137664.000    6137664.000          0.000          0.000          0.000
  2000   191     1    6102009.000    6102009.000          0.000          0.000          0.000
  2000   192     1    6066524.500    6066524.000          0.000          0.000          0.000
  2000   193     1    6031208.000    6031207.500          0.000          0.000          0.000
  2000   194     1    5996064.500    5996064.500          0.000          0.000          0.000
  2000   195     1    5961109.500    5961109.000          0.000          0.000          0.000
  2000   196     1    5926331.500    5926331.000          0.000          0.000          0.000
  2000   197     1    5891731.000    5891731.000          0.000          0.000          0.000
  2000   198     1    5857308.500    5857308.000          0.000          0.000          0.000
  2000   199     1    5823067.000    5823066.500          0.000          0.000          0.000
  2000   200     1    5789006.500    5789006.000          0.000          0.000          0.000
  2000   201     1    5755123.000    5755122.500          0.000          0.000          0.000
  2000   202     1    5721414.500    5721414.000          0.000          0.000          0.000
  2000   203     1    5687882.000    5687881.500          0.000          0.000          0.000
  2000   204     1    5654522.000    5654522.000          0.000          0.000          0.000
  2000   205     1    5621338.000    5621337.500          0.000          0.000          0.000
  2000   206     1    5588323.000    5588323.000          0.000          0.000          0.000
  2000   207     1    5555476.500    5555476.000          0.000          0.000          0.000
  2000   208     1    5522792.500    5522792.500          0.000          0.000          0.000
  2000   209     1    5490268.000    5490268.000          0.000          0.000          0.000
  2000   210     1    5457901.000    5457900.000          0.000          0.000          0.000
  2000   211     1    5425714.500    5425714.000          0.000          0.000          0.000
  2000   212     1    5393663.000    5393662.500          0.000          0.000          0.000
  2000   213     1    5361781.000    5361780.500          0.000          0.000          0.000
  2000   214     1    5330058.000    5330058.000          0.000          0.000          0.000
  2000   215     1    5298446.500    5298446.000          0.000          0.000          0.000
  2000   216     1    5267024.000    5267023.500          0.000          0.000          0.000
  2000   217     1    5235680.000    5235679.500          0.000          0.000          0.000
  2000   218     1    5204374.000    5204374.000          0.000          0.000          0.000
  2000   219     1    5173240.500    5173240.000          0.000          0.000          0.000
  2000   220     1    5143245.500    5143246.000          0.000          0.000          0.000
  2000   221     1    5112809.000    5112809.000          0.000          0.000          0.000
  2000   222     1    5082056.500    5082056.500          0.000          0.000          0.000
  2000   223     1    5052058.500    5052058.000          0.000          0.000          0.000
  2000   224     1    5022210.500    5022210.000          0.000          0.000          0.000
  2000   225     1    4992503.000    4992503.000          0.000          0.000          0.000
  2000   226     1    4962935.500    4962935.000          0.000          0.000          0.000
  2000   227     1    4933507.000    4933506.000          0.000          0.000          0.000
  2000   228     1    4904216.000    4904215.500          0.000          0.000          0.000
  2000   229     1    4875061.000    4875060.500          0.000          0.000          0.000
  2000   230     1    4846040.500    4846040.000          0.000          0.000          0.000
  2000   231     1    4817159.000    4817159.000          0.000          0.000          0.000
  2000   232     1    4788414.500    4788414.000          0.000          0.000          0.000
  2000   233     1    4759803.000    4759802.500          0.000          0.000          0.000
  2000   234     1    4731325.500    4731325.500          0.000          0.000          0.000
  2000   235     1    4702979.000    4702979.000          0.000          0.000          0.000
  2000   236     1    4674764.000    4674763.500          0.000          0.000          0.000
  2000   237     1    4646681.500    4646681.000          0.000          0.000          0.000
  2000   238     1    4618731.500    4618731.000          0.000          0.000          0.000
  2000   239     1    4590921.000    4590921.000          0.000          0.000          0.000
  2000   240     1    4563235.000    4563235.000          0.000          0.000          0.000
  2000   241     1    4535711.000    4535711.000          0.000          0.000          0.000
  2000   242     1    4508215.000    4508215.000          0.000          0.000          0.000
  2000   243     1    4480829.500    4480829.000          0.000          0.000          0.000
  2000   244     1    4453589.000    4453588.500          0.000          0.000          0.000
  2000   245     1    4426497.500    4426497.000          0.000          0.000          0.000
  2000   246     1    4399548.000    4399548.000          0.000          0.000          0.000
  2000   247     1    4372740.500    4372740.000          0.000          0.000          0.000
  2000   248     1    4346081.000    4346080.000          0.000          0.000          0.000
  2000   249     1    4320078.000    4320078.000          0.000          0.000          0.000
  2000   250     1    4293974.500    4293974.000          0.000          0.000          0.000
  2000   251     1    4267341.000    4267341.000          0.000          0.000          0.000
  2000   252     1    4241407.500    4241407.000          0.000          0.000          0.000
  2000   253     1    4215614.000    4215614.000          0.000          0.000          0.000
  2000   254     1    4189949.500    4189949.500          0.000          0.000          0.000
  2000   255     1    4164414.000    4164414.000          0.000          0.000          0.000
  2000   256     1    4139007.000    4139007.000          0.000          0.000          0.000
  2000   257     1    4113728.500    4113728.250          0.000          0.000          0.000
  2000   258     1    4088504.000    4088504.000          0.000          0.000          0.000
  2000   259     1    4063193.750    4063193.750          0.000          0.000          0.000
  2000   260     1    4038032.000    4038031.500          0.000          0.000          0.000
  2000   261     1    4013017.000    4013016.500          0.000          0.000          0.000
  2000   262     1    3988149.000    3988148.500          0.000          0.000          0.000
  2000   263     1    3963428.500    3963428.250          0.000          0.000          0.000
  2000   264     1    3938854.000    3938854.000          0.000          0.000          0.000
  2000   265     1    3914425.500    3914425.750          0.000          0.000          0.000
  2000   266     1    3890150.750    3890150.500          0.000          0.000          0.000
  2000   267     1    3866006.250    3866006.000          0.000          0.000          0.000
  2000   268     1    3842013.750    3842013.750          0.000          0.000          0.000
  2000   269     1    3818166.000    3818165.500          0.000          0.000          0.000
  2000   270     1    3794460.750    3794460.500          0.000          0.000          0.000
  2000   271     1    3770898.500    3770898.250          0.000          0.000          0.000
  2000   272     1    3747506.500    3747506.250          0.000          0.000          0.000
  2000   273     1    3725075.500    3725075.500          0.000          0.000          0.000
  2000   274     1    3702256.500    3702256.500          0.000          0.000          0.000
  2000   275     1    3679423.000    3679423.000          0.000          0.000          0.000
  2000   276     1    3655894.000    3655893.500          0.000          0.000          0.000
  2000   277     1    3633201.000    3633201.000          0.000          0.000          0.000
  2000   278     1    3611719.250    3611719.250          0.000          0.000          0.000
  2000   279     1    8606818.000    8606817.000          0.000          0.000          0.000
  2000   280     1    3569153.500    3569153.500          0.000          0.000          0.000
  2000   281     1    3548374.000    3548374.000          0.000          0.000          0.000
  2000   282     1    3528217.500    3528217.500          0.000          0.000          0.000
  2000   283     1    3506686.500    3506686.000          0.000          0.000          0.000
  2000   284     1    3486715.000    3486714.500          0.000          0.000          0.000
  2000   285     1    3468283.000    3468282.500          0.000          0.000          0.000
  2000   286     1    3448414.500    3448414.250          0.000          0.000          0.000
  2000   287     1    3430029.500    3430029.500          0.000          0.000          0.000
  2000   288     1    3411709.000    3411708.500          0.000          0.000          0.000
  2000   289     1    3395135.750    3395135.500          0.000          0.000          0.000
  2000   290     1    3380227.500    3380227.250          0.000          0.000          0.000
  2000   291     1    3364481.500    3364481.250          0.000          0.000          0.000
  2000   292     1    3349188.500    3349188.000          0.000          0.000          0.000
  2000   293     1    3334429.000    3334429.000          0.000          0.000          0.000
  2000   294     1    3319619.750    3319619.750          0.000          0.000          0.000
  2000   295     1    3304653.750    3304653.500          0.000          0.000          0.000
  2000   296     1    3289608.000    3289608.000          0.000          0.000          0.000
  2000   297     1    3274454.500    3274454.000          0.000          0.000          0.000
  2000   298     1    3259176.750    3259176.750          0.000          0.000          0.000
  2000   299     1    3243819.750    3243819.500          0.000          0.000          0.000
  2000   300     1    3228452.000    3228452.000          0.000          0.000          0.000
  2000   301     1    3214851.500    3214851.500          0.000          0.000          0.000
  2000   302     1    3201570.500    3201570.000          0.000          0.000          0.000
  2000   303     1    3187253.500    3187253.250          0.000          0.000          0.000
  2000   304     1    3174083.250    3174083.250          0.000          0.000          0.000
  2000   305     1    3161212.250    3161212.000          0.000          0.000          0.000
  2000   306     1    3149691.000    3149691.000          0.000          0.000          0.000
  2000   307     1    3139073.750    3139073.500          0.000          0.000          0.000
  2000   308     1    3129929.500    3129929.000          0.000          0.000          0.000
  2000   309     1    3364880.500    3364880.000          0.000          0.000          0.000
  2000   310     1    3119561.750    3119561.250          0.000          0.000          0.000
  2000   311     1    3119969.000    3119969.000          0.000          0.000          0.000
  2000   312     1    3121657.000    3121656.750          0.000          0.000          0.000
  2000   313     1    3122745.250    3122745.250          0.000          0.000          0.000
  2000   314     1    3126521.500    3126521.000          0.000          0.000          0.000
  2000   315     1    7883829.000    7883829.000          0.000          0.000          0.000
  2000   316     1    3157098.500    3157098.250          0.000          0.000          0.000
  2000   317     1    3177597.250    3177597.250          0.000          0.000          0.000
  2000   318     1    3204045.250    3204045.000          0.000          0.000          0.000
  2000   319     1    3237417.000    3237417.000          0.000          0.000          0.000
  2000   320     1    3274406.000    3274405.500          0.000          0.000          0.000
  2000   321     1    3316420.750    3316420.250          0.000          0.000          0.000
  2000   322     1    3361262.000    3361262.000          0.000          0.000          0.000
  2000   323     1    3415385.000    3415385.000          0.000          0.000          0.000
  2000   324     1    3473223.750    3473223.500          0.000          0.000          0.000
  2000   325     1    3537839.000    3537839.000          0.000          0.000          0.000
  2000   326     1    3606016.750    3606016.750          0.000          0.000          0.000
  2000   327     1    3669575.750    3669575.500          0.000          0.000          0.000
  2000   328     1    3730111.500    3730111.500          0.000          0.000          0.000
  2000   329     1    3786942.250    3786942.500          0.000          0.000          0.000
  2000   330     1    3839498.250    3839498.250          0.000          0.000          0.000
  2000   331     1    3887722.500    3887722.250          0.000          0.000          0.000
  2000   332     1    3931858.000    3931857.250          0.000          0.000          0.000
  2000   333     1    3972229.500    3972229.000          0.000          0.000          0.000
  2000   334     1    4010090.000    4010090.000          0.000          0.000          0.000
  2000   335     1    4062216.750    4062216.750          0.000          0.000          0.000
  2001     1     1    4126279.750    4126279.750          0.000          0.000          0.000
  2001     2     1    6877246.500    6877246.000          0.000          0.000          0.000
  2001     3     1    4325271.000    4325270.500          0.000          0.000          0.000
  2001     4     1    4446989.000    4446988.500          0.000          0.000          0.000
  2001     5     1    4562168.000    4562168.000          0.000          0.000          0.000
  2001     6     1    4673999.000    4673999.000          0.000          0.000          0.000
  2001     7     1    4780983.000    4780982.500          0.000          0.000          0.000
  2001     8     1    4883401.500    4883401.500          0.000          0.000          0.000
  2001     9     1    4982073.000    4982073.000          0.000          0.000          0.000
  2001    10     1    5077747.000    5077747.000          0.000          0.000          0.000
  2001    11     1    5169626.500    5169626.000          0.000          0.000          0.000
  2001    12     1    5257440.500    5257440.000          0.000          0.000          0.000
  2001    13     1    5341332.500    5341332.000          0.000          0.000          0.000
  2001    14     1    5421500.000    5421500.000          0.000          0.000          0.000
  2001    15     1    5497084.000    5497083.500          0.000          0.000          0.000
  2001    16     1    5568050.000    5568049.000          0.000          0.000          0.000
  2001    17     1    5640102.500    5640102.000          0.000          0.000          0.000
  2001    18     1    5716320.000    5716320.000          0.000          0.000          0.000
  2001    19     1    5795916.500    5795916.000          0.000          0.000          0.000
  2001    20     1    9148562.000    9148561.000          0.000          0.000          0.000
  2001    21     1    6728108.000    6728108.000          0.000          0.000          0.000
  2001    22     1    7593292.000    7593291.500          0.000          0.000          0.000
  2001    23     1    6634620.500    6634620.000          0.000          0.000          0.000
  2001    24     1    6739717.000    6739717.000          0.000          0.000          0.000
  2001    25     1    7046791.000    7046790.500          0.000          0.000          0.000
  2001    26     1    7312026.000    7312025.000          0.000          0.000          0.000
  2001    27     1    7605463.500    7605463.000          0.000          0.000          0.000
  2001    28     1    7862946.500    7862946.000          0.000          0.000          0.000
  2001    29     1    8167027.000    8167026.000          0.000          0.000          0.000
  2001    30     1    8693259.000    8693259.000          0.000          0.000          0.000
  2001    31     1    8862591.000    8862590.000          0.000          0.000          0.000
