Year, day, hour, outflow_r(m**3/timestep)
  2000     1     1    2578328.000    3091510.000    3859757.500    5136054.500    4888347.000
  2000     2     1    2953478.500    3541350.000    4421370.500    5883442.000    5942145.000
  2000     3     1    2755617.000    3304101.500    4125174.750    5489317.500    5288990.500
  2000     4     1    2787984.500    3342907.250    4173628.000    5553751.000    5318667.000
  2000     5     1    2950567.500    3537858.750    4417018.500    5877622.000    5641793.000
  2000     6     1    3014255.000    3614226.500    4512368.000    6004503.000    5816594.500
  2000     7     1    3090243.250    3705327.500    4626113.000    6155862.500    5933544.000
  2000     8     1    3208127.250    3846675.500    4802585.500    6390691.500    6173564.500
  2000     9     1    3275114.500    3926995.750    4902865.500    6524132.000    6289621.000
  2000    10     1    3300414.000    3957331.000    4940739.500    6574529.500    6281607.000
  2000    11     1    3347483.000    4013768.750    5011202.000    6668292.500    6344733.000
  2000    12     1    3405678.500    4083547.250    5098321.000    6784219.500    6448427.000
  2000    13     1    3464421.500    4153982.500    5186260.000    6901237.500    6560426.500
  2000    14     1    3510027.000    4208665.500    5254531.000    6992085.000    6639969.500
  2000    15     1    3552211.250    4259246.000    5317681.000    7076117.500    6715267.000
  2000    16     1    3591403.750    4306239.500    5376353.000    7154190.500    6787109.000
  2000    17     1    3627704.000    4349765.000    5430694.000    7226501.500    6854119.000
  2000    18     1    3669103.500    4399405.000    5492670.000    7308970.500    6931832.500
  2000    19     1    3717569.000    4457517.000    5565223.000    7405515.500    7016731.500
  2000    20     1    3763809.000    4512960.000    5634444.500    7497627.000    7100425.000
  2000    21     1    3802079.250    4558848.000    5691735.500    7573862.000    7165011.000
  2000    22     1    3837607.500    4601448.000    5744921.500    7644636.500    7226928.000
  2000    23     1    3869634.000    4639849.000    5792865.000    7708434.000    7283308.000
  2000    24     1    3897988.000    4673847.000    5835311.500    7764916.000    7333052.000
  2000    25     1    3922866.500    4703677.000    5872555.000    7814475.000    7376186.000
  2000    26     1    3944821.750    4730002.000    5905422.000    7858210.000    7414252.000
  2000    27     1    3964075.500    4753088.000    5934244.500    7896564.000    7447460.000
  2000    28     1    3985371.250    4778622.500    5966124.500    7938986.000    7484405.500
  2000    29     1    4043028.750    4847756.000    6052438.000    8053842.000    7622394.000
  2000    30     1    4048867.250    4854757.000    6061178.500    8065472.500    7597227.000
  2000    31     1    4086503.500    4899884.500    6117520.000    8140445.000    7670165.000
  2000    32     1    4122537.000    4943090.000    6171463.000    8212225.000    7740920.500
  2000    33     1    4155397.000    4982490.000    6220654.000    8277682.500    7805166.000
  2000    34     1    4184960.500    5017938.000    6264911.000    8336574.000    7863162.000
  2000    35     1    4211097.000    5049276.000    6304037.000    8388638.000    7914814.000
  2000    36     1    4234042.000    5076789.000    6338386.000    8434346.000    7960511.000
  2000    37     1    4253835.500    5100522.500    6368017.000    8473776.000    8000024.000
  2000    38     1    4272948.000    5123439.000    6396628.500    8511848.000    8038651.000
  2000    39     1    4435225.500    5318016.500    6639559.000    8835111.000    8500243.000
  2000    40     1    4386679.000    5259807.000    6566884.000    8738403.000    8175830.500
  2000    41     1    4868759.000    5837840.500    7288561.000    9698722.000    8345413.000
  2000    42     1    4931874.500    5913518.500    7383045.500    9824451.000    8460240.000
  2000    43     1    4571648.500    5481593.000    6843785.000    9106869.000    8660417.000
  2000    44     1    4773639.500    5723788.500    7146167.000    9509242.000    9048351.000
  2000    45     1    7676712.000    9204690.000   11492083.000   15292253.000   17470240.000
  2000    46     1    4963319.000    5951222.000    7430118.500    9887090.000    9456750.000
  2000    47     1    4976824.000    5967415.000    7450335.000    9913991.000    9401486.000
  2000    48     1    5030753.000    6032077.500    7531066.500   10021418.000    9467709.000
  2000    49     1    5107726.000    6124372.000    7646296.000   10174752.000    9612796.000
  2000    50     1    5178574.000    6209321.000    7752356.000   10315884.000    9747975.000
  2000    51     1    5245985.500    6290150.000    7853271.000   10450170.000    9880235.000
  2000    52     1    5299539.000    6354363.500    7933442.000   10556850.000    9978312.000
  2000    53     1    5348318.500    6412851.500    8006464.500   10654020.000   10068814.000
  2000    54     1    5393051.000    6466488.000    8073429.500   10743128.000   10153467.000
  2000    55     1    5432742.500    6514080.000    8132848.500   10822196.000   10228759.000
  2000    56     1    5467653.500    6555939.000    8185110.000   10891739.000   10294800.000
  2000    57     1    5498150.000    6592506.000    8230763.500   10952490.000   10352708.000
  2000    58     1    5524736.000    6624383.500    8270563.000   11005450.000   10403134.000
  2000    59     1    5548054.000    6652343.000    8305471.000   11051900.000   10447387.000
  2000    60     1    5568306.000    6676626.500    8335788.000   11092243.000   10486089.000
  2000    61     1    5585445.000    6697176.500    8361445.000   11126384.000   10518973.000
  2000    62     1    5599630.000    6714184.500    8382679.000   11154640.000   10546178.000
  2000    63     1    5611348.500    6728236.000    8400222.000   11177985.000   10568618.000
  2000    64     1    5621162.000    6740003.000    8414914.000   11197534.000   10587440.000
  2000    65     1    5629156.000    6749587.500    8426880.000   11213458.000   10602610.000
  2000    66     1    5635457.000    6757143.000    8436314.000   11226010.000   10614376.000
  2000    67     1    5640165.000    6762787.500    8443360.000   11235388.000   10622948.000
  2000    68     1    5643273.000    6766514.000    8448013.000   11241579.000   10628355.000
  2000    69     1    5644820.000    6768369.000    8450329.000   11244660.000   10630788.000
  2000    70     1    5644892.500    6768456.000    8450437.000   11244804.000   10630486.000
  2000    71     1    5643793.500    6767138.000    8448792.000   11242616.000   10628097.000
  2000    72     1    5641470.000    6764353.000    8445314.000   11237988.000   10623553.000
  2000    73     1    5638193.500    6760424.000    8440409.000   11231460.000   10617416.000
  2000    74     1    5633727.500    6755069.000    8433724.000   11222564.000   10609243.000
  2000    75     1    5628163.000    6748397.000    8425394.000   11211479.000   10599138.000
  2000    76     1    5621488.500    6740394.000    8415402.000   11198184.000   10587002.000
  2000    77     1    5613924.000    6731324.000    8404078.000   11183115.000   10573358.000
  2000    78     1    5605498.000    6721220.500    8391464.000   11166330.000   10558268.000
  2000    79     1    5596225.000    6710102.000    8377582.000   11147858.000   10541729.000
  2000    80     1    5587667.500    6699841.000    8364771.000   11130811.000   10528224.000
  2000    81     1    5578162.000    6688444.000    8350542.000   11111876.000   10512672.000
  2000    82     1    5567969.000    6676222.000    8335283.000   11091572.000   10495815.000
  2000    83     1    5556952.500    6663012.000    8318791.000   11069626.000   10477126.000
  2000    84     1    5545212.000    6648935.500    8301216.000   11046239.000   10456835.000
  2000    85     1    5532594.500    6633806.500    8282327.500   11021104.000   10434793.000
  2000    86     1    5519103.500    6617630.000    8262131.000   10994230.000   10410988.000
  2000    87     1    5504818.000    6600501.000    8240745.000   10965772.000   10385553.000
  2000    88     1    5489901.000    6582615.000    8218414.500   10936058.000   10358814.000
  2000    89     1    5474434.000    6564069.000    8195259.500   10905245.000   10330966.000
  2000    90     1    5458431.000    6544881.500    8171304.000   10873368.000   10302058.000
  2000    91     1    5441936.000    6525103.000    8146611.000   10840510.000   10272097.000
  2000    92     1    5424923.500    6504704.000    8121143.000   10806620.000   10241094.000
  2000    93     1    5407411.500    6483707.000    8094927.000   10771735.000   10209057.000
  2000    94     1    5389382.000    6462088.500    8067937.000   10735820.000   10175971.000
  2000    95     1    5370871.000    6439893.000    8040225.500   10698945.000   10141912.000
  2000    96     1    5351874.500    6417116.000    8011788.000   10661104.000   10106896.000
  2000    97     1    5332337.000    6393689.000    7982540.500   10622184.000   10070820.000
  2000    98     1    5312293.500    6369656.500    7952535.000   10582258.000   10033750.000
  2000    99     1    5291781.000    6345061.500    7921828.000   10541397.000    9995746.000
  2000   100     1    5270877.000    6319996.000    7890534.000   10499754.000    9956963.000
  2000   101     1    5249656.500    6294552.500    7858767.000   10457482.000    9917531.000
  2000   102     1    5228165.000    6268783.000    7826594.500   10414670.000    9877580.000
  2000   103     1    5206365.000    6242644.000    7793959.500   10371244.000    9837011.000
  2000   104     1    5184298.500    6216185.000    7760925.000   10327287.000    9795898.000
  2000   105     1    5161964.500    6189406.000    7727492.000   10282798.000    9754241.000
  2000   106     1    5139339.000    6162277.000    7693621.000   10237726.000    9711982.000
  2000   107     1    5116419.500    6134796.000    7659310.000   10192070.000    9669142.000
  2000   108     1    5093250.000    6107015.000    7624626.000   10145916.000    9625821.000
  2000   109     1    5069916.500    6079036.500    7589695.500   10099434.000    9582198.000
  2000   110     1    5046407.000    6050847.500    7554501.000   10052602.000    9538204.000
  2000   111     1    5022805.500    6022548.500    7519170.000   10005588.000    9494014.000
  2000   112     1    4999147.000    5994181.000    7483752.500    9958460.000    9449683.000
  2000   113     1    4975410.500    5965720.000    7448219.000    9911176.000    9405157.000
  2000   114     1    4951558.000    5937120.000    7412512.000    9863661.000    9360387.000
  2000   115     1    4927641.000    5908442.000    7376708.000    9816017.000    9315449.000
  2000   116     1    4903630.000    5879652.000    7340763.500    9768187.000    9270306.000
  2000   117     1    4879509.000    5850730.000    7304654.000    9720137.000    9224932.000
  2000   118     1    4855263.500    5821659.000    7268358.000    9671839.000    9179297.000
  2000   119     1    4830931.000    5792483.000    7231932.500    9623368.000    9133502.000
  2000   120     1    4806528.000    5763223.000    7195401.000    9574756.000    9087545.000
  2000   121     1    4782053.000    5733877.000    7158762.000    9526002.000    9041433.000
  2000   122     1    4757528.000    5704470.000    7122047.500    9477147.000    8995224.000
  2000   123     1    4732930.000    5674975.000    7085224.000    9428146.000    8948871.000
  2000   124     1    4708305.500    5645450.500    7048361.500    9379094.000    8902456.000
  2000   125     1    4683687.000    5615931.500    7011507.500    9330053.000    8856039.000
  2000   126     1    4659086.500    5586435.000    6974680.000    9281048.000    8809632.000
  2000   127     1    4634495.000    5556948.500    6937867.000    9232061.000    8763237.000
  2000   128     1    4609938.500    5527504.500    6901105.500    9183144.000    8716893.000
  2000   129     1    4585441.000    5498131.500    6864433.500    9134345.000    8670639.000
  2000   130     1    4560981.000    5468802.500    6827815.500    9085619.000    8624447.000
  2000   131     1    4536534.500    5439490.000    6791219.500    9036922.000    8578273.000
  2000   132     1    4512104.500    5410197.500    6754648.000    8988256.000    8532118.000
  2000   133     1    4487720.500    5380959.500    6718144.000    8939682.000    8486032.000
  2000   134     1    4463373.500    5351766.500    6681696.500    8891181.000    8440015.000
  2000   135     1    4439055.500    5322609.000    6645292.500    8842740.000    8394046.000
  2000   136     1    4414772.500    5293492.000    6608940.500    8794366.000    8348137.500
  2000   137     1    4390530.000    5264424.500    6572649.500    8746075.000    8302297.000
  2000   138     1    4366333.000    5235411.500    6536427.000    8697874.000    8256534.000
  2000   139     1    4342189.000    5206461.500    6500283.000    8649778.000    8210861.000
  2000   140     1    4318098.000    5177575.500    6464218.000    8601788.000    8165282.000
  2000   141     1    4294056.000    5148748.500    6428227.500    8553896.000    8119793.500
  2000   142     1    4270069.000    5119987.000    6392319.000    8506113.000    8074407.000
  2000   143     1    4246139.500    5091294.000    6356496.000    8458444.000    8029130.000
  2000   144     1    4222285.500    5062692.000    6320787.000    8410928.000    7983996.000
  2000   145     1    4198496.500    5034168.500    6285174.000    8363538.500    7938982.000
  2000   146     1    4174769.500    5005718.500    6249654.500    8316273.000    7894082.500
  2000   147     1    4151105.000    4977344.000    6214229.000    8269133.000    7849295.500
  2000   148     1    4127504.000    4949045.500    6178898.000    8222119.500    7804621.000
  2000   149     1    4103974.000    4920832.000    6143673.500    8175247.000    7760077.000
  2000   150     1    4080525.000    4892716.000    6108570.000    8128535.500    7715682.500
  2000   151     1    4057154.250    4864693.500    6073584.500    8081981.000    7671432.000
  2000   152     1    4033856.500    4836758.000    6038707.000    8035570.500    7627316.000
  2000   153     1    4010638.000    4808918.000    6003949.000    7989317.500    7583348.000
  2000   154     1    3987493.500    4781167.000    5969301.000    7943213.000    7539538.000
  2000   155     1    3964419.500    4753501.000    5934760.000    7897250.000    7495908.000
  2000   156     1    3941422.500    4725926.000    5900333.000    7851439.000    7452467.000
  2000   157     1    3918534.500    4698482.500    5866069.500    7805845.500    7409231.000
  2000   158     1    3895758.500    4671173.000    5831974.000    7760474.500    7366204.000
  2000   159     1    3873087.750    4643990.000    5798035.500    7715313.500    7323365.500
  2000   160     1    3850512.500    4616921.500    5764240.500    7670344.000    7280701.000
  2000   161     1    3828033.250    4589968.000    5730588.000    7625563.500    7238208.000
  2000   162     1    3805652.750    4563133.000    5697085.000    7580981.000    7195896.500
  2000   163     1    3783365.500    4536409.000    5663720.500    7536584.000    7153755.000
  2000   164     1    3761175.000    4509802.000    5630501.500    7492380.500    7111794.000
  2000   165     1    3739093.000    4483325.000    5597444.000    7448392.000    7070030.500
  2000   166     1    3717117.250    4456975.000    5564547.000    7404615.500    7028466.500
  2000   167     1    3695241.500    4430745.000    5531798.500    7361038.000    6987085.500
  2000   168     1    3673462.000    4404631.000    5499194.500    7317653.000    6945886.000
  2000   169     1    3651778.000    4378631.000    5466733.000    7274458.000    6904860.000
  2000   170     1    3630192.000    4352748.000    5434419.000    7231458.000    6864012.500
  2000   171     1    3608704.500    4326983.500    5402252.000    7188653.500    6823347.000
  2000   172     1    3587313.000    4301334.500    5370229.000    7146042.000    6782859.000
  2000   173     1    3566019.250    4275802.500    5338352.000    7103623.500    6742551.000
  2000   174     1    3544821.500    4250385.500    5306619.000    7061397.500    6702420.500
  2000   175     1    3523731.000    4225097.000    5275046.500    7019384.000    6662494.500
  2000   176     1    3502744.000    4199932.500    5243628.500    6977577.000    6622762.000
  2000   177     1    3481864.500    4174897.500    5212372.000    6935984.500    6583231.500
  2000   178     1    3461095.000    4149994.000    5181280.000    6894611.000    6543905.000
  2000   179     1    3440433.500    4125220.250    5150350.000    6853453.000    6504779.000
  2000   180     1    3419878.250    4100573.500    5119578.000    6812506.000    6465851.000
  2000   181     1    3399426.000    4076050.500    5088960.500    6771764.500    6427115.500
  2000   182     1    3379076.500    4051650.500    5058498.000    6731228.000    6388573.500
  2000   183     1    3358832.500    4027377.000    5028192.500    6690901.000    6350229.500
  2000   184     1    3338681.000    4003214.500    4998025.500    6650758.500    6312045.000
  2000   185     1    3318609.000    3979147.500    4967977.500    6610774.500    6273978.000
  2000   186     1    3298628.000    3955189.500    4938066.000    6570972.500    6236068.500
  2000   187     1    3278760.250    3931367.250    4908323.500    6531395.000    6198374.000
  2000   188     1    3259002.000    3907676.250    4878745.500    6492036.000    6160890.500
  2000   189     1    3239354.000    3884117.500    4849332.000    6452896.000    6123618.500
  2000   190     1    3219814.500    3860689.000    4820081.500    6413973.000    6086555.000
  2000   191     1    3200386.000    3837393.500    4790997.000    6375271.000    6049704.000
  2000   192     1    3181067.500    3814229.500    4762077.000    6336788.000    6013064.500
  2000   193     1    3161858.250    3791197.000    4733320.500    6298522.500    5976634.500
  2000   194     1    3142758.500    3768295.750    4704728.500    6260475.000    5940414.000
  2000   195     1    3123772.000    3745530.000    4676305.500    6222653.000    5904409.000
  2000   196     1    3104895.500    3722896.500    4648047.000    6185051.000    5868614.000
  2000   197     1    3086128.500    3700394.000    4619953.000    6147666.500    5833029.000
  2000   198     1    3067470.500    3678022.250    4592022.000    6110499.000    5797651.500
  2000   199     1    3048922.500    3655782.250    4564255.000    6073550.000    5762484.000
  2000   200     1    3030483.250    3633673.000    4536651.500    6036819.000    5727524.500
  2000   201     1    3012152.000    3611693.000    4509210.000    6000303.000    5692772.000
  2000   202     1    2993927.500    3589841.000    4481927.500    5963999.000    5658222.000
  2000   203     1    2975809.500    3568117.000    4454805.000    5927907.500    5623876.000
  2000   204     1    2957797.500    3546519.750    4427840.500    5892026.500    5589731.500
  2000   205     1    2939890.500    3525048.500    4401034.000    5856355.500    5555788.000
  2000   206     1    2922087.500    3503702.000    4374382.000    5820891.000    5522044.000
  2000   207     1    2904387.750    3482479.250    4347886.000    5785632.500    5488497.000
  2000   208     1    2886789.250    3461378.000    4321541.000    5750576.000    5455144.500
  2000   209     1    2869291.000    3440396.750    4295345.500    5715718.500    5421983.500
  2000   210     1    2851891.750    3419534.500    4269299.000    5681059.000    5389014.500
  2000   211     1    2834596.250    3398796.500    4243407.000    5646606.000    5356248.000
  2000   212     1    2817395.000    3378171.250    4217657.000    5612340.000    5323655.500
  2000   213     1    2800294.250    3357667.000    4192057.000    5578275.000    5291259.500
  2000   214     1    2783292.000    3337280.000    4166604.250    5544405.500    5259052.000
  2000   215     1    2766386.250    3317010.000    4141296.750    5510729.000    5227030.000
  2000   216     1    2749584.500    3296863.500    4116144.250    5477259.500    5195213.500
  2000   217     1    2732879.500    3276834.000    4091137.000    5443983.000    5163560.000
  2000   218     1    2716268.000    3256916.000    4066269.000    5410892.000    5132110.000
  2000   219     1    2699772.500    3237137.000    4041575.500    5378032.500    5100884.500
  2000   220     1    2683573.000    3217713.500    4017324.750    5345763.000    5070396.000
  2000   221     1    2667350.250    3198261.500    3993039.500    5313446.500    5039805.000
  2000   222     1    2651128.000    3178810.250    3968754.250    5281131.000    5009074.500
  2000   223     1    2635116.750    3159612.500    3944785.500    5249236.000    4978873.000
  2000   224     1    2619195.500    3140522.000    3920951.250    5217521.000    4948840.500
  2000   225     1    2603362.000    3121537.000    3897248.000    5185979.500    4918972.000
  2000   226     1    2587615.500    3102656.500    3873676.000    5154612.500    4889267.000
  2000   227     1    2571955.500    3083879.500    3850233.000    5123417.000    4859724.000
  2000   228     1    2556381.750    3065206.000    3826918.500    5092393.500    4830342.000
  2000   229     1    2540892.500    3046633.500    3803731.250    5061538.500    4801120.500
  2000   230     1    2525487.750    3028162.750    3780670.250    5030852.000    4772057.000
  2000   231     1    2510168.000    3009793.750    3757736.500    5000334.500    4743152.500
  2000   232     1    2494932.500    2991525.750    3734929.000    4969985.000    4714407.500
  2000   233     1    2479770.750    2973346.250    3712231.750    4939782.000    4685817.000
  2000   234     1    2464655.750    2955222.750    3689604.500    4909672.500    4657383.000
  2000   235     1    2449607.000    2937178.750    3667076.500    4879695.000    4629102.000
  2000   236     1    2434643.000    2919236.000    3644675.000    4849886.000    4600974.500
  2000   237     1    2419762.750    2901394.000    3622399.250    4820244.500    4573000.000
  2000   238     1    2404966.250    2883652.500    3600249.250    4790770.000    4545178.000
  2000   239     1    2390255.500    2866013.750    3578226.750    4761465.000    4517512.000
  2000   240     1    2375631.500    2848478.750    3556334.250    4732333.000    4490006.000
  2000   241     1    2361096.250    2831050.500    3534575.250    4703379.000    4462663.000
  2000   242     1    2346641.000    2813718.000    3512935.500    4674583.000    4435469.000
  2000   243     1    2332271.750    2796489.000    3491424.750    4645959.500    4408432.000
  2000   244     1    2317985.500    2779359.000    3470038.000    4617501.000    4381547.000
  2000   245     1    2303783.250    2762330.000    3448777.500    4589209.500    4354817.000
  2000   246     1    2289662.750    2745399.000    3427639.000    4561081.000    4328237.000
  2000   247     1    2275623.500    2728565.250    3406622.000    4533114.500    4301806.000
  2000   248     1    2261666.750    2711830.500    3385728.500    4505312.000    4275528.000
  2000   249     1    2247895.000    2695317.500    3365112.250    4477878.000    4249685.000
  2000   250     1    2234157.250    2678845.500    3344546.500    4450512.000    4223847.500
  2000   251     1    2220366.000    2662309.250    3323901.000    4423040.000    4197832.000
  2000   252     1    2206767.000    2646003.500    3303543.750    4395950.000    4172248.750
  2000   253     1    2193242.250    2629787.000    3283297.000    4369008.500    4146810.500
  2000   254     1    2179767.000    2613629.250    3263124.000    4342165.000    4121510.750
  2000   255     1    2166369.000    2597565.000    3243067.500    4315476.000    4096348.750
  2000   256     1    2153049.000    2581593.750    3223127.500    4288942.500    4071324.000
  2000   257     1    2139806.750    2565715.250    3203303.250    4262562.500    4046436.250
  2000   258     1    2126641.500    2549930.000    3183595.000    4236338.000    4021687.500
  2000   259     1    2113545.000    2534226.500    3163989.250    4210248.000    3997050.250
  2000   260     1    2100473.500    2518553.500    3144421.500    4184210.250    3972397.500
  2000   261     1    2087482.500    2502976.500    3124973.750    4158331.500    3947892.500
  2000   262     1    2074571.000    2487495.250    3105645.000    4132611.250    3923534.750
  2000   263     1    2061738.750    2472108.500    3086435.000    4107049.000    3899323.250
  2000   264     1    2048985.500    2456817.250    3067343.750    4081644.500    3875258.500
  2000   265     1    2036310.750    2441619.500    3048369.000    4056395.500    3851338.500
  2000   266     1    2023716.000    2426517.750    3029514.750    4031306.500    3827568.750
  2000   267     1    2011195.250    2411505.500    3010771.500    4006365.250    3803934.000
  2000   268     1    1998754.250    2396588.000    2992147.000    3981582.000    3780447.500
  2000   269     1    1986389.750    2381762.500    2973637.500    3956951.500    3757104.000
  2000   270     1    1974101.750    2367028.500    2955242.000    3932473.500    3733902.500
  2000   271     1    1961889.750    2352386.000    2936960.750    3908146.750    3710842.500
  2000   272     1    1949759.125    2337840.750    2918801.000    3883982.250    3687940.000
  2000   273     1    1937868.500    2323583.500    2901001.000    3860296.000    3665627.500
  2000   274     1    1925949.250    2309291.750    2883157.750    3836552.250    3642964.000
  2000   275     1    1914071.375    2295049.500    2865376.250    3812891.000    3620498.000
  2000   276     1    1902099.250    2280694.500    2847454.000    3789042.250    3598006.250
  2000   277     1    1890344.625    2266600.250    2829857.000    3765626.500    3575848.500
  2000   278     1    1878877.125    2252850.250    2812690.250    3742783.000    3554137.250
  2000   279     1    3055905.250    3664154.750    4574708.000    6087460.000    3532701.250
  2000   280     1    1856212.750    2225674.750    2778761.500    3697634.750    3511507.750
  2000   281     1    1845059.875    2212302.000    2762065.500    3675417.750    3490543.250
  2000   282     1    1834169.625    2199244.000    2745763.000    3653724.250    3470068.000
  2000   283     1    1823046.000    2185906.500    2729110.750    3631565.500    3449257.750
  2000   284     1    1812275.000    2172991.500    2712986.750    3610109.500    3428943.750
  2000   285     1    1801862.000    2160506.000    2697398.250    3589366.250    3409199.000
  2000   286     1    1791206.750    2147730.000    2681447.250    3568141.000    3389139.500
  2000   287     1    1780850.750    2135312.500    2665944.000    3547511.250    3369514.500
  2000   288     1    1770558.000    2122971.250    2650535.750    3527007.750    3350161.500
  2000   289     1    1760692.500    2111142.000    2635767.250    3507355.250    3331611.500
  2000   290     1    1751257.250    2099829.000    2621642.750    3488560.250    3313930.000
  2000   291     1    1741696.750    2088365.500    2607330.500    3469515.250    3296429.500
  2000   292     1    1732262.250    2077053.000    2593207.000    3450721.500    3278760.000
  2000   293     1    1722967.000    2065907.500    2579291.750    3432204.750    3261483.500
  2000   294     1    1713695.125    2054790.250    2565412.000    3413735.250    3244257.000
  2000   295     1    1704425.250    2043675.250    2551534.500    3395269.250    3227014.500
  2000   296     1    1695172.250    2032580.500    2537683.000    3376837.000    3209807.500
  2000   297     1    1685929.625    2021498.250    2523846.500    3358425.250    3192614.000
  2000   298     1    1676694.500    2010425.000    2510021.500    3340028.500    3175419.750
  2000   299     1    1667476.750    1999372.625    2496222.500    3321666.500    3158251.000
  2000   300     1    1658290.750    1988358.250    2482471.250    3303368.000    3141134.000
  2000   301     1    1649505.000    1977823.750    2469319.000    3285866.500    3125089.750
  2000   302     1    1640833.000    1967425.750    2456337.000    3268591.500    3109209.750
  2000   303     1    1631989.000    1956821.250    2443097.250    3250974.000    3093242.250
  2000   304     1    1623410.500    1946535.250    2430255.000    3233885.000    3077740.500
  2000   305     1    1614929.000    1936365.750    2417558.250    3216990.000    3062416.000
  2000   306     1    1606774.750    1926588.500    2405351.500    3200746.500    3047722.000
  2000   307     1    1598878.250    1917120.000    2393530.250    3185016.000    3033636.000
  2000   308     1    1591351.000    1908094.750    2382262.000    3170022.000    3020502.500
  2000   309     1    1644905.750    1972309.000    2462434.000    3276704.500    3008931.500
  2000   310     1    1578201.875    1892328.250    2362577.500    3143828.250    2998016.000
  2000   311     1    1572911.000    1885984.250    2354657.000    3133288.250    2989726.000
  2000   312     1    1567935.250    1880018.250    2347208.250    3123376.750    2982528.500
  2000   313     1    1562864.500    1873938.250    2339617.500    3113275.750    2975133.750
  2000   314     1    1558380.500    1868561.625    2332904.750    3104343.500    2968954.750
  2000   315     1    2628548.250    3151736.500    3934952.500    5236152.000    4487089.500
  2000   316     1    1554732.250    1864187.375    2327443.500    3097076.000    2968056.000
  2000   317     1    1554184.500    1863530.500    2326623.250    3095984.750    2969801.750
  2000   318     1    1554964.250    1864465.500    2327790.750    3097538.500    2974693.000
  2000   319     1    1557338.500    1867312.250    2331345.000    3102268.000    2982757.500
  2000   320     1    1560593.500    1871215.250    2336217.500    3108751.750    2992392.000
  2000   321     1    1565103.750    1876623.125    2342969.750    3117736.250    3003562.750
  2000   322     1    1570340.500    1882902.125    2350809.000    3128168.000    3015746.000
  2000   323     1    1577645.250    1891661.000    2361744.500    3142719.500    3032900.250
  2000   324     1    1585814.500    1901456.375    2373974.000    3158993.250    3051832.250
  2000   325     1    1595542.500    1913120.250    2388536.500    3178371.000    3073785.000
  2000   326     1    1606126.250    1925810.750    2404380.500    3199454.500    3097086.000
  2000   327     1    1615709.250    1937301.000    2418726.250    3218544.000    3118620.500
  2000   328     1    1624588.875    1947948.250    2432019.250    3236232.750    3138498.000
  2000   329     1    1632635.125    1957596.000    2444064.500    3252261.000    3156736.000
  2000   330     1    1639731.250    1966104.625    2454687.500    3266396.500    3172995.000
  2000   331     1    1645866.500    1973461.000    2463872.000    3278618.000    3187174.000
  2000   332     1    1651098.375    1979734.250    2471704.000    3289040.500    3199396.250
  2000   333     1    1655504.500    1985017.250    2478300.000    3297817.500    3209802.000
  2000   334     1    1659366.000    1989647.375    2484080.750    3305509.750    3218980.500
  2000   335     1    1666439.375    1998128.750    2494669.750    3319600.000    3234367.000
  2001     1     1    1676272.000    2009918.500    2509389.000    3339187.250    3255261.500
  2001     2     1    2395499.500    2872301.500    3586077.000    4771911.000    4013325.500
  2001     3     1    1711781.000    2052495.250    2562546.250    3409922.000    3327472.250
  2001     4     1    1734534.000    2079777.000    2596607.750    3455247.000    3373086.500
  2001     5     1    1755860.750    2105348.500    2628534.000    3497730.500    3416006.500
  2001     6     1    1776392.875    2129967.500    2659270.750    3538631.000    3457150.750
  2001     7     1    1795842.000    2153287.750    2688386.250    3577374.500    3496063.750
  2001     8     1    1814268.000    2175381.250    2715970.250    3614079.500    3532902.500
  2001     9     1    1831850.500    2196463.500    2742291.000    3649104.250    3568136.500
  2001    10     1    1848744.875    2216720.500    2767582.000    3682758.750    3602159.000
  2001    11     1    1864810.000    2235983.000    2791631.500    3714760.500    3634477.000
  2001    12     1    1879978.750    2254171.000    2814339.500    3744977.500    3664946.000
  2001    13     1    1894283.000    2271322.500    2835753.000    3773471.750    3693655.500
  2001    14     1    1907766.125    2287489.500    2855937.250    3800330.750    3720714.750
  2001    15     1    1920247.000    2302454.500    2874621.250    3825193.250    3745680.000
  2001    16     1    1931712.500    2316202.000    2891785.000    3848032.750    3768484.000
  2001    17     1    1943364.750    2330173.500    2909228.500    3871244.500    3792447.500
  2001    18     1    1956002.375    2345326.500    2928147.250    3896418.750    3817492.750
  2001    19     1    1969384.750    2361372.500    2948180.750    3923077.000    3844595.000
  2001    20     1    2820590.500    3382003.000    4222441.000    5618706.000    4056835.250
  2001    21     1    2191142.000    2627268.750    3280152.750    4364824.500    4084762.250
  2001    22     1    2365423.500    2836239.250    3541053.000    4711999.000    4621226.500
  2001    23     1    2147401.000    2574821.500    3214672.000    4277691.000    4091499.000
  2001    24     1    2158374.750    2587979.250    3231099.750    4299551.000    4183855.750
  2001    25     1    2226381.500    2669522.000    3332906.500    4435022.500    4308462.000
  2001    26     1    2277928.000    2731328.500    3410071.750    4537705.000    4384667.000
  2001    27     1    2340222.750    2806022.500    3503327.250    4661798.000    4492431.000
  2001    28     1    2392609.500    2868836.250    3581750.500    4766154.000    4574406.500
  2001    29     1    2457526.500    2946674.500    3678931.750    4895471.000    4689152.000
  2001    30     1    2563260.250    3073453.500    3837216.000    5106096.000    4931693.500
  2001    31     1    2597921.250    3115013.500    3889104.000    5175142.000    4968339.000
