Subasin-ID, year, day, hour, deadvol(m**3), alertvol(m**3), storcap(m**3)
    15  2000     1     1     4802962.50    45213952.00    91795656.00
    15  2000     2     1     4802476.50    45212596.00    91794144.00
    15  2000     3     1     4802453.50    45212544.00    91794104.00
    15  2000     4     1     4802453.00    45212540.00    91794096.00
    15  2000     5     1     4802427.00    45212468.00    91794016.00
    15  2000     6     1     4802401.00    45212392.00    91793920.00
    15  2000     7     1     4802375.00    45212320.00    91793840.00
    15  2000     8     1     4802347.50    45212228.00    91793720.00
    15  2000     9     1     4802321.00    45212152.00    91793624.00
    15  2000    10     1     4802319.50    45212136.00    91793600.00
    15  2000    11     1     4802319.00    45212132.00    91793592.00
    15  2000    12     1     4802319.00    45212132.00    91793592.00
    15  2000    13     1     4802319.00    45212132.00    91793592.00
    15  2000    14     1     4802319.00    45212132.00    91793592.00
    15  2000    15     1     4802319.00    45212132.00    91793592.00
    15  2000    16     1     4802319.00    45212132.00    91793592.00
    15  2000    17     1     4802319.00    45212132.00    91793592.00
    15  2000    18     1     4802319.00    45212132.00    91793592.00
    15  2000    19     1     4802319.00    45212132.00    91793592.00
    15  2000    20     1     4802319.00    45212132.00    91793592.00
    15  2000    21     1     4802319.00    45212132.00    91793592.00
    15  2000    22     1     4802319.00    45212132.00    91793592.00
    15  2000    23     1     4802319.00    45212132.00    91793592.00
    15  2000    24     1     4802319.00    45212132.00    91793592.00
    15  2000    25     1     4802319.00    45212132.00    91793592.00
    15  2000    26     1     4802319.00    45212132.00    91793592.00
    15  2000    27     1     4802319.00    45212132.00    91793592.00
    15  2000    28     1     4802319.00    45212132.00    91793592.00
    15  2000    29     1     4802318.00    45212124.00    91793568.00
    15  2000    30     1     4802318.00    45212124.00    91793568.00
    15  2000    31     1     4802318.00    45212124.00    91793568.00
    15  2000    32     1     4802318.00    45212124.00    91793568.00
    15  2000    33     1     4802318.00    45212124.00    91793568.00
    15  2000    34     1     4802318.00    45212124.00    91793568.00
    15  2000    35     1     4802318.00    45212124.00    91793568.00
    15  2000    36     1     4802318.00    45212124.00    91793568.00
    15  2000    37     1     4802318.00    45212124.00    91793568.00
    15  2000    38     1     4802318.00    45212124.00    91793568.00
    15  2000    39     1     4802265.00    45211960.00    91793384.00
    15  2000    40     1     4802265.00    45211960.00    91793384.00
    15  2000    41     1     4802264.50    45211956.00    91793368.00
    15  2000    42     1     4802263.50    45211944.00    91793352.00
    15  2000    43     1     4802240.00    45211900.00    91793304.00
    15  2000    44     1     4802189.00    45211756.00    91793144.00
    15  2000    45     1     4799135.00    45203168.00    91783464.00
    15  2000    46     1     4799084.00    45203028.00    91783312.00
    15  2000    47     1     4799082.50    45203016.00    91783280.00
    15  2000    48     1     4799082.50    45203016.00    91783280.00
    15  2000    49     1     4799082.50    45203016.00    91783280.00
    15  2000    50     1     4799082.50    45203016.00    91783280.00
    15  2000    51     1     4799082.50    45203016.00    91783280.00
    15  2000    52     1     4799082.50    45203016.00    91783280.00
    15  2000    53     1     4799082.50    45203016.00    91783280.00
    15  2000    54     1     4799082.50    45203016.00    91783280.00
    15  2000    55     1     4799082.50    45203016.00    91783280.00
    15  2000    56     1     4799082.50    45203016.00    91783280.00
    15  2000    57     1     4799082.50    45203016.00    91783280.00
    15  2000    58     1     4799082.50    45203016.00    91783280.00
    15  2000    59     1     4799082.50    45203016.00    91783280.00
    15  2000    60     1     4799082.50    45203016.00    91783280.00
    15  2000    61     1     4799082.50    45203016.00    91783280.00
    15  2000    62     1     4799082.50    45203016.00    91783280.00
    15  2000    63     1     4799082.50    45203016.00    91783280.00
    15  2000    64     1     4799082.50    45203016.00    91783280.00
    15  2000    65     1     4799082.50    45203016.00    91783280.00
    15  2000    66     1     4799082.50    45203016.00    91783280.00
    15  2000    67     1     4799082.50    45203016.00    91783280.00
    15  2000    68     1     4799082.50    45203016.00    91783280.00
    15  2000    69     1     4799082.50    45203016.00    91783280.00
    15  2000    70     1     4799082.50    45203016.00    91783280.00
    15  2000    71     1     4799082.50    45203016.00    91783280.00
    15  2000    72     1     4799082.50    45203016.00    91783280.00
    15  2000    73     1     4799082.50    45203016.00    91783280.00
    15  2000    74     1     4799082.50    45203016.00    91783280.00
    15  2000    75     1     4799082.50    45203016.00    91783280.00
    15  2000    76     1     4799082.50    45203016.00    91783280.00
    15  2000    77     1     4799082.50    45203016.00    91783280.00
    15  2000    78     1     4799082.50    45203016.00    91783280.00
    15  2000    79     1     4799082.50    45203016.00    91783280.00
    15  2000    80     1     4799082.50    45203016.00    91783280.00
    15  2000    81     1     4799082.50    45203016.00    91783280.00
    15  2000    82     1     4799082.50    45203016.00    91783280.00
    15  2000    83     1     4799082.50    45203016.00    91783280.00
    15  2000    84     1     4799082.50    45203016.00    91783280.00
    15  2000    85     1     4799082.50    45203016.00    91783280.00
    15  2000    86     1     4799082.50    45203016.00    91783280.00
    15  2000    87     1     4799082.50    45203016.00    91783280.00
    15  2000    88     1     4799082.50    45203016.00    91783280.00
    15  2000    89     1     4799082.50    45203016.00    91783280.00
    15  2000    90     1     4799082.50    45203016.00    91783280.00
    15  2000    91     1     4799082.50    45203016.00    91783280.00
    15  2000    92     1     4799082.50    45203016.00    91783280.00
    15  2000    93     1     4799082.50    45203016.00    91783280.00
    15  2000    94     1     4799082.50    45203016.00    91783280.00
    15  2000    95     1     4799082.50    45203016.00    91783280.00
    15  2000    96     1     4799082.50    45203016.00    91783280.00
    15  2000    97     1     4799082.50    45203016.00    91783280.00
    15  2000    98     1     4799082.50    45203016.00    91783280.00
    15  2000    99     1     4799082.50    45203016.00    91783280.00
    15  2000   100     1     4799082.50    45203016.00    91783280.00
    15  2000   101     1     4799082.50    45203016.00    91783280.00
    15  2000   102     1     4799082.50    45203016.00    91783280.00
    15  2000   103     1     4799082.50    45203016.00    91783280.00
    15  2000   104     1     4799082.50    45203016.00    91783280.00
    15  2000   105     1     4799082.50    45203016.00    91783280.00
    15  2000   106     1     4799082.50    45203016.00    91783280.00
    15  2000   107     1     4799082.50    45203016.00    91783280.00
    15  2000   108     1     4799082.50    45203016.00    91783280.00
    15  2000   109     1     4799082.50    45203016.00    91783280.00
    15  2000   110     1     4799082.50    45203016.00    91783280.00
    15  2000   111     1     4799082.50    45203016.00    91783280.00
    15  2000   112     1     4799082.50    45203016.00    91783280.00
    15  2000   113     1     4799082.50    45203016.00    91783280.00
    15  2000   114     1     4799082.50    45203016.00    91783280.00
    15  2000   115     1     4799082.50    45203016.00    91783280.00
    15  2000   116     1     4799082.50    45203016.00    91783280.00
    15  2000   117     1     4799082.50    45203016.00    91783280.00
    15  2000   118     1     4799082.50    45203016.00    91783280.00
    15  2000   119     1     4799082.50    45203016.00    91783280.00
    15  2000   120     1     4799082.50    45203016.00    91783280.00
    15  2000   121     1     4799082.50    45203016.00    91783280.00
    15  2000   122     1     4799082.50    45203016.00    91783280.00
    15  2000   123     1     4799082.50    45203016.00    91783280.00
    15  2000   124     1     4799082.50    45203016.00    91783280.00
    15  2000   125     1     4799082.50    45203016.00    91783280.00
    15  2000   126     1     4799082.50    45203016.00    91783280.00
    15  2000   127     1     4799082.50    45203016.00    91783280.00
    15  2000   128     1     4799082.50    45203016.00    91783280.00
    15  2000   129     1     4799082.50    45203016.00    91783280.00
    15  2000   130     1     4799082.50    45203016.00    91783280.00
    15  2000   131     1     4799082.50    45203016.00    91783280.00
    15  2000   132     1     4799082.50    45203016.00    91783280.00
    15  2000   133     1     4799082.50    45203016.00    91783280.00
    15  2000   134     1     4799082.50    45203016.00    91783280.00
    15  2000   135     1     4799082.50    45203016.00    91783280.00
    15  2000   136     1     4799082.50    45203016.00    91783280.00
    15  2000   137     1     4799082.50    45203016.00    91783280.00
    15  2000   138     1     4799082.50    45203016.00    91783280.00
    15  2000   139     1     4799082.50    45203016.00    91783280.00
    15  2000   140     1     4799082.50    45203016.00    91783280.00
    15  2000   141     1     4799082.50    45203016.00    91783280.00
    15  2000   142     1     4799082.50    45203016.00    91783280.00
    15  2000   143     1     4799082.50    45203016.00    91783280.00
    15  2000   144     1     4799082.50    45203016.00    91783280.00
    15  2000   145     1     4799082.50    45203016.00    91783280.00
    15  2000   146     1     4799082.50    45203016.00    91783280.00
    15  2000   147     1     4799082.50    45203016.00    91783280.00
    15  2000   148     1     4799082.50    45203016.00    91783280.00
    15  2000   149     1     4799082.50    45203016.00    91783280.00
    15  2000   150     1     4799082.50    45203016.00    91783280.00
    15  2000   151     1     4799082.50    45203016.00    91783280.00
    15  2000   152     1     4799082.50    45203016.00    91783280.00
    15  2000   153     1     4799082.50    45203016.00    91783280.00
    15  2000   154     1     4799082.50    45203016.00    91783280.00
    15  2000   155     1     4799082.50    45203016.00    91783280.00
    15  2000   156     1     4799082.50    45203016.00    91783280.00
    15  2000   157     1     4799082.50    45203016.00    91783280.00
    15  2000   158     1     4799082.50    45203016.00    91783280.00
    15  2000   159     1     4799082.50    45203016.00    91783280.00
    15  2000   160     1     4799082.50    45203016.00    91783280.00
    15  2000   161     1     4799082.50    45203016.00    91783280.00
    15  2000   162     1     4799082.50    45203016.00    91783280.00
    15  2000   163     1     4799082.50    45203016.00    91783280.00
    15  2000   164     1     4799082.50    45203016.00    91783280.00
    15  2000   165     1     4799082.50    45203016.00    91783280.00
    15  2000   166     1     4799082.50    45203016.00    91783280.00
    15  2000   167     1     4799082.50    45203016.00    91783280.00
    15  2000   168     1     4799082.50    45203016.00    91783280.00
    15  2000   169     1     4799082.50    45203016.00    91783280.00
    15  2000   170     1     4799082.50    45203016.00    91783280.00
    15  2000   171     1     4799082.50    45203016.00    91783280.00
    15  2000   172     1     4799082.50    45203016.00    91783280.00
    15  2000   173     1     4799082.50    45203016.00    91783280.00
    15  2000   174     1     4799082.50    45203016.00    91783280.00
    15  2000   175     1     4799082.50    45203016.00    91783280.00
    15  2000   176     1     4799082.50    45203016.00    91783280.00
    15  2000   177     1     4799082.50    45203016.00    91783280.00
    15  2000   178     1     4799082.50    45203016.00    91783280.00
    15  2000   179     1     4799082.50    45203016.00    91783280.00
    15  2000   180     1     4799082.50    45203016.00    91783280.00
    15  2000   181     1     4799082.50    45203016.00    91783280.00
    15  2000   182     1     4799082.50    45203016.00    91783280.00
    15  2000   183     1     4799082.50    45203016.00    91783280.00
    15  2000   184     1     4799082.50    45203016.00    91783280.00
    15  2000   185     1     4799082.50    45203016.00    91783280.00
    15  2000   186     1     4799082.50    45203016.00    91783280.00
    15  2000   187     1     4799082.50    45203016.00    91783280.00
    15  2000   188     1     4799082.50    45203016.00    91783280.00
    15  2000   189     1     4799082.50    45203016.00    91783280.00
    15  2000   190     1     4799082.50    45203016.00    91783280.00
    15  2000   191     1     4799082.50    45203016.00    91783280.00
    15  2000   192     1     4799082.50    45203016.00    91783280.00
    15  2000   193     1     4799082.50    45203016.00    91783280.00
    15  2000   194     1     4799082.50    45203016.00    91783280.00
    15  2000   195     1     4799082.50    45203016.00    91783280.00
    15  2000   196     1     4799082.50    45203016.00    91783280.00
    15  2000   197     1     4799082.50    45203016.00    91783280.00
    15  2000   198     1     4799082.50    45203016.00    91783280.00
    15  2000   199     1     4799082.50    45203016.00    91783280.00
    15  2000   200     1     4799082.50    45203016.00    91783280.00
    15  2000   201     1     4799082.50    45203016.00    91783280.00
    15  2000   202     1     4799082.50    45203016.00    91783280.00
    15  2000   203     1     4799082.50    45203016.00    91783280.00
    15  2000   204     1     4799082.50    45203016.00    91783280.00
    15  2000   205     1     4799082.50    45203016.00    91783280.00
    15  2000   206     1     4799082.50    45203016.00    91783280.00
    15  2000   207     1     4799082.50    45203016.00    91783280.00
    15  2000   208     1     4799082.50    45203016.00    91783280.00
    15  2000   209     1     4799082.50    45203016.00    91783280.00
    15  2000   210     1     4799082.50    45203016.00    91783280.00
    15  2000   211     1     4799082.50    45203016.00    91783280.00
    15  2000   212     1     4799082.50    45203016.00    91783280.00
    15  2000   213     1     4799082.50    45203016.00    91783280.00
    15  2000   214     1     4799082.50    45203016.00    91783280.00
    15  2000   215     1     4799082.50    45203016.00    91783280.00
    15  2000   216     1     4799082.50    45203016.00    91783280.00
    15  2000   217     1     4799082.50    45203016.00    91783280.00
    15  2000   218     1     4799082.50    45203016.00    91783280.00
    15  2000   219     1     4799082.50    45203016.00    91783280.00
    15  2000   220     1     4799082.50    45203016.00    91783280.00
    15  2000   221     1     4799082.50    45203016.00    91783280.00
    15  2000   222     1     4799082.50    45203016.00    91783280.00
    15  2000   223     1     4799082.50    45203016.00    91783280.00
    15  2000   224     1     4799082.50    45203016.00    91783280.00
    15  2000   225     1     4799082.50    45203016.00    91783280.00
    15  2000   226     1     4799082.50    45203016.00    91783280.00
    15  2000   227     1     4799082.50    45203016.00    91783280.00
    15  2000   228     1     4799082.50    45203016.00    91783280.00
    15  2000   229     1     4799082.50    45203016.00    91783280.00
    15  2000   230     1     4799082.50    45203016.00    91783280.00
    15  2000   231     1     4799082.50    45203016.00    91783280.00
    15  2000   232     1     4799082.50    45203016.00    91783280.00
    15  2000   233     1     4799082.50    45203016.00    91783280.00
    15  2000   234     1     4799082.50    45203016.00    91783280.00
    15  2000   235     1     4799082.50    45203016.00    91783280.00
    15  2000   236     1     4799082.50    45203016.00    91783280.00
    15  2000   237     1     4799082.50    45203016.00    91783280.00
    15  2000   238     1     4799082.50    45203016.00    91783280.00
    15  2000   239     1     4799082.50    45203016.00    91783280.00
    15  2000   240     1     4799082.50    45203016.00    91783280.00
    15  2000   241     1     4799082.50    45203016.00    91783280.00
    15  2000   242     1     4799082.50    45203016.00    91783280.00
    15  2000   243     1     4799082.50    45203016.00    91783280.00
    15  2000   244     1     4799082.50    45203016.00    91783280.00
    15  2000   245     1     4799082.50    45203016.00    91783280.00
    15  2000   246     1     4799082.50    45203016.00    91783280.00
    15  2000   247     1     4799082.50    45203016.00    91783280.00
    15  2000   248     1     4799082.50    45203016.00    91783280.00
    15  2000   249     1     4799082.50    45203016.00    91783280.00
    15  2000   250     1     4799082.50    45203016.00    91783280.00
    15  2000   251     1     4799082.50    45203016.00    91783280.00
    15  2000   252     1     4799082.50    45203016.00    91783280.00
    15  2000   253     1     4799082.50    45203016.00    91783280.00
    15  2000   254     1     4799082.50    45203016.00    91783280.00
    15  2000   255     1     4799082.50    45203016.00    91783280.00
    15  2000   256     1     4799082.50    45203016.00    91783280.00
    15  2000   257     1     4799082.50    45203016.00    91783280.00
    15  2000   258     1     4799082.50    45203016.00    91783280.00
    15  2000   259     1     4799082.50    45203016.00    91783280.00
    15  2000   260     1     4799082.50    45203016.00    91783280.00
    15  2000   261     1     4799082.50    45203016.00    91783280.00
    15  2000   262     1     4799082.50    45203016.00    91783280.00
    15  2000   263     1     4799082.50    45203016.00    91783280.00
    15  2000   264     1     4799082.50    45203016.00    91783280.00
    15  2000   265     1     4799082.50    45203016.00    91783280.00
    15  2000   266     1     4799082.50    45203016.00    91783280.00
    15  2000   267     1     4799082.50    45203016.00    91783280.00
    15  2000   268     1     4799082.50    45203016.00    91783280.00
    15  2000   269     1     4799082.50    45203016.00    91783280.00
    15  2000   270     1     4799082.50    45203016.00    91783280.00
    15  2000   271     1     4799082.50    45203016.00    91783280.00
    15  2000   272     1     4799082.50    45203016.00    91783280.00
    15  2000   273     1     4799082.50    45203016.00    91783280.00
    15  2000   274     1     4799082.50    45203016.00    91783280.00
    15  2000   275     1     4799082.50    45203016.00    91783280.00
    15  2000   276     1     4799082.50    45203016.00    91783280.00
    15  2000   277     1     4799082.50    45203016.00    91783280.00
    15  2000   278     1     4799082.50    45203016.00    91783280.00
    15  2000   279     1     4799082.50    45203016.00    91783280.00
    15  2000   280     1     4799082.50    45203016.00    91783280.00
    15  2000   281     1     4799082.50    45203016.00    91783280.00
    15  2000   282     1     4799082.50    45203016.00    91783280.00
    15  2000   283     1     4799082.50    45203016.00    91783280.00
    15  2000   284     1     4799082.50    45203016.00    91783280.00
    15  2000   285     1     4799082.50    45203016.00    91783280.00
    15  2000   286     1     4799082.50    45203016.00    91783280.00
    15  2000   287     1     4799082.50    45203016.00    91783280.00
    15  2000   288     1     4799082.50    45203016.00    91783280.00
    15  2000   289     1     4799082.50    45203016.00    91783280.00
    15  2000   290     1     4799082.50    45203016.00    91783280.00
    15  2000   291     1     4799082.50    45203016.00    91783280.00
    15  2000   292     1     4799082.50    45203016.00    91783280.00
    15  2000   293     1     4799082.50    45203016.00    91783280.00
    15  2000   294     1     4799082.50    45203016.00    91783280.00
    15  2000   295     1     4799082.50    45203016.00    91783280.00
    15  2000   296     1     4799082.50    45203016.00    91783280.00
    15  2000   297     1     4799082.50    45203016.00    91783280.00
    15  2000   298     1     4799082.50    45203016.00    91783280.00
    15  2000   299     1     4799082.50    45203016.00    91783280.00
    15  2000   300     1     4799082.50    45203016.00    91783280.00
    15  2000   301     1     4799082.50    45203016.00    91783280.00
    15  2000   302     1     4799082.50    45203016.00    91783280.00
    15  2000   303     1     4799082.50    45203016.00    91783280.00
    15  2000   304     1     4799082.50    45203016.00    91783280.00
    15  2000   305     1     4799082.50    45203016.00    91783280.00
    15  2000   306     1     4799082.50    45203016.00    91783280.00
    15  2000   307     1     4799082.50    45203016.00    91783280.00
    15  2000   308     1     4799082.50    45203016.00    91783280.00
    15  2000   309     1     4799082.50    45203016.00    91783280.00
    15  2000   310     1     4799082.50    45203016.00    91783280.00
    15  2000   311     1     4799082.50    45203016.00    91783280.00
    15  2000   312     1     4799082.50    45203016.00    91783280.00
    15  2000   313     1     4799082.50    45203016.00    91783280.00
    15  2000   314     1     4799082.50    45203016.00    91783280.00
    15  2000   315     1     4798722.50    45202000.00    91782120.00
    15  2000   316     1     4798722.50    45202000.00    91782120.00
    15  2000   317     1     4798722.50    45202000.00    91782120.00
    15  2000   318     1     4798722.50    45202000.00    91782120.00
    15  2000   319     1     4798722.50    45202000.00    91782120.00
    15  2000   320     1     4798722.50    45202000.00    91782120.00
    15  2000   321     1     4798722.50    45202000.00    91782120.00
    15  2000   322     1     4798722.50    45202000.00    91782120.00
    15  2000   323     1     4798722.50    45202000.00    91782120.00
    15  2000   324     1     4798722.50    45202000.00    91782120.00
    15  2000   325     1     4798722.50    45202000.00    91782120.00
    15  2000   326     1     4798722.50    45202000.00    91782120.00
    15  2000   327     1     4798722.50    45202000.00    91782120.00
    15  2000   328     1     4798722.50    45202000.00    91782120.00
    15  2000   329     1     4798722.50    45202000.00    91782120.00
    15  2000   330     1     4798722.50    45202000.00    91782120.00
    15  2000   331     1     4798722.50    45202000.00    91782120.00
    15  2000   332     1     4798722.50    45202000.00    91782120.00
    15  2000   333     1     4798722.50    45202000.00    91782120.00
    15  2000   334     1     4798722.50    45202000.00    91782120.00
    15  2000   335     1     4798722.50    45202000.00    91782120.00
    15  2001     1     1     4798722.50    45202000.00    91782120.00
    15  2001     2     1     4798594.00    45201636.00    91781704.00
    15  2001     3     1     4798594.00    45201636.00    91781704.00
    15  2001     4     1     4798594.00    45201636.00    91781704.00
    15  2001     5     1     4798594.00    45201636.00    91781704.00
    15  2001     6     1     4798594.00    45201636.00    91781704.00
    15  2001     7     1     4798594.00    45201636.00    91781704.00
    15  2001     8     1     4798594.00    45201636.00    91781704.00
    15  2001     9     1     4798594.00    45201636.00    91781704.00
    15  2001    10     1     4798594.00    45201636.00    91781704.00
    15  2001    11     1     4798594.00    45201636.00    91781704.00
    15  2001    12     1     4798594.00    45201636.00    91781704.00
    15  2001    13     1     4798594.00    45201636.00    91781704.00
    15  2001    14     1     4798594.00    45201636.00    91781704.00
    15  2001    15     1     4798594.00    45201636.00    91781704.00
    15  2001    16     1     4798594.00    45201636.00    91781704.00
    15  2001    17     1     4798594.00    45201636.00    91781704.00
    15  2001    18     1     4798594.00    45201636.00    91781704.00
    15  2001    19     1     4798594.00    45201636.00    91781704.00
    15  2001    20     1     4798569.00    45201568.00    91781648.00
    15  2001    21     1     4798545.00    45201516.00    91781600.00
    15  2001    22     1     4798443.00    45201228.00    91781272.00
    15  2001    23     1     4798443.00    45201228.00    91781272.00
    15  2001    24     1     4798443.00    45201228.00    91781272.00
    15  2001    25     1     4798443.00    45201228.00    91781272.00
    15  2001    26     1     4798443.00    45201228.00    91781272.00
    15  2001    27     1     4798443.00    45201228.00    91781272.00
    15  2001    28     1     4798443.00    45201228.00    91781272.00
    15  2001    29     1     4798442.50    45201224.00    91781264.00
    15  2001    30     1     4798418.00    45201160.00    91781208.00
    15  2001    31     1     4798417.00    45201152.00    91781192.00
