Subasin-ID	year	day	hour	qlateral(m**3/s)	inflow(m**3/s)	evap(m**3)	prec(m**3)	intake(m**3/s)	overflow(m**3/s)	qbottom(m**3/s)	qout(m**3/s)	withdrawal(m**3/s)	elevation(m)	area(m**2)	volume(m**3)
    69	  2000	     1	     1	     0.000	   100.800	      77585.7	          0.0	    36.000	    63.767	     0.000	    99.767	     0.020	   447.267	    10262579.0	    88605944.0	
    69	  2000	     2	     1	     0.000	   215.317	      42730.6	      92626.8	    36.000	   178.399	     0.000	   214.399	     0.020	   447.284	    10273149.0	    88733424.0	
    69	  2000	     3	     1	     0.000	   188.681	      58137.9	      82100.9	    36.000	   153.240	     0.000	   189.240	     0.020	   447.280	    10270988.0	    88707360.0	
    69	  2000	     4	     1	     0.000	   185.758	      50447.1	      78943.2	    36.000	   150.015	     0.000	   186.015	     0.020	   447.281	    10271364.0	    88711896.0	
    69	  2000	     5	     1	     0.000	   196.475	      43033.3	     179990.5	    36.000	   160.785	     0.000	   196.785	     0.020	   447.295	    10280355.0	    88820360.0	
    69	  2000	     6	     1	     0.000	   202.639	      43317.2	     148413.1	    36.000	   168.205	     0.000	   204.205	     0.020	   447.291	    10277708.0	    88788432.0	
    69	  2000	     7	     1	     0.000	   209.552	      50465.4	     164201.7	    36.000	   174.748	     0.000	   210.748	     0.020	   447.292	    10278425.0	    88797072.0	
    69	  2000	     8	     1	     0.000	   214.125	      48604.5	      34735.0	    36.000	   179.422	     0.000	   215.422	     0.020	   447.275	    10267847.0	    88669464.0	
    69	  2000	     9	     1	     0.000	   222.087	      58309.3	      12630.9	    36.000	   185.906	     0.000	   221.906	     0.020	   447.271	    10265208.0	    88637648.0	
    69	  2000	    10	     1	     0.000	   223.628	      65078.1	       2105.2	    36.000	   187.080	     0.000	   223.080	     0.020	   447.269	    10263774.0	    88620352.0	
    69	  2000	    11	     1	     0.000	   225.526	      61719.4	       4210.3	    36.000	   188.777	     0.000	   224.777	     0.020	   447.270	    10264227.0	    88625816.0	
    69	  2000	    12	     1	     0.000	   227.617	      57093.0	      11578.3	    36.000	   190.931	     0.000	   226.931	     0.020	   447.271	    10265222.0	    88637816.0	
    69	  2000	    13	     1	     0.000	   231.404	      68174.5	       3157.7	    36.000	   194.857	     0.000	   230.857	     0.020	   447.269	    10263605.0	    88618312.0	
    69	  2000	    14	     1	     0.000	   234.933	      68986.4	       7368.0	    36.000	   198.160	     0.000	   234.160	     0.020	   447.269	    10263887.0	    88621712.0	
    69	  2000	    15	     1	     0.000	   237.639	      66842.9	       2105.2	    36.000	   200.905	     0.000	   236.905	     0.020	   447.269	    10263628.0	    88618592.0	
    69	  2000	    16	     1	     0.000	   240.336	      66531.5	       4210.3	    36.000	   203.567	     0.000	   239.567	     0.020	   447.269	    10263828.0	    88621008.0	
    69	  2000	    17	     1	     0.000	   242.813	      60687.7	      46313.3	    36.000	   206.072	     0.000	   242.072	     0.020	   447.275	    10267804.0	    88668952.0	
    69	  2000	    18	     1	     0.000	   244.874	      52186.6	      87363.7	    36.000	   208.687	     0.000	   244.687	     0.020	   447.282	    10271912.0	    88718504.0	
    69	  2000	    19	     1	     0.000	   248.937	      23140.5	     178937.8	    36.000	   213.324	     0.000	   249.324	     0.020	   447.297	    10281910.0	    88839128.0	
    69	  2000	    20	     1	     0.000	   252.100	      59758.9	      13683.5	    36.000	   217.884	     0.000	   253.884	     0.020	   447.271	    10265176.0	    88637256.0	
    69	  2000	    21	     1	     0.000	   253.787	      66666.3	       1052.6	    36.000	   217.234	     0.000	   253.234	     0.020	   447.269	    10263555.0	    88617712.0	
    69	  2000	    22	     1	     0.000	   256.017	      65249.8	       2105.2	    36.000	   219.237	     0.000	   255.237	     0.020	   447.269	    10263760.0	    88620184.0	
    69	  2000	    23	     1	     0.000	   258.012	      63957.2	       3157.7	    36.000	   221.262	     0.000	   257.262	     0.020	   447.269	    10263955.0	    88622528.0	
    69	  2000	    24	     1	     0.000	   259.943	      63701.2	       9473.2	    36.000	   223.219	     0.000	   259.219	     0.020	   447.270	    10264499.0	    88629096.0	
    69	  2000	    25	     1	     0.000	   261.669	      63786.5	       4210.3	    36.000	   225.021	     0.000	   261.021	     0.020	   447.270	    10264056.0	    88623752.0	
    69	  2000	    26	     1	     0.000	   263.302	      65854.9	       6315.5	    36.000	   226.592	     0.000	   262.592	     0.020	   447.270	    10264059.0	    88623792.0	
    69	  2000	    27	     1	     0.000	   264.614	      60965.3	      17893.8	    36.000	   227.905	     0.000	   263.905	     0.020	   447.272	    10265425.0	    88640256.0	
    69	  2000	    28	     1	     0.000	   266.216	      55735.9	      86311.2	    36.000	   229.697	     0.000	   265.697	     0.020	   447.281	    10271530.0	    88713904.0	
    69	  2000	    29	     1	     0.000	   271.163	      47333.0	     145255.4	    36.000	   235.497	     0.000	   271.497	     0.020	   447.290	    10277113.0	    88781248.0	
    69	  2000	    30	     1	     0.000	   272.811	      33701.9	     148413.1	    36.000	   237.924	     0.000	   273.924	     0.020	   447.292	    10278504.0	    88798040.0	
    69	  2000	    31	     1	     0.000	   274.583	      48255.3	      26314.4	    36.000	   239.890	     0.000	   275.890	     0.020	   447.274	    10267177.0	    88661384.0	
    69	  2000	    32	     1	     0.000	   277.409	      51503.7	       8420.6	    36.000	   241.135	     0.000	   277.135	     0.020	   447.272	    10265424.0	    88640248.0	
    69	  2000	    33	     1	     0.000	   278.662	      56651.8	       5262.9	    36.000	   242.143	     0.000	   278.143	     0.020	   447.271	    10264734.0	    88631936.0	
    69	  2000	    34	     1	     0.000	   280.245	      64253.0	       2105.2	    36.000	   243.630	     0.000	   279.630	     0.020	   447.269	    10263843.0	    88621184.0	
    69	  2000	    35	     1	     0.000	   281.861	      67767.6	       3157.7	    36.000	   245.122	     0.000	   281.122	     0.020	   447.269	    10263639.0	    88618720.0	
    69	  2000	    36	     1	     0.000	   283.321	      65711.6	       2105.2	    36.000	   246.553	     0.000	   282.553	     0.020	   447.269	    10263722.0	    88619720.0	
    69	  2000	    37	     1	     0.000	   284.755	      63685.6	       1052.6	    36.000	   247.999	     0.000	   283.999	     0.020	   447.269	    10263803.0	    88620696.0	
    69	  2000	    38	     1	     0.000	   286.055	      46508.8	      49471.0	    36.000	   249.310	     0.000	   285.310	     0.020	   447.277	    10269241.0	    88686288.0	
    69	  2000	    39	     1	     0.000	   298.153	      35312.0	      70522.5	    36.000	   262.168	     0.000	   298.168	     0.020	   447.282	    10271915.0	    88718536.0	
    69	  2000	    40	     1	     0.000	   296.753	      23735.2	     205252.1	    36.000	   261.140	     0.000	   297.140	     0.020	   447.300	    10284040.0	    88864840.0	
    69	  2000	    41	     1	     0.000	   324.352	      17352.3	     237881.8	    36.000	   290.434	     0.000	   326.434	     0.020	   447.305	    10287265.0	    88903760.0	
    69	  2000	    42	     1	     0.000	   339.652	      25616.6	     232615.7	    36.000	   306.205	     0.000	   342.205	     0.020	   447.304	    10285996.0	    88888440.0	
    69	  2000	    43	     1	     0.000	   308.710	      33140.1	     147356.3	    36.000	   275.107	     0.000	   311.107	     0.020	   447.292	    10278161.0	    88793896.0	
    69	  2000	    44	     1	     0.000	   322.435	      24275.8	     175775.0	    36.000	   287.736	     0.000	   323.736	     0.020	   447.296	    10281251.0	    88831176.0	
    69	  2000	    45	     1	     0.000	   439.760	      27315.2	     172617.3	    36.000	   405.494	     0.000	   441.494	     0.020	   447.296	    10280732.0	    88824920.0	
    69	  2000	    46	     1	     0.000	   421.380	      49758.9	      15788.1	    36.000	   387.049	     0.000	   423.049	     0.020	   447.273	    10265818.0	    88645008.0	
    69	  2000	    47	     1	     0.000	   312.543	      62002.1	       2105.1	    36.000	   276.130	     0.000	   312.130	     0.020	   447.269	    10263668.0	    88619072.0	
    69	  2000	    48	     1	     0.000	   347.918	      65263.2	          0.0	    36.000	   311.205	     0.000	   347.205	     0.020	   447.269	    10263223.0	    88613704.0	
    69	  2000	    49	     1	     0.000	   345.334	      55786.6	       4210.2	    36.000	   308.559	     0.000	   344.559	     0.020	   447.271	    10264358.0	    88627392.0	
    69	  2000	    50	     1	     0.000	   349.704	      52492.7	      13683.0	    36.000	   313.087	     0.000	   349.087	     0.020	   447.272	    10265417.0	    88640160.0	
    69	  2000	    51	     1	     0.000	   358.860	      63185.9	       3157.6	    36.000	   322.391	     0.000	   358.391	     0.020	   447.269	    10263656.0	    88618936.0	
    69	  2000	    52	     1	     0.000	   358.791	      52416.6	       5262.7	    36.000	   322.076	     0.000	   358.076	     0.020	   447.271	    10264725.0	    88631816.0	
    69	  2000	    53	     1	     0.000	   364.415	      60334.8	       2105.1	    36.000	   327.849	     0.000	   363.849	     0.020	   447.270	    10263806.0	    88620736.0	
    69	  2000	    54	     1	     0.000	   366.543	      59253.4	       3157.6	    36.000	   329.849	     0.000	   365.849	     0.020	   447.270	    10263983.0	    88622872.0	
    69	  2000	    55	     1	     0.000	   367.972	      60010.6	       4210.2	    36.000	   331.303	     0.000	   367.303	     0.020	   447.270	    10264008.0	    88623168.0	
    69	  2000	    56	     1	     0.000	   369.256	      59662.9	       4210.2	    36.000	   332.590	     0.000	   368.590	     0.020	   447.270	    10264036.0	    88623512.0	
    69	  2000	    57	     1	     0.000	   371.412	      66318.0	       1052.5	    36.000	   334.750	     0.000	   370.750	     0.020	   447.269	    10263223.0	    88613704.0	
    69	  2000	    58	     1	     0.000	   373.212	      53429.9	       5262.7	    36.000	   336.437	     0.000	   372.437	     0.020	   447.271	    10264640.0	    88630800.0	
    69	  2000	    59	     1	     0.000	   374.929	      55602.8	       6315.2	    36.000	   338.351	     0.000	   374.351	     0.020	   447.271	    10264547.0	    88629680.0	
    69	  2000	    60	     1	     0.000	   376.409	      57790.9	       2105.1	    36.000	   339.818	     0.000	   375.818	     0.020	   447.270	    10264017.0	    88623280.0	
    69	  2000	    61	     1	     0.000	   377.542	      59599.1	       2105.1	    36.000	   340.878	     0.000	   376.878	     0.020	   447.270	    10263867.0	    88621472.0	
    69	  2000	    62	     1	     0.000	   378.379	      56675.3	       2105.1	    36.000	   341.693	     0.000	   377.693	     0.020	   447.270	    10264110.0	    88624400.0	
    69	  2000	    63	     1	     0.000	   379.245	      52929.3	       6315.2	    36.000	   342.593	     0.000	   378.593	     0.020	   447.271	    10264769.0	    88632352.0	
    69	  2000	    64	     1	     0.000	   380.095	      35696.3	       1052.5	    36.000	   343.536	     0.000	   379.536	     0.020	   447.273	    10265762.0	    88644328.0	
    69	  2000	    65	     1	     0.000	   380.725	      36098.7	       3157.6	    36.000	   344.304	     0.000	   380.304	     0.020	   447.273	    10265903.0	    88646024.0	
    69	  2000	    66	     1	     0.000	   381.136	      39239.2	       8420.3	    36.000	   344.734	     0.000	   380.734	     0.020	   447.273	    10266080.0	    88648152.0	
    69	  2000	    67	     1	     0.000	   381.469	      43772.0	       9472.9	    36.000	   345.092	     0.000	   381.092	     0.020	   447.273	    10265791.0	    88644672.0	
    69	  2000	    68	     1	     0.000	   381.673	      51232.5	       8420.3	    36.000	   345.256	     0.000	   381.256	     0.020	   447.272	    10265084.0	    88636152.0	
    69	  2000	    69	     1	     0.000	   381.695	      46330.3	       1052.5	    36.000	   345.179	     0.000	   381.179	     0.020	   447.271	    10264880.0	    88633688.0	
    69	  2000	    70	     1	     0.000	   381.720	      51452.4	      12630.5	    36.000	   345.176	     0.000	   381.176	     0.020	   447.272	    10265415.0	    88640144.0	
    69	  2000	    71	     1	     0.000	   381.750	      51047.4	       2105.1	    36.000	   345.281	     0.000	   381.281	     0.020	   447.271	    10264576.0	    88630024.0	
    69	  2000	    72	     1	     0.000	   381.504	      47092.8	       2105.1	    36.000	   344.917	     0.000	   380.917	     0.020	   447.271	    10264905.0	    88633984.0	
    69	  2000	    73	     1	     0.000	   381.245	      39902.0	       4210.2	    36.000	   344.705	     0.000	   380.705	     0.020	   447.273	    10265675.0	    88643280.0	
    69	  2000	    74	     1	     0.000	   381.263	      56344.4	       1052.5	    36.000	   344.830	     0.000	   380.830	     0.020	   447.270	    10264050.0	    88623680.0	
    69	  2000	    75	     1	     0.000	   380.451	      55198.0	       4210.2	    36.000	   343.791	     0.000	   379.791	     0.020	   447.271	    10264407.0	    88627984.0	
    69	  2000	    76	     1	     0.000	   380.038	      55291.6	       4210.2	    36.000	   343.428	     0.000	   379.428	     0.020	   447.271	    10264399.0	    88627888.0	
    69	  2000	    77	     1	     0.000	   379.681	      52265.2	       6315.2	    36.000	   343.070	     0.000	   379.070	     0.020	   447.271	    10264824.0	    88633016.0	
    69	  2000	    78	     1	     0.000	   379.047	      51406.3	       3157.6	    36.000	   342.496	     0.000	   378.496	     0.020	   447.271	    10264634.0	    88630720.0	
    69	  2000	    79	     1	     0.000	   378.425	      54958.8	       2105.1	    36.000	   341.846	     0.000	   377.846	     0.020	   447.270	    10264252.0	    88626112.0	
    69	  2000	    80	     1	     0.000	   377.903	      48520.7	       7367.8	    36.000	   341.272	     0.000	   377.272	     0.020	   447.272	    10265222.0	    88637816.0	
    69	  2000	    81	     1	     0.000	   377.911	      44995.1	      32628.7	    36.000	   341.414	     0.000	   377.414	     0.020	   447.276	    10267609.0	    88666600.0	
    69	  2000	    82	     1	     0.000	   376.585	      53446.4	       7367.8	    36.000	   340.422	     0.000	   376.422	     0.020	   447.271	    10264814.0	    88632888.0	
    69	  2000	    83	     1	     0.000	   375.445	      43854.9	      10525.4	    36.000	   338.892	     0.000	   374.892	     0.020	   447.273	    10265871.0	    88645640.0	
    69	  2000	    84	     1	     0.000	   374.702	      35431.6	       5262.7	    36.000	   338.296	     0.000	   374.296	     0.020	   447.273	    10266133.0	    88648800.0	
    69	  2000	    85	     1	     0.000	   373.914	      55324.7	          0.0	    36.000	   337.544	     0.000	   373.544	     0.020	   447.270	    10264047.0	    88623640.0	
    69	  2000	    86	     1	     0.000	   372.844	      58304.2	          0.0	    36.000	   336.183	     0.000	   372.183	     0.020	   447.270	    10263800.0	    88620664.0	
    69	  2000	    87	     1	     0.000	   371.798	      50977.4	          0.0	    36.000	   335.103	     0.000	   371.103	     0.020	   447.271	    10264407.0	    88627992.0	
    69	  2000	    88	     1	     0.000	   370.826	      41433.5	       1052.5	    36.000	   334.216	     0.000	   370.216	     0.020	   447.272	    10265286.0	    88638584.0	
    69	  2000	    89	     1	     0.000	   369.875	      44609.4	       4210.2	    36.000	   333.387	     0.000	   369.387	     0.020	   447.272	    10265285.0	    88638568.0	
    69	  2000	    90	     1	     0.000	   368.829	      43773.8	       2105.1	    36.000	   332.341	     0.000	   368.341	     0.020	   447.272	    10265179.0	    88637296.0	
    69	  2000	    91	     1	     0.000	   367.678	      33569.0	       1052.5	    36.000	   331.175	     0.000	   367.175	     0.020	   447.273	    10265938.0	    88646448.0	
    69	  2000	    92	     1	     0.000	   366.460	      42025.1	          0.0	    36.000	   330.064	     0.000	   366.064	     0.020	   447.272	    10265150.0	    88636944.0	
    69	  2000	    93	     1	     0.000	   365.216	      40399.5	          0.0	    36.000	   328.710	     0.000	   364.710	     0.020	   447.272	    10265285.0	    88638568.0	
    69	  2000	    94	     1	     0.000	   363.893	      46162.9	          0.0	    36.000	   327.405	     0.000	   363.405	     0.020	   447.271	    10264807.0	    88632808.0	
    69	  2000	    95	     1	     0.000	   362.575	      46383.6	          0.0	    36.000	   326.020	     0.000	   362.020	     0.020	   447.271	    10264788.0	    88632584.0	
    69	  2000	    96	     1	     0.000	   361.248	      50673.5	          0.0	    36.000	   324.692	     0.000	   360.692	     0.020	   447.271	    10264433.0	    88628296.0	
    69	  2000	    97	     1	     0.000	   359.888	      56399.6	          0.0	    36.000	   323.281	     0.000	   359.281	     0.020	   447.270	    10263958.0	    88622568.0	
    69	  2000	    98	     1	     0.000	   358.428	      56169.3	          0.0	    36.000	   321.756	     0.000	   357.756	     0.020	   447.270	    10263977.0	    88622800.0	
    69	  2000	    99	     1	     0.000	   357.004	      56202.7	          0.0	    36.000	   320.334	     0.000	   356.334	     0.020	   447.270	    10263974.0	    88622768.0	
    69	  2000	   100	     1	     0.000	   355.556	      48557.6	          0.0	    36.000	   318.886	     0.000	   354.886	     0.020	   447.271	    10264608.0	    88630408.0	
    69	  2000	   101	     1	     0.000	   354.163	      45212.3	       1052.5	    36.000	   317.581	     0.000	   353.581	     0.020	   447.271	    10264973.0	    88634808.0	
    69	  2000	   102	     1	     0.000	   352.682	      45611.6	          0.0	    36.000	   316.150	     0.000	   352.150	     0.020	   447.271	    10264853.0	    88633360.0	
    69	  2000	   103	     1	     0.000	   351.232	      52046.0	          0.0	    36.000	   314.684	     0.000	   350.684	     0.020	   447.270	    10264318.0	    88626920.0	
    69	  2000	   104	     1	     0.000	   349.555	      49720.6	          0.0	    36.000	   312.933	     0.000	   348.933	     0.020	   447.271	    10264512.0	    88629248.0	
    69	  2000	   105	     1	     0.000	   348.011	      51311.1	          0.0	    36.000	   311.415	     0.000	   347.415	     0.020	   447.271	    10264380.0	    88627656.0	
    69	  2000	   106	     1	     0.000	   346.424	      52872.4	          0.0	    36.000	   309.811	     0.000	   345.811	     0.020	   447.270	    10264250.0	    88626096.0	
    69	  2000	   107	     1	     0.000	   344.800	      55240.5	          0.0	    36.000	   308.169	     0.000	   344.169	     0.020	   447.270	    10264054.0	    88623728.0	
    69	  2000	   108	     1	     0.000	   343.194	      54583.3	          0.0	    36.000	   306.535	     0.000	   342.535	     0.020	   447.270	    10264108.0	    88624384.0	
    69	  2000	   109	     1	     0.000	   341.611	      46774.7	          0.0	    36.000	   304.959	     0.000	   340.959	     0.020	   447.271	    10264756.0	    88632192.0	
    69	  2000	   110	     1	     0.000	   340.084	      44424.6	          0.0	    36.000	   303.523	     0.000	   339.523	     0.020	   447.271	    10264951.0	    88634544.0	
    69	  2000	   111	     1	     0.000	   338.393	      38723.9	       3157.6	    36.000	   301.859	     0.000	   337.859	     0.020	   447.273	    10265685.0	    88643400.0	
    69	  2000	   112	     1	     0.000	   336.912	      29462.9	       1052.5	    36.000	   300.480	     0.000	   336.480	     0.020	   447.273	    10266279.0	    88650560.0	
    69	  2000	   113	     1	     0.000	   335.290	      30583.9	          0.0	    36.000	   298.941	     0.000	   334.941	     0.020	   447.273	    10266098.0	    88648384.0	
    69	  2000	   114	     1	     0.000	   333.525	      43634.2	          0.0	    36.000	   297.151	     0.000	   333.151	     0.020	   447.272	    10265016.0	    88635336.0	
    69	  2000	   115	     1	     0.000	   331.797	      32797.4	          0.0	    36.000	   295.272	     0.000	   331.272	     0.020	   447.273	    10265915.0	    88646168.0	
    69	  2000	   116	     1	     0.000	   330.151	      42871.5	          0.0	    36.000	   293.751	     0.000	   329.751	     0.020	   447.272	    10265080.0	    88636096.0	
    69	  2000	   117	     1	     0.000	   328.390	      48451.2	          0.0	    36.000	   291.874	     0.000	   327.874	     0.020	   447.271	    10264617.0	    88630520.0	
    69	  2000	   118	     1	     0.000	   326.671	      51469.3	          0.0	    36.000	   290.091	     0.000	   326.091	     0.020	   447.271	    10264366.0	    88627496.0	
    69	  2000	   119	     1	     0.000	   324.968	      50252.9	          0.0	    36.000	   288.352	     0.000	   324.352	     0.020	   447.271	    10264468.0	    88628712.0	
    69	  2000	   120	     1	     0.000	   323.357	      41867.9	          0.0	    36.000	   286.755	     0.000	   322.755	     0.020	   447.272	    10265163.0	    88637104.0	
    69	  2000	   121	     1	     0.000	   321.674	      44499.4	          0.0	    36.000	   285.169	     0.000	   321.169	     0.020	   447.271	    10264945.0	    88634472.0	
    69	  2000	   122	     1	     0.000	   319.948	      44639.9	          0.0	    36.000	   283.413	     0.000	   319.413	     0.020	   447.271	    10264933.0	    88634328.0	
    69	  2000	   123	     1	     0.000	   318.257	      52795.1	          0.0	    36.000	   281.720	     0.000	   317.720	     0.020	   447.270	    10264257.0	    88626176.0	
    69	  2000	   124	     1	     0.000	   316.453	      44401.6	          0.0	    36.000	   279.822	     0.000	   315.822	     0.020	   447.271	    10264953.0	    88634568.0	
    69	  2000	   125	     1	     0.000	   314.820	      39457.7	          0.0	    36.000	   278.286	     0.000	   314.286	     0.020	   447.272	    10265363.0	    88639512.0	
    69	  2000	   126	     1	     0.000	   313.170	      33448.3	          0.0	    36.000	   276.694	     0.000	   312.694	     0.020	   447.273	    10265861.0	    88645520.0	
    69	  2000	   127	     1	     0.000	   311.444	      45165.5	          0.0	    36.000	   275.037	     0.000	   311.037	     0.020	   447.271	    10264889.0	    88633800.0	
    69	  2000	   128	     1	     0.000	   309.723	      32978.7	          0.0	    36.000	   273.180	     0.000	   309.180	     0.020	   447.273	    10265900.0	    88645992.0	
    69	  2000	   129	     1	     0.000	   308.056	      27205.2	       3157.6	    36.000	   271.655	     0.000	   307.655	     0.020	   447.274	    10266640.0	    88654920.0	
    69	  2000	   130	     1	     0.000	   306.434	      35799.0	          0.0	    36.000	   270.136	     0.000	   306.136	     0.020	   447.273	    10265666.0	    88643168.0	
    69	  2000	   131	     1	     0.000	   304.666	      45060.3	          0.0	    36.000	   268.231	     0.000	   304.231	     0.020	   447.271	    10264898.0	    88633904.0	
    69	  2000	   132	     1	     0.000	   302.862	      44469.1	          0.0	    36.000	   266.320	     0.000	   302.320	     0.020	   447.271	    10264947.0	    88634496.0	
    69	  2000	   133	     1	     0.000	   301.171	      34730.4	       2105.1	    36.000	   264.636	     0.000	   300.636	     0.020	   447.273	    10265929.0	    88646344.0	
    69	  2000	   134	     1	     0.000	   299.558	      43040.3	          0.0	    36.000	   263.161	     0.000	   299.161	     0.020	   447.272	    10265065.0	    88635928.0	
    69	  2000	   135	     1	     0.000	   297.887	      42656.0	          0.0	    36.000	   261.368	     0.000	   297.368	     0.020	   447.272	    10265098.0	    88636312.0	
    69	  2000	   136	     1	     0.000	   296.113	      45407.0	          0.0	    36.000	   259.599	     0.000	   295.599	     0.020	   447.271	    10264869.0	    88633560.0	
    69	  2000	   137	     1	     0.000	   294.409	      41608.6	          0.0	    36.000	   257.864	     0.000	   293.864	     0.020	   447.272	    10265185.0	    88637360.0	
    69	  2000	   138	     1	     0.000	   292.718	      41923.5	          0.0	    36.000	   256.217	     0.000	   292.217	     0.020	   447.272	    10265158.0	    88637048.0	
    69	  2000	   139	     1	     0.000	   291.043	      39477.3	          0.0	    36.000	   254.538	     0.000	   290.538	     0.020	   447.272	    10265361.0	    88639488.0	
    69	  2000	   140	     1	     0.000	   289.368	      42202.5	          0.0	    36.000	   252.891	     0.000	   288.891	     0.020	   447.272	    10265135.0	    88636768.0	
    69	  2000	   141	     1	     0.000	   287.685	      45852.6	          0.0	    36.000	   251.176	     0.000	   287.176	     0.020	   447.271	    10264832.0	    88633112.0	
    69	  2000	   142	     1	     0.000	   286.007	      42883.0	          0.0	    36.000	   249.457	     0.000	   285.457	     0.020	   447.272	    10265079.0	    88636088.0	
    69	  2000	   143	     1	     0.000	   284.401	      46817.8	          0.0	    36.000	   247.884	     0.000	   283.884	     0.020	   447.271	    10264753.0	    88632152.0	
    69	  2000	   144	     1	     0.000	   282.695	      37534.7	          0.0	    36.000	   246.133	     0.000	   282.133	     0.020	   447.272	    10265522.0	    88641432.0	
    69	  2000	   145	     1	     0.000	   281.133	      46578.1	          0.0	    36.000	   244.679	     0.000	   280.679	     0.020	   447.271	    10264772.0	    88632392.0	
    69	  2000	   146	     1	     0.000	   279.367	      47666.5	          0.0	    36.000	   242.808	     0.000	   278.808	     0.020	   447.271	    10264682.0	    88631304.0	
    69	  2000	   147	     1	     0.000	   277.708	      46790.7	          0.0	    36.000	   241.136	     0.000	   277.136	     0.020	   447.271	    10264755.0	    88632176.0	
    69	  2000	   148	     1	     0.000	   276.051	      47001.7	          0.0	    36.000	   239.490	     0.000	   275.490	     0.020	   447.271	    10264737.0	    88631968.0	
    69	  2000	   149	     1	     0.000	   274.417	      46366.1	          0.0	    36.000	   237.853	     0.000	   273.853	     0.020	   447.271	    10264789.0	    88632600.0	
    69	  2000	   150	     1	     0.000	   272.810	      42247.8	          0.0	    36.000	   236.253	     0.000	   272.253	     0.020	   447.272	    10265132.0	    88636720.0	
    69	  2000	   151	     1	     0.000	   271.198	      45172.6	          0.0	    36.000	   234.689	     0.000	   270.689	     0.020	   447.271	    10264889.0	    88633792.0	
    69	  2000	   152	     1	     0.000	   269.550	      46709.3	          0.0	    36.000	   233.008	     0.000	   269.008	     0.020	   447.271	    10264761.0	    88632256.0	
    69	  2000	   153	     1	     0.000	   267.930	      46344.9	          0.0	    36.000	   231.369	     0.000	   267.369	     0.020	   447.271	    10264791.0	    88632624.0	
    69	  2000	   154	     1	     0.000	   266.342	      42075.8	          0.0	    36.000	   229.785	     0.000	   265.785	     0.020	   447.272	    10265146.0	    88636896.0	
    69	  2000	   155	     1	     0.000	   264.778	      36277.3	       1052.5	    36.000	   228.271	     0.000	   264.271	     0.020	   447.273	    10265714.0	    88643744.0	
    69	  2000	   156	     1	     0.000	   263.282	      30659.3	          0.0	    36.000	   226.855	     0.000	   262.855	     0.020	   447.273	    10266093.0	    88648312.0	
    69	  2000	   157	     1	     0.000	   261.723	      31439.3	          0.0	    36.000	   225.348	     0.000	   261.348	     0.020	   447.273	    10266027.0	    88647528.0	
    69	  2000	   158	     1	     0.000	   260.201	      31062.9	       1052.5	    36.000	   223.817	     0.000	   259.817	     0.020	   447.273	    10266146.0	    88648960.0	
    69	  2000	   159	     1	     0.000	   258.657	      29028.5	       1052.5	    36.000	   222.290	     0.000	   258.290	     0.020	   447.274	    10266315.0	    88650992.0	
    69	  2000	   160	     1	     0.000	   256.924	      44360.9	          0.0	    36.000	   220.580	     0.000	   256.580	     0.020	   447.271	    10264956.0	    88634608.0	
    69	  2000	   161	     1	     0.000	   255.271	      42830.6	          0.0	    36.000	   218.737	     0.000	   254.737	     0.020	   447.272	    10265083.0	    88636136.0	
    69	  2000	   162	     1	     0.000	   253.701	      39627.1	          0.0	    36.000	   217.185	     0.000	   253.185	     0.020	   447.272	    10265349.0	    88639344.0	
    69	  2000	   163	     1	     0.000	   252.182	      49151.8	          0.0	    36.000	   215.703	     0.000	   251.703	     0.020	   447.271	    10264559.0	    88629816.0	
    69	  2000	   164	     1	     0.000	   250.601	      45665.5	          0.0	    36.000	   214.012	     0.000	   250.012	     0.020	   447.271	    10264848.0	    88633304.0	
    69	  2000	   165	     1	     0.000	   249.115	      31798.9	       4210.2	    36.000	   212.566	     0.000	   248.566	     0.020	   447.274	    10266346.0	    88651376.0	
    69	  2000	   166	     1	     0.000	   247.681	      37200.0	          0.0	    36.000	   211.342	     0.000	   247.342	     0.020	   447.272	    10265550.0	    88641768.0	
    69	  2000	   167	     1	     0.000	   246.165	      43336.8	          0.0	    36.000	   209.714	     0.000	   245.714	     0.020	   447.272	    10265041.0	    88635632.0	
    69	  2000	   168	     1	     0.000	   244.537	      49298.4	          0.0	    36.000	   208.015	     0.000	   244.015	     0.020	   447.271	    10264547.0	    88629672.0	
    69	  2000	   169	     1	     0.000	   242.967	      47131.9	          0.0	    36.000	   206.376	     0.000	   242.376	     0.020	   447.271	    10264727.0	    88631840.0	
    69	  2000	   170	     1	     0.000	   241.438	      44897.4	       1052.5	    36.000	   204.873	     0.000	   240.873	     0.020	   447.272	    10264999.0	    88635120.0	
    69	  2000	   171	     1	     0.000	   239.998	      43427.3	          0.0	    36.000	   203.470	     0.000	   239.470	     0.020	   447.272	    10265034.0	    88635544.0	
    69	  2000	   172	     1	     0.000	   238.503	      51097.7	          0.0	    36.000	   201.980	     0.000	   237.980	     0.020	   447.271	    10264398.0	    88627872.0	
    69	  2000	   173	     1	     0.000	   236.956	      52802.5	          0.0	    36.000	   200.344	     0.000	   236.344	     0.020	   447.270	    10264256.0	    88626168.0	
    69	  2000	   174	     1	     0.000	   235.452	      53213.5	          0.0	    36.000	   198.820	     0.000	   234.820	     0.020	   447.270	    10264222.0	    88625752.0	
    69	  2000	   175	     1	     0.000	   233.997	      46426.8	          0.0	    36.000	   197.361	     0.000	   233.361	     0.020	   447.271	    10264785.0	    88632544.0	
    69	  2000	   176	     1	     0.000	   232.727	      45928.9	          0.0	    36.000	   196.170	     0.000	   232.170	     0.020	   447.271	    10264826.0	    88633040.0	
    69	  2000	   177	     1	     0.000	   231.161	      44688.4	          0.0	    36.000	   194.609	     0.000	   230.609	     0.020	   447.271	    10264929.0	    88634280.0	
    69	  2000	   178	     1	     0.000	   229.776	      37341.3	       1052.5	    36.000	   193.239	     0.000	   229.239	     0.020	   447.272	    10265625.0	    88642680.0	
    69	  2000	   179	     1	     0.000	   228.345	      35368.7	       1052.5	    36.000	   191.905	     0.000	   227.905	     0.020	   447.273	    10265788.0	    88644648.0	
    69	  2000	   180	     1	     0.000	   226.839	      49023.9	          0.0	    36.000	   190.421	     0.000	   226.421	     0.020	   447.271	    10264570.0	    88629944.0	
    69	  2000	   181	     1	     0.000	   225.386	      52915.8	          0.0	    36.000	   188.799	     0.000	   224.799	     0.020	   447.270	    10264247.0	    88626056.0	
    69	  2000	   182	     1	     0.000	   223.919	      53907.2	          0.0	    36.000	   187.287	     0.000	   223.287	     0.020	   447.270	    10264165.0	    88625064.0	
    69	  2000	   183	     1	     0.000	   222.502	      52690.9	          0.0	    36.000	   185.858	     0.000	   221.858	     0.020	   447.270	    10264265.0	    88626280.0	
    69	  2000	   184	     1	     0.000	   221.154	      48035.0	          0.0	    36.000	   184.524	     0.000	   220.524	     0.020	   447.271	    10264652.0	    88630936.0	
    69	  2000	   185	     1	     0.000	   219.770	      48771.2	          0.0	    36.000	   183.194	     0.000	   219.194	     0.020	   447.271	    10264591.0	    88630200.0	
    69	  2000	   186	     1	     0.000	   218.341	      54942.4	          0.0	    36.000	   181.757	     0.000	   217.757	     0.020	   447.270	    10264078.0	    88624024.0	
    69	  2000	   187	     1	     0.000	   216.946	      38824.0	          0.0	    36.000	   180.290	     0.000	   216.290	     0.020	   447.272	    10265415.0	    88640144.0	
    69	  2000	   188	     1	     0.000	   215.657	      53586.0	          0.0	    36.000	   179.188	     0.000	   215.188	     0.020	   447.270	    10264191.0	    88625384.0	
    69	  2000	   189	     1	     0.000	   214.181	      56153.0	          0.0	    36.000	   177.541	     0.000	   213.541	     0.020	   447.270	    10263978.0	    88622816.0	
    69	  2000	   190	     1	     0.000	   212.798	      53729.0	          0.0	    36.000	   176.128	     0.000	   212.128	     0.020	   447.270	    10264180.0	    88625240.0	
    69	  2000	   191	     1	     0.000	   211.454	      49710.1	          0.0	    36.000	   174.812	     0.000	   210.812	     0.020	   447.271	    10264513.0	    88629256.0	
    69	  2000	   192	     1	     0.000	   210.205	      51264.3	          0.0	    36.000	   173.609	     0.000	   209.609	     0.020	   447.271	    10264384.0	    88627704.0	
    69	  2000	   193	     1	     0.000	   208.860	      54519.0	          0.0	    36.000	   172.247	     0.000	   208.247	     0.020	   447.270	    10264114.0	    88624448.0	
    69	  2000	   194	     1	     0.000	   207.491	      48687.2	          0.0	    36.000	   170.840	     0.000	   206.840	     0.020	   447.271	    10264597.0	    88630280.0	
    69	  2000	   195	     1	     0.000	   206.208	      35035.6	          0.0	    36.000	   169.625	     0.000	   205.625	     0.020	   447.273	    10265730.0	    88643936.0	
    69	  2000	   196	     1	     0.000	   204.996	      56204.0	          0.0	    36.000	   168.570	     0.000	   204.570	     0.020	   447.270	    10263974.0	    88622768.0	
    69	  2000	   197	     1	     0.000	   203.496	      58823.8	          0.0	    36.000	   166.825	     0.000	   202.825	     0.020	   447.270	    10263757.0	    88620144.0	
    69	  2000	   198	     1	     0.000	   202.157	      58997.0	          0.0	    36.000	   165.456	     0.000	   201.456	     0.020	   447.270	    10263742.0	    88619968.0	
    69	  2000	   199	     1	     0.000	   200.863	      58936.0	          0.0	    36.000	   164.160	     0.000	   200.160	     0.020	   447.270	    10263747.0	    88620032.0	
    69	  2000	   200	     1	     0.000	   199.593	      57906.5	          0.0	    36.000	   162.891	     0.000	   198.891	     0.020	   447.270	    10263833.0	    88621064.0	
    69	  2000	   201	     1	     0.000	   198.322	      57328.6	          0.0	    36.000	   161.632	     0.000	   197.632	     0.020	   447.270	    10263881.0	    88621640.0	
    69	  2000	   202	     1	     0.000	   197.032	      57909.1	          0.0	    36.000	   160.348	     0.000	   196.348	     0.020	   447.270	    10263832.0	    88621056.0	
    69	  2000	   203	     1	     0.000	   195.801	      55291.8	          0.0	    36.000	   159.111	     0.000	   195.111	     0.020	   447.270	    10264050.0	    88623680.0	
    69	  2000	   204	     1	     0.000	   194.583	      58895.7	          0.0	    36.000	   157.923	     0.000	   193.923	     0.020	   447.270	    10263751.0	    88620072.0	
    69	  2000	   205	     1	     0.000	   193.307	      47519.8	       1052.5	    36.000	   156.605	     0.000	   192.605	     0.020	   447.271	    10264782.0	    88632504.0	
    69	  2000	   206	     1	     0.000	   192.173	      55871.2	          0.0	    36.000	   155.615	     0.000	   191.615	     0.020	   447.270	    10264002.0	    88623096.0	
    69	  2000	   207	     1	     0.000	   190.890	      54619.7	          0.0	    36.000	   154.224	     0.000	   190.224	     0.020	   447.270	    10264106.0	    88624352.0	
    69	  2000	   208	     1	     0.000	   189.686	      57772.0	          0.0	    36.000	   153.034	     0.000	   189.034	     0.020	   447.270	    10263844.0	    88621200.0	
    69	  2000	   209	     1	     0.000	   188.406	      61986.4	          0.0	    36.000	   151.717	     0.000	   187.717	     0.020	   447.269	    10263495.0	    88616984.0	
    69	  2000	   210	     1	     0.000	   187.165	      65972.1	          0.0	    36.000	   150.428	     0.000	   186.428	     0.020	   447.269	    10263164.0	    88612992.0	
    69	  2000	   211	     1	     0.000	   185.985	      57588.2	          0.0	    36.000	   149.201	     0.000	   185.201	     0.020	   447.270	    10263859.0	    88621376.0	
    69	  2000	   212	     1	     0.000	   185.091	      56090.1	       1052.5	    36.000	   148.405	     0.000	   184.405	     0.020	   447.270	    10264070.0	    88623928.0	
    69	  2000	   213	     1	     0.000	   183.692	      66495.9	          0.0	    36.000	   147.035	     0.000	   183.035	     0.020	   447.269	    10263120.0	    88612472.0	
    69	  2000	   214	     1	     0.000	   182.312	      63636.2	          0.0	    36.000	   145.522	     0.000	   181.522	     0.020	   447.269	    10263357.0	    88615328.0	
    69	  2000	   215	     1	     0.000	   181.205	      56094.8	          0.0	    36.000	   144.448	     0.000	   180.448	     0.020	   447.270	    10263983.0	    88622872.0	
    69	  2000	   216	     1	     0.000	   180.109	      55744.9	       1052.5	    36.000	   143.439	     0.000	   179.439	     0.020	   447.270	    10264099.0	    88624272.0	
    69	  2000	   217	     1	     0.000	   179.302	      46720.2	      26313.5	    36.000	   142.649	     0.000	   178.649	     0.020	   447.275	    10266942.0	    88658560.0	
    69	  2000	   218	     1	     0.000	   178.032	      20972.0	       3157.6	    36.000	   141.776	     0.000	   177.776	     0.020	   447.275	    10267157.0	    88661152.0	
    69	  2000	   219	     1	     0.000	   177.066	      45524.5	       2105.1	    36.000	   140.840	     0.000	   176.840	     0.020	   447.272	    10265035.0	    88635552.0	
    69	  2000	   220	     1	     0.000	   176.321	      29127.3	      52627.0	    36.000	   139.798	     0.000	   175.798	     0.020	   447.280	    10270583.0	    88702464.0	
    69	  2000	   221	     1	     0.000	   176.889	      27120.3	       4210.2	    36.000	   141.141	     0.000	   177.141	     0.020	   447.274	    10266734.0	    88656056.0	
    69	  2000	   222	     1	     0.000	   174.390	      46917.7	          0.0	    36.000	   138.105	     0.000	   174.105	     0.020	   447.271	    10264744.0	    88632048.0	
    69	  2000	   223	     1	     0.000	   172.241	      57435.0	          0.0	    36.000	   135.678	     0.000	   171.678	     0.020	   447.270	    10263872.0	    88621536.0	
    69	  2000	   224	     1	     0.000	   170.990	      50866.1	          0.0	    36.000	   134.305	     0.000	   170.305	     0.020	   447.271	    10264417.0	    88628104.0	
    69	  2000	   225	     1	     0.000	   169.992	      58421.4	          0.0	    36.000	   133.383	     0.000	   169.383	     0.020	   447.270	    10263790.0	    88620544.0	
    69	  2000	   226	     1	     0.000	   168.773	      60683.5	          0.0	    36.000	   132.077	     0.000	   168.077	     0.020	   447.269	    10263603.0	    88618288.0	
    69	  2000	   227	     1	     0.000	   167.667	      62587.0	          0.0	    36.000	   130.945	     0.000	   166.945	     0.020	   447.269	    10263445.0	    88616384.0	
    69	  2000	   228	     1	     0.000	   166.564	      68286.7	          0.0	    36.000	   129.820	     0.000	   165.820	     0.020	   447.268	    10262972.0	    88610680.0	
    69	  2000	   229	     1	     0.000	   165.469	      65836.8	          0.0	    36.000	   128.659	     0.000	   164.659	     0.020	   447.269	    10263175.0	    88613128.0	
    69	  2000	   230	     1	     0.000	   164.395	      70269.4	          0.0	    36.000	   127.613	     0.000	   163.613	     0.020	   447.268	    10262807.0	    88608696.0	
    69	  2000	   231	     1	     0.000	   163.316	      62981.0	          0.0	    36.000	   126.483	     0.000	   162.483	     0.020	   447.269	    10263412.0	    88615984.0	
    69	  2000	   232	     1	     0.000	   162.301	      72108.2	          0.0	    36.000	   125.552	     0.000	   161.552	     0.020	   447.268	    10262655.0	    88606856.0	
    69	  2000	   233	     1	     0.000	   161.171	      71676.8	          0.0	    36.000	   124.316	     0.000	   160.316	     0.020	   447.268	    10262691.0	    88607288.0	
    69	  2000	   234	     1	     0.000	   160.053	      74885.2	          0.0	    36.000	   123.204	     0.000	   159.204	     0.020	   447.268	    10262424.0	    88604080.0	
    69	  2000	   235	     1	     0.000	   158.996	      74987.1	          0.0	    36.000	   122.109	     0.000	   158.109	     0.020	   447.268	    10262417.0	    88603984.0	
    69	  2000	   236	     1	     0.000	   157.938	      76138.9	          0.0	    36.000	   121.050	     0.000	   157.050	     0.020	   447.267	    10262321.0	    88602832.0	
    69	  2000	   237	     1	     0.000	   156.901	      70733.8	          0.0	    36.000	   119.999	     0.000	   155.999	     0.020	   447.268	    10262769.0	    88608232.0	
    69	  2000	   238	     1	     0.000	   155.912	      70514.5	          0.0	    36.000	   119.073	     0.000	   155.073	     0.020	   447.268	    10262787.0	    88608456.0	
    69	  2000	   239	     1	     0.000	   154.967	      61877.4	          0.0	    36.000	   118.131	     0.000	   154.131	     0.020	   447.269	    10263503.0	    88617088.0	
    69	  2000	   240	     1	     0.000	   154.057	      48546.9	       2105.1	    36.000	   117.320	     0.000	   153.320	     0.020	   447.271	    10264784.0	    88632528.0	
    69	  2000	   241	     1	     0.000	   153.170	      46642.5	       8420.3	    36.000	   116.613	     0.000	   152.613	     0.020	   447.272	    10265465.0	    88640744.0	
    69	  2000	   242	     1	     0.000	   152.260	      66777.2	          0.0	    36.000	   115.797	     0.000	   151.797	     0.020	   447.269	    10263098.0	    88612192.0	
    69	  2000	   243	     1	     0.000	   150.916	      66809.7	          0.0	    36.000	   114.124	     0.000	   150.124	     0.020	   447.269	    10263095.0	    88612160.0	
    69	  2000	   244	     1	     0.000	   149.988	      65977.8	          0.0	    36.000	   113.195	     0.000	   149.195	     0.020	   447.269	    10263164.0	    88612992.0	
    69	  2000	   245	     1	     0.000	   149.100	      53744.1	          0.0	    36.000	   112.317	     0.000	   148.317	     0.020	   447.270	    10264178.0	    88625224.0	
    69	  2000	   246	     1	     0.000	   148.244	      65548.3	          0.0	    36.000	   111.602	     0.000	   147.602	     0.020	   447.269	    10263199.0	    88613416.0	
    69	  2000	   247	     1	     0.000	   147.022	      68741.6	          0.0	    36.000	   110.243	     0.000	   146.243	     0.020	   447.268	    10262934.0	    88610224.0	
    69	  2000	   248	     1	     0.000	   146.057	      68680.2	       1052.5	    36.000	   109.241	     0.000	   145.241	     0.020	   447.268	    10263027.0	    88611344.0	
    69	  2000	   249	     1	     0.000	   145.178	      69459.2	      33681.3	    36.000	   108.376	     0.000	   144.376	     0.020	   447.273	    10265668.0	    88643192.0	
    69	  2000	   250	     1	     0.000	   145.643	      42185.4	      58942.2	    36.000	   109.209	     0.000	   145.209	     0.020	   447.279	    10270024.0	    88695728.0	
    69	  2000	   251	     1	     0.000	   144.463	      68315.6	          0.0	    36.000	   108.637	     0.000	   144.637	     0.020	   447.268	    10262970.0	    88610656.0	
    69	  2000	   252	     1	     0.000	   142.289	      76255.1	          0.0	    36.000	   105.479	     0.000	   141.479	     0.020	   447.267	    10262311.0	    88602712.0	
    69	  2000	   253	     1	     0.000	   141.174	      81681.4	          0.0	    36.000	   104.272	     0.000	   140.272	     0.020	   447.267	    10261861.0	    88597288.0	
    69	  2000	   254	     1	     0.000	   140.169	      83670.8	          0.0	    36.000	   103.204	     0.000	   139.204	     0.020	   447.266	    10261696.0	    88595296.0	
    69	  2000	   255	     1	     0.000	   139.178	      85367.3	          0.0	    36.000	   102.190	     0.000	   138.190	     0.020	   447.266	    10261556.0	    88593600.0	
    69	  2000	   256	     1	     0.000	   138.234	      85615.8	          0.0	    36.000	   101.225	     0.000	   137.225	     0.020	   447.266	    10261535.0	    88593352.0	
    69	  2000	   257	     1	     0.000	   137.296	      87284.5	          0.0	    36.000	   100.285	     0.000	   136.285	     0.020	   447.266	    10261396.0	    88591680.0	
    69	  2000	   258	     1	     0.000	   136.382	      82971.4	          0.0	    36.000	    99.352	     0.000	   135.352	     0.020	   447.267	    10261754.0	    88596000.0	
    69	  2000	   259	     1	     0.000	   135.541	      83556.5	          0.0	    36.000	    98.561	     0.000	   134.561	     0.020	   447.266	    10261705.0	    88595408.0	
    69	  2000	   260	     1	     0.000	   134.592	      82936.3	          0.0	    36.000	    97.605	     0.000	   133.605	     0.020	   447.267	    10261757.0	    88596032.0	
    69	  2000	   261	     1	     0.000	   133.719	      86141.9	          0.0	    36.000	    96.739	     0.000	   132.739	     0.020	   447.266	    10261491.0	    88592824.0	
    69	  2000	   262	     1	     0.000	   132.787	      79969.4	          0.0	    36.000	    95.770	     0.000	   131.770	     0.020	   447.267	    10262003.0	    88599000.0	
    69	  2000	   263	     1	     0.000	   131.942	      79504.9	          0.0	    36.000	    94.996	     0.000	   130.996	     0.020	   447.267	    10262042.0	    88599464.0	
    69	  2000	   264	     1	     0.000	   131.117	      77838.3	          0.0	    36.000	    94.176	     0.000	   130.176	     0.020	   447.267	    10262180.0	    88601128.0	
    69	  2000	   265	     1	     0.000	   130.233	      76868.8	       2105.1	    36.000	    93.312	     0.000	   129.312	     0.020	   447.268	    10262436.0	    88604208.0	
    69	  2000	   266	     1	     0.000	   129.318	      74479.0	       1052.5	    36.000	    92.432	     0.000	   128.432	     0.020	   447.268	    10262546.0	    88605544.0	
    69	  2000	   267	     1	     0.000	   128.591	      79302.9	          0.0	    36.000	    91.721	     0.000	   127.721	     0.020	   447.267	    10262059.0	    88599664.0	
    69	  2000	   268	     1	     0.000	   127.603	      76347.8	       1052.5	    36.000	    90.665	     0.000	   126.665	     0.020	   447.268	    10262391.0	    88603672.0	
    69	  2000	   269	     1	     0.000	   126.747	      78729.0	          0.0	    36.000	    89.856	     0.000	   125.856	     0.020	   447.267	    10262106.0	    88600240.0	
    69	  2000	   270	     1	     0.000	   125.925	      78908.5	          0.0	    36.000	    88.993	     0.000	   124.993	     0.020	   447.267	    10262091.0	    88600056.0	
    69	  2000	   271	     1	     0.000	   124.999	      75563.5	          0.0	    36.000	    88.066	     0.000	   124.066	     0.020	   447.267	    10262369.0	    88603408.0	
    69	  2000	   272	     1	     0.000	   124.288	      71691.8	       4210.2	    36.000	    87.393	     0.000	   123.393	     0.020	   447.268	    10263039.0	    88611488.0	
    69	  2000	   273	     1	     0.000	   123.880	      34186.5	      56837.1	    36.000	    87.079	     0.000	   123.079	     0.020	   447.280	    10270512.0	    88701616.0	
    69	  2000	   274	     1	     0.000	   125.223	      33096.5	      55784.6	    36.000	    89.465	     0.000	   125.465	     0.020	   447.280	    10270515.0	    88701656.0	
    69	  2000	   275	     1	     0.000	   123.360	      29611.7	      65257.4	    36.000	    87.602	     0.000	   123.602	     0.020	   447.282	    10271590.0	    88714616.0	
    69	  2000	   276	     1	     0.000	   122.309	      46751.3	      18945.7	    36.000	    86.701	     0.000	   122.701	     0.020	   447.274	    10266329.0	    88651160.0	
    69	  2000	   277	     1	     0.000	   120.734	      59376.2	      23155.9	    36.000	    84.392	     0.000	   120.392	     0.020	   447.272	    10265631.0	    88642744.0	
    69	  2000	   278	     1	     0.000	   119.858	      50587.3	      79993.0	    36.000	    83.419	     0.000	   119.419	     0.020	   447.281	    10271073.0	    88708376.0	
    69	  2000	   279	     1	     0.000	   184.592	      16057.8	     410490.3	    36.000	   148.912	     0.000	   184.912	     0.020	   447.327	    10301316.0	    89073400.0	
    69	  2000	   280	     1	     0.000	   139.135	      18947.7	     222074.5	    36.000	   107.755	     0.000	   143.755	     0.020	   447.303	    10284933.0	    88875608.0	
    69	  2000	   281	     1	     0.000	   112.672	      30014.0	     297853.5	    36.000	    79.003	     0.000	   115.003	     0.020	   447.311	    10290294.0	    88940320.0	
    69	  2000	   282	     1	     0.000	   125.842	      22306.5	     178922.6	    36.000	    92.922	     0.000	   128.922	     0.020	   447.297	    10281078.0	    88829096.0	
    69	  2000	   283	     1	     0.000	   117.316	      37140.4	       8419.9	    36.000	    83.108	     0.000	   119.108	     0.020	   447.273	    10265715.0	    88643760.0	
    69	  2000	   284	     1	     0.000	   116.317	      47553.2	       4209.9	    36.000	    79.965	     0.000	   115.965	     0.020	   447.272	    10264502.0	    88629136.0	
    69	  2000	   285	     1	     0.000	   114.539	      37713.2	      90513.8	    36.000	    78.018	     0.000	   114.018	     0.020	   447.284	    10272474.0	    88725280.0	
    69	  2000	   286	     1	     0.000	   114.545	      43217.9	      48414.4	    36.000	    79.136	     0.000	   115.136	     0.020	   447.278	    10268528.0	    88677680.0	
    69	  2000	   287	     1	     0.000	   113.366	      47313.0	     170502.7	    36.000	    77.406	     0.000	   113.406	     0.020	   447.293	    10278308.0	    88795672.0	
    69	  2000	   288	     1	     0.000	   113.063	      43259.2	      70516.6	    36.000	    78.469	     0.000	   114.469	     0.020	   447.281	    10270356.0	    88699736.0	
    69	  2000	   289	     1	     0.000	   112.884	      33891.9	     188395.0	    36.000	    77.180	     0.000	   113.180	     0.020	   447.297	    10280903.0	    88826984.0	
    69	  2000	   290	     1	     0.000	   113.987	      24828.0	     238914.3	    36.000	    79.756	     0.000	   115.756	     0.020	   447.304	    10285841.0	    88886568.0	
    69	  2000	   291	     1	     0.000	   113.278	      67621.1	       8419.9	    36.000	    79.735	     0.000	   115.735	     0.020	   447.270	    10263188.0	    88613280.0	
    69	  2000	   292	     1	     0.000	   110.525	      76128.1	          0.0	    36.000	    73.820	     0.000	   109.820	     0.020	   447.267	    10261784.0	    88596352.0	
    69	  2000	   293	     1	     0.000	   108.644	      72775.5	       2105.0	    36.000	    71.743	     0.000	   107.743	     0.020	   447.268	    10262236.0	    88601808.0	
    69	  2000	   294	     1	     0.000	   108.104	      71818.7	       4209.9	    36.000	    71.266	     0.000	   107.266	     0.020	   447.268	    10262490.0	    88604872.0	
    69	  2000	   295	     1	     0.000	   107.815	      71251.8	       4209.9	    36.000	    71.013	     0.000	   107.013	     0.020	   447.269	    10262538.0	    88605440.0	
    69	  2000	   296	     1	     0.000	   106.725	      76744.6	          0.0	    36.000	    69.929	     0.000	   105.929	     0.020	   447.267	    10261733.0	    88595736.0	
    69	  2000	   297	     1	     0.000	   105.856	      79871.3	          0.0	    36.000	    68.948	     0.000	   104.948	     0.020	   447.267	    10261473.0	    88592608.0	
    69	  2000	   298	     1	     0.000	   105.265	      70069.5	       1052.5	    36.000	    68.320	     0.000	   104.320	     0.020	   447.268	    10262373.0	    88603464.0	
    69	  2000	   299	     1	     0.000	   104.599	      66811.3	       2105.0	    36.000	    67.780	     0.000	   103.780	     0.020	   447.269	    10262731.0	    88607776.0	
    69	  2000	   300	     1	     0.000	   104.159	      62697.6	      16839.8	    36.000	    67.390	     0.000	   103.390	     0.020	   447.271	    10264294.0	    88626624.0	
    69	  2000	   301	     1	     0.000	   103.819	      55314.2	      71569.0	    36.000	    67.268	     0.000	   103.268	     0.020	   447.279	    10269444.0	    88688736.0	
    69	  2000	   302	     1	     0.000	   105.695	      49630.3	      52624.3	    36.000	    69.864	     0.000	   105.864	     0.020	   447.278	    10268344.0	    88675472.0	
    69	  2000	   303	     1	     0.000	   104.266	      54873.4	       1052.5	    36.000	    68.281	     0.000	   104.281	     0.020	   447.270	    10263633.0	    88618656.0	
    69	  2000	   304	     1	     0.000	   102.272	      60767.4	      15787.3	    36.000	    65.629	     0.000	   101.629	     0.020	   447.271	    10264366.0	    88627496.0	
    69	  2000	   305	     1	     0.000	   101.748	      54358.0	      51571.8	    36.000	    65.207	     0.000	   101.207	     0.020	   447.277	    10267866.0	    88669696.0	
    69	  2000	   306	     1	     0.000	   101.488	      46805.7	     111563.5	    36.000	    65.436	     0.000	   101.436	     0.020	   447.285	    10273465.0	    88737240.0	
    69	  2000	   307	     1	     0.000	   101.668	      37677.9	     190500.0	    36.000	    66.397	     0.000	   102.397	     0.020	   447.297	    10280764.0	    88825304.0	
    69	  2000	   308	     1	     0.000	   101.150	      52593.2	     148400.5	    36.000	    66.899	     0.000	   102.899	     0.020	   447.289	    10276039.0	    88768288.0	
    69	  2000	   309	     1	     0.000	   105.179	      30886.9	     286276.2	    36.000	    70.268	     0.000	   106.268	     0.020	   447.310	    10289262.0	    88927872.0	
    69	  2000	   310	     1	     0.000	   101.011	      36102.6	     101038.6	    36.000	    67.948	     0.000	   103.948	     0.020	   447.285	    10273470.0	    88737296.0	
    69	  2000	   311	     1	     0.000	    99.749	      32332.9	     184184.9	    36.000	    64.480	     0.000	   100.480	     0.020	   447.297	    10280673.0	    88824208.0	
    69	  2000	   312	     1	     0.000	   100.826	      38372.5	      48414.3	    36.000	    66.564	     0.000	   102.564	     0.020	   447.278	    10268919.0	    88682400.0	
    69	  2000	   313	     1	     0.000	    99.223	      58834.4	      15787.3	    36.000	    63.319	     0.000	    99.319	     0.020	   447.272	    10264517.0	    88629312.0	
    69	  2000	   314	     1	     0.000	    97.858	      63513.2	      53676.7	    36.000	    61.340	     0.000	    97.340	     0.020	   447.276	    10267271.0	    88662520.0	
    69	  2000	   315	     1	     0.000	   151.649	      27969.2	     328375.4	    36.000	   115.515	     0.000	   151.515	     0.020	   447.315	    10292982.0	    88972768.0	
    69	  2000	   316	     1	     0.000	   121.515	      28877.8	     205230.5	    36.000	    89.002	     0.000	   125.002	     0.020	   447.300	    10282491.0	    88846136.0	
    69	  2000	   317	     1	     0.000	    95.112	      33236.8	     147345.0	    36.000	    61.133	     0.000	    97.133	     0.020	   447.292	    10277332.0	    88783896.0	
    69	  2000	   318	     1	     0.000	   101.738	      32984.3	     105246.4	    36.000	    67.039	     0.000	   103.039	     0.020	   447.286	    10273863.0	    88742048.0	
    69	  2000	   319	     1	     0.000	    99.128	      33124.1	     156817.1	    36.000	    63.944	     0.000	    99.944	     0.020	   447.293	    10278127.0	    88793480.0	
    69	  2000	   320	     1	     0.000	    99.300	      36917.5	     121033.4	    36.000	    64.711	     0.000	   100.711	     0.020	   447.288	    10274846.0	    88753896.0	
    69	  2000	   321	     1	     0.000	    98.981	      17186.7	     155764.7	    36.000	    63.935	     0.000	    99.935	     0.020	   447.295	    10279360.0	    88808360.0	
    69	  2000	   322	     1	     0.000	    99.255	      25051.6	     104193.9	    36.000	    64.839	     0.000	   100.839	     0.020	   447.287	    10274434.0	    88748928.0	
    69	  2000	   323	     1	     0.000	    99.616	      38016.1	      99984.1	    36.000	    64.512	     0.000	   100.512	     0.020	   447.285	    10273010.0	    88731752.0	
    69	  2000	   324	     1	     0.000	   101.204	      34303.2	      71567.5	    36.000	    65.901	     0.000	   101.901	     0.020	   447.282	    10270963.0	    88707048.0	
    69	  2000	   325	     1	     0.000	   101.025	      40439.7	     110508.7	    36.000	    65.436	     0.000	   101.436	     0.020	   447.286	    10273682.0	    88739856.0	
    69	  2000	   326	     1	     0.000	   101.975	      28020.2	      81039.7	    36.000	    66.766	     0.000	   102.766	     0.020	   447.284	    10272268.0	    88722800.0	
    69	  2000	   327	     1	     0.000	   102.228	      69660.0	       5262.3	    36.000	    66.822	     0.000	   102.822	     0.020	   447.269	    10262533.0	    88605384.0	
    69	  2000	   328	     1	     0.000	   102.270	      68999.5	       1052.5	    36.000	    65.505	     0.000	   101.505	     0.020	   447.268	    10262239.0	    88601840.0	
    69	  2000	   329	     1	     0.000	   102.420	      74905.4	       1052.5	    36.000	    65.614	     0.000	   101.614	     0.020	   447.268	    10261749.0	    88595928.0	
    69	  2000	   330	     1	     0.000	   102.847	      73910.5	          0.0	    36.000	    65.972	     0.000	   101.972	     0.020	   447.268	    10261744.0	    88595872.0	
    69	  2000	   331	     1	     0.000	   103.170	      72239.1	       1052.5	    36.000	    66.295	     0.000	   102.295	     0.020	   447.268	    10261970.0	    88598600.0	
    69	  2000	   332	     1	     0.000	   103.554	      71389.9	       1052.5	    36.000	    66.710	     0.000	   102.710	     0.020	   447.268	    10262040.0	    88599448.0	
    69	  2000	   333	     1	     0.000	   103.852	      70063.2	       5262.3	    36.000	    67.018	     0.000	   103.018	     0.020	   447.269	    10262500.0	    88604984.0	
    69	  2000	   334	     1	     0.000	   104.139	      53177.8	      58938.0	    36.000	    67.369	     0.000	   103.369	     0.020	   447.278	    10268350.0	    88675544.0	
    69	  2000	   335	     1	     0.000	   105.471	      40297.7	     185233.6	    36.000	    69.518	     0.000	   105.518	     0.020	   447.296	    10279887.0	    88814720.0	
    69	  2001	     1	     1	     0.000	   107.666	      19878.4	     162079.4	    36.000	    73.323	     0.000	   109.323	     0.020	   447.295	    10279660.0	    88811984.0	
    69	  2001	     2	     1	     0.000	   146.571	      16736.3	     277850.5	    36.000	   112.197	     0.000	   148.197	     0.020	   447.310	    10289513.0	    88930896.0	
    69	  2001	     3	     1	     0.000	   122.314	      28392.2	     109454.5	    36.000	    89.340	     0.000	   125.340	     0.020	   447.287	    10274423.0	    88748792.0	
    69	  2001	     4	     1	     0.000	   109.363	      17885.4	     125241.2	    36.000	    74.281	     0.000	   110.281	     0.020	   447.291	    10276602.0	    88775080.0	
    69	  2001	     5	     1	     0.000	   114.739	      36535.9	       5262.2	    36.000	    79.962	     0.000	   115.962	     0.020	   447.273	    10265109.0	    88636456.0	
    69	  2001	     6	     1	     0.000	   113.066	      37877.5	      14734.3	    36.000	    76.684	     0.000	   112.684	     0.020	   447.274	    10265783.0	    88644584.0	
    69	  2001	     7	     1	     0.000	   114.233	      41778.1	       1052.4	    36.000	    77.945	     0.000	   113.945	     0.020	   447.272	    10264326.0	    88627000.0	
    69	  2001	     8	     1	     0.000	   115.406	      38558.2	      10524.5	    36.000	    78.915	     0.000	   114.915	     0.020	   447.274	    10265378.0	    88639696.0	
    69	  2001	     9	     1	     0.000	   116.677	      37967.2	       2104.9	    36.000	    80.333	     0.000	   116.333	     0.020	   447.273	    10264729.0	    88631864.0	
    69	  2001	    10	     1	     0.000	   118.000	      24442.3	       4209.8	    36.000	    81.565	     0.000	   117.565	     0.020	   447.275	    10266025.0	    88647496.0	
    69	  2001	    11	     1	     0.000	   119.161	      27672.9	       2104.9	    36.000	    82.907	     0.000	   118.907	     0.020	   447.274	    10265582.0	    88642160.0	
    69	  2001	    12	     1	     0.000	   120.055	      28707.0	          0.0	    36.000	    83.739	     0.000	   119.739	     0.020	   447.273	    10265323.0	    88639024.0	
    69	  2001	    13	     1	     0.000	   120.938	      28152.3	          0.0	    36.000	    84.586	     0.000	   120.586	     0.020	   447.274	    10265368.0	    88639576.0	
    69	  2001	    14	     1	     0.000	   121.892	      29742.7	          0.0	    36.000	    85.547	     0.000	   121.547	     0.020	   447.273	    10265236.0	    88637984.0	
    69	  2001	    15	     1	     0.000	   122.743	      40066.4	          0.0	    36.000	    86.378	     0.000	   122.378	     0.020	   447.272	    10264381.0	    88627664.0	
    69	  2001	    16	     1	     0.000	   123.413	      37521.6	       1052.4	    36.000	    86.929	     0.000	   122.929	     0.020	   447.272	    10264678.0	    88631256.0	
    69	  2001	    17	     1	     0.000	   124.246	      29921.2	      23153.8	    36.000	    87.804	     0.000	   123.804	     0.020	   447.276	    10267141.0	    88660960.0	
    69	  2001	    18	     1	     0.000	   125.922	      33405.4	      70513.9	    36.000	    89.824	     0.000	   125.824	     0.020	   447.282	    10270779.0	    88704840.0	
    69	  2001	    19	     1	     0.000	   126.768	      34384.8	      50517.5	    36.000	    91.178	     0.000	   127.178	     0.020	   447.279	    10269041.0	    88683864.0	
    69	  2001	    20	     1	     0.000	   173.737	      18171.1	     284160.7	    36.000	   137.904	     0.000	   173.904	     0.020	   447.311	    10289747.0	    88933720.0	
    69	  2001	    21	     1	     0.000	   156.375	      19463.3	     231531.9	    36.000	   123.475	     0.000	   159.475	     0.020	   447.304	    10284984.0	    88876232.0	
    69	  2001	    22	     1	     0.000	   148.917	      19038.9	     219954.8	    36.000	   115.355	     0.000	   151.355	     0.020	   447.303	    10284034.0	    88864760.0	
    69	  2001	    23	     1	     0.000	   148.258	      19009.9	     199958.5	    36.000	   114.567	     0.000	   150.567	     0.020	   447.300	    10282358.0	    88844544.0	
    69	  2001	    24	     1	     0.000	   139.984	      16078.9	     121027.4	    36.000	   106.060	     0.000	   142.060	     0.020	   447.291	    10276053.0	    88768464.0	
    69	  2001	    25	     1	     0.000	   146.280	      22567.6	     149442.6	    36.000	   111.474	     0.000	   147.474	     0.020	   447.293	    10277870.0	    88790384.0	
    69	  2001	    26	     1	     0.000	   148.863	      30831.2	      51568.2	    36.000	   114.312	     0.000	   150.312	     0.020	   447.280	    10269072.0	    88684248.0	
    69	  2001	    27	     1	     0.000	   152.126	      45196.0	      53673.0	    36.000	   116.346	     0.000	   152.346	     0.020	   447.278	    10268056.0	    88671992.0	
    69	  2001	    28	     1	     0.000	   156.127	      43191.2	      42096.5	    36.000	   120.205	     0.000	   156.205	     0.020	   447.277	    10267262.0	    88662416.0	
    69	  2001	    29	     1	     0.000	   160.420	      38106.9	      71564.0	    36.000	   124.388	     0.000	   160.388	     0.020	   447.281	    10270127.0	    88696968.0	
    69	  2001	    30	     1	     0.000	   168.640	      57924.3	      29467.5	    36.000	   133.007	     0.000	   169.007	     0.020	   447.273	    10264994.0	    88635056.0	
    69	  2001	    31	     1	     0.000	   171.562	      70436.4	       3157.2	    36.000	   135.212	     0.000	   171.212	     0.020	   447.269	    10261774.0	    88596232.0	
