 Subasin-ID, year, day, hour, nbr. classes, sedcomp_outflow(-)
    69  2000     1     1     3*********************************************
    69  2000     2     1     3*********************************************
    69  2000     3     1     3*********************************************
    69  2000     4     1     3*********************************************
    69  2000     5     1     3*********************************************
    69  2000     6     1     3*********************************************
    69  2000     7     1     3*********************************************
    69  2000     8     1     3*********************************************
    69  2000     9     1     3*********************************************
    69  2000    10     1     3*********************************************
    69  2000    11     1     3*********************************************
    69  2000    12     1     3*********************************************
    69  2000    13     1     3*********************************************
    69  2000    14     1     3*********************************************
    69  2000    15     1     3*********************************************
    69  2000    16     1     3*********************************************
    69  2000    17     1     3       0.000000       0.000000       0.000000
    69  2000    18     1     3       1.000000       0.000000       0.000000
    69  2000    19     1     3       1.000000       0.000000       0.000000
    69  2000    20     1     3       1.000000       0.000000       0.000000
    69  2000    21     1     3       1.000000       0.000000       0.000000
    69  2000    22     1     3       1.000000       0.000000       0.000000
    69  2000    23     1     3       1.000000       0.000000       0.000000
    69  2000    24     1     3       0.999832       0.000168       0.000000
    69  2000    25     1     3       0.999907       0.000093       0.000000
    69  2000    26     1     3       0.998949       0.001051       0.000000
    69  2000    27     1     3       0.996173       0.003827       0.000000
    69  2000    28     1     3       0.994664       0.005336       0.000000
    69  2000    29     1     3       0.995448       0.004552       0.000000
    69  2000    30     1     3       0.991868       0.008132       0.000000
    69  2000    31     1     3       0.997973       0.002027       0.000000
    69  2000    32     1     3       0.998407       0.001593       0.000000
    69  2000    33     1     3       0.998325       0.001675       0.000000
    69  2000    34     1     3       0.999171       0.000829       0.000000
    69  2000    35     1     3       0.998731       0.001269       0.000000
    69  2000    36     1     3       0.998984       0.001016       0.000000
    69  2000    37     1     3       0.989092       0.010908       0.000000
    69  2000    38     1     3       0.985925       0.014075       0.000000
    69  2000    39     1     3       0.998636       0.001364       0.000000
    69  2000    40     1     3       0.972823       0.027177       0.000000
    69  2000    41     1     3       0.968740       0.031260       0.000000
    69  2000    42     1     3       0.965178       0.034822       0.000000
    69  2000    43     1     3       0.973557       0.026443       0.000000
    69  2000    44     1     3       0.997865       0.002135       0.000000
    69  2000    45     1     3       0.998092       0.001908       0.000000
    69  2000    46     1     3       0.998058       0.001942       0.000000
    69  2000    47     1     3       0.998071       0.001929       0.000000
    69  2000    48     1     3       0.998346       0.001654       0.000000
    69  2000    49     1     3       0.998567       0.001433       0.000000
    69  2000    50     1     3       0.998599       0.001401       0.000000
    69  2000    51     1     3       0.998990       0.001010       0.000000
    69  2000    52     1     3       0.991507       0.008493       0.000000
    69  2000    53     1     3       0.998389       0.001611       0.000000
    69  2000    54     1     3       0.997259       0.002741       0.000000
    69  2000    55     1     3       0.988955       0.011045       0.000000
    69  2000    56     1     3       0.993504       0.006496       0.000000
    69  2000    57     1     3       0.998477       0.001523       0.000000
    69  2000    58     1     3       0.989687       0.010313       0.000000
    69  2000    59     1     3       0.990897       0.009103       0.000000
    69  2000    60     1     3       0.998258       0.001742       0.000000
    69  2000    61     1     3       0.990746       0.009254       0.000000
    69  2000    62     1     3       0.993091       0.006909       0.000000
    69  2000    63     1     3       0.971408       0.028592       0.000000
    69  2000    64     1     3       0.987178       0.012822       0.000000
    69  2000    65     1     3       0.981798       0.018202       0.000000
    69  2000    66     1     3       0.917935       0.082065       0.000000
    69  2000    67     1     3       0.924089       0.075911       0.000000
    69  2000    68     1     3       0.932539       0.067461       0.000000
    69  2000    69     1     3       0.989742       0.010258       0.000000
    69  2000    70     1     3       0.945467       0.054533       0.000000
    69  2000    71     1     3       0.990075       0.009925       0.000000
    69  2000    72     1     3       0.989249       0.010751       0.000000
    69  2000    73     1     3       0.985063       0.014937       0.000000
    69  2000    74     1     3       0.986545       0.013455       0.000000
    69  2000    75     1     3       0.964888       0.035112       0.000000
    69  2000    76     1     3       0.983991       0.016009       0.000000
    69  2000    77     1     3       0.950867       0.049133       0.000000
    69  2000    78     1     3       0.989584       0.010416       0.000000
    69  2000    79     1     3       0.990131       0.009869       0.000000
    69  2000    80     1     3       0.984781       0.015219       0.000000
    69  2000    81     1     3       0.914985       0.085015       0.000000
    69  2000    82     1     3       0.905636       0.094364       0.000000
    69  2000    83     1     3       0.905167       0.094833       0.000000
    69  2000    84     1     3       0.905325       0.094675       0.000000
    69  2000    85     1     3       0.939613       0.060387       0.000000
    69  2000    86     1     3       0.939800       0.060200       0.000000
    69  2000    87     1     3       0.940469       0.059531       0.000000
    69  2000    88     1     3       0.940161       0.059839       0.000000
    69  2000    89     1     3       0.957674       0.042326       0.000000
    69  2000    90     1     3       0.988083       0.011917       0.000000
    69  2000    91     1     3       0.940711       0.059289       0.000000
    69  2000    92     1     3       0.956380       0.043620       0.000000
    69  2000    93     1     3       0.957253       0.042747       0.000000
    69  2000    94     1     3       0.940419       0.059581       0.000000
    69  2000    95     1     3       0.940979       0.059021       0.000000
    69  2000    96     1     3       0.942224       0.057776       0.000000
    69  2000    97     1     3       0.942286       0.057714       0.000000
    69  2000    98     1     3       0.943061       0.056939       0.000000
    69  2000    99     1     3       0.942921       0.057079       0.000000
    69  2000   100     1     3       0.943717       0.056283       0.000000
    69  2000   101     1     3       0.927754       0.072246       0.000000
    69  2000   102     1     3       0.943002       0.056998       0.000000
    69  2000   103     1     3       0.942710       0.057290       0.000000
    69  2000   104     1     3       0.943112       0.056888       0.000000
    69  2000   105     1     3       0.943472       0.056528       0.000000
    69  2000   106     1     3       0.943954       0.056046       0.000000
    69  2000   107     1     3       0.944086       0.055914       0.000000
    69  2000   108     1     3       0.943794       0.056206       0.000000
    69  2000   109     1     3       0.959893       0.040107       0.000000
    69  2000   110     1     3       0.944713       0.055287       0.000000
    69  2000   111     1     3       0.989129       0.010871       0.000000
    69  2000   112     1     3       0.989397       0.010603       0.000000
    69  2000   113     1     3       0.944061       0.055939       0.000000
    69  2000   114     1     3       0.945289       0.054711       0.000000
    69  2000   115     1     3       0.945457       0.054543       0.000000
    69  2000   116     1     3       0.944651       0.055349       0.000000
    69  2000   117     1     3       0.945512       0.054488       0.000000
    69  2000   118     1     3       0.945074       0.054926       0.000000
    69  2000   119     1     3       0.945616       0.054384       0.000000
    69  2000   120     1     3       0.945382       0.054618       0.000000
    69  2000   121     1     3       0.945777       0.054223       0.000000
    69  2000   122     1     3       0.945603       0.054397       0.000000
    69  2000   123     1     3       0.946127       0.053873       0.000000
    69  2000   124     1     3       0.946346       0.053654       0.000000
    69  2000   125     1     3       0.945540       0.054460       0.000000
    69  2000   126     1     3       0.946210       0.053790       0.000000
    69  2000   127     1     3       0.945965       0.054035       0.000000
    69  2000   128     1     3       0.946902       0.053098       0.000000
    69  2000   129     1     3       0.946422       0.053578       0.000000
    69  2000   130     1     3       0.946275       0.053725       0.000000
    69  2000   131     1     3       0.946179       0.053821       0.000000
    69  2000   132     1     3       0.946707       0.053293       0.000000
    69  2000   133     1     3       0.934830       0.065170       0.000000
    69  2000   134     1     3       0.960765       0.039235       0.000000
    69  2000   135     1     3       0.946912       0.053088       0.000000
    69  2000   136     1     3       0.947533       0.052467       0.000000
    69  2000   137     1     3       0.947596       0.052404       0.000000
    69  2000   138     1     3       0.948344       0.051656       0.000000
    69  2000   139     1     3       0.948085       0.051915       0.000000
    69  2000   140     1     3       0.947557       0.052443       0.000000
    69  2000   141     1     3       0.948575       0.051425       0.000000
    69  2000   142     1     3       0.948569       0.051431       0.000000
    69  2000   143     1     3       0.949063       0.050937       0.000000
    69  2000   144     1     3       0.962718       0.037282       0.000000
    69  2000   145     1     3       0.949343       0.050657       0.000000
    69  2000   146     1     3       0.948474       0.051526       0.000000
    69  2000   147     1     3       0.949433       0.050567       0.000000
    69  2000   148     1     3       0.950281       0.049719       0.000000
    69  2000   149     1     3       0.950939       0.049061       0.000000
    69  2000   150     1     3       0.950650       0.049350       0.000000
    69  2000   151     1     3       0.951278       0.048722       0.000000
    69  2000   152     1     3       0.951878       0.048122       0.000000
    69  2000   153     1     3       0.952543       0.047457       0.000000
    69  2000   154     1     3       0.953166       0.046834       0.000000
    69  2000   155     1     3       0.942756       0.057244       0.000000
    69  2000   156     1     3       0.953609       0.046391       0.000000
    69  2000   157     1     3       0.967249       0.032751       0.000000
    69  2000   158     1     3       0.955020       0.044980       0.000000
    69  2000   159     1     3       0.954437       0.045563       0.000000
    69  2000   160     1     3       0.954307       0.045693       0.000000
    69  2000   161     1     3       0.954976       0.045024       0.000000
    69  2000   162     1     3       0.955213       0.044787       0.000000
    69  2000   163     1     3       0.955843       0.044157       0.000000
    69  2000   164     1     3       0.955964       0.044036       0.000000
    69  2000   165     1     3       0.933616       0.066384       0.000000
    69  2000   166     1     3       0.957172       0.042828       0.000000
    69  2000   167     1     3       0.968956       0.031044       0.000000
    69  2000   168     1     3       0.958213       0.041787       0.000000
    69  2000   169     1     3       0.959670       0.040330       0.000000
    69  2000   170     1     3       0.960470       0.039530       0.000000
    69  2000   171     1     3       0.959934       0.040066       0.000000
    69  2000   172     1     3       0.960014       0.039986       0.000000
    69  2000   173     1     3       0.960353       0.039647       0.000000
    69  2000   174     1     3       0.961061       0.038939       0.000000
    69  2000   175     1     3       0.961761       0.038239       0.000000
    69  2000   176     1     3       0.973365       0.026635       0.000000
    69  2000   177     1     3       0.974044       0.025956       0.000000
    69  2000   178     1     3       0.963084       0.036916       0.000000
    69  2000   179     1     3       0.954500       0.045500       0.000000
    69  2000   180     1     3       0.964199       0.035801       0.000000
    69  2000   181     1     3       0.965112       0.034888       0.000000
    69  2000   182     1     3       0.965367       0.034633       0.000000
    69  2000   183     1     3       0.965552       0.034448       0.000000
    69  2000   184     1     3       0.966757       0.033243       0.000000
    69  2000   185     1     3       0.966190       0.033810       0.000000
    69  2000   186     1     3       0.966908       0.033092       0.000000
    69  2000   187     1     3       0.977402       0.022598       0.000000
    69  2000   188     1     3       0.968590       0.031410       0.000000
    69  2000   189     1     3       0.967313       0.032687       0.000000
    69  2000   190     1     3       0.967610       0.032390       0.000000
    69  2000   191     1     3       0.978167       0.021833       0.000000
    69  2000   192     1     3       0.969254       0.030746       0.000000
    69  2000   193     1     3       0.968889       0.031111       0.000000
    69  2000   194     1     3       0.970154       0.029846       0.000000
    69  2000   195     1     3       0.979929       0.020071       0.000000
    69  2000   196     1     3       0.969496       0.030504       0.000000
    69  2000   197     1     3       0.971170       0.028830       0.000000
    69  2000   198     1     3       0.971900       0.028100       0.000000
    69  2000   199     1     3       0.972009       0.027991       0.000000
    69  2000   200     1     3       0.972125       0.027875       0.000000
    69  2000   201     1     3       0.972783       0.027217       0.000000
    69  2000   202     1     3       0.973880       0.026120       0.000000
    69  2000   203     1     3       0.975016       0.024984       0.000000
    69  2000   204     1     3       0.975639       0.024361       0.000000
    69  2000   205     1     3       0.966818       0.033182       0.000000
    69  2000   206     1     3       0.976693       0.023307       0.000000
    69  2000   207     1     3       0.976573       0.023427       0.000000
    69  2000   208     1     3       0.977753       0.022247       0.000000
    69  2000   209     1     3       0.978076       0.021924       0.000000
    69  2000   210     1     3       0.978506       0.021494       0.000000
    69  2000   211     1     3       0.998487       0.001513       0.000000
    69  2000   212     1     3       0.998215       0.001785       0.000000
    69  2000   213     1     3       0.980009       0.019991       0.000000
    69  2000   214     1     3       0.980761       0.019239       0.000000
    69  2000   215     1     3       0.981178       0.018822       0.000000
    69  2000   216     1     3       0.998674       0.001326       0.000000
    69  2000   217     1     3       0.956432       0.043568       0.000000
    69  2000   218     1     3       0.998626       0.001374       0.000000
    69  2000   219     1     3       0.998731       0.001269       0.000000
    69  2000   220     1     3       0.985444       0.014556       0.000000
    69  2000   221     1     3       0.998170       0.001830       0.000000
    69  2000   222     1     3       0.993561       0.006439       0.000000
    69  2000   223     1     3       0.993288       0.006712       0.000000
    69  2000   224     1     3       0.988735       0.011265       0.000000
    69  2000   225     1     3       0.989109       0.010891       0.000000
    69  2000   226     1     3       0.989974       0.010026       0.000000
    69  2000   227     1     3       0.990311       0.009689       0.000000
    69  2000   228     1     3       0.991130       0.008870       0.000000
    69  2000   229     1     3       0.991821       0.008179       0.000000
    69  2000   230     1     3       0.992126       0.007874       0.000000
    69  2000   231     1     3       0.992635       0.007365       0.000000
    69  2000   232     1     3       0.993218       0.006782       0.000000
    69  2000   233     1     3       0.993657       0.006343       0.000000
    69  2000   234     1     3       0.994600       0.005400       0.000000
    69  2000   235     1     3       0.995017       0.004983       0.000000
    69  2000   236     1     3       0.995956       0.004044       0.000000
    69  2000   237     1     3       0.996669       0.003331       0.000000
    69  2000   238     1     3       0.997584       0.002416       0.000000
    69  2000   239     1     3       0.998847       0.001153       0.000000
    69  2000   240     1     3       0.998645       0.001355       0.000000
    69  2000   241     1     3       0.973215       0.026785       0.000000
    69  2000   242     1     3       0.999422       0.000578       0.000000
    69  2000   243     1     3       0.999638       0.000362       0.000000
    69  2000   244     1     3       0.999649       0.000351       0.000000
    69  2000   245     1     3       0.999625       0.000375       0.000000
    69  2000   246     1     3       0.999605       0.000395       0.000000
    69  2000   247     1     3       0.999652       0.000348       0.000000
    69  2000   248     1     3       0.999609       0.000391       0.000000
    69  2000   249     1     3       0.990989       0.009011       0.000000
    69  2000   250     1     3       0.981882       0.018118       0.000000
    69  2000   251     1     3       0.999630       0.000370       0.000000
    69  2000   252     1     3       0.999659       0.000341       0.000000
    69  2000   253     1     3       0.999664       0.000336       0.000000
    69  2000   254     1     3       0.999653       0.000347       0.000000
    69  2000   255     1     3       0.999725       0.000275       0.000000
    69  2000   256     1     3       0.999642       0.000358       0.000000
    69  2000   257     1     3       0.999696       0.000304       0.000000
    69  2000   258     1     3       0.999721       0.000279       0.000000
    69  2000   259     1     3       0.999669       0.000331       0.000000
    69  2000   260     1     3       0.999639       0.000361       0.000000
    69  2000   261     1     3       0.999698       0.000302       0.000000
    69  2000   262     1     3       0.999636       0.000364       0.000000
    69  2000   263     1     3       0.999658       0.000342       0.000000
    69  2000   264     1     3       0.999645       0.000355       0.000000
    69  2000   265     1     3       0.999640       0.000360       0.000000
    69  2000   266     1     3       0.999701       0.000299       0.000000
    69  2000   267     1     3       0.999627       0.000373       0.000000
    69  2000   268     1     3       0.999667       0.000333       0.000000
    69  2000   269     1     3       0.999689       0.000311       0.000000
    69  2000   270     1     3       0.999611       0.000389       0.000000
    69  2000   271     1     3       0.999690       0.000310       0.000000
    69  2000   272     1     3       0.998544       0.001456       0.000000
    69  2000   273     1     3       0.991325       0.008675       0.000000
    69  2000   274     1     3       0.985903       0.014097       0.000000
    69  2000   275     1     3       0.983217       0.016783       0.000000
    69  2000   276     1     3       0.985890       0.014110       0.000000
    69  2000   277     1     3       0.983437       0.016563       0.000000
    69  2000   278     1     3       0.984903       0.015097       0.000000
    69  2000   279     1     3       0.921430       0.078570       0.000000
    69  2000   280     1     3       0.965256       0.034744       0.000000
    69  2000   281     1     3       0.984990       0.015010       0.000000
    69  2000   282     1     3       0.975765       0.024235       0.000000
    69  2000   283     1     3       0.989450       0.010550       0.000000
    69  2000   284     1     3       0.996404       0.003596       0.000000
    69  2000   285     1     3       0.982750       0.017250       0.000000
    69  2000   286     1     3       0.981384       0.018616       0.000000
    69  2000   287     1     3       0.979123       0.020877       0.000000
    69  2000   288     1     3       0.986220       0.013780       0.000000
    69  2000   289     1     3       0.984966       0.015034       0.000000
    69  2000   290     1     3       0.982437       0.017563       0.000000
    69  2000   291     1     3       0.997925       0.002075       0.000000
    69  2000   292     1     3       0.999492       0.000508       0.000000
    69  2000   293     1     3       0.999535       0.000465       0.000000
    69  2000   294     1     3       0.999056       0.000944       0.000000
    69  2000   295     1     3       0.995403       0.004597       0.000000
    69  2000   296     1     3       0.994309       0.005691       0.000000
    69  2000   297     1     3       0.994312       0.005688       0.000000
    69  2000   298     1     3       0.987412       0.012588       0.000000
    69  2000   299     1     3       0.999224       0.000776       0.000000
    69  2000   300     1     3       0.988496       0.011504       0.000000
    69  2000   301     1     3       0.992419       0.007581       0.000000
    69  2000   302     1     3       0.991421       0.008579       0.000000
    69  2000   303     1     3       0.999382       0.000618       0.000000
    69  2000   304     1     3       0.991922       0.008078       0.000000
    69  2000   305     1     3       0.987493       0.012507       0.000000
    69  2000   306     1     3       0.986690       0.013310       0.000000
    69  2000   307     1     3       0.982364       0.017636       0.000000
    69  2000   308     1     3       0.983074       0.016926       0.000000
    69  2000   309     1     3       0.974237       0.025763       0.000000
    69  2000   310     1     3       0.982633       0.017367       0.000000
    69  2000   311     1     3       0.985115       0.014885       0.000000
    69  2000   312     1     3       0.989499       0.010501       0.000000
    69  2000   313     1     3       0.992644       0.007356       0.000000
    69  2000   314     1     3       0.988190       0.011810       0.000000
    69  2000   315     1     3       0.964101       0.035899       0.000000
    69  2000   316     1     3       0.973691       0.026309       0.000000
    69  2000   317     1     3       0.979935       0.020065       0.000000
    69  2000   318     1     3       0.985413       0.014587       0.000000
    69  2000   319     1     3       0.983344       0.016656       0.000000
    69  2000   320     1     3       0.981897       0.018103       0.000000
    69  2000   321     1     3       0.979364       0.020636       0.000000
    69  2000   322     1     3       0.980786       0.019214       0.000000
    69  2000   323     1     3       0.986176       0.013824       0.000000
    69  2000   324     1     3       0.985577       0.014423       0.000000
    69  2000   325     1     3       0.981497       0.018503       0.000000
    69  2000   326     1     3       0.982091       0.017909       0.000000
    69  2000   327     1     3       0.997638       0.002362       0.000000
    69  2000   328     1     3       0.998885       0.001115       0.000000
    69  2000   329     1     3       0.998513       0.001487       0.000000
    69  2000   330     1     3       0.986319       0.013681       0.000000
    69  2000   331     1     3       0.984789       0.015211       0.000000
    69  2000   332     1     3       0.981955       0.018045       0.000000
    69  2000   333     1     3       0.979280       0.020720       0.000000
    69  2000   334     1     3       0.983032       0.016968       0.000000
    69  2000   335     1     3       0.982853       0.017147       0.000000
    69  2001     1     1     3       0.979025       0.020975       0.000000
    69  2001     2     1     3       0.961731       0.038269       0.000000
    69  2001     3     1     3       0.977079       0.022921       0.000000
    69  2001     4     1     3       0.980305       0.019695       0.000000
    69  2001     5     1     3       0.996304       0.003696       0.000000
    69  2001     6     1     3       0.979779       0.020221       0.000000
    69  2001     7     1     3       0.998428       0.001572       0.000000
    69  2001     8     1     3       0.981938       0.018062       0.000000
    69  2001     9     1     3       0.998820       0.001180       0.000000
    69  2001    10     1     3       0.996650       0.003350       0.000000
    69  2001    11     1     3       0.998165       0.001835       0.000000
    69  2001    12     1     3       0.980308       0.019692       0.000000
    69  2001    13     1     3       0.979831       0.020169       0.000000
    69  2001    14     1     3       0.979284       0.020716       0.000000
    69  2001    15     1     3       0.979512       0.020488       0.000000
    69  2001    16     1     3       0.974953       0.025047       0.000000
    69  2001    17     1     3       0.985376       0.014624       0.000000
    69  2001    18     1     3       0.974213       0.025787       0.000000
    69  2001    19     1     3       0.976972       0.023028       0.000000
    69  2001    20     1     3       0.932948       0.067052       0.000000
    69  2001    21     1     3       0.950856       0.049144       0.000000
    69  2001    22     1     3       0.981661       0.018339       0.000000
    69  2001    23     1     3       0.957291       0.042709       0.000000
    69  2001    24     1     3       0.968981       0.031019       0.000000
    69  2001    25     1     3       0.998819       0.001181       0.000000
    69  2001    26     1     3       0.999296       0.000704       0.000000
    69  2001    27     1     3       0.999209       0.000791       0.000000
    69  2001    28     1     3       0.999211       0.000789       0.000000
    69  2001    29     1     3       0.993900       0.006100       0.000000
    69  2001    30     1     3       0.992010       0.007990       0.000000
    69  2001    31     1     3       0.991890       0.008110       0.000000
