 Subasin-ID, year, day, hour, sed_input(ton/timestep), sed_output(ton/timestep), sedimentation(ton/timestep), cum_sedimentation(ton)
    15  2000     1     1          0.002          0.001          0.001          0.001
    15  2000     2     1       3683.803       1411.148       2272.655       2272.656
    15  2000     3     1         85.076         19.183         65.893       2338.550
    15  2000     4     1         21.204          4.808         16.396       2354.946
    15  2000     5     1        160.274         36.455        123.818       2478.764
    15  2000     6     1        184.344         42.497        141.846       2620.610
    15  2000     7     1        150.209         34.696        115.513       2736.123
    15  2000     8     1        229.725         53.415        176.310       2912.433
    15  2000     9     1        182.478         42.607        139.871       3052.305
    15  2000    10     1         48.688         11.365         37.323       3089.628
    15  2000    11     1          8.446          1.970          6.476       3096.104
    15  2000    12     1          3.631          0.848          2.782       3098.886
    15  2000    13     1          7.209          1.689          5.519       3104.406
    15  2000    14     1          2.191          0.515          1.676       3106.083
    15  2000    15     1          0.257          0.060          0.196       3106.279
    15  2000    16     1          0.001          0.000          0.001       3106.280
    15  2000    17     1          0.001          0.000          0.001       3106.281
    15  2000    18     1          0.004          0.001          0.003       3106.284
    15  2000    19     1          0.003          0.001          0.002       3106.286
    15  2000    20     1          1.337          0.318          1.019       3107.305
    15  2000    21     1          0.078          0.019          0.060       3107.365
    15  2000    22     1          0.000          0.000          0.000       3107.365
    15  2000    23     1          0.000          0.000          0.000       3107.365
    15  2000    24     1          0.000          0.000          0.000       3107.365
    15  2000    25     1          0.000          0.000          0.000       3107.365
    15  2000    26     1          0.000          0.000          0.000       3107.365
    15  2000    27     1          0.000          0.000          0.000       3107.365
    15  2000    28     1          0.003          0.001          0.002       3107.367
    15  2000    29     1         44.212         10.662         33.550       3140.917
    15  2000    30     1          0.003          0.001          0.003       3140.919
    15  2000    31     1          0.005          0.001          0.004       3140.923
    15  2000    32     1          0.001          0.000          0.001       3140.924
    15  2000    33     1          0.000          0.000          0.000       3140.924
    15  2000    34     1          0.000          0.000          0.000       3140.924
    15  2000    35     1          0.000          0.000          0.000       3140.924
    15  2000    36     1          0.000          0.000          0.000       3140.924
    15  2000    37     1          0.000          0.000          0.000       3140.924
    15  2000    38     1          0.001          0.000          0.001       3140.926
    15  2000    39     1        362.057         88.737        273.320       3414.246
    15  2000    40     1          0.006          0.001          0.005       3414.250
    15  2000    41     1         32.946          8.068         24.878       3439.128
    15  2000    42     1         35.910          8.807         27.103       3466.232
    15  2000    43     1         89.271         21.988         67.283       3533.514
    15  2000    44     1        324.529         80.413        244.116       3777.630
    15  2000    45     1      19814.076       5293.356      14520.721      18298.352
    15  2000    46     1        308.741         79.370        229.371      18527.723
    15  2000    47     1         64.810         15.868         48.943      18576.666
    15  2000    48     1          2.242          0.566          1.676      18578.342
    15  2000    49     1          0.703          0.175          0.528      18578.869
    15  2000    50     1          0.830          0.209          0.621      18579.490
    15  2000    51     1          5.410          1.357          4.053      18583.543
    15  2000    52     1          1.817          0.458          1.359      18584.902
    15  2000    53     1          0.178          0.045          0.133      18585.035
    15  2000    54     1          0.001          0.000          0.001      18585.035
    15  2000    55     1          0.000          0.000          0.000      18585.035
    15  2000    56     1          0.000          0.000          0.000      18585.035
    15  2000    57     1          0.000          0.000          0.000      18585.035
    15  2000    58     1          0.000          0.000          0.000      18585.035
    15  2000    59     1          0.000          0.000          0.000      18585.035
    15  2000    60     1          0.000          0.000          0.000      18585.035
    15  2000    61     1          0.000          0.000          0.000      18585.035
    15  2000    62     1          0.000          0.000          0.000      18585.035
    15  2000    63     1          0.000          0.000          0.000      18585.035
    15  2000    64     1          0.000          0.000          0.000      18585.035
    15  2000    65     1          0.000          0.000          0.000      18585.035
    15  2000    66     1          0.000          0.000          0.000      18585.035
    15  2000    67     1          0.000          0.000          0.000      18585.035
    15  2000    68     1          0.000          0.000          0.000      18585.035
    15  2000    69     1          0.000          0.000          0.000      18585.035
    15  2000    70     1          0.000          0.000          0.000      18585.035
    15  2000    71     1          0.000          0.000          0.000      18585.035
    15  2000    72     1          0.000          0.000          0.000      18585.035
    15  2000    73     1          0.000          0.000          0.000      18585.035
    15  2000    74     1          0.000          0.000          0.000      18585.035
    15  2000    75     1          0.000          0.000          0.000      18585.035
    15  2000    76     1          0.000          0.000          0.000      18585.035
    15  2000    77     1          0.000          0.000          0.000      18585.035
    15  2000    78     1          0.000          0.000          0.000      18585.035
    15  2000    79     1          0.000          0.000          0.000      18585.035
    15  2000    80     1          0.002          0.001          0.001      18585.037
    15  2000    81     1          0.000          0.000          0.000      18585.037
    15  2000    82     1          0.000          0.000          0.000      18585.037
    15  2000    83     1          0.000          0.000          0.000      18585.037
    15  2000    84     1          0.000          0.000          0.000      18585.037
    15  2000    85     1          0.000          0.000          0.000      18585.037
    15  2000    86     1          0.000          0.000          0.000      18585.037
    15  2000    87     1          0.000          0.000          0.000      18585.037
    15  2000    88     1          0.000          0.000          0.000      18585.037
    15  2000    89     1          0.000          0.000          0.000      18585.037
    15  2000    90     1          0.000          0.000          0.000      18585.037
    15  2000    91     1          0.000          0.000          0.000      18585.037
    15  2000    92     1          0.000          0.000          0.000      18585.037
    15  2000    93     1          0.000          0.000          0.000      18585.037
    15  2000    94     1          0.000          0.000          0.000      18585.037
    15  2000    95     1          0.000          0.000          0.000      18585.037
    15  2000    96     1          0.000          0.000          0.000      18585.037
    15  2000    97     1          0.000          0.000          0.000      18585.037
    15  2000    98     1          0.000          0.000          0.000      18585.037
    15  2000    99     1          0.000          0.000          0.000      18585.037
    15  2000   100     1          0.000          0.000          0.000      18585.037
    15  2000   101     1          0.000          0.000          0.000      18585.037
    15  2000   102     1          0.000          0.000          0.000      18585.037
    15  2000   103     1          0.000          0.000          0.000      18585.037
    15  2000   104     1          0.000          0.000          0.000      18585.037
    15  2000   105     1          0.000          0.000          0.000      18585.037
    15  2000   106     1          0.000          0.000          0.000      18585.037
    15  2000   107     1          0.000          0.000          0.000      18585.037
    15  2000   108     1          0.000          0.000          0.000      18585.037
    15  2000   109     1          0.000          0.000          0.000      18585.037
    15  2000   110     1          0.000          0.000          0.000      18585.037
    15  2000   111     1          0.000          0.000          0.000      18585.037
    15  2000   112     1          0.000          0.000          0.000      18585.037
    15  2000   113     1          0.000          0.000          0.000      18585.037
    15  2000   114     1          0.000          0.000          0.000      18585.037
    15  2000   115     1          0.000          0.000          0.000      18585.037
    15  2000   116     1          0.000          0.000          0.000      18585.037
    15  2000   117     1          0.000          0.000          0.000      18585.037
    15  2000   118     1          0.000          0.000          0.000      18585.037
    15  2000   119     1          0.000          0.000          0.000      18585.037
    15  2000   120     1          0.000          0.000          0.000      18585.037
    15  2000   121     1          0.000          0.000          0.000      18585.037
    15  2000   122     1          0.000          0.000          0.000      18585.037
    15  2000   123     1          0.000          0.000          0.000      18585.037
    15  2000   124     1          0.000          0.000          0.000      18585.037
    15  2000   125     1          0.000          0.000          0.000      18585.037
    15  2000   126     1          0.000          0.000          0.000      18585.037
    15  2000   127     1          0.000          0.000          0.000      18585.037
    15  2000   128     1          0.000          0.000          0.000      18585.037
    15  2000   129     1          0.000          0.000          0.000      18585.037
    15  2000   130     1          0.000          0.000          0.000      18585.037
    15  2000   131     1          0.000          0.000          0.000      18585.037
    15  2000   132     1          0.000          0.000          0.000      18585.037
    15  2000   133     1          0.000          0.000          0.000      18585.037
    15  2000   134     1          0.000          0.000          0.000      18585.037
    15  2000   135     1          0.000          0.000          0.000      18585.037
    15  2000   136     1          0.000          0.000          0.000      18585.037
    15  2000   137     1          0.000          0.000          0.000      18585.037
    15  2000   138     1          0.000          0.000          0.000      18585.037
    15  2000   139     1          0.000          0.000          0.000      18585.037
    15  2000   140     1          0.000          0.000          0.000      18585.037
    15  2000   141     1          0.000          0.000          0.000      18585.037
    15  2000   142     1          0.000          0.000          0.000      18585.037
    15  2000   143     1          0.000          0.000          0.000      18585.037
    15  2000   144     1          0.000          0.000          0.000      18585.037
    15  2000   145     1          0.000          0.000          0.000      18585.037
    15  2000   146     1          0.000          0.000          0.000      18585.037
    15  2000   147     1          0.000          0.000          0.000      18585.037
    15  2000   148     1          0.000          0.000          0.000      18585.037
    15  2000   149     1          0.000          0.000          0.000      18585.037
    15  2000   150     1          0.000          0.000          0.000      18585.037
    15  2000   151     1          0.000          0.000          0.000      18585.037
    15  2000   152     1          0.000          0.000          0.000      18585.037
    15  2000   153     1          0.000          0.000          0.000      18585.037
    15  2000   154     1          0.000          0.000          0.000      18585.037
    15  2000   155     1          0.000          0.000          0.000      18585.037
    15  2000   156     1          0.000          0.000          0.000      18585.037
    15  2000   157     1          0.000          0.000          0.000      18585.037
    15  2000   158     1          0.000          0.000          0.000      18585.037
    15  2000   159     1          0.000          0.000          0.000      18585.037
    15  2000   160     1          0.000          0.000          0.000      18585.037
    15  2000   161     1          0.000          0.000          0.000      18585.037
    15  2000   162     1          0.000          0.000          0.000      18585.037
    15  2000   163     1          0.000          0.000          0.000      18585.037
    15  2000   164     1          0.000          0.000          0.000      18585.037
    15  2000   165     1          0.000          0.000          0.000      18585.037
    15  2000   166     1          0.000          0.000          0.000      18585.037
    15  2000   167     1          0.000          0.000          0.000      18585.037
    15  2000   168     1          0.000          0.000          0.000      18585.037
    15  2000   169     1          0.000          0.000          0.000      18585.037
    15  2000   170     1          0.000          0.000          0.000      18585.037
    15  2000   171     1          0.000          0.000          0.000      18585.037
    15  2000   172     1          0.000          0.000          0.000      18585.037
    15  2000   173     1          0.000          0.000          0.000      18585.037
    15  2000   174     1          0.000          0.000          0.000      18585.037
    15  2000   175     1          0.000          0.000          0.000      18585.037
    15  2000   176     1          0.000          0.000          0.000      18585.037
    15  2000   177     1          0.000          0.000          0.000      18585.037
    15  2000   178     1          0.000          0.000          0.000      18585.037
    15  2000   179     1          0.000          0.000          0.000      18585.037
    15  2000   180     1          0.000          0.000          0.000      18585.037
    15  2000   181     1          0.000          0.000          0.000      18585.037
    15  2000   182     1          0.000          0.000          0.000      18585.037
    15  2000   183     1          0.000          0.000          0.000      18585.037
    15  2000   184     1          0.000          0.000          0.000      18585.037
    15  2000   185     1          0.000          0.000          0.000      18585.037
    15  2000   186     1          0.000          0.000          0.000      18585.037
    15  2000   187     1          0.000          0.000          0.000      18585.037
    15  2000   188     1          0.000          0.000          0.000      18585.037
    15  2000   189     1          0.000          0.000          0.000      18585.037
    15  2000   190     1          0.000          0.000          0.000      18585.037
    15  2000   191     1          0.000          0.000          0.000      18585.037
    15  2000   192     1          0.000          0.000          0.000      18585.037
    15  2000   193     1          0.000          0.000          0.000      18585.037
    15  2000   194     1          0.000          0.000          0.000      18585.037
    15  2000   195     1          0.000          0.000          0.000      18585.037
    15  2000   196     1          0.000          0.000          0.000      18585.037
    15  2000   197     1          0.000          0.000          0.000      18585.037
    15  2000   198     1          0.000          0.000          0.000      18585.037
    15  2000   199     1          0.000          0.000          0.000      18585.037
    15  2000   200     1          0.000          0.000          0.000      18585.037
    15  2000   201     1          0.000          0.000          0.000      18585.037
    15  2000   202     1          0.000          0.000          0.000      18585.037
    15  2000   203     1          0.000          0.000          0.000      18585.037
    15  2000   204     1          0.000          0.000          0.000      18585.037
    15  2000   205     1          0.000          0.000          0.000      18585.037
    15  2000   206     1          0.000          0.000          0.000      18585.037
    15  2000   207     1          0.000          0.000          0.000      18585.037
    15  2000   208     1          0.000          0.000          0.000      18585.037
    15  2000   209     1          0.000          0.000          0.000      18585.037
    15  2000   210     1          0.000          0.000          0.000      18585.037
    15  2000   211     1          0.000          0.000          0.000      18585.037
    15  2000   212     1          0.000          0.000          0.000      18585.037
    15  2000   213     1          0.000          0.000          0.000      18585.037
    15  2000   214     1          0.000          0.000          0.000      18585.037
    15  2000   215     1          0.000          0.000          0.000      18585.037
    15  2000   216     1          0.000          0.000          0.000      18585.037
    15  2000   217     1          0.000          0.000          0.000      18585.037
    15  2000   218     1          0.000          0.000          0.000      18585.037
    15  2000   219     1          0.001          0.000          0.001      18585.039
    15  2000   220     1          0.008          0.002          0.006      18585.045
    15  2000   221     1          0.002          0.000          0.002      18585.047
    15  2000   222     1          0.000          0.000          0.000      18585.047
    15  2000   223     1          0.000          0.000          0.000      18585.047
    15  2000   224     1          0.000          0.000          0.000      18585.047
    15  2000   225     1          0.000          0.000          0.000      18585.047
    15  2000   226     1          0.000          0.000          0.000      18585.047
    15  2000   227     1          0.000          0.000          0.000      18585.047
    15  2000   228     1          0.000          0.000          0.000      18585.047
    15  2000   229     1          0.000          0.000          0.000      18585.047
    15  2000   230     1          0.000          0.000          0.000      18585.047
    15  2000   231     1          0.000          0.000          0.000      18585.047
    15  2000   232     1          0.000          0.000          0.000      18585.047
    15  2000   233     1          0.000          0.000          0.000      18585.047
    15  2000   234     1          0.000          0.000          0.000      18585.047
    15  2000   235     1          0.000          0.000          0.000      18585.047
    15  2000   236     1          0.000          0.000          0.000      18585.047
    15  2000   237     1          0.000          0.000          0.000      18585.047
    15  2000   238     1          0.000          0.000          0.000      18585.047
    15  2000   239     1          0.000          0.000          0.000      18585.047
    15  2000   240     1          0.000          0.000          0.000      18585.047
    15  2000   241     1          0.000          0.000          0.000      18585.047
    15  2000   242     1          0.000          0.000          0.000      18585.047
    15  2000   243     1          0.000          0.000          0.000      18585.047
    15  2000   244     1          0.000          0.000          0.000      18585.047
    15  2000   245     1          0.000          0.000          0.000      18585.047
    15  2000   246     1          0.000          0.000          0.000      18585.047
    15  2000   247     1          0.000          0.000          0.000      18585.047
    15  2000   248     1          0.000          0.000          0.000      18585.047
    15  2000   249     1          0.005          0.001          0.004      18585.051
    15  2000   250     1          0.003          0.001          0.002      18585.053
    15  2000   251     1          0.000          0.000          0.000      18585.053
    15  2000   252     1          0.000          0.000          0.000      18585.053
    15  2000   253     1          0.000          0.000          0.000      18585.053
    15  2000   254     1          0.000          0.000          0.000      18585.053
    15  2000   255     1          0.000          0.000          0.000      18585.053
    15  2000   256     1          0.000          0.000          0.000      18585.053
    15  2000   257     1          0.000          0.000          0.000      18585.053
    15  2000   258     1          0.000          0.000          0.000      18585.053
    15  2000   259     1          0.000          0.000          0.000      18585.053
    15  2000   260     1          0.000          0.000          0.000      18585.053
    15  2000   261     1          0.000          0.000          0.000      18585.053
    15  2000   262     1          0.000          0.000          0.000      18585.053
    15  2000   263     1          0.000          0.000          0.000      18585.053
    15  2000   264     1          0.000          0.000          0.000      18585.053
    15  2000   265     1          0.000          0.000          0.000      18585.053
    15  2000   266     1          0.000          0.000          0.000      18585.053
    15  2000   267     1          0.000          0.000          0.000      18585.053
    15  2000   268     1          0.000          0.000          0.000      18585.053
    15  2000   269     1          0.000          0.000          0.000      18585.053
    15  2000   270     1          0.000          0.000          0.000      18585.053
    15  2000   271     1          0.000          0.000          0.000      18585.053
    15  2000   272     1          0.000          0.000          0.000      18585.053
    15  2000   273     1          0.007          0.001          0.006      18585.059
    15  2000   274     1          0.003          0.001          0.002      18585.061
    15  2000   275     1          0.002          0.000          0.002      18585.062
    15  2000   276     1          0.001          0.000          0.000      18585.062
    15  2000   277     1          0.000          0.000          0.000      18585.062
    15  2000   278     1          0.005          0.001          0.004      18585.066
    15  2000   279     1          0.008          0.002          0.007      18585.072
    15  2000   280     1          0.008          0.002          0.007      18585.078
    15  2000   281     1          0.006          0.001          0.005      18585.084
    15  2000   282     1          0.008          0.002          0.006      18585.090
    15  2000   283     1          0.000          0.000          0.000      18585.090
    15  2000   284     1          0.000          0.000          0.000      18585.090
    15  2000   285     1          0.002          0.000          0.002      18585.092
    15  2000   286     1          0.001          0.000          0.001      18585.092
    15  2000   287     1          0.002          0.001          0.002      18585.094
    15  2000   288     1          0.004          0.001          0.003      18585.098
    15  2000   289     1          0.012          0.002          0.010      18585.107
    15  2000   290     1          0.012          0.002          0.009      18585.117
    15  2000   291     1          0.003          0.001          0.002      18585.119
    15  2000   292     1          0.000          0.000          0.000      18585.119
    15  2000   293     1          0.000          0.000          0.000      18585.119
    15  2000   294     1          0.001          0.000          0.001      18585.119
    15  2000   295     1          0.000          0.000          0.000      18585.119
    15  2000   296     1          0.000          0.000          0.000      18585.119
    15  2000   297     1          0.000          0.000          0.000      18585.119
    15  2000   298     1          0.000          0.000          0.000      18585.119
    15  2000   299     1          0.000          0.000          0.000      18585.119
    15  2000   300     1          0.000          0.000          0.000      18585.119
    15  2000   301     1          0.010          0.002          0.008      18585.127
    15  2000   302     1          0.006          0.001          0.005      18585.131
    15  2000   303     1          0.001          0.000          0.001      18585.131
    15  2000   304     1          0.001          0.000          0.001      18585.131
    15  2000   305     1          0.002          0.000          0.001      18585.133
    15  2000   306     1          0.004          0.001          0.004      18585.137
    15  2000   307     1          0.004          0.001          0.004      18585.141
    15  2000   308     1          0.006          0.001          0.005      18585.146
    15  2000   309     1          0.008          0.002          0.006      18585.152
    15  2000   310     1          0.004          0.001          0.003      18585.154
    15  2000   311     1          0.010          0.002          0.008      18585.162
    15  2000   312     1          0.004          0.001          0.003      18585.166
    15  2000   313     1          0.001          0.000          0.001      18585.166
    15  2000   314     1          0.003          0.001          0.002      18585.168
    15  2000   315     1       2209.969        472.391       1737.578      20322.746
    15  2000   316     1          0.004          0.001          0.003      20322.750
    15  2000   317     1          0.003          0.001          0.002      20322.752
    15  2000   318     1          0.005          0.001          0.004      20322.756
    15  2000   319     1          0.005          0.001          0.004      20322.760
    15  2000   320     1          0.002          0.000          0.002      20322.762
    15  2000   321     1          0.002          0.000          0.001      20322.764
    15  2000   322     1          0.002          0.000          0.001      20322.766
    15  2000   323     1          0.006          0.001          0.005      20322.770
    15  2000   324     1          0.003          0.000          0.002      20322.771
    15  2000   325     1          0.003          0.001          0.003      20322.773
    15  2000   326     1          0.002          0.000          0.002      20322.775
    15  2000   327     1          0.001          0.000          0.001      20322.775
    15  2000   328     1          0.000          0.000          0.000      20322.775
    15  2000   329     1          0.000          0.000          0.000      20322.775
    15  2000   330     1          0.000          0.000          0.000      20322.775
    15  2000   331     1          0.000          0.000          0.000      20322.775
    15  2000   332     1          0.000          0.000          0.000      20322.775
    15  2000   333     1          0.000          0.000          0.000      20322.775
    15  2000   334     1          0.001          0.000          0.001      20322.777
    15  2000   335     1          0.007          0.001          0.005      20322.783
    15  2001     1     1          0.006          0.001          0.005      20322.787
    15  2001     2     1        795.105        167.553        627.552      20950.340
    15  2001     3     1          0.004          0.001          0.003      20950.344
    15  2001     4     1          0.004          0.001          0.003      20950.348
    15  2001     5     1          0.001          0.000          0.000      20950.348
    15  2001     6     1          0.000          0.000          0.000      20950.348
    15  2001     7     1          0.000          0.000          0.000      20950.348
    15  2001     8     1          0.000          0.000          0.000      20950.348
    15  2001     9     1          0.000          0.000          0.000      20950.348
    15  2001    10     1          0.000          0.000          0.000      20950.348
    15  2001    11     1          0.000          0.000          0.000      20950.348
    15  2001    12     1          0.000          0.000          0.000      20950.348
    15  2001    13     1          0.000          0.000          0.000      20950.348
    15  2001    14     1          0.000          0.000          0.000      20950.348
    15  2001    15     1          0.000          0.000          0.000      20950.348
    15  2001    16     1          0.000          0.000          0.000      20950.348
    15  2001    17     1          0.001          0.000          0.001      20950.350
    15  2001    18     1          0.001          0.000          0.001      20950.352
    15  2001    19     1          0.002          0.000          0.002      20950.354
    15  2001    20     1        113.479         24.009         89.470      21039.822
    15  2001    21     1         90.678         19.284         71.394      21111.217
    15  2001    22     1        629.687        137.968        491.719      21602.936
    15  2001    23     1          0.004          0.001          0.003      21602.938
    15  2001    24     1          0.005          0.001          0.004      21602.941
    15  2001    25     1          5.976          1.286          4.690      21607.631
    15  2001    26     1          1.540          0.332          1.208      21608.840
    15  2001    27     1          5.629          1.220          4.410      21613.250
    15  2001    28     1          3.415          0.744          2.672      21615.922
    15  2001    29     1          8.268          1.809          6.459      21622.381
    15  2001    30     1        101.046         22.395         78.651      21701.031
    15  2001    31     1         38.114          8.467         29.647      21730.678
