Subasin-ID	year	day	hour	qlateral(m**3/s)	inflow(m**3/s)	evap(m**3)	prec(m**3)	intake(m**3/s)	overflow(m**3/s)	qbottom(m**3/s)	qout(m**3/s)	withdrawal(m**3/s)	elevation(m)	area(m**2)	volume(m**3)
    15	  2000	     1	     1	     0.000	    78.981	      66188.3	      29472.1	    36.000	    42.955	     0.000	    78.955	     0.020	   447.272	    10265968.0	    88646808.0	
    15	  2000	     2	     1	     0.000	   148.000	      42231.7	     201042.2	    36.000	   111.555	     0.000	   147.555	     0.020	   447.297	    10282175.0	    88842336.0	
    15	  2000	     3	     1	     0.000	   117.741	      58865.6	      93678.2	    36.000	    83.576	     0.000	   119.576	     0.020	   447.282	    10271773.0	    88716832.0	
    15	  2000	     4	     1	     0.000	   122.865	      58323.5	      35787.2	    36.000	    87.248	     0.000	   123.248	     0.020	   447.274	    10267015.0	    88659440.0	
    15	  2000	     5	     1	     0.000	   126.084	      37295.7	     158937.2	    36.000	    89.803	     0.000	   125.803	     0.020	   447.293	    10278966.0	    88803608.0	
    15	  2000	     6	     1	     0.000	   133.593	      31941.8	     126307.6	    36.000	    98.982	     0.000	   134.982	     0.020	   447.289	    10276699.0	    88776256.0	
    15	  2000	     7	     1	     0.000	   134.724	      41890.5	      83152.4	    36.000	    99.797	     0.000	   135.797	     0.020	   447.282	    10272289.0	    88723056.0	
    15	  2000	     8	     1	     0.000	   140.464	      45082.5	     110519.0	    36.000	   104.923	     0.000	   140.923	     0.020	   447.285	    10274287.0	    88747152.0	
    15	  2000	     9	     1	     0.000	   143.835	      33938.0	      84204.9	    36.000	   108.574	     0.000	   144.574	     0.020	   447.284	    10273019.0	    88731856.0	
    15	  2000	    10	     1	     0.000	   143.956	      49088.9	      34734.5	    36.000	   108.518	     0.000	   144.518	     0.020	   447.275	    10267654.0	    88667144.0	
    15	  2000	    11	     1	     0.000	   144.469	      51750.7	      15788.4	    36.000	   108.283	     0.000	   144.283	     0.020	   447.273	    10265860.0	    88645512.0	
    15	  2000	    12	     1	     0.000	   145.586	      56881.4	      13683.3	    36.000	   109.150	     0.000	   145.150	     0.020	   447.272	    10265259.0	    88638264.0	
    15	  2000	    13	     1	     0.000	   148.203	      60357.1	      23156.3	    36.000	   111.683	     0.000	   147.683	     0.020	   447.272	    10265757.0	    88644264.0	
    15	  2000	    14	     1	     0.000	   150.059	      65167.0	      15788.4	    36.000	   113.609	     0.000	   149.609	     0.020	   447.271	    10264748.0	    88632088.0	
    15	  2000	    15	     1	     0.000	   151.820	      66151.2	       9473.0	    36.000	   115.228	     0.000	   151.228	     0.020	   447.270	    10264142.0	    88624784.0	
    15	  2000	    16	     1	     0.000	   153.501	      65214.4	       6315.4	    36.000	   116.825	     0.000	   152.825	     0.020	   447.270	    10263958.0	    88622568.0	
    15	  2000	    17	     1	     0.000	   155.073	      60709.0	      50522.9	    36.000	   118.371	     0.000	   154.371	     0.020	   447.276	    10267997.0	    88671280.0	
    15	  2000	    18	     1	     0.000	   156.908	      40320.8	     111571.3	    36.000	   120.770	     0.000	   156.770	     0.020	   447.286	    10274748.0	    88752712.0	
    15	  2000	    19	     1	     0.000	   158.905	      28189.6	      98940.6	    36.000	   123.710	     0.000	   159.710	     0.020	   447.286	    10274707.0	    88752216.0	
    15	  2000	    20	     1	     0.000	   160.847	      46032.8	      33681.9	    36.000	   125.646	     0.000	   161.646	     0.020	   447.276	    10267817.0	    88669112.0	
    15	  2000	    21	     1	     0.000	   162.349	      56268.6	      23156.3	    36.000	   126.186	     0.000	   162.186	     0.020	   447.273	    10266096.0	    88648352.0	
    15	  2000	    22	     1	     0.000	   163.793	      60767.5	       7367.9	    36.000	   127.390	     0.000	   163.390	     0.020	   447.270	    10264413.0	    88628064.0	
    15	  2000	    23	     1	     0.000	   165.113	      59939.3	       3157.7	    36.000	   128.475	     0.000	   164.475	     0.020	   447.270	    10264133.0	    88624680.0	
    15	  2000	    24	     1	     0.000	   166.273	      63621.2	       6315.4	    36.000	   129.596	     0.000	   165.596	     0.020	   447.270	    10264090.0	    88624160.0	
    15	  2000	    25	     1	     0.000	   167.283	      62840.9	      14735.8	    36.000	   130.600	     0.000	   166.600	     0.020	   447.271	    10264853.0	    88633360.0	
    15	  2000	    26	     1	     0.000	   168.175	      61683.0	      10525.6	    36.000	   131.598	     0.000	   167.598	     0.020	   447.271	    10264599.0	    88630304.0	
    15	  2000	    27	     1	     0.000	   168.955	      57700.3	      15788.4	    36.000	   132.343	     0.000	   168.343	     0.020	   447.272	    10265366.0	    88639552.0	
    15	  2000	    28	     1	     0.000	   169.827	      48431.7	      86309.9	    36.000	   133.322	     0.000	   169.322	     0.020	   447.282	    10271982.0	    88719344.0	
    15	  2000	    29	     1	     0.000	   173.062	      40820.5	     184198.0	    36.000	   137.481	     0.000	   173.481	     0.020	   447.295	    10280726.0	    88824840.0	
    15	  2000	    30	     1	     0.000	   172.482	      31333.8	     103150.8	    36.000	   138.121	     0.000	   174.121	     0.020	   447.286	    10274793.0	    88753256.0	
    15	  2000	    31	     1	     0.000	   174.182	      38005.7	     137885.3	    36.000	   138.993	     0.000	   174.993	     0.020	   447.290	    10277119.0	    88781320.0	
    15	  2000	    32	     1	     0.000	   175.835	      40938.4	      52628.0	    36.000	   140.971	     0.000	   176.971	     0.020	   447.279	    10269809.0	    88693128.0	
    15	  2000	    33	     1	     0.000	   177.329	      51416.1	      23156.3	    36.000	   141.444	     0.000	   177.444	     0.020	   447.274	    10266496.0	    88653184.0	
    15	  2000	    34	     1	     0.000	   178.680	      56920.6	      11578.2	    36.000	   142.333	     0.000	   178.333	     0.020	   447.271	    10265080.0	    88636096.0	
    15	  2000	    35	     1	     0.000	   179.884	      62689.5	       5262.8	    36.000	   143.339	     0.000	   179.339	     0.020	   447.270	    10264078.0	    88624016.0	
    15	  2000	    36	     1	     0.000	   180.954	      61225.2	       8420.5	    36.000	   144.269	     0.000	   180.269	     0.020	   447.270	    10264460.0	    88628632.0	
    15	  2000	    37	     1	     0.000	   181.880	      59785.7	       2105.1	    36.000	   145.249	     0.000	   181.249	     0.020	   447.270	    10264057.0	    88623760.0	
    15	  2000	    38	     1	     0.000	   182.795	      46866.9	      56838.2	    36.000	   146.107	     0.000	   182.107	     0.020	   447.278	    10269666.0	    88691408.0	
    15	  2000	    39	     1	     0.000	   193.612	      25444.6	     205249.1	    36.000	   157.708	     0.000	   193.708	     0.020	   447.300	    10283743.0	    88861248.0	
    15	  2000	    40	     1	     0.000	   186.017	      32144.9	     156831.2	    36.000	   152.080	     0.000	   188.080	     0.020	   447.293	    10279160.0	    88805944.0	
    15	  2000	    41	     1	     0.000	   189.996	      19151.6	     167356.7	    36.000	   155.419	     0.000	   191.419	     0.020	   447.296	    10281109.0	    88829464.0	
    15	  2000	    42	     1	     0.000	   192.679	      22996.4	     121044.2	    36.000	   158.374	     0.000	   194.374	     0.020	   447.290	    10276951.0	    88779288.0	
    15	  2000	    43	     1	     0.000	   197.354	      32114.8	     141042.7	    36.000	   162.469	     0.000	   198.469	     0.020	   447.291	    10277851.0	    88790152.0	
    15	  2000	    44	     1	     0.000	   206.434	      26939.8	     168409.2	    36.000	   171.676	     0.000	   207.676	     0.020	   447.295	    10280544.0	    88822648.0	
    15	  2000	    45	     1	     0.000	   354.896	      18276.7	     248403.2	    36.000	   320.515	     0.000	   356.515	     0.020	   447.306	    10287877.0	    88911144.0	
    15	  2000	    46	     1	     0.000	   263.413	      32743.6	      88408.0	    36.000	   230.169	     0.000	   266.169	     0.020	   447.284	    10272616.0	    88727000.0	
    15	  2000	    47	     1	     0.000	   190.862	      36689.3	      31574.3	    36.000	   155.488	     0.000	   191.488	     0.020	   447.276	    10267565.0	    88666072.0	
    15	  2000	    48	     1	     0.000	   232.873	      49773.9	       8419.8	    36.000	   196.794	     0.000	   232.794	     0.020	   447.272	    10264558.0	    88629800.0	
    15	  2000	    49	     1	     0.000	   212.536	      52793.1	       7367.3	    36.000	   176.037	     0.000	   212.037	     0.020	   447.271	    10264220.0	    88625728.0	
    15	  2000	    50	     1	     0.000	   229.514	      52789.1	       8419.8	    36.000	   192.969	     0.000	   228.969	     0.020	   447.271	    10264307.0	    88626784.0	
    15	  2000	    51	     1	     0.000	   224.604	      60294.3	      19997.0	    36.000	   188.070	     0.000	   224.070	     0.020	   447.272	    10264645.0	    88630856.0	
    15	  2000	    52	     1	     0.000	   231.778	      46916.5	      14734.7	    36.000	   195.292	     0.000	   231.292	     0.020	   447.273	    10265318.0	    88638968.0	
    15	  2000	    53	     1	     0.000	   231.034	      54228.1	       8419.8	    36.000	   194.642	     0.000	   230.642	     0.020	   447.271	    10264188.0	    88625344.0	
    15	  2000	    54	     1	     0.000	   234.687	      56789.9	       5262.4	    36.000	   198.137	     0.000	   234.137	     0.020	   447.271	    10263714.0	    88619624.0	
    15	  2000	    55	     1	     0.000	   235.182	      57103.9	       6314.9	    36.000	   198.565	     0.000	   234.565	     0.020	   447.271	    10263775.0	    88620360.0	
    15	  2000	    56	     1	     0.000	   235.571	      56675.4	       9472.3	    36.000	   198.963	     0.000	   234.963	     0.020	   447.271	    10264072.0	    88623952.0	
    15	  2000	    57	     1	     0.000	   236.924	      59218.1	       6314.9	    36.000	   200.357	     0.000	   236.357	     0.020	   447.270	    10263599.0	    88618248.0	
    15	  2000	    58	     1	     0.000	   238.108	      54354.1	       9472.3	    36.000	   201.476	     0.000	   237.476	     0.020	   447.271	    10264265.0	    88626272.0	
    15	  2000	    59	     1	     0.000	   239.146	      51060.4	      12629.7	    36.000	   202.607	     0.000	   238.607	     0.020	   447.272	    10264800.0	    88632720.0	
    15	  2000	    60	     1	     0.000	   240.049	      53652.9	      10524.8	    36.000	   203.585	     0.000	   239.585	     0.020	   447.272	    10264410.0	    88628024.0	
    15	  2000	    61	     1	     0.000	   240.815	      57645.5	       1052.5	    36.000	   204.296	     0.000	   240.296	     0.020	   447.270	    10263294.0	    88614560.0	
    15	  2000	    62	     1	     0.000	   241.454	      54902.9	       2105.0	    36.000	   204.779	     0.000	   240.779	     0.020	   447.270	    10263608.0	    88618352.0	
    15	  2000	    63	     1	     0.000	   241.983	      51130.6	      10524.8	    36.000	   205.352	     0.000	   241.352	     0.020	   447.272	    10264619.0	    88630544.0	
    15	  2000	    64	     1	     0.000	   242.433	      39441.7	       5262.4	    36.000	   205.944	     0.000	   241.944	     0.020	   447.273	    10265152.0	    88636976.0	
    15	  2000	    65	     1	     0.000	   242.788	      40497.8	       4209.9	    36.000	   206.372	     0.000	   242.372	     0.020	   447.272	    10264977.0	    88634864.0	
    15	  2000	    66	     1	     0.000	   243.063	      40584.5	       5262.4	    36.000	   206.623	     0.000	   242.623	     0.020	   447.273	    10265058.0	    88635832.0	
    15	  2000	    67	     1	     0.000	   243.262	      42489.0	       7367.3	    36.000	   206.833	     0.000	   242.833	     0.020	   447.273	    10265074.0	    88636032.0	
    15	  2000	    68	     1	     0.000	   243.380	      51495.3	       8419.8	    36.000	   206.954	     0.000	   242.954	     0.020	   447.272	    10264415.0	    88628080.0	
    15	  2000	    69	     1	     0.000	   243.439	      49158.2	       8419.8	    36.000	   206.921	     0.000	   242.921	     0.020	   447.272	    10264609.0	    88630416.0	
    15	  2000	    70	     1	     0.000	   243.430	      51440.4	      19997.0	    36.000	   206.939	     0.000	   242.939	     0.020	   447.273	    10265380.0	    88639712.0	
    15	  2000	    71	     1	     0.000	   243.373	      52812.9	      13682.2	    36.000	   206.989	     0.000	   242.989	     0.020	   447.272	    10264742.0	    88632024.0	
    15	  2000	    72	     1	     0.000	   243.267	      52356.5	       8419.8	    36.000	   206.794	     0.000	   242.794	     0.020	   447.272	    10264343.0	    88627216.0	
    15	  2000	    73	     1	     0.000	   243.142	      31414.1	      18944.6	    36.000	   206.614	     0.000	   242.614	     0.020	   447.276	    10266952.0	    88658680.0	
    15	  2000	    74	     1	     0.000	   242.930	      54669.1	       5262.4	    36.000	   206.766	     0.000	   242.766	     0.020	   447.271	    10263889.0	    88621744.0	
    15	  2000	    75	     1	     0.000	   242.695	      52585.2	       7367.3	    36.000	   206.104	     0.000	   242.104	     0.020	   447.271	    10264237.0	    88625936.0	
    15	  2000	    76	     1	     0.000	   242.415	      48956.3	      17892.1	    36.000	   205.871	     0.000	   241.871	     0.020	   447.273	    10265411.0	    88640088.0	
    15	  2000	    77	     1	     0.000	   242.098	      45835.5	      10524.8	    36.000	   205.719	     0.000	   241.719	     0.020	   447.273	    10265058.0	    88635840.0	
    15	  2000	    78	     1	     0.000	   241.747	      44311.9	      11577.2	    36.000	   205.318	     0.000	   241.318	     0.020	   447.273	    10265272.0	    88638416.0	
    15	  2000	    79	     1	     0.000	   241.356	      48563.5	      21049.5	    36.000	   204.957	     0.000	   240.957	     0.020	   447.274	    10265705.0	    88643640.0	
    15	  2000	    80	     1	     0.000	   241.048	      39513.7	      69463.4	    36.000	   204.709	     0.000	   240.709	     0.020	   447.281	    10270469.0	    88701104.0	
    15	  2000	    81	     1	     0.000	   240.685	      38233.1	      16839.6	    36.000	   205.012	     0.000	   241.012	     0.020	   447.274	    10266212.0	    88649760.0	
    15	  2000	    82	     1	     0.000	   240.276	      54782.9	          0.0	    36.000	   204.008	     0.000	   240.008	     0.020	   447.270	    10263444.0	    88616368.0	
    15	  2000	    83	     1	     0.000	   239.843	      49568.3	          0.0	    36.000	   203.189	     0.000	   239.189	     0.020	   447.271	    10263876.0	    88621584.0	
    15	  2000	    84	     1	     0.000	   239.375	      42835.1	       3157.4	    36.000	   202.781	     0.000	   238.781	     0.020	   447.272	    10264696.0	    88631472.0	
    15	  2000	    85	     1	     0.000	   238.852	      50336.9	          0.0	    36.000	   202.373	     0.000	   238.373	     0.020	   447.271	    10263813.0	    88620816.0	
    15	  2000	    86	     1	     0.000	   238.290	      55689.9	          0.0	    36.000	   201.688	     0.000	   237.688	     0.020	   447.270	    10263368.0	    88615464.0	
    15	  2000	    87	     1	     0.000	   237.699	      51420.4	          0.0	    36.000	   201.035	     0.000	   237.035	     0.020	   447.271	    10263722.0	    88619728.0	
    15	  2000	    88	     1	     0.000	   237.081	      42537.0	       2105.0	    36.000	   200.466	     0.000	   236.466	     0.020	   447.272	    10264634.0	    88630720.0	
    15	  2000	    89	     1	     0.000	   236.431	      40867.0	       6314.9	    36.000	   199.943	     0.000	   235.943	     0.020	   447.273	    10265121.0	    88636600.0	
    15	  2000	    90	     1	     0.000	   235.754	      41996.0	       6314.9	    36.000	   199.334	     0.000	   235.334	     0.020	   447.273	    10265028.0	    88635472.0	
    15	  2000	    91	     1	     0.000	   235.054	      41049.9	       3157.4	    36.000	   198.621	     0.000	   234.621	     0.020	   447.272	    10264844.0	    88633256.0	
    15	  2000	    92	     1	     0.000	   234.329	      40858.0	       1052.5	    36.000	   197.870	     0.000	   233.870	     0.020	   447.272	    10264685.0	    88631344.0	
    15	  2000	    93	     1	     0.000	   233.574	      46219.0	       1052.5	    36.000	   197.093	     0.000	   233.093	     0.020	   447.271	    10264241.0	    88625984.0	
    15	  2000	    94	     1	     0.000	   232.799	      47724.8	          0.0	    36.000	   196.256	     0.000	   232.256	     0.020	   447.271	    10264029.0	    88623424.0	
    15	  2000	    95	     1	     0.000	   232.002	      47803.4	          0.0	    36.000	   195.429	     0.000	   231.429	     0.020	   447.271	    10264023.0	    88623352.0	
    15	  2000	    96	     1	     0.000	   231.183	      46996.6	          0.0	    36.000	   194.610	     0.000	   230.610	     0.020	   447.271	    10264089.0	    88624152.0	
    15	  2000	    97	     1	     0.000	   230.334	      52597.5	          0.0	    36.000	   193.770	     0.000	   229.770	     0.020	   447.270	    10263625.0	    88618552.0	
    15	  2000	    98	     1	     0.000	   229.467	      52306.1	          0.0	    36.000	   192.838	     0.000	   228.838	     0.020	   447.270	    10263649.0	    88618848.0	
    15	  2000	    99	     1	     0.000	   228.577	      52824.2	          0.0	    36.000	   191.952	     0.000	   227.952	     0.020	   447.270	    10263606.0	    88618328.0	
    15	  2000	   100	     1	     0.000	   227.676	      45853.5	          0.0	    36.000	   191.045	     0.000	   227.045	     0.020	   447.271	    10264184.0	    88625296.0	
    15	  2000	   101	     1	     0.000	   226.754	      45173.8	          0.0	    36.000	   190.203	     0.000	   226.203	     0.020	   447.271	    10264241.0	    88625976.0	
    15	  2000	   102	     1	     0.000	   225.826	      37856.0	          0.0	    36.000	   189.283	     0.000	   225.283	     0.020	   447.272	    10264848.0	    88633296.0	
    15	  2000	   103	     1	     0.000	   224.866	      50299.0	          0.0	    36.000	   188.408	     0.000	   224.408	     0.020	   447.271	    10263816.0	    88620856.0	
    15	  2000	   104	     1	     0.000	   223.905	      49284.6	          0.0	    36.000	   187.303	     0.000	   223.303	     0.020	   447.271	    10263900.0	    88621864.0	
    15	  2000	   105	     1	     0.000	   222.929	      49985.0	          0.0	    36.000	   186.339	     0.000	   222.339	     0.020	   447.271	    10263841.0	    88621168.0	
    15	  2000	   106	     1	     0.000	   221.939	      52325.4	          0.0	    36.000	   185.340	     0.000	   221.340	     0.020	   447.270	    10263647.0	    88618824.0	
    15	  2000	   107	     1	     0.000	   220.937	      52006.1	          0.0	    36.000	   184.311	     0.000	   220.311	     0.020	   447.270	    10263674.0	    88619144.0	
    15	  2000	   108	     1	     0.000	   219.925	      49762.8	          0.0	    36.000	   183.303	     0.000	   219.303	     0.020	   447.271	    10263860.0	    88621392.0	
    15	  2000	   109	     1	     0.000	   218.912	      41202.1	       1052.5	    36.000	   182.316	     0.000	   218.316	     0.020	   447.272	    10264657.0	    88631000.0	
    15	  2000	   110	     1	     0.000	   217.879	      45421.8	          0.0	    36.000	   181.394	     0.000	   217.394	     0.020	   447.271	    10264220.0	    88625728.0	
    15	  2000	   111	     1	     0.000	   216.852	      37345.9	       5262.4	    36.000	   180.306	     0.000	   216.306	     0.020	   447.273	    10265327.0	    88639072.0	
    15	  2000	   112	     1	     0.000	   215.817	      34477.1	       5262.4	    36.000	   179.426	     0.000	   215.426	     0.020	   447.273	    10265564.0	    88641936.0	
    15	  2000	   113	     1	     0.000	   214.774	      36783.5	          0.0	    36.000	   178.416	     0.000	   214.416	     0.020	   447.272	    10264937.0	    88634368.0	
    15	  2000	   114	     1	     0.000	   213.720	      43364.5	          0.0	    36.000	   177.275	     0.000	   213.275	     0.020	   447.272	    10264390.0	    88627784.0	
    15	  2000	   115	     1	     0.000	   212.672	      39925.8	          0.0	    36.000	   176.150	     0.000	   212.150	     0.020	   447.272	    10264676.0	    88631224.0	
    15	  2000	   116	     1	     0.000	   211.610	      46398.9	          0.0	    36.000	   175.128	     0.000	   211.128	     0.020	   447.271	    10264139.0	    88624752.0	
    15	  2000	   117	     1	     0.000	   210.546	      48794.2	          0.0	    36.000	   173.989	     0.000	   209.989	     0.020	   447.271	    10263940.0	    88622360.0	
    15	  2000	   118	     1	     0.000	   209.477	      50278.3	          0.0	    36.000	   172.893	     0.000	   208.893	     0.020	   447.271	    10263817.0	    88620872.0	
    15	  2000	   119	     1	     0.000	   208.412	      43558.6	          0.0	    36.000	   171.810	     0.000	   207.810	     0.020	   447.272	    10264375.0	    88627592.0	
    15	  2000	   120	     1	     0.000	   207.339	      41470.7	          0.0	    36.000	   170.814	     0.000	   206.814	     0.020	   447.272	    10264547.0	    88629680.0	
    15	  2000	   121	     1	     0.000	   206.258	      43363.8	          0.0	    36.000	   169.758	     0.000	   205.758	     0.020	   447.272	    10264391.0	    88627792.0	
    15	  2000	   122	     1	     0.000	   205.180	      40190.6	          0.0	    36.000	   168.658	     0.000	   204.658	     0.020	   447.272	    10264654.0	    88630960.0	
    15	  2000	   123	     1	     0.000	   204.087	      49143.3	          0.0	    36.000	   167.602	     0.000	   203.602	     0.020	   447.271	    10263911.0	    88622008.0	
    15	  2000	   124	     1	     0.000	   203.007	      43011.4	          0.0	    36.000	   166.418	     0.000	   202.418	     0.020	   447.272	    10264420.0	    88628144.0	
    15	  2000	   125	     1	     0.000	   201.925	      38035.2	          0.0	    36.000	   165.408	     0.000	   201.408	     0.020	   447.272	    10264833.0	    88633120.0	
    15	  2000	   126	     1	     0.000	   200.839	      38271.9	          0.0	    36.000	   164.379	     0.000	   200.379	     0.020	   447.272	    10264813.0	    88632880.0	
    15	  2000	   127	     1	     0.000	   199.752	      40441.2	          0.0	    36.000	   163.289	     0.000	   199.289	     0.020	   447.272	    10264633.0	    88630712.0	
    15	  2000	   128	     1	     0.000	   198.670	      38102.9	          0.0	    36.000	   162.182	     0.000	   198.182	     0.020	   447.272	    10264827.0	    88633048.0	
    15	  2000	   129	     1	     0.000	   197.594	      31350.0	       1052.5	    36.000	   161.133	     0.000	   197.133	     0.020	   447.273	    10265474.0	    88640856.0	
    15	  2000	   130	     1	     0.000	   196.510	      34699.5	          0.0	    36.000	   160.139	     0.000	   196.139	     0.020	   447.273	    10265109.0	    88636456.0	
    15	  2000	   131	     1	     0.000	   195.422	      43630.0	          0.0	    36.000	   159.000	     0.000	   195.000	     0.020	   447.272	    10264369.0	    88627520.0	
    15	  2000	   132	     1	     0.000	   194.341	      44496.3	          0.0	    36.000	   157.816	     0.000	   193.816	     0.020	   447.271	    10264297.0	    88626656.0	
    15	  2000	   133	     1	     0.000	   193.270	      36850.9	          0.0	    36.000	   156.735	     0.000	   192.735	     0.020	   447.272	    10264931.0	    88634304.0	
    15	  2000	   134	     1	     0.000	   192.194	      35725.4	       1052.5	    36.000	   155.748	     0.000	   191.748	     0.020	   447.273	    10265111.0	    88636480.0	
    15	  2000	   135	     1	     0.000	   191.114	      41568.2	          0.0	    36.000	   154.692	     0.000	   190.692	     0.020	   447.272	    10264539.0	    88629584.0	
    15	  2000	   136	     1	     0.000	   190.038	      43274.7	          0.0	    36.000	   153.537	     0.000	   189.537	     0.020	   447.272	    10264398.0	    88627880.0	
    15	  2000	   137	     1	     0.000	   188.965	      43908.1	          0.0	    36.000	   152.444	     0.000	   188.444	     0.020	   447.272	    10264345.0	    88627240.0	
    15	  2000	   138	     1	     0.000	   187.895	      43674.4	          0.0	    36.000	   151.367	     0.000	   187.367	     0.020	   447.272	    10264365.0	    88627480.0	
    15	  2000	   139	     1	     0.000	   186.827	      43325.5	          0.0	    36.000	   150.301	     0.000	   186.301	     0.020	   447.272	    10264394.0	    88627824.0	
    15	  2000	   140	     1	     0.000	   185.760	      43838.3	          0.0	    36.000	   149.238	     0.000	   185.238	     0.020	   447.272	    10264351.0	    88627312.0	
    15	  2000	   141	     1	     0.000	   184.694	      45209.1	          0.0	    36.000	   148.167	     0.000	   184.167	     0.020	   447.271	    10264238.0	    88625944.0	
    15	  2000	   142	     1	     0.000	   183.638	      39461.3	          0.0	    36.000	   147.094	     0.000	   183.094	     0.020	   447.272	    10264714.0	    88631688.0	
    15	  2000	   143	     1	     0.000	   182.574	      44803.1	          0.0	    36.000	   146.097	     0.000	   182.097	     0.020	   447.271	    10264271.0	    88626352.0	
    15	  2000	   144	     1	     0.000	   181.525	      36410.4	       1052.5	    36.000	   144.987	     0.000	   180.987	     0.020	   447.273	    10265054.0	    88635792.0	
    15	  2000	   145	     1	     0.000	   180.465	      44857.5	          0.0	    36.000	   144.036	     0.000	   180.036	     0.020	   447.271	    10264267.0	    88626296.0	
    15	  2000	   146	     1	     0.000	   179.413	      45946.8	          0.0	    36.000	   142.874	     0.000	   178.874	     0.020	   447.271	    10264176.0	    88625208.0	
    15	  2000	   147	     1	     0.000	   178.365	      47164.8	          0.0	    36.000	   141.813	     0.000	   177.813	     0.020	   447.271	    10264075.0	    88623984.0	
    15	  2000	   148	     1	     0.000	   177.320	      47139.6	          0.0	    36.000	   140.754	     0.000	   176.754	     0.020	   447.271	    10264078.0	    88624016.0	
    15	  2000	   149	     1	     0.000	   176.279	      45405.1	          0.0	    36.000	   139.714	     0.000	   175.714	     0.020	   447.271	    10264221.0	    88625744.0	
    15	  2000	   150	     1	     0.000	   175.242	      43831.6	          0.0	    36.000	   138.696	     0.000	   174.696	     0.020	   447.272	    10264352.0	    88627320.0	
    15	  2000	   151	     1	     0.000	   174.205	      45955.4	          0.0	    36.000	   137.678	     0.000	   173.678	     0.020	   447.271	    10264176.0	    88625200.0	
    15	  2000	   152	     1	     0.000	   173.172	      46501.3	          0.0	    36.000	   136.620	     0.000	   172.620	     0.020	   447.271	    10264131.0	    88624648.0	
    15	  2000	   153	     1	     0.000	   172.145	      45132.7	          0.0	    36.000	   135.587	     0.000	   171.587	     0.020	   447.271	    10264244.0	    88626016.0	
    15	  2000	   154	     1	     0.000	   171.122	      42625.7	          0.0	    36.000	   134.580	     0.000	   170.580	     0.020	   447.272	    10264452.0	    88628528.0	
    15	  2000	   155	     1	     0.000	   170.109	      34205.1	          0.0	    36.000	   133.596	     0.000	   169.596	     0.020	   447.273	    10265150.0	    88636944.0	
    15	  2000	   156	     1	     0.000	   169.095	      31565.2	          0.0	    36.000	   132.679	     0.000	   168.679	     0.020	   447.273	    10265369.0	    88639584.0	
    15	  2000	   157	     1	     0.000	   168.087	      27516.3	       1052.5	    36.000	   131.702	     0.000	   167.702	     0.020	   447.274	    10265792.0	    88644688.0	
    15	  2000	   158	     1	     0.000	   167.084	      23879.4	       1052.5	    36.000	   130.758	     0.000	   166.758	     0.020	   447.274	    10266094.0	    88648328.0	
    15	  2000	   159	     1	     0.000	   166.071	      36271.9	       1052.5	    36.000	   129.787	     0.000	   165.787	     0.020	   447.273	    10265066.0	    88635936.0	
    15	  2000	   160	     1	     0.000	   165.067	      42913.2	          0.0	    36.000	   128.639	     0.000	   164.639	     0.020	   447.272	    10264428.0	    88628240.0	
    15	  2000	   161	     1	     0.000	   164.072	      44501.0	          0.0	    36.000	   127.555	     0.000	   163.555	     0.020	   447.271	    10264296.0	    88626648.0	
    15	  2000	   162	     1	     0.000	   163.085	      40786.0	          0.0	    36.000	   126.550	     0.000	   162.550	     0.020	   447.272	    10264605.0	    88630368.0	
    15	  2000	   163	     1	     0.000	   162.096	      44436.9	          0.0	    36.000	   125.604	     0.000	   161.604	     0.020	   447.271	    10264301.0	    88626712.0	
    15	  2000	   164	     1	     0.000	   161.117	      41772.3	          0.0	    36.000	   124.582	     0.000	   160.582	     0.020	   447.272	    10264522.0	    88629376.0	
    15	  2000	   165	     1	     0.000	   160.146	      34337.1	       1052.5	    36.000	   123.643	     0.000	   159.643	     0.020	   447.273	    10265226.0	    88637864.0	
    15	  2000	   166	     1	     0.000	   159.176	      31599.0	          0.0	    36.000	   122.771	     0.000	   158.771	     0.020	   447.273	    10265366.0	    88639552.0	
    15	  2000	   167	     1	     0.000	   158.200	      41621.8	       1052.5	    36.000	   121.814	     0.000	   157.814	     0.020	   447.272	    10264623.0	    88630584.0	
    15	  2000	   168	     1	     0.000	   157.232	      45828.9	          0.0	    36.000	   120.743	     0.000	   156.743	     0.020	   447.271	    10264186.0	    88625320.0	
    15	  2000	   169	     1	     0.000	   156.270	      48605.1	          0.0	    36.000	   119.720	     0.000	   155.720	     0.020	   447.271	    10263956.0	    88622544.0	
    15	  2000	   170	     1	     0.000	   155.318	      45147.4	       1052.5	    36.000	   118.735	     0.000	   154.735	     0.020	   447.271	    10264330.0	    88627056.0	
    15	  2000	   171	     1	     0.000	   154.368	      43706.1	          0.0	    36.000	   117.837	     0.000	   153.837	     0.020	   447.272	    10264362.0	    88627448.0	
    15	  2000	   172	     1	     0.000	   153.416	      49071.8	          0.0	    36.000	   116.890	     0.000	   152.890	     0.020	   447.271	    10263917.0	    88622080.0	
    15	  2000	   173	     1	     0.000	   152.471	      51539.2	          0.0	    36.000	   115.883	     0.000	   151.883	     0.020	   447.271	    10263713.0	    88619616.0	
    15	  2000	   174	     1	     0.000	   151.532	      52220.1	          0.0	    36.000	   114.915	     0.000	   150.915	     0.020	   447.270	    10263656.0	    88618928.0	
    15	  2000	   175	     1	     0.000	   150.613	      34974.6	          0.0	    36.000	   113.988	     0.000	   149.988	     0.020	   447.273	    10265086.0	    88636176.0	
    15	  2000	   176	     1	     0.000	   149.673	      46265.2	       1052.5	    36.000	   113.249	     0.000	   149.249	     0.020	   447.271	    10264237.0	    88625936.0	
    15	  2000	   177	     1	     0.000	   148.752	      42772.6	       2105.0	    36.000	   112.209	     0.000	   148.209	     0.020	   447.272	    10264615.0	    88630488.0	
    15	  2000	   178	     1	     0.000	   147.833	      40998.5	       1052.5	    36.000	   111.343	     0.000	   147.343	     0.020	   447.272	    10264674.0	    88631208.0	
    15	  2000	   179	     1	     0.000	   146.914	      45380.8	          0.0	    36.000	   110.432	     0.000	   146.432	     0.020	   447.271	    10264223.0	    88625768.0	
    15	  2000	   180	     1	     0.000	   146.002	      47335.4	          0.0	    36.000	   109.457	     0.000	   145.457	     0.020	   447.271	    10264061.0	    88623816.0	
    15	  2000	   181	     1	     0.000	   145.092	      51626.9	          0.0	    36.000	   108.525	     0.000	   144.525	     0.020	   447.271	    10263706.0	    88619528.0	
    15	  2000	   182	     1	     0.000	   144.190	      52762.5	          0.0	    36.000	   107.572	     0.000	   143.572	     0.020	   447.270	    10263612.0	    88618392.0	
    15	  2000	   183	     1	     0.000	   143.297	      48609.2	          0.0	    36.000	   106.666	     0.000	   142.666	     0.020	   447.271	    10263956.0	    88622544.0	
    15	  2000	   184	     1	     0.000	   142.405	      47291.7	          0.0	    36.000	   105.822	     0.000	   141.822	     0.020	   447.271	    10264065.0	    88623864.0	
    15	  2000	   185	     1	     0.000	   141.512	      49954.8	          0.0	    36.000	   104.945	     0.000	   140.945	     0.020	   447.271	    10263844.0	    88621200.0	
    15	  2000	   186	     1	     0.000	   140.623	      52911.8	          0.0	    36.000	   104.024	     0.000	   140.024	     0.020	   447.270	    10263599.0	    88618240.0	
    15	  2000	   187	     1	     0.000	   139.748	      44849.0	       1052.5	    36.000	   103.115	     0.000	   139.115	     0.020	   447.272	    10264354.0	    88627352.0	
    15	  2000	   188	     1	     0.000	   138.864	      52863.4	          0.0	    36.000	   102.337	     0.000	   138.337	     0.020	   447.270	    10263603.0	    88618288.0	
    15	  2000	   189	     1	     0.000	   137.990	      55120.3	          0.0	    36.000	   101.359	     0.000	   137.359	     0.020	   447.270	    10263416.0	    88616032.0	
    15	  2000	   190	     1	     0.000	   137.123	      55339.5	          0.0	    36.000	   100.465	     0.000	   136.465	     0.020	   447.270	    10263398.0	    88615816.0	
    15	  2000	   191	     1	     0.000	   136.268	      48112.9	       1052.5	    36.000	    99.607	     0.000	   135.607	     0.020	   447.271	    10264084.0	    88624088.0	
    15	  2000	   192	     1	     0.000	   135.411	      47275.8	          0.0	    36.000	    98.847	     0.000	   134.847	     0.020	   447.271	    10264066.0	    88623880.0	
    15	  2000	   193	     1	     0.000	   134.556	      51270.6	          0.0	    36.000	    97.989	     0.000	   133.989	     0.020	   447.271	    10263735.0	    88619880.0	
    15	  2000	   194	     1	     0.000	   133.710	      49857.1	          0.0	    36.000	    97.096	     0.000	   133.096	     0.020	   447.271	    10263853.0	    88621296.0	
    15	  2000	   195	     1	     0.000	   132.877	      39432.2	       1052.5	    36.000	    96.280	     0.000	   132.280	     0.020	   447.272	    10264804.0	    88632776.0	
    15	  2000	   196	     1	     0.000	   132.026	      54755.4	          0.0	    36.000	    95.562	     0.000	   131.562	     0.020	   447.270	    10263446.0	    88616400.0	
    15	  2000	   197	     1	     0.000	   131.191	      58252.9	          0.0	    36.000	    94.537	     0.000	   130.537	     0.020	   447.270	    10263156.0	    88612896.0	
    15	  2000	   198	     1	     0.000	   130.363	      58635.6	          0.0	    36.000	    93.669	     0.000	   129.669	     0.020	   447.270	    10263124.0	    88612520.0	
    15	  2000	   199	     1	     0.000	   129.541	      57662.2	          0.0	    36.000	    92.843	     0.000	   128.843	     0.020	   447.270	    10263205.0	    88613488.0	
    15	  2000	   200	     1	     0.000	   128.724	      57221.0	          0.0	    36.000	    92.037	     0.000	   128.037	     0.020	   447.270	    10263242.0	    88613928.0	
    15	  2000	   201	     1	     0.000	   127.909	      59485.4	          0.0	    36.000	    91.227	     0.000	   127.227	     0.020	   447.270	    10263054.0	    88611664.0	
    15	  2000	   202	     1	     0.000	   127.105	      57361.9	          0.0	    36.000	    90.397	     0.000	   126.397	     0.020	   447.270	    10263230.0	    88613792.0	
    15	  2000	   203	     1	     0.000	   126.305	      53800.9	          0.0	    36.000	    89.621	     0.000	   125.621	     0.020	   447.270	    10263525.0	    88617352.0	
    15	  2000	   204	     1	     0.000	   125.503	      58058.8	          0.0	    36.000	    88.860	     0.000	   124.860	     0.020	   447.270	    10263172.0	    88613096.0	
    15	  2000	   205	     1	     0.000	   124.717	      48039.8	          0.0	    36.000	    88.025	     0.000	   124.025	     0.020	   447.271	    10264003.0	    88623112.0	
    15	  2000	   206	     1	     0.000	   123.924	      52716.5	          0.0	    36.000	    87.348	     0.000	   123.348	     0.020	   447.270	    10263615.0	    88618432.0	
    15	  2000	   207	     1	     0.000	   123.141	      50416.4	          0.0	    36.000	    86.511	     0.000	   122.511	     0.020	   447.271	    10263806.0	    88620736.0	
    15	  2000	   208	     1	     0.000	   122.357	      55385.5	          0.0	    36.000	    85.754	     0.000	   121.754	     0.020	   447.270	    10263394.0	    88615768.0	
    15	  2000	   209	     1	     0.000	   121.579	      57737.6	          0.0	    36.000	    84.918	     0.000	   120.918	     0.020	   447.270	    10263199.0	    88613416.0	
    15	  2000	   210	     1	     0.000	   120.809	      57196.8	          0.0	    36.000	    84.120	     0.000	   120.120	     0.020	   447.270	    10263243.0	    88613952.0	
    15	  2000	   211	     1	     0.000	   120.052	      46522.9	      15787.1	    36.000	    83.369	     0.000	   119.369	     0.020	   447.273	    10265438.0	    88640416.0	
    15	  2000	   212	     1	     0.000	   119.285	      51338.6	       4209.9	    36.000	    82.909	     0.000	   118.909	     0.020	   447.271	    10264078.0	    88624024.0	
    15	  2000	   213	     1	     0.000	   118.516	      64810.3	          0.0	    36.000	    81.950	     0.000	   117.950	     0.020	   447.269	    10262612.0	    88606344.0	
    15	  2000	   214	     1	     0.000	   117.767	      59837.2	          0.0	    36.000	    80.997	     0.000	   116.997	     0.020	   447.269	    10263024.0	    88611312.0	
    15	  2000	   215	     1	     0.000	   117.023	      54028.6	          0.0	    36.000	    80.310	     0.000	   116.310	     0.020	   447.270	    10263506.0	    88617120.0	
    15	  2000	   216	     1	     0.000	   116.283	      48438.4	      24206.9	    36.000	    79.638	     0.000	   115.638	     0.020	   447.274	    10265977.0	    88646920.0	
    15	  2000	   217	     1	     0.000	   115.546	      45051.1	       7367.3	    36.000	    79.246	     0.000	   115.246	     0.020	   447.272	    10264862.0	    88633472.0	
    15	  2000	   218	     1	     0.000	   114.828	      24224.2	       5262.4	    36.000	    78.372	     0.000	   114.372	     0.020	   447.275	    10266414.0	    88652192.0	
    15	  2000	   219	     1	     0.000	   114.085	      39261.6	      51571.3	    36.000	    77.846	     0.000	   113.846	     0.020	   447.279	    10269007.0	    88683464.0	
    15	  2000	   220	     1	     0.000	   113.377	      33013.5	     191550.5	    36.000	    77.500	     0.000	   113.500	     0.020	   447.297	    10281127.0	    88829688.0	
    15	  2000	   221	     1	     0.000	   112.667	      27520.6	      70515.8	    36.000	    78.482	     0.000	   114.482	     0.020	   447.283	    10271551.0	    88714144.0	
    15	  2000	   222	     1	     0.000	   111.930	      48071.5	       3157.4	    36.000	    76.408	     0.000	   112.408	     0.020	   447.271	    10264262.0	    88626240.0	
    15	  2000	   223	     1	     0.000	   111.214	      59782.9	       1052.5	    36.000	    74.674	     0.000	   110.674	     0.020	   447.270	    10263117.0	    88612424.0	
    15	  2000	   224	     1	     0.000	   110.521	      48459.1	          0.0	    36.000	    73.821	     0.000	   109.821	     0.020	   447.271	    10263968.0	    88622696.0	
    15	  2000	   225	     1	     0.000	   109.814	      58858.4	          0.0	    36.000	    73.233	     0.000	   109.233	     0.020	   447.270	    10263106.0	    88612296.0	
    15	  2000	   226	     1	     0.000	   109.118	      60141.5	          0.0	    36.000	    72.417	     0.000	   108.417	     0.020	   447.269	    10262999.0	    88611008.0	
    15	  2000	   227	     1	     0.000	   108.426	      61285.3	          0.0	    36.000	    71.710	     0.000	   107.710	     0.020	   447.269	    10262905.0	    88609864.0	
    15	  2000	   228	     1	     0.000	   107.737	      63037.6	          0.0	    36.000	    71.008	     0.000	   107.008	     0.020	   447.269	    10262759.0	    88608112.0	
    15	  2000	   229	     1	     0.000	   107.054	      62747.4	          0.0	    36.000	    70.305	     0.000	   106.305	     0.020	   447.269	    10262784.0	    88608408.0	
    15	  2000	   230	     1	     0.000	   106.373	      64832.5	          0.0	    36.000	    69.626	     0.000	   105.626	     0.020	   447.269	    10262610.0	    88606320.0	
    15	  2000	   231	     1	     0.000	   105.701	      59840.5	          0.0	    36.000	    68.931	     0.000	   104.931	     0.020	   447.269	    10263024.0	    88611312.0	
    15	  2000	   232	     1	     0.000	   105.023	      66043.0	          0.0	    36.000	    68.311	     0.000	   104.311	     0.020	   447.269	    10262510.0	    88605112.0	
    15	  2000	   233	     1	     0.000	   104.350	      71479.0	          0.0	    36.000	    67.566	     0.000	   103.566	     0.020	   447.268	    10262059.0	    88599672.0	
    15	  2000	   234	     1	     0.000	   103.684	      72321.6	          0.0	    36.000	    66.837	     0.000	   102.837	     0.020	   447.268	    10261989.0	    88598832.0	
    15	  2000	   235	     1	     0.000	   103.022	      73704.0	          0.0	    36.000	    66.165	     0.000	   102.165	     0.020	   447.268	    10261875.0	    88597448.0	
    15	  2000	   236	     1	     0.000	   102.363	      74529.8	          0.0	    36.000	    65.490	     0.000	   101.490	     0.020	   447.268	    10261806.0	    88596624.0	
    15	  2000	   237	     1	     0.000	   101.712	      71520.1	          0.0	    36.000	    64.829	     0.000	   100.829	     0.020	   447.268	    10262056.0	    88599632.0	
    15	  2000	   238	     1	     0.000	   101.066	      65813.0	          0.0	    36.000	    64.218	     0.000	   100.218	     0.020	   447.269	    10262529.0	    88605336.0	
    15	  2000	   239	     1	     0.000	   100.424	      59514.0	       1052.5	    36.000	    63.643	     0.000	    99.643	     0.020	   447.270	    10263139.0	    88612688.0	
    15	  2000	   240	     1	     0.000	    99.791	      48245.1	          0.0	    36.000	    63.094	     0.000	    99.094	     0.020	   447.271	    10263985.0	    88622904.0	
    15	  2000	   241	     1	     0.000	    99.156	      43086.6	       6314.9	    36.000	    62.577	     0.000	    98.577	     0.020	   447.272	    10264938.0	    88634384.0	
    15	  2000	   242	     1	     0.000	    98.500	      66903.9	          0.0	    36.000	    62.054	     0.000	    98.054	     0.020	   447.269	    10262439.0	    88604248.0	
    15	  2000	   243	     1	     0.000	    97.872	      61761.5	          0.0	    36.000	    61.077	     0.000	    97.077	     0.020	   447.269	    10262865.0	    88609392.0	
    15	  2000	   244	     1	     0.000	    97.248	      56174.4	       1052.5	    36.000	    60.513	     0.000	    96.513	     0.020	   447.270	    10263416.0	    88616032.0	
    15	  2000	   245	     1	     0.000	    96.635	      41753.3	          0.0	    36.000	    59.977	     0.000	    95.977	     0.020	   447.272	    10264524.0	    88629400.0	
    15	  2000	   246	     1	     0.000	    95.995	      62801.4	          0.0	    36.000	    59.492	     0.000	    95.492	     0.020	   447.269	    10262779.0	    88608352.0	
    15	  2000	   247	     1	     0.000	    95.377	      63337.6	       1052.5	    36.000	    58.630	     0.000	    94.630	     0.020	   447.269	    10262822.0	    88608864.0	
    15	  2000	   248	     1	     0.000	    94.762	      63809.3	       8419.8	    36.000	    58.021	     0.000	    94.021	     0.020	   447.270	    10263393.0	    88615760.0	
    15	  2000	   249	     1	     0.000	    94.158	      63736.0	     127349.5	    36.000	    57.497	     0.000	    93.497	     0.020	   447.285	    10273260.0	    88734768.0	
    15	  2000	   250	     1	     0.000	    93.575	      38930.6	      87355.4	    36.000	    58.291	     0.000	    94.291	     0.020	   447.283	    10272001.0	    88719576.0	
    15	  2000	   251	     1	     0.000	    92.943	      66317.8	       9472.3	    36.000	    57.484	     0.000	    93.484	     0.020	   447.270	    10263272.0	    88614304.0	
    15	  2000	   252	     1	     0.000	    92.341	      71168.4	          0.0	    36.000	    55.663	     0.000	    91.663	     0.020	   447.268	    10262085.0	    88599984.0	
    15	  2000	   253	     1	     0.000	    91.741	      76550.6	          0.0	    36.000	    54.897	     0.000	    90.897	     0.020	   447.267	    10261639.0	    88594600.0	
    15	  2000	   254	     1	     0.000	    91.145	      81473.6	          0.0	    36.000	    54.239	     0.000	    90.239	     0.020	   447.267	    10261230.0	    88589680.0	
    15	  2000	   255	     1	     0.000	    90.556	      82940.4	          0.0	    36.000	    53.593	     0.000	    89.593	     0.020	   447.267	    10261108.0	    88588208.0	
    15	  2000	   256	     1	     0.000	    89.970	      84177.5	          0.0	    36.000	    52.990	     0.000	    88.990	     0.020	   447.266	    10261006.0	    88586976.0	
    15	  2000	   257	     1	     0.000	    89.387	      84895.9	          0.0	    36.000	    52.393	     0.000	    88.393	     0.020	   447.266	    10260947.0	    88586256.0	
    15	  2000	   258	     1	     0.000	    88.814	      78509.5	          0.0	    36.000	    51.811	     0.000	    87.811	     0.020	   447.267	    10261476.0	    88592640.0	
    15	  2000	   259	     1	     0.000	    88.234	      82338.9	          0.0	    36.000	    51.306	     0.000	    87.306	     0.020	   447.267	    10261158.0	    88588816.0	
    15	  2000	   260	     1	     0.000	    87.661	      79183.2	          0.0	    36.000	    50.688	     0.000	    86.688	     0.020	   447.267	    10261420.0	    88591968.0	
    15	  2000	   261	     1	     0.000	    87.085	      82866.1	          0.0	    36.000	    50.148	     0.000	    86.148	     0.020	   447.267	    10261115.0	    88588288.0	
    15	  2000	   262	     1	     0.000	    86.518	      79214.2	          0.0	    36.000	    49.539	     0.000	    85.539	     0.020	   447.267	    10261418.0	    88591936.0	
    15	  2000	   263	     1	     0.000	    85.956	      74046.9	          0.0	    36.000	    49.020	     0.000	    85.020	     0.020	   447.268	    10261846.0	    88597104.0	
    15	  2000	   264	     1	     0.000	    85.394	      73909.3	          0.0	    36.000	    48.517	     0.000	    84.517	     0.020	   447.268	    10261857.0	    88597240.0	
    15	  2000	   265	     1	     0.000	    84.830	      78964.0	       1052.5	    36.000	    47.955	     0.000	    83.955	     0.020	   447.267	    10261526.0	    88593240.0	
    15	  2000	   266	     1	     0.000	    84.279	      74291.4	       9472.3	    36.000	    47.357	     0.000	    83.357	     0.020	   447.269	    10262612.0	    88606336.0	
    15	  2000	   267	     1	     0.000	    83.723	      77872.5	       2105.0	    36.000	    46.953	     0.000	    82.953	     0.020	   447.267	    10261703.0	    88595384.0	
    15	  2000	   268	     1	     0.000	    83.175	      76739.9	       1052.5	    36.000	    46.278	     0.000	    82.278	     0.020	   447.267	    10261710.0	    88595464.0	
    15	  2000	   269	     1	     0.000	    82.632	      73523.2	       1052.5	    36.000	    45.736	     0.000	    81.736	     0.020	   447.268	    10261977.0	    88598680.0	
    15	  2000	   270	     1	     0.000	    82.084	      80023.8	          0.0	    36.000	    45.225	     0.000	    81.225	     0.020	   447.267	    10261351.0	    88591128.0	
    15	  2000	   271	     1	     0.000	    81.553	      70585.3	       1052.5	    36.000	    44.606	     0.000	    80.606	     0.020	   447.268	    10262220.0	    88601616.0	
    15	  2000	   272	     1	     0.000	    81.024	      61990.5	      23154.5	    36.000	    44.200	     0.000	    80.200	     0.020	   447.272	    10264766.0	    88632312.0	
    15	  2000	   273	     1	     0.000	    80.534	      24834.9	     174710.9	    36.000	    44.065	     0.000	    80.065	     0.020	   447.296	    10280410.0	    88821024.0	
    15	  2000	   274	     1	     0.000	    79.995	      36210.5	      95775.2	    36.000	    45.709	     0.000	    81.709	     0.020	   447.285	    10272925.0	    88730720.0	
    15	  2000	   275	     1	     0.000	    79.473	      32620.0	      75778.2	    36.000	    44.142	     0.000	    80.142	     0.020	   447.283	    10271564.0	    88714312.0	
    15	  2000	   276	     1	     0.000	    78.932	      49452.2	      28416.8	    36.000	    43.412	     0.000	    79.412	     0.020	   447.274	    10266242.0	    88650120.0	
    15	  2000	   277	     1	     0.000	    78.409	      55335.3	      25259.4	    36.000	    42.146	     0.000	    78.146	     0.020	   447.273	    10265493.0	    88641080.0	
    15	  2000	   278	     1	     0.000	    77.920	      33929.7	     136821.8	    36.000	    41.552	     0.000	    77.552	     0.020	   447.290	    10276516.0	    88774048.0	
    15	  2000	   279	     1	     0.000	    77.431	      22025.3	     198917.8	    36.000	    42.601	     0.000	    78.601	     0.020	   447.300	    10282649.0	    88848048.0	
    15	  2000	   280	     1	     0.000	    76.937	      20093.1	     198917.8	    36.000	    42.964	     0.000	    78.964	     0.020	   447.300	    10282809.0	    88849976.0	
    15	  2000	   281	     1	     0.000	    76.436	      32877.3	     163133.6	    36.000	    42.485	     0.000	    78.485	     0.020	   447.294	    10278784.0	    88801408.0	
    15	  2000	   282	     1	     0.000	    75.962	      26668.7	     186288.1	    36.000	    41.450	     0.000	    77.450	     0.020	   447.297	    10281217.0	    88830768.0	
    15	  2000	   283	     1	     0.000	    75.473	      29655.3	      18944.6	    36.000	    41.300	     0.000	    77.300	     0.020	   447.276	    10267098.0	    88660440.0	
    15	  2000	   284	     1	     0.000	    74.989	      40385.8	      12629.7	    36.000	    38.845	     0.000	    74.845	     0.020	   447.274	    10265684.0	    88643392.0	
    15	  2000	   285	     1	     0.000	    74.529	      37979.5	      75778.2	    36.000	    38.188	     0.000	    74.188	     0.020	   447.282	    10271120.0	    88708952.0	
    15	  2000	   286	     1	     0.000	    74.054	      45539.7	      44204.0	    36.000	    38.471	     0.000	    74.471	     0.020	   447.277	    10267875.0	    88669816.0	
    15	  2000	   287	     1	     0.000	    73.592	      48921.0	      82093.1	    36.000	    37.556	     0.000	    73.556	     0.020	   447.281	    10270737.0	    88704328.0	
    15	  2000	   288	     1	     0.000	    73.149	      37384.8	     113667.3	    36.000	    37.513	     0.000	    73.513	     0.020	   447.287	    10274310.0	    88747432.0	
    15	  2000	   289	     1	     0.000	    72.717	      36015.0	     263118.8	    36.000	    37.580	     0.000	    73.580	     0.020	   447.306	    10286809.0	    88898256.0	
    15	  2000	   290	     1	     0.000	    72.312	      25907.1	     253646.5	    36.000	    38.920	     0.000	    74.920	     0.020	   447.306	    10286861.0	    88898888.0	
    15	  2000	   291	     1	     0.000	    71.887	      44258.1	      92617.8	    36.000	    38.503	     0.000	    74.503	     0.020	   447.283	    10271996.0	    88719512.0	
    15	  2000	   292	     1	     0.000	    71.458	      63572.1	       5262.4	    36.000	    35.997	     0.000	    71.997	     0.020	   447.270	    10263151.0	    88612840.0	
    15	  2000	   293	     1	     0.000	    71.048	      70382.1	      19997.0	    36.000	    34.353	     0.000	    70.353	     0.020	   447.271	    10263809.0	    88620768.0	
    15	  2000	   294	     1	     0.000	    70.658	      55738.5	      36836.6	    36.000	    34.054	     0.000	    70.054	     0.020	   447.275	    10266419.0	    88652248.0	
    15	  2000	   295	     1	     0.000	    70.246	      65840.5	       9472.3	    36.000	    34.007	     0.000	    70.007	     0.020	   447.270	    10263312.0	    88614784.0	
    15	  2000	   296	     1	     0.000	    69.834	      77071.7	       1052.5	    36.000	    33.162	     0.000	    69.162	     0.020	   447.267	    10261683.0	    88595136.0	
    15	  2000	   297	     1	     0.000	    69.435	      73235.7	       1052.5	    36.000	    32.535	     0.000	    68.535	     0.020	   447.268	    10262000.0	    88598968.0	
    15	  2000	   298	     1	     0.000	    69.031	      75518.7	          0.0	    36.000	    32.176	     0.000	    68.176	     0.020	   447.267	    10261724.0	    88595632.0	
    15	  2000	   299	     1	     0.000	    68.641	      62915.4	       4209.9	    36.000	    31.747	     0.000	    67.747	     0.020	   447.270	    10263119.0	    88612448.0	
    15	  2000	   300	     1	     0.000	    68.241	      62385.2	      25259.4	    36.000	    31.541	     0.000	    67.541	     0.020	   447.272	    10264908.0	    88634024.0	
    15	  2000	   301	     1	     0.000	    67.881	      44070.6	     221019.8	    36.000	    31.432	     0.000	    67.432	     0.020	   447.300	    10282654.0	    88848104.0	
    15	  2000	   302	     1	     0.000	    67.511	      43098.2	     150503.9	    36.000	    33.539	     0.000	    69.539	     0.020	   447.291	    10276890.0	    88778560.0	
    15	  2000	   303	     1	     0.000	    67.131	      50982.1	      37889.1	    36.000	    32.354	     0.000	    68.354	     0.020	   447.275	    10266901.0	    88658056.0	
    15	  2000	   304	     1	     0.000	    66.768	      51272.0	      43151.5	    36.000	    30.597	     0.000	    66.597	     0.020	   447.276	    10267313.0	    88663032.0	
    15	  2000	   305	     1	     0.000	    66.412	      48762.5	      66305.9	    36.000	    30.298	     0.000	    66.298	     0.020	   447.279	    10269441.0	    88688696.0	
    15	  2000	   306	     1	     0.000	    66.073	      43413.6	     123139.6	    36.000	    30.256	     0.000	    66.256	     0.020	   447.287	    10274596.0	    88750880.0	
    15	  2000	   307	     1	     0.000	    65.746	      41069.5	     123139.6	    36.000	    30.649	     0.000	    66.649	     0.020	   447.288	    10274790.0	    88753224.0	
    15	  2000	   308	     1	     0.000	    65.430	      51093.7	     156818.8	    36.000	    30.360	     0.000	    66.360	     0.020	   447.291	    10276751.0	    88776880.0	
    15	  2000	   309	     1	     0.000	    65.169	      40540.5	     187340.6	    36.000	    30.373	     0.000	    66.373	     0.020	   447.296	    10280155.0	    88817952.0	
    15	  2000	   310	     1	     0.000	    64.917	      36313.9	     105247.5	    36.000	    30.596	     0.000	    66.596	     0.020	   447.286	    10273701.0	    88740088.0	
    15	  2000	   311	     1	     0.000	    64.726	      33747.1	     226282.2	    36.000	    29.504	     0.000	    65.504	     0.020	   447.302	    10283945.0	    88863688.0	
    15	  2000	   312	     1	     0.000	    64.558	      32877.7	     119982.2	    36.000	    30.767	     0.000	    66.767	     0.020	   447.288	    10275207.0	    88758256.0	
    15	  2000	   313	     1	     0.000	    64.370	      50847.9	      47361.4	    36.000	    29.358	     0.000	    65.358	     0.020	   447.277	    10267697.0	    88667664.0	
    15	  2000	   314	     1	     0.000	    64.223	      53959.5	      86303.0	    36.000	    28.163	     0.000	    64.163	     0.020	   447.281	    10270668.0	    88703496.0	
    15	  2000	   315	     1	     0.000	    93.529	      30195.5	     288378.2	    36.000	    57.883	     0.000	    93.883	     0.020	   447.310	    10289384.0	    88929336.0	
    15	  2000	   316	     1	     0.000	    70.436	      34190.4	     111561.4	    36.000	    37.417	     0.000	    73.417	     0.020	   447.287	    10274304.0	    88747360.0	
    15	  2000	   317	     1	     0.000	    63.786	      32133.4	      86302.2	    36.000	    28.662	     0.000	    64.662	     0.020	   447.284	    10272381.0	    88724160.0	
    15	  2000	   318	     1	     0.000	    64.847	      31640.3	     139977.9	    36.000	    29.454	     0.000	    65.454	     0.020	   447.291	    10276871.0	    88778328.0	
    15	  2000	   319	     1	     0.000	    64.571	      23973.6	     128400.8	    36.000	    29.805	     0.000	    65.805	     0.020	   447.290	    10276546.0	    88774416.0	
    15	  2000	   320	     1	     0.000	    64.790	      31199.1	      78934.9	    36.000	    29.979	     0.000	    65.979	     0.020	   447.283	    10271848.0	    88717728.0	
    15	  2000	   321	     1	     0.000	    65.057	      23976.1	      65252.9	    36.000	    29.590	     0.000	    65.590	     0.020	   447.282	    10271313.0	    88711272.0	
    15	  2000	   322	     1	     0.000	    65.333	      34352.0	      64200.4	    36.000	    29.791	     0.000	    65.791	     0.020	   447.281	    10270365.0	    88699840.0	
    15	  2000	   323	     1	     0.000	    65.731	      37858.5	     155764.9	    36.000	    30.057	     0.000	    66.057	     0.020	   447.292	    10277664.0	    88787896.0	
    15	  2000	   324	     1	     0.000	    66.173	      38630.8	      83144.8	    36.000	    31.518	     0.000	    67.518	     0.020	   447.283	    10271580.0	    88714504.0	
    15	  2000	   325	     1	     0.000	    66.685	      40186.3	     102089.2	    36.000	    31.180	     0.000	    67.180	     0.020	   447.285	    10273022.0	    88731896.0	
    15	  2000	   326	     1	     0.000	    67.233	      36548.8	      67357.8	    36.000	    31.930	     0.000	    67.930	     0.020	   447.281	    10270444.0	    88700800.0	
    15	  2000	   327	     1	     0.000	    67.719	      57434.3	      38941.2	    36.000	    32.055	     0.000	    68.055	     0.020	   447.275	    10266356.0	    88651496.0	
    15	  2000	   328	     1	     0.000	    68.177	      65003.5	      11577.1	    36.000	    31.943	     0.000	    67.943	     0.020	   447.270	    10263460.0	    88616568.0	
    15	  2000	   329	     1	     0.000	    68.603	      65390.0	       6314.8	    36.000	    31.965	     0.000	    67.965	     0.020	   447.270	    10262992.0	    88610920.0	
    15	  2000	   330	     1	     0.000	    68.981	      68077.5	          0.0	    36.000	    32.277	     0.000	    68.277	     0.020	   447.268	    10262245.0	    88601912.0	
    15	  2000	   331	     1	     0.000	    69.312	      68569.0	       2104.9	    36.000	    32.504	     0.000	    68.504	     0.020	   447.269	    10262379.0	    88603528.0	
    15	  2000	   332	     1	     0.000	    69.599	      66965.5	          0.0	    36.000	    32.810	     0.000	    68.810	     0.020	   447.269	    10262337.0	    88603024.0	
    15	  2000	   333	     1	     0.000	    69.839	      71211.7	       3157.4	    36.000	    33.044	     0.000	    69.044	     0.020	   447.268	    10262247.0	    88601936.0	
    15	  2000	   334	     1	     0.000	    70.070	      51873.8	      54728.2	    36.000	    33.262	     0.000	    69.262	     0.020	   447.277	    10268127.0	    88672848.0	
    15	  2000	   335	     1	     0.000	    70.440	      39863.7	     170499.4	    36.000	    34.453	     0.000	    70.453	     0.020	   447.294	    10278719.0	    88800624.0	
    15	  2001	     1	     1	     0.000	    70.946	      19552.1	     150502.6	    36.000	    36.438	     0.000	    72.438	     0.020	   447.294	    10278745.0	    88800944.0	
    15	  2001	     2	     1	     0.000	    87.138	      12380.3	     239962.1	    36.000	    52.634	     0.000	    88.634	     0.020	   447.306	    10286753.0	    88897576.0	
    15	  2001	     3	     1	     0.000	    74.174	      23092.5	     116823.3	    36.000	    40.793	     0.000	    76.793	     0.020	   447.289	    10275626.0	    88763304.0	
    15	  2001	     4	     1	     0.000	    73.703	      16010.8	     115770.8	    36.000	    38.768	     0.000	    74.768	     0.020	   447.290	    10276126.0	    88769336.0	
    15	  2001	     5	     1	     0.000	    74.695	      30429.1	      28416.5	    36.000	    39.829	     0.000	    75.829	     0.020	   447.277	    10267688.0	    88667560.0	
    15	  2001	     6	     1	     0.000	    75.654	      33320.3	      15786.9	    36.000	    39.611	     0.000	    75.611	     0.020	   447.275	    10266401.0	    88652040.0	
    15	  2001	     7	     1	     0.000	    76.562	      35555.3	       8419.7	    36.000	    40.339	     0.000	    76.339	     0.020	   447.274	    10265606.0	    88642440.0	
    15	  2001	     8	     1	     0.000	    77.424	      35541.8	      12629.5	    36.000	    41.090	     0.000	    77.090	     0.020	   447.274	    10265956.0	    88646664.0	
    15	  2001	     9	     1	     0.000	    78.247	      33833.9	      22101.7	    36.000	    41.962	     0.000	    77.962	     0.020	   447.276	    10266882.0	    88657840.0	
    15	  2001	    10	     1	     0.000	    79.050	      25415.5	      17891.9	    36.000	    42.894	     0.000	    78.894	     0.020	   447.276	    10267232.0	    88662056.0	
    15	  2001	    11	     1	     0.000	    79.804	      27371.0	       6314.8	    36.000	    43.697	     0.000	    79.697	     0.020	   447.274	    10266110.0	    88648520.0	
    15	  2001	    12	     1	     0.000	    80.513	      30878.3	          0.0	    36.000	    44.250	     0.000	    80.250	     0.020	   447.273	    10265295.0	    88638696.0	
    15	  2001	    13	     1	     0.000	    81.186	      29271.3	          0.0	    36.000	    44.809	     0.000	    80.809	     0.020	   447.273	    10265429.0	    88640304.0	
    15	  2001	    14	     1	     0.000	    81.819	      29191.2	          0.0	    36.000	    45.460	     0.000	    81.460	     0.020	   447.273	    10265435.0	    88640384.0	
    15	  2001	    15	     1	     0.000	    82.393	      40373.2	          0.0	    36.000	    46.035	     0.000	    82.035	     0.020	   447.272	    10264507.0	    88629200.0	
    15	  2001	    16	     1	     0.000	    82.926	      40024.8	          0.0	    36.000	    46.439	     0.000	    82.439	     0.020	   447.272	    10264537.0	    88629552.0	
    15	  2001	    17	     1	     0.000	    83.499	      25010.0	      54728.0	    36.000	    47.016	     0.000	    83.016	     0.020	   447.281	    10270320.0	    88699296.0	
    15	  2001	    18	     1	     0.000	    84.079	      32066.2	      54728.0	    36.000	    48.403	     0.000	    84.403	     0.020	   447.280	    10269735.0	    88692240.0	
    15	  2001	    19	     1	     0.000	    84.711	      33824.5	      68410.0	    36.000	    48.954	     0.000	    84.954	     0.020	   447.282	    10270723.0	    88704160.0	
    15	  2001	    20	     1	     0.000	    89.687	      18480.2	     204177.7	    36.000	    54.067	     0.000	    90.067	     0.020	   447.301	    10283248.0	    88855272.0	
    15	  2001	    21	     1	     0.000	    90.337	      22226.5	     195757.9	    36.000	    56.467	     0.000	    92.467	     0.020	   447.299	    10282235.0	    88843048.0	
    15	  2001	    22	     1	     0.000	   102.734	      22448.0	     213649.6	    36.000	    68.723	     0.000	   104.723	     0.020	   447.302	    10283695.0	    88860672.0	
    15	  2001	    23	     1	     0.000	    90.644	      20982.0	     106298.3	    36.000	    56.841	     0.000	    92.841	     0.020	   447.288	    10274893.0	    88754464.0	
    15	  2001	    24	     1	     0.000	    92.656	      20270.4	     126295.0	    36.000	    57.623	     0.000	    93.623	     0.020	   447.291	    10276609.0	    88775168.0	
    15	  2001	    25	     1	     0.000	    95.555	      36964.6	     114718.0	    36.000	    60.762	     0.000	    96.762	     0.020	   447.287	    10274266.0	    88746896.0	
    15	  2001	    26	     1	     0.000	    97.342	      31597.0	      18944.3	    36.000	    62.222	     0.000	    98.222	     0.020	   447.276	    10266770.0	    88656488.0	
    15	  2001	    27	     1	     0.000	    99.849	      46041.3	      64200.0	    36.000	    63.683	     0.000	    99.683	     0.020	   447.279	    10269326.0	    88687304.0	
    15	  2001	    28	     1	     0.000	   101.767	      46002.7	      44203.3	    36.000	    65.957	     0.000	   101.957	     0.020	   447.277	    10267671.0	    88667344.0	
    15	  2001	    29	     1	     0.000	   104.455	      40768.7	     115770.4	    36.000	    68.414	     0.000	   104.414	     0.020	   447.287	    10274037.0	    88744144.0	
    15	  2001	    30	     1	     0.000	   110.125	      43225.6	     164183.5	    36.000	    74.973	     0.000	   110.973	     0.020	   447.293	    10277846.0	    88790096.0	
    15	  2001	    31	     1	     0.000	   110.971	      56024.9	      69462.2	    36.000	    76.351	     0.000	   112.351	     0.020	   447.279	    10268929.0	    88682520.0	
