 Subasin-ID, year, day, hour, nbr. classes, sedcomp_outflow(-)
    15  2000     1     1     3       0.940822       0.059178       0.000000
    15  2000     2     1     3       0.892196       0.107804       0.000000
    15  2000     3     1     3       0.906066       0.093934       0.000000
    15  2000     4     1     3       0.904067       0.095933       0.000000
    15  2000     5     1     3       0.903196       0.096804       0.000000
    15  2000     6     1     3       0.897707       0.102293       0.000000
    15  2000     7     1     3       0.896513       0.103487       0.000000
    15  2000     8     1     3       0.893807       0.106193       0.000000
    15  2000     9     1     3       0.892229       0.107771       0.000000
    15  2000    10     1     3       0.892523       0.107477       0.000000
    15  2000    11     1     3       0.893032       0.106968       0.000000
    15  2000    12     1     3       0.892212       0.107788       0.000000
    15  2000    13     1     3       0.890806       0.109194       0.000000
    15  2000    14     1     3       0.889652       0.110348       0.000000
    15  2000    15     1     3       0.888794       0.111206       0.000000
    15  2000    16     1     3       0.887973       0.112027       0.000000
    15  2000    17     1     3       0.886666       0.113334       0.000000
    15  2000    18     1     3       0.885268       0.114732       0.000000
    15  2000    19     1     3       0.884226       0.115774       0.000000
    15  2000    20     1     3       0.883375       0.116625       0.000000
    15  2000    21     1     3       0.883190       0.116810       0.000000
    15  2000    22     1     3       0.882454       0.117546       0.000000
    15  2000    23     1     3       0.881557       0.118443       0.000000
    15  2000    24     1     3       0.881207       0.118793       0.000000
    15  2000    25     1     3       0.881248       0.118752       0.000000
    15  2000    26     1     3       0.880999       0.119001       0.000000
    15  2000    27     1     3       0.879848       0.120152       0.000000
    15  2000    28     1     3       0.879153       0.120847       0.000000
    15  2000    29     1     3       0.877107       0.122893       0.000000
    15  2000    30     1     3       0.877352       0.122648       0.000000
    15  2000    31     1     3       0.877526       0.122474       0.000000
    15  2000    32     1     3       0.875642       0.124358       0.000000
    15  2000    33     1     3       0.876316       0.123684       0.000000
    15  2000    34     1     3       0.875621       0.124379       0.000000
    15  2000    35     1     3       0.874849       0.125151       0.000000
    15  2000    36     1     3       0.874955       0.125045       0.000000
    15  2000    37     1     3       0.874749       0.125251       0.000000
    15  2000    38     1     3       0.874978       0.125022       0.000000
    15  2000    39     1     3       0.869889       0.130111       0.000000
    15  2000    40     1     3       0.872550       0.127450       0.000000
    15  2000    41     1     3       0.869937       0.130063       0.000000
    15  2000    42     1     3       0.869588       0.130412       0.000000
    15  2000    43     1     3       0.867034       0.132966       0.000000
    15  2000    44     1     3       0.864367       0.135633       0.000000
    15  2000    45     1     3       0.822673       0.177327       0.000000
    15  2000    46     1     3       0.844635       0.155365       0.000000
    15  2000    47     1     3       0.870220       0.129780       0.000000
    15  2000    48     1     3       0.854091       0.145909       0.000000
    15  2000    49     1     3       0.862063       0.137937       0.000000
    15  2000    50     1     3       0.855641       0.144359       0.000000
    15  2000    51     1     3       0.857874       0.142126       0.000000
    15  2000    52     1     3       0.854746       0.145254       0.000000
    15  2000    53     1     3       0.854887       0.145113       0.000000
    15  2000    54     1     3       0.853967       0.146033       0.000000
    15  2000    55     1     3       0.853942       0.146058       0.000000
    15  2000    56     1     3       0.853936       0.146064       0.000000
    15  2000    57     1     3       0.853139       0.146861       0.000000
    15  2000    58     1     3       0.852733       0.147267       0.000000
    15  2000    59     1     3       0.852536       0.147464       0.000000
    15  2000    60     1     3       0.853056       0.146944       0.000000
    15  2000    61     1     3       0.851361       0.148639       0.000000
    15  2000    62     1     3       0.851738       0.148262       0.000000
    15  2000    63     1     3       0.850796       0.149204       0.000000
    15  2000    64     1     3       0.851327       0.148673       0.000000
    15  2000    65     1     3       0.851513       0.148487       0.000000
    15  2000    66     1     3       0.851376       0.148624       0.000000
    15  2000    67     1     3       0.851261       0.148739       0.000000
    15  2000    68     1     3       0.851609       0.148391       0.000000
    15  2000    69     1     3       0.852055       0.147945       0.000000
    15  2000    70     1     3       0.851418       0.148582       0.000000
    15  2000    71     1     3       0.851594       0.148406       0.000000
    15  2000    72     1     3       0.851696       0.148304       0.000000
    15  2000    73     1     3       0.850981       0.149019       0.000000
    15  2000    74     1     3       0.851282       0.148718       0.000000
    15  2000    75     1     3       0.851439       0.148561       0.000000
    15  2000    76     1     3       0.851370       0.148630       0.000000
    15  2000    77     1     3       0.851662       0.148338       0.000000
    15  2000    78     1     3       0.851461       0.148539       0.000000
    15  2000    79     1     3       0.852093       0.147907       0.000000
    15  2000    80     1     3       0.852507       0.147493       0.000000
    15  2000    81     1     3       0.851643       0.148357       0.000000
    15  2000    82     1     3       0.851950       0.148050       0.000000
    15  2000    83     1     3       0.852198       0.147802       0.000000
    15  2000    84     1     3       0.852008       0.147992       0.000000
    15  2000    85     1     3       0.853084       0.146916       0.000000
    15  2000    86     1     3       0.853033       0.146967       0.000000
    15  2000    87     1     3       0.852758       0.147242       0.000000
    15  2000    88     1     3       0.853091       0.146909       0.000000
    15  2000    89     1     3       0.852959       0.147041       0.000000
    15  2000    90     1     3       0.853737       0.146263       0.000000
    15  2000    91     1     3       0.854142       0.145858       0.000000
    15  2000    92     1     3       0.853478       0.146522       0.000000
    15  2000    93     1     3       0.853916       0.146084       0.000000
    15  2000    94     1     3       0.854832       0.145168       0.000000
    15  2000    95     1     3       0.855090       0.144910       0.000000
    15  2000    96     1     3       0.855125       0.144875       0.000000
    15  2000    97     1     3       0.855829       0.144171       0.000000
    15  2000    98     1     3       0.855265       0.144735       0.000000
    15  2000    99     1     3       0.856005       0.143995       0.000000
    15  2000   100     1     3       0.856100       0.143900       0.000000
    15  2000   101     1     3       0.856374       0.143626       0.000000
    15  2000   102     1     3       0.856702       0.143298       0.000000
    15  2000   103     1     3       0.857435       0.142565       0.000000
    15  2000   104     1     3       0.857873       0.142127       0.000000
    15  2000   105     1     3       0.857545       0.142455       0.000000
    15  2000   106     1     3       0.858372       0.141628       0.000000
    15  2000   107     1     3       0.858998       0.141002       0.000000
    15  2000   108     1     3       0.859387       0.140613       0.000000
    15  2000   109     1     3       0.859774       0.140226       0.000000
    15  2000   110     1     3       0.859876       0.140124       0.000000
    15  2000   111     1     3       0.860564       0.139436       0.000000
    15  2000   112     1     3       0.860651       0.139349       0.000000
    15  2000   113     1     3       0.861275       0.138725       0.000000
    15  2000   114     1     3       0.861517       0.138483       0.000000
    15  2000   115     1     3       0.861762       0.138238       0.000000
    15  2000   116     1     3       0.862641       0.137359       0.000000
    15  2000   117     1     3       0.862893       0.137107       0.000000
    15  2000   118     1     3       0.864075       0.135925       0.000000
    15  2000   119     1     3       0.864307       0.135693       0.000000
    15  2000   120     1     3       0.863758       0.136242       0.000000
    15  2000   121     1     3       0.864686       0.135314       0.000000
    15  2000   122     1     3       0.864203       0.135797       0.000000
    15  2000   123     1     3       0.864888       0.135112       0.000000
    15  2000   124     1     3       0.865436       0.134564       0.000000
    15  2000   125     1     3       0.866116       0.133884       0.000000
    15  2000   126     1     3       0.866314       0.133686       0.000000
    15  2000   127     1     3       0.866800       0.133200       0.000000
    15  2000   128     1     3       0.867803       0.132197       0.000000
    15  2000   129     1     3       0.867284       0.132716       0.000000
    15  2000   130     1     3       0.868209       0.131791       0.000000
    15  2000   131     1     3       0.868484       0.131516       0.000000
    15  2000   132     1     3       0.868800       0.131200       0.000000
    15  2000   133     1     3       0.869563       0.130437       0.000000
    15  2000   134     1     3       0.869750       0.130250       0.000000
    15  2000   135     1     3       0.870488       0.129512       0.000000
    15  2000   136     1     3       0.870538       0.129462       0.000000
    15  2000   137     1     3       0.871060       0.128940       0.000000
    15  2000   138     1     3       0.872093       0.127907       0.000000
    15  2000   139     1     3       0.872866       0.127134       0.000000
    15  2000   140     1     3       0.872859       0.127141       0.000000
    15  2000   141     1     3       0.874168       0.125832       0.000000
    15  2000   142     1     3       0.873914       0.126086       0.000000
    15  2000   143     1     3       0.874914       0.125086       0.000000
    15  2000   144     1     3       0.874958       0.125042       0.000000
    15  2000   145     1     3       0.875929       0.124071       0.000000
    15  2000   146     1     3       0.874933       0.125067       0.000000
    15  2000   147     1     3       0.876003       0.123997       0.000000
    15  2000   148     1     3       0.876542       0.123458       0.000000
    15  2000   149     1     3       0.875987       0.124013       0.000000
    15  2000   150     1     3       0.877043       0.122957       0.000000
    15  2000   151     1     3       0.876737       0.123263       0.000000
    15  2000   152     1     3       0.877283       0.122717       0.000000
    15  2000   153     1     3       0.878645       0.121355       0.000000
    15  2000   154     1     3       0.879167       0.120833       0.000000
    15  2000   155     1     3       0.878846       0.121154       0.000000
    15  2000   156     1     3       0.879579       0.120421       0.000000
    15  2000   157     1     3       0.880369       0.119631       0.000000
    15  2000   158     1     3       0.880573       0.119427       0.000000
    15  2000   159     1     3       0.881348       0.118652       0.000000
    15  2000   160     1     3       0.881426       0.118574       0.000000
    15  2000   161     1     3       0.882316       0.117684       0.000000
    15  2000   162     1     3       0.882580       0.117420       0.000000
    15  2000   163     1     3       0.882788       0.117212       0.000000
    15  2000   164     1     3       0.883935       0.116065       0.000000
    15  2000   165     1     3       0.884157       0.115843       0.000000
    15  2000   166     1     3       0.884899       0.115101       0.000000
    15  2000   167     1     3       0.884829       0.115171       0.000000
    15  2000   168     1     3       0.885742       0.114258       0.000000
    15  2000   169     1     3       0.886033       0.113967       0.000000
    15  2000   170     1     3       0.886895       0.113105       0.000000
    15  2000   171     1     3       0.887086       0.112914       0.000000
    15  2000   172     1     3       0.887915       0.112085       0.000000
    15  2000   173     1     3       0.888205       0.111795       0.000000
    15  2000   174     1     3       0.888161       0.111839       0.000000
    15  2000   175     1     3       0.888706       0.111294       0.000000
    15  2000   176     1     3       0.889361       0.110639       0.000000
    15  2000   177     1     3       0.890310       0.109690       0.000000
    15  2000   178     1     3       0.891104       0.108896       0.000000
    15  2000   179     1     3       0.890702       0.109298       0.000000
    15  2000   180     1     3       0.892844       0.107156       0.000000
    15  2000   181     1     3       0.892465       0.107535       0.000000
    15  2000   182     1     3       0.893045       0.106955       0.000000
    15  2000   183     1     3       0.892649       0.107351       0.000000
    15  2000   184     1     3       0.894397       0.105603       0.000000
    15  2000   185     1     3       0.894283       0.105717       0.000000
    15  2000   186     1     3       0.894846       0.105154       0.000000
    15  2000   187     1     3       0.894776       0.105224       0.000000
    15  2000   188     1     3       0.895201       0.104799       0.000000
    15  2000   189     1     3       0.896800       0.103200       0.000000
    15  2000   190     1     3       0.895738       0.104262       0.000000
    15  2000   191     1     3       0.897244       0.102756       0.000000
    15  2000   192     1     3       0.896696       0.103304       0.000000
    15  2000   193     1     3       0.897548       0.102452       0.000000
    15  2000   194     1     3       0.899107       0.100893       0.000000
    15  2000   195     1     3       0.899289       0.100711       0.000000
    15  2000   196     1     3       0.900004       0.099996       0.000000
    15  2000   197     1     3       0.900388       0.099612       0.000000
    15  2000   198     1     3       0.900617       0.099383       0.000000
    15  2000   199     1     3       0.900468       0.099532       0.000000
    15  2000   200     1     3       0.901647       0.098353       0.000000
    15  2000   201     1     3       0.902838       0.097162       0.000000
    15  2000   202     1     3       0.902359       0.097641       0.000000
    15  2000   203     1     3       0.903189       0.096811       0.000000
    15  2000   204     1     3       0.904689       0.095311       0.000000
    15  2000   205     1     3       0.903878       0.096122       0.000000
    15  2000   206     1     3       0.903915       0.096085       0.000000
    15  2000   207     1     3       0.905175       0.094825       0.000000
    15  2000   208     1     3       0.904955       0.095045       0.000000
    15  2000   209     1     3       0.905522       0.094478       0.000000
    15  2000   210     1     3       0.905000       0.095000       0.000000
    15  2000   211     1     3       0.906921       0.093079       0.000000
    15  2000   212     1     3       0.907774       0.092226       0.000000
    15  2000   213     1     3       0.908842       0.091158       0.000000
    15  2000   214     1     3       0.909221       0.090779       0.000000
    15  2000   215     1     3       0.908937       0.091063       0.000000
    15  2000   216     1     3       0.909743       0.090257       0.000000
    15  2000   217     1     3       0.909099       0.090901       0.000000
    15  2000   218     1     3       0.909768       0.090232       0.000000
    15  2000   219     1     3       0.912239       0.087761       0.000000
    15  2000   220     1     3       0.910612       0.089388       0.000000
    15  2000   221     1     3       0.911160       0.088840       0.000000
    15  2000   222     1     3       0.912414       0.087586       0.000000
    15  2000   223     1     3       0.913367       0.086633       0.000000
    15  2000   224     1     3       0.914782       0.085218       0.000000
    15  2000   225     1     3       0.915491       0.084509       0.000000
    15  2000   226     1     3       0.913864       0.086136       0.000000
    15  2000   227     1     3       0.914353       0.085647       0.000000
    15  2000   228     1     3       0.917109       0.082891       0.000000
    15  2000   229     1     3       0.916089       0.083911       0.000000
    15  2000   230     1     3       0.916554       0.083446       0.000000
    15  2000   231     1     3       0.918202       0.081798       0.000000
    15  2000   232     1     3       0.917447       0.082553       0.000000
    15  2000   233     1     3       0.918389       0.081611       0.000000
    15  2000   234     1     3       0.918549       0.081451       0.000000
    15  2000   235     1     3       0.920192       0.079808       0.000000
    15  2000   236     1     3       0.921070       0.078930       0.000000
    15  2000   237     1     3       0.921942       0.078058       0.000000
    15  2000   238     1     3       0.920395       0.079605       0.000000
    15  2000   239     1     3       0.922345       0.077655       0.000000
    15  2000   240     1     3       0.922691       0.077309       0.000000
    15  2000   241     1     3       0.921807       0.078193       0.000000
    15  2000   242     1     3       0.922474       0.077526       0.000000
    15  2000   243     1     3       0.923396       0.076604       0.000000
    15  2000   244     1     3       0.924170       0.075830       0.000000
    15  2000   245     1     3       0.923708       0.076292       0.000000
    15  2000   246     1     3       0.924752       0.075248       0.000000
    15  2000   247     1     3       0.925943       0.074057       0.000000
    15  2000   248     1     3       0.925983       0.074017       0.000000
    15  2000   249     1     3       0.926841       0.073159       0.000000
    15  2000   250     1     3       0.925717       0.074283       0.000000
    15  2000   251     1     3       0.925915       0.074085       0.000000
    15  2000   252     1     3       0.928057       0.071943       0.000000
    15  2000   253     1     3       0.929977       0.070023       0.000000
    15  2000   254     1     3       0.930925       0.069075       0.000000
    15  2000   255     1     3       0.928104       0.071896       0.000000
    15  2000   256     1     3       0.929812       0.070188       0.000000
    15  2000   257     1     3       0.931526       0.068474       0.000000
    15  2000   258     1     3       0.931547       0.068453       0.000000
    15  2000   259     1     3       0.930600       0.069400       0.000000
    15  2000   260     1     3       0.932368       0.067632       0.000000
    15  2000   261     1     3       0.932745       0.067255       0.000000
    15  2000   262     1     3       0.933666       0.066334       0.000000
    15  2000   263     1     3       0.934030       0.065970       0.000000
    15  2000   264     1     3       0.934365       0.065635       0.000000
    15  2000   265     1     3       0.935221       0.064779       0.000000
    15  2000   266     1     3       0.935722       0.064278       0.000000
    15  2000   267     1     3       0.935467       0.064533       0.000000
    15  2000   268     1     3       0.937389       0.062611       0.000000
    15  2000   269     1     3       0.936492       0.063508       0.000000
    15  2000   270     1     3       0.937286       0.062714       0.000000
    15  2000   271     1     3       0.938274       0.061726       0.000000
    15  2000   272     1     3       0.938953       0.061047       0.000000
    15  2000   273     1     3       0.939362       0.060638       0.000000
    15  2000   274     1     3       0.936669       0.063331       0.000000
    15  2000   275     1     3       0.939129       0.060871       0.000000
    15  2000   276     1     3       0.939345       0.060655       0.000000
    15  2000   277     1     3       0.940490       0.059510       0.000000
    15  2000   278     1     3       0.941595       0.058405       0.000000
    15  2000   279     1     3       0.940856       0.059144       0.000000
    15  2000   280     1     3       0.939382       0.060618       0.000000
    15  2000   281     1     3       0.940104       0.059896       0.000000
    15  2000   282     1     3       0.940923       0.059077       0.000000
    15  2000   283     1     3       0.940993       0.059007       0.000000
    15  2000   284     1     3       0.944146       0.055854       0.000000
    15  2000   285     1     3       0.942585       0.057415       0.000000
    15  2000   286     1     3       0.942071       0.057929       0.000000
    15  2000   287     1     3       0.942731       0.057269       0.000000
    15  2000   288     1     3       0.943761       0.056239       0.000000
    15  2000   289     1     3       0.944715       0.055285       0.000000
    15  2000   290     1     3       0.944279       0.055721       0.000000
    15  2000   291     1     3       0.942068       0.057932       0.000000
    15  2000   292     1     3       0.945295       0.054705       0.000000
    15  2000   293     1     3       0.946302       0.053698       0.000000
    15  2000   294     1     3       0.945926       0.054074       0.000000
    15  2000   295     1     3       0.946901       0.053099       0.000000
    15  2000   296     1     3       0.947437       0.052563       0.000000
    15  2000   297     1     3       0.948551       0.051449       0.000000
    15  2000   298     1     3       0.949190       0.050810       0.000000
    15  2000   299     1     3       0.951865       0.048135       0.000000
    15  2000   300     1     3       0.950367       0.049633       0.000000
    15  2000   301     1     3       0.950776       0.049224       0.000000
    15  2000   302     1     3       0.947886       0.052114       0.000000
    15  2000   303     1     3       0.948933       0.051067       0.000000
    15  2000   304     1     3       0.952110       0.047890       0.000000
    15  2000   305     1     3       0.952681       0.047319       0.000000
    15  2000   306     1     3       0.952819       0.047181       0.000000
    15  2000   307     1     3       0.950209       0.049791       0.000000
    15  2000   308     1     3       0.952654       0.047346       0.000000
    15  2000   309     1     3       0.951721       0.048279       0.000000
    15  2000   310     1     3       0.952186       0.047814       0.000000
    15  2000   311     1     3       0.953360       0.046640       0.000000
    15  2000   312     1     3       0.950946       0.049054       0.000000
    15  2000   313     1     3       0.953438       0.046562       0.000000
    15  2000   314     1     3       0.953780       0.046220       0.000000
    15  2000   315     1     3       0.925691       0.074309       0.000000
    15  2000   316     1     3       0.943923       0.056077       0.000000
    15  2000   317     1     3       0.954786       0.045214       0.000000
    15  2000   318     1     3       0.952414       0.047586       0.000000
    15  2000   319     1     3       0.951767       0.048233       0.000000
    15  2000   320     1     3       0.952344       0.047656       0.000000
    15  2000   321     1     3       0.954007       0.045993       0.000000
    15  2000   322     1     3       0.951720       0.048280       0.000000
    15  2000   323     1     3       0.952269       0.047731       0.000000
    15  2000   324     1     3       0.950488       0.049512       0.000000
    15  2000   325     1     3       0.951116       0.048884       0.000000
    15  2000   326     1     3       0.948794       0.051206       0.000000
    15  2000   327     1     3       0.948521       0.051479       0.000000
    15  2000   328     1     3       0.948688       0.051312       0.000000
    15  2000   329     1     3       0.948643       0.051357       0.000000
    15  2000   330     1     3       0.949014       0.050986       0.000000
    15  2000   331     1     3       0.948612       0.051388       0.000000
    15  2000   332     1     3       0.947133       0.052867       0.000000
    15  2000   333     1     3       0.947652       0.052348       0.000000
    15  2000   334     1     3       0.948270       0.051730       0.000000
    15  2000   335     1     3       0.946306       0.053694       0.000000
    15  2001     1     1     3       0.946570       0.053430       0.000000
    15  2001     2     1     3       0.930656       0.069344       0.000000
    15  2001     3     1     3       0.941931       0.058069       0.000000
    15  2001     4     1     3       0.944403       0.055597       0.000000
    15  2001     5     1     3       0.944337       0.055663       0.000000
    15  2001     6     1     3       0.942872       0.057128       0.000000
    15  2001     7     1     3       0.944367       0.055633       0.000000
    15  2001     8     1     3       0.941325       0.058675       0.000000
    15  2001     9     1     3       0.941701       0.058299       0.000000
    15  2001    10     1     3       0.940192       0.059808       0.000000
    15  2001    11     1     3       0.938887       0.061113       0.000000
    15  2001    12     1     3       0.937997       0.062003       0.000000
    15  2001    13     1     3       0.937994       0.062006       0.000000
    15  2001    14     1     3       0.936967       0.063033       0.000000
    15  2001    15     1     3       0.936056       0.063944       0.000000
    15  2001    16     1     3       0.936299       0.063701       0.000000
    15  2001    17     1     3       0.935477       0.064523       0.000000
    15  2001    18     1     3       0.934637       0.065363       0.000000
    15  2001    19     1     3       0.934672       0.065328       0.000000
    15  2001    20     1     3       0.929367       0.070633       0.000000
    15  2001    21     1     3       0.928408       0.071592       0.000000
    15  2001    22     1     3       0.917198       0.082802       0.000000
    15  2001    23     1     3       0.926964       0.073036       0.000000
    15  2001    24     1     3       0.925890       0.074110       0.000000
    15  2001    25     1     3       0.923568       0.076432       0.000000
    15  2001    26     1     3       0.923898       0.076102       0.000000
    15  2001    27     1     3       0.921581       0.078419       0.000000
    15  2001    28     1     3       0.919758       0.080242       0.000000
    15  2001    29     1     3       0.918233       0.081767       0.000000
    15  2001    30     1     3       0.913569       0.086431       0.000000
    15  2001    31     1     3       0.912910       0.087090       0.000000
