 Subasin-ID, year, day, hour, sed_input(ton/timestep), sed_output(ton/timestep), sedimentation(ton/timestep), cum_sedimentation(ton)
    69  2000     1     1          0.001          0.001          0.000          0.000
    69  2000     2     1       1411.160       1216.100        195.060        195.060
    69  2000     3     1         19.193         16.575          2.618        197.678
    69  2000     4     1          4.818          4.144          0.674        198.352
    69  2000     5     1        188.350         87.136        101.214        299.566
    69  2000     6     1         42.509         36.670          5.838        305.404
    69  2000     7     1         34.710         29.977          4.733        310.137
    69  2000     8     1         57.591         47.164         10.427        320.564
    69  2000     9     1         42.748         36.859          5.888        326.452
    69  2000    10     1         11.365          9.828          1.537        327.989
    69  2000    11     1          1.970          1.706          0.265        328.254
    69  2000    12     1          0.848          0.734          0.114        328.368
    69  2000    13     1          1.689          1.462          0.227        328.595
    69  2000    14     1          0.515          0.446          0.069        328.664
    69  2000    15     1          0.060          0.052          0.008        328.672
    69  2000    16     1          0.000          0.000          0.000        328.672
    69  2000    17     1          0.003          0.001          0.002        328.674
    69  2000    18     1          0.007          0.002          0.004        328.678
    69  2000    19     1          0.016          0.005          0.011        328.690
    69  2000    20     1          0.319          0.276          0.043        328.733
    69  2000    21     1          0.019          0.016          0.003        328.735
    69  2000    22     1          0.000          0.000          0.000        328.735
    69  2000    23     1          0.000          0.000          0.000        328.735
    69  2000    24     1          0.000          0.000          0.000        328.735
    69  2000    25     1          0.000          0.000          0.000        328.735
    69  2000    26     1          0.000          0.000          0.000        328.735
    69  2000    27     1          0.001          0.000          0.000        328.736
    69  2000    28     1          0.006          0.002          0.004        328.740
    69  2000    29     1         10.674          9.228          1.446        330.186
    69  2000    30     1          0.013          0.004          0.009        330.195
    69  2000    31     1          0.002          0.001          0.001        330.196
    69  2000    32     1          0.000          0.000          0.000        330.196
    69  2000    33     1          0.000          0.000          0.000        330.196
    69  2000    34     1          0.000          0.000          0.000        330.196
    69  2000    35     1          0.000          0.000          0.000        330.196
    69  2000    36     1          0.000          0.000          0.000        330.196
    69  2000    37     1          0.000          0.000          0.000        330.196
    69  2000    38     1          0.003          0.001          0.002        330.198
    69  2000    39     1         88.742         76.766         11.975        342.173
    69  2000    40     1        179.037         46.733        132.304        474.478
    69  2000    41     1       3665.002        973.656       2691.346       3165.823
    69  2000    42     1       3608.650        965.252       2643.398       5809.222
    69  2000    43     1         22.000         19.031          2.969       5812.190
    69  2000    44     1        193.077         99.344         93.733       5905.923
    69  2000    45     1       5543.250       4579.263        963.987       6869.910
    69  2000    46     1         85.318         70.280         15.038       6884.949
    69  2000    47     1         15.878         13.773          2.105       6887.053
    69  2000    48     1          0.568          0.488          0.079       6887.132
    69  2000    49     1          0.175          0.152          0.023       6887.156
    69  2000    50     1          0.209          0.181          0.029       6887.185
    69  2000    51     1          1.357          1.175          0.182       6887.366
    69  2000    52     1          0.458          0.396          0.062       6887.429
    69  2000    53     1          0.045          0.039          0.006       6887.435
    69  2000    54     1          0.000          0.000          0.000       6887.435
    69  2000    55     1          0.000          0.000          0.000       6887.435
    69  2000    56     1          0.000          0.000          0.000       6887.435
    69  2000    57     1          0.000          0.000          0.000       6887.435
    69  2000    58     1          0.000          0.000          0.000       6887.435
    69  2000    59     1          0.000          0.000          0.000       6887.435
    69  2000    60     1          0.000          0.000          0.000       6887.435
    69  2000    61     1          0.000          0.000          0.000       6887.435
    69  2000    62     1          0.000          0.000          0.000       6887.435
    69  2000    63     1          0.000          0.000          0.000       6887.435
    69  2000    64     1          0.000          0.000          0.000       6887.435
    69  2000    65     1          0.000          0.000          0.000       6887.435
    69  2000    66     1          0.000          0.000          0.000       6887.435
    69  2000    67     1          0.000          0.000          0.000       6887.435
    69  2000    68     1          0.000          0.000          0.000       6887.435
    69  2000    69     1          0.000          0.000          0.000       6887.435
    69  2000    70     1          0.000          0.000          0.000       6887.435
    69  2000    71     1          0.000          0.000          0.000       6887.435
    69  2000    72     1          0.000          0.000          0.000       6887.435
    69  2000    73     1          0.000          0.000          0.000       6887.435
    69  2000    74     1          0.000          0.000          0.000       6887.435
    69  2000    75     1          0.000          0.000          0.000       6887.435
    69  2000    76     1          0.000          0.000          0.000       6887.435
    69  2000    77     1          0.000          0.000          0.000       6887.435
    69  2000    78     1          0.000          0.000          0.000       6887.435
    69  2000    79     1          0.000          0.000          0.000       6887.435
    69  2000    80     1          0.001          0.000          0.000       6887.435
    69  2000    81     1          0.001          0.000          0.001       6887.436
    69  2000    82     1          0.000          0.000          0.000       6887.436
    69  2000    83     1          0.000          0.000          0.000       6887.436
    69  2000    84     1          0.000          0.000          0.000       6887.436
    69  2000    85     1          0.000          0.000          0.000       6887.436
    69  2000    86     1          0.000          0.000          0.000       6887.436
    69  2000    87     1          0.000          0.000          0.000       6887.436
    69  2000    88     1          0.000          0.000          0.000       6887.436
    69  2000    89     1          0.000          0.000          0.000       6887.436
    69  2000    90     1          0.000          0.000          0.000       6887.436
    69  2000    91     1          0.000          0.000          0.000       6887.436
    69  2000    92     1          0.000          0.000          0.000       6887.436
    69  2000    93     1          0.000          0.000          0.000       6887.436
    69  2000    94     1          0.000          0.000          0.000       6887.436
    69  2000    95     1          0.000          0.000          0.000       6887.436
    69  2000    96     1          0.000          0.000          0.000       6887.436
    69  2000    97     1          0.000          0.000          0.000       6887.436
    69  2000    98     1          0.000          0.000          0.000       6887.436
    69  2000    99     1          0.000          0.000          0.000       6887.436
    69  2000   100     1          0.000          0.000          0.000       6887.436
    69  2000   101     1          0.000          0.000          0.000       6887.436
    69  2000   102     1          0.000          0.000          0.000       6887.436
    69  2000   103     1          0.000          0.000          0.000       6887.436
    69  2000   104     1          0.000          0.000          0.000       6887.436
    69  2000   105     1          0.000          0.000          0.000       6887.436
    69  2000   106     1          0.000          0.000          0.000       6887.436
    69  2000   107     1          0.000          0.000          0.000       6887.436
    69  2000   108     1          0.000          0.000          0.000       6887.436
    69  2000   109     1          0.000          0.000          0.000       6887.436
    69  2000   110     1          0.000          0.000          0.000       6887.436
    69  2000   111     1          0.000          0.000          0.000       6887.436
    69  2000   112     1          0.000          0.000          0.000       6887.436
    69  2000   113     1          0.000          0.000          0.000       6887.436
    69  2000   114     1          0.000          0.000          0.000       6887.436
    69  2000   115     1          0.000          0.000          0.000       6887.436
    69  2000   116     1          0.000          0.000          0.000       6887.436
    69  2000   117     1          0.000          0.000          0.000       6887.436
    69  2000   118     1          0.000          0.000          0.000       6887.436
    69  2000   119     1          0.000          0.000          0.000       6887.436
    69  2000   120     1          0.000          0.000          0.000       6887.436
    69  2000   121     1          0.000          0.000          0.000       6887.436
    69  2000   122     1          0.000          0.000          0.000       6887.436
    69  2000   123     1          0.000          0.000          0.000       6887.436
    69  2000   124     1          0.000          0.000          0.000       6887.436
    69  2000   125     1          0.000          0.000          0.000       6887.436
    69  2000   126     1          0.000          0.000          0.000       6887.436
    69  2000   127     1          0.000          0.000          0.000       6887.436
    69  2000   128     1          0.000          0.000          0.000       6887.436
    69  2000   129     1          0.000          0.000          0.000       6887.436
    69  2000   130     1          0.000          0.000          0.000       6887.436
    69  2000   131     1          0.000          0.000          0.000       6887.436
    69  2000   132     1          0.000          0.000          0.000       6887.436
    69  2000   133     1          0.000          0.000          0.000       6887.436
    69  2000   134     1          0.000          0.000          0.000       6887.436
    69  2000   135     1          0.000          0.000          0.000       6887.436
    69  2000   136     1          0.000          0.000          0.000       6887.436
    69  2000   137     1          0.000          0.000          0.000       6887.436
    69  2000   138     1          0.000          0.000          0.000       6887.436
    69  2000   139     1          0.000          0.000          0.000       6887.436
    69  2000   140     1          0.000          0.000          0.000       6887.436
    69  2000   141     1          0.000          0.000          0.000       6887.436
    69  2000   142     1          0.000          0.000          0.000       6887.436
    69  2000   143     1          0.000          0.000          0.000       6887.436
    69  2000   144     1          0.000          0.000          0.000       6887.436
    69  2000   145     1          0.000          0.000          0.000       6887.436
    69  2000   146     1          0.000          0.000          0.000       6887.436
    69  2000   147     1          0.000          0.000          0.000       6887.436
    69  2000   148     1          0.000          0.000          0.000       6887.436
    69  2000   149     1          0.000          0.000          0.000       6887.436
    69  2000   150     1          0.000          0.000          0.000       6887.436
    69  2000   151     1          0.000          0.000          0.000       6887.436
    69  2000   152     1          0.000          0.000          0.000       6887.436
    69  2000   153     1          0.000          0.000          0.000       6887.436
    69  2000   154     1          0.000          0.000          0.000       6887.436
    69  2000   155     1          0.000          0.000          0.000       6887.436
    69  2000   156     1          0.000          0.000          0.000       6887.436
    69  2000   157     1          0.000          0.000          0.000       6887.436
    69  2000   158     1          0.000          0.000          0.000       6887.436
    69  2000   159     1          0.000          0.000          0.000       6887.436
    69  2000   160     1          0.000          0.000          0.000       6887.436
    69  2000   161     1          0.000          0.000          0.000       6887.436
    69  2000   162     1          0.000          0.000          0.000       6887.436
    69  2000   163     1          0.000          0.000          0.000       6887.436
    69  2000   164     1          0.000          0.000          0.000       6887.436
    69  2000   165     1          0.000          0.000          0.000       6887.436
    69  2000   166     1          0.000          0.000          0.000       6887.436
    69  2000   167     1          0.000          0.000          0.000       6887.436
    69  2000   168     1          0.000          0.000          0.000       6887.436
    69  2000   169     1          0.000          0.000          0.000       6887.436
    69  2000   170     1          0.000          0.000          0.000       6887.436
    69  2000   171     1          0.000          0.000          0.000       6887.436
    69  2000   172     1          0.000          0.000          0.000       6887.436
    69  2000   173     1          0.000          0.000          0.000       6887.436
    69  2000   174     1          0.000          0.000          0.000       6887.436
    69  2000   175     1          0.000          0.000          0.000       6887.436
    69  2000   176     1          0.000          0.000          0.000       6887.436
    69  2000   177     1          0.000          0.000          0.000       6887.436
    69  2000   178     1          0.000          0.000          0.000       6887.436
    69  2000   179     1          0.000          0.000          0.000       6887.436
    69  2000   180     1          0.000          0.000          0.000       6887.436
    69  2000   181     1          0.000          0.000          0.000       6887.436
    69  2000   182     1          0.000          0.000          0.000       6887.436
    69  2000   183     1          0.000          0.000          0.000       6887.436
    69  2000   184     1          0.000          0.000          0.000       6887.436
    69  2000   185     1          0.000          0.000          0.000       6887.436
    69  2000   186     1          0.000          0.000          0.000       6887.436
    69  2000   187     1          0.000          0.000          0.000       6887.436
    69  2000   188     1          0.000          0.000          0.000       6887.436
    69  2000   189     1          0.000          0.000          0.000       6887.436
    69  2000   190     1          0.000          0.000          0.000       6887.436
    69  2000   191     1          0.000          0.000          0.000       6887.436
    69  2000   192     1          0.000          0.000          0.000       6887.436
    69  2000   193     1          0.000          0.000          0.000       6887.436
    69  2000   194     1          0.000          0.000          0.000       6887.436
    69  2000   195     1          0.000          0.000          0.000       6887.436
    69  2000   196     1          0.000          0.000          0.000       6887.436
    69  2000   197     1          0.000          0.000          0.000       6887.436
    69  2000   198     1          0.000          0.000          0.000       6887.436
    69  2000   199     1          0.000          0.000          0.000       6887.436
    69  2000   200     1          0.000          0.000          0.000       6887.436
    69  2000   201     1          0.000          0.000          0.000       6887.436
    69  2000   202     1          0.000          0.000          0.000       6887.436
    69  2000   203     1          0.000          0.000          0.000       6887.436
    69  2000   204     1          0.000          0.000          0.000       6887.436
    69  2000   205     1          0.000          0.000          0.000       6887.436
    69  2000   206     1          0.000          0.000          0.000       6887.436
    69  2000   207     1          0.000          0.000          0.000       6887.436
    69  2000   208     1          0.000          0.000          0.000       6887.436
    69  2000   209     1          0.000          0.000          0.000       6887.436
    69  2000   210     1          0.000          0.000          0.000       6887.436
    69  2000   211     1          0.000          0.000          0.000       6887.436
    69  2000   212     1          0.000          0.000          0.000       6887.436
    69  2000   213     1          0.000          0.000          0.000       6887.436
    69  2000   214     1          0.000          0.000          0.000       6887.436
    69  2000   215     1          0.000          0.000          0.000       6887.436
    69  2000   216     1          0.000          0.000          0.000       6887.436
    69  2000   217     1          0.001          0.000          0.001       6887.437
    69  2000   218     1          0.000          0.000          0.000       6887.437
    69  2000   219     1          0.000          0.000          0.000       6887.437
    69  2000   220     1          0.005          0.002          0.002       6887.439
    69  2000   221     1          0.000          0.000          0.000       6887.439
    69  2000   222     1          0.000          0.000          0.000       6887.439
    69  2000   223     1          0.000          0.000          0.000       6887.439
    69  2000   224     1          0.000          0.000          0.000       6887.439
    69  2000   225     1          0.000          0.000          0.000       6887.439
    69  2000   226     1          0.000          0.000          0.000       6887.439
    69  2000   227     1          0.000          0.000          0.000       6887.439
    69  2000   228     1          0.000          0.000          0.000       6887.439
    69  2000   229     1          0.000          0.000          0.000       6887.439
    69  2000   230     1          0.000          0.000          0.000       6887.439
    69  2000   231     1          0.000          0.000          0.000       6887.439
    69  2000   232     1          0.000          0.000          0.000       6887.439
    69  2000   233     1          0.000          0.000          0.000       6887.439
    69  2000   234     1          0.000          0.000          0.000       6887.439
    69  2000   235     1          0.000          0.000          0.000       6887.439
    69  2000   236     1          0.000          0.000          0.000       6887.439
    69  2000   237     1          0.000          0.000          0.000       6887.439
    69  2000   238     1          0.000          0.000          0.000       6887.439
    69  2000   239     1          0.000          0.000          0.000       6887.439
    69  2000   240     1          0.000          0.000          0.000       6887.439
    69  2000   241     1          0.000          0.000          0.000       6887.439
    69  2000   242     1          0.000          0.000          0.000       6887.439
    69  2000   243     1          0.000          0.000          0.000       6887.439
    69  2000   244     1          0.000          0.000          0.000       6887.439
    69  2000   245     1          0.000          0.000          0.000       6887.439
    69  2000   246     1          0.000          0.000          0.000       6887.439
    69  2000   247     1          0.000          0.000          0.000       6887.439
    69  2000   248     1          0.000          0.000          0.000       6887.439
    69  2000   249     1          0.002          0.001          0.001       6887.440
    69  2000   250     1          0.004          0.001          0.003       6887.443
    69  2000   251     1          0.000          0.000          0.000       6887.443
    69  2000   252     1          0.000          0.000          0.000       6887.443
    69  2000   253     1          0.000          0.000          0.000       6887.443
    69  2000   254     1          0.000          0.000          0.000       6887.443
    69  2000   255     1          0.000          0.000          0.000       6887.443
    69  2000   256     1          0.000          0.000          0.000       6887.443
    69  2000   257     1          0.000          0.000          0.000       6887.443
    69  2000   258     1          0.000          0.000          0.000       6887.443
    69  2000   259     1          0.000          0.000          0.000       6887.443
    69  2000   260     1          0.000          0.000          0.000       6887.443
    69  2000   261     1          0.000          0.000          0.000       6887.443
    69  2000   262     1          0.000          0.000          0.000       6887.443
    69  2000   263     1          0.000          0.000          0.000       6887.443
    69  2000   264     1          0.000          0.000          0.000       6887.443
    69  2000   265     1          0.000          0.000          0.000       6887.443
    69  2000   266     1          0.000          0.000          0.000       6887.443
    69  2000   267     1          0.000          0.000          0.000       6887.443
    69  2000   268     1          0.000          0.000          0.000       6887.443
    69  2000   269     1          0.000          0.000          0.000       6887.443
    69  2000   270     1          0.000          0.000          0.000       6887.443
    69  2000   271     1          0.000          0.000          0.000       6887.443
    69  2000   272     1          0.000          0.000          0.000       6887.443
    69  2000   273     1          0.005          0.002          0.003       6887.445
    69  2000   274     1          0.004          0.001          0.002       6887.448
    69  2000   275     1          0.004          0.001          0.003       6887.451
    69  2000   276     1          0.001          0.000          0.000       6887.451
    69  2000   277     1          0.001          0.000          0.001       6887.452
    69  2000   278     1          0.006          0.002          0.004       6887.456
    69  2000   279     1      12852.582       3126.286       9726.296      16613.752
    69  2000   280     1          0.022          0.006          0.016      16613.768
    69  2000   281     1          0.032          0.008          0.024      16613.791
    69  2000   282     1          0.017          0.005          0.012      16613.803
    69  2000   283     1          0.000          0.000          0.000      16613.803
    69  2000   284     1          0.000          0.000          0.000      16613.803
    69  2000   285     1          0.006          0.002          0.005      16613.807
    69  2000   286     1          0.003          0.001          0.002      16613.809
    69  2000   287     1          0.015          0.004          0.011      16613.820
    69  2000   288     1          0.005          0.002          0.003      16613.824
    69  2000   289     1          0.019          0.006          0.013      16613.838
    69  2000   290     1          0.025          0.007          0.018      16613.855
    69  2000   291     1          0.001          0.001          0.000      16613.855
    69  2000   292     1          0.000          0.000          0.000      16613.855
    69  2000   293     1          0.000          0.000          0.000      16613.855
    69  2000   294     1          0.000          0.000          0.000      16613.855
    69  2000   295     1          0.000          0.000          0.000      16613.855
    69  2000   296     1          0.000          0.000          0.000      16613.855
    69  2000   297     1          0.000          0.000          0.000      16613.855
    69  2000   298     1          0.000          0.000          0.000      16613.855
    69  2000   299     1          0.000          0.000          0.000      16613.855
    69  2000   300     1          0.001          0.000          0.000      16613.855
    69  2000   301     1          0.006          0.003          0.004      16613.859
    69  2000   302     1          0.004          0.002          0.002      16613.861
    69  2000   303     1          0.000          0.000          0.000      16613.861
    69  2000   304     1          0.001          0.000          0.000      16613.861
    69  2000   305     1          0.003          0.001          0.002      16613.863
    69  2000   306     1          0.009          0.002          0.006      16613.869
    69  2000   307     1          0.017          0.004          0.013      16613.883
    69  2000   308     1          0.013          0.004          0.009      16613.893
    69  2000   309     1        236.768         51.994        184.774      16798.666
    69  2000   310     1          0.008          0.002          0.005      16798.672
    69  2000   311     1          0.018          0.005          0.013      16798.684
    69  2000   312     1          0.003          0.001          0.002      16798.686
    69  2000   313     1          0.001          0.000          0.000      16798.686
    69  2000   314     1          0.003          0.001          0.002      16798.688
    69  2000   315     1       5438.245       1575.910       3862.335      20661.023
    69  2000   316     1          0.019          0.005          0.014      20661.037
    69  2000   317     1          0.012          0.003          0.009      20661.047
    69  2000   318     1          0.008          0.002          0.006      20661.053
    69  2000   319     1          0.014          0.003          0.010      20661.062
    69  2000   320     1          0.009          0.002          0.007      20661.070
    69  2000   321     1          0.013          0.003          0.010      20661.080
    69  2000   322     1          0.008          0.002          0.006      20661.086
    69  2000   323     1          0.008          0.002          0.006      20661.092
    69  2000   324     1          0.005          0.001          0.003      20661.096
    69  2000   325     1          0.008          0.002          0.006      20661.102
    69  2000   326     1          0.005          0.001          0.004      20661.105
    69  2000   327     1          0.000          0.000          0.000      20661.105
    69  2000   328     1          0.000          0.000          0.000      20661.105
    69  2000   329     1          0.000          0.000          0.000      20661.105
    69  2000   330     1          0.000          0.000          0.000      20661.105
    69  2000   331     1          0.000          0.000          0.000      20661.105
    69  2000   332     1          0.000          0.000          0.000      20661.105
    69  2000   333     1          0.000          0.000          0.000      20661.105
    69  2000   334     1          0.004          0.001          0.003      20661.107
    69  2000   335     1          0.017          0.005          0.013      20661.119
    69  2001     1     1          0.014          0.004          0.010      20661.129
    69  2001     2     1       4170.013       1083.187       3086.825      23747.953
    69  2001     3     1          0.009          0.002          0.006      23747.959
    69  2001     4     1          0.010          0.003          0.007      23747.967
    69  2001     5     1          0.000          0.000          0.000      23747.967
    69  2001     6     1          0.000          0.000          0.000      23747.967
    69  2001     7     1          0.000          0.000          0.000      23747.967
    69  2001     8     1          0.000          0.000          0.000      23747.967
    69  2001     9     1          0.000          0.000          0.000      23747.967
    69  2001    10     1          0.000          0.000          0.000      23747.967
    69  2001    11     1          0.000          0.000          0.000      23747.967
    69  2001    12     1          0.000          0.000          0.000      23747.967
    69  2001    13     1          0.000          0.000          0.000      23747.967
    69  2001    14     1          0.000          0.000          0.000      23747.967
    69  2001    15     1          0.000          0.000          0.000      23747.967
    69  2001    16     1          0.000          0.000          0.000      23747.967
    69  2001    17     1          0.001          0.000          0.001      23747.967
    69  2001    18     1          0.004          0.001          0.003      23747.971
    69  2001    19     1          0.003          0.001          0.002      23747.973
    69  2001    20     1       7074.716       1722.548       5352.168      29100.141
    69  2001    21     1        632.936        162.545        470.391      29570.531
    69  2001    22     1        613.040        229.777        383.262      29953.793
    69  2001    23     1        159.125         37.410        121.715      30075.508
    69  2001    24     1          0.010          0.003          0.007      30075.516
    69  2001    25     1          1.298          1.106          0.192      30075.707
    69  2001    26     1          0.335          0.286          0.049      30075.756
    69  2001    27     1          1.222          1.048          0.174      30075.930
    69  2001    28     1          0.746          0.640          0.106      30076.035
    69  2001    29     1          1.813          1.558          0.255      30076.291
    69  2001    30     1         22.397         19.289          3.107      30079.398
    69  2001    31     1          8.467          7.297          1.170      30080.568
