daily river flow [m3] for all sub-basins (MAP-IDs)
Year	Day	15	69
2000	1	0.41585E+08	0.24003E+08
2000	2	0.42832E+08	0.22651E+08
2000	3	0.46928E+08	0.22914E+08
2000	4	0.47125E+08	0.23950E+08
2000	5	0.47482E+08	0.25920E+08
2000	6	0.52820E+08	0.29830E+08
2000	7	0.55777E+08	0.33747E+08
2000	8	0.57094E+08	0.36604E+08
2000	9	0.58920E+08	0.35477E+08
2000	10	0.58392E+08	0.33488E+08
2000	11	0.55066E+08	0.31304E+08
2000	12	0.51188E+08	0.29152E+08
2000	13	0.47522E+08	0.27255E+08
2000	14	0.44166E+08	0.25288E+08
2000	15	0.41104E+08	0.23535E+08
2000	16	0.38123E+08	0.21901E+08
2000	17	0.35358E+08	0.20539E+08
2000	18	0.34411E+08	0.20093E+08
2000	19	0.36685E+08	0.22136E+08
2000	20	0.38102E+08	0.24166E+08
2000	21	0.37053E+08	0.23345E+08
2000	22	0.35313E+08	0.22095E+08
2000	23	0.33345E+08	0.20682E+08
2000	24	0.31217E+08	0.19378E+08
2000	25	0.29172E+08	0.18252E+08
2000	26	0.27459E+08	0.17174E+08
2000	27	0.25919E+08	0.16221E+08
2000	28	0.24813E+08	0.15553E+08
2000	29	0.26945E+08	0.16403E+08
2000	30	0.30171E+08	0.18508E+08
2000	31	0.33702E+08	0.20633E+08
2000	32	0.35756E+08	0.20269E+08
2000	33	0.35683E+08	0.19465E+08
2000	34	0.34331E+08	0.18464E+08
2000	35	0.32658E+08	0.17357E+08
2000	36	0.30860E+08	0.16299E+08
2000	37	0.28962E+08	0.15341E+08
2000	38	0.27319E+08	0.14569E+08
2000	39	0.28209E+08	0.14341E+08
2000	40	0.33852E+08	0.16144E+08
2000	41	0.40267E+08	0.19643E+08
2000	42	0.45535E+08	0.26188E+08
2000	43	0.50468E+08	0.31435E+08
2000	44	0.58038E+08	0.36816E+08
2000	45	0.69863E+08	0.42964E+08
2000	46	0.80571E+08	0.47615E+08
2000	47	0.80354E+08	0.45222E+08
2000	48	0.75795E+08	0.41493E+08
2000	49	0.70240E+08	0.38132E+08
2000	50	0.65083E+08	0.35592E+08
2000	51	0.60364E+08	0.33404E+08
2000	52	0.56298E+08	0.31153E+08
2000	53	0.52861E+08	0.29223E+08
2000	54	0.49297E+08	0.27316E+08
2000	55	0.45856E+08	0.25599E+08
2000	56	0.42817E+08	0.24044E+08
2000	57	0.40172E+08	0.22601E+08
2000	58	0.37739E+08	0.21209E+08
2000	59	0.35719E+08	0.20083E+08
2000	60	0.33942E+08	0.19045E+08
2000	61	0.32165E+08	0.18003E+08
2000	62	0.30318E+08	0.17023E+08
2000	63	0.28711E+08	0.16160E+08
2000	64	0.27434E+08	0.15444E+08
2000	65	0.26301E+08	0.14853E+08
2000	66	0.25202E+08	0.14336E+08
2000	67	0.24182E+08	0.13864E+08
2000	68	0.23206E+08	0.13385E+08
2000	69	0.22234E+08	0.12872E+08
2000	70	0.21369E+08	0.12360E+08
2000	71	0.20662E+08	0.11892E+08
2000	72	0.19954E+08	0.11430E+08
2000	73	0.19271E+08	0.11007E+08
2000	74	0.18759E+08	0.10604E+08
2000	75	0.18060E+08	0.10166E+08
2000	76	0.17372E+08	0.97601E+07
2000	77	0.16818E+08	0.93793E+07
2000	78	0.16306E+08	0.90224E+07
2000	79	0.15815E+08	0.86666E+07
2000	80	0.15476E+08	0.83261E+07
2000	81	0.15538E+08	0.80352E+07
2000	82	0.15300E+08	0.77736E+07
2000	83	0.14839E+08	0.75284E+07
2000	84	0.14344E+08	0.73167E+07
2000	85	0.13831E+08	0.70941E+07
2000	86	0.13272E+08	0.68131E+07
2000	87	0.12716E+08	0.65370E+07
2000	88	0.12213E+08	0.62932E+07
2000	89	0.11787E+08	0.60837E+07
2000	90	0.11406E+08	0.58847E+07
2000	91	0.11034E+08	0.56989E+07
2000	92	0.10664E+08	0.55274E+07
2000	93	0.10291E+08	0.53462E+07
2000	94	0.99138E+07	0.51689E+07
2000	95	0.95379E+07	0.49873E+07
2000	96	0.91739E+07	0.48071E+07
2000	97	0.88042E+07	0.46150E+07
2000	98	0.84209E+07	0.44135E+07
2000	99	0.80546E+07	0.42217E+07
2000	100	0.77144E+07	0.40455E+07
2000	101	0.74143E+07	0.38918E+07
2000	102	0.71512E+07	0.37570E+07
2000	103	0.69054E+07	0.36235E+07
2000	104	0.66494E+07	0.34920E+07
2000	105	0.64043E+07	0.33689E+07
2000	106	0.61556E+07	0.32443E+07
2000	107	0.58973E+07	0.31138E+07
2000	108	0.56483E+07	0.29808E+07
2000	109	0.54318E+07	0.28594E+07
2000	110	0.52440E+07	0.27549E+07
2000	111	0.50641E+07	0.26651E+07
2000	112	0.49190E+07	0.25944E+07
2000	113	0.47834E+07	0.25330E+07
2000	114	0.46351E+07	0.24655E+07
2000	115	0.44827E+07	0.23934E+07
2000	116	0.43372E+07	0.23289E+07
2000	117	0.41789E+07	0.22549E+07
2000	118	0.40117E+07	0.21728E+07
2000	119	0.38534E+07	0.20885E+07
2000	120	0.37131E+07	0.20117E+07
2000	121	0.35754E+07	0.19435E+07
2000	122	0.34434E+07	0.18751E+07
2000	123	0.33182E+07	0.18053E+07
2000	124	0.31926E+07	0.17369E+07
2000	125	0.30871E+07	0.16824E+07
2000	126	0.29950E+07	0.16362E+07
2000	127	0.29071E+07	0.15928E+07
2000	128	0.28238E+07	0.15491E+07
2000	129	0.27504E+07	0.15163E+07
2000	130	0.26832E+07	0.14857E+07
2000	131	0.26072E+07	0.14465E+07
2000	132	0.25221E+07	0.14030E+07
2000	133	0.24414E+07	0.13637E+07
2000	134	0.23704E+07	0.13296E+07
2000	135	0.22989E+07	0.12905E+07
2000	136	0.22251E+07	0.12516E+07
2000	137	0.21538E+07	0.12138E+07
2000	138	0.20852E+07	0.11791E+07
2000	139	0.20201E+07	0.11464E+07
2000	140	0.19575E+07	0.11151E+07
2000	141	0.18945E+07	0.10828E+07
2000	142	0.18325E+07	0.10499E+07
2000	143	0.17753E+07	0.10176E+07
2000	144	0.17227E+07	0.98756E+06
2000	145	0.16745E+07	0.96133E+06
2000	146	0.16224E+07	0.93266E+06
2000	147	0.15690E+07	0.90414E+06
2000	148	0.15150E+07	0.87688E+06
2000	149	0.14634E+07	0.85035E+06
2000	150	0.14170E+07	0.82627E+06
2000	151	0.13744E+07	0.80407E+06
2000	152	0.13308E+07	0.77617E+06
2000	153	0.12866E+07	0.72059E+06
2000	154	0.12459E+07	0.67796E+06
2000	155	0.12099E+07	0.66082E+06
2000	156	0.11795E+07	0.64698E+06
2000	157	0.11532E+07	0.63476E+06
2000	158	0.11308E+07	0.62300E+06
2000	159	0.11076E+07	0.61207E+06
2000	160	0.10795E+07	0.60024E+06
2000	161	0.10485E+07	0.58590E+06
2000	162	0.10184E+07	0.57243E+06
2000	163	0.98911E+06	0.55865E+06
2000	164	0.95943E+06	0.54393E+06
2000	165	0.93344E+06	0.53121E+06
2000	166	0.91102E+06	0.52118E+06
2000	167	0.88872E+06	0.50983E+06
2000	168	0.86309E+06	0.49715E+06
2000	169	0.83665E+06	0.48358E+06
2000	170	0.80955E+06	0.47111E+06
2000	171	0.78416E+06	0.45955E+06
2000	172	0.75916E+06	0.44763E+06
2000	173	0.73413E+06	0.43527E+06
2000	174	0.70959E+06	0.42346E+06
2000	175	0.68783E+06	0.41219E+06
2000	176	0.67016E+06	0.40207E+06
2000	177	0.65209E+06	0.39288E+06
2000	178	0.63600E+06	0.38494E+06
2000	179	0.62057E+06	0.37800E+06
2000	180	0.60434E+06	0.37094E+06
2000	181	0.58809E+06	0.36260E+06
2000	182	0.56915E+06	0.35376E+06
2000	183	0.53767E+06	0.34524E+06
2000	184	0.48606E+06	0.33766E+06
2000	185	0.47297E+06	0.33078E+06
2000	186	0.46262E+06	0.32381E+06
2000	187	0.45278E+06	0.31707E+06
2000	188	0.44384E+06	0.31115E+06
2000	189	0.43451E+06	0.30464E+06
2000	190	0.42507E+06	0.29834E+06
2000	191	0.41643E+06	0.29255E+06
2000	192	0.40862E+06	0.28708E+06
2000	193	0.40078E+06	0.28146E+06
2000	194	0.39304E+06	0.27605E+06
2000	195	0.38659E+06	0.27169E+06
2000	196	0.38070E+06	0.26806E+06
2000	197	0.37467E+06	0.26373E+06
2000	198	0.36835E+06	0.25948E+06
2000	199	0.36255E+06	0.25553E+06
2000	200	0.35738E+06	0.25193E+06
2000	201	0.35196E+06	0.24827E+06
2000	202	0.34626E+06	0.24445E+06
2000	203	0.34073E+06	0.24065E+06
2000	204	0.33508E+06	0.23683E+06
2000	205	0.32941E+06	0.23298E+06
2000	206	0.32403E+06	0.22934E+06
2000	207	0.31847E+06	0.22522E+06
2000	208	0.31240E+06	0.22088E+06
2000	209	0.30607E+06	0.21643E+06
2000	210	0.29933E+06	0.21156E+06
2000	211	0.29317E+06	0.20668E+06
2000	212	0.28778E+06	0.20212E+06
2000	213	0.28201E+06	0.19784E+06
2000	214	0.27572E+06	0.19325E+06
2000	215	0.26961E+06	0.18898E+06
2000	216	0.26383E+06	0.18479E+06
2000	217	0.25912E+06	0.18093E+06
2000	218	0.25553E+06	0.17805E+06
2000	219	0.25226E+06	0.17564E+06
2000	220	0.26653E+06	0.17275E+06
2000	221	0.30999E+06	0.17067E+06
2000	222	0.32831E+06	0.16846E+06
2000	223	0.32655E+06	0.16522E+06
2000	224	0.32041E+06	0.16129E+06
2000	225	0.31366E+06	0.15737E+06
2000	226	0.30568E+06	0.15322E+06
2000	227	0.29748E+06	0.14904E+06
2000	228	0.28925E+06	0.14473E+06
2000	229	0.28100E+06	0.14017E+06
2000	230	0.27271E+06	0.13565E+06
2000	231	0.26463E+06	0.13130E+06
2000	232	0.25690E+06	0.12023E+06
2000	233	0.24899E+06	0.84940E+05
2000	234	0.24082E+06	0.60640E+05
2000	235	0.23262E+06	0.57579E+05
2000	236	0.22449E+06	0.55363E+05
2000	237	0.21645E+06	0.53256E+05
2000	238	0.20866E+06	0.51234E+05
2000	239	0.20149E+06	0.49270E+05
2000	240	0.19547E+06	0.47668E+05
2000	241	0.19069E+06	0.46444E+05
2000	242	0.18577E+06	0.45163E+05
2000	243	0.17991E+06	0.43608E+05
2000	244	0.17411E+06	0.42025E+05
2000	245	0.16850E+06	0.40513E+05
2000	246	0.16335E+06	0.39064E+05
2000	247	0.15736E+06	0.37472E+05
2000	248	0.15132E+06	0.35839E+05
2000	249	0.14655E+06	0.34293E+05
2000	250	0.15355E+06	0.32506E+05
2000	251	0.16199E+06	0.26462E+05
2000	252	0.15919E+06	0.13197E+05
2000	253	0.15373E+06	0.61397E+03
2000	254	0.14751E+06	0.16375E+02
2000	255	0.14083E+06	0.47293E+00
2000	256	0.13415E+06	0.17234E-01
2000	257	0.12659E+06	0.63325E-03
2000	258	0.10023E+06	0.23322E-04
2000	259	0.61119E+05	0.85950E-06
2000	260	0.56185E+05	0.31681E-07
2000	261	0.53477E+05	0.11678E-08
2000	262	0.50893E+05	0.43047E-10
2000	263	0.48454E+05	0.15868E-11
2000	264	0.46177E+05	0.58492E-13
2000	265	0.43942E+05	0.21561E-14
2000	266	0.41818E+05	0.79479E-16
2000	267	0.39859E+05	0.29297E-17
2000	268	0.37969E+05	0.10800E-18
2000	269	0.36145E+05	0.39810E-20
2000	270	0.34387E+05	0.14675E-21
2000	271	0.32637E+05	0.54093E-23
2000	272	0.29008E+05	0.19940E-24
2000	273	0.28057E+05	0.24582E+02
2000	274	0.36934E+05	0.36054E+03
2000	275	0.41087E+05	0.56171E+03
2000	276	0.43935E+05	0.39492E+03
2000	277	0.44224E+05	0.24358E+03
2000	278	0.46968E+05	0.52958E+03
2000	279	0.72268E+05	0.39044E+07
2000	280	0.15186E+06	0.36339E+04
2000	281	0.20510E+06	0.41539E+05
2000	282	0.25731E+06	0.90720E+05
2000	283	0.31161E+06	0.14475E+06
2000	284	0.31535E+06	0.14674E+06
2000	285	0.31252E+06	0.14584E+06
2000	286	0.32196E+06	0.15375E+06
2000	287	0.33492E+06	0.17467E+06
2000	288	0.36322E+06	0.20060E+06
2000	289	0.12849E+07	0.22916E+06
2000	290	0.66799E+06	0.30545E+06
2000	291	0.82097E+06	0.37792E+06
2000	292	0.87109E+06	0.37471E+06
2000	293	0.85802E+06	0.36239E+06
2000	294	0.83666E+06	0.34930E+06
2000	295	0.81835E+06	0.33612E+06
2000	296	0.79521E+06	0.32275E+06
2000	297	0.76798E+06	0.30852E+06
2000	298	0.73918E+06	0.29491E+06
2000	299	0.71076E+06	0.28277E+06
2000	300	0.68694E+06	0.27196E+06
2000	301	0.69929E+06	0.26272E+06
2000	302	0.82962E+06	0.25708E+06
2000	303	0.93837E+06	0.25463E+06
2000	304	0.95898E+06	0.24780E+06
2000	305	0.97269E+06	0.24019E+06
2000	306	0.10367E+07	0.24449E+06
2000	307	0.11811E+07	0.28897E+06
2000	308	0.13609E+07	0.36301E+06
2000	309	0.16053E+07	0.67410E+06
2000	310	0.19368E+07	0.59704E+06
2000	311	0.22620E+07	0.72500E+06
2000	312	0.28288E+07	0.82776E+06
2000	313	0.30672E+07	0.84796E+06
2000	314	0.31465E+07	0.83693E+06
2000	315	0.36596E+07	0.98842E+06
2000	316	0.47411E+07	0.13467E+07
2000	317	0.52273E+07	0.17242E+07
2000	318	0.58012E+07	0.20032E+07
2000	319	0.65909E+07	0.22898E+07
2000	320	0.74727E+07	0.26677E+07
2000	321	0.78441E+07	0.30715E+07
2000	322	0.82188E+07	0.35639E+07
2000	323	0.89396E+07	0.39648E+07
2000	324	0.99539E+07	0.42715E+07
2000	325	0.10797E+08	0.45713E+07
2000	326	0.11513E+08	0.50017E+07
2000	327	0.11789E+08	0.52409E+07
2000	328	0.11630E+08	0.51095E+07
2000	329	0.11236E+08	0.48955E+07
2000	330	0.10760E+08	0.46711E+07
2000	331	0.10201E+08	0.44500E+07
2000	332	0.96623E+07	0.42365E+07
2000	333	0.91503E+07	0.40386E+07
2000	334	0.87003E+07	0.38739E+07
2000	335	0.86819E+07	0.39513E+07
2001	1	0.10217E+08	0.46838E+07
2001	2	0.12631E+08	0.96915E+07
2001	3	0.15630E+08	0.75145E+07
2001	4	0.17364E+08	0.84756E+07
2001	5	0.18716E+08	0.92271E+07
2001	6	0.18553E+08	0.91337E+07
2001	7	0.18131E+08	0.89453E+07
2001	8	0.17633E+08	0.87345E+07
2001	9	0.17149E+08	0.85338E+07
2001	10	0.16754E+08	0.83038E+07
2001	11	0.16434E+08	0.81128E+07
2001	12	0.16048E+08	0.79091E+07
2001	13	0.15601E+08	0.76966E+07
2001	14	0.15138E+08	0.74879E+07
2001	15	0.14603E+08	0.72734E+07
2001	16	0.14001E+08	0.70453E+07
2001	17	0.13518E+08	0.68527E+07
2001	18	0.13590E+08	0.67854E+07
2001	19	0.14075E+08	0.69415E+07
2001	20	0.15986E+08	0.86456E+07
2001	21	0.19071E+08	0.14934E+08
2001	22	0.24292E+08	0.13982E+08
2001	23	0.28206E+08	0.19383E+08
2001	24	0.31685E+08	0.20493E+08
2001	25	0.34769E+08	0.23586E+08
2001	26	0.35866E+08	0.25707E+08
2001	27	0.35075E+08	0.26078E+08
2001	28	0.34889E+08	0.26154E+08
2001	29	0.35443E+08	0.26209E+08
2001	30	0.39509E+08	0.26412E+08
2001	31	0.42969E+08	0.25467E+08
