total deep ground water discharge [m3] for all sub-basins (MAP-IDs)
Year	Day	15	69
2000	1	0.41535E+08	0.23999E+08
2000	2	0.42322E+08	0.22647E+08
2000	3	0.46615E+08	0.22909E+08
2000	4	0.47022E+08	0.23946E+08
2000	5	0.46936E+08	0.25915E+08
2000	6	0.52198E+08	0.29825E+08
2000	7	0.55300E+08	0.33722E+08
2000	8	0.56419E+08	0.36582E+08
2000	9	0.58367E+08	0.35471E+08
2000	10	0.58194E+08	0.33484E+08
2000	11	0.55011E+08	0.31301E+08
2000	12	0.51154E+08	0.29148E+08
2000	13	0.47469E+08	0.27251E+08
2000	14	0.44141E+08	0.25285E+08
2000	15	0.41095E+08	0.23532E+08
2000	16	0.38118E+08	0.21898E+08
2000	17	0.35353E+08	0.20536E+08
2000	18	0.34404E+08	0.20089E+08
2000	19	0.36635E+08	0.22132E+08
2000	20	0.38078E+08	0.24162E+08
2000	21	0.37044E+08	0.23342E+08
2000	22	0.35308E+08	0.22092E+08
2000	23	0.33340E+08	0.20679E+08
2000	24	0.31212E+08	0.19375E+08
2000	25	0.29167E+08	0.18249E+08
2000	26	0.27454E+08	0.17171E+08
2000	27	0.25914E+08	0.16218E+08
2000	28	0.24808E+08	0.15549E+08
2000	29	0.26940E+08	0.16399E+08
2000	30	0.30165E+08	0.18504E+08
2000	31	0.33383E+08	0.20630E+08
2000	32	0.35750E+08	0.20266E+08
2000	33	0.35677E+08	0.19462E+08
2000	34	0.34325E+08	0.18461E+08
2000	35	0.32652E+08	0.17354E+08
2000	36	0.30854E+08	0.16296E+08
2000	37	0.28957E+08	0.15339E+08
2000	38	0.27313E+08	0.14566E+08
2000	39	0.28203E+08	0.14338E+08
2000	40	0.33844E+08	0.16140E+08
2000	41	0.40138E+08	0.19639E+08
2000	42	0.45304E+08	0.25242E+08
2000	43	0.50073E+08	0.31430E+08
2000	44	0.57304E+08	0.36744E+08
2000	45	0.67929E+08	0.42636E+08
2000	46	0.79701E+08	0.47585E+08
2000	47	0.80091E+08	0.45216E+08
2000	48	0.75765E+08	0.41488E+08
2000	49	0.70224E+08	0.38126E+08
2000	50	0.65063E+08	0.35587E+08
2000	51	0.60315E+08	0.33399E+08
2000	52	0.56270E+08	0.31148E+08
2000	53	0.52849E+08	0.29218E+08
2000	54	0.49288E+08	0.27311E+08
2000	55	0.45848E+08	0.25595E+08
2000	56	0.42810E+08	0.24040E+08
2000	57	0.40165E+08	0.22597E+08
2000	58	0.37731E+08	0.21205E+08
2000	59	0.35712E+08	0.20079E+08
2000	60	0.33935E+08	0.19041E+08
2000	61	0.32157E+08	0.17999E+08
2000	62	0.30311E+08	0.17020E+08
2000	63	0.28704E+08	0.16157E+08
2000	64	0.27427E+08	0.15441E+08
2000	65	0.26294E+08	0.14850E+08
2000	66	0.25196E+08	0.14333E+08
2000	67	0.24176E+08	0.13861E+08
2000	68	0.23200E+08	0.13382E+08
2000	69	0.22228E+08	0.12869E+08
2000	70	0.21363E+08	0.12357E+08
2000	71	0.20656E+08	0.11890E+08
2000	72	0.19948E+08	0.11427E+08
2000	73	0.19266E+08	0.11005E+08
2000	74	0.18753E+08	0.10602E+08
2000	75	0.18055E+08	0.10164E+08
2000	76	0.17367E+08	0.97583E+07
2000	77	0.16813E+08	0.93775E+07
2000	78	0.16301E+08	0.90207E+07
2000	79	0.15809E+08	0.86649E+07
2000	80	0.15470E+08	0.83245E+07
2000	81	0.15533E+08	0.80336E+07
2000	82	0.15294E+08	0.77721E+07
2000	83	0.14834E+08	0.75269E+07
2000	84	0.14339E+08	0.73152E+07
2000	85	0.13827E+08	0.70927E+07
2000	86	0.13267E+08	0.68117E+07
2000	87	0.12712E+08	0.65357E+07
2000	88	0.12209E+08	0.62919E+07
2000	89	0.11783E+08	0.60825E+07
2000	90	0.11402E+08	0.58835E+07
2000	91	0.11031E+08	0.56977E+07
2000	92	0.10661E+08	0.55263E+07
2000	93	0.10288E+08	0.53451E+07
2000	94	0.99103E+07	0.51678E+07
2000	95	0.95346E+07	0.49863E+07
2000	96	0.91707E+07	0.48062E+07
2000	97	0.88012E+07	0.46141E+07
2000	98	0.84181E+07	0.44126E+07
2000	99	0.80519E+07	0.42209E+07
2000	100	0.77118E+07	0.40447E+07
2000	101	0.74119E+07	0.38911E+07
2000	102	0.71490E+07	0.37563E+07
2000	103	0.69033E+07	0.36230E+07
2000	104	0.66475E+07	0.34914E+07
2000	105	0.64025E+07	0.33684E+07
2000	106	0.61540E+07	0.32439E+07
2000	107	0.58958E+07	0.31135E+07
2000	108	0.56470E+07	0.29804E+07
2000	109	0.54307E+07	0.28591E+07
2000	110	0.52430E+07	0.27547E+07
2000	111	0.50633E+07	0.26648E+07
2000	112	0.49183E+07	0.25942E+07
2000	113	0.47828E+07	0.25328E+07
2000	114	0.46346E+07	0.24654E+07
2000	115	0.44822E+07	0.23933E+07
2000	116	0.43367E+07	0.23288E+07
2000	117	0.41785E+07	0.22549E+07
2000	118	0.40113E+07	0.21728E+07
2000	119	0.38530E+07	0.20885E+07
2000	120	0.37128E+07	0.20118E+07
2000	121	0.35751E+07	0.19435E+07
2000	122	0.34432E+07	0.18752E+07
2000	123	0.33180E+07	0.18054E+07
2000	124	0.31925E+07	0.17370E+07
2000	125	0.30870E+07	0.16825E+07
2000	126	0.29949E+07	0.16363E+07
2000	127	0.29071E+07	0.15929E+07
2000	128	0.28238E+07	0.15491E+07
2000	129	0.27504E+07	0.15164E+07
2000	130	0.26832E+07	0.14858E+07
2000	131	0.26073E+07	0.14466E+07
2000	132	0.25221E+07	0.14031E+07
2000	133	0.24414E+07	0.13638E+07
2000	134	0.23705E+07	0.13296E+07
2000	135	0.22990E+07	0.12905E+07
2000	136	0.22252E+07	0.12517E+07
2000	137	0.21539E+07	0.12139E+07
2000	138	0.20853E+07	0.11792E+07
2000	139	0.20203E+07	0.11465E+07
2000	140	0.19577E+07	0.11151E+07
2000	141	0.18947E+07	0.10829E+07
2000	142	0.18326E+07	0.10499E+07
2000	143	0.17754E+07	0.10176E+07
2000	144	0.17228E+07	0.98761E+06
2000	145	0.16747E+07	0.96138E+06
2000	146	0.16226E+07	0.93272E+06
2000	147	0.15691E+07	0.90419E+06
2000	148	0.15151E+07	0.87693E+06
2000	149	0.14635E+07	0.85040E+06
2000	150	0.14171E+07	0.82632E+06
2000	151	0.13745E+07	0.80411E+06
2000	152	0.13309E+07	0.77622E+06
2000	153	0.12867E+07	0.72063E+06
2000	154	0.12460E+07	0.67800E+06
2000	155	0.12100E+07	0.66085E+06
2000	156	0.11796E+07	0.64702E+06
2000	157	0.11533E+07	0.63479E+06
2000	158	0.11309E+07	0.62304E+06
2000	159	0.11077E+07	0.61210E+06
2000	160	0.10795E+07	0.60028E+06
2000	161	0.10486E+07	0.58594E+06
2000	162	0.10184E+07	0.57246E+06
2000	163	0.98919E+06	0.55868E+06
2000	164	0.95950E+06	0.54396E+06
2000	165	0.93351E+06	0.53125E+06
2000	166	0.91109E+06	0.52121E+06
2000	167	0.88878E+06	0.50986E+06
2000	168	0.86316E+06	0.49718E+06
2000	169	0.83672E+06	0.48361E+06
2000	170	0.80961E+06	0.47114E+06
2000	171	0.78422E+06	0.45958E+06
2000	172	0.75922E+06	0.44766E+06
2000	173	0.73419E+06	0.43530E+06
2000	174	0.70964E+06	0.42348E+06
2000	175	0.68788E+06	0.41222E+06
2000	176	0.67021E+06	0.40209E+06
2000	177	0.65214E+06	0.39291E+06
2000	178	0.63605E+06	0.38497E+06
2000	179	0.62062E+06	0.37803E+06
2000	180	0.60439E+06	0.37096E+06
2000	181	0.58813E+06	0.36262E+06
2000	182	0.56919E+06	0.35379E+06
2000	183	0.53771E+06	0.34526E+06
2000	184	0.48610E+06	0.33768E+06
2000	185	0.47301E+06	0.33080E+06
2000	186	0.46266E+06	0.32383E+06
2000	187	0.45282E+06	0.31709E+06
2000	188	0.44387E+06	0.31117E+06
2000	189	0.43454E+06	0.30466E+06
2000	190	0.42511E+06	0.29836E+06
2000	191	0.41647E+06	0.29257E+06
2000	192	0.40865E+06	0.28710E+06
2000	193	0.40082E+06	0.28147E+06
2000	194	0.39308E+06	0.27607E+06
2000	195	0.38662E+06	0.27171E+06
2000	196	0.38073E+06	0.26808E+06
2000	197	0.37470E+06	0.26375E+06
2000	198	0.36838E+06	0.25950E+06
2000	199	0.36258E+06	0.25555E+06
2000	200	0.35741E+06	0.25195E+06
2000	201	0.35200E+06	0.24828E+06
2000	202	0.34629E+06	0.24447E+06
2000	203	0.34076E+06	0.24067E+06
2000	204	0.33512E+06	0.23685E+06
2000	205	0.32944E+06	0.23299E+06
2000	206	0.32406E+06	0.22935E+06
2000	207	0.31850E+06	0.22524E+06
2000	208	0.31243E+06	0.22089E+06
2000	209	0.30610E+06	0.21644E+06
2000	210	0.29935E+06	0.21158E+06
2000	211	0.29319E+06	0.20669E+06
2000	212	0.28781E+06	0.20213E+06
2000	213	0.28204E+06	0.19786E+06
2000	214	0.27575E+06	0.19326E+06
2000	215	0.26964E+06	0.18899E+06
2000	216	0.26384E+06	0.18480E+06
2000	217	0.25914E+06	0.18094E+06
2000	218	0.25555E+06	0.17806E+06
2000	219	0.25226E+06	0.17565E+06
2000	220	0.26583E+06	0.17274E+06
2000	221	0.30942E+06	0.17068E+06
2000	222	0.32803E+06	0.16848E+06
2000	223	0.32654E+06	0.16523E+06
2000	224	0.32044E+06	0.16130E+06
2000	225	0.31369E+06	0.15738E+06
2000	226	0.30571E+06	0.15324E+06
2000	227	0.29751E+06	0.14905E+06
2000	228	0.28928E+06	0.14474E+06
2000	229	0.28103E+06	0.14019E+06
2000	230	0.27274E+06	0.13566E+06
2000	231	0.26465E+06	0.13132E+06
2000	232	0.25692E+06	0.12025E+06
2000	233	0.24901E+06	0.84949E+05
2000	234	0.24085E+06	0.60648E+05
2000	235	0.23265E+06	0.57586E+05
2000	236	0.22451E+06	0.55371E+05
2000	237	0.21648E+06	0.53263E+05
2000	238	0.20869E+06	0.51241E+05
2000	239	0.20152E+06	0.49277E+05
2000	240	0.19549E+06	0.47673E+05
2000	241	0.19071E+06	0.46449E+05
2000	242	0.18579E+06	0.45170E+05
2000	243	0.17993E+06	0.43614E+05
2000	244	0.17413E+06	0.42031E+05
2000	245	0.16852E+06	0.40519E+05
2000	246	0.16337E+06	0.39070E+05
2000	247	0.15737E+06	0.37478E+05
2000	248	0.15133E+06	0.35845E+05
2000	249	0.14624E+06	0.34296E+05
2000	250	0.15294E+06	0.32479E+05
2000	251	0.16173E+06	0.26459E+05
2000	252	0.15919E+06	0.13202E+05
2000	253	0.15375E+06	0.61902E+03
2000	254	0.14753E+06	0.19960E+02
2000	255	0.14085E+06	0.70661E+00
2000	256	0.13417E+06	0.25750E-01
2000	257	0.12661E+06	0.94616E-03
2000	258	0.10025E+06	0.34847E-04
2000	259	0.61133E+05	0.12842E-05
2000	260	0.56199E+05	0.47335E-07
2000	261	0.53491E+05	0.17448E-08
2000	262	0.50906E+05	0.64317E-10
2000	263	0.48467E+05	0.23709E-11
2000	264	0.46189E+05	0.87394E-13
2000	265	0.43955E+05	0.32215E-14
2000	266	0.41829E+05	0.11875E-15
2000	267	0.39871E+05	0.43774E-17
2000	268	0.37981E+05	0.16136E-18
2000	269	0.36157E+05	0.59481E-20
2000	270	0.34399E+05	0.21926E-21
2000	271	0.32648E+05	0.80822E-23
2000	272	0.29013E+05	0.29793E-24
2000	273	0.27558E+05	0.10982E-25
2000	274	0.36310E+05	0.40482E-27
2000	275	0.40487E+05	0.14923E-28
2000	276	0.43495E+05	0.55008E-30
2000	277	0.43872E+05	0.20277E-31
2000	278	0.46252E+05	0.74745E-33
2000	279	0.71496E+05	0.27552E-34
2000	280	0.15107E+06	0.27907E+04
2000	281	0.20445E+06	0.40646E+05
2000	282	0.25655E+06	0.89968E+05
2000	283	0.31151E+06	0.14440E+06
2000	284	0.31523E+06	0.14660E+06
2000	285	0.31207E+06	0.14533E+06
2000	286	0.32147E+06	0.15322E+06
2000	287	0.33433E+06	0.17388E+06
2000	288	0.36255E+06	0.20001E+06
2000	289	0.46212E+06	0.22841E+06
2000	290	0.66718E+06	0.30454E+06
2000	291	0.82039E+06	0.37761E+06
2000	292	0.87085E+06	0.37467E+06
2000	293	0.85800E+06	0.36242E+06
2000	294	0.83652E+06	0.34932E+06
2000	295	0.81825E+06	0.33614E+06
2000	296	0.79526E+06	0.32278E+06
2000	297	0.76803E+06	0.30854E+06
2000	298	0.73923E+06	0.29493E+06
2000	299	0.71080E+06	0.28279E+06
2000	300	0.68699E+06	0.27198E+06
2000	301	0.69860E+06	0.26269E+06
2000	302	0.82894E+06	0.25669E+06
2000	303	0.93797E+06	0.25441E+06
2000	304	0.95856E+06	0.24780E+06
2000	305	0.97220E+06	0.24011E+06
2000	306	0.10361E+07	0.24390E+06
2000	307	0.11805E+07	0.28820E+06
2000	308	0.13602E+07	0.36229E+06
2000	309	0.16045E+07	0.44844E+06
2000	310	0.19361E+07	0.59642E+06
2000	311	0.22608E+07	0.72425E+06
2000	312	0.28275E+07	0.82725E+06
2000	313	0.30660E+07	0.84763E+06
2000	314	0.31452E+07	0.83650E+06
2000	315	0.36578E+07	0.98747E+06
2000	316	0.47393E+07	0.13459E+07
2000	317	0.52253E+07	0.17234E+07
2000	318	0.57990E+07	0.20024E+07
2000	319	0.65887E+07	0.22887E+07
2000	320	0.74705E+07	0.26665E+07
2000	321	0.78418E+07	0.30700E+07
2000	322	0.82164E+07	0.35623E+07
2000	323	0.89369E+07	0.39631E+07
2000	324	0.99514E+07	0.42698E+07
2000	325	0.10794E+08	0.45694E+07
2000	326	0.11510E+08	0.49997E+07
2000	327	0.11787E+08	0.52393E+07
2000	328	0.11628E+08	0.51081E+07
2000	329	0.11234E+08	0.48943E+07
2000	330	0.10758E+08	0.46699E+07
2000	331	0.10199E+08	0.44489E+07
2000	332	0.96604E+07	0.42355E+07
2000	333	0.91485E+07	0.40376E+07
2000	334	0.86985E+07	0.38730E+07
2000	335	0.86794E+07	0.39495E+07
2001	1	0.10213E+08	0.46816E+07
2001	2	0.12627E+08	0.59635E+07
2001	3	0.15626E+08	0.75117E+07
2001	4	0.17360E+08	0.84725E+07
2001	5	0.18712E+08	0.92243E+07
2001	6	0.18549E+08	0.91310E+07
2001	7	0.18128E+08	0.89427E+07
2001	8	0.17630E+08	0.87320E+07
2001	9	0.17146E+08	0.85314E+07
2001	10	0.16750E+08	0.83015E+07
2001	11	0.16431E+08	0.81106E+07
2001	12	0.16045E+08	0.79069E+07
2001	13	0.15597E+08	0.76944E+07
2001	14	0.15135E+08	0.74858E+07
2001	15	0.14600E+08	0.72713E+07
2001	16	0.13998E+08	0.70433E+07
2001	17	0.13514E+08	0.68507E+07
2001	18	0.13587E+08	0.67830E+07
2001	19	0.14071E+08	0.69390E+07
2001	20	0.15892E+08	0.81695E+07
2001	21	0.19067E+08	0.10779E+08
2001	22	0.24224E+08	0.13978E+08
2001	23	0.28202E+08	0.17075E+08
2001	24	0.31672E+08	0.20489E+08
2001	25	0.34683E+08	0.23581E+08
2001	26	0.35850E+08	0.25702E+08
2001	27	0.35032E+08	0.26074E+08
2001	28	0.34860E+08	0.26150E+08
2001	29	0.35341E+08	0.26205E+08
2001	30	0.39196E+08	0.26407E+08
2001	31	0.42797E+08	0.25463E+08
