Year, day, hour, totallakeinflow(m**3/timestep), totallakeoutflow(m**3/timestep), totallakeprecip(m**3/timestep), totallakeevap(m**3/timestep), lakevol(m**3)
  2000     1     1   13202928.000   13202886.000         17.831         57.832        115.433
  2000     2     1   15080397.000   15080514.000        158.639         40.522        115.433
  2000     3     1   14088786.000   14088823.000         89.364         52.419        115.433
  2000     4     1   14250224.000   14250227.000         53.008         50.484        115.433
  2000     5     1   15063680.000   15063810.000        167.756         38.102        115.433
  2000     6     1   15381944.000   15382042.000        135.447         35.463        115.433
  2000     7     1   15762149.000   15762220.000        115.540         42.733        115.433
  2000     8     1   16352173.000   16352208.000         80.791         43.785        115.433
  2000     9     1   16687554.000   16687568.000         56.069         40.441        115.433
  2000    10     1   16814356.000   16814330.000         21.897         49.195        115.433
  2000    11     1   17050054.000   17050016.000         11.243         50.035        115.433
  2000    12     1   17341364.000   17341324.000         12.889         51.532        115.433
  2000    13     1   17635356.000   17635318.000         15.294         54.506        115.433
  2000    14     1   17863568.000   17863520.000         12.496         56.393        115.433
  2000    15     1   18074602.000   18074552.000          6.579         56.425        115.433
  2000    16     1   18270604.000   18270550.000          5.499         56.034        115.433
  2000    17     1   18452084.000   18452078.000         49.003         53.486        115.433
  2000    18     1   18659286.000   18659344.000        102.301         42.465        115.433
  2000    19     1   18902004.000   18902108.000        130.958         26.271        115.433
  2000    20     1   19133552.000   19133532.000         25.851         46.823        115.433
  2000    21     1   19325160.000   19325120.000         14.459         52.777        115.433
  2000    22     1   19503000.000   19502952.000          5.303         54.208        115.433
  2000    23     1   19663270.000   19663218.000          3.167         53.706        115.433
  2000    24     1   19805108.000   19805062.000          7.586         55.016        115.433
  2000    25     1   19929498.000   19929452.000         10.605         54.743        115.433
  2000    26     1   20039208.000   20039162.000          8.887         54.636        115.433
  2000    27     1   20135352.000   20135316.000         16.670         52.426        115.433
  2000    28     1   20241812.000   20241852.000         86.566         47.427        115.433
  2000    29     1   20530552.000   20530680.000        169.299         41.223        115.433
  2000    30     1   20560202.000   20560288.000        121.406         32.172        115.433
  2000    31     1   20749234.000   20749284.000         94.047         40.074        115.433
  2000    32     1   20930240.000   20930230.000         35.252         42.569        115.433
  2000    33     1   21095296.000   21095260.000         16.129         49.087        115.433
  2000    34     1   21243792.000   21243748.000          7.856         52.645        115.433
  2000    35     1   21375050.000   21374998.000          4.444         55.298        115.433
  2000    36     1   21490260.000   21490212.000          5.941         54.446        115.433
  2000    37     1   21589606.000   21589554.000          1.694         53.608        115.433
  2000    38     1   21685538.000   21685546.000         54.085         44.048        115.433
  2000    39     1   22498202.000   22498326.000        152.426         29.097        115.433
  2000    40     1   22256722.000   22256868.000        176.498         28.843        115.433
  2000    41     1   24670256.000   24670432.000        195.820         18.495        115.433
  2000    42     1   24988308.000   24988448.000        165.650         24.104        115.433
  2000    43     1   23188858.000   23188970.000        143.965         32.413        115.433
  2000    44     1   24202934.000   24203080.000        171.830         25.963        115.433
  2000    45     1   39334612.000   39334808.000        219.085         21.916        115.433
  2000    46     1   25162660.000   25162680.000         59.874         37.859        115.433
  2000    47     1   25235300.000   25235276.000         19.982         42.410        115.433
  2000    48     1   25509816.000   25509768.000          5.106         49.575        115.433
  2000    49     1   25899260.000   25899216.000          6.137         49.658        115.433
  2000    50     1   26257704.000   26257664.000         10.533         48.912        115.433
  2000    51     1   26598584.000   26598542.000         13.379         53.720        115.433
  2000    52     1   26869848.000   26869810.000         11.023         45.897        115.433
  2000    53     1   27116916.000   27116866.000          5.941         51.059        115.433
  2000    54     1   27343410.000   27343362.000          4.444         51.832        115.433
  2000    55     1   27544382.000   27544334.000          5.499         52.063        115.433
  2000    56     1   27721160.000   27721116.000          7.414         51.853        115.433
  2000    57     1   27875604.000   27875556.000          4.247         53.806        115.433
  2000    58     1   28010264.000   28010220.000          7.831         49.952        115.433
  2000    59     1   28128376.000   28128336.000         10.164         48.747        115.433
  2000    60     1   28230956.000   28230912.000          7.217         50.404        115.433
  2000    61     1   28317772.000   28317718.000          1.473         52.198        115.433
  2000    62     1   28389630.000   28389580.000          2.111         50.745        115.433
  2000    63     1   28449014.000   28448976.000          8.887         48.201        115.433
  2000    64     1   28498732.000   28498696.000          3.609         36.935        115.433
  2000    65     1   28539214.000   28539176.000          3.805         37.596        115.433
  2000    66     1   28571104.000   28571070.000          6.531         38.609        115.433
  2000    67     1   28594906.000   28594872.000          8.225         40.977        115.433
  2000    68     1   28610598.000   28610558.000          8.445         47.864        115.433
  2000    69     1   28618382.000   28618340.000          5.523         45.162        115.433
  2000    70     1   28618684.000   28618652.000         17.136         47.904        115.433
  2000    71     1   28613068.000   28613028.000          9.132         48.478        115.433
  2000    72     1   28601256.000   28601212.000          5.941         47.026        115.433
  2000    73     1   28584596.000   28584572.000         13.158         34.134        115.433
  2000    74     1   28561928.000   28561878.000          3.609         50.608        115.433
  2000    75     1   28533694.000   28533652.000          6.137         49.462        115.433
  2000    76     1   28499840.000   28499804.000         12.520         47.628        115.433
  2000    77     1   28461492.000   28461452.000          8.887         45.300        115.433
  2000    78     1   28418754.000   28418716.000          8.273         44.259        115.433
  2000    79     1   28371728.000   28371696.000         13.600         47.377        115.433
  2000    80     1   28328344.000   28328348.000         45.047         40.926        115.433
  2000    81     1   28280192.000   28280176.000         23.152         39.186        115.433
  2000    82     1   28228536.000   28228490.000          2.922         50.114        115.433
  2000    83     1   28172692.000   28172650.000          4.174         44.608        115.433
  2000    84     1   28113180.000   28113144.000          4.002         38.581        115.433
  2000    85     1   28049208.000   28049158.000          0.000         48.336        115.433
  2000    86     1   27980804.000   27980752.000          0.000         51.283        115.433
  2000    87     1   27908380.000   27908332.000          0.000         47.747        115.433
  2000    88     1   27832738.000   27832698.000          1.694         40.280        115.433
  2000    89     1   27754308.000   27754272.000          5.499         40.409        115.433
  2000    90     1   27673148.000   27673112.000          4.664         40.726        115.433
  2000    91     1   27589488.000   27589452.000          2.332         37.098        115.433
  2000    92     1   27503204.000   27503164.000          0.638         39.607        115.433
  2000    93     1   27414378.000   27414336.000          0.638         41.836        115.433
  2000    94     1   27322932.000   27322886.000          0.000         44.381        115.433
  2000    95     1   27229040.000   27228996.000          0.000         44.489        115.433
  2000    96     1   27132692.000   27132646.000          0.000         45.400        115.433
  2000    97     1   27033594.000   27033542.000          0.000         49.653        115.433
  2000    98     1   26931932.000   26931882.000          0.000         49.469        115.433
  2000    99     1   26827896.000   26827846.000          0.000         49.738        115.433
  2000   100     1   26721868.000   26721824.000          0.000         44.166        115.433
  2000   101     1   26614242.000   26614200.000          0.417         42.788        115.433
  2000   102     1   26505238.000   26505198.000          0.000         39.184        115.433
  2000   103     1   26394674.000   26394628.000          0.000         47.506        115.433
  2000   104     1   26282756.000   26282708.000          0.000         46.272        115.433
  2000   105     1   26169490.000   26169440.000          0.000         47.119        115.433
  2000   106     1   26054748.000   26054698.000          0.000         48.792        115.433
  2000   107     1   25938512.000   25938460.000          0.000         49.173        115.433
  2000   108     1   25821008.000   25820960.000          0.000         47.930        115.433
  2000   109     1   25702676.000   25702634.000          0.638         41.247        115.433
  2000   110     1   25583452.000   25583408.000          0.000         42.672        115.433
  2000   111     1   25463760.000   25463726.000          4.444         36.801        115.433
  2000   112     1   25343784.000   25343752.000          3.609         32.304        115.433
  2000   113     1   25223408.000   25223372.000          0.000         33.923        115.433
  2000   114     1   25102444.000   25102400.000          0.000         41.380        115.433
  2000   115     1   24981152.000   24981116.000          0.000         36.287        115.433
  2000   116     1   24859350.000   24859304.000          0.000         42.690        115.433
  2000   117     1   24736954.000   24736908.000          0.000         45.631        115.433
  2000   118     1   24614004.000   24613956.000          0.000         47.317        115.433
  2000   119     1   24490612.000   24490564.000          0.000         43.520        115.433
  2000   120     1   24366856.000   24366818.000          0.000         39.871        115.433
  2000   121     1   24242744.000   24242702.000          0.000         41.647        115.433
  2000   122     1   24118376.000   24118334.000          0.000         40.074        115.433
  2000   123     1   23993632.000   23993584.000          0.000         47.148        115.433
  2000   124     1   23868772.000   23868728.000          0.000         41.437        115.433
  2000   125     1   23743932.000   23743892.000          0.000         37.378        115.433
  2000   126     1   23619186.000   23619148.000          0.000         35.646        115.433
  2000   127     1   23494490.000   23494448.000          0.000         40.363        115.433
  2000   128     1   23369968.000   23369934.000          0.000         35.415        115.433
  2000   129     1   23245752.000   23245724.000          1.891         29.801        115.433
  2000   130     1   23121722.000   23121686.000          0.000         34.551        115.433
  2000   131     1   22997758.000   22997714.000          0.000         41.955        115.433
  2000   132     1   22873886.000   22873842.000          0.000         42.214        115.433
  2000   133     1   22750244.000   22750208.000          0.835         35.317        115.433
  2000   134     1   22626790.000   22626752.000          0.638         37.306        115.433
  2000   135     1   22503488.000   22503446.000          0.000         40.164        115.433
  2000   136     1   22380360.000   22380316.000          0.000         41.881        115.433
  2000   137     1   22257436.000   22257394.000          0.000         41.032        115.433
  2000   138     1   22134750.000   22134708.000          0.000         41.010        115.433
  2000   139     1   22012332.000   22012288.000          0.000         40.078        115.433
  2000   140     1   21890178.000   21890136.000          0.000         41.180        115.433
  2000   141     1   21768282.000   21768238.000          0.000         43.004        115.433
  2000   142     1   21646664.000   21646624.000          0.000         39.161        115.433
  2000   143     1   21525336.000   21525292.000          0.000         43.094        115.433
  2000   144     1   21404394.000   21404356.000          0.638         35.958        115.433
  2000   145     1   21283778.000   21283734.000          0.000         43.048        115.433
  2000   146     1   21163480.000   21163434.000          0.000         43.939        115.433
  2000   147     1   21043502.000   21043456.000          0.000         44.289        115.433
  2000   148     1   20923844.000   20923798.000          0.000         44.341        115.433
  2000   149     1   20804548.000   20804502.000          0.000         43.262        115.433
  2000   150     1   20685660.000   20685618.000          0.000         41.190        115.433
  2000   151     1   20567172.000   20567130.000          0.000         43.174        115.433
  2000   152     1   20449056.000   20449010.000          0.000         43.926        115.433
  2000   153     1   20331340.000   20331296.000          0.000         43.116        115.433
  2000   154     1   20214002.000   20213960.000          0.000         40.523        115.433
  2000   155     1   20097024.000   20096992.000          0.417         34.447        115.433
  2000   156     1   19980440.000   19980408.000          0.000         31.295        115.433
  2000   157     1   19864408.000   19864376.000          0.638         29.155        115.433
  2000   158     1   19748942.000   19748916.000          1.056         26.800        115.433
  2000   159     1   19634012.000   19633978.000          1.056         33.046        115.433
  2000   160     1   19519568.000   19519524.000          0.000         41.374        115.433
  2000   161     1   19405608.000   19405564.000          0.000         41.711        115.433
  2000   162     1   19292148.000   19292108.000          0.000         38.831        115.433
  2000   163     1   19179162.000   19179116.000          0.000         43.628        115.433
  2000   164     1   19066668.000   19066626.000          0.000         41.196        115.433
  2000   165     1   18954722.000   18954690.000          2.308         33.133        115.433
  2000   166     1   18843314.000   18843280.000          0.000         33.404        115.433
  2000   167     1   18732414.000   18732372.000          0.638         40.401        115.433
  2000   168     1   18622004.000   18621958.000          0.000         44.382        115.433
  2000   169     1   18512076.000   18512030.000          0.000         45.128        115.433
  2000   170     1   18402648.000   18402604.000          1.056         42.678        115.433
  2000   171     1   18293716.000   18293676.000          0.000         41.490        115.433
  2000   172     1   18185274.000   18185226.000          0.000         46.588        115.433
  2000   173     1   18077324.000   18077276.000          0.000         48.371        115.433
  2000   174     1   17969866.000   17969816.000          0.000         48.844        115.433
  2000   175     1   17862950.000   17862910.000          0.000         37.968        115.433
  2000   176     1   17756560.000   17756514.000          0.638         43.565        115.433
  2000   177     1   17650714.000   17650672.000          1.277         41.404        115.433
  2000   178     1   17545424.000   17545384.000          1.056         38.235        115.433
  2000   179     1   17440684.000   17440644.000          0.417         39.858        115.433
  2000   180     1   17336480.000   17336434.000          0.000         45.064        115.433
  2000   181     1   17232802.000   17232752.000          0.000         48.450        115.433
  2000   182     1   17129644.000   17129594.000          0.000         49.334        115.433
  2000   183     1   17027020.000   17026972.000          0.000         46.844        115.433
  2000   184     1   16924944.000   16924896.000          0.000         44.737        115.433
  2000   185     1   16823334.000   16823286.000          0.000         46.320        115.433
  2000   186     1   16722030.000   16721980.000          0.000         49.589        115.433
  2000   187     1   16621300.000   16621258.000          0.638         40.653        115.433
  2000   188     1   16521130.000   16521080.000          0.000         49.286        115.433
  2000   189     1   16421514.000   16421463.000          0.000         50.744        115.433
  2000   190     1   16322452.000   16322402.000          0.000         50.405        115.433
  2000   191     1   16223954.000   16223906.000          0.638         45.672        115.433
  2000   192     1   16126015.000   16125968.000          0.000         45.725        115.433
  2000   193     1   16028628.000   16028579.000          0.000         48.688        115.433
  2000   194     1   15931798.000   15931751.000          0.000         46.245        115.433
  2000   195     1   15835544.000   15835506.000          0.638         36.726        115.433
  2000   196     1   15739848.000   15739796.000          0.000         50.618        115.433
  2000   197     1   15644706.000   15644652.000          0.000         52.302        115.433
  2000   198     1   15550118.000   15550064.000          0.000         52.469        115.433
  2000   199     1   15456087.000   15456033.000          0.000         52.103        115.433
  2000   200     1   15362610.000   15362557.000          0.000         51.783        115.433
  2000   201     1   15269679.000   15269625.000          0.000         52.524        115.433
  2000   202     1   15177291.000   15177238.000          0.000         51.835        115.433
  2000   203     1   15085442.000   15085391.000          0.000         50.095        115.433
  2000   204     1   14994128.000   14994076.000          0.000         52.242        115.433
  2000   205     1   14903352.000   14903308.000          0.417         44.959        115.433
  2000   206     1   14813103.000   14813053.000          0.000         49.632        115.433
  2000   207     1   14723376.000   14723326.000          0.000         48.268        115.433
  2000   208     1   14634164.000   14634112.000          0.000         51.090        115.433
  2000   209     1   14545460.000   14545406.000          0.000         52.599        115.433
  2000   210     1   14457258.000   14457206.000          0.000         53.012        115.433
  2000   211     1   14369582.000   14369543.000          9.574         46.741        115.433
  2000   212     1   14282388.000   14282340.000          2.970         48.964        115.433
  2000   213     1   14195700.000   14195644.000          0.000         55.883        115.433
  2000   214     1   14109512.000   14109456.000          0.000         53.621        115.433
  2000   215     1   14023816.000   14023764.000          0.000         50.335        115.433
  2000   216     1   13938644.000   13938611.000         15.097         47.434        115.433
  2000   217     1   13853966.000   13853937.000         14.903         43.191        115.433
  2000   218     1   13769762.000   13769743.000          4.444         23.008        115.433
  2000   219     1   13686146.000   13686137.000         32.109         39.873        115.433
  2000   220     1   13604017.000   13604122.000        137.033         31.425        115.433
  2000   221     1   13521784.000   13521800.000         44.433         27.445        115.433
  2000   222     1   13439548.000   13439505.000          1.915         44.790        115.433
  2000   223     1   13358376.000   13358323.000          0.638         52.649        115.433
  2000   224     1   13277665.000   13277618.000          0.000         46.205        115.433
  2000   225     1   13197400.000   13197347.000          0.000         52.462        115.433
  2000   226     1   13117578.000   13117524.000          0.000         53.279        115.433
  2000   227     1   13038194.000   13038140.000          0.000         53.991        115.433
  2000   228     1   12959246.000   12959190.000          0.000         55.508        115.433
  2000   229     1   12880728.000   12880672.000          0.000         55.025        115.433
  2000   230     1   12802640.000   12802583.000          0.000         56.470        115.433
  2000   231     1   12724984.000   12724930.000          0.000         53.522        115.433
  2000   232     1   12647754.000   12647696.000          0.000         57.196        115.433
  2000   233     1   12570902.000   12570842.000          0.000         59.122        115.433
  2000   234     1   12494288.000   12494226.000          0.000         59.923        115.433
  2000   235     1   12418011.000   12417950.000          0.000         60.445        115.433
  2000   236     1   12342163.000   12342102.000          0.000         60.925        115.433
  2000   237     1   12266744.000   12266683.000          0.000         58.992        115.433
  2000   238     1   12191750.000   12191692.000          0.000         56.867        115.433
  2000   239     1   12117188.000   12117134.000          0.638         53.233        115.433
  2000   240     1   12043064.000   12043020.000          0.835         45.381        115.433
  2000   241     1   11969396.000   11969360.000          7.169         42.166        115.433
  2000   242     1   11896130.000   11896072.000          0.000         56.693        115.433
  2000   243     1   11823300.000   11823245.000          0.000         54.813        115.433
  2000   244     1   11750894.000   11750841.000          0.638         52.638        115.433
  2000   245     1   11678912.000   11678868.000          0.000         43.677        115.433
  2000   246     1   11607346.000   11607290.000          0.000         55.001        115.433
  2000   247     1   11536190.000   11536134.000          0.638         55.688        115.433
  2000   248     1   11465454.000   11465402.000          5.523         55.851        115.433
  2000   249     1   11395648.000   11395682.000         90.586         55.944        115.433
  2000   250     1   11326021.000   11326058.000         76.351         38.675        115.433
  2000   251     1   11256130.000   11256078.000          5.744         56.714        115.433
  2000   252     1   11187202.000   11187143.000          0.000         59.711        115.433
  2000   253     1   11118654.000   11118591.000          0.000         62.516        115.433
  2000   254     1   11050358.000   11050292.000          0.000         64.625        115.433
  2000   255     1   10982458.000   10982392.000          0.000         65.423        115.433
  2000   256     1   10914950.000   10914884.000          0.000         65.915        115.433
  2000   257     1   10847837.000   10847770.000          0.000         66.434        115.433
  2000   258     1   10781115.000   10781052.000          0.000         63.432        115.433
  2000   259     1   10714742.000   10714676.000          0.000         64.925        115.433
  2000   260     1   10648501.000   10648436.000          0.000         63.673        115.433
  2000   261     1   10582665.000   10582599.000          0.000         65.515        115.433
  2000   262     1   10517234.000   10517170.000          0.000         63.229        115.433
  2000   263     1   10452204.000   10452143.000          0.000         61.264        115.433
  2000   264     1   10387574.000   10387514.000          0.000         60.958        115.433
  2000   265     1   10323343.000   10323281.000          1.473         62.661        115.433
  2000   266     1   10259516.000   10259461.000          6.162         60.582        115.433
  2000   267     1   10196067.000   10196006.000          1.277         62.635        115.433
  2000   268     1   10133018.000   10132956.000          1.056         61.766        115.433
  2000   269     1   10070358.000   10070297.000          0.638         60.953        115.433
  2000   270     1   10008086.000   10008022.000          0.000         63.363        115.433
  2000   271     1    9946199.000    9946141.000          0.638         59.391        115.433
  2000   272     1    9884724.000    9884684.000         15.711         55.647        115.433
  2000   273     1    9824455.000    9824554.000        128.491         28.382        115.433
  2000   274     1    9764053.000    9764098.000         80.204         34.487        115.433
  2000   275     1    9703854.000    9703894.000         71.835         31.417        115.433
  2000   276     1    9643192.000    9643170.000         24.746         45.442        115.433
  2000   277     1    9583619.000    9583591.000         24.501         51.318        115.433
  2000   278     1    9525490.000    9525565.000        114.697         38.719        115.433
  2000   279     1   15412186.000   15412450.000        283.426         19.725        115.433
  2000   280     1    9410609.000    9410798.000        208.706         19.700        115.433
  2000   281     1    9354065.000    9354250.000        217.061         31.708        115.433
  2000   282     1    9298842.000    9299001.000        183.933         25.020        115.433
  2000   283     1    9242456.000    9242438.000         14.828         32.217        115.433
  2000   284     1    9187833.000    9187801.000          9.329         41.072        115.433
  2000   285     1    9135011.000    9135055.000         81.853         36.812        115.433
  2000   286     1    9080984.000    9080987.000         46.008         42.360        115.433
  2000   287     1    9028453.000    9028525.000        117.407         45.345        115.433
  2000   288     1    8976249.000    8976307.000         96.899         38.220        115.433
  2000   289     1    8926184.000    8926383.000        234.282         34.633        115.433
  2000   290     1    8878280.000    8878502.000        248.574         25.558        115.433
  2000   291     1    8829751.000    8829762.000         59.505         47.128        115.433
  2000   292     1    8781848.000    8781793.000          3.191         56.908        115.433
  2000   293     1    8734649.000    8734603.000         12.962         58.889        115.433
  2000   294     1    8687575.000    8687546.000         24.008         53.376        115.433
  2000   295     1    8640516.000    8640466.000          7.414         56.991        115.433
  2000   296     1    8593545.000    8593483.000          0.638         61.950        115.433
  2000   297     1    8546630.000    8546569.000          0.638         61.024        115.433
  2000   298     1    8499757.000    8499697.000          0.417         60.356        115.433
  2000   299     1    8452975.000    8452922.000          3.388         55.237        115.433
  2000   300     1    8406356.000    8406323.000         21.997         54.411        115.433
  2000   301     1    8361743.500    8361860.000        162.418         45.144        115.433
  2000   302     1    8317708.000    8317777.000        112.141         43.094        115.433
  2000   303     1    8272810.000    8272784.000         23.394         48.596        115.433
  2000   304     1    8229243.000    8229224.500         32.430         49.648        115.433
  2000   305     1    8186167.000    8186180.000         60.664         47.386        115.433
  2000   306     1    8144734.000    8144810.500        118.923         42.384        115.433
  2000   307     1    8104595.000    8104706.000        150.230         38.375        115.433
  2000   308     1    8066307.000    8066412.000        153.957         48.080        115.433
  2000   309     1    8333556.000    8333747.500        227.149         35.957        115.433
  2000   310     1    7999273.000    7999341.000        103.898         35.467        115.433
  2000   311     1    7972179.000    7972355.500        210.274         32.998        115.433
  2000   312     1    7946671.000    7946728.000         91.962         34.417        115.433
  2000   313     1    7920687.500    7920673.000         34.983         49.136        115.433
  2000   314     1    7897641.000    7897663.000         73.625         51.439        115.433
  2000   315     1   13250106.000   13250382.000        305.118         29.404        115.433
  2000   316     1    7878186.000    7878303.000        149.053         31.927        115.433
  2000   317     1    7874839.500    7874917.000        110.776         32.455        115.433
  2000   318     1    7878143.000    7878236.500        126.630         32.126        115.433
  2000   319     1    7889425.000    7889537.000        140.063         27.533        115.433
  2000   320     1    7905230.000    7905292.500         95.873         33.085        115.433
  2000   321     1    7927267.500    7927346.500        101.351         21.356        115.433
  2000   322     1    7952901.000    7952950.000         80.259         30.491        115.433
  2000   323     1    7988886.500    7988983.500        134.117         36.845        115.433
  2000   324     1    8029204.000    8029247.000         78.807         36.093        115.433
  2000   325     1    8077322.500    8077389.000        105.740         38.778        115.433
  2000   326     1    8129729.500    8129769.000         72.990         32.788        115.433
  2000   327     1    8177131.000    8177103.000         25.702         53.666        115.433
  2000   328     1    8221016.000    8220967.000          7.438         56.339        115.433
  2000   329     1    8260735.500    8260682.000          4.247         57.387        115.433
  2000   330     1    8295704.500    8295646.000          0.000         58.219        115.433
  2000   331     1    8325867.000    8325810.000          1.694         58.143        115.433
  2000   332     1    8351516.000    8351458.500          0.417         57.425        115.433
  2000   333     1    8373035.000    8372979.500          4.002         58.777        115.433
  2000   334     1    8391832.000    8391839.000         56.565         48.658        115.433
  2000   335     1    8426709.000    8426848.000        176.864         38.569        115.433
  2001     1     1    8475400.000    8475536.000        155.554         19.741        115.433
  2001     2     1   12072639.000   12072880.000        255.722         14.146        115.433
  2001     3     1    8652086.000    8652174.000        114.258         25.265        115.433
  2001     4     1    8765445.000    8765547.000        119.881         16.803        115.433
  2001     5     1    8871675.000    8871662.000         19.320         32.500        115.433
  2001     6     1    8973930.000    8973911.000         15.418         34.491        115.433
  2001     7     1    9070771.000    9070739.000          5.523         36.832        115.433
  2001     8     1    9162498.000    9162474.000         11.833         35.832        115.433
  2001     9     1    9250007.000    9249986.000         14.238         34.780        115.433
  2001    10     1    9334077.000    9334064.000         12.520         25.107        115.433
  2001    11     1    9414000.000    9413977.000          4.664         27.575        115.433
  2001    12     1    9489441.000    9489410.000          0.000         30.112        115.433
  2001    13     1    9560558.000    9560528.000          0.000         28.917        115.433
  2001    14     1    9627573.000    9627543.000          0.000         29.499        115.433
  2001    15     1    9689575.000    9689536.000          0.000         38.758        115.433
  2001    16     1    9746498.000    9746459.000          0.417         37.796        115.433
  2001    17     1    9804361.000    9804375.000         42.372         27.034        115.433
  2001    18     1    9867161.000    9867190.000         61.157         32.473        115.433
  2001    19     1    9933695.000    9933722.000         61.523         33.670        115.433
  2001    20     1   14191212.000   14191430.000        236.526         18.414        115.433
  2001    21     1   11042284.000   11042472.000        210.549         21.199        115.433
  2001    22     1   11913805.000   11914000.000        216.807         21.165        115.433
  2001    23     1   10822874.000   10822997.000        143.774         20.264        115.433
  2001    24     1   10877500.000   10877606.000        124.594         18.670        115.433
  2001    25     1   11217504.000   11217602.000        128.844         30.837        115.433
  2001    26     1   11475090.000   11475090.000         31.942         31.381        115.433
  2001    27     1   11786506.000   11786523.000         60.222         43.227        115.433
  2001    28     1   12048340.000   12048339.000         43.504         42.589        115.433
  2001    29     1   12372922.000   12372982.000         98.593         38.355        115.433
  2001    30     1   12901848.000   12901914.000        111.255         45.115        115.433
  2001    31     1   13075076.000   13075066.000         43.377         53.270        115.433
