Year, day, hour, outflow_r(m**3/timestep)
  2000     1     1    2640582.500    3166157.000    3952959.000    5260108.500    5028474.500
  2000     2     1    3016101.500    3616437.000    4515117.000    6008188.000    6083535.500
  2000     3     1    2817767.500    3378618.000    4218209.000    5613080.000    5429133.000
  2000     4     1    2850049.500    3417323.000    4266537.000    5677379.000    5458788.000
  2000     5     1    3012761.500    3612437.000    4510120.000    6001530.000    5782293.500
  2000     6     1    3076408.500    3688749.000    4605400.000    6128314.000    5957357.500
  2000     7     1    3152446.500    3779918.500    4719229.000    6279774.000    6074573.500
  2000     8     1    3270442.500    3921393.000    4895866.500    6514829.000    6315093.500
  2000     9     1    3337514.000    4001812.750    4996273.500    6648437.000    6431619.500
  2000    10     1    3362869.000    4032209.500    5034229.000    6698933.000    6423958.000
  2000    11     1    3410007.000    4088728.500    5104794.500    6792830.000    6487473.500
  2000    12     1    3468269.000    4158587.000    5192014.000    6908889.000    6591555.500
  2000    13     1    3527068.000    4229089.000    5280034.000    7026018.000    6703917.500
  2000    14     1    3572709.500    4283815.500    5348360.000    7116935.000    6783765.000
  2000    15     1    3614915.500    4334421.500    5411543.000    7201010.000    6859330.000
  2000    16     1    3654115.500    4381424.000    5470225.500    7279096.000    6931396.500
  2000    17     1    3690419.750    4424959.000    5524574.500    7351424.000    6998617.500
  2000    18     1    3731869.750    4474667.000    5586627.500    7434008.000    7076679.500
  2000    19     1    3780421.250    4532893.000    5659315.000    7530729.000    7162002.000
  2000    20     1    3826709.500    4588374.000    5728601.500    7622919.000    7246069.000
  2000    21     1    3865028.500    4634317.500    5785964.000    7699247.000    7311000.500
  2000    22     1    3900595.500    4676963.000    5839207.500    7770094.000    7373228.500
  2000    23     1    3932648.500    4715396.000    5887192.000    7833945.000    7429889.500
  2000    24     1    3961017.500    4749412.000    5929660.000    7890456.000    7479876.500
  2000    25     1    3985895.500    4779242.000    5966902.500    7940015.000    7523214.500
  2000    26     1    4007837.500    4805551.000    5999750.000    7983724.000    7561444.500
  2000    27     1    4027068.000    4828610.000    6028538.000    8022033.000    7594785.500
  2000    28     1    4048373.000    4854164.000    6060433.000    8064486.000    7631949.000
  2000    29     1    4106135.250    4923434.500    6146905.000    8179567.500    7770438.500
  2000    30     1    4112057.500    4930535.000    6155775.000    8191358.000    7745708.000
  2000    31     1    4149856.500    4975848.500    6212354.500    8266656.000    7819353.500
  2000    32     1    4186048.000    5019237.000    6266534.000    8338738.000    7890773.500
  2000    33     1    4219056.000    5058811.500    6315946.000    8404482.000    7955650.500
  2000    34     1    4248754.000    5094419.500    6360403.000    8463638.000    8014239.500
  2000    35     1    4275005.000    5125895.500    6399701.000    8515929.000    8066426.500
  2000    36     1    4298047.000    5153524.000    6434195.500    8561831.000    8112609.500
  2000    37     1    4317915.500    5177346.500    6463939.000    8601408.000    8152540.500
  2000    38     1    4337112.000    5200372.000    6492678.000    8639660.000    8191606.500
  2000    39     1    4499661.500    5395288.000    6736016.500    8963492.000    8654206.000
  2000    40     1    4451372.500    5337395.000    6663732.000    8867292.000    8330595.500
  2000    41     1    4934085.000    5916190.500    7386356.500    9828874.000    8501601.000
  2000    42     1    4997689.000    5992451.000    7481572.500    9955568.000    8617986.000
  2000    43     1    4637792.500    5560914.500    6942803.000    9238644.000    8820115.000
  2000    44     1    4840614.000    5804110.000    7246428.000    9642676.000    9210566.000
  2000    45     1    7866958.000    9432824.000   11776881.000   15671261.000   17999376.000
  2000    46     1    5032536.000    6034215.000    7533733.000   10024977.000    9626028.000
  2000    47     1    5047057.000    6051621.000    7555470.000   10053893.000    9573943.000
  2000    48     1    5101957.500    6117446.000    7637655.500   10163249.000    9643203.000
  2000    49     1    5179847.000    6210838.000    7754256.500   10318406.000    9791166.000
  2000    50     1    5251536.500    6296798.000    7861576.500   10461216.000    9929004.000
  2000    51     1    5319713.000    6378544.000    7963635.000   10597024.000   10063701.000
  2000    52     1    5373965.000    6443595.500    8044853.500   10705100.000   10164021.000
  2000    53     1    5423378.000    6502842.000    8118823.000   10803527.000   10256570.000
  2000    54     1    5468677.000    6557157.000    8186636.000   10893764.000   10343076.000
  2000    55     1    5508871.500    6605352.000    8246807.500   10973832.000   10420030.000
  2000    56     1    5544227.500    6647745.000    8299735.000   11044263.000   10487566.000
  2000    57     1    5575116.000    6684782.000    8345975.000   11105792.000   10546810.000
  2000    58     1    5602048.000    6717075.000    8386294.000   11159444.000   10598440.000
  2000    59     1    5625671.000    6745400.000    8421658.000   11206503.000   10643772.000
  2000    60     1    5646186.500    6769998.500    8452370.000   11247370.000   10683431.000
  2000    61     1    5663548.500    6790816.000    8478360.000   11281953.000   10717151.000
  2000    62     1    5677920.500    6808048.000    8499875.000   11310583.000   10745088.000
  2000    63     1    5689799.000    6822292.000    8517658.000   11334248.000   10768176.000
  2000    64     1    5699741.000    6834217.000    8532545.000   11354059.000   10787561.000
  2000    65     1    5707837.500    6843925.000    8544665.000   11370186.000   10803208.000
  2000    66     1    5714216.000    6851573.000    8554213.000   11382892.000   10815376.000
  2000    67     1    5718977.000    6857281.000    8561340.000   11392375.000   10824280.000
  2000    68     1    5722115.000    6861041.500    8566036.000   11398623.000   10829948.000
  2000    69     1    5723671.500    6862908.000    8568366.000   11401725.000   10832584.000
  2000    70     1    5723734.500    6862983.000    8568460.000   11401850.000   10832423.000
  2000    71     1    5722609.500    6861634.000    8566776.000   11399608.000   10830130.000
  2000    72     1    5720246.000    6858800.000    8563238.000   11394900.000   10825639.000
  2000    73     1    5716915.500    6854811.000    8558255.000   11388274.000   10819519.000
  2000    74     1    5712380.000    6849367.000    8551462.000   11379228.000   10811304.000
  2000    75     1    5706734.000    6842598.000    8543010.000   11367983.000   10801130.000
  2000    76     1    5699964.000    6834481.500    8532876.000   11354499.000   10788879.000
  2000    77     1    5692294.000    6825285.000    8521394.000   11339220.000   10775092.000
  2000    78     1    5683746.000    6815036.000    8508598.000   11322194.000   10759811.000
  2000    79     1    5674342.000    6803759.500    8494519.000   11303460.000   10743052.000
  2000    80     1    5665670.000    6793366.000    8481538.000   11286195.000   10729380.000
  2000    81     1    5656037.000    6781815.500    8467119.000   11267000.000   10713606.000
  2000    82     1    5645702.500    6769418.000    8451645.000   11246404.000   10696493.000
  2000    83     1    5634533.000    6756028.000    8434926.000   11224158.000   10677520.000
  2000    84     1    5622630.500    6741758.000    8417110.000   11200450.000   10656914.000
  2000    85     1    5609836.000    6726413.000    8397953.000   11174958.000   10634509.000
  2000    86     1    5596155.000    6710008.000    8377471.500   11147704.000   10610305.000
  2000    87     1    5581670.000    6692640.500    8355789.000   11118851.000   10584442.000
  2000    88     1    5566542.000    6674505.000    8333144.000   11088720.000   10557241.000
  2000    89     1    5550857.000    6655697.500    8309662.500   11057475.000   10528909.000
  2000    90     1    5534625.000    6636234.500    8285364.000   11025140.000   10499480.000
  2000    91     1    5517892.000    6616172.500    8260316.000   10991809.000   10468973.000
  2000    92     1    5500635.000    6595479.000    8234481.000   10957431.000   10437404.000
  2000    93     1    5482870.000    6574177.500    8207886.000   10922042.000   10404775.000
  2000    94     1    5464580.500    6552247.000    8180506.000   10885607.000   10371074.000
  2000    95     1    5445802.000    6529731.000    8152395.000   10848200.000   10336378.000
  2000    96     1    5426532.500    6506625.000    8123547.500   10809814.000   10300708.000
  2000    97     1    5406713.000    6482859.000    8093876.000   10770329.000   10263949.000
  2000    98     1    5386380.500    6458480.000    8063438.500   10729827.000   10226176.000
  2000    99     1    5365573.500    6433531.000    8032290.000   10688378.000   10187451.000
  2000   100     1    5344368.000    6408107.000    8000547.000   10646140.000   10147930.000
  2000   101     1    5322842.500    6382298.000    7968324.000   10603261.000   10107746.000
  2000   102     1    5301042.000    6356158.000    7935688.000   10559835.000   10067031.000
  2000   103     1    5278929.000    6329641.500    7902583.000   10515781.000   10025681.000
  2000   104     1    5256545.500    6302803.500    7869075.500   10471193.000    9983778.000
  2000   105     1    5233892.000    6275641.000    7835163.000   10426066.000    9941324.000
  2000   106     1    5210943.500    6248124.000    7800809.000   10380352.000    9898255.000
  2000   107     1    5187696.000    6220249.000    7766007.000   10334042.000    9854590.000
  2000   108     1    5164196.000    6192071.500    7730826.500   10287228.000    9810434.000
  2000   109     1    5140529.000    6163697.000    7695400.000   10240088.000    9765972.000
  2000   110     1    5116685.000    6135106.000    7659704.000   10192588.000    9721129.000
  2000   111     1    5092747.000    6106406.000    7623870.000   10144906.000    9676088.000
  2000   112     1    5068752.000    6077636.000    7587951.000   10097109.000    9630901.000
  2000   113     1    5044675.500    6048767.500    7551909.000   10049148.000    9585512.000
  2000   114     1    5020483.000    6019756.000    7515689.500   10000952.000    9539872.000
  2000   115     1    4996224.500    5990672.500    7479377.000    9952631.000    9494067.000
  2000   116     1    4971864.000    5961460.000    7442907.000    9904100.000    9448024.000
  2000   117     1    4947385.000    5932108.000    7406261.000    9855336.000    9401729.000
  2000   118     1    4922795.000    5902623.000    7369449.000    9806351.000    9355210.000
  2000   119     1    4898116.000    5873033.000    7332505.000    9757192.000    9308528.000
  2000   120     1    4873366.000    5843358.000    7295455.000    9707890.000    9261681.000
  2000   121     1    4848543.000    5813593.500    7258294.500    9658442.000    9214672.000
  2000   122     1    4823669.500    5783769.000    7221058.500    9608893.000    9167566.000
  2000   123     1    4798721.000    5753852.000    7183708.500    9559191.000    9120309.000
  2000   124     1    4773748.500    5723911.000    7146326.500    9509449.000    9072997.000
  2000   125     1    4748780.000    5693975.500    7108950.500    9459714.000    9025679.000
  2000   126     1    4723831.000    5664061.500    7071602.500    9410016.000    8978371.000
  2000   127     1    4698892.000    5634156.500    7034266.500    9360333.000    8931078.000
  2000   128     1    4673988.500    5604298.000    6996987.000    9310726.000    8883834.000
  2000   129     1    4649145.000    5574511.500    6959798.000    9261241.000    8836686.000
  2000   130     1    4624338.500    5544766.000    6922661.000    9211823.000    8789598.000
  2000   131     1    4599545.500    5515035.500    6885544.000    9162430.000    8742523.000
  2000   132     1    4574771.500    5485329.500    6848457.000    9113080.000    8695477.000
  2000   133     1    4550043.000    5455682.500    6811441.000    9063824.000    8648500.000
  2000   134     1    4525352.000    5426076.000    6774477.000    9014638.000    8601593.000
  2000   135     1    4500691.500    5396506.000    6737559.000    8965511.000    8554732.000
  2000   136     1    4476066.000    5366978.000    6700694.000    8916455.000    8507933.000
  2000   137     1    4451481.000    5337501.000    6663891.000    8867482.000    8461203.000
  2000   138     1    4426944.000    5308079.500    6627159.000    8818604.000    8414556.000
  2000   139     1    4402460.000    5278723.000    6590507.000    8769832.000    8367998.500
  2000   140     1    4378030.000    5249429.500    6553934.000    8721164.000    8321537.500
  2000   141     1    4353650.500    5220196.500    6517437.000    8672600.000    8275170.500
  2000   142     1    4329327.000    5191033.000    6481026.000    8624148.000    8228909.000
  2000   143     1    4305061.000    5161936.000    6444699.000    8575808.000    8182756.000
  2000   144     1    4280873.000    5132936.000    6408491.000    8527628.000    8136751.500
  2000   145     1    4256749.500    5104008.500    6372376.000    8479570.000    8090864.500
  2000   146     1    4232690.000    5075159.500    6336358.500    8431642.000    8045098.500
  2000   147     1    4208694.500    5046388.000    6300437.000    8383842.000    7999446.500
  2000   148     1    4184763.500    5017693.000    6264611.000    8336169.500    7953909.500
  2000   149     1    4160903.500    4989085.000    6228893.500    8288641.000    7908506.500
  2000   150     1    4137126.250    4960576.000    6193300.000    8241277.000    7863254.500
  2000   151     1    4113429.000    4932161.000    6157824.000    8194070.000    7818151.500
  2000   152     1    4089805.500    4903835.500    6122459.500    8147011.000    7773185.000
  2000   153     1    4066262.000    4875606.500    6087215.000    8100113.000    7728370.500
  2000   154     1    4042794.500    4847468.500    6052085.000    8053366.000    7683716.500
  2000   155     1    4019399.500    4819419.000    6017064.000    8006765.500    7639247.500
  2000   156     1    3996082.000    4791461.500    5982158.500    7960318.000    7594971.000
  2000   157     1    3972876.250    4763637.500    5947419.000    7914092.000    7550904.000
  2000   158     1    3949783.500    4735948.500    5912849.000    7868091.000    7507049.500
  2000   159     1    3926796.500    4708385.500    5878437.500    7822298.000    7463381.500
  2000   160     1    3903907.500    4680937.000    5844170.000    7776698.000    7419894.500
  2000   161     1    3881115.500    4653608.500    5810050.000    7731295.500    7376584.500
  2000   162     1    3858423.500    4626401.000    5776081.000    7686094.000    7333458.500
  2000   163     1    3835826.500    4599304.000    5742251.500    7641077.500    7290505.500
  2000   164     1    3813327.750    4572328.000    5708571.500    7596260.500    7247738.500
  2000   165     1    3790939.000    4545486.500    5675058.000    7551666.000    7205172.500
  2000   166     1    3768657.000    4518769.000    5641701.000    7507279.500    7162808.500
  2000   167     1    3746477.000    4492171.500    5608495.500    7463092.000    7120629.000
  2000   168     1    3724395.000    4465693.000    5575437.500    7419101.000    7078635.500
  2000   169     1    3702409.500    4439331.000    5542525.000    7375305.000    7036820.000
  2000   170     1    3680523.500    4413090.500    5509763.000    7331710.000    6995189.500
  2000   171     1    3658737.500    4386968.500    5477149.000    7288312.000    6953742.500
  2000   172     1    3637049.000    4360961.000    5444679.500    7245105.000    6912473.500
  2000   173     1    3615459.500    4335073.500    5412359.000    7202096.000    6871389.500
  2000   174     1    3593967.500    4309303.500    5380186.000    7159284.000    6830489.000
  2000   175     1    3572584.000    4283667.500    5348177.000    7116693.000    6789800.000
  2000   176     1    3551306.000    4258153.000    5316323.000    7074303.000    6749302.500
  2000   177     1    3530137.000    4232771.000    5284633.000    7032136.000    6709014.500
  2000   178     1    3509079.000    4207523.000    5253110.500    6990189.000    6668931.500
  2000   179     1    3488131.000    4182405.250    5221751.000    6948458.500    6629052.500
  2000   180     1    3467290.250    4157413.750    5190550.000    6906941.000    6589375.500
  2000   181     1    3446554.750    4132550.000    5159508.500    6865633.000    6549897.500
  2000   182     1    3425923.000    4107811.250    5128622.000    6824534.000    6510615.500
  2000   183     1    3405398.500    4083202.000    5097897.000    6783649.000    6471537.500
  2000   184     1    3384982.750    4058724.000    5067335.500    6742981.000    6432664.500
  2000   185     1    3364661.000    4034356.500    5036913.000    6702499.000    6393952.500
  2000   186     1    3344400.250    4010062.000    5006581.500    6662137.000    6355306.500
  2000   187     1    3324254.000    3985909.500    4976425.500    6622010.000    6316884.000
  2000   188     1    3304220.500    3961885.000    4946432.500    6582098.000    6278673.500
  2000   189     1    3284297.000    3937995.500    4916607.000    6542409.000    6240679.000
  2000   190     1    3264484.750    3914240.000    4886947.500    6502943.000    6202899.000
  2000   191     1    3244785.000    3890620.500    4857458.000    6463703.000    6165337.500
  2000   192     1    3225197.000    3867134.000    4828135.000    6424683.000    6127990.500
  2000   193     1    3205720.000    3843779.000    4798977.000    6385882.500    6090855.500
  2000   194     1    3186354.000    3820559.500    4769986.500    6347306.000    6053936.500
  2000   195     1    3167103.000    3797480.500    4741170.500    6308963.000    6017240.500
  2000   196     1    3147963.750    3774526.500    4712515.000    6270829.000    5980751.500
  2000   197     1    3128935.000    3751710.500    4684028.500    6232922.500    5944479.000
  2000   198     1    3110018.000    3729027.750    4655709.000    6195238.500    5908420.500
  2000   199     1    3091211.500    3706478.250    4627555.500    6157776.000    5872576.000
  2000   200     1    3072516.000    3684062.000    4599569.000    6120534.000    5836944.500
  2000   201     1    3053929.750    3661776.000    4571745.000    6083509.000    5801521.500
  2000   202     1    3035452.500    3639620.750    4544084.000    6046702.000    5766308.500
  2000   203     1    3017082.500    3617594.500    4516585.000    6010110.000    5731301.500
  2000   204     1    2998820.000    3595697.000    4489245.000    5973729.000    5696500.500
  2000   205     1    2980665.000    3573930.500    4462069.000    5937568.000    5661907.500
  2000   206     1    2962614.750    3552285.500    4435046.500    5901608.500    5627513.500
  2000   207     1    2944669.250    3530768.500    4408182.000    5865861.000    5593323.000
  2000   208     1    2926826.750    3509374.500    4381471.500    5830317.000    5559329.000
  2000   209     1    2909086.000    3488102.500    4354913.000    5794976.000    5525532.000
  2000   210     1    2891446.000    3466951.000    4328505.000    5759836.000    5491930.000
  2000   211     1    2873912.000    3445929.000    4302258.000    5724914.000    5458542.500
  2000   212     1    2856472.000    3425016.750    4276150.500    5690170.500    5425322.500
  2000   213     1    2839134.250    3404227.500    4250193.500    5655627.500    5392300.500
  2000   214     1    2821896.250    3383558.500    4224389.000    5621290.500    5359477.000
  2000   215     1    2804757.500    3363008.000    4198733.000    5587151.500    5326843.500
  2000   216     1    2787725.500    3342588.000    4173236.250    5553228.500    5294427.000
  2000   217     1    2770790.500    3322285.000    4147886.500    5519493.000    5262164.500
  2000   218     1    2753949.000    3302095.000    4122678.000    5485951.500    5230119.000
  2000   219     1    2737228.500    3282044.000    4097643.750    5452644.500    5198307.000
  2000   220     1    2720821.000    3262384.000    4073082.500    5419984.000    5167274.500
  2000   221     1    2704358.750    3242637.000    4048439.750    5387174.500    5136057.000
  2000   222     1    2687904.000    3222898.250    4023804.500    5354379.500    5104709.000
  2000   223     1    2671669.500    3203430.500    3999499.000    5322034.500    5073919.000
  2000   224     1    2655527.250    3184076.500    3975335.500    5289882.500    5043309.500
  2000   225     1    2639474.250    3164826.750    3951302.500    5257900.500    5012863.500
  2000   226     1    2623509.750    3145684.750    3927403.000    5226098.000    4982586.000
  2000   227     1    2607633.000    3126648.000    3903635.500    5194471.000    4952475.000
  2000   228     1    2591843.250    3107715.500    3879997.500    5163016.500    4922527.500
  2000   229     1    2576139.750    3088886.250    3856489.500    5131734.500    4892744.000
  2000   230     1    2560522.250    3070160.000    3833109.500    5100623.000    4863122.500
  2000   231     1    2544991.000    3051537.500    3809860.000    5069686.000    4833665.000
  2000   232     1    2529545.250    3033017.500    3786736.500    5038915.500    4804367.000
  2000   233     1    2514174.500    3014587.250    3763726.000    5008295.000    4775228.500
  2000   234     1    2498851.500    2996214.500    3740787.250    4977771.000    4746249.500
  2000   235     1    2483596.500    2977923.000    3717949.750    4947381.500    4717427.500
  2000   236     1    2468427.000    2959734.000    3695241.000    4917163.500    4688762.500
  2000   237     1    2453342.750    2941647.500    3672660.500    4887116.500    4660254.000
  2000   238     1    2438344.000    2923663.500    3650208.000    4857240.000    4631903.000
  2000   239     1    2423431.750    2905783.500    3627885.500    4827537.000    4603712.000
  2000   240     1    2408607.250    2888010.000    3605695.500    4798010.500    4575683.500
  2000   241     1    2393874.500    2870346.500    3583641.250    4768665.000    4547823.500
  2000   242     1    2379220.250    2852771.500    3561699.500    4739463.500    4520103.500
  2000   243     1    2364654.250    2835306.500    3539894.250    4710449.000    4492552.500
  2000   244     1    2350172.750    2817942.750    3518216.250    4681603.500    4465158.500
  2000   245     1    2335776.500    2800682.500    3496667.000    4652930.500    4437924.500
  2000   246     1    2321463.250    2783519.000    3475237.500    4624411.000    4410834.500
  2000   247     1    2307232.250    2766455.000    3453933.000    4596062.000    4383901.500
  2000   248     1    2293085.750    2749493.500    3432755.500    4567882.500    4357126.500
  2000   249     1    2279139.000    2732778.500    3411875.500    4540116.500    4330828.000
  2000   250     1    2265212.000    2716083.250    3391033.000    4512378.500    4304493.500
  2000   251     1    2251221.000    2699295.750    3370083.500    4484486.500    4277954.500
  2000   252     1    2237434.750    2682765.000    3349444.500    4457020.500    4251879.500
  2000   253     1    2223725.000    2666326.500    3328920.000    4429708.500    4225956.500
  2000   254     1    2210065.750    2649948.500    3308471.500    4402497.000    4200174.500
  2000   255     1    2196485.750    2633665.500    3288142.000    4375445.000    4174534.500
  2000   256     1    2182984.250    2617476.750    3267930.250    4348549.000    4149035.000
  2000   257     1    2169561.500    2601382.500    3247836.250    4321810.500    4123676.500
  2000   258     1    2156217.250    2585382.000    3227860.500    4295230.500    4098460.250
  2000   259     1    2142942.500    2569465.000    3207988.000    4268785.500    4073356.500
  2000   260     1    2129694.500    2553580.250    3188155.500    4242395.500    4048241.500
  2000   261     1    2116527.250    2537792.000    3168444.000    4216165.000    4023275.500
  2000   262     1    2103441.000    2522101.000    3148854.250    4190098.000    3998461.000
  2000   263     1    2090435.125    2506506.500    3129385.000    4164191.500    3973797.000
  2000   264     1    2077509.000    2491008.000    3110034.750    4138443.000    3949280.500
  2000   265     1    2064662.750    2475605.000    3090803.750    4112852.000    3924911.250
  2000   266     1    2051898.250    2460300.000    3071695.500    4087426.500    3900699.000
  2000   267     1    2039208.000    2445083.000    3052697.000    4062145.000    3876618.500
  2000   268     1    2026597.750    2429963.250    3033820.250    4037025.500    3852690.750
  2000   269     1    2014065.750    2414937.000    3015059.750    4012062.000    3828910.250
  2000   270     1    2001611.500    2400003.250    2996415.000    3987250.500    3805272.000
  2000   271     1    1989234.125    2385162.500    2977887.000    3962597.500    3781782.250
  2000   272     1    1976941.625    2370424.500    2959485.500    3938116.000    3758458.500
  2000   273     1    1964907.750    2356012.500    2941475.750    3914179.000    3735780.500
  2000   274     1    1952819.000    2341513.250    2923380.250    3890084.750    3712666.000
  2000   275     1    1940778.250    2327076.500    2905356.500    3866097.500    3689771.500
  2000   276     1    1928636.875    2312508.250    2887177.000    3841898.000    3666839.500
  2000   277     1    1916722.250    2298220.500    2869339.000    3818160.000    3644261.500
  2000   278     1    1905112.375    2284312.000    2851960.500    3795055.500    3622180.000
  2000   279     1    3082489.250    3696065.000    4614509.500    6140440.000    3600358.750
  2000   280     1    1882157.125    2256804.750    2817601.000    3749341.000    3578759.000
  2000   281     1    1870849.375    2243248.500    2800675.500    3726808.500    3557372.000
  2000   282     1    1859797.750    2229991.000    2784128.000    3704798.000    3536503.000
  2000   283     1    1848488.000    2216409.750    2767196.750    3682245.000    3515234.500
  2000   284     1    1837562.250    2203305.750    2750838.500    3660475.000    3494514.500
  2000   285     1    1827011.500    2190665.500    2735046.000    3639468.000    3474395.750
  2000   286     1    1816199.500    2177695.000    2718858.500    3617923.000    3453930.750
  2000   287     1    1805707.750    2165124.000    2703153.500    3597026.500    3433925.500
  2000   288     1    1795261.250    2152595.000    2687513.750    3576225.250    3414198.500
  2000   289     1    1785273.250    2140635.250    2672562.250    3556350.500    3395314.500
  2000   290     1    1775696.875    2129157.500    2658228.500    3537275.500    3377251.500
  2000   291     1    1765953.750    2117446.500    2643636.250    3517836.500    3359310.500
  2000   292     1    1756364.250    2105942.250    2629279.750    3498715.500    3341226.500
  2000   293     1    1746926.125    2094626.500    2615150.500    3479915.500    3323577.000
  2000   294     1    1737513.125    2083340.750    2601059.750    3461170.500    3305985.250
  2000   295     1    1728098.750    2072051.250    2586966.250    3442410.000    3288360.500
  2000   296     1    1718703.250    2060785.125    2572900.000    3423689.500    3270779.000
  2000   297     1    1709320.250    2049534.500    2558853.500    3404999.000    3253219.500
  2000   298     1    1699945.750    2038294.000    2544820.750    3386325.000    3235661.000
  2000   299     1    1690589.750    2027076.000    2530816.000    3367691.500    3218133.500
  2000   300     1    1681269.125    2015902.250    2516863.250    3349128.000    3200663.500
  2000   301     1    1672370.625    2005246.625    2503541.500    3331434.500    3184332.000
  2000   302     1    1663555.000    1994672.750    2490346.250    3313865.000    3168076.000
  2000   303     1    1654559.875    1983876.750    2476880.250    3295928.000    3151714.500
  2000   304     1    1645848.250    1973432.250    2463838.500    3278574.000    3135862.000
  2000   305     1    1637238.500    1963112.625    2450951.000    3261427.500    3120197.500
  2000   306     1    1628962.750    1953198.250    2438563.750    3244952.250    3105177.750
  2000   307     1    1620941.875    1943587.750    2426559.250    3228976.000    3090749.750
  2000   308     1    1613283.875    1934400.500    2415091.000    3213720.500    3077283.500
  2000   309     1    1666748.875    1998522.750    2495134.250    3320235.000    3065388.000
  2000   310     1    1599868.000    1918313.375    2395010.750    3186995.750    3054111.000
  2000   311     1    1594468.250    1911850.750    2386927.500    3176256.500    3045528.750
  2000   312     1    1589344.250    1905692.375    2379255.250    3166035.000    3037966.500
  2000   313     1    1584137.625    1899439.000    2371457.500    3155645.250    3030214.500
  2000   314     1    1579535.500    1893924.625    2364567.500    3146481.500    3023720.500
  2000   315     1    2650073.000    3177577.000    3967175.500    5279064.000    4542270.000
  2000   316     1    1575660.500    1889296.250    2358775.000    3138775.750    3022199.000
  2000   317     1    1574983.500    1888479.250    2357760.500    3137423.750    3023618.750
  2000   318     1    1575645.500    1889272.750    2358750.000    3138750.500    3028216.250
  2000   319     1    1577906.250    1891986.625    2362135.500    3143253.000    3035971.000
  2000   320     1    1581058.500    1895760.750    2366854.250    3149524.250    3045346.750
  2000   321     1    1585469.750    1901053.750    2373459.500    3158311.000    3056249.000
  2000   322     1    1590590.250    1907188.875    2381124.000    3168510.000    3068139.750
  2000   323     1    1597795.375    1915830.000    2391906.750    3182873.500    3085041.250
  2000   324     1    1605849.500    1925482.500    2403964.750    3198907.500    3103672.000
  2000   325     1    1615478.375    1937030.250    2418379.000    3218089.500    3125357.250
  2000   326     1    1625954.000    1949589.500    2434062.500    3238955.500    3148378.000
  2000   327     1    1635424.625    1960932.625    2448232.750    3257807.000    3169628.250
  2000   328     1    1644198.625    1971451.375    2461367.500    3275279.000    3189225.500
  2000   329     1    1652142.000    1980975.750    2473258.500    3291101.000    3207194.000
  2000   330     1    1659135.125    1989360.250    2483727.000    3305030.000    3223181.500
  2000   331     1    1665167.750    1996594.000    2492758.250    3317048.000    3237092.750
  2000   332     1    1670297.500    2002744.500    2500437.500    3327266.750    3249047.000
  2000   333     1    1674601.750    2007906.000    2506881.000    3335840.500    3259185.000
  2000   334     1    1678371.000    2012431.750    2512526.500    3343362.000    3268118.000
  2000   335     1    1685369.000    2020840.000    2523005.750    3357323.500    3283290.250
  2001     1     1    1695105.500    2032515.875    2537583.250    3376721.500    3303935.750
  2001     2     1    2414573.000    2895199.000    3614630.750    4809936.500    4062167.000
  2001     3     1    1730433.250    2074869.750    2590468.750    3447091.000    3375680.750
  2001     4     1    1753108.125    2102059.750    2624413.500    3492260.500    3421082.500
  2001     5     1    1774332.500    2127494.500    2656185.250    3534526.000    3463756.500
  2001     6     1    1794783.000    2152014.750    2686799.750    3575261.000    3504682.250
  2001     7     1    1814149.250    2175233.750    2715790.500    3613837.500    3543379.250
  2001     8     1    1832495.750    2197233.250    2743256.000    3650385.500    3580007.500
  2001     9     1    1849997.750    2218219.000    2769456.500    3685251.750    3615033.500
  2001    10     1    1866812.750    2238383.000    2794629.500    3718749.500    3648845.500
  2001    11     1    1882795.750    2257546.000    2818556.250    3750586.000    3680948.500
  2001    12     1    1897882.625    2275635.250    2841141.500    3780638.500    3711202.750
  2001    13     1    1912106.250    2292690.000    2862434.500    3808972.500    3739701.500
  2001    14     1    1925509.000    2308760.500    2882498.500    3835671.500    3766551.000
  2001    15     1    1937909.000    2323625.750    2901059.000    3860368.500    3791302.000
  2001    16     1    1949293.750    2337277.000    2918102.500    3883047.250    3813894.500
  2001    17     1    1960874.250    2351169.000    2935439.750    3906128.000    3837673.500
  2001    18     1    1973438.000    2366235.750    2954248.500    3931154.000    3862514.500
  2001    19     1    1986744.375    2382189.500    2974166.750    3957661.500    3889423.000
  2001    20     1    2838284.000    3403244.500    4248929.500    5653976.500    4101636.500
  2001    21     1    2208492.250    2648094.500    3306127.000    4399410.000    4129402.500
  2001    22     1    2382797.250    2857093.250    3567062.000    4746633.500    4665976.000
  2001    23     1    2164599.000    2595458.500    3240419.750    4311961.000    4135806.000
  2001    24     1    2175519.500    2608548.500    3256765.500    4333718.500    4228094.000
  2001    25     1    2243520.250    2690083.500    3358563.500    4469173.000    4352673.000
  2001    26     1    2295018.500    2751821.750    3435657.000    4571748.500    4428759.000
  2001    27     1    2357306.250    2826505.250    3528898.000    4695827.500    4536499.500
  2001    28     1    2409670.000    2889290.000    3607287.000    4800135.000    4618408.500
  2001    29     1    2474596.250    2967146.000    3704482.500    4929482.000    4733176.500
  2001    30     1    2580382.500    3093984.500    3862840.250    5140215.000    4975885.500
  2001    31     1    2615016.250    3135504.250    3914686.500    5209189.000    5012453.500
