Year, day, hour, inflow_r(m**3/timestep)
  2000     1     1    2640585.250    3166169.000    3952968.500    5260122.000    5028477.000
  2000     2     1    3016079.500    3616406.500    4515102.000    6008149.000    6083525.000
  2000     3     1    2817757.250    3378607.750    4218204.500    5613070.000    5429130.500
  2000     4     1    2850045.000    3417321.000    4266536.000    5677382.500    5458789.500
  2000     5     1    3012736.000    3612398.000    4510099.000    6001494.000    5782284.500
  2000     6     1    3076388.750    3688719.250    4605384.500    6128286.000    5957351.000
  2000     7     1    3152429.750    3779895.000    4719216.000    6279758.000    6074570.500
  2000     8     1    3270434.500    3921386.000    4895864.000    6514815.500    6315089.000
  2000     9     1    3337510.500    4001812.000    4996274.500    6648428.000    6431616.000
  2000    10     1    3362871.500    4032219.500    5034236.000    6698940.500    6423959.000
  2000    11     1    3410011.000    4088741.250    5104802.500    6792842.000    6487476.000
  2000    12     1    3468272.500    4158599.500    5192021.000    6908901.500    6591558.000
  2000    13     1    3527071.250    4229101.500    5280042.500    7026030.000    6703920.000
  2000    14     1    3572713.250    4283828.000    5348369.000    7116950.000    6783768.000
  2000    15     1    3614920.500    4334436.000    5411552.500    7201026.500    6859333.500
  2000    16     1    3654120.500    4381438.000    5470235.000    7279114.000    6931400.000
  2000    17     1    3690416.750    4424961.000    5524576.000    7351427.000    6998618.000
  2000    18     1    3731857.250    4474651.500    5586619.500    7433990.000    7076674.000
  2000    19     1    3780400.750    4532858.500    5659296.000    7530702.500    7161997.000
  2000    20     1    3826710.750    4588382.000    5728607.000    7622924.500    7246069.500
  2000    21     1    3865032.000    4634330.000    5785972.000    7699258.500    7311003.000
  2000    22     1    3900600.250    4676977.500    5839217.000    7770110.000    7373232.000
  2000    23     1    3932654.000    4715411.000    5887201.000    7833961.500    7429893.500
  2000    24     1    3961022.250    4749426.000    5929669.000    7890472.500    7479880.500
  2000    25     1    3985899.750    4779255.500    5966911.000    7940030.000    7523218.000
  2000    26     1    4007842.000    4805565.000    5999759.000    7983739.500    7561449.000
  2000    27     1    4027070.500    4828621.000    6028545.000    8022045.000    7594788.500
  2000    28     1    4048362.500    4854153.500    6060428.000    8064475.000    7631946.500
  2000    29     1    4106110.500    4923399.000    6146887.000    8179528.500    7770428.000
  2000    30     1    4112040.000    4930507.000    6155760.000    8191334.500    7745703.000
  2000    31     1    4149846.500    4975837.000    6212350.000    8266634.500    7819346.000
  2000    32     1    4186048.000    5019242.000    6266537.500    8338738.000    7890773.000
  2000    33     1    4219059.000    5058823.000    6315953.000    8404492.000    7955652.000
  2000    34     1    4248758.500    5094434.000    6360412.000    8463652.000    8014242.000
  2000    35     1    4275010.000    5125910.000    6399710.000    8515946.000    8066430.000
  2000    36     1    4298052.000    5153539.000    6434205.000    8561846.000    8112613.000
  2000    37     1    4317921.000    5177362.000    6463948.000    8601426.000    8152545.000
  2000    38     1    4337107.500    5200369.500    6492677.500    8639658.000    8191606.000
  2000    39     1    4499640.500    5395256.500    6736001.500    8963449.000    8654192.000
  2000    40     1    4451344.500    5337349.000    6663707.500    8867252.000    8330586.000
  2000    41     1    4934051.000    5916135.000    7386326.000    9828826.000    8501590.000
  2000    42     1    4997661.000    5992405.000    7481547.000    9955533.000    8617980.000
  2000    43     1    4637772.000    5560881.500    6942785.000    9238612.000    8820107.000
  2000    44     1    4840587.000    5804066.500    7246405.000    9642634.000    9210555.000
  2000    45     1    7866923.000    9432767.000   11776853.000   15671199.000   17999360.000
  2000    46     1    5032532.000    6034212.000    7533732.500   10024966.000    9626024.000
  2000    47     1    5047060.000    6051630.000    7555475.500   10053898.000    9573942.000
  2000    48     1    5101963.000    6117460.500    7637664.000   10163263.000    9643206.000
  2000    49     1    5179852.000    6210853.000    7754264.500   10318420.000    9791169.000
  2000    50     1    5251540.500    6296810.500    7861584.000   10461228.000    9929007.000
  2000    51     1    5319717.000    6378556.500    7963644.000   10597037.000   10063704.000
  2000    52     1    5373969.000    6443607.000    8044860.000   10705110.000   10164022.000
  2000    53     1    5423383.000    6502856.000    8118832.000   10803542.000   10256573.000
  2000    54     1    5468682.000    6557171.500    8186645.000   10893779.000   10343079.000
  2000    55     1    5508876.000    6605366.000    8246816.000   10973847.000   10420034.000
  2000    56     1    5544232.000    6647759.000    8299744.000   11044277.000   10487568.000
  2000    57     1    5575121.000    6684796.000    8345984.500   11105808.000   10546813.000
  2000    58     1    5602052.500    6717088.500    8386302.000   11159458.000   10598443.000
  2000    59     1    5625675.000    6745413.000    8421665.000   11206516.000   10643774.000
  2000    60     1    5646191.500    6770012.500    8452377.000   11247384.000   10683434.000
  2000    61     1    5663554.000    6790831.000    8478369.000   11281970.000   10717155.000
  2000    62     1    5677926.000    6808063.500    8499884.000   11310599.000   10745092.000
  2000    63     1    5689803.000    6822305.000    8517665.000   11334260.000   10768179.000
  2000    64     1    5699746.500    6834227.000    8532550.000   11354068.000   10787562.000
  2000    65     1    5707842.500    6843935.000    8544671.000   11370196.000   10803210.000
  2000    66     1    5714220.500    6851582.000    8554218.000   11382902.000   10815377.000
  2000    67     1    5718981.000    6857290.500    8561346.000   11392386.000   10824282.000
  2000    68     1    5722119.500    6861053.500    8566043.000   11398636.000   10829950.000
  2000    69     1    5723676.500    6862920.000    8568374.000   11401738.000   10832587.000
  2000    70     1    5723737.000    6862993.500    8568465.000   11401860.000   10832424.000
  2000    71     1    5722614.000    6861646.000    8566782.000   11399620.000   10830132.000
  2000    72     1    5720251.000    6858813.000    8563244.000   11394912.000   10825642.000
  2000    73     1    5716919.000    6854818.000    8558259.000   11388279.000   10819520.000
  2000    74     1    5712385.000    6849381.500    8551470.000   11379244.000   10811307.000
  2000    75     1    5706739.000    6842611.500    8543018.000   11367996.000   10801132.000
  2000    76     1    5699968.000    6834493.000    8532882.000   11354510.000   10788881.000
  2000    77     1    5692298.000    6825297.000    8521400.000   11339231.000   10775095.000
  2000    78     1    5683750.500    6815048.000    8508604.000   11322204.000   10759813.000
  2000    79     1    5674345.500    6803771.000    8494526.000   11303470.000   10743053.000
  2000    80     1    5665668.500    6793368.000    8481540.000   11286192.000   10729377.000
  2000    81     1    5656038.500    6781820.000    8467122.000   11267005.000   10713606.000
  2000    82     1    5645707.500    6769432.000    8451652.000   11246420.000   10696497.000
  2000    83     1    5634538.000    6756040.000    8434933.000   11224172.000   10677523.000
  2000    84     1    5622635.500    6741768.000    8417116.000   11200462.000   10656917.000
  2000    85     1    5609842.000    6726428.000    8397962.000   11174973.000   10634513.000
  2000    86     1    5596161.000    6710024.000    8377480.500   11147720.000   10610309.000
  2000    87     1    5581676.000    6692656.000    8355797.000   11118866.000   10584445.000
  2000    88     1    5566547.500    6674516.000    8333151.000   11088731.000   10557244.000
  2000    89     1    5550862.000    6655708.000    8309669.000   11057486.000   10528910.000
  2000    90     1    5534630.000    6636246.000    8285370.000   11025151.000   10499482.000
  2000    91     1    5517897.500    6616183.000    8260321.000   10991820.000   10468975.000
  2000    92     1    5500640.500    6595491.000    8234487.000   10957442.000   10437406.000
  2000    93     1    5482875.500    6574190.000    8207893.000   10922054.000   10404777.000
  2000    94     1    5464586.000    6552260.500    8180514.000   10885620.000   10371077.000
  2000    95     1    5445808.000    6529744.000    8152402.000   10848213.000   10336381.000
  2000    96     1    5426538.500    6506639.500    8123555.000   10809827.000   10300710.000
  2000    97     1    5406718.500    6482875.000    8093885.000   10770346.000   10263952.000
  2000    98     1    5386386.500    6458495.000    8063447.000   10729843.000   10226180.000
  2000    99     1    5365579.000    6433547.000    8032299.000   10688394.000   10187454.000
  2000   100     1    5344374.000    6408121.000    8000554.500   10646153.000   10147932.000
  2000   101     1    5322848.500    6382311.000    7968331.000   10603274.000   10107748.000
  2000   102     1    5301047.500    6356171.000    7935695.000   10559847.000   10067033.000
  2000   103     1    5278934.500    6329656.500    7902591.500   10515796.000   10025684.000
  2000   104     1    5256551.000    6302818.000    7869083.000   10471208.000    9983781.000
  2000   105     1    5233898.000    6275655.500    7835171.000   10426081.000    9941326.000
  2000   106     1    5210949.500    6248139.500    7800817.500   10380367.000    9898258.000
  2000   107     1    5187702.000    6220265.000    7766015.500   10334057.000    9854594.000
  2000   108     1    5164201.500    6192087.000    7730835.000   10287244.000    9810437.000
  2000   109     1    5140535.000    6163710.000    7695407.000   10240100.000    9765974.000
  2000   110     1    5116690.000    6135119.000    7659711.000   10192601.000    9721131.000
  2000   111     1    5092752.000    6106416.000    7623876.000   10144916.000    9676089.000
  2000   112     1    5068756.500    6077645.000    7587955.500   10097118.000    9630903.000
  2000   113     1    5044681.500    6048777.500    7551914.000   10049158.000    9585514.000
  2000   114     1    5020488.500    6019769.000    7515696.000   10000964.000    9539875.000
  2000   115     1    4996230.000    5990682.500    7479383.000    9952642.000    9494070.000
  2000   116     1    4971870.000    5961473.500    7442914.000    9904114.000    9448026.000
  2000   117     1    4947391.000    5932122.000    7406269.000    9855350.000    9401732.000
  2000   118     1    4922800.500    5902637.500    7369456.500    9806366.000    9355213.000
  2000   119     1    4898122.000    5873047.000    7332513.000    9757205.000    9308530.000
  2000   120     1    4873371.500    5843370.000    7295462.000    9707903.000    9261683.000
  2000   121     1    4848548.500    5813606.500    7258301.500    9658454.000    9214674.000
  2000   122     1    4823675.000    5783781.500    7221066.000    9608905.000    9167569.000
  2000   123     1    4798726.500    5753867.500    7183717.000    9559206.000    9120312.000
  2000   124     1    4773754.000    5723924.500    7146334.000    9509461.000    9073000.000
  2000   125     1    4748786.000    5693987.000    7108957.000    9459724.000    9025681.000
  2000   126     1    4723837.000    5664071.500    7071608.000    9410026.000    8978373.000
  2000   127     1    4698898.000    5634169.000    7034273.500    9360345.000    8931080.000
  2000   128     1    4673994.000    5604308.000    6996992.500    9310737.000    8883836.000
  2000   129     1    4649150.000    5574519.500    6959802.500    9261249.000    8836688.000
  2000   130     1    4624344.000    5544776.000    6922666.500    9211834.000    8789600.000
  2000   131     1    4599551.500    5515048.500    6885551.000    9162444.000    8742526.000
  2000   132     1    4574777.000    5485343.000    6848464.000    9113093.000    8695480.000
  2000   133     1    4550048.500    5455693.000    6811446.000    9063834.000    8648502.000
  2000   134     1    4525358.000    5426087.500    6774484.000    9014649.000    8601595.000
  2000   135     1    4500697.500    5396518.500    6737566.000    8965524.000    8554734.000
  2000   136     1    4476071.500    5366991.000    6700701.000    8916468.000    8507935.000
  2000   137     1    4451487.000    5337514.000    6663898.000    8867496.000    8461206.000
  2000   138     1    4426949.500    5308092.000    6627165.500    8818616.000    8414558.000
  2000   139     1    4402466.000    5278735.000    6590513.500    8769844.000    8368002.000
  2000   140     1    4378035.500    5249442.000    6553941.000    8721178.000    8321541.000
  2000   141     1    4353656.500    5220210.500    6517444.500    8672613.000    8275173.500
  2000   142     1    4329333.000    5191045.500    6481032.500    8624160.000    8228911.500
  2000   143     1    4305067.000    5161949.500    6444706.000    8575822.000    8182759.000
  2000   144     1    4280878.500    5132946.500    6408496.500    8527638.000    8136754.000
  2000   145     1    4256755.500    5104022.000    6372383.500    8479583.000    8090867.500
  2000   146     1    4232696.000    5075174.000    6336366.000    8431656.000    8045101.000
  2000   147     1    4208700.000    5046402.000    6300444.500    8383855.500    7999450.000
  2000   148     1    4184769.000    5017707.000    6264619.000    8336183.500    7953913.000
  2000   149     1    4160909.250    4989099.000    6228901.000    8288655.000    7908510.000
  2000   150     1    4137132.000    4960589.000    6193307.000    8241290.000    7863258.000
  2000   151     1    4113434.500    4932174.500    6157831.000    8194083.500    7818154.500
  2000   152     1    4089811.250    4903849.000    6122467.000    8147025.000    7773188.500
  2000   153     1    4066268.000    4875620.000    6087223.000    8100126.000    7728373.500
  2000   154     1    4042800.000    4847481.500    6052091.500    8053378.000    7683719.500
  2000   155     1    4019405.000    4819429.500    6017069.500    8006775.000    7639250.000
  2000   156     1    3996087.750    4791471.000    5982163.500    7960327.000    7594973.000
  2000   157     1    3972881.500    4763646.000    5947424.000    7914100.000    7550906.000
  2000   158     1    3949788.500    4735956.000    5912853.500    7868098.500    7507051.000
  2000   159     1    3926802.000    4708394.500    5878442.500    7822308.000    7463384.000
  2000   160     1    3903913.250    4680950.000    5844177.000    7776711.000    7419897.000
  2000   161     1    3881121.500    4653621.500    5810057.000    7731309.000    7376587.000
  2000   162     1    3858429.500    4626413.000    5776087.500    7686106.500    7333462.000
  2000   163     1    3835832.500    4599318.000    5742259.000    7641091.000    7290509.000
  2000   164     1    3813333.500    4572341.000    5708578.000    7596273.000    7247741.000
  2000   165     1    3790944.500    4545496.000    5675062.500    7551675.000    7205175.000
  2000   166     1    3768663.000    4518779.000    5641707.000    7507289.000    7162810.500
  2000   167     1    3746482.500    4492184.000    5608502.000    7463104.000    7120632.000
  2000   168     1    3724400.500    4465707.000    5575445.000    7419115.000    7078639.000
  2000   169     1    3702415.250    4439345.500    5542533.000    7375320.000    7036823.500
  2000   170     1    3680529.500    4413103.500    5509769.500    7331722.500    6995192.500
  2000   171     1    3658743.500    4386981.500    5477156.000    7288324.500    6953745.000
  2000   172     1    3637054.750    4360976.000    5444687.000    7245119.000    6912476.500
  2000   173     1    3615465.000    4335089.000    5412367.500    7202111.500    6871394.000
  2000   174     1    3593973.250    4309319.500    5380194.000    7159299.000    6830492.500
  2000   175     1    3572589.750    4283679.500    5348184.000    7116704.000    6789803.000
  2000   176     1    3551312.000    4258166.500    5316330.000    7074317.000    6749306.000
  2000   177     1    3530142.500    4232783.500    5284640.000    7032148.000    6709017.000
  2000   178     1    3509084.750    4207534.500    5253116.500    6990200.500    6668935.000
  2000   179     1    3488136.750    4182417.000    5221757.000    6948471.000    6629056.000
  2000   180     1    3467296.000    4157428.000    5190558.000    6906955.000    6589379.500
  2000   181     1    3446560.500    4132565.250    5159516.000    6865648.500    6549901.000
  2000   182     1    3425928.750    4107827.000    5128630.500    6824549.000    6510619.500
  2000   183     1    3405404.000    4083217.250    5097905.000    6783663.500    6471541.000
  2000   184     1    3384988.500    4058738.000    5067343.000    6742996.000    6432668.000
  2000   185     1    3364666.500    4034371.250    5036921.000    6702513.500    6393956.000
  2000   186     1    3344406.000    4010078.000    5006590.000    6662153.000    6355310.000
  2000   187     1    3324259.750    3985921.750    4976432.000    6622023.000    6316887.000
  2000   188     1    3304226.000    3961900.500    4946441.000    6582114.000    6278678.000
  2000   189     1    3284302.750    3938011.750    4916615.500    6542425.000    6240683.000
  2000   190     1    3264490.500    3914256.000    4886956.500    6502958.500    6202903.000
  2000   191     1    3244790.500    3890635.000    4857466.000    6463716.500    6165341.000
  2000   192     1    3225202.750    3867148.500    4828143.000    6424697.500    6127994.000
  2000   193     1    3205725.750    3843794.750    4798985.000    6385898.000    6090860.000
  2000   194     1    3186359.750    3820574.000    4769994.500    6347320.000    6053940.000
  2000   195     1    3167108.750    3797491.500    4741176.500    6308974.000    6017243.000
  2000   196     1    3147969.500    3774542.500    4712523.500    6270845.000    5980755.000
  2000   197     1    3128941.000    3751726.500    4684038.000    6232939.500    5944483.000
  2000   198     1    3110023.500    3729044.000    4655718.500    6195255.000    5908425.000
  2000   199     1    3091217.250    3706494.500    4627565.000    6157793.000    5872580.000
  2000   200     1    3072522.000    3684078.000    4599578.000    6120551.000    5836948.500
  2000   201     1    3053935.750    3661792.000    4571754.500    6083526.500    5801525.500
  2000   202     1    3035458.000    3639637.000    4544093.500    6046719.000    5766312.000
  2000   203     1    3017088.250    3617610.500    4516593.500    6010125.000    5731305.500
  2000   204     1    2998825.750    3595713.250    4489254.500    5973746.000    5696504.000
  2000   205     1    2980670.500    3573944.250    4462076.500    5937581.500    5661911.000
  2000   206     1    2962620.500    3552301.500    4435055.500    5901624.000    5627517.500
  2000   207     1    2944675.000    3530784.250    4408191.000    5865876.000    5593326.500
  2000   208     1    2926832.750    3509390.500    4381480.500    5830333.000    5559333.000
  2000   209     1    2909092.000    3488118.500    4354922.500    5794993.000    5525536.000
  2000   210     1    2891451.750    3466967.250    4328515.000    5759853.000    5491934.000
  2000   211     1    2873916.250    3445942.000    4302265.500    5724924.000    5458544.500
  2000   212     1    2856477.500    3425031.750    4276158.500    5690184.500    5425326.000
  2000   213     1    2839140.000    3404243.250    4250204.000    5655646.000    5392305.000
  2000   214     1    2821902.000    3383574.500    4224398.500    5621308.000    5359481.000
  2000   215     1    2804763.000    3363024.000    4198741.500    5587167.000    5326847.500
  2000   216     1    2787729.000    3342599.750    4173243.000    5553237.500    5294429.000
  2000   217     1    2770793.000    3322293.500    4147891.250    5519502.500    5262167.000
  2000   218     1    2753952.500    3302100.500    4122681.250    5485957.000    5230120.500
  2000   219     1    2737229.250    3282049.000    4097647.000    5452644.500    5198306.500
  2000   220     1    2720803.500    3262358.000    4073070.000    5419946.000    5167263.500
  2000   221     1    2704356.500    3242634.000    4048439.000    5387166.000    5136053.500
  2000   222     1    2687909.500    3222912.000    4023811.750    5354392.000    5104712.000
  2000   223     1    2671675.250    3203446.500    3999508.500    5322051.500    5073923.000
  2000   224     1    2655533.000    3184091.000    3975343.500    5289896.500    5043313.000
  2000   225     1    2639480.000    3164842.750    3951311.750    5257917.500    5012867.000
  2000   226     1    2623515.500    3145700.750    3927413.000    5226116.000    4982590.000
  2000   227     1    2607638.750    3126664.000    3903645.500    5194489.000    4952479.000
  2000   228     1    2591849.000    3107731.500    3880008.000    5163035.000    4922532.000
  2000   229     1    2576145.750    3088902.500    3856500.000    5131753.000    4892748.500
  2000   230     1    2560528.000    3070176.250    3833120.000    5100642.000    4863127.000
  2000   231     1    2544996.750    3051553.500    3809870.000    5069704.000    4833669.000
  2000   232     1    2529551.000    3033033.500    3786747.250    5038935.000    4804372.000
  2000   233     1    2514180.250    3014603.500    3763737.500    5008316.000    4775234.000
  2000   234     1    2498857.500    2996230.750    3740799.000    4977792.000    4746255.000
  2000   235     1    2483602.000    2977939.000    3717961.750    4947403.000    4717432.500
  2000   236     1    2468432.750    2959750.250    3695253.000    4917185.000    4688768.000
  2000   237     1    2453348.500    2941664.000    3672672.000    4887137.000    4660259.000
  2000   238     1    2438349.750    2923679.500    3650218.750    4857259.000    4631907.500
  2000   239     1    2423437.500    2905799.000    3627895.000    4827554.000    4603716.000
  2000   240     1    2408613.000    2888024.000    3605703.000    4798024.500    4575687.000
  2000   241     1    2393879.000    2870357.750    3583647.250    4768676.000    4547826.500
  2000   242     1    2379226.000    2852787.750    3561710.000    4739483.000    4520108.500
  2000   243     1    2364660.000    2835322.500    3539904.750    4710467.000    4492557.000
  2000   244     1    2350178.500    2817958.750    3518225.750    4681620.000    4465162.500
  2000   245     1    2335782.250    2800697.000    3496675.000    4652943.000    4437927.000
  2000   246     1    2321469.000    2783535.000    3475247.500    4624429.500    4410838.500
  2000   247     1    2307238.000    2766471.000    3453943.500    4596081.000    4383905.500
  2000   248     1    2293090.750    2749508.000    3432765.500    4567899.500    4357130.500
  2000   249     1    2279129.500    2732771.250    3411875.000    4540104.500    4330823.500
  2000   250     1    2265204.250    2716073.750    3391028.500    4512366.000    4304490.000
  2000   251     1    2251225.750    2699310.250    3370093.500    4484503.500    4277958.000
  2000   252     1    2237440.500    2682781.250    3349456.250    4457041.500    4251884.500
  2000   253     1    2223730.750    2666342.750    3328932.500    4429731.000    4225962.000
  2000   254     1    2210071.500    2649964.500    3308484.750    4402521.000    4200180.000
  2000   255     1    2196491.500    2633681.750    3288155.500    4375469.000    4174540.500
  2000   256     1    2182990.000    2617492.750    3267943.750    4348574.000    4149041.000
  2000   257     1    2169567.250    2601398.500    3247849.750    4321835.500    4123682.500
  2000   258     1    2156223.000    2585398.250    3227873.500    4295253.500    4098465.750
  2000   259     1    2142948.250    2569481.000    3208001.000    4268809.500    4073362.000
  2000   260     1    2129700.250    2553596.000    3188168.500    4242419.000    4048247.000
  2000   261     1    2116533.000    2537808.250    3168457.000    4216189.500    4023281.500
  2000   262     1    2103446.500    2522117.000    3148866.500    4190121.000    3998466.500
  2000   263     1    2090440.750    2506522.750    3129397.000    4164213.500    3973802.500
  2000   264     1    2077515.000    2491023.750    3110046.750    4138464.500    3949285.500
  2000   265     1    2064668.750    2475620.750    3090816.000    4112874.500    3924916.750
  2000   266     1    2051903.000    2460314.500    3071706.250    4087446.000    3900703.500
  2000   267     1    2039213.500    2445099.000    3052709.500    4062166.750    3876623.500
  2000   268     1    2026603.500    2429979.000    3033832.000    4037047.500    3852696.000
  2000   269     1    2014071.500    2414952.750    3015071.750    4012083.250    3828915.500
  2000   270     1    2001617.250    2400019.500    2996427.500    3987273.750    3805277.500
  2000   271     1    1989239.875    2385178.500    2977898.500    3962618.000    3781787.000
  2000   272     1    1976944.750    2370436.750    2959494.500    3938128.750    3758461.500
  2000   273     1    1964890.750    2355987.750    2941463.750    3914143.000    3735770.000
  2000   274     1    1952810.625    2341501.250    2923374.250    3890069.500    3712661.500
  2000   275     1    1940770.750    2327064.750    2905350.250    3866085.500    3689768.500
  2000   276     1    1928638.250    2312515.500    2887180.750    3841904.500    3666841.000
  2000   277     1    1916723.750    2298229.500    2869344.250    3818169.250    3644263.500
  2000   278     1    1905097.875    2284293.000    2851951.250    3795029.750    3622172.500
  2000   279     1    3082437.500    3695978.500    4614461.500    6140374.500    3600346.250
  2000   280     1    1882121.750    2256747.750    2817570.500    3749287.000    3578746.000
  2000   281     1    1870813.000    2243188.250    2800642.250    3726762.000    3557363.000
  2000   282     1    1859768.375    2229944.000    2784103.500    3704751.250    3536491.500
  2000   283     1    1848491.000    2216415.500    2767200.000    3682249.000    3515235.500
  2000   284     1    1837566.500    2203316.500    2750844.250    3660484.000    3494516.500
  2000   285     1    1827002.000    2190652.000    2735038.750    3639456.250    3474393.250
  2000   286     1    1816196.750    2177694.500    2718858.000    3617922.750    3453930.750
  2000   287     1    1805690.750    2165100.250    2703140.000    3597011.250    3433923.500
  2000   288     1    1795249.750    2152580.000    2687506.250    3576206.000    3414193.000
  2000   289     1    1785236.750    2140579.000    2672533.250    3556288.500    3395298.500
  2000   290     1    1775655.875    2129092.000    2658194.000    3537209.750    3377235.500
  2000   291     1    1765950.000    2117446.750    2643638.500    3517829.000    3359307.500
  2000   292     1    1756369.500    2105957.500    2629290.500    3498733.250    3341230.500
  2000   293     1    1746929.875    2094639.375    2615160.500    3479931.250    3323580.500
  2000   294     1    1737515.000    2083351.000    2601067.500    3461178.750    3305986.250
  2000   295     1    1728103.250    2072065.250    2586976.250    3442427.000    3288364.250
  2000   296     1    1718709.000    2060801.000    2572912.250    3423711.500    3270784.500
  2000   297     1    1709326.000    2049550.250    2558865.750    3405020.250    3253224.500
  2000   298     1    1699951.500    2038309.875    2544832.000    3386346.250    3235666.000
  2000   299     1    1690595.000    2027091.250    2530825.750    3367708.500    3218137.500
  2000   300     1    1681271.000    2015912.250    2516870.000    3349139.500    3200666.000
  2000   301     1    1672348.750    2005218.625    2503528.500    3331392.250    3184319.500
  2000   302     1    1663541.625    1994656.875    2490339.000    3313839.750    3168068.500
  2000   303     1    1654562.000    1983886.750    2476886.000    3295934.000    3151715.500
  2000   304     1    1645848.375    1973439.250    2463843.250    3278578.250    3135862.500
  2000   305     1    1637233.500    1963110.625    2450950.000    3261423.750    3120196.500
  2000   306     1    1628946.750    1953176.750    2438552.500    3244929.500    3105172.250
  2000   307     1    1620919.000    1943552.500    2426540.000    3228947.750    3090744.000
  2000   308     1    1613261.375    1934370.625    2415074.750    3213690.250    3077276.250
  2000   309     1    1666711.125    1998462.125    2495101.000    3320185.000    3065377.500
  2000   310     1    1599854.500    1918293.500    2395000.250    3186975.750    3054106.250
  2000   311     1    1594435.750    1911800.000    2386900.500    3176203.000    3045515.250
  2000   312     1    1589334.250    1905678.500    2379248.750    3166014.000    3037960.500
  2000   313     1    1584137.500    1899445.375    2371461.500    3155648.500    3030214.750
  2000   314     1    1579528.250    1893920.000    2364566.000    3146474.750    3023718.250
  2000   315     1    2650021.000    3177494.000    3967131.000    5278986.000    4542252.000
  2000   316     1    1575637.250    1889258.000    2358753.750    3138747.000    3022193.750
  2000   317     1    1574968.000    1888453.875    2357746.500    3137404.500    3023615.000
  2000   318     1    1575628.500    1889246.250    2358736.000    3138721.000    3028208.500
  2000   319     1    1577885.000    1891952.500    2362117.000    3143221.500    3035963.750
  2000   320     1    1581046.000    1895741.000    2366843.250    3149508.000    3045343.500
  2000   321     1    1585453.500    1901026.500    2373444.000    3158293.250    3056246.250
  2000   322     1    1590580.125    1907172.375    2381114.500    3168498.000    3068137.750
  2000   323     1    1597777.250    1915803.625    2391893.000    3182842.250    3085033.000
  2000   324     1    1605840.875    1925470.250    2403958.500    3198895.000    3103669.000
  2000   325     1    1615464.500    1937010.500    2418368.500    3218071.500    3125352.750
  2000   326     1    1625945.750    1949577.000    2434055.750    3238944.750    3148375.500
  2000   327     1    1635426.250    1960942.250    2448240.000    3257814.750    3169629.750
  2000   328     1    1644203.250    1971465.750    2461377.250    3275295.750    3189229.500
  2000   329     1    1652147.125    1980990.625    2473269.000    3291119.250    3207198.000
  2000   330     1    1659140.875    1989376.500    2483738.500    3305050.250    3223186.500
  2000   331     1    1665173.375    1996609.625    2492769.000    3317067.500    3237097.250
  2000   332     1    1670303.250    2002760.500    2500448.500    3327286.250    3249051.750
  2000   333     1    1674606.875    2007921.000    2506891.500    3335860.000    3259190.000
  2000   334     1    1678366.250    2012430.500    2512525.750    3343361.250    3268118.000
  2000   335     1    1685341.875    2020799.000    2522983.750    3357284.250    3283280.750
  2001     1     1    1695080.125    2032475.250    2537561.500    3376682.500    3303926.750
  2001     2     1    2414527.750    2895126.000    3614591.750    4809868.000    4062151.000
  2001     3     1    1730417.000    2074843.875    2590455.000    3447064.250    3375674.250
  2001     4     1    1753088.875    2102029.000    2624397.000    3492230.500    3421075.500
  2001     5     1    1774335.000    2127499.500    2656188.250    3534528.250    3463756.750
  2001     6     1    1794786.000    2152021.000    2686803.000    3575266.500    3504683.250
  2001     7     1    1814154.250    2175244.000    2715795.750    3613845.750    3543381.000
  2001     8     1    1832499.500    2197241.000    2743260.000    3650392.000    3580009.000
  2001     9     1    1850001.250    2218226.250    2769460.250    3685256.500    3615034.500
  2001    10     1    1866815.250    2238387.000    2794632.000    3718752.250    3648846.000
  2001    11     1    1882800.000    2257553.000    2818560.000    3750592.500    3680949.500
  2001    12     1    1897888.250    2275644.000    2841146.250    3780647.250    3711205.000
  2001    13     1    1912111.500    2292698.500    2862438.750    3808981.000    3739703.500
  2001    14     1    1925514.500    2308769.500    2882503.500    3835680.000    3766553.000
  2001    15     1    1937914.750    2323637.750    2901065.500    3860379.750    3791305.000
  2001    16     1    1949299.375    2337288.250    2918108.500    3883058.500    3813897.000
  2001    17     1    1960872.000    2351166.000    2935438.500    3906121.500    3837671.500
  2001    18     1    1973432.250    2366226.750    2954243.500    3931146.500    3862513.000
  2001    19     1    1986739.000    2382182.000    2974163.250    3957652.500    3889421.000
  2001    20     1    2838242.500    3403176.500    4248893.000    5653917.000    4101623.250
  2001    21     1    2208456.750    2648036.750    3306096.000    4399357.000    4129390.500
  2001    22     1    2382761.000    2857034.500    3567031.000    4746577.000    4665962.500
  2001    23     1    2164574.750    2595418.250    3240397.250    4311930.500    4135800.000
  2001    24     1    2175500.000    2608517.000    3256749.000    4333687.000    4228086.500
  2001    25     1    2243501.000    2690052.750    3358546.500    4469147.000    4352667.500
  2001    26     1    2295018.000    2751820.250    3435656.250    4571750.000    4428760.000
  2001    27     1    2357301.250    2826501.250    3528896.000    4695823.000    4536498.000
  2001    28     1    2409668.000    2889290.250    3607287.500    4800135.000    4618409.000
  2001    29     1    2474584.500    2967130.000    3704474.500    4929463.000    4733171.500
  2001    30     1    2580369.500    3093971.000    3862835.000    5140188.500    4975877.000
  2001    31     1    2615015.000    3135510.000    3914692.250    5209190.000    5012452.500
