Year, day, hour, retention_r(m**3/timestep)
  2000     1     1          2.932         11.874          9.609         13.312          2.500
  2000     2     1          0.000          0.000          0.000          0.000          0.000
  2000     3     1          0.000          0.000          0.000          0.000          0.000
  2000     4     1          0.000          2.412          1.562          4.922          1.500
  2000     5     1          0.000          0.000          0.000          0.000          0.000
  2000     6     1          0.000          0.000          0.000          0.000          0.000
  2000     7     1          0.000          0.000          0.000          0.000          0.000
  2000     8     1          0.000          2.213          1.312          1.250          0.000
  2000     9     1          1.629          6.337          4.266          2.750          0.000
  2000    10     1          2.579         10.173          6.734          8.000          1.000
  2000    11     1          3.802         12.755          7.969         12.188          2.500
  2000    12     1          3.408         12.391          7.281         12.375          2.500
  2000    13     1          3.326         12.113          8.406         12.906          2.500
  2000    14     1          3.815         12.809          8.812         15.250          3.000
  2000    15     1          4.956         14.355          9.656         16.438          3.500
  2000    16     1          4.983         14.510          9.656         17.844          3.500
  2000    17     1          0.000          1.663          1.938          3.094          0.500
  2000    18     1          0.000          0.000          0.000          0.000          0.000
  2000    19     1          0.000          0.000          0.000          0.000          0.000
  2000    20     1          1.629          8.007          5.312          5.594          0.500
  2000    21     1          3.326         12.500          8.094         11.750          2.500
  2000    22     1          4.956         14.525          9.562         16.406          3.500
  2000    23     1          5.133         15.082          9.125         16.875          4.000
  2000    24     1          4.726         13.721          8.781         16.625          4.000
  2000    25     1          4.236         13.396          8.594         14.750          3.500
  2000    26     1          4.399         13.752          8.594         15.250          4.500
  2000    27     1          2.716         11.014          6.875         11.875          3.000
  2000    28     1          0.000          0.000          0.000          0.000          0.000
  2000    29     1          0.000          0.000          0.000          0.000          0.000
  2000    30     1          0.000          0.000          0.000          0.000          0.000
  2000    31     1          0.407          3.219          2.406          1.250          0.000
  2000    32     1          2.036          6.639          3.938          2.750          0.000
  2000    33     1          3.204         11.525          6.688          9.812          1.500
  2000    34     1          4.671         14.154          8.719         14.781          2.500
  2000    35     1          5.133         14.896          9.875         17.125          3.500
  2000    36     1          4.970         14.727          9.344         15.719          3.500
  2000    37     1          5.404         15.670          9.656         17.375          4.500
  2000    38     1          0.000          0.000          0.000          0.000          0.000
  2000    39     1          0.000          0.000          0.000          0.000          0.000
  2000    40     1          0.000          0.000          0.000          0.000          0.000
  2000    41     1          0.000          0.000          0.000          0.000          0.000
  2000    42     1          0.000          0.000          0.000          0.000          0.000
  2000    43     1          0.000          0.000          0.000          0.000          0.000
  2000    44     1          0.000          0.000          0.000          0.000          0.000
  2000    45     1          0.000          0.000          0.000          0.000          0.000
  2000    46     1          1.357          5.230          3.281          2.250          0.000
  2000    47     1          2.579          8.789          5.906          4.688          0.000
  2000    48     1          5.105         14.186          8.625         13.625          3.000
  2000    49     1          4.834         14.525          8.156         13.312          3.000
  2000    50     1          4.020         12.715          7.156         12.344          3.000
  2000    51     1          3.639         12.670          8.500         13.375          3.000
  2000    52     1          4.236         11.695          6.469         10.500          1.000
  2000    53     1          4.671         13.953          8.906         14.062          3.000
  2000    54     1          5.133         14.324          8.688         14.969          3.000
  2000    55     1          4.698         14.123          8.281         15.219          4.000
  2000    56     1          4.535         13.953          9.000         14.500          2.000
  2000    57     1          5.105         14.727          9.875         16.656          3.000
  2000    58     1          4.535         13.180          7.719         13.781          3.000
  2000    59     1          3.965         12.809          7.094         12.156          2.000
  2000    60     1          4.671         13.984          7.750         14.281          3.000
  2000    61     1          5.703         14.727          8.375         17.344          4.000
  2000    62     1          5.703         15.268          8.781         15.906          4.000
  2000    63     1          4.399         12.607          7.094         12.375          3.000
  2000    64     1          5.404          9.684          5.156          9.750          1.000
  2000    65     1          5.269          9.482          5.781         10.906          2.000
  2000    66     1          4.427          9.822          4.938         10.188          1.000
  2000    67     1          4.427         10.055          6.000         10.219          2.000
  2000    68     1          3.992         12.205          6.438         12.594          2.000
  2000    69     1          4.970         12.406          7.500         12.125          3.000
  2000    70     1          2.824         10.488          5.375          9.281          1.000
  2000    71     1          4.372         12.066          7.094         12.156          2.000
  2000    72     1          4.970         13.318          6.656         12.594          3.000
  2000    73     1          3.639          6.916          4.531          5.781          1.000
  2000    74     1          5.105         14.727          8.375         14.750          3.000
  2000    75     1          4.834         13.783          7.938         13.562          2.000
  2000    76     1          3.639         11.727          6.062         10.750          2.000
  2000    77     1          4.399         12.236          7.094         11.219          3.000
  2000    78     1          4.535         11.695          6.250         10.500          2.000
  2000    79     1          3.774         11.557          6.906         10.062          1.000
  2000    80     1          2.036          6.236          3.938          2.750          0.000
  2000    81     1          1.494          4.779          2.344          5.438          0.000
  2000    82     1          5.160         14.633          7.906         15.906          4.000
  2000    83     1          4.889         12.080          6.406         13.969          3.000
  2000    84     1          4.997         10.193          5.344         11.375          3.000
  2000    85     1          5.703         15.299          9.000         15.219          4.000
  2000    86     1          5.839         15.670          9.219         16.406          4.000
  2000    87     1          5.703         15.066          7.938         15.438          3.000
  2000    88     1          5.269         11.602          6.219         11.406          3.000
  2000    89     1          4.997         10.689          6.438         10.719          1.000
  2000    90     1          5.105         11.061          5.812         10.938          2.000
  2000    91     1          5.703         10.395          5.562         10.438          2.000
  2000    92     1          5.839         12.004          6.438         11.188          2.000
  2000    93     1          5.703         12.545          6.531         12.344          2.000
  2000    94     1          5.703         13.721          7.812         14.000          3.000
  2000    95     1          5.703         13.520          7.281         13.312          3.000
  2000    96     1          5.839         14.525          7.625         13.312          2.000
  2000    97     1          5.703         15.670          9.125         16.406          3.000
  2000    98     1          5.839         15.299          8.688         15.688          4.000
  2000    99     1          5.703         16.041          9.000         16.156          3.000
  2000   100     1          5.839         13.752          7.719         13.781          2.000
  2000   101     1          5.866         12.947          7.500         13.531          2.000
  2000   102     1          5.703         12.607          6.875         11.438          2.000
  2000   103     1          5.703         15.098          8.781         14.969          3.000
  2000   104     1          5.703         14.494          7.406         14.031          3.000
  2000   105     1          5.703         14.896          8.156         14.969          2.000
  2000   106     1          5.703         15.840          8.469         14.750          3.000
  2000   107     1          5.703         15.670          8.469         15.219          4.000
  2000   108     1          5.703         15.670          8.250         15.469          3.000
  2000   109     1          5.703         12.979          6.875         12.594          2.000
  2000   110     1          5.839         13.520          6.750         13.781          2.000
  2000   111     1          5.133         10.055          6.000         10.000          1.000
  2000   112     1          4.834          8.879          4.812          8.781          2.000
  2000   113     1          5.703          9.822          5.250         10.188          2.000
  2000   114     1          5.703         12.947          6.875         12.594          3.000
  2000   115     1          5.703         10.225          6.094         11.156          3.000
  2000   116     1          5.703         13.520          6.750         13.531          2.000
  2000   117     1          5.839         14.293          7.812         14.250          3.000
  2000   118     1          5.703         14.896          7.719         14.969          3.000
  2000   119     1          5.839         13.953          8.031         12.625          2.000
  2000   120     1          5.703         12.174          6.531         12.125          2.000
  2000   121     1          5.703         13.148          6.969         12.125          2.000
  2000   122     1          5.703         12.406          7.500         12.375          3.000
  2000   123     1          5.839         15.299          8.469         14.969          3.000
  2000   124     1          5.703         13.148          7.281         12.125          3.000
  2000   125     1          5.703         11.432          6.438         10.688          2.000
  2000   126     1          5.703         10.426          5.781         11.156          2.000
  2000   127     1          5.839         12.607          7.094         12.375          2.000
  2000   128     1          5.839         10.225          5.562         10.906          2.000
  2000   129     1          5.160          7.703          4.281          8.312          2.000
  2000   130     1          5.703         10.256          5.469         10.219          2.000
  2000   131     1          5.703         12.979          7.188         13.312          3.000
  2000   132     1          5.703         13.148          7.281         13.312          3.000
  2000   133     1          5.567         10.225          5.156         10.438          2.000
  2000   134     1          5.839         11.463          6.656         11.438          2.000
  2000   135     1          5.703         12.205          6.750         12.125          2.000
  2000   136     1          5.839         13.350          6.656         13.094          2.000
  2000   137     1          5.839         12.746          6.750         13.062          3.000
  2000   138     1          5.703         12.746          6.531         12.344          2.000
  2000   139     1          5.703         11.973          6.312         12.594          3.500
  2000   140     1          5.703         12.746          7.062         12.812          3.500
  2000   141     1          5.703         13.922          7.500         13.312          3.000
  2000   142     1          5.703         12.205          6.438         11.406          2.500
  2000   143     1          5.703         13.551          6.969         14.031          3.000
  2000   144     1          5.703         10.658          5.688         10.000          2.500
  2000   145     1          5.703         13.922          7.500         13.062          3.000
  2000   146     1          5.839         14.123          7.719         14.031          2.500
  2000   147     1          5.703         13.922          7.719         13.781          3.500
  2000   148     1          5.703         14.123          7.500         14.250          3.500
  2000   149     1          5.703         13.922          7.500         13.781          3.500
  2000   150     1          5.703         12.947          7.062         13.062          3.500
  2000   151     1          5.703         13.520          6.969         13.062          3.000
  2000   152     1          5.703         13.721          7.406         13.781          3.500
  2000   153     1          5.839         13.551          7.719         13.312          3.000
  2000   154     1          5.703         12.576          6.438         11.875          3.000
  2000   155     1          5.703         10.441          5.781          9.500          2.500
  2000   156     1          5.703          9.467          4.719          8.781          2.000
  2000   157     1          5.105          8.539          4.719          8.344          2.000
  2000   158     1          4.807          7.967          4.406          7.156          1.500
  2000   159     1          5.567          9.234          4.812          9.969          2.500
  2000   160     1          5.703         12.963          6.969         12.844          2.500
  2000   161     1          5.703         12.762          7.062         13.062          2.500
  2000   162     1          5.703         12.073          6.531         12.125          3.500
  2000   163     1          5.839         13.953          7.406         13.781          3.500
  2000   164     1          5.853         12.793          6.969         12.375          2.500
  2000   165     1          5.296          9.250          4.500          9.250          2.500
  2000   166     1          5.703         10.187          5.375          9.531          2.000
  2000   167     1          5.703         12.491          6.750         12.125          3.000
  2000   168     1          5.839         14.139          7.500         14.031          3.500
  2000   169     1          5.839         14.309          7.812         14.969          3.500
  2000   170     1          5.703         13.249          6.656         13.062          3.000
  2000   171     1          5.703         13.048          6.969         13.062          2.500
  2000   172     1          5.703         14.896          7.938         14.500          3.000
  2000   173     1          5.703         15.384          8.250         15.438          4.500
  2000   174     1          5.703         15.670          8.250         14.969          3.500
  2000   175     1          5.839         12.151          6.875         10.719          3.000
  2000   176     1          5.839         13.435          7.281         13.312          3.500
  2000   177     1          5.554         12.692          6.969         11.906          2.500
  2000   178     1          5.703         11.385          6.000         11.625          3.500
  2000   179     1          5.703         11.825          6.188         12.562          3.500
  2000   180     1          5.703         14.324          7.500         14.250          4.000
  2000   181     1          5.703         15.283          7.938         15.906          3.500
  2000   182     1          5.839         15.855          8.469         15.688          4.000
  2000   183     1          5.703         15.299          7.938         14.281          3.500
  2000   184     1          5.703         14.123          7.500         14.250          3.500
  2000   185     1          5.839         14.695          7.922         14.719          3.500
  2000   186     1          5.703         16.057          8.578         15.938          3.500
  2000   187     1          5.839         12.344          6.844         12.812          3.000
  2000   188     1          5.703         15.855          8.469         16.156          4.500
  2000   189     1          5.839         16.142          9.000         16.156          4.000
  2000   190     1          5.703         16.057          8.781         15.688          4.000
  2000   191     1          5.703         14.510          7.719         13.312          3.500
  2000   192     1          5.703         14.626          8.141         14.031          3.500
  2000   193     1          5.839         15.771          8.250         15.219          4.500
  2000   194     1          5.839         14.695          7.609         14.500          3.500
  2000   195     1          5.839         10.812          6.094         11.156          2.500
  2000   196     1          5.703         16.142          9.000         15.688          3.500
  2000   197     1          5.771         16.242          9.422         16.875          4.000
  2000   198     1          5.771         16.142          9.109         16.875          4.500
  2000   199     1          5.771         16.242          9.219         17.109          4.000
  2000   200     1          5.853         16.142          9.109         16.641          4.000
  2000   201     1          5.920         15.956          9.422         17.344          4.000
  2000   202     1          5.771         15.956          9.422         17.109          3.500
  2000   203     1          5.771         16.142          8.578         15.453          4.000
  2000   204     1          5.771         16.142          9.109         17.109          3.500
  2000   205     1          5.635         14.007          7.281         13.766          3.500
  2000   206     1          5.771         15.771          8.891         15.922          4.000
  2000   207     1          5.771         15.585          8.578         14.734          3.500
  2000   208     1          5.920         15.956          9.000         16.641          4.000
  2000   209     1          5.703         15.956          9.750         16.875          4.000
  2000   210     1          5.703         16.142          9.875         17.125          4.000
  2000   211     1          4.277         13.088          7.234         10.422          2.000
  2000   212     1          5.404         14.928          8.156         14.156          3.500
  2000   213     1          5.703         15.771         10.188         18.891          4.500
  2000   214     1          5.771         15.956          9.859         17.469          4.000
  2000   215     1          5.703         16.142          8.578         15.797          4.000
  2000   216     1          3.462         11.673          6.797          8.766          2.000
  2000   217     1          2.648          8.685          4.672          9.328          2.500
  2000   218     1          3.503          5.499          3.312          5.344          1.500
  2000   219     1          2.647          6.639          4.047          2.750          0.000
  2000   220     1          0.000          0.000          0.000          0.000          0.000
  2000   221     1          2.036          3.621          2.078          1.500          0.000
  2000   222     1          5.404         13.736          7.234         12.953          3.000
  2000   223     1          5.771         15.956          9.312         17.094          4.000
  2000   224     1          5.703         14.711          8.094         14.141          3.500
  2000   225     1          5.703         15.956          9.266         16.984          3.500
  2000   226     1          5.703         15.956          9.953         17.703          4.000
  2000   227     1          5.771         16.142         10.016         17.938          4.000
  2000   228     1          5.703         16.142         10.766         18.547          4.500
  2000   229     1          5.853         16.242         10.344         18.656          4.500
  2000   230     1          5.703         16.242         10.562         19.141          4.500
  2000   231     1          5.771         16.142          9.859         17.703          4.000
  2000   232     1          5.703         16.142         11.047         19.609          5.000
  2000   233     1          5.703         16.142         11.562         20.781          5.500
  2000   234     1          5.703         16.242         11.844         21.266          5.500
  2000   235     1          5.703         16.057         12.000         21.266          5.000
  2000   236     1          5.771         16.142         12.156         21.500          5.500
  2000   237     1          5.771         16.142         11.562         20.781          5.000
  2000   238     1          5.703         15.956         10.781         19.250          4.500
  2000   239     1          5.703         15.771          9.484         17.000          4.000
  2000   240     1          5.635         14.007          7.859         13.891          3.500
  2000   241     1          4.576         11.315          6.000         10.578          3.000
  2000   242     1          5.703         16.242         10.656         19.594          5.000
  2000   243     1          5.771         16.142         10.609         18.188          4.500
  2000   244     1          5.771         15.956          9.609         16.781          4.000
  2000   245     1          5.703         14.472          7.734         12.516          2.500
  2000   246     1          5.703         15.956         10.188         18.188          4.000
  2000   247     1          5.703         15.956         10.562         18.656          4.000
  2000   248     1          4.956         14.742         10.188         16.781          4.000
  2000   249     1          0.000          3.219          3.172          2.375          0.000
  2000   250     1          0.000          0.000          0.000          0.000          0.000
  2000   251     1          4.807         14.657         10.094         17.016          3.500
  2000   252     1          5.703         16.142         11.734         21.156          5.000
  2000   253     1          5.703         16.142         12.547         22.578          5.500
  2000   254     1          5.703         15.956         13.391         23.641          5.500
  2000   255     1          5.703         16.142         13.656         24.125          6.000
  2000   256     1          5.703         16.057         13.500         24.828          6.000
  2000   257     1          5.703         16.142         13.609         25.062          6.000
  2000   258     1          5.703         16.142         12.812         22.812          5.500
  2000   259     1          5.771         16.142         12.859         23.875          5.500
  2000   260     1          5.703         15.956         13.078         23.406          5.500
  2000   261     1          5.771         16.142         13.344         24.359          6.000
  2000   262     1          5.771         15.956         12.375         23.156          5.500
  2000   263     1          5.771         16.142         12.062         21.984          5.500
  2000   264     1          5.853         15.956         11.953         21.625          5.000
  2000   265     1          5.785         15.654         12.047         22.672          5.500
  2000   266     1          4.956         14.557         10.781         19.391          4.500
  2000   267     1          5.622         15.871         12.219         21.984          5.000
  2000   268     1          5.703         15.855         11.844         22.203          5.250
  2000   269     1          5.771         15.863         12.062         21.281          5.250
  2000   270     1          5.771         16.242         12.641         23.391          5.500
  2000   271     1          5.703         15.863         11.578         20.688          4.750
  2000   272     1          3.190         12.105          8.734         13.031          3.000
  2000   273     1          0.000          0.000          0.000          0.000          0.000
  2000   274     1          0.000          0.000          0.000          0.000          0.000
  2000   275     1          0.000          0.000          0.000          0.000          0.000
  2000   276     1          1.378          7.294          3.922          6.203          1.500
  2000   277     1          1.412          8.810          5.422          9.172          2.000
  2000   278     1          0.000          0.000          0.000          0.000          0.000
  2000   279     1          0.000          0.000          0.000          0.000          0.000
  2000   280     1          0.000          0.000          0.000          0.000          0.000
  2000   281     1          0.000          0.000          0.000          0.000          0.000
  2000   282     1          0.000          0.000          0.000          0.000          0.000
  2000   283     1          3.007          5.910          3.250          4.094          1.000
  2000   284     1          4.311         10.678          5.656          8.953          2.000
  2000   285     1          0.000          0.000          0.000          0.000          0.000
  2000   286     1          0.000          0.093          0.156          0.000          0.000
  2000   287     1          0.000          0.000          0.000          0.000          0.000
  2000   288     1          0.000          0.000          0.000          0.000          0.000
  2000   289     1          0.000          0.000          0.000          0.000          0.000
  2000   290     1          0.000          0.000          0.000          0.000          0.000
  2000   291     1          2.036          7.091          5.359          3.625          0.000
  2000   292     1          5.248         15.357         10.750         17.750          4.000
  2000   293     1          3.768         12.964          9.891         15.859          3.500
  2000   294     1          2.443         10.200          7.594          8.344          1.000
  2000   295     1          4.467         14.096          9.984         16.781          3.750
  2000   296     1          5.771         15.813         12.109         22.094          5.500
  2000   297     1          5.771         15.914         12.172         21.281          5.000
  2000   298     1          5.703         15.940         11.242         21.469          5.000
  2000   299     1          5.194         15.190          9.656         17.359          4.000
  2000   300     1          1.887          9.815          6.711         11.312          2.500
  2000   301     1          0.000          0.000          0.000          0.000          0.000
  2000   302     1          0.000          0.000          0.000          0.000          0.000
  2000   303     1          2.715         10.053          5.859          6.297          1.000
  2000   304     1          1.357          7.183          4.781          4.500          0.500
  2000   305     1          0.000          0.352          0.328          0.375          0.000
  2000   306     1          0.000          0.000          0.000          0.000          0.000
  2000   307     1          0.000          0.000          0.000          0.000          0.000
  2000   308     1          0.000          0.000          0.000          0.000          0.000
  2000   309     1          0.000          0.000          0.000          0.000          0.000
  2000   310     1          0.000          0.000          0.000          0.000          0.000
  2000   311     1          0.000          0.000          0.000          0.000          0.000
  2000   312     1          0.000          0.000          0.000          0.000          0.000
  2000   313     1          1.391          6.398          4.148          3.328          0.250
  2000   314     1          0.000          0.050          0.875          0.625          0.000
  2000   315     1          0.000          0.000          0.000          0.000          0.000
  2000   316     1          0.000          0.000          0.000          0.000          0.000
  2000   317     1          0.000          0.000          0.000          0.000          0.000
  2000   318     1          0.000          0.000          0.000          0.000          0.000
  2000   319     1          0.000          0.000          0.000          0.000          0.000
  2000   320     1          0.000          0.000          0.000          0.000          0.000
  2000   321     1          0.000          0.000          0.000          0.000          0.000
  2000   322     1          0.000          0.000          0.000          0.000          0.000
  2000   323     1          0.000          0.000          0.000          0.000          0.000
  2000   324     1          0.000          0.000          0.000          0.000          0.000
  2000   325     1          0.000          0.000          0.000          0.000          0.000
  2000   326     1          0.000          0.000          0.000          0.000          0.000
  2000   327     1          2.308          9.678          7.211          7.859          1.500
  2000   328     1          4.515         14.371          9.516         16.672          4.000
  2000   329     1          5.187         14.877         10.688         17.984          4.000
  2000   330     1          5.771         16.142         11.312         20.094          5.000
  2000   331     1          5.561         15.577         10.883         19.609          4.500
  2000   332     1          5.778         15.848         10.883         19.484          4.750
  2000   333     1          5.072         14.873         10.391         19.344          5.000
  2000   334     1          0.000          0.000          0.000          0.000          0.000
  2000   335     1          0.000          0.000          0.000          0.000          0.000
  2001     1     1          0.000          0.000          0.000          0.000          0.000
  2001     2     1          0.000          0.000          0.000          0.000          0.000
  2001     3     1          0.000          0.000          0.000          0.000          0.000
  2001     4     1          0.000          0.000          0.000          0.000          0.000
  2001     5     1          2.606          5.157          2.953          2.109          0.250
  2001     6     1          2.987          6.126          3.438          5.609          1.000
  2001     7     1          4.956         10.233          5.547          8.469          1.750
  2001     8     1          3.700          7.623          4.188          6.547          1.500
  2001     9     1          3.543          7.295          3.906          4.594          1.000
  2001    10     1          2.512          4.139          2.594          2.781          0.500
  2001    11     1          4.325          6.892          3.703          6.547          1.000
  2001    12     1          5.642          8.786          4.656          8.906          2.250
  2001    13     1          5.350          8.593          4.391          8.422          2.000
  2001    14     1          5.486          8.802          4.766          8.672          2.000
  2001    15     1          5.703         11.988          6.375         11.516          3.000
  2001    16     1          5.703         11.385          6.047         11.156          2.500
  2001    17     1          0.679          1.006          0.656          0.500          0.000
  2001    18     1          0.000          0.000          0.000          0.000          0.000
  2001    19     1          0.000          0.000          0.000          0.000          0.000
  2001    20     1          0.000          0.000          0.000          0.000          0.000
  2001    21     1          0.000          0.000          0.000          0.000          0.000
  2001    22     1          0.000          0.000          0.000          0.000          0.000
  2001    23     1          0.000          0.000          0.000          0.000          0.000
  2001    24     1          0.000          0.000          0.000          0.000          0.000
  2001    25     1          0.000          0.000          0.000          0.000          0.000
  2001    26     1          1.195          1.855          0.938          2.812          1.000
  2001    27     1          0.000          0.000          0.000          0.000          0.000
  2001    28     1          0.000          0.387          0.578          0.359          0.500
  2001    29     1          0.000          0.000          0.000          0.000          0.000
  2001    30     1          0.136          3.722          2.625          1.750          0.000
  2001    31     1          2.511          7.846          6.125          4.125          0.000
