soil moisture in profile [mm] for all sub-basins (MAP-IDs)
Year	Day	15	69
2000	1	 1072.365	 1020.343
2000	2	 1086.822	 1024.848
2000	3	 1090.354	 1028.270
2000	4	 1088.233	 1031.582
2000	5	 1098.653	 1044.774
2000	6	 1106.125	 1054.848
2000	7	 1109.052	 1065.958
2000	8	 1114.289	 1064.546
2000	9	 1117.307	 1060.656
2000	10	 1115.027	 1055.849
2000	11	 1111.266	 1051.727
2000	12	 1107.086	 1048.094
2000	13	 1103.622	 1043.366
2000	14	 1099.544	 1039.111
2000	15	 1094.949	 1034.714
2000	16	 1090.361	 1030.609
2000	17	 1089.930	 1030.198
2000	18	 1096.398	 1034.604
2000	19	 1102.101	 1048.887
2000	20	 1100.823	 1045.706
2000	21	 1098.188	 1041.447
2000	22	 1094.103	 1037.263
2000	23	 1089.826	 1033.174
2000	24	 1085.648	 1029.527
2000	25	 1082.247	 1025.643
2000	26	 1078.805	 1022.070
2000	27	 1075.933	 1019.562
2000	28	 1080.181	 1023.887
2000	29	 1093.952	 1034.031
2000	30	 1100.183	 1044.947
2000	31	 1109.445	 1043.766
2000	32	 1110.298	 1040.870
2000	33	 1107.901	 1037.453
2000	34	 1104.293	 1033.528
2000	35	 1099.837	 1029.389
2000	36	 1095.792	 1025.399
2000	37	 1091.666	 1021.600
2000	38	 1093.141	 1022.988
2000	39	 1109.400	 1026.707
2000	40	 1120.732	 1043.624
2000	41	 1133.205	 1063.774
2000	42	 1140.832	 1082.643
2000	43	 1150.063	 1093.165
2000	44	 1161.663	 1106.475
2000	45	 1180.650	 1119.055
2000	46	 1183.450	 1115.586
2000	47	 1180.825	 1110.740
2000	48	 1175.765	 1105.534
2000	49	 1170.813	 1101.487
2000	50	 1166.010	 1098.150
2000	51	 1162.009	 1093.657
2000	52	 1158.283	 1090.040
2000	53	 1153.893	 1085.904
2000	54	 1149.219	 1081.895
2000	55	 1144.543	 1077.804
2000	56	 1140.539	 1074.189
2000	57	 1136.197	 1070.064
2000	58	 1132.467	 1066.792
2000	59	 1129.111	 1063.604
2000	60	 1125.479	 1060.016
2000	61	 1121.331	 1056.445
2000	62	 1117.511	 1053.083
2000	63	 1114.358	 1050.279
2000	64	 1111.379	 1047.925
2000	65	 1108.311	 1045.684
2000	66	 1105.366	 1043.586
2000	67	 1102.496	 1041.359
2000	68	 1099.439	 1038.903
2000	69	 1096.484	 1036.237
2000	70	 1094.433	 1033.966
2000	71	 1091.937	 1031.224
2000	72	 1088.974	 1028.635
2000	73	 1087.934	 1026.421
2000	74	 1084.752	 1023.391
2000	75	 1081.821	 1020.518
2000	76	 1079.855	 1017.642
2000	77	 1077.297	 1014.871
2000	78	 1074.959	 1012.022
2000	79	 1073.456	 1009.010
2000	80	 1076.593	 1006.413
2000	81	 1074.925	 1005.951
2000	82	 1071.590	 1003.487
2000	83	 1068.344	 1001.509
2000	84	 1065.630	  999.440
2000	85	 1062.323	  996.187
2000	86	 1058.746	  992.929
2000	87	 1055.184	  989.896
2000	88	 1052.187	  987.389
2000	89	 1049.593	  984.983
2000	90	 1047.003	  982.636
2000	91	 1044.295	  980.621
2000	92	 1041.417	  978.244
2000	93	 1038.554	  975.974
2000	94	 1035.533	  973.456
2000	95	 1032.551	  970.958
2000	96	 1029.498	  968.174
2000	97	 1026.112	  964.842
2000	98	 1022.808	  961.514
2000	99	 1019.523	  958.319
2000	100	 1016.503	  955.270
2000	101	 1013.772	  952.745
2000	102	 1011.339	  950.178
2000	103	 1008.564	  947.513
2000	104	 1005.882	  945.052
2000	105	 1003.099	  942.468
2000	106	  999.958	  939.573
2000	107	  996.678	  936.220
2000	108	  993.614	  932.938
2000	109	  991.139	  930.077
2000	110	  988.380	  927.442
2000	111	  986.156	  925.315
2000	112	  984.186	  923.600
2000	113	  981.977	  921.802
2000	114	  979.448	  919.458
2000	115	  977.171	  917.623
2000	116	  974.552	  915.416
2000	117	  971.554	  912.758
2000	118	  968.421	  909.697
2000	119	  965.736	  906.704
2000	120	  962.919	  904.131
2000	121	  960.019	  901.383
2000	122	  957.404	  898.530
2000	123	  954.400	  895.306
2000	124	  951.844	  892.856
2000	125	  949.638	  890.714
2000	126	  947.495	  888.887
2000	127	  945.350	  886.702
2000	128	  943.396	  885.087
2000	129	  941.710	  883.770
2000	130	  939.774	  881.933
2000	131	  937.370	  879.671
2000	132	  934.889	  877.406
2000	133	  932.757	  875.721
2000	134	  930.588	  873.499
2000	135	  928.145	  871.215
2000	136	  925.790	  868.897
2000	137	  923.433	  866.740
2000	138	  921.132	  864.634
2000	139	  918.891	  862.622
2000	140	  916.559	  860.474
2000	141	  914.096	  858.161
2000	142	  911.743	  855.785
2000	143	  909.465	  853.322
2000	144	  907.515	  851.439
2000	145	  905.269	  849.216
2000	146	  902.869	  846.897
2000	147	  900.329	  844.633
2000	148	  897.689	  842.286
2000	149	  895.288	  840.046
2000	150	  893.139	  838.079
2000	151	  890.849	  836.006
2000	152	  888.290	  833.558
2000	153	  885.903	  831.252
2000	154	  883.603	  829.186
2000	155	  881.693	  827.349
2000	156	  879.945	  825.753
2000	157	  878.443	  824.185
2000	158	  877.036	  822.623
2000	159	  875.207	  821.194
2000	160	  873.078	  819.189
2000	161	  870.867	  817.200
2000	162	  868.761	  815.282
2000	163	  866.353	  812.949
2000	164	  864.164	  810.617
2000	165	  862.307	  809.010
2000	166	  860.532	  807.150
2000	167	  858.272	  805.024
2000	168	  855.969	  802.437
2000	169	  853.346	  800.003
2000	170	  850.783	  797.688
2000	171	  848.206	  795.270
2000	172	  845.500	  792.600
2000	173	  842.768	  790.030
2000	174	  839.940	  787.364
2000	175	  837.962	  784.944
2000	176	  835.612	  782.656
2000	177	  833.485	  780.639
2000	178	  831.546	  778.933
2000	179	  829.306	  777.203
2000	180	  827.133	  775.115
2000	181	  824.647	  772.683
2000	182	  822.032	  770.170
2000	183	  819.707	  767.917
2000	184	  817.579	  765.835
2000	185	  815.357	  763.739
2000	186	  812.796	  761.296
2000	187	  810.607	  759.395
2000	188	  808.276	  757.232
2000	189	  805.734	  754.810
2000	190	  803.135	  752.428
2000	191	  800.820	  750.279
2000	192	  798.330	  747.836
2000	193	  795.629	  745.223
2000	194	  793.108	  742.866
2000	195	  791.194	  741.302
2000	196	  788.871	  739.076
2000	197	  786.391	  736.739
2000	198	  783.833	  734.376
2000	199	  781.428	  732.141
2000	200	  779.148	  730.033
2000	201	  776.603	  727.760
2000	202	  774.101	  725.473
2000	203	  771.729	  723.283
2000	204	  769.270	  720.957
2000	205	  767.043	  718.914
2000	206	  764.544	  716.463
2000	207	  762.018	  713.938
2000	208	  759.178	  711.279
2000	209	  756.167	  708.372
2000	210	  753.142	  705.250
2000	211	  750.835	  702.282
2000	212	  748.441	  699.762
2000	213	  745.591	  696.998
2000	214	  742.877	  694.328
2000	215	  740.166	  691.720
2000	216	  738.212	  689.031
2000	217	  736.365	  687.980
2000	218	  735.180	  686.289
2000	219	  736.195	  684.164
2000	220	  750.593	  685.797
2000	221	  754.599	  683.697
2000	222	  751.354	  680.369
2000	223	  746.856	  677.265
2000	224	  742.737	  674.844
2000	225	  739.169	  672.157
2000	226	  736.277	  669.377
2000	227	  733.387	  666.581
2000	228	  730.373	  663.458
2000	229	  727.240	  660.318
2000	230	  724.005	  657.018
2000	231	  721.075	  654.117
2000	232	  718.041	  651.010
2000	233	  714.797	  647.880
2000	234	  711.563	  644.674
2000	235	  708.134	  641.296
2000	236	  704.599	  637.876
2000	237	  701.097	  634.509
2000	238	  697.436	  630.778
2000	239	  694.306	  627.543
2000	240	  691.927	  625.351
2000	241	  689.982	  623.421
2000	242	  687.080	  620.622
2000	243	  684.141	  617.666
2000	244	  681.225	  614.657
2000	245	  678.708	  611.910
2000	246	  675.352	  608.631
2000	247	  671.806	  604.933
2000	248	  668.394	  601.171
2000	249	  674.552	  598.198
2000	250	  678.583	  599.345
2000	251	  673.899	  594.146
2000	252	  668.308	  589.487
2000	253	  663.040	  585.979
2000	254	  659.183	  582.341
2000	255	  655.222	  578.656
2000	256	  651.125	  575.087
2000	257	  646.996	  571.653
2000	258	  643.165	  568.665
2000	259	  639.353	  565.969
2000	260	  635.775	  563.539
2000	261	  632.054	  561.177
2000	262	  628.326	  559.101
2000	263	  624.646	  557.161
2000	264	  620.848	  555.357
2000	265	  616.996	  553.754
2000	266	  613.488	  552.219
2000	267	  609.913	  550.688
2000	268	  606.333	  549.323
2000	269	  602.909	  547.965
2000	270	  599.141	  546.612
2000	271	  595.511	  545.259
2000	272	  593.004	  544.002
2000	273	  607.514	  547.176
2000	274	  613.966	  550.103
2000	275	  618.148	  553.750
2000	276	  617.568	  552.506
2000	277	  616.098	  550.953
2000	278	  626.360	  555.154
2000	279	  643.553	  592.727
2000	280	  660.983	  612.394
2000	281	  674.206	  638.550
2000	282	  690.133	  654.030
2000	283	  689.907	  652.489
2000	284	  688.568	  650.119
2000	285	  693.283	  656.235
2000	286	  694.569	  657.939
2000	287	  699.170	  671.122
2000	288	  707.499	  675.080
2000	289	  730.189	  690.707
2000	290	  752.613	  711.717
2000	291	  758.704	  708.524
2000	292	  755.346	  704.062
2000	293	  753.043	  699.847
2000	294	  753.054	  696.955
2000	295	  749.819	  694.551
2000	296	  745.286	  691.795
2000	297	  741.272	  688.964
2000	298	  738.602	  686.312
2000	299	  736.437	  683.922
2000	300	  735.089	  681.869
2000	301	  753.089	  684.677
2000	302	  764.316	  685.708
2000	303	  764.251	  681.559
2000	304	  764.648	  678.394
2000	305	  767.379	  678.893
2000	306	  775.832	  685.462
2000	307	  784.337	  700.066
2000	308	  795.502	  710.150
2000	309	  810.686	  734.821
2000	310	  818.197	  741.487
2000	311	  837.254	  756.300
2000	312	  846.362	  758.171
2000	313	  847.697	  755.825
2000	314	  852.371	  756.616
2000	315	  877.518	  785.758
2000	316	  885.622	  803.229
2000	317	  891.431	  815.018
2000	318	  902.486	  822.806
2000	319	  912.763	  835.514
2000	320	  917.864	  844.571
2000	321	  922.088	  857.940
2000	322	  925.377	  865.665
2000	323	  936.907	  872.124
2000	324	  941.614	  876.172
2000	325	  948.027	  883.641
2000	326	  951.339	  888.996
2000	327	  950.938	  885.271
2000	328	  947.681	  881.151
2000	329	  944.311	  877.156
2000	330	  940.399	  873.063
2000	331	  936.520	  869.213
2000	332	  932.605	  865.856
2000	333	  928.699	  862.850
2000	334	  930.330	  864.886
2000	335	  943.564	  879.393
2001	1	  955.870	  892.999
2001	2	  976.757	  917.429
2001	3	  985.446	  925.508
2001	4	  994.354	  935.635
2001	5	  994.391	  934.001
2001	6	  993.159	  932.922
2001	7	  991.419	  930.965
2001	8	  989.880	  929.590
2001	9	  989.339	  927.753
2001	10	  988.856	  926.703
2001	11	  987.395	  925.451
2001	12	  985.554	  924.039
2001	13	  983.768	  922.597
2001	14	  982.103	  921.156
2001	15	  979.899	  919.200
2001	16	  977.639	  917.273
2001	17	  980.595	  917.295
2001	18	  983.352	  921.670
2001	19	  987.377	  924.166
2001	20	 1004.592	  949.284
2001	21	 1020.888	  969.292
2001	22	 1038.582	  988.172
2001	23	 1045.954	 1004.871
2001	24	 1055.114	 1014.243
2001	25	 1062.028	 1025.894
2001	26	 1060.478	 1027.893
2001	27	 1062.512	 1029.244
2001	28	 1062.690	 1029.667
2001	29	 1069.623	 1032.913
2001	30	 1080.258	 1030.708
2001	31	 1081.636	 1026.070
