daily actual evapotranspiration [mm/d] for all sub-basins (MAP-IDs)
Year	Day	15	69
2000	1	 3.921	 4.343
2000	2	 2.778	 3.377
2000	3	 3.365	 3.440
2000	4	 3.551	 3.202
2000	5	 2.661	 2.832
2000	6	 2.256	 2.764
2000	7	 2.626	 3.111
2000	8	 2.876	 3.243
2000	9	 2.513	 3.695
2000	10	 3.164	 3.677
2000	11	 2.991	 3.292
2000	12	 3.393	 3.596
2000	13	 3.700	 3.918
2000	14	 3.773	 3.933
2000	15	 3.815	 3.644
2000	16	 3.612	 3.645
2000	17	 3.777	 3.983
2000	18	 2.685	 3.100
2000	19	 2.161	 1.780
2000	20	 2.889	 3.514
2000	21	 3.294	 3.388
2000	22	 3.341	 3.465
2000	23	 3.208	 3.578
2000	24	 3.488	 3.786
2000	25	 3.624	 3.547
2000	26	 3.325	 3.476
2000	27	 3.297	 3.551
2000	28	 2.945	 3.239
2000	29	 2.578	 2.985
2000	30	 2.306	 2.405
2000	31	 2.408	 2.848
2000	32	 2.642	 2.904
2000	33	 3.135	 3.130
2000	34	 3.299	 3.368
2000	35	 3.618	 3.739
2000	36	 3.564	 3.541
2000	37	 3.145	 3.258
2000	38	 2.804	 2.739
2000	39	 2.041	 2.419
2000	40	 2.091	 1.891
2000	41	 1.708	 1.611
2000	42	 1.964	 2.124
2000	43	 2.028	 2.147
2000	44	 1.920	 1.846
2000	45	 1.606	 2.015
2000	46	 2.245	 3.044
2000	47	 2.327	 3.233
2000	48	 2.791	 3.566
2000	49	 2.787	 2.944
2000	50	 2.998	 3.259
2000	51	 3.440	 3.446
2000	52	 2.854	 2.867
2000	53	 3.060	 3.143
2000	54	 3.182	 3.221
2000	55	 3.394	 3.470
2000	56	 3.172	 3.056
2000	57	 3.298	 3.288
2000	58	 3.103	 2.916
2000	59	 3.108	 2.983
2000	60	 3.267	 3.038
2000	61	 2.936	 3.032
2000	62	 2.804	 2.862
2000	63	 2.980	 2.737
2000	64	 2.376	 1.844
2000	65	 2.401	 1.945
2000	66	 2.402	 2.282
2000	67	 2.567	 2.550
2000	68	 2.914	 2.720
2000	69	 2.861	 2.209
2000	70	 3.072	 2.986
2000	71	 2.953	 2.445
2000	72	 2.942	 2.310
2000	73	 2.065	 2.162
2000	74	 2.898	 2.674
2000	75	 2.878	 2.845
2000	76	 2.940	 2.874
2000	77	 2.873	 2.991
2000	78	 2.794	 2.766
2000	79	 2.870	 2.853
2000	80	 2.839	 2.941
2000	81	 2.622	 3.229
2000	82	 2.711	 2.842
2000	83	 2.642	 2.675
2000	84	 2.421	 2.284
2000	85	 2.746	 2.966
2000	86	 3.037	 2.984
2000	87	 3.046	 2.769
2000	88	 2.700	 2.333
2000	89	 2.721	 2.543
2000	90	 2.723	 2.296
2000	91	 2.568	 1.875
2000	92	 2.497	 2.153
2000	93	 2.499	 2.054
2000	94	 2.616	 2.309
2000	95	 2.593	 2.297
2000	96	 2.679	 2.591
2000	97	 3.019	 3.146
2000	98	 2.961	 3.150
2000	99	 2.955	 3.024
2000	100	 2.703	 2.886
2000	101	 2.427	 2.427
2000	102	 2.140	 2.415
2000	103	 2.492	 2.518
2000	104	 2.410	 2.320
2000	105	 2.521	 2.447
2000	106	 2.887	 2.765
2000	107	 3.039	 3.228
2000	108	 2.833	 3.161
2000	109	 2.331	 2.745
2000	110	 2.544	 2.524
2000	111	 2.514	 2.328
2000	112	 2.264	 1.689
2000	113	 2.013	 1.695
2000	114	 2.339	 2.245
2000	115	 2.093	 1.738
2000	116	 2.441	 2.112
2000	117	 2.826	 2.567
2000	118	 2.969	 2.973
2000	119	 2.527	 2.909
2000	120	 2.665	 2.492
2000	121	 2.753	 2.669
2000	122	 2.473	 2.777
2000	123	 2.867	 3.150
2000	124	 2.425	 2.380
2000	125	 2.079	 2.074
2000	126	 2.020	 1.761
2000	127	 2.025	 2.120
2000	128	 1.838	 1.552
2000	129	 1.632	 1.556
2000	130	 1.826	 1.776
2000	131	 2.296	 2.203
2000	132	 2.377	 2.208
2000	133	 2.031	 1.810
2000	134	 2.141	 2.168
2000	135	 2.348	 2.232
2000	136	 2.262	 2.267
2000	137	 2.269	 2.108
2000	138	 2.214	 2.059
2000	139	 2.158	 1.964
2000	140	 2.250	 2.103
2000	141	 2.385	 2.269
2000	142	 2.277	 2.333
2000	143	 2.204	 2.421
2000	144	 1.949	 1.843
2000	145	 2.176	 2.184
2000	146	 2.332	 2.281
2000	147	 2.476	 2.227
2000	148	 2.577	 2.312
2000	149	 2.340	 2.206
2000	150	 2.090	 1.934
2000	151	 2.234	 2.040
2000	152	 2.503	 2.415
2000	153	 2.334	 2.276
2000	154	 2.247	 2.038
2000	155	 1.860	 1.880
2000	156	 1.698	 1.570
2000	157	 1.544	 1.542
2000	158	 1.439	 1.616
2000	159	 1.843	 1.474
2000	160	 2.084	 1.980
2000	161	 2.168	 1.965
2000	162	 2.063	 1.895
2000	163	 2.367	 2.311
2000	164	 2.149	 2.310
2000	165	 1.888	 1.986
2000	166	 1.737	 1.839
2000	167	 2.282	 2.105
2000	168	 2.268	 2.567
2000	169	 2.587	 2.414
2000	170	 2.619	 2.387
2000	171	 2.545	 2.399
2000	172	 2.675	 2.651
2000	173	 2.701	 2.553
2000	174	 2.798	 2.648
2000	175	 1.950	 2.403
2000	176	 2.402	 2.272
2000	177	 2.299	 2.000
2000	178	 1.983	 1.770
2000	179	 2.214	 1.795
2000	180	 2.147	 2.072
2000	181	 2.461	 2.417
2000	182	 2.592	 2.498
2000	183	 2.305	 2.239
2000	184	 2.107	 2.068
2000	185	 2.202	 2.083
2000	186	 2.540	 2.430
2000	187	 2.260	 1.889
2000	188	 2.312	 2.150
2000	189	 2.524	 2.410
2000	190	 2.581	 2.369
2000	191	 2.378	 2.137
2000	192	 2.473	 2.432
2000	193	 2.683	 2.601
2000	194	 2.505	 2.346
2000	195	 1.976	 1.553
2000	196	 2.308	 2.215
2000	197	 2.463	 2.326
2000	198	 2.542	 2.352
2000	199	 2.390	 2.225
2000	200	 2.265	 2.098
2000	201	 2.530	 2.263
2000	202	 2.487	 2.277
2000	203	 2.358	 2.180
2000	204	 2.444	 2.316
2000	205	 2.213	 2.124
2000	206	 2.485	 2.441
2000	207	 2.513	 2.516
2000	208	 2.826	 2.650
2000	209	 2.998	 2.897
2000	210	 3.012	 3.114
2000	211	 3.815	 2.959
2000	212	 2.791	 2.582
2000	213	 2.839	 2.757
2000	214	 2.702	 2.662
2000	215	 2.700	 2.601
2000	216	 4.252	 2.771
2000	217	 2.526	 3.544
2000	218	 1.675	 1.964
2000	219	 3.884	 2.308
2000	220	 3.780	 3.349
2000	221	 2.670	 2.493
2000	222	 3.530	 3.321
2000	223	 4.565	 3.097
2000	224	 4.106	 2.415
2000	225	 3.554	 2.680
2000	226	 2.879	 2.774
2000	227	 2.878	 2.791
2000	228	 3.002	 3.117
2000	229	 3.120	 3.134
2000	230	 3.224	 3.294
2000	231	 2.919	 2.896
2000	232	 3.023	 3.102
2000	233	 3.233	 3.126
2000	234	 3.224	 3.203
2000	235	 3.419	 3.376
2000	236	 3.526	 3.418
2000	237	 3.493	 3.365
2000	238	 3.652	 3.729
2000	239	 3.192	 3.232
2000	240	 2.370	 2.370
2000	241	 2.578	 2.749
2000	242	 2.894	 2.797
2000	243	 2.932	 2.955
2000	244	 2.988	 3.007
2000	245	 2.510	 2.745
2000	246	 3.349	 3.278
2000	247	 3.630	 3.696
2000	248	 4.181	 3.821
2000	249	 5.946	 6.172
2000	250	 4.272	 4.451
2000	251	 5.598	 5.198
2000	252	 5.584	 4.658
2000	253	 5.261	 3.497
2000	254	 3.850	 3.621
2000	255	 3.955	 3.663
2000	256	 4.092	 3.543
2000	257	 4.124	 3.405
2000	258	 3.826	 2.958
2000	259	 3.810	 2.666
2000	260	 3.576	 2.401
2000	261	 3.718	 2.333
2000	262	 3.726	 2.051
2000	263	 3.678	 1.918
2000	264	 3.796	 1.785
2000	265	 3.930	 1.799
2000	266	 4.407	 1.594
2000	267	 3.764	 1.523
2000	268	 3.649	 1.428
2000	269	 3.502	 1.357
2000	270	 3.767	 1.354
2000	271	 3.718	 1.353
2000	272	 4.705	 1.647
2000	273	 2.069	 2.236
2000	274	 2.607	 2.392
2000	275	 3.026	 2.543
2000	276	 3.268	 3.044
2000	277	 3.878	 3.764
2000	278	 2.726	 3.399
2000	279	 1.703	 1.302
2000	280	 1.432	 1.433
2000	281	 2.278	 2.122
2000	282	 1.751	 1.506
2000	283	 1.982	 2.345
2000	284	 2.505	 2.764
2000	285	 2.502	 2.458
2000	286	 2.910	 2.879
2000	287	 3.175	 3.020
2000	288	 2.454	 2.723
2000	289	 2.276	 2.233
2000	290	 1.655	 1.706
2000	291	 2.663	 3.968
2000	292	 3.822	 4.446
2000	293	 4.176	 4.381
2000	294	 3.454	 3.267
2000	295	 4.120	 2.771
2000	296	 4.559	 2.743
2000	297	 4.063	 2.818
2000	298	 2.638	 2.721
2000	299	 2.535	 2.568
2000	300	 3.710	 3.652
2000	301	 2.968	 3.982
2000	302	 3.027	 3.968
2000	303	 3.625	 4.229
2000	304	 3.662	 4.665
2000	305	 3.528	 4.361
2000	306	 3.191	 4.031
2000	307	 3.133	 3.504
2000	308	 3.656	 4.021
2000	309	 2.555	 2.503
2000	310	 2.413	 2.928
2000	311	 2.331	 2.656
2000	312	 2.158	 2.694
2000	313	 3.023	 3.802
2000	314	 3.371	 4.294
2000	315	 2.076	 2.015
2000	316	 2.297	 1.950
2000	317	 2.185	 2.128
2000	318	 1.980	 2.117
2000	319	 1.644	 2.126
2000	320	 2.085	 2.330
2000	321	 1.650	 1.311
2000	322	 2.438	 2.016
2000	323	 2.858	 2.896
2000	324	 2.783	 2.585
2000	325	 2.800	 2.832
2000	326	 2.593	 2.147
2000	327	 3.589	 3.992
2000	328	 3.865	 3.994
2000	329	 3.497	 3.878
2000	330	 3.461	 3.906
2000	331	 3.663	 3.726
2000	332	 3.509	 3.275
2000	333	 3.833	 3.352
2000	334	 3.223	 3.398
2000	335	 2.599	 2.948
2001	1	 1.573	 1.595
2001	2	 1.343	 1.601
2001	3	 1.736	 2.026
2001	4	 1.336	 1.396
2001	5	 1.845	 1.748
2001	6	 1.928	 2.108
2001	7	 1.775	 1.665
2001	8	 1.997	 1.991
2001	9	 1.929	 1.672
2001	10	 1.465	 1.115
2001	11	 1.338	 1.102
2001	12	 1.164	 1.091
2001	13	 1.129	 1.130
2001	14	 1.028	 1.138
2001	15	 1.591	 1.662
2001	16	 1.672	 1.731
2001	17	 1.653	 1.900
2001	18	 1.854	 2.038
2001	19	 1.883	 2.020
2001	20	 1.488	 1.502
2001	21	 1.465	 1.416
2001	22	 1.521	 1.428
2001	23	 1.511	 1.483
2001	24	 1.455	 1.299
2001	25	 2.478	 1.537
2001	26	 1.823	 1.854
2001	27	 2.609	 2.708
2001	28	 2.557	 2.523
2001	29	 2.552	 2.485
2001	30	 3.245	 3.954
2001	31	 3.397	 3.915
