soil moisture in profile [mm] for all sub-basins (MAP-IDs)
Year	Day	15	69
2000	1	  940.364	  878.368
2000	2	  956.179	  883.606
2000	3	  961.160	  887.764
2000	4	  960.450	  891.845
2000	5	  972.307	  905.881
2000	6	  981.353	  916.924
2000	7	  985.899	  929.117
2000	8	  992.761	  928.840
2000	9	  997.420	  926.025
2000	10	  996.708	  922.222
2000	11	  994.380	  919.030
2000	12	  991.500	  916.259
2000	13	  989.218	  912.336
2000	14	  986.217	  908.829
2000	15	  982.606	  905.140
2000	16	  978.914	  901.836
2000	17	  979.306	  902.019
2000	18	  986.578	  907.008
2000	19	  993.137	  921.952
2000	20	  992.719	  919.461
2000	21	  990.899	  915.857
2000	22	  987.577	  912.288
2000	23	  984.008	  908.773
2000	24	  980.481	  905.666
2000	25	  977.686	  902.295
2000	26	  974.812	  899.221
2000	27	  972.475	  897.195
2000	28	  977.230	  901.951
2000	29	  991.565	  912.554
2000	30	  998.412	  923.985
2000	31	 1008.358	  923.364
2000	32	 1009.912	  921.004
2000	33	 1008.197	  918.095
2000	34	 1005.232	  914.652
2000	35	 1001.379	  910.967
2000	36	  997.895	  907.411
2000	37	  994.293	  904.044
2000	38	  996.260	  905.814
2000	39	 1013.042	  909.906
2000	40	 1024.999	  927.255
2000	41	 1038.208	  947.932
2000	42	 1046.651	  967.499
2000	43	 1056.765	  978.838
2000	44	 1069.382	  993.096
2000	45	 1089.588	 1006.769
2000	46	 1093.707	 1004.460
2000	47	 1092.332	 1000.669
2000	48	 1088.411	  996.418
2000	49	 1084.491	  993.243
2000	50	 1080.629	  990.719
2000	51	 1077.489	  986.996
2000	52	 1074.559	  984.109
2000	53	 1070.912	  980.702
2000	54	 1066.936	  977.572
2000	55	 1062.925	  974.344
2000	56	 1059.546	  971.440
2000	57	 1055.809	  967.920
2000	58	 1052.668	  965.188
2000	59	 1049.887	  962.512
2000	60	 1046.832	  959.414
2000	61	 1043.393	  956.316
2000	62	 1040.240	  953.407
2000	63	 1037.707	  951.028
2000	64	 1035.357	  949.089
2000	65	 1032.922	  947.242
2000	66	 1030.576	  945.522
2000	67	 1028.288	  943.661
2000	68	 1025.781	  941.554
2000	69	 1023.372	  939.241
2000	70	 1021.701	  937.303
2000	71	 1019.560	  934.886
2000	72	 1016.973	  932.630
2000	73	 1016.254	  930.753
2000	74	 1013.421	  928.257
2000	75	 1010.899	  925.881
2000	76	 1009.264	  923.496
2000	77	 1007.090	  921.152
2000	78	 1005.211	  918.763
2000	79	 1003.998	  916.244
2000	80	 1007.392	  913.987
2000	81	 1005.948	  913.685
2000	82	 1002.833	  911.377
2000	83	  999.802	  909.556
2000	84	  997.296	  907.672
2000	85	  994.198	  904.740
2000	86	  990.839	  901.761
2000	87	  987.512	  899.179
2000	88	  984.773	  897.026
2000	89	  982.599	  894.943
2000	90	  980.452	  892.822
2000	91	  978.182	  891.014
2000	92	  975.751	  888.839
2000	93	  973.159	  886.763
2000	94	  970.398	  884.433
2000	95	  967.675	  882.115
2000	96	  965.020	  879.504
2000	97	  961.934	  876.337
2000	98	  958.860	  873.168
2000	99	  955.796	  870.129
2000	100	  952.988	  867.229
2000	101	  950.459	  864.847
2000	102	  948.221	  862.417
2000	103	  945.633	  859.883
2000	104	  943.131	  857.549
2000	105	  940.522	  855.088
2000	106	  937.548	  852.310
2000	107	  934.426	  849.068
2000	108	  931.513	  845.893
2000	109	  929.183	  843.134
2000	110	  926.565	  840.596
2000	111	  924.474	  838.564
2000	112	  922.634	  836.940
2000	113	  920.551	  835.231
2000	114	  918.143	  832.973
2000	115	  915.983	  831.222
2000	116	  913.477	  829.097
2000	117	  910.588	  826.517
2000	118	  907.557	  823.532
2000	119	  904.971	  820.609
2000	120	  902.247	  818.105
2000	121	  899.438	  815.424
2000	122	  896.909	  812.635
2000	123	  893.988	  809.474
2000	124	  891.510	  807.081
2000	125	  889.381	  804.995
2000	126	  887.311	  803.223
2000	127	  885.237	  801.092
2000	128	  883.351	  799.529
2000	129	  881.732	  798.262
2000	130	  879.860	  796.475
2000	131	  877.519	  794.261
2000	132	  875.098	  792.042
2000	133	  873.024	  790.402
2000	134	  870.911	  788.224
2000	135	  868.522	  785.982
2000	136	  866.219	  783.704
2000	137	  863.912	  781.587
2000	138	  861.660	  779.518
2000	139	  859.464	  777.545
2000	140	  857.177	  775.433
2000	141	  854.755	  773.155
2000	142	  852.446	  770.812
2000	143	  850.213	  768.382
2000	144	  848.305	  766.530
2000	145	  846.100	  764.337
2000	146	  843.740	  762.048
2000	147	  841.237	  759.813
2000	148	  838.633	  757.493
2000	149	  836.267	  755.279
2000	150	  834.151	  753.338
2000	151	  831.892	  751.290
2000	152	  829.364	  748.868
2000	153	  827.006	  746.582
2000	154	  824.734	  744.535
2000	155	  822.850	  742.715
2000	156	  821.129	  741.136
2000	157	  819.651	  739.586
2000	158	  818.269	  738.041
2000	159	  816.464	  736.628
2000	160	  814.357	  734.639
2000	161	  812.167	  732.666
2000	162	  810.082	  730.764
2000	163	  807.694	  728.446
2000	164	  805.524	  726.128
2000	165	  803.686	  724.535
2000	166	  801.929	  722.689
2000	167	  799.687	  720.577
2000	168	  797.400	  718.005
2000	169	  794.794	  715.584
2000	170	  792.246	  713.280
2000	171	  789.683	  710.876
2000	172	  786.989	  708.219
2000	173	  784.271	  705.658
2000	174	  781.454	  703.006
2000	175	  779.487	  700.597
2000	176	  777.148	  698.318
2000	177	  775.032	  696.312
2000	178	  773.102	  694.617
2000	179	  770.872	  692.897
2000	180	  768.709	  690.819
2000	181	  766.232	  688.397
2000	182	  763.623	  685.896
2000	183	  761.301	  683.651
2000	184	  759.176	  681.578
2000	185	  756.957	  679.491
2000	186	  754.400	  677.057
2000	187	  752.214	  675.164
2000	188	  749.886	  673.011
2000	189	  747.347	  670.598
2000	190	  744.751	  668.225
2000	191	  742.439	  666.083
2000	192	  739.952	  663.648
2000	193	  737.254	  661.043
2000	194	  734.735	  658.694
2000	195	  732.825	  657.136
2000	196	  730.504	  654.917
2000	197	  728.027	  652.589
2000	198	  725.472	  650.233
2000	199	  723.069	  648.005
2000	200	  720.791	  645.903
2000	201	  718.249	  643.638
2000	202	  715.749	  641.357
2000	203	  713.379	  639.173
2000	204	  710.923	  636.854
2000	205	  708.698	  634.817
2000	206	  706.202	  632.374
2000	207	  703.677	  629.855
2000	208	  700.840	  627.202
2000	209	  697.831	  624.301
2000	210	  694.808	  621.185
2000	211	  692.503	  618.223
2000	212	  690.111	  615.709
2000	213	  687.262	  612.951
2000	214	  684.550	  610.288
2000	215	  681.841	  607.690
2000	216	  679.889	  605.027
2000	217	  678.044	  604.031
2000	218	  676.860	  602.398
2000	219	  677.876	  600.427
2000	220	  692.276	  602.202
2000	221	  696.283	  600.234
2000	222	  693.040	  597.215
2000	223	  688.542	  594.627
2000	224	  684.424	  592.694
2000	225	  680.860	  590.660
2000	226	  677.970	  588.684
2000	227	  675.082	  586.829
2000	228	  672.070	  584.921
2000	229	  668.939	  583.177
2000	230	  665.706	  581.505
2000	231	  662.778	  580.152
2000	232	  659.745	  578.793
2000	233	  656.503	  577.515
2000	234	  653.271	  576.273
2000	235	  649.844	  575.040
2000	236	  646.310	  573.839
2000	237	  642.810	  572.738
2000	238	  639.150	  571.646
2000	239	  636.021	  570.685
2000	240	  633.644	  570.003
2000	241	  631.700	  569.458
2000	242	  628.799	  568.431
2000	243	  625.861	  567.464
2000	244	  622.947	  566.476
2000	245	  620.431	  565.575
2000	246	  617.076	  564.522
2000	247	  613.531	  563.365
2000	248	  610.132	  562.195
2000	249	  616.394	  561.599
2000	250	  620.469	  564.045
2000	251	  615.873	  560.712
2000	252	  610.733	  558.487
2000	253	  606.411	  557.252
2000	254	  602.943	  555.952
2000	255	  599.579	  554.598
2000	256	  596.331	  553.223
2000	257	  593.315	  551.811
2000	258	  590.753	  550.478
2000	259	  588.400	  549.155
2000	260	  586.365	  547.850
2000	261	  584.410	  546.474
2000	262	  582.617	  545.162
2000	263	  580.983	  543.831
2000	264	  579.401	  542.495
2000	265	  577.865	  541.222
2000	266	  576.602	  539.928
2000	267	  575.251	  538.565
2000	268	  573.949	  537.263
2000	269	  572.698	  535.906
2000	270	  571.308	  534.552
2000	271	  570.017	  533.199
2000	272	  569.196	  531.943
2000	273	  584.024	  535.117
2000	274	  590.701	  538.044
2000	275	  595.079	  541.691
2000	276	  594.641	  540.447
2000	277	  593.362	  538.893
2000	278	  603.706	  543.094
2000	279	  620.902	  580.679
2000	280	  638.333	  600.346
2000	281	  651.556	  626.503
2000	282	  667.485	  641.986
2000	283	  667.260	  640.449
2000	284	  665.922	  638.083
2000	285	  670.638	  644.203
2000	286	  671.926	  645.912
2000	287	  676.527	  659.099
2000	288	  684.858	  663.060
2000	289	  707.549	  678.690
2000	290	  729.976	  699.705
2000	291	  736.070	  696.516
2000	292	  732.714	  692.060
2000	293	  730.414	  687.849
2000	294	  730.427	  684.973
2000	295	  727.195	  682.577
2000	296	  722.664	  679.830
2000	297	  718.651	  677.008
2000	298	  715.989	  674.363
2000	299	  713.828	  671.981
2000	300	  712.482	  669.936
2000	301	  730.485	  672.747
2000	302	  741.714	  673.782
2000	303	  741.652	  669.637
2000	304	  742.052	  666.475
2000	305	  744.786	  666.977
2000	306	  753.242	  673.550
2000	307	  761.751	  688.157
2000	308	  772.920	  698.246
2000	309	  788.108	  722.927
2000	310	  795.626	  729.601
2000	311	  814.689	  744.423
2000	312	  823.805	  746.305
2000	313	  825.149	  743.969
2000	314	  829.831	  744.771
2000	315	  854.989	  773.925
2000	316	  863.107	  791.414
2000	317	  868.929	  803.223
2000	318	  880.000	  811.036
2000	319	  890.294	  823.770
2000	320	  895.415	  832.859
2000	321	  899.658	  846.264
2000	322	  902.968	  854.030
2000	323	  914.521	  860.533
2000	324	  919.255	  864.629
2000	325	  925.698	  872.148
2000	326	  929.041	  877.558
2000	327	  928.672	  873.890
2000	328	  925.445	  869.824
2000	329	  922.104	  865.882
2000	330	  918.219	  861.841
2000	331	  914.365	  858.164
2000	332	  910.475	  854.895
2000	333	  906.595	  851.972
2000	334	  908.248	  854.048
2000	335	  921.504	  868.597
2001	1	  933.836	  882.253
2001	2	  954.755	  906.802
2001	3	  963.481	  914.958
2001	4	  972.430	  925.170
2001	5	  972.508	  923.624
2001	6	  971.316	  922.632
2001	7	  969.616	  920.759
2001	8	  968.113	  919.465
2001	9	  967.608	  917.707
2001	10	  967.160	  916.733
2001	11	  965.732	  915.557
2001	12	  963.923	  914.217
2001	13	  962.168	  912.846
2001	14	  960.533	  911.473
2001	15	  958.357	  909.583
2001	16	  956.123	  907.722
2001	17	  959.106	  907.806
2001	18	  961.889	  912.241
2001	19	  965.941	  914.799
2001	20	  983.187	  939.996
2001	21	  999.521	  960.116
2001	22	 1017.263	  979.120
2001	23	 1024.688	  995.987
2001	24	 1033.907	 1005.529
2001	25	 1040.885	 1017.374
2001	26	 1039.398	 1019.575
2001	27	 1041.492	 1021.125
2001	28	 1041.729	 1021.743
2001	29	 1048.722	 1025.181
2001	30	 1059.425	 1023.163
2001	31	 1060.872	 1018.699
