daily river flow [m3/s] for all sub-basins (MAP-IDs)
Year	Day	15	69
2000	1	 102.102	  57.885
2000	2	 126.784	  59.387
2000	3	 111.571	  60.924
2000	4	 112.313	  62.515
2000	5	 119.917	  66.404
2000	6	 124.048	  66.681
2000	7	 126.823	  69.263
2000	8	 132.473	  71.865
2000	9	 135.218	  73.860
2000	10	 135.058	  75.846
2000	11	 136.564	  77.679
2000	12	 139.022	  79.340
2000	13	 141.675	  80.844
2000	14	 143.568	  82.194
2000	15	 145.364	  83.405
2000	16	 147.079	  84.490
2000	17	 148.683	  85.486
2000	18	 150.532	  86.586
2000	19	 152.545	  88.010
2000	20	 154.531	  89.306
2000	21	 156.070	  90.496
2000	22	 157.548	  91.557
2000	23	 158.897	  92.504
2000	24	 160.091	  93.350
2000	25	 161.132	  94.110
2000	26	 162.056	  94.784
2000	27	 162.866	  95.384
2000	28	 163.762	  96.039
2000	29	 167.015	  96.860
2000	30	 166.444	  97.891
2000	31	 168.163	  98.840
2000	32	 169.830	  99.729
2000	33	 171.347	 100.549
2000	34	 172.718	 101.285
2000	35	 173.943	 101.932
2000	36	 175.030	 102.495
2000	37	 175.974	 102.984
2000	38	 176.898	 103.446
2000	39	 187.716	 103.981
2000	40	 180.112	 108.201
2000	41	 184.065	 137.816
2000	42	 186.728	 139.530
2000	43	 191.377	 109.865
2000	44	 200.405	 114.884
2000	45	 388.448	 119.970
2000	46	 209.763	 118.599
2000	47	 208.370	 120.867
2000	48	 209.830	 123.105
2000	49	 213.146	 125.104
2000	50	 216.238	 126.907
2000	51	 219.270	 128.540
2000	52	 221.507	 130.007
2000	53	 223.574	 131.319
2000	54	 225.511	 132.486
2000	55	 227.236	 133.521
2000	56	 228.751	 134.440
2000	57	 230.081	 135.241
2000	58	 231.241	 135.945
2000	59	 232.261	 136.565
2000	60	 233.156	 137.102
2000	61	 233.918	 137.558
2000	62	 234.552	 137.941
2000	63	 235.078	 138.264
2000	64	 235.521	 138.538
2000	65	 235.883	 138.771
2000	66	 236.168	 138.965
2000	67	 236.381	 139.123
2000	68	 236.522	 139.244
2000	69	 236.597	 139.325
2000	70	 236.610	 139.368
2000	71	 236.574	 139.377
2000	72	 236.490	 139.352
2000	73	 236.370	 139.297
2000	74	 236.203	 139.207
2000	75	 235.993	 139.085
2000	76	 235.737	 138.934
2000	77	 235.447	 138.755
2000	78	 235.124	 138.550
2000	79	 234.768	 138.320
2000	80	 234.482	 138.069
2000	81	 234.149	 137.799
2000	82	 233.787	 137.512
2000	83	 233.383	 137.210
2000	84	 232.943	 136.895
2000	85	 232.463	 136.560
2000	86	 231.943	 136.205
2000	87	 231.387	 135.833
2000	88	 230.801	 135.447
2000	89	 230.190	 135.048
2000	90	 229.555	 134.637
2000	91	 228.897	 134.216
2000	92	 228.215	 133.783
2000	93	 227.509	 133.340
2000	94	 226.780	 132.885
2000	95	 226.028	 132.418
2000	96	 225.256	 131.941
2000	97	 224.459	 131.450
2000	98	 223.639	 130.947
2000	99	 222.799	 130.433
2000	100	 221.941	 129.910
2000	101	 221.068	 129.380
2000	102	 220.184	 128.843
2000	103	 219.285	 128.299
2000	104	 218.374	 127.749
2000	105	 217.450	 127.193
2000	106	 216.513	 126.630
2000	107	 215.563	 126.061
2000	108	 214.602	 125.485
2000	109	 213.634	 124.904
2000	110	 212.657	 124.320
2000	111	 211.676	 123.734
2000	112	 210.692	 123.147
2000	113	 209.703	 122.560
2000	114	 208.710	 121.969
2000	115	 207.713	 121.378
2000	116	 206.710	 120.785
2000	117	 205.702	 120.190
2000	118	 204.688	 119.592
2000	119	 203.670	 118.991
2000	120	 202.648	 118.389
2000	121	 201.622	 117.786
2000	122	 200.595	 117.181
2000	123	 199.564	 116.575
2000	124	 198.531	 115.968
2000	125	 197.499	 115.361
2000	126	 196.466	 114.755
2000	127	 195.434	 114.149
2000	128	 194.403	 113.545
2000	129	 193.374	 112.942
2000	130	 192.345	 112.341
2000	131	 191.318	 111.740
2000	132	 190.290	 111.139
2000	133	 189.264	 110.540
2000	134	 188.240	 109.941
2000	135	 187.216	 109.344
2000	136	 186.194	 108.747
2000	137	 185.173	 108.152
2000	138	 184.154	 107.557
2000	139	 183.137	 106.964
2000	140	 182.122	 106.373
2000	141	 181.109	 105.782
2000	142	 180.098	 105.193
2000	143	 179.089	 104.606
2000	144	 178.083	 104.020
2000	145	 177.081	 103.436
2000	146	 176.080	 102.853
2000	147	 175.082	 102.272
2000	148	 174.087	 101.692
2000	149	 173.094	 101.114
2000	150	 172.105	 100.539
2000	151	 171.118	  99.965
2000	152	 170.135	  99.393
2000	153	 169.155	  98.823
2000	154	 168.179	  98.254
2000	155	 167.206	  97.686
2000	156	 166.238	  97.119
2000	157	 165.274	  96.554
2000	158	 164.315	  95.993
2000	159	 163.360	  95.434
2000	160	 162.408	  94.877
2000	161	 161.461	  94.324
2000	162	 160.518	  93.772
2000	163	 159.578	  93.223
2000	164	 158.643	  92.677
2000	165	 157.711	  92.133
2000	166	 156.785	  91.592
2000	167	 155.862	  91.054
2000	168	 154.943	  90.518
2000	169	 154.028	  89.984
2000	170	 153.117	  89.453
2000	171	 152.211	  88.924
2000	172	 151.308	  88.398
2000	173	 150.409	  87.874
2000	174	 149.514	  87.353
2000	175	 148.623	  86.835
2000	176	 147.737	  86.319
2000	177	 146.855	  85.805
2000	178	 145.978	  85.295
2000	179	 145.105	  84.787
2000	180	 144.237	  84.282
2000	181	 143.373	  83.779
2000	182	 142.512	  83.279
2000	183	 141.654	  82.781
2000	184	 140.799	  82.287
2000	185	 139.949	  81.795
2000	186	 139.104	  81.305
2000	187	 138.263	  80.818
2000	188	 137.427	  80.334
2000	189	 136.596	  79.852
2000	190	 135.770	  79.373
2000	191	 134.948	  78.897
2000	192	 134.131	  78.423
2000	193	 133.318	  77.952
2000	194	 132.510	  77.484
2000	195	 131.707	  77.018
2000	196	 130.909	  76.555
2000	197	 130.115	  76.095
2000	198	 129.326	  75.637
2000	199	 128.541	  75.182
2000	200	 127.762	  74.730
2000	201	 126.986	  74.280
2000	202	 126.216	  73.833
2000	203	 125.450	  73.388
2000	204	 124.688	  72.946
2000	205	 123.931	  72.506
2000	206	 123.178	  72.069
2000	207	 122.429	  71.635
2000	208	 121.685	  71.203
2000	209	 120.946	  70.773
2000	210	 120.210	  70.345
2000	211	 119.479	  69.920
2000	212	 118.752	  69.498
2000	213	 118.029	  69.078
2000	214	 117.310	  68.660
2000	215	 116.596	  68.244
2000	216	 115.886	  67.831
2000	217	 115.180	  67.421
2000	218	 114.478	  67.012
2000	219	 113.781	  66.606
2000	220	 113.102	  66.203
2000	221	 112.419	  65.801
2000	222	 111.734	  65.403
2000	223	 111.060	  65.006
2000	224	 110.390	  64.612
2000	225	 109.724	  64.220
2000	226	 109.061	  63.830
2000	227	 108.402	  63.442
2000	228	 107.747	  63.057
2000	229	 107.095	  62.673
2000	230	 106.447	  62.292
2000	231	 105.802	  61.913
2000	232	 105.161	  61.536
2000	233	 104.523	  61.160
2000	234	 103.888	  60.784
2000	235	 103.257	  60.409
2000	236	 102.630	  60.036
2000	237	 102.006	  59.665
2000	238	 101.385	  59.296
2000	239	 100.767	  58.930
2000	240	 100.154	  58.566
2000	241	  99.543	  58.204
2000	242	  98.937	  57.844
2000	243	  98.333	  57.487
2000	244	  97.733	  57.132
2000	245	  97.137	  56.778
2000	246	  96.543	  56.427
2000	247	  95.953	  56.078
2000	248	  95.367	  55.731
2000	249	  94.790	  55.387
2000	250	  94.214	  55.045
2000	251	  93.633	  54.704
2000	252	  93.062	  54.365
2000	253	  92.494	  54.028
2000	254	  91.929	  53.692
2000	255	  91.368	  53.357
2000	256	  90.809	  53.025
2000	257	  90.254	  52.695
2000	258	  89.701	  52.367
2000	259	  89.151	  52.041
2000	260	  88.601	  51.717
2000	261	  88.054	  51.395
2000	262	  87.510	  51.075
2000	263	  86.969	  50.757
2000	264	  86.432	  50.442
2000	265	  85.897	  50.128
2000	266	  85.367	  49.816
2000	267	  84.839	  49.506
2000	268	  84.314	  49.199
2000	269	  83.793	  48.893
2000	270	  83.275	  48.589
2000	271	  82.760	  48.287
2000	272	  82.248	  47.987
2000	273	  81.750	  47.690
2000	274	  81.244	  47.399
2000	275	  80.743	  47.106
2000	276	  80.240	  46.807
2000	277	  79.745	  46.515
2000	278	  79.261	  46.233
2000	279	  78.783	 128.784
2000	280	  78.310	  45.669
2000	281	  77.843	  45.392
2000	282	  77.387	  45.121
2000	283	  76.923	  44.841
2000	284	  76.470	  44.575
2000	285	  76.031	  44.320
2000	286	  75.584	  44.055
2000	287	  75.147	  43.801
2000	288	  74.716	  43.545
2000	289	  74.304	  43.300
2000	290	  73.912	  43.065
2000	291	  73.525	  42.817
2000	292	  73.133	  42.581
2000	293	  72.750	  42.346
2000	294	  72.369	  42.111
2000	295	  71.986	  41.876
2000	296	  71.605	  41.642
2000	297	  71.224	  41.409
2000	298	  70.842	  41.175
2000	299	  70.461	  40.943
2000	300	  70.081	  40.711
2000	301	  69.726	  40.482
2000	302	  69.375	  40.257
2000	303	  69.022	  40.022
2000	304	  68.679	  39.795
2000	305	  68.341	  39.570
2000	306	  68.017	  39.353
2000	307	  67.707	  39.140
2000	308	  67.419	  38.930
2000	309	  67.168	  42.938
2000	310	  66.932	  38.555
2000	311	  66.758	  38.387
2000	312	  66.609	  38.216
2000	313	  66.455	  38.043
2000	314	  66.330	  37.882
2000	315	 101.912	  76.939
2000	316	  66.347	  37.663
2000	317	  66.407	  37.591
2000	318	  66.540	  37.538
2000	319	  66.748	  37.521
2000	320	  66.990	  37.529
2000	321	  67.267	  37.589
2000	322	  67.569	  37.675
2000	323	  67.988	  37.789
2000	324	  68.449	  37.921
2000	325	  68.981	  38.092
2000	326	  69.544	  38.290
2000	327	  70.065	  38.460
2000	328	  70.548	  38.620
2000	329	  70.992	  38.760
2000	330	  71.390	  38.880
2000	331	  71.739	  38.982
2000	332	  72.042	  39.067
2000	333	  72.302	  39.137
2000	334	  72.533	  39.197
2000	335	  72.910	  39.336
2001	1	  73.416	  39.538
2001	2	  91.188	  71.933
2001	3	  75.138	  40.334
2001	4	  76.221	  40.858
2001	5	  77.241	  41.345
2001	6	  78.219	  41.818
2001	7	  79.145	  42.268
2001	8	  80.023	  42.696
2001	9	  80.862	  43.102
2001	10	  81.674	  43.489
2001	11	  82.445	  43.857
2001	12	  83.173	  44.207
2001	13	  83.859	  44.537
2001	14	  84.507	  44.849
2001	15	  85.106	  45.140
2001	16	  85.654	  45.410
2001	17	  86.229	  45.667
2001	18	  86.829	  45.967
2001	19	  87.477	  46.270
2001	20	  92.461	 100.623
2001	21	  93.127	  56.110
2001	22	 105.704	  55.699
2001	23	  93.306	  52.914
2001	24	  95.478	  51.525
2001	25	  98.405	  53.352
2001	26	 100.199	  55.165
2001	27	 102.731	  56.988
2001	28	 104.659	  58.725
2001	29	 107.353	  60.568
2001	30	 113.038	  62.263
2001	31	 113.901	  63.825
