daily river flow [m3/s] for all sub-basins (MAP-IDs)
Year	Day	15	69
2000	1	 481.309	 277.817
2000	2	 495.730	 262.160
2000	3	 543.123	 265.196
2000	4	 545.397	 277.190
2000	5	 549.525	 299.978
2000	6	 611.298	 345.229
2000	7	 645.516	 390.553
2000	8	 660.745	 423.622
2000	9	 681.875	 410.567
2000	10	 675.763	 387.546
2000	11	 637.265	 362.278
2000	12	 592.377	 337.362
2000	13	 549.943	 315.409
2000	14	 511.098	 292.646
2000	15	 475.664	 272.363
2000	16	 441.164	 253.451
2000	17	 409.161	 237.688
2000	18	 398.197	 232.518
2000	19	 424.508	 256.164
2000	20	 440.901	 279.654
2000	21	 428.770	 270.157
2000	22	 408.632	 255.690
2000	23	 385.855	 239.333
2000	24	 361.223	 224.242
2000	25	 337.562	 211.205
2000	26	 317.739	 198.734
2000	27	 299.917	 187.707
2000	28	 287.119	 179.971
2000	29	 311.788	 189.807
2000	30	 349.111	 214.167
2000	31	 389.966	 238.759
2000	32	 413.734	 234.549
2000	33	 412.888	 225.240
2000	34	 397.242	 213.662
2000	35	 377.883	 200.849
2000	36	 357.074	 188.607
2000	37	 335.117	 177.523
2000	38	 316.099	 168.584
2000	39	 326.400	 165.948
2000	40	 391.684	 186.802
2000	41	 465.907	 227.294
2000	42	 526.860	 303.033
2000	43	 583.940	 363.740
2000	44	 671.528	 426.009
2000	45	 808.344	 497.143
2000	46	 932.229	 550.965
2000	47	 929.715	 523.270
2000	48	 876.957	 480.124
2000	49	 812.679	 441.227
2000	50	 753.003	 411.838
2000	51	 698.406	 386.521
2000	52	 651.359	 360.468
2000	53	 611.589	 338.135
2000	54	 570.339	 316.071
2000	55	 530.530	 296.204
2000	56	 495.375	 278.210
2000	57	 464.774	 261.506
2000	58	 436.619	 245.403
2000	59	 413.252	 232.369
2000	60	 392.699	 220.362
2000	61	 372.130	 208.301
2000	62	 350.768	 196.962
2000	63	 332.176	 186.980
2000	64	 317.396	 178.686
2000	65	 304.290	 171.850
2000	66	 291.578	 165.866
2000	67	 279.779	 160.399
2000	68	 268.482	 154.856
2000	69	 257.244	 148.923
2000	70	 247.236	 142.999
2000	71	 239.052	 137.591
2000	72	 230.862	 132.235
2000	73	 222.962	 127.344
2000	74	 217.033	 122.684
2000	75	 208.952	 117.620
2000	76	 200.989	 112.921
2000	77	 194.583	 108.515
2000	78	 188.653	 104.386
2000	79	 182.969	 100.270
2000	80	 179.050	  96.330
2000	81	 179.770	  92.964
2000	82	 177.011	  89.938
2000	83	 171.687	  87.101
2000	84	 165.955	  84.652
2000	85	 160.023	  82.077
2000	86	 153.547	  78.825
2000	87	 147.125	  75.631
2000	88	 141.302	  72.810
2000	89	 136.375	  70.387
2000	90	 131.959	  68.084
2000	91	 127.665	  65.935
2000	92	 123.382	  63.950
2000	93	 119.067	  61.854
2000	94	 114.700	  59.802
2000	95	 110.351	  57.702
2000	96	 106.139	  55.617
2000	97	 101.862	  53.394
2000	98	  97.428	  51.063
2000	99	  93.189	  48.844
2000	100	  89.253	  46.805
2000	101	  85.781	  45.027
2000	102	  82.737	  43.467
2000	103	  79.893	  41.923
2000	104	  76.932	  40.401
2000	105	  74.095	  38.977
2000	106	  71.219	  37.536
2000	107	  68.230	  36.026
2000	108	  65.349	  34.487
2000	109	  62.845	  33.082
2000	110	  60.671	  31.874
2000	111	  58.590	  30.834
2000	112	  56.911	  30.016
2000	113	  55.343	  29.306
2000	114	  53.627	  28.525
2000	115	  51.863	  27.691
2000	116	  50.180	  26.945
2000	117	  48.349	  26.089
2000	118	  46.414	  25.138
2000	119	  44.582	  24.163
2000	120	  42.960	  23.275
2000	121	  41.366	  22.486
2000	122	  39.840	  21.695
2000	123	  38.391	  20.887
2000	124	  36.938	  20.096
2000	125	  35.717	  19.465
2000	126	  34.652	  18.930
2000	127	  33.635	  18.428
2000	128	  32.671	  17.922
2000	129	  31.822	  17.543
2000	130	  31.044	  17.190
2000	131	  30.165	  16.736
2000	132	  29.180	  16.233
2000	133	  28.246	  15.778
2000	134	  27.425	  15.383
2000	135	  26.598	  14.930
2000	136	  25.743	  14.481
2000	137	  24.919	  14.043
2000	138	  24.125	  13.642
2000	139	  23.372	  13.264
2000	140	  22.648	  12.901
2000	141	  21.919	  12.528
2000	142	  21.202	  12.147
2000	143	  20.540	  11.773
2000	144	  19.932	  11.426
2000	145	  19.374	  11.122
2000	146	  18.771	  10.791
2000	147	  18.153	  10.461
2000	148	  17.528	  10.145
2000	149	  16.932	   9.838
2000	150	  16.394	   9.560
2000	151	  15.901	   9.303
2000	152	  15.397	   8.980
2000	153	  14.886	   8.337
2000	154	  14.415	   7.844
2000	155	  13.998	   7.646
2000	156	  13.647	   7.485
2000	157	  13.342	   7.344
2000	158	  13.083	   7.208
2000	159	  12.815	   7.081
2000	160	  12.489	   6.945
2000	161	  12.131	   6.779
2000	162	  11.782	   6.623
2000	163	  11.444	   6.464
2000	164	  11.100	   6.293
2000	165	  10.800	   6.146
2000	166	  10.540	   6.030
2000	167	  10.282	   5.899
2000	168	   9.986	   5.752
2000	169	   9.680	   5.595
2000	170	   9.366	   5.451
2000	171	   9.073	   5.317
2000	172	   8.783	   5.179
2000	173	   8.494	   5.036
2000	174	   8.210	   4.899
2000	175	   7.958	   4.769
2000	176	   7.754	   4.652
2000	177	   7.545	   4.546
2000	178	   7.358	   4.454
2000	179	   7.180	   4.373
2000	180	   6.992	   4.292
2000	181	   6.804	   4.195
2000	182	   6.585	   4.093
2000	183	   6.221	   3.994
2000	184	   5.624	   3.907
2000	185	   5.472	   3.827
2000	186	   5.353	   3.746
2000	187	   5.239	   3.668
2000	188	   5.135	   3.600
2000	189	   5.027	   3.525
2000	190	   4.918	   3.452
2000	191	   4.818	   3.385
2000	192	   4.728	   3.321
2000	193	   4.637	   3.256
2000	194	   4.548	   3.194
2000	195	   4.473	   3.143
2000	196	   4.405	   3.101
2000	197	   4.335	   3.051
2000	198	   4.262	   3.002
2000	199	   4.195	   2.957
2000	200	   4.135	   2.915
2000	201	   4.072	   2.872
2000	202	   4.006	   2.828
2000	203	   3.942	   2.784
2000	204	   3.877	   2.740
2000	205	   3.811	   2.696
2000	206	   3.749	   2.653
2000	207	   3.685	   2.606
2000	208	   3.615	   2.556
2000	209	   3.541	   2.504
2000	210	   3.463	   2.448
2000	211	   3.392	   2.391
2000	212	   3.330	   2.339
2000	213	   3.263	   2.289
2000	214	   3.190	   2.236
2000	215	   3.119	   2.186
2000	216	   3.052	   2.138
2000	217	   2.998	   2.093
2000	218	   2.957	   2.060
2000	219	   2.919	   2.032
2000	220	   3.084	   1.999
2000	221	   3.586	   1.975
2000	222	   3.799	   1.949
2000	223	   3.778	   1.912
2000	224	   3.707	   1.866
2000	225	   3.629	   1.821
2000	226	   3.537	   1.773
2000	227	   3.442	   1.724
2000	228	   3.347	   1.675
2000	229	   3.251	   1.622
2000	230	   3.155	   1.570
2000	231	   3.062	   1.519
2000	232	   2.972	   1.391
2000	233	   2.881	   0.983
2000	234	   2.786	   0.702
2000	235	   2.692	   0.666
2000	236	   2.597	   0.641
2000	237	   2.504	   0.616
2000	238	   2.414	   0.593
2000	239	   2.331	   0.570
2000	240	   2.262	   0.552
2000	241	   2.206	   0.537
2000	242	   2.149	   0.523
2000	243	   2.082	   0.505
2000	244	   2.015	   0.486
2000	245	   1.950	   0.469
2000	246	   1.890	   0.452
2000	247	   1.821	   0.434
2000	248	   1.751	   0.415
2000	249	   1.695	   0.397
2000	250	   1.777	   0.376
2000	251	   1.874	   0.306
2000	252	   1.842	   0.153
2000	253	   1.779	   0.007
2000	254	   1.707	   0.000
2000	255	   1.630	   0.000
2000	256	   1.552	   0.000
2000	257	   1.465	   0.000
2000	258	   1.160	   0.000
2000	259	   0.707	   0.000
2000	260	   0.650	   0.000
2000	261	   0.619	   0.000
2000	262	   0.589	   0.000
2000	263	   0.561	   0.000
2000	264	   0.534	   0.000
2000	265	   0.509	   0.000
2000	266	   0.484	   0.000
2000	267	   0.461	   0.000
2000	268	   0.439	   0.000
2000	269	   0.418	   0.000
2000	270	   0.398	   0.000
2000	271	   0.378	   0.000
2000	272	   0.336	   0.000
2000	273	   0.324	   0.000
2000	274	   0.427	   0.004
2000	275	   0.475	   0.006
2000	276	   0.508	   0.005
2000	277	   0.512	   0.003
2000	278	   0.543	   0.006
2000	279	   0.836	  45.174
2000	280	   1.757	   0.042
2000	281	   2.373	   0.480
2000	282	   2.977	   1.050
2000	283	   3.605	   1.675
2000	284	   3.649	   1.698
2000	285	   3.616	   1.687
2000	286	   3.725	   1.779
2000	287	   3.875	   2.021
2000	288	   4.203	   2.321
2000	289	  14.867	   2.651
2000	290	   7.729	   3.534
2000	291	   9.499	   4.373
2000	292	  10.079	   4.335
2000	293	   9.928	   4.193
2000	294	   9.680	   4.041
2000	295	   9.469	   3.889
2000	296	   9.201	   3.734
2000	297	   8.886	   3.570
2000	298	   8.553	   3.412
2000	299	   8.224	   3.272
2000	300	   7.948	   3.147
2000	301	   8.091	   3.040
2000	302	   9.599	   2.974
2000	303	  10.857	   2.946
2000	304	  11.096	   2.867
2000	305	  11.254	   2.779
2000	306	  11.995	   2.829
2000	307	  13.666	   3.343
2000	308	  15.746	   4.200
2000	309	  18.574	   7.799
2000	310	  22.410	   6.908
2000	311	  26.172	   8.388
2000	312	  32.730	   9.577
2000	313	  35.489	   9.811
2000	314	  36.407	   9.683
2000	315	  42.344	  11.436
2000	316	  54.857	  15.581
2000	317	  60.482	  19.949
2000	318	  67.122	  23.177
2000	319	  76.260	  26.493
2000	320	  86.462	  30.865
2000	321	  90.759	  35.537
2000	322	  95.095	  41.234
2000	323	 103.435	  45.873
2000	324	 115.171	  49.421
2000	325	 124.923	  52.890
2000	326	 133.204	  57.869
2000	327	 136.408	  60.638
2000	328	 134.567	  59.117
2000	329	 130.001	  56.641
2000	330	 124.495	  54.044
2000	331	 118.034	  51.486
2000	332	 111.796	  49.017
2000	333	 105.872	  46.726
2000	334	 100.666	  44.821
2000	335	 100.452	  45.717
2001	1	 118.248	  54.211
2001	2	 146.195	 112.171
2001	3	 180.905	  86.974
2001	4	 200.975	  98.097
2001	5	 216.615	 106.795
2001	6	 214.729	 105.714
2001	7	 209.854	 103.534
2001	8	 204.090	 101.094
2001	9	 198.489	  98.770
2001	10	 193.912	  96.108
2001	11	 190.212	  93.898
2001	12	 185.743	  91.541
2001	13	 180.564	  89.081
2001	14	 175.213	  86.665
2001	15	 169.021	  84.182
2001	16	 162.051	  81.543
2001	17	 156.455	  79.313
2001	18	 157.297	  78.535
2001	19	 162.903	  80.342
2001	20	 185.020	 100.065
2001	21	 220.729	 172.847
2001	22	 281.159	 161.832
2001	23	 326.460	 224.338
2001	24	 366.727	 237.191
2001	25	 402.419	 272.984
2001	26	 415.120	 297.529
2001	27	 405.964	 301.831
2001	28	 403.808	 302.712
2001	29	 410.223	 303.348
2001	30	 457.280	 305.692
2001	31	 497.325	 294.757
