total subsurface runoff (groundwater+interflow) [m**3/timestep] for all sub-basins (MAP-IDs)
Year	Day	Timestep	15	69
2000	1	1	0.10126E+08	0.57241E+07
2000	2	1	0.10391E+08	0.58506E+07
2000	3	1	0.10658E+08	0.59804E+07
2000	4	1	0.10898E+08	0.61149E+07
2000	5	1	0.11186E+08	0.62796E+07
2000	6	1	0.11500E+08	0.64693E+07
2000	7	1	0.11814E+08	0.66901E+07
2000	8	1	0.12142E+08	0.68935E+07
2000	9	1	0.12472E+08	0.70805E+07
2000	10	1	0.12765E+08	0.72509E+07
2000	11	1	0.13027E+08	0.74063E+07
2000	12	1	0.13261E+08	0.75466E+07
2000	13	1	0.13470E+08	0.76734E+07
2000	14	1	0.13657E+08	0.77868E+07
2000	15	1	0.13825E+08	0.78881E+07
2000	16	1	0.13974E+08	0.79784E+07
2000	17	1	0.14110E+08	0.80610E+07
2000	18	1	0.14267E+08	0.81526E+07
2000	19	1	0.14440E+08	0.82723E+07
2000	20	1	0.14596E+08	0.83813E+07
2000	21	1	0.14738E+08	0.84807E+07
2000	22	1	0.14866E+08	0.85691E+07
2000	23	1	0.14981E+08	0.86475E+07
2000	24	1	0.15082E+08	0.87172E+07
2000	25	1	0.15169E+08	0.87794E+07
2000	26	1	0.15246E+08	0.88342E+07
2000	27	1	0.15314E+08	0.88826E+07
2000	28	1	0.15389E+08	0.89356E+07
2000	29	1	0.15496E+08	0.90032E+07
2000	30	1	0.15618E+08	0.90889E+07
2000	31	1	0.15767E+08	0.91678E+07
2000	32	1	0.15911E+08	0.92413E+07
2000	33	1	0.16042E+08	0.93089E+07
2000	34	1	0.16160E+08	0.93692E+07
2000	35	1	0.16265E+08	0.94217E+07
2000	36	1	0.16358E+08	0.94671E+07
2000	37	1	0.16439E+08	0.95060E+07
2000	38	1	0.16517E+08	0.95425E+07
2000	39	1	0.16641E+08	0.95854E+07
2000	40	1	0.16797E+08	0.96528E+07
2000	41	1	0.16999E+08	0.97574E+07
2000	42	1	0.17229E+08	0.99057E+07
2000	43	1	0.17497E+08	0.10082E+08
2000	44	1	0.17823E+08	0.10300E+08
2000	45	1	0.18255E+08	0.10566E+08
2000	46	1	0.18691E+08	0.10805E+08
2000	47	1	0.19079E+08	0.11021E+08
2000	48	1	0.19424E+08	0.11212E+08
2000	49	1	0.19733E+08	0.11382E+08
2000	50	1	0.20009E+08	0.11535E+08
2000	51	1	0.20254E+08	0.11673E+08
2000	52	1	0.20475E+08	0.11797E+08
2000	53	1	0.20674E+08	0.11907E+08
2000	54	1	0.20851E+08	0.12005E+08
2000	55	1	0.21006E+08	0.12091E+08
2000	56	1	0.21142E+08	0.12167E+08
2000	57	1	0.21261E+08	0.12234E+08
2000	58	1	0.21365E+08	0.12291E+08
2000	59	1	0.21456E+08	0.12342E+08
2000	60	1	0.21535E+08	0.12385E+08
2000	61	1	0.21603E+08	0.12422E+08
2000	62	1	0.21659E+08	0.12452E+08
2000	63	1	0.21705E+08	0.12477E+08
2000	64	1	0.21744E+08	0.12497E+08
2000	65	1	0.21776E+08	0.12514E+08
2000	66	1	0.21800E+08	0.12528E+08
2000	67	1	0.21818E+08	0.12539E+08
2000	68	1	0.21829E+08	0.12546E+08
2000	69	1	0.21834E+08	0.12550E+08
2000	70	1	0.21834E+08	0.12551E+08
2000	71	1	0.21829E+08	0.12549E+08
2000	72	1	0.21820E+08	0.12544E+08
2000	73	1	0.21807E+08	0.12536E+08
2000	74	1	0.21790E+08	0.12526E+08
2000	75	1	0.21770E+08	0.12512E+08
2000	76	1	0.21745E+08	0.12496E+08
2000	77	1	0.21717E+08	0.12478E+08
2000	78	1	0.21686E+08	0.12457E+08
2000	79	1	0.21652E+08	0.12435E+08
2000	80	1	0.21625E+08	0.12410E+08
2000	81	1	0.21593E+08	0.12384E+08
2000	82	1	0.21558E+08	0.12356E+08
2000	83	1	0.21520E+08	0.12328E+08
2000	84	1	0.21478E+08	0.12298E+08
2000	85	1	0.21433E+08	0.12266E+08
2000	86	1	0.21384E+08	0.12232E+08
2000	87	1	0.21332E+08	0.12198E+08
2000	88	1	0.21277E+08	0.12161E+08
2000	89	1	0.21220E+08	0.12124E+08
2000	90	1	0.21161E+08	0.12086E+08
2000	91	1	0.21099E+08	0.12047E+08
2000	92	1	0.21035E+08	0.12007E+08
2000	93	1	0.20970E+08	0.11966E+08
2000	94	1	0.20902E+08	0.11924E+08
2000	95	1	0.20832E+08	0.11881E+08
2000	96	1	0.20760E+08	0.11837E+08
2000	97	1	0.20686E+08	0.11792E+08
2000	98	1	0.20609E+08	0.11746E+08
2000	99	1	0.20531E+08	0.11700E+08
2000	100	1	0.20452E+08	0.11652E+08
2000	101	1	0.20371E+08	0.11603E+08
2000	102	1	0.20289E+08	0.11555E+08
2000	103	1	0.20205E+08	0.11505E+08
2000	104	1	0.20121E+08	0.11455E+08
2000	105	1	0.20035E+08	0.11405E+08
2000	106	1	0.19948E+08	0.11353E+08
2000	107	1	0.19860E+08	0.11302E+08
2000	108	1	0.19771E+08	0.11250E+08
2000	109	1	0.19682E+08	0.11197E+08
2000	110	1	0.19591E+08	0.11144E+08
2000	111	1	0.19501E+08	0.11091E+08
2000	112	1	0.19410E+08	0.11038E+08
2000	113	1	0.19318E+08	0.10985E+08
2000	114	1	0.19226E+08	0.10932E+08
2000	115	1	0.19134E+08	0.10878E+08
2000	116	1	0.19041E+08	0.10825E+08
2000	117	1	0.18948E+08	0.10771E+08
2000	118	1	0.18854E+08	0.10717E+08
2000	119	1	0.18760E+08	0.10663E+08
2000	120	1	0.18666E+08	0.10609E+08
2000	121	1	0.18571E+08	0.10554E+08
2000	122	1	0.18476E+08	0.10500E+08
2000	123	1	0.18381E+08	0.10445E+08
2000	124	1	0.18285E+08	0.10390E+08
2000	125	1	0.18190E+08	0.10336E+08
2000	126	1	0.18095E+08	0.10281E+08
2000	127	1	0.17999E+08	0.10227E+08
2000	128	1	0.17904E+08	0.10172E+08
2000	129	1	0.17809E+08	0.10118E+08
2000	130	1	0.17714E+08	0.10064E+08
2000	131	1	0.17619E+08	0.10010E+08
2000	132	1	0.17524E+08	0.99560E+07
2000	133	1	0.17430E+08	0.99022E+07
2000	134	1	0.17335E+08	0.98484E+07
2000	135	1	0.17241E+08	0.97947E+07
2000	136	1	0.17146E+08	0.97411E+07
2000	137	1	0.17052E+08	0.96876E+07
2000	138	1	0.16958E+08	0.96342E+07
2000	139	1	0.16864E+08	0.95809E+07
2000	140	1	0.16771E+08	0.95278E+07
2000	141	1	0.16677E+08	0.94748E+07
2000	142	1	0.16584E+08	0.94220E+07
2000	143	1	0.16491E+08	0.93692E+07
2000	144	1	0.16398E+08	0.93166E+07
2000	145	1	0.16306E+08	0.92642E+07
2000	146	1	0.16214E+08	0.92119E+07
2000	147	1	0.16122E+08	0.91598E+07
2000	148	1	0.16030E+08	0.91078E+07
2000	149	1	0.15939E+08	0.90560E+07
2000	150	1	0.15847E+08	0.90043E+07
2000	151	1	0.15756E+08	0.89529E+07
2000	152	1	0.15666E+08	0.89016E+07
2000	153	1	0.15575E+08	0.88505E+07
2000	154	1	0.15485E+08	0.87995E+07
2000	155	1	0.15396E+08	0.87486E+07
2000	156	1	0.15307E+08	0.86978E+07
2000	157	1	0.15218E+08	0.86472E+07
2000	158	1	0.15129E+08	0.85969E+07
2000	159	1	0.15041E+08	0.85468E+07
2000	160	1	0.14954E+08	0.84969E+07
2000	161	1	0.14867E+08	0.84473E+07
2000	162	1	0.14780E+08	0.83979E+07
2000	163	1	0.14693E+08	0.83487E+07
2000	164	1	0.14607E+08	0.82998E+07
2000	165	1	0.14521E+08	0.82511E+07
2000	166	1	0.14436E+08	0.82026E+07
2000	167	1	0.14351E+08	0.81544E+07
2000	168	1	0.14266E+08	0.81064E+07
2000	169	1	0.14182E+08	0.80586E+07
2000	170	1	0.14098E+08	0.80110E+07
2000	171	1	0.14014E+08	0.79637E+07
2000	172	1	0.13931E+08	0.79165E+07
2000	173	1	0.13848E+08	0.78696E+07
2000	174	1	0.13766E+08	0.78230E+07
2000	175	1	0.13684E+08	0.77765E+07
2000	176	1	0.13602E+08	0.77303E+07
2000	177	1	0.13521E+08	0.76844E+07
2000	178	1	0.13440E+08	0.76387E+07
2000	179	1	0.13360E+08	0.75932E+07
2000	180	1	0.13280E+08	0.75480E+07
2000	181	1	0.13201E+08	0.75030E+07
2000	182	1	0.13121E+08	0.74582E+07
2000	183	1	0.13043E+08	0.74137E+07
2000	184	1	0.12964E+08	0.73694E+07
2000	185	1	0.12886E+08	0.73253E+07
2000	186	1	0.12808E+08	0.72815E+07
2000	187	1	0.12731E+08	0.72379E+07
2000	188	1	0.12654E+08	0.71946E+07
2000	189	1	0.12577E+08	0.71515E+07
2000	190	1	0.12501E+08	0.71086E+07
2000	191	1	0.12426E+08	0.70660E+07
2000	192	1	0.12350E+08	0.70236E+07
2000	193	1	0.12275E+08	0.69814E+07
2000	194	1	0.12201E+08	0.69395E+07
2000	195	1	0.12127E+08	0.68978E+07
2000	196	1	0.12054E+08	0.68564E+07
2000	197	1	0.11980E+08	0.68152E+07
2000	198	1	0.11908E+08	0.67742E+07
2000	199	1	0.11836E+08	0.67335E+07
2000	200	1	0.11764E+08	0.66930E+07
2000	201	1	0.11692E+08	0.66527E+07
2000	202	1	0.11621E+08	0.66127E+07
2000	203	1	0.11551E+08	0.65729E+07
2000	204	1	0.11481E+08	0.65333E+07
2000	205	1	0.11411E+08	0.64940E+07
2000	206	1	0.11342E+08	0.64549E+07
2000	207	1	0.11273E+08	0.64160E+07
2000	208	1	0.11204E+08	0.63773E+07
2000	209	1	0.11136E+08	0.63389E+07
2000	210	1	0.11068E+08	0.63006E+07
2000	211	1	0.11001E+08	0.62626E+07
2000	212	1	0.10934E+08	0.62248E+07
2000	213	1	0.10868E+08	0.61872E+07
2000	214	1	0.10802E+08	0.61498E+07
2000	215	1	0.10736E+08	0.61126E+07
2000	216	1	0.10670E+08	0.60756E+07
2000	217	1	0.10605E+08	0.60389E+07
2000	218	1	0.10541E+08	0.60023E+07
2000	219	1	0.10477E+08	0.59660E+07
2000	220	1	0.10414E+08	0.59299E+07
2000	221	1	0.10351E+08	0.58940E+07
2000	222	1	0.10288E+08	0.58584E+07
2000	223	1	0.10226E+08	0.58229E+07
2000	224	1	0.10164E+08	0.57876E+07
2000	225	1	0.10103E+08	0.57525E+07
2000	226	1	0.10042E+08	0.57176E+07
2000	227	1	0.99814E+07	0.56830E+07
2000	228	1	0.99210E+07	0.56485E+07
2000	229	1	0.98610E+07	0.56142E+07
2000	230	1	0.98013E+07	0.55800E+07
2000	231	1	0.97419E+07	0.55461E+07
2000	232	1	0.96829E+07	0.55124E+07
2000	233	1	0.96242E+07	0.54788E+07
2000	234	1	0.95658E+07	0.54451E+07
2000	235	1	0.95077E+07	0.54116E+07
2000	236	1	0.94499E+07	0.53782E+07
2000	237	1	0.93924E+07	0.53451E+07
2000	238	1	0.93353E+07	0.53121E+07
2000	239	1	0.92785E+07	0.52793E+07
2000	240	1	0.92220E+07	0.52468E+07
2000	241	1	0.91658E+07	0.52144E+07
2000	242	1	0.91100E+07	0.51822E+07
2000	243	1	0.90545E+07	0.51503E+07
2000	244	1	0.89993E+07	0.51185E+07
2000	245	1	0.89444E+07	0.50869E+07
2000	246	1	0.88898E+07	0.50555E+07
2000	247	1	0.88355E+07	0.50243E+07
2000	248	1	0.87815E+07	0.49933E+07
2000	249	1	0.87283E+07	0.49625E+07
2000	250	1	0.86753E+07	0.49318E+07
2000	251	1	0.86220E+07	0.49014E+07
2000	252	1	0.85694E+07	0.48711E+07
2000	253	1	0.85172E+07	0.48410E+07
2000	254	1	0.84652E+07	0.48109E+07
2000	255	1	0.84136E+07	0.47810E+07
2000	256	1	0.83622E+07	0.47513E+07
2000	257	1	0.83111E+07	0.47217E+07
2000	258	1	0.82602E+07	0.46924E+07
2000	259	1	0.82096E+07	0.46633E+07
2000	260	1	0.81590E+07	0.46343E+07
2000	261	1	0.81087E+07	0.46055E+07
2000	262	1	0.80587E+07	0.45769E+07
2000	263	1	0.80090E+07	0.45485E+07
2000	264	1	0.79596E+07	0.45203E+07
2000	265	1	0.79104E+07	0.44922E+07
2000	266	1	0.78616E+07	0.44643E+07
2000	267	1	0.78131E+07	0.44366E+07
2000	268	1	0.77649E+07	0.44091E+07
2000	269	1	0.77170E+07	0.43817E+07
2000	270	1	0.76693E+07	0.43546E+07
2000	271	1	0.76220E+07	0.43276E+07
2000	272	1	0.75749E+07	0.43007E+07
2000	273	1	0.75289E+07	0.42741E+07
2000	274	1	0.74824E+07	0.42480E+07
2000	275	1	0.74363E+07	0.42218E+07
2000	276	1	0.73902E+07	0.41952E+07
2000	277	1	0.73447E+07	0.41691E+07
2000	278	1	0.73000E+07	0.41438E+07
2000	279	1	0.72559E+07	0.41183E+07
2000	280	1	0.72123E+07	0.40931E+07
2000	281	1	0.71693E+07	0.40681E+07
2000	282	1	0.71272E+07	0.40440E+07
2000	283	1	0.70847E+07	0.40193E+07
2000	284	1	0.70430E+07	0.39954E+07
2000	285	1	0.70023E+07	0.39724E+07
2000	286	1	0.69611E+07	0.39488E+07
2000	287	1	0.69208E+07	0.39258E+07
2000	288	1	0.68809E+07	0.39031E+07
2000	289	1	0.68426E+07	0.38809E+07
2000	290	1	0.68062E+07	0.38597E+07
2000	291	1	0.67704E+07	0.38377E+07
2000	292	1	0.67342E+07	0.38166E+07
2000	293	1	0.66986E+07	0.37954E+07
2000	294	1	0.66631E+07	0.37744E+07
2000	295	1	0.66277E+07	0.37533E+07
2000	296	1	0.65923E+07	0.37323E+07
2000	297	1	0.65569E+07	0.37113E+07
2000	298	1	0.65216E+07	0.36904E+07
2000	299	1	0.64862E+07	0.36695E+07
2000	300	1	0.64510E+07	0.36487E+07
2000	301	1	0.64177E+07	0.36281E+07
2000	302	1	0.63851E+07	0.36079E+07
2000	303	1	0.63524E+07	0.35870E+07
2000	304	1	0.63205E+07	0.35665E+07
2000	305	1	0.62889E+07	0.35463E+07
2000	306	1	0.62585E+07	0.35268E+07
2000	307	1	0.62295E+07	0.35075E+07
2000	308	1	0.62023E+07	0.34887E+07
2000	309	1	0.61783E+07	0.34716E+07
2000	310	1	0.61558E+07	0.34549E+07
2000	311	1	0.61383E+07	0.34396E+07
2000	312	1	0.61234E+07	0.34243E+07
2000	313	1	0.61080E+07	0.34087E+07
2000	314	1	0.60950E+07	0.33940E+07
2000	315	1	0.60919E+07	0.33824E+07
2000	316	1	0.60921E+07	0.33735E+07
2000	317	1	0.60952E+07	0.33666E+07
2000	318	1	0.61045E+07	0.33614E+07
2000	319	1	0.61204E+07	0.33592E+07
2000	320	1	0.61396E+07	0.33593E+07
2000	321	1	0.61619E+07	0.33638E+07
2000	322	1	0.61861E+07	0.33707E+07
2000	323	1	0.62202E+07	0.33799E+07
2000	324	1	0.62582E+07	0.33907E+07
2000	325	1	0.63022E+07	0.34048E+07
2000	326	1	0.63490E+07	0.34213E+07
2000	327	1	0.63922E+07	0.34355E+07
2000	328	1	0.64321E+07	0.34487E+07
2000	329	1	0.64686E+07	0.34602E+07
2000	330	1	0.65011E+07	0.34700E+07
2000	331	1	0.65294E+07	0.34782E+07
2000	332	1	0.65537E+07	0.34849E+07
2000	333	1	0.65744E+07	0.34903E+07
2000	334	1	0.65925E+07	0.34948E+07
2000	335	1	0.66230E+07	0.35060E+07
2001	1	1	0.66650E+07	0.35229E+07
2001	2	1	0.67320E+07	0.35540E+07
2001	3	1	0.68105E+07	0.35907E+07
2001	4	1	0.69025E+07	0.36353E+07
2001	5	1	0.69892E+07	0.36770E+07
2001	6	1	0.70722E+07	0.37174E+07
2001	7	1	0.71506E+07	0.37558E+07
2001	8	1	0.72248E+07	0.37921E+07
2001	9	1	0.72958E+07	0.38267E+07
2001	10	1	0.73644E+07	0.38595E+07
2001	11	1	0.74295E+07	0.38908E+07
2001	12	1	0.74908E+07	0.39205E+07
2001	13	1	0.75486E+07	0.39485E+07
2001	14	1	0.76031E+07	0.39749E+07
2001	15	1	0.76533E+07	0.39995E+07
2001	16	1	0.76991E+07	0.40224E+07
2001	17	1	0.77472E+07	0.40440E+07
2001	18	1	0.77976E+07	0.40693E+07
2001	19	1	0.78521E+07	0.40950E+07
2001	20	1	0.79320E+07	0.41405E+07
2001	21	1	0.80407E+07	0.42062E+07
2001	22	1	0.81878E+07	0.42962E+07
2001	23	1	0.83510E+07	0.44132E+07
2001	24	1	0.85378E+07	0.45466E+07
2001	25	1	0.87414E+07	0.47040E+07
2001	26	1	0.89293E+07	0.48604E+07
2001	27	1	0.91207E+07	0.50176E+07
2001	28	1	0.92998E+07	0.51673E+07
2001	29	1	0.95026E+07	0.53260E+07
2001	30	1	0.97391E+07	0.54721E+07
2001	31	1	0.99708E+07	0.56068E+07
