Year, day, hour, totalsedinflow(ton/timestep), totalsedoutflow(ton/timestep), totalsedimentation(ton/timestep), cumsedimentation(ton)
  2000     1     1          0.003          0.001          0.002          0.002
  2000     2     1          0.057          0.020          0.037          0.039
  2000     3     1          0.027          0.011          0.017          0.056
  2000     4     1          0.016          0.007          0.009          0.065
  2000     5     1          0.068          0.028          0.040          0.104
  2000     6     1          0.051          0.022          0.029          0.133
  2000     7     1          0.046          0.021          0.025          0.159
  2000     8     1          0.022          0.009          0.013          0.172
  2000     9     1          0.013          0.005          0.008          0.180
  2000    10     1          0.004          0.001          0.002          0.182
  2000    11     1          0.001          0.000          0.001          0.183
  2000    12     1          0.001          0.001          0.001          0.183
  2000    13     1          0.002          0.001          0.001          0.185
  2000    14     1          0.001          0.001          0.001          0.185
  2000    15     1          0.000          0.000          0.000          0.186
  2000    16     1          0.000          0.000          0.000          0.186
  2000    17     1          0.012          0.005          0.006          0.192
  2000    18     1          0.033          0.015          0.018          0.210
  2000    19     1          0.053          0.026          0.027          0.237
  2000    20     1          0.004          0.002          0.002          0.240
  2000    21     1          0.002          0.001          0.001          0.241
  2000    22     1          0.000          0.000          0.000          0.241
  2000    23     1          0.000          0.000          0.000          0.241
  2000    24     1          0.001          0.000          0.000          0.241
  2000    25     1          0.001          0.000          0.001          0.242
  2000    26     1          0.001          0.000          0.000          0.242
  2000    27     1          0.002          0.001          0.001          0.243
  2000    28     1          0.027          0.013          0.014          0.257
  2000    29     1          0.065          0.031          0.034          0.291
  2000    30     1          0.046          0.023          0.023          0.314
  2000    31     1          0.027          0.012          0.015          0.329
  2000    32     1          0.007          0.003          0.004          0.333
  2000    33     1          0.002          0.001          0.001          0.334
  2000    34     1          0.001          0.000          0.000          0.335
  2000    35     1          0.000          0.000          0.000          0.335
  2000    36     1          0.000          0.000          0.000          0.335
  2000    37     1          0.000          0.000          0.000          0.335
  2000    38     1          0.014          0.007          0.007          0.342
  2000    39     1        554.414        255.278        299.136        299.477
  2000    40     1          0.075          0.024          0.051        299.528
  2000    41     1       1143.667        627.443        516.224        815.752
  2000    42     1       1330.815        266.159       1064.656       1880.408
  2000    43     1          0.054          0.006          0.049       1880.457
  2000    44     1        163.985          0.007        163.978       2044.435
  2000    45     1      47235.438          0.007      47235.430      49279.867
  2000    46     1        361.886          0.000        361.886      49641.742
  2000    47     1         84.356          0.000         84.356      49726.098
  2000    48     1          2.933          0.000          2.933      49729.027
  2000    49     1          0.877          0.000          0.877      49729.906
  2000    50     1          0.953          0.000          0.953      49730.863
  2000    51     1          2.709          0.000          2.709      49733.578
  2000    52     1          0.001          0.000          0.001      49733.578
  2000    53     1          0.000          0.000          0.000      49733.578
  2000    54     1          0.000          0.000          0.000      49733.578
  2000    55     1          0.000          0.000          0.000      49733.578
  2000    56     1          0.000          0.000          0.000      49733.578
  2000    57     1          0.000          0.000          0.000      49733.578
  2000    58     1          0.001          0.000          0.001      49733.578
  2000    59     1          0.001          0.000          0.001      49733.578
  2000    60     1          0.001          0.000          0.001      49733.578
  2000    61     1          0.000          0.000          0.000      49733.578
  2000    62     1          0.000          0.000          0.000      49733.578
  2000    63     1          0.001          0.000          0.001      49733.578
  2000    64     1          0.000          0.000          0.000      49733.578
  2000    65     1          0.000          0.000          0.000      49733.578
  2000    66     1          0.000          0.000          0.000      49733.578
  2000    67     1          0.001          0.000          0.001      49733.578
  2000    68     1          0.001          0.000          0.001      49733.578
  2000    69     1          0.000          0.000          0.000      49733.578
  2000    70     1          0.002          0.000          0.002      49733.578
  2000    71     1          0.001          0.000          0.001      49733.578
  2000    72     1          0.000          0.000          0.000      49733.578
  2000    73     1          0.001          0.000          0.001      49733.578
  2000    74     1          0.000          0.000          0.000      49733.578
  2000    75     1          0.000          0.000          0.000      49733.578
  2000    76     1          0.001          0.000          0.001      49733.578
  2000    77     1          0.001          0.000          0.001      49733.578
  2000    78     1          0.001          0.000          0.001      49733.578
  2000    79     1          0.002          0.000          0.002      49733.578
  2000    80     1          0.010          0.000          0.010      49733.578
  2000    81     1          0.005          0.001          0.004      49733.578
  2000    82     1          0.000          0.000          0.000      49733.578
  2000    83     1          0.001          0.000          0.000      49733.578
  2000    84     1          0.000          0.000          0.000      49733.578
  2000    85     1          0.000          0.000          0.000      49733.578
  2000    86     1          0.000          0.000          0.000      49733.578
  2000    87     1          0.000          0.000          0.000      49733.578
  2000    88     1          0.000          0.000          0.000      49733.578
  2000    89     1          0.000          0.000          0.000      49733.578
  2000    90     1          0.000          0.000          0.000      49733.578
  2000    91     1          0.000          0.000          0.000      49733.578
  2000    92     1          0.000          0.000          0.000      49733.578
  2000    93     1          0.000          0.000          0.000      49733.578
  2000    94     1          0.000          0.000          0.000      49733.578
  2000    95     1          0.000          0.000          0.000      49733.578
  2000    96     1          0.000          0.000          0.000      49733.578
  2000    97     1          0.000          0.000          0.000      49733.578
  2000    98     1          0.000          0.000          0.000      49733.578
  2000    99     1          0.000          0.000          0.000      49733.578
  2000   100     1          0.000          0.000          0.000      49733.578
  2000   101     1          0.000          0.000          0.000      49733.578
  2000   102     1          0.000          0.000          0.000      49733.578
  2000   103     1          0.000          0.000          0.000      49733.578
  2000   104     1          0.000          0.000          0.000      49733.578
  2000   105     1          0.000          0.000          0.000      49733.578
  2000   106     1          0.000          0.000          0.000      49733.578
  2000   107     1          0.000          0.000          0.000      49733.578
  2000   108     1          0.000          0.000          0.000      49733.578
  2000   109     1          0.000          0.000          0.000      49733.578
  2000   110     1          0.000          0.000          0.000      49733.578
  2000   111     1          0.000          0.000          0.000      49733.578
  2000   112     1          0.000          0.000          0.000      49733.578
  2000   113     1          0.000          0.000          0.000      49733.578
  2000   114     1          0.000          0.000          0.000      49733.578
  2000   115     1          0.000          0.000          0.000      49733.578
  2000   116     1          0.000          0.000          0.000      49733.578
  2000   117     1          0.000          0.000          0.000      49733.578
  2000   118     1          0.000          0.000          0.000      49733.578
  2000   119     1          0.000          0.000          0.000      49733.578
  2000   120     1          0.000          0.000          0.000      49733.578
  2000   121     1          0.000          0.000          0.000      49733.578
  2000   122     1          0.000          0.000          0.000      49733.578
  2000   123     1          0.000          0.000          0.000      49733.578
  2000   124     1          0.000          0.000          0.000      49733.578
  2000   125     1          0.000          0.000          0.000      49733.578
  2000   126     1          0.000          0.000          0.000      49733.578
  2000   127     1          0.000          0.000          0.000      49733.578
  2000   128     1          0.000          0.000          0.000      49733.578
  2000   129     1          0.000          0.000          0.000      49733.578
  2000   130     1          0.000          0.000          0.000      49733.578
  2000   131     1          0.000          0.000          0.000      49733.578
  2000   132     1          0.000          0.000          0.000      49733.578
  2000   133     1          0.000          0.000          0.000      49733.578
  2000   134     1          0.000          0.000          0.000      49733.578
  2000   135     1          0.000          0.000          0.000      49733.578
  2000   136     1          0.000          0.000          0.000      49733.578
  2000   137     1          0.000          0.000          0.000      49733.578
  2000   138     1          0.000          0.000          0.000      49733.578
  2000   139     1          0.000          0.000          0.000      49733.578
  2000   140     1          0.000          0.000          0.000      49733.578
  2000   141     1          0.000          0.000          0.000      49733.578
  2000   142     1          0.000          0.000          0.000      49733.578
  2000   143     1          0.000          0.000          0.000      49733.578
  2000   144     1          0.000          0.000          0.000      49733.578
  2000   145     1          0.000          0.000          0.000      49733.578
  2000   146     1          0.000          0.000          0.000      49733.578
  2000   147     1          0.000          0.000          0.000      49733.578
  2000   148     1          0.000          0.000          0.000      49733.578
  2000   149     1          0.000          0.000          0.000      49733.578
  2000   150     1          0.000          0.000          0.000      49733.578
  2000   151     1          0.000          0.000          0.000      49733.578
  2000   152     1          0.000          0.000          0.000      49733.578
  2000   153     1          0.000          0.000          0.000      49733.578
  2000   154     1          0.000          0.000          0.000      49733.578
  2000   155     1          0.000          0.000          0.000      49733.578
  2000   156     1          0.000          0.000          0.000      49733.578
  2000   157     1          0.000          0.000          0.000      49733.578
  2000   158     1          0.000          0.000          0.000      49733.578
  2000   159     1          0.000          0.000          0.000      49733.578
  2000   160     1          0.000          0.000          0.000      49733.578
  2000   161     1          0.000          0.000          0.000      49733.578
  2000   162     1          0.000          0.000          0.000      49733.578
  2000   163     1          0.000          0.000          0.000      49733.578
  2000   164     1          0.000          0.000          0.000      49733.578
  2000   165     1          0.000          0.000          0.000      49733.578
  2000   166     1          0.000          0.000          0.000      49733.578
  2000   167     1          0.000          0.000          0.000      49733.578
  2000   168     1          0.000          0.000          0.000      49733.578
  2000   169     1          0.000          0.000          0.000      49733.578
  2000   170     1          0.000          0.000          0.000      49733.578
  2000   171     1          0.000          0.000          0.000      49733.578
  2000   172     1          0.000          0.000          0.000      49733.578
  2000   173     1          0.000          0.000          0.000      49733.578
  2000   174     1          0.000          0.000          0.000      49733.578
  2000   175     1          0.000          0.000          0.000      49733.578
  2000   176     1          0.000          0.000          0.000      49733.578
  2000   177     1          0.000          0.000          0.000      49733.578
  2000   178     1          0.000          0.000          0.000      49733.578
  2000   179     1          0.000          0.000          0.000      49733.578
  2000   180     1          0.000          0.000          0.000      49733.578
  2000   181     1          0.000          0.000          0.000      49733.578
  2000   182     1          0.000          0.000          0.000      49733.578
  2000   183     1          0.000          0.000          0.000      49733.578
  2000   184     1          0.000          0.000          0.000      49733.578
  2000   185     1          0.000          0.000          0.000      49733.578
  2000   186     1          0.000          0.000          0.000      49733.578
  2000   187     1          0.000          0.000          0.000      49733.578
  2000   188     1          0.000          0.000          0.000      49733.578
  2000   189     1          0.000          0.000          0.000      49733.578
  2000   190     1          0.000          0.000          0.000      49733.578
  2000   191     1          0.000          0.000          0.000      49733.578
  2000   192     1          0.000          0.000          0.000      49733.578
  2000   193     1          0.000          0.000          0.000      49733.578
  2000   194     1          0.000          0.000          0.000      49733.578
  2000   195     1          0.000          0.000          0.000      49733.578
  2000   196     1          0.000          0.000          0.000      49733.578
  2000   197     1          0.000          0.000          0.000      49733.578
  2000   198     1          0.000          0.000          0.000      49733.578
  2000   199     1          0.000          0.000          0.000      49733.578
  2000   200     1          0.000          0.000          0.000      49733.578
  2000   201     1          0.000          0.000          0.000      49733.578
  2000   202     1          0.000          0.000          0.000      49733.578
  2000   203     1          0.000          0.000          0.000      49733.578
  2000   204     1          0.000          0.000          0.000      49733.578
  2000   205     1          0.000          0.000          0.000      49733.578
  2000   206     1          0.000          0.000          0.000      49733.578
  2000   207     1          0.000          0.000          0.000      49733.578
  2000   208     1          0.000          0.000          0.000      49733.578
  2000   209     1          0.000          0.000          0.000      49733.578
  2000   210     1          0.000          0.000          0.000      49733.578
  2000   211     1          0.001          0.000          0.001      49733.578
  2000   212     1          0.000          0.000          0.000      49733.578
  2000   213     1          0.000          0.000          0.000      49733.578
  2000   214     1          0.000          0.000          0.000      49733.578
  2000   215     1          0.000          0.000          0.000      49733.578
  2000   216     1          0.002          0.000          0.002      49733.578
  2000   217     1          0.003          0.000          0.002      49733.578
  2000   218     1          0.000          0.000          0.000      49733.578
  2000   219     1          0.006          0.000          0.006      49733.578
  2000   220     1          0.046          0.001          0.045      49733.617
  2000   221     1          0.010          0.000          0.010      49733.637
  2000   222     1          0.000          0.000          0.000      49733.637
  2000   223     1          0.000          0.000          0.000      49733.637
  2000   224     1          0.000          0.000          0.000      49733.637
  2000   225     1          0.000          0.000          0.000      49733.637
  2000   226     1          0.000          0.000          0.000      49733.637
  2000   227     1          0.000          0.000          0.000      49733.637
  2000   228     1          0.000          0.000          0.000      49733.637
  2000   229     1          0.000          0.000          0.000      49733.637
  2000   230     1          0.000          0.000          0.000      49733.637
  2000   231     1          0.000          0.000          0.000      49733.637
  2000   232     1          0.000          0.000          0.000      49733.637
  2000   233     1          0.000          0.000          0.000      49733.637
  2000   234     1          0.000          0.000          0.000      49733.637
  2000   235     1          0.000          0.000          0.000      49733.637
  2000   236     1          0.000          0.000          0.000      49733.637
  2000   237     1          0.000          0.000          0.000      49733.637
  2000   238     1          0.000          0.000          0.000      49733.637
  2000   239     1          0.000          0.000          0.000      49733.637
  2000   240     1          0.000          0.000          0.000      49733.637
  2000   241     1          0.000          0.000          0.000      49733.637
  2000   242     1          0.000          0.000          0.000      49733.637
  2000   243     1          0.000          0.000          0.000      49733.637
  2000   244     1          0.000          0.000          0.000      49733.637
  2000   245     1          0.000          0.000          0.000      49733.637
  2000   246     1          0.000          0.000          0.000      49733.637
  2000   247     1          0.000          0.000          0.000      49733.637
  2000   248     1          0.000          0.000          0.000      49733.637
  2000   249     1          0.026          0.001          0.025      49733.656
  2000   250     1          0.021          0.002          0.020      49733.676
  2000   251     1          0.000          0.000          0.000      49733.676
  2000   252     1          0.000          0.000          0.000      49733.676
  2000   253     1          0.000          0.000          0.000      49733.676
  2000   254     1          0.000          0.000          0.000      49733.676
  2000   255     1          0.000          0.000          0.000      49733.676
  2000   256     1          0.000          0.000          0.000      49733.676
  2000   257     1          0.000          0.000          0.000      49733.676
  2000   258     1          0.000          0.000          0.000      49733.676
  2000   259     1          0.000          0.000          0.000      49733.676
  2000   260     1          0.000          0.000          0.000      49733.676
  2000   261     1          0.000          0.000          0.000      49733.676
  2000   262     1          0.000          0.000          0.000      49733.676
  2000   263     1          0.000          0.000          0.000      49733.676
  2000   264     1          0.000          0.000          0.000      49733.676
  2000   265     1          0.000          0.000          0.000      49733.676
  2000   266     1          0.000          0.000          0.000      49733.676
  2000   267     1          0.000          0.000          0.000      49733.676
  2000   268     1          0.000          0.000          0.000      49733.676
  2000   269     1          0.000          0.000          0.000      49733.676
  2000   270     1          0.000          0.000          0.000      49733.676
  2000   271     1          0.000          0.000          0.000      49733.676
  2000   272     1          0.002          0.000          0.002      49733.676
  2000   273     1          0.042          0.002          0.041      49733.715
  2000   274     1          0.022          0.001          0.021      49733.734
  2000   275     1          0.020          0.002          0.018      49733.754
  2000   276     1          0.004          0.000          0.004      49733.754
  2000   277     1          0.004          0.000          0.004      49733.754
  2000   278     1          0.037          0.002          0.035      49733.789
  2000   279     1      25041.783       5008.349      20033.436      69767.219
  2000   280     1          0.091          0.010          0.081      69767.289
  2000   281     1          0.106          0.015          0.091      69767.391
  2000   282     1          0.075          0.007          0.068      69767.461
  2000   283     1          0.002          0.000          0.002      69767.461
  2000   284     1          0.001          0.000          0.001      69767.461
  2000   285     1          0.025          0.003          0.023      69767.461
  2000   286     1          0.011          0.001          0.010      69767.461
  2000   287     1          0.047          0.007          0.040      69767.492
  2000   288     1          0.029          0.002          0.027      69767.492
  2000   289     1          0.101          0.008          0.092      69767.602
  2000   290     1          0.113          0.011          0.102      69767.672
  2000   291     1          0.015          0.000          0.015      69767.672
  2000   292     1          0.000          0.000          0.000      69767.672
  2000   293     1          0.002          0.000          0.002      69767.672
  2000   294     1          0.004          0.000          0.004      69767.672
  2000   295     1          0.000          0.000          0.000      69767.672
  2000   296     1          0.000          0.000          0.000      69767.672
  2000   297     1          0.000          0.000          0.000      69767.672
  2000   298     1          0.000          0.000          0.000      69767.672
  2000   299     1          0.000          0.000          0.000      69767.672
  2000   300     1          0.003          0.000          0.003      69767.672
  2000   301     1          0.058          0.002          0.056      69767.711
  2000   302     1          0.035          0.001          0.034      69767.750
  2000   303     1          0.004          0.000          0.004      69767.750
  2000   304     1          0.006          0.000          0.006      69767.750
  2000   305     1          0.016          0.001          0.014      69767.750
  2000   306     1          0.041          0.004          0.037      69767.820
  2000   307     1          0.062          0.008          0.054      69767.891
  2000   308     1          0.059          0.006          0.053      69767.961
  2000   309     1        434.328         86.858        347.470      70115.438
  2000   310     1          0.034          0.003          0.031      70115.438
  2000   311     1          0.088          0.008          0.080      70115.508
  2000   312     1          0.027          0.001          0.025      70115.547
  2000   313     1          0.007          0.000          0.006      70115.547
  2000   314     1          0.020          0.001          0.019      70115.547
  2000   315     1      17758.781       1514.847      16243.936      86359.453
  2000   316     1          0.064          0.009          0.055      86359.484
  2000   317     1          0.042          0.006          0.036      86359.516
  2000   318     1          0.044          0.004          0.040      86359.555
  2000   319     1          0.054          0.006          0.048      86359.625
  2000   320     1          0.033          0.004          0.029      86359.656
  2000   321     1          0.040          0.006          0.034      86359.688
  2000   322     1          0.026          0.004          0.023      86359.688
  2000   323     1          0.046          0.003          0.043      86359.727
  2000   324     1          0.023          0.002          0.021      86359.727
  2000   325     1          0.036          0.004          0.032      86359.727
  2000   326     1          0.022          0.003          0.019      86359.727
  2000   327     1          0.004          0.000          0.004      86359.727
  2000   328     1          0.001          0.000          0.001      86359.727
  2000   329     1          0.000          0.000          0.000      86359.727
  2000   330     1          0.000          0.000          0.000      86359.727
  2000   331     1          0.000          0.000          0.000      86359.727
  2000   332     1          0.000          0.000          0.000      86359.727
  2000   333     1          0.000          0.000          0.000      86359.727
  2000   334     1          0.015          0.002          0.013      86359.727
  2000   335     1          0.073          0.008          0.065      86359.797
  2001     1     1          0.061          0.007          0.054          0.054
  2001     2     1       8715.017       1013.405       7701.612       7701.667
  2001     3     1          0.039          0.004          0.035       7701.702
  2001     4     1          0.043          0.005          0.038       7701.739
  2001     5     1          0.003          0.000          0.003       7701.741
  2001     6     1          0.002          0.000          0.002       7701.741
  2001     7     1          0.000          0.000          0.000       7701.741
  2001     8     1          0.001          0.000          0.001       7701.741
  2001     9     1          0.002          0.000          0.002       7701.744
  2001    10     1          0.001          0.000          0.001       7701.746
  2001    11     1          0.000          0.000          0.000       7701.746
  2001    12     1          0.000          0.000          0.000       7701.746
  2001    13     1          0.000          0.000          0.000       7701.746
  2001    14     1          0.000          0.000          0.000       7701.746
  2001    15     1          0.000          0.000          0.000       7701.746
  2001    16     1          0.000          0.000          0.000       7701.746
  2001    17     1          0.009          0.000          0.008       7701.755
  2001    18     1          0.017          0.002          0.015       7701.771
  2001    19     1          0.016          0.001          0.015       7701.786
  2001    20     1      12834.799       2467.908      10366.891      18068.678
  2001    21     1       1364.722        194.993       1169.729      19238.402
  2001    22     1       3620.036        141.204       3478.833      22717.229
  2001    23     1        244.015         48.800        195.216      22912.443
  2001    24     1          0.044          0.004          0.040      22912.479
  2001    25     1          7.827          0.006          7.821      22920.295
  2001    26     1          5.449          0.001          5.447      22925.742
  2001    27     1         15.492          0.001         15.491      22941.238
  2001    28     1         10.049          0.001         10.048      22951.285
  2001    29     1         18.462          0.002         18.460      22969.740
  2001    30     1        418.601          0.001        418.601      23388.334
  2001    31     1        168.338          0.000        168.338      23556.674
