Year, day, hour, totallakeinflow(m**3/timestep), totallakeoutflow(m**3/timestep), totallakeprecip(m**3/timestep), totallakeevap(m**3/timestep), lakevol(m**3)
  2000     1     1      83218.859      83178.609         17.831         57.832        115.433
  2000     2     1     179026.156     179144.250        158.639         40.522        115.431
  2000     3     1     277704.312     277741.250         89.363         52.418        115.407
  2000     4     1     374420.562     374423.094         52.997         50.471        115.396
  2000     5     1     490998.438     491128.000        167.701         38.087        115.390
  2000     6     1     621222.812     621322.688        135.395         35.446        115.363
  2000     7     1     762226.000     762298.750        115.465         42.703        115.344
  2000     8     1     908768.875     908805.875         80.730         43.746        115.327
  2000     9     1    1059130.750    1059146.500         56.023         40.389        115.318
  2000    10     1    1201590.625    1201563.250         21.877         49.135        115.313
  2000    11     1    1337648.875    1337610.000         11.232         49.973        115.311
  2000    12     1    1466733.375    1466694.750         12.875         51.462        115.311
  2000    13     1    1589014.500    1588975.375         15.278         54.435        115.310
  2000    14     1    1704546.500    1704502.500         12.482         56.321        115.310
  2000    15     1    1813589.250    1813539.250          6.572         56.352        115.309
  2000    16     1    1916612.000    1916561.625          5.493         55.961        115.309
  2000    17     1    2015127.250    2015122.500         48.948         53.414        115.309
  2000    18     1    2124627.750    2124687.500        102.187         42.410        115.305
  2000    19     1    2247551.500    2247656.000        130.798         26.240        115.293
  2000    20     1    2363134.250    2363113.000         25.819         46.752        115.275
  2000    21     1    2474269.250    2474231.000         14.441         52.684        115.273
  2000    22     1    2578888.500    2578839.500          5.295         54.114        115.272
  2000    23     1    2677631.500    2677581.000          3.162         53.612        115.272
  2000    24     1    2770400.500    2770353.000          7.575         54.921        115.272
  2000    25     1    2856904.000    2856859.500         10.591         54.648        115.272
  2000    26     1    2938345.500    2938299.750          8.874         54.541        115.272
  2000    27     1    3014923.500    3014887.750         16.645         52.333        115.271
  2000    28     1    3095789.500    3095828.500         86.437         47.344        115.270
  2000    29     1    3194872.500    3195000.000        169.051         41.152        115.261
  2000    30     1    3305830.000    3305919.000        121.207         32.114        115.238
  2000    31     1    3426649.000    3426703.000         93.895         39.990        115.223
  2000    32     1    3546143.500    3546136.000         35.192         42.475        115.213
  2000    33     1    3659742.750    3659709.750         16.099         48.973        115.211
  2000    34     1    3767038.750    3766994.250          7.841         52.516        115.210
  2000    35     1    3867720.500    3867669.500          4.435         55.166        115.210
  2000    36     1    3962044.250    3961995.500          5.930         54.315        115.210
  2000    37     1    4049541.000    4049489.000          1.691         53.477        115.209
  2000    38     1    4135814.000    4135823.500         53.974         43.948        115.209
  2000    39     1    4523703.500    4523826.500        152.133         29.028        115.205
  2000    40     1    4377679.000    4377908.000        176.119         28.774         33.069
  2000    41     1    5022500.000    5022586.500         94.096          6.864         33.055
  2000    42     1    5283416.500    5283531.000         91.981         10.129          0.000
  2000    43     1    4961922.500    4961922.000          0.000          0.000          0.000
  2000    44     1    5345362.500    5345362.000          0.000          0.000          0.000
  2000    45     1   13712882.000   13712881.000          0.000          0.000          0.000
  2000    46     1    6116745.000    6116744.500          0.000          0.000          0.000
  2000    47     1    6290878.500    6290878.500          0.000          0.000          0.000
  2000    48     1    6513648.500    6513648.000          0.000          0.000          0.000
  2000    49     1    6775036.000    6775035.500          0.000          0.000          0.000
  2000    50     1    7019935.000    7019934.000          0.000          0.000          0.000
  2000    51     1    7248304.500    7248304.000          0.000          0.000          0.000
  2000    52     1    7450788.000    7450786.500          0.000          0.000          0.000
  2000    53     1    7644024.000    7644023.000          0.000          0.000          0.000
  2000    54     1    7821868.000    7821868.000          0.000          0.000          0.000
  2000    55     1    7984529.000    7984529.000          0.000          0.000          0.000
  2000    56     1    8133734.000    8133733.500          0.000          0.000          0.000
  2000    57     1    8270579.500    8270579.000          0.000          0.000          0.000
  2000    58     1    8396400.000    8396400.000          0.000          0.000          0.000
  2000    59     1    8512833.000    8512832.000          0.000          0.000          0.000
  2000    60     1    8620620.000    8620619.000          0.000          0.000          0.000
  2000    61     1    8719459.000    8719458.000          0.000          0.000          0.000
  2000    62     1    8809523.000    8809523.000          0.000          0.000          0.000
  2000    63     1    8892308.000    8892308.000          0.000          0.000          0.000
  2000    64     1    8969538.000    8969538.000          0.000          0.000          0.000
  2000    65     1    9041255.000    9041254.000          0.000          0.000          0.000
  2000    66     1    9107802.000    9107802.000          0.000          0.000          0.000
  2000    67     1    9169352.000    9169352.000          0.000          0.000          0.000
  2000    68     1    9225828.000    9225827.000          0.000          0.000          0.000
  2000    69     1    9277462.000    9277462.000          0.000          0.000          0.000
  2000    70     1    9324612.000    9324612.000          0.000          0.000          0.000
  2000    71     1    9367844.000    9367842.000          0.000          0.000          0.000
  2000    72     1    9407396.000    9407396.000          0.000          0.000          0.000
  2000    73     1    9444084.000    9444084.000          0.000          0.000          0.000
  2000    74     1    9476979.000    9476978.000          0.000          0.000          0.000
  2000    75     1    9506446.000    9506445.000          0.000          0.000          0.000
  2000    76     1    9532316.000    9532315.000          0.000          0.000          0.000
  2000    77     1    9555350.000    9555349.000          0.000          0.000          0.000
  2000    78     1    9575716.000    9575715.000          0.000          0.000          0.000
  2000    79     1    9593326.000    9593326.000          0.000          0.000          0.000
  2000    80     1    9613091.000    9613090.000          0.000          0.000          0.000
  2000    81     1    9630028.000    9630026.000          0.000          0.000          0.000
  2000    82     1    9644292.000    9644292.000          0.000          0.000          0.000
  2000    83     1    9655832.000    9655832.000          0.000          0.000          0.000
  2000    84     1    9664960.000    9664960.000          0.000          0.000          0.000
  2000    85     1    9671156.000    9671156.000          0.000          0.000          0.000
  2000    86     1    9674422.000    9674421.000          0.000          0.000          0.000
  2000    87     1    9675035.000    9675034.000          0.000          0.000          0.000
  2000    88     1    9673514.000    9673513.000          0.000          0.000          0.000
  2000    89     1    9670128.000    9670128.000          0.000          0.000          0.000
  2000    90     1    9664914.000    9664914.000          0.000          0.000          0.000
  2000    91     1    9658000.000    9658000.000          0.000          0.000          0.000
  2000    92     1    9649306.000    9649306.000          0.000          0.000          0.000
  2000    93     1    9638865.000    9638864.000          0.000          0.000          0.000
  2000    94     1    9626630.000    9626630.000          0.000          0.000          0.000
  2000    95     1    9612698.000    9612698.000          0.000          0.000          0.000
  2000    96     1    9597064.000    9597063.000          0.000          0.000          0.000
  2000    97     1    9579595.000    9579594.000          0.000          0.000          0.000
  2000    98     1    9560406.000    9560406.000          0.000          0.000          0.000
  2000    99     1    9539286.000    9539286.000          0.000          0.000          0.000
  2000   100     1    9516818.000    9516818.000          0.000          0.000          0.000
  2000   101     1    9493181.000    9493180.000          0.000          0.000          0.000
  2000   102     1    9468520.000    9468520.000          0.000          0.000          0.000
  2000   103     1    9442692.000    9442692.000          0.000          0.000          0.000
  2000   104     1    9415813.000    9415812.000          0.000          0.000          0.000
  2000   105     1    9387914.000    9387914.000          0.000          0.000          0.000
  2000   106     1    9358950.000    9358950.000          0.000          0.000          0.000
  2000   107     1    9328928.000    9328926.000          0.000          0.000          0.000
  2000   108     1    9297961.000    9297961.000          0.000          0.000          0.000
  2000   109     1    9266290.000    9266289.000          0.000          0.000          0.000
  2000   110     1    9233887.000    9233886.000          0.000          0.000          0.000
  2000   111     1    9201008.000    9201007.000          0.000          0.000          0.000
  2000   112     1    9167754.000    9167753.000          0.000          0.000          0.000
  2000   113     1    9134044.000    9134044.000          0.000          0.000          0.000
  2000   114     1    9099772.000    9099771.000          0.000          0.000          0.000
  2000   115     1    9065068.000    9065068.000          0.000          0.000          0.000
  2000   116     1    9029840.000    9029840.000          0.000          0.000          0.000
  2000   117     1    8994039.000    8994038.000          0.000          0.000          0.000
  2000   118     1    8957657.000    8957656.000          0.000          0.000          0.000
  2000   119     1    8920810.000    8920809.000          0.000          0.000          0.000
  2000   120     1    8883550.000    8883549.000          0.000          0.000          0.000
  2000   121     1    8845876.000    8845876.000          0.000          0.000          0.000
  2000   122     1    8807848.000    8807848.000          0.000          0.000          0.000
  2000   123     1    8769394.000    8769394.000          0.000          0.000          0.000
  2000   124     1    8730647.000    8730646.000          0.000          0.000          0.000
  2000   125     1    8691688.000    8691688.000          0.000          0.000          0.000
  2000   126     1    8652555.000    8652554.000          0.000          0.000          0.000
  2000   127     1    8613218.000    8613218.000          0.000          0.000          0.000
  2000   128     1    8573760.000    8573760.000          0.000          0.000          0.000
  2000   129     1    8534271.000    8534271.000          0.000          0.000          0.000
  2000   130     1    8494673.000    8494672.000          0.000          0.000          0.000
  2000   131     1    8454892.000    8454892.000          0.000          0.000          0.000
  2000   132     1    8414941.000    8414941.000          0.000          0.000          0.000
  2000   133     1    8374912.000    8374912.000          0.000          0.000          0.000
  2000   134     1    8334786.000    8334786.000          0.000          0.000          0.000
  2000   135     1    8294539.000    8294538.500          0.000          0.000          0.000
  2000   136     1    8254181.000    8254180.000          0.000          0.000          0.000
  2000   137     1    8213737.000    8213736.000          0.000          0.000          0.000
  2000   138     1    8173227.500    8173228.000          0.000          0.000          0.000
  2000   139     1    8132662.500    8132662.500          0.000          0.000          0.000
  2000   140     1    8091995.000    8091995.000          0.000          0.000          0.000
  2000   141     1    8051235.000    8051235.000          0.000          0.000          0.000
  2000   142     1    8010441.500    8010441.000          0.000          0.000          0.000
  2000   143     1    7969387.000    7969386.500          0.000          0.000          0.000
  2000   144     1    7928373.500    7928373.500          0.000          0.000          0.000
  2000   145     1    7887361.000    7887360.000          0.000          0.000          0.000
  2000   146     1    7846346.500    7846346.500          0.000          0.000          0.000
  2000   147     1    7805334.000    7805334.000          0.000          0.000          0.000
  2000   148     1    7764327.000    7764327.000          0.000          0.000          0.000
  2000   149     1    7723345.000    7723345.000          0.000          0.000          0.000
  2000   150     1    7682417.000    7682416.500          0.000          0.000          0.000
  2000   151     1    7641536.500    7641536.000          0.000          0.000          0.000
  2000   152     1    7600693.000    7600692.000          0.000          0.000          0.000
  2000   153     1    7559903.000    7559902.500          0.000          0.000          0.000
  2000   154     1    7519185.000    7519185.000          0.000          0.000          0.000
  2000   155     1    7478573.000    7478573.000          0.000          0.000          0.000
  2000   156     1    7438086.000    7438085.500          0.000          0.000          0.000
  2000   157     1    7397740.000    7397739.500          0.000          0.000          0.000
  2000   158     1    7357543.000    7357543.000          0.000          0.000          0.000
  2000   159     1    7317478.000    7317478.000          0.000          0.000          0.000
  2000   160     1    7277511.000    7277510.500          0.000          0.000          0.000
  2000   161     1    7237643.000    7237642.000          0.000          0.000          0.000
  2000   162     1    7197887.000    7197886.500          0.000          0.000          0.000
  2000   163     1    7158226.500    7158226.000          0.000          0.000          0.000
  2000   164     1    7118674.000    7118673.500          0.000          0.000          0.000
  2000   165     1    7079268.000    7079268.000          0.000          0.000          0.000
  2000   166     1    7040002.000    7040001.000          0.000          0.000          0.000
  2000   167     1    7000858.000    7000857.500          0.000          0.000          0.000
  2000   168     1    6961824.000    6961823.500          0.000          0.000          0.000
  2000   169     1    6922898.000    6922897.500          0.000          0.000          0.000
  2000   170     1    6884092.000    6884091.500          0.000          0.000          0.000
  2000   171     1    6845406.500    6845406.000          0.000          0.000          0.000
  2000   172     1    6806835.000    6806835.000          0.000          0.000          0.000
  2000   173     1    6768382.000    6768382.000          0.000          0.000          0.000
  2000   174     1    6730046.500    6730046.500          0.000          0.000          0.000
  2000   175     1    6691861.500    6691861.500          0.000          0.000          0.000
  2000   176     1    6653819.000    6653818.000          0.000          0.000          0.000
  2000   177     1    6615931.500    6615931.500          0.000          0.000          0.000
  2000   178     1    6578208.500    6578208.000          0.000          0.000          0.000
  2000   179     1    6540645.500    6540645.000          0.000          0.000          0.000
  2000   180     1    6503234.000    6503233.500          0.000          0.000          0.000
  2000   181     1    6465968.500    6465968.000          0.000          0.000          0.000
  2000   182     1    6428846.500    6428846.500          0.000          0.000          0.000
  2000   183     1    6391880.500    6391880.000          0.000          0.000          0.000
  2000   184     1    6355076.000    6355076.000          0.000          0.000          0.000
  2000   185     1    6318433.500    6318433.000          0.000          0.000          0.000
  2000   186     1    6281947.000    6281947.000          0.000          0.000          0.000
  2000   187     1    6245631.500    6245631.000          0.000          0.000          0.000
  2000   188     1    6209481.000    6209480.000          0.000          0.000          0.000
  2000   189     1    6173491.000    6173490.500          0.000          0.000          0.000
  2000   190     1    6137664.000    6137664.000          0.000          0.000          0.000
  2000   191     1    6102009.000    6102009.000          0.000          0.000          0.000
  2000   192     1    6066524.500    6066524.000          0.000          0.000          0.000
  2000   193     1    6031208.000    6031207.500          0.000          0.000          0.000
  2000   194     1    5996064.500    5996064.500          0.000          0.000          0.000
  2000   195     1    5961109.500    5961109.000          0.000          0.000          0.000
  2000   196     1    5926331.500    5926331.000          0.000          0.000          0.000
  2000   197     1    5891731.000    5891731.000          0.000          0.000          0.000
  2000   198     1    5857308.000    5857307.500          0.000          0.000          0.000
  2000   199     1    5823066.000    5823066.000          0.000          0.000          0.000
  2000   200     1    5789006.000    5789006.000          0.000          0.000          0.000
  2000   201     1    5755122.000    5755122.000          0.000          0.000          0.000
  2000   202     1    5721414.500    5721414.000          0.000          0.000          0.000
  2000   203     1    5687881.500    5687881.000          0.000          0.000          0.000
  2000   204     1    5654522.000    5654522.000          0.000          0.000          0.000
  2000   205     1    5621337.500    5621337.000          0.000          0.000          0.000
  2000   206     1    5588323.000    5588323.000          0.000          0.000          0.000
  2000   207     1    5555476.500    5555476.000          0.000          0.000          0.000
  2000   208     1    5522792.500    5522792.500          0.000          0.000          0.000
  2000   209     1    5490268.000    5490268.000          0.000          0.000          0.000
  2000   210     1    5457900.000    5457900.000          0.000          0.000          0.000
  2000   211     1    5425714.000    5425714.000          0.000          0.000          0.000
  2000   212     1    5393663.000    5393662.500          0.000          0.000          0.000
  2000   213     1    5361780.500    5361780.000          0.000          0.000          0.000
  2000   214     1    5330058.000    5330058.000          0.000          0.000          0.000
  2000   215     1    5298446.000    5298446.000          0.000          0.000          0.000
  2000   216     1    5267024.000    5267023.500          0.000          0.000          0.000
  2000   217     1    5235679.000    5235678.500          0.000          0.000          0.000
  2000   218     1    5204374.000    5204374.000          0.000          0.000          0.000
  2000   219     1    5173240.500    5173240.000          0.000          0.000          0.000
  2000   220     1    5143245.500    5143246.000          0.000          0.000          0.000
  2000   221     1    5112809.000    5112809.000          0.000          0.000          0.000
  2000   222     1    5082056.000    5082056.000          0.000          0.000          0.000
  2000   223     1    5052058.500    5052058.000          0.000          0.000          0.000
  2000   224     1    5022210.500    5022210.000          0.000          0.000          0.000
  2000   225     1    4992503.000    4992503.000          0.000          0.000          0.000
  2000   226     1    4962935.000    4962934.500          0.000          0.000          0.000
  2000   227     1    4933506.500    4933506.000          0.000          0.000          0.000
  2000   228     1    4904216.000    4904215.000          0.000          0.000          0.000
  2000   229     1    4875061.000    4875060.500          0.000          0.000          0.000
  2000   230     1    4846040.500    4846040.000          0.000          0.000          0.000
  2000   231     1    4817159.000    4817159.000          0.000          0.000          0.000
  2000   232     1    4788414.000    4788414.000          0.000          0.000          0.000
  2000   233     1    4759803.000    4759802.500          0.000          0.000          0.000
  2000   234     1    4731325.500    4731325.500          0.000          0.000          0.000
  2000   235     1    4702979.000    4702979.000          0.000          0.000          0.000
  2000   236     1    4674764.000    4674763.500          0.000          0.000          0.000
  2000   237     1    4646681.500    4646681.000          0.000          0.000          0.000
  2000   238     1    4618731.500    4618731.000          0.000          0.000          0.000
  2000   239     1    4590921.000    4590921.000          0.000          0.000          0.000
  2000   240     1    4563235.000    4563235.000          0.000          0.000          0.000
  2000   241     1    4535711.000    4535711.000          0.000          0.000          0.000
  2000   242     1    4508215.000    4508215.000          0.000          0.000          0.000
  2000   243     1    4480829.500    4480829.000          0.000          0.000          0.000
  2000   244     1    4453588.500    4453588.500          0.000          0.000          0.000
  2000   245     1    4426497.500    4426497.000          0.000          0.000          0.000
  2000   246     1    4399548.000    4399548.000          0.000          0.000          0.000
  2000   247     1    4372740.500    4372740.000          0.000          0.000          0.000
  2000   248     1    4346081.000    4346080.000          0.000          0.000          0.000
  2000   249     1    4320078.000    4320078.000          0.000          0.000          0.000
  2000   250     1    4293974.500    4293974.000          0.000          0.000          0.000
  2000   251     1    4267341.000    4267341.000          0.000          0.000          0.000
  2000   252     1    4241407.500    4241407.000          0.000          0.000          0.000
  2000   253     1    4215614.000    4215613.000          0.000          0.000          0.000
  2000   254     1    4189948.500    4189948.000          0.000          0.000          0.000
  2000   255     1    4164412.250    4164412.000          0.000          0.000          0.000
  2000   256     1    4139003.500    4139003.500          0.000          0.000          0.000
  2000   257     1    4113724.000    4113723.750          0.000          0.000          0.000
  2000   258     1    4088498.000    4088498.500          0.000          0.000          0.000
  2000   259     1    4063185.750    4063185.500          0.000          0.000          0.000
  2000   260     1    4038022.000    4038021.750          0.000          0.000          0.000
  2000   261     1    4013005.000    4013004.750          0.000          0.000          0.000
  2000   262     1    3988134.750    3988134.500          0.000          0.000          0.000
  2000   263     1    3963411.500    3963411.250          0.000          0.000          0.000
  2000   264     1    3938834.500    3938834.500          0.000          0.000          0.000
  2000   265     1    3914403.500    3914403.500          0.000          0.000          0.000
  2000   266     1    3890125.750    3890125.500          0.000          0.000          0.000
  2000   267     1    3865977.750    3865977.500          0.000          0.000          0.000
  2000   268     1    3841982.250    3841982.250          0.000          0.000          0.000
  2000   269     1    3818130.500    3818131.000          0.000          0.000          0.000
  2000   270     1    3794422.250    3794422.000          0.000          0.000          0.000
  2000   271     1    3770856.500    3770856.500          0.000          0.000          0.000
  2000   272     1    3747460.750    3747460.500          0.000          0.000          0.000
  2000   273     1    3725025.500    3725025.500          0.000          0.000          0.000
  2000   274     1    3702203.000    3702202.500          0.000          0.000          0.000
  2000   275     1    3679367.000    3679367.000          0.000          0.000          0.000
  2000   276     1    3655834.750    3655834.500          0.000          0.000          0.000
  2000   277     1    3633138.500    3633138.000          0.000          0.000          0.000
  2000   278     1    3611652.750    3611652.500          0.000          0.000          0.000
  2000   279     1    8606748.000    8606747.000          0.000          0.000          0.000
  2000   280     1    3569079.000    3569078.750          0.000          0.000          0.000
  2000   281     1    3548296.500    3548296.500          0.000          0.000          0.000
  2000   282     1    3528137.000    3528137.000          0.000          0.000          0.000
  2000   283     1    3506602.750    3506602.500          0.000          0.000          0.000
  2000   284     1    3486627.500    3486627.500          0.000          0.000          0.000
  2000   285     1    3468192.000    3468191.500          0.000          0.000          0.000
  2000   286     1    3448320.000    3448319.750          0.000          0.000          0.000
  2000   287     1    3429931.500    3429931.250          0.000          0.000          0.000
  2000   288     1    3411607.000    3411606.750          0.000          0.000          0.000
  2000   289     1    3395030.000    3395030.000          0.000          0.000          0.000
  2000   290     1    3380118.250    3380118.250          0.000          0.000          0.000
  2000   291     1    3364368.250    3364368.250          0.000          0.000          0.000
  2000   292     1    3349071.750    3349071.500          0.000          0.000          0.000
  2000   293     1    3334309.000    3334309.000          0.000          0.000          0.000
  2000   294     1    3319496.500    3319496.250          0.000          0.000          0.000
  2000   295     1    3304527.500    3304527.000          0.000          0.000          0.000
  2000   296     1    3289478.750    3289478.500          0.000          0.000          0.000
  2000   297     1    3274321.500    3274321.500          0.000          0.000          0.000
  2000   298     1    3259041.250    3259041.250          0.000          0.000          0.000
  2000   299     1    3243681.250    3243681.000          0.000          0.000          0.000
  2000   300     1    3228310.500    3228310.000          0.000          0.000          0.000
  2000   301     1    3214707.000    3214706.500          0.000          0.000          0.000
  2000   302     1    3201422.000    3201422.000          0.000          0.000          0.000
  2000   303     1    3187101.750    3187101.750          0.000          0.000          0.000
  2000   304     1    3173928.250    3173928.000          0.000          0.000          0.000
  2000   305     1    3161053.750    3161053.500          0.000          0.000          0.000
  2000   306     1    3149529.000    3149528.750          0.000          0.000          0.000
  2000   307     1    3138907.750    3138907.500          0.000          0.000          0.000
  2000   308     1    3129760.000    3129759.500          0.000          0.000          0.000
  2000   309     1    3364707.000    3364706.750          0.000          0.000          0.000
  2000   310     1    3119384.500    3119384.250          0.000          0.000          0.000
  2000   311     1    3119787.500    3119787.500          0.000          0.000          0.000
  2000   312     1    3121470.750    3121470.500          0.000          0.000          0.000
  2000   313     1    3122554.750    3122554.750          0.000          0.000          0.000
  2000   314     1    3126326.500    3126326.500          0.000          0.000          0.000
  2000   315     1    7883403.500    7883403.000          0.000          0.000          0.000
  2000   316     1    3156915.500    3156915.250          0.000          0.000          0.000
  2000   317     1    3177412.250    3177412.250          0.000          0.000          0.000
  2000   318     1    3203851.000    3203851.000          0.000          0.000          0.000
  2000   319     1    3237213.250    3237213.250          0.000          0.000          0.000
  2000   320     1    3274192.250    3274192.000          0.000          0.000          0.000
  2000   321     1    3316197.750    3316197.250          0.000          0.000          0.000
  2000   322     1    3361030.000    3361030.000          0.000          0.000          0.000
  2000   323     1    3415143.750    3415143.500          0.000          0.000          0.000
  2000   324     1    3472973.500    3472973.500          0.000          0.000          0.000
  2000   325     1    3537579.500    3537579.500          0.000          0.000          0.000
  2000   326     1    3605749.500    3605749.000          0.000          0.000          0.000
  2000   327     1    3669301.000    3669301.000          0.000          0.000          0.000
  2000   328     1    3729830.500    3729830.500          0.000          0.000          0.000
  2000   329     1    3786655.500    3786655.000          0.000          0.000          0.000
  2000   330     1    3839206.250    3839206.250          0.000          0.000          0.000
  2000   331     1    3887425.500    3887424.750          0.000          0.000          0.000
  2000   332     1    3931556.000    3931555.500          0.000          0.000          0.000
  2000   333     1    3971922.750    3971922.500          0.000          0.000          0.000
  2000   334     1    4009779.000    4009778.750          0.000          0.000          0.000
  2000   335     1    4061899.500    4061899.500          0.000          0.000          0.000
  2001     1     1    4125955.250    4125954.500          0.000          0.000          0.000
  2001     2     1    6876785.000    6876784.500          0.000          0.000          0.000
  2001     3     1    4324942.000    4324941.500          0.000          0.000          0.000
  2001     4     1    4446650.000    4446650.000          0.000          0.000          0.000
  2001     5     1    4561817.500    4561817.000          0.000          0.000          0.000
  2001     6     1    4673638.000    4673637.500          0.000          0.000          0.000
  2001     7     1    4780612.000    4780611.500          0.000          0.000          0.000
  2001     8     1    4883022.500    4883022.000          0.000          0.000          0.000
  2001     9     1    4981686.000    4981686.000          0.000          0.000          0.000
  2001    10     1    5077352.000    5077352.000          0.000          0.000          0.000
  2001    11     1    5169225.000    5169225.000          0.000          0.000          0.000
  2001    12     1    5257033.000    5257032.000          0.000          0.000          0.000
  2001    13     1    5340919.500    5340919.000          0.000          0.000          0.000
  2001    14     1    5421082.000    5421082.000          0.000          0.000          0.000
  2001    15     1    5496661.000    5496661.000          0.000          0.000          0.000
  2001    16     1    5567637.000    5567637.000          0.000          0.000          0.000
  2001    17     1    5639704.500    5639704.000          0.000          0.000          0.000
  2001    18     1    5715937.500    5715937.500          0.000          0.000          0.000
  2001    19     1    5795551.500    5795551.000          0.000          0.000          0.000
  2001    20     1    9148192.000    9148192.000          0.000          0.000          0.000
  2001    21     1    6727767.000    6727766.500          0.000          0.000          0.000
  2001    22     1    7592927.000    7592927.000          0.000          0.000          0.000
  2001    23     1    6634366.000    6634366.000          0.000          0.000          0.000
  2001    24     1    6739492.500    6739491.000          0.000          0.000          0.000
  2001    25     1    7046598.000    7046597.000          0.000          0.000          0.000
  2001    26     1    7311874.000    7311874.000          0.000          0.000          0.000
  2001    27     1    7605357.500    7605357.000          0.000          0.000          0.000
  2001    28     1    7862891.500    7862891.000          0.000          0.000          0.000
  2001    29     1    8167027.000    8167025.500          0.000          0.000          0.000
  2001    30     1    8693258.000    8693258.000          0.000          0.000          0.000
  2001    31     1    8862591.000    8862590.000          0.000          0.000          0.000
