total surface runoff [m**3/timestep] for all sub-basins (MAP-IDs)
Year	Day	Timestep	15	69
2000	1	1	0.38457E+02	0.13382E+00
2000	2	1	0.18647E+07	0.13626E+03
2000	3	1	0.27845E+06	0.12024E+03
2000	4	1	0.98802E+05	0.11544E+03
2000	5	1	0.46475E+06	0.16871E+06
2000	6	1	0.50507E+06	0.22119E+03
2000	7	1	0.42844E+06	0.24523E+03
2000	8	1	0.58684E+06	0.19020E+05
2000	9	1	0.49232E+06	0.17059E+04
2000	10	1	0.18386E+06	0.15129E+00
2000	11	1	0.50099E+05	0.16877E+01
2000	12	1	0.26536E+05	0.12901E+02
2000	13	1	0.44190E+05	0.14468E+00
2000	14	1	0.18334E+05	0.64880E+01
2000	15	1	0.37770E+04	0.14021E+00
2000	16	1	0.80605E+02	0.16769E+01
2000	17	1	0.69151E+02	0.65764E+02
2000	18	1	0.15815E+03	0.12825E+03
2000	19	1	0.13974E+03	0.26765E+03
2000	20	1	0.13750E+05	0.16106E+02
2000	21	1	0.22751E+04	0.14255E+00
2000	22	1	0.62406E+01	0.14061E+00
2000	23	1	0.16064E+00	0.13846E+00
2000	24	1	0.47012E+01	0.96864E+01
2000	25	1	0.16975E+02	0.16733E+01
2000	26	1	0.10835E+02	0.48759E+01
2000	27	1	0.18506E+02	0.22498E+02
2000	28	1	0.12132E+03	0.12664E+03
2000	29	1	0.17264E+06	0.21637E+03
2000	30	1	0.14588E+03	0.22118E+03
2000	31	1	0.19652E+03	0.35330E+02
2000	32	1	0.72233E+02	0.80888E+01
2000	33	1	0.29266E+02	0.32804E+01
2000	34	1	0.12383E+02	0.13763E+00
2000	35	1	0.31741E+01	0.13579E+00
2000	36	1	0.77752E+01	0.13374E+00
2000	37	1	0.16146E+00	0.13174E+00
2000	38	1	0.78359E+02	0.70564E+02
2000	39	1	0.81251E+06	0.10261E+03
2000	40	1	0.22415E+03	0.29412E+06
2000	41	1	0.14379E+06	0.27463E+07
2000	42	1	0.14888E+06	0.27431E+07
2000	43	1	0.28841E+06	0.21961E+03
2000	44	1	0.75103E+06	0.21248E+06
2000	45	1	0.16587E+08	0.38410E+06
2000	46	1	0.72046E+06	0.23360E+05
2000	47	1	0.22522E+06	0.13848E+03
2000	48	1	0.18273E+05	0.58773E+02
2000	49	1	0.76718E+04	0.17143E+01
2000	50	1	0.88516E+04	0.16132E+02
2000	51	1	0.35541E+05	0.17081E+00
2000	52	1	0.15868E+05	0.33098E+01
2000	53	1	0.28260E+04	0.16649E+00
2000	54	1	0.41220E+02	0.16425E+00
2000	55	1	0.47320E+01	0.17009E+01
2000	56	1	0.93329E+01	0.16987E+01
2000	57	1	0.47271E+01	0.15762E+00
2000	58	1	0.93282E+01	0.32965E+01
2000	59	1	0.13930E+02	0.48967E+01
2000	60	1	0.10859E+02	0.15146E+00
2000	61	1	0.17590E+00	0.14943E+00
2000	62	1	0.17380E+00	0.14739E+00
2000	63	1	0.10852E+02	0.48888E+01
2000	64	1	0.31782E+01	0.14385E+00
2000	65	1	0.16421E+01	0.14245E+00
2000	66	1	0.31749E+01	0.80889E+01
2000	67	1	0.62423E+01	0.96899E+01
2000	68	1	0.77752E+01	0.80864E+01
2000	69	1	0.77735E+01	0.13725E+00
2000	70	1	0.24651E+02	0.14492E+02
2000	71	1	0.15443E+02	0.13433E+00
2000	72	1	0.77692E+01	0.13296E+00
2000	73	1	0.23113E+02	0.16704E+01
2000	74	1	0.31635E+01	0.13015E+00
2000	75	1	0.62309E+01	0.16674E+01
2000	76	1	0.21574E+02	0.16659E+01
2000	77	1	0.10832E+02	0.48687E+01
2000	78	1	0.12365E+02	0.12386E+00
2000	79	1	0.26174E+02	0.12231E+00
2000	80	1	0.96761E+02	0.64663E+01
2000	81	1	0.20039E+02	0.44918E+02
2000	82	1	0.14820E+00	0.64638E+01
2000	83	1	0.14665E+00	0.11269E+02
2000	84	1	0.14510E+00	0.32573E+01
2000	85	1	0.14362E+00	0.11504E+00
2000	86	1	0.14196E+00	0.11352E+00
2000	87	1	0.14022E+00	0.11197E+00
2000	88	1	0.13855E+00	0.11054E+00
2000	89	1	0.46799E+01	0.16482E+01
2000	90	1	0.46786E+01	0.10807E+00
2000	91	1	0.13439E+00	0.10686E+00
2000	92	1	0.13300E+00	0.10573E+00
2000	93	1	0.13157E+00	0.10447E+00
2000	94	1	0.13007E+00	0.10320E+00
2000	95	1	0.12852E+00	0.10185E+00
2000	96	1	0.12696E+00	0.10046E+00
2000	97	1	0.12532E+00	0.98877E-01
2000	98	1	0.12351E+00	0.97109E-01
2000	99	1	0.12169E+00	0.95368E-01
2000	100	1	0.11991E+00	0.93686E-01
2000	101	1	0.11829E+00	0.92160E-01
2000	102	1	0.11681E+00	0.90816E-01
2000	103	1	0.11543E+00	0.89442E-01
2000	104	1	0.11390E+00	0.88048E-01
2000	105	1	0.11240E+00	0.86710E-01
2000	106	1	0.11081E+00	0.85279E-01
2000	107	1	0.10906E+00	0.83673E-01
2000	108	1	0.10729E+00	0.81929E-01
2000	109	1	0.10569E+00	0.80268E-01
2000	110	1	0.10429E+00	0.78801E-01
2000	111	1	0.31112E+01	0.77487E-01
2000	112	1	0.31100E+01	0.76430E-01
2000	113	1	0.10055E+00	0.75516E-01
2000	114	1	0.99303E-01	0.74490E-01
2000	115	1	0.98044E-01	0.73324E-01
2000	116	1	0.96840E-01	0.72303E-01
2000	117	1	0.95456E-01	0.71067E-01
2000	118	1	0.93933E-01	0.69622E-01
2000	119	1	0.92428E-01	0.68114E-01
2000	120	1	0.91056E-01	0.66687E-01
2000	121	1	0.89643E-01	0.65383E-01
2000	122	1	0.88238E-01	0.64005E-01
2000	123	1	0.86877E-01	0.62542E-01
2000	124	1	0.85442E-01	0.61065E-01
2000	125	1	0.84210E-01	0.59889E-01
2000	126	1	0.83112E-01	0.58896E-01
2000	127	1	0.82035E-01	0.57989E-01
2000	128	1	0.80981E-01	0.57041E-01
2000	129	1	0.80027E-01	0.56317E-01
2000	130	1	0.79147E-01	0.55625E-01
2000	131	1	0.78108E-01	0.54699E-01
2000	132	1	0.76912E-01	0.53635E-01
2000	133	1	0.75778E-01	0.52653E-01
2000	134	1	0.74755E-01	0.51785E-01
2000	135	1	0.73692E-01	0.50731E-01
2000	136	1	0.72548E-01	0.49655E-01
2000	137	1	0.71428E-01	0.48590E-01
2000	138	1	0.70315E-01	0.47585E-01
2000	139	1	0.69229E-01	0.46609E-01
2000	140	1	0.68148E-01	0.45645E-01
2000	141	1	0.67049E-01	0.44612E-01
2000	142	1	0.65954E-01	0.43513E-01
2000	143	1	0.64913E-01	0.42389E-01
2000	144	1	0.63933E-01	0.41322E-01
2000	145	1	0.63020E-01	0.40390E-01
2000	146	1	0.61987E-01	0.39332E-01
2000	147	1	0.60887E-01	0.38253E-01
2000	148	1	0.59731E-01	0.37177E-01
2000	149	1	0.58584E-01	0.36094E-01
2000	150	1	0.57543E-01	0.35085E-01
2000	151	1	0.56556E-01	0.34147E-01
2000	152	1	0.55486E-01	0.33115E-01
2000	153	1	0.54364E-01	0.31992E-01
2000	154	1	0.53305E-01	0.30972E-01
2000	155	1	0.52328E-01	0.30152E-01
2000	156	1	0.51495E-01	0.29630E-01
2000	157	1	0.50745E-01	0.29323E-01
2000	158	1	0.50084E-01	0.29028E-01
2000	159	1	0.49398E-01	0.28748E-01
2000	160	1	0.48539E-01	0.28463E-01
2000	161	1	0.47572E-01	0.28081E-01
2000	162	1	0.46594E-01	0.27711E-01
2000	163	1	0.45606E-01	0.27346E-01
2000	164	1	0.44561E-01	0.26925E-01
2000	165	1	0.43627E-01	0.15654E+01
2000	166	1	0.42810E-01	0.26259E-01
2000	167	1	0.41945E-01	0.25925E-01
2000	168	1	0.40935E-01	0.25542E-01
2000	169	1	0.39856E-01	0.25113E-01
2000	170	1	0.38691E-01	0.24709E-01
2000	171	1	0.37545E-01	0.24330E-01
2000	172	1	0.36375E-01	0.23935E-01
2000	173	1	0.35163E-01	0.23509E-01
2000	174	1	0.33928E-01	0.23089E-01
2000	175	1	0.32791E-01	0.22673E-01
2000	176	1	0.31852E-01	0.22298E-01
2000	177	1	0.30836E-01	0.21945E-01
2000	178	1	0.29916E-01	0.21630E-01
2000	179	1	0.29009E-01	0.21365E-01
2000	180	1	0.28020E-01	0.21090E-01
2000	181	1	0.27002E-01	0.20750E-01
2000	182	1	0.25921E-01	0.20381E-01
2000	183	1	0.24993E-01	0.20014E-01
2000	184	1	0.24438E-01	0.19680E-01
2000	185	1	0.24132E-01	0.19372E-01
2000	186	1	0.23816E-01	0.19062E-01
2000	187	1	0.23489E-01	0.18737E-01
2000	188	1	0.23204E-01	0.18472E-01
2000	189	1	0.22895E-01	0.18166E-01
2000	190	1	0.22577E-01	0.17850E-01
2000	191	1	0.22270E-01	0.17554E-01
2000	192	1	0.21999E-01	0.17282E-01
2000	193	1	0.21718E-01	0.16995E-01
2000	194	1	0.21432E-01	0.16709E-01
2000	195	1	0.21179E-01	0.16466E-01
2000	196	1	0.20972E-01	0.16279E-01
2000	197	1	0.20733E-01	0.16040E-01
2000	198	1	0.20493E-01	0.15803E-01
2000	199	1	0.20262E-01	0.15578E-01
2000	200	1	0.20050E-01	0.15371E-01
2000	201	1	0.19834E-01	0.15162E-01
2000	202	1	0.19600E-01	0.14940E-01
2000	203	1	0.19365E-01	0.14713E-01
2000	204	1	0.19132E-01	0.14485E-01
2000	205	1	0.18891E-01	0.14247E-01
2000	206	1	0.18660E-01	0.14025E-01
2000	207	1	0.18406E-01	0.13765E-01
2000	208	1	0.18143E-01	0.13493E-01
2000	209	1	0.17850E-01	0.13202E-01
2000	210	1	0.17540E-01	0.12883E-01
2000	211	1	0.18370E+02	0.12545E-01
2000	212	1	0.14908E+01	0.12227E-01
2000	213	1	0.16724E-01	0.11930E-01
2000	214	1	0.16403E-01	0.11599E-01
2000	215	1	0.16089E-01	0.11275E-01
2000	216	1	0.30645E+02	0.10960E-01
2000	217	1	0.60928E+01	0.35196E+02
2000	218	1	0.30237E+01	0.10466E-01
2000	219	1	0.70541E+02	0.10293E-01
2000	220	1	0.27463E+03	0.75251E+02
2000	221	1	0.98168E+02	0.15488E+01
2000	222	1	0.21538E-01	0.97055E-02
2000	223	1	0.19260E-01	0.94568E-02
2000	224	1	0.18975E-01	0.91352E-02
2000	225	1	0.18661E-01	0.88014E-02
2000	226	1	0.18289E-01	0.84311E-02
2000	227	1	0.17905E-01	0.80467E-02
2000	228	1	0.17514E-01	0.76476E-02
2000	229	1	0.17107E-01	0.72132E-02
2000	230	1	0.16686E-01	0.67733E-02
2000	231	1	0.16259E-01	0.63205E-02
2000	232	1	0.15854E-01	0.58973E-02
2000	233	1	0.15421E-01	0.54385E-02
2000	234	1	0.14958E-01	0.49980E-02
2000	235	1	0.14487E-01	0.46424E-02
2000	236	1	0.13994E-01	0.43803E-02
2000	237	1	0.13491E-01	0.41157E-02
2000	238	1	0.12993E-01	0.38545E-02
2000	239	1	0.12507E-01	0.35854E-02
2000	240	1	0.12089E-01	0.33556E-02
2000	241	1	0.45546E+01	0.79509E+01
2000	242	1	0.11422E-01	0.30106E-02
2000	243	1	0.10978E-01	0.27767E-02
2000	244	1	0.10537E-01	0.25312E-02
2000	245	1	0.10109E-01	0.22857E-02
2000	246	1	0.96991E-02	0.20510E-02
2000	247	1	0.91957E-02	0.17804E-02
2000	248	1	0.76205E+01	0.14886E-02
2000	249	1	0.18102E+03	0.46402E+02
2000	250	1	0.12271E+03	0.84855E+02
2000	251	1	0.91580E+01	0.87026E-03
2000	252	1	0.96581E-02	0.57725E-03
2000	253	1	0.91977E-02	0.31555E-03
2000	254	1	0.86489E-02	0.76780E-04
2000	255	1	0.80354E-02	0.00000E+00
2000	256	1	0.74019E-02	0.00000E+00
2000	257	1	0.67521E-02	0.00000E+00
2000	258	1	0.61037E-02	0.00000E+00
2000	259	1	0.54896E-02	0.00000E+00
2000	260	1	0.48961E-02	0.00000E+00
2000	261	1	0.44623E-02	0.00000E+00
2000	262	1	0.41392E-02	0.00000E+00
2000	263	1	0.38219E-02	0.00000E+00
2000	264	1	0.35115E-02	0.00000E+00
2000	265	1	0.31938E-02	0.00000E+00
2000	266	1	0.91491E+01	0.00000E+00
2000	267	1	0.25807E-02	0.00000E+00
2000	268	1	0.22746E-02	0.00000E+00
2000	269	1	0.19648E-02	0.00000E+00
2000	270	1	0.16582E-02	0.00000E+00
2000	271	1	0.13283E-02	0.00000E+00
2000	272	1	0.29096E+02	0.15389E+01
2000	273	1	0.25006E+03	0.81650E+02
2000	274	1	0.13498E+03	0.80048E+02
2000	275	1	0.10583E+03	0.94470E+02
2000	276	1	0.36773E+02	0.23972E+02
2000	277	1	0.32168E+02	0.30379E+02
2000	278	1	0.19482E+03	0.11690E+03
2000	279	1	0.28536E+03	0.71600E+07
2000	280	1	0.28537E+03	0.33320E+03
2000	281	1	0.23320E+03	0.44856E+03
2000	282	1	0.26696E+03	0.26752E+03
2000	283	1	0.22978E+02	0.79586E+01
2000	284	1	0.13769E+02	0.15471E+01
2000	285	1	0.10584E+03	0.13293E+03
2000	286	1	0.59807E+02	0.68844E+02
2000	287	1	0.11505E+03	0.25470E+03
2000	288	1	0.16108E+03	0.10249E+03
2000	289	1	0.37898E+03	0.28194E+03
2000	290	1	0.36518E+03	0.35885E+03
2000	291	1	0.13041E+03	0.79724E+01
2000	292	1	0.30452E+01	0.21835E-01
2000	293	1	0.24526E+02	0.21297E-01
2000	294	1	0.49077E+02	0.15596E+01
2000	295	1	0.91801E+01	0.15591E+01
2000	296	1	0.33271E-01	0.19568E-01
2000	297	1	0.32728E-01	0.18902E-01
2000	298	1	0.32147E-01	0.18228E-01
2000	299	1	0.15054E+01	0.17614E-01
2000	300	1	0.32195E+02	0.20783E+02
2000	301	1	0.31761E+03	0.10410E+03
2000	302	1	0.21480E+03	0.75258E+02
2000	303	1	0.50616E+02	0.18183E-01
2000	304	1	0.58288E+02	0.19179E+02
2000	305	1	0.92048E+02	0.73654E+02
2000	306	1	0.17491E+03	0.16498E+03
2000	307	1	0.17491E+03	0.28515E+03
2000	308	1	0.22402E+03	0.22107E+03
2000	309	1	0.26852E+03	0.36302E+06
2000	310	1	0.14884E+03	0.14898E+03
2000	311	1	0.32531E+03	0.27555E+03
2000	312	1	0.17033E+03	0.68870E+02
2000	313	1	0.64450E+02	0.19200E+02
2000	314	1	0.12123E+03	0.76879E+02
2000	315	1	0.30766E+07	0.33869E+07
2000	316	1	0.15806E+03	0.30761E+03
2000	317	1	0.12124E+03	0.21949E+03
2000	318	1	0.19950E+03	0.15541E+03
2000	319	1	0.18262E+03	0.23392E+03
2000	320	1	0.11050E+03	0.17944E+03
2000	321	1	0.90557E+02	0.23232E+03
2000	322	1	0.89023E+02	0.15382E+03
2000	323	1	0.22253E+03	0.14741E+03
2000	324	1	0.11665E+03	0.10415E+03
2000	325	1	0.14427E+03	0.16343E+03
2000	326	1	0.93639E+02	0.11857E+03
2000	327	1	0.52208E+02	0.32152E+01
2000	328	1	0.12309E+02	0.70728E-01
2000	329	1	0.46344E+01	0.69680E-01
2000	330	1	0.89868E-01	0.68586E-01
2000	331	1	0.88271E-01	0.67439E-01
2000	332	1	0.86565E-01	0.66321E-01
2000	333	1	0.84840E-01	0.32063E+01
2000	334	1	0.75212E+02	0.84918E+02
2000	335	1	0.24401E+03	0.27719E+03
2001	1	1	0.21486E+03	0.24194E+03
2001	2	1	0.14677E+07	0.27686E+07
2001	3	1	0.16578E+03	0.16184E+03
2001	4	1	0.16424E+03	0.18588E+03
2001	5	1	0.36885E+02	0.32316E+01
2001	6	1	0.18468E+02	0.17648E+02
2001	7	1	0.77262E+01	0.86329E-01
2001	8	1	0.13863E+02	0.11238E+02
2001	9	1	0.27673E+02	0.84671E-01
2001	10	1	0.21535E+02	0.16228E+01
2001	11	1	0.46551E+01	0.83269E-01
2001	12	1	0.11103E+00	0.82615E-01
2001	13	1	0.10983E+00	0.81887E-01
2001	14	1	0.10876E+00	0.81136E-01
2001	15	1	0.10781E+00	0.80336E-01
2001	16	1	0.10670E+00	0.79395E-01
2001	17	1	0.75236E+02	0.30457E+02
2001	18	1	0.75240E+02	0.10256E+03
2001	19	1	0.95190E+02	0.72120E+02
2001	20	1	0.34962E+06	0.46521E+07
2001	21	1	0.29719E+06	0.73837E+06
2001	22	1	0.12361E+07	0.61235E+06
2001	23	1	0.15046E+03	0.25417E+06
2001	24	1	0.17962E+03	0.17951E+03
2001	25	1	0.48693E+05	0.22278E+03
2001	26	1	0.15014E+05	0.73778E+02
2001	27	1	0.41656E+05	0.76982E+02
2001	28	1	0.28417E+05	0.59358E+02
2001	29	1	0.57882E+05	0.10422E+03
2001	30	1	0.31241E+06	0.40133E+02
2001	31	1	0.15503E+06	0.13654E+00
