Year, day, hour, totallakeinflow(m**3/timestep), totallakeoutflow(m**3/timestep), totallakeprecip(m**3/timestep), totallakeevap(m**3/timestep), lakevol(m**3)
  2000     1     1   12891668.000   12891552.000          0.000          0.000        115.433
  2000     2     1   14767284.000   14767402.000        158.639         40.522        115.432
  2000     3     1   13778019.000   13778137.000         89.363         52.419         33.164
  2000     4     1   13939902.000   13939914.000         31.304         18.333         33.161
  2000     5     1   14752772.000   14752827.000         71.366         16.045         33.158
  2000     6     1   15071211.000   15071286.000         58.841         16.131          0.000
  2000     7     1   15451216.000   15451215.000          0.000          0.000          0.000
  2000     8     1   16040635.000   16040635.000          0.000          0.000          0.000
  2000     9     1   16375572.000   16375571.000          0.000          0.000          0.000
  2000    10     1   16502070.000   16502070.000          0.000          0.000          0.000
  2000    11     1   16737416.000   16737415.000          0.000          0.000          0.000
  2000    12     1   17028392.000   17028392.000          0.000          0.000          0.000
  2000    13     1   17322108.000   17322108.000          0.000          0.000          0.000
  2000    14     1   17550136.000   17550134.000          0.000          0.000          0.000
  2000    15     1   17761056.000   17761056.000          0.000          0.000          0.000
  2000    16     1   17957020.000   17957020.000          0.000          0.000          0.000
  2000    17     1   18138520.000   18138520.000          0.000          0.000          0.000
  2000    18     1   18345518.000   18345516.000          0.000          0.000          0.000
  2000    19     1   18587844.000   18587844.000          0.000          0.000          0.000
  2000    20     1   18819046.000   18819044.000          0.000          0.000          0.000
  2000    21     1   19010396.000   19010396.000          0.000          0.000          0.000
  2000    22     1   19188038.000   19188038.000          0.000          0.000          0.000
  2000    23     1   19348170.000   19348168.000          0.000          0.000          0.000
  2000    24     1   19489940.000   19489940.000          0.000          0.000          0.000
  2000    25     1   19614334.000   19614332.000          0.000          0.000          0.000
  2000    26     1   19724110.000   19724108.000          0.000          0.000          0.000
  2000    27     1   19820378.000   19820376.000          0.000          0.000          0.000
  2000    28     1   19926856.000   19926856.000          0.000          0.000          0.000
  2000    29     1   20215144.000   20215142.000          0.000          0.000          0.000
  2000    30     1   20244336.000   20244336.000          0.000          0.000          0.000
  2000    31     1   20432518.000   20432516.000          0.000          0.000          0.000
  2000    32     1   20612686.000   20612684.000          0.000          0.000          0.000
  2000    33     1   20776984.000   20776984.000          0.000          0.000          0.000
  2000    34     1   20924802.000   20924800.000          0.000          0.000          0.000
  2000    35     1   21055484.000   21055482.000          0.000          0.000          0.000
  2000    36     1   21170208.000   21170208.000          0.000          0.000          0.000
  2000    37     1   21269178.000   21269176.000          0.000          0.000          0.000
  2000    38     1   21364740.000   21364740.000          0.000          0.000          0.000
  2000    39     1   22176128.000   22176128.000          0.000          0.000          0.000
  2000    40     1   21933392.000   21933392.000          0.000          0.000          0.000
  2000    41     1   24343796.000   24343794.000          0.000          0.000          0.000
  2000    42     1   24659374.000   24659372.000          0.000          0.000          0.000
  2000    43     1   22858242.000   22858242.000          0.000          0.000          0.000
  2000    44     1   23868200.000   23868198.000          0.000          0.000          0.000
  2000    45     1   38383560.000   38383560.000          0.000          0.000          0.000
  2000    46     1   24816596.000   24816596.000          0.000          0.000          0.000
  2000    47     1   24884120.000   24884118.000          0.000          0.000          0.000
  2000    48     1   25153762.000   25153760.000          0.000          0.000          0.000
  2000    49     1   25538632.000   25538628.000          0.000          0.000          0.000
  2000    50     1   25892868.000   25892868.000          0.000          0.000          0.000
  2000    51     1   26229928.000   26229926.000          0.000          0.000          0.000
  2000    52     1   26497696.000   26497696.000          0.000          0.000          0.000
  2000    53     1   26741592.000   26741588.000          0.000          0.000          0.000
  2000    54     1   26965256.000   26965252.000          0.000          0.000          0.000
  2000    55     1   27163712.000   27163712.000          0.000          0.000          0.000
  2000    56     1   27338264.000   27338264.000          0.000          0.000          0.000
  2000    57     1   27490752.000   27490750.000          0.000          0.000          0.000
  2000    58     1   27623680.000   27623678.000          0.000          0.000          0.000
  2000    59     1   27740272.000   27740272.000          0.000          0.000          0.000
  2000    60     1   27841532.000   27841530.000          0.000          0.000          0.000
  2000    61     1   27927224.000   27927224.000          0.000          0.000          0.000
  2000    62     1   27998148.000   27998148.000          0.000          0.000          0.000
  2000    63     1   28056740.000   28056738.000          0.000          0.000          0.000
  2000    64     1   28105810.000   28105810.000          0.000          0.000          0.000
  2000    65     1   28145782.000   28145780.000          0.000          0.000          0.000
  2000    66     1   28177288.000   28177286.000          0.000          0.000          0.000
  2000    67     1   28200824.000   28200824.000          0.000          0.000          0.000
  2000    68     1   28216360.000   28216360.000          0.000          0.000          0.000
  2000    69     1   28224100.000   28224096.000          0.000          0.000          0.000
  2000    70     1   28224460.000   28224458.000          0.000          0.000          0.000
  2000    71     1   28218968.000   28218966.000          0.000          0.000          0.000
  2000    72     1   28207350.000   28207350.000          0.000          0.000          0.000
  2000    73     1   28190968.000   28190964.000          0.000          0.000          0.000
  2000    74     1   28168638.000   28168636.000          0.000          0.000          0.000
  2000    75     1   28140814.000   28140812.000          0.000          0.000          0.000
  2000    76     1   28107444.000   28107444.000          0.000          0.000          0.000
  2000    77     1   28069620.000   28069618.000          0.000          0.000          0.000
  2000    78     1   28027492.000   28027490.000          0.000          0.000          0.000
  2000    79     1   27981128.000   27981124.000          0.000          0.000          0.000
  2000    80     1   27938338.000   27938336.000          0.000          0.000          0.000
  2000    81     1   27890808.000   27890808.000          0.000          0.000          0.000
  2000    82     1   27839848.000   27839844.000          0.000          0.000          0.000
  2000    83     1   27784760.000   27784758.000          0.000          0.000          0.000
  2000    84     1   27726062.000   27726060.000          0.000          0.000          0.000
  2000    85     1   27662972.000   27662972.000          0.000          0.000          0.000
  2000    86     1   27595516.000   27595516.000          0.000          0.000          0.000
  2000    87     1   27524088.000   27524086.000          0.000          0.000          0.000
  2000    88     1   27449504.000   27449502.000          0.000          0.000          0.000
  2000    89     1   27372168.000   27372166.000          0.000          0.000          0.000
  2000    90     1   27292152.000   27292152.000          0.000          0.000          0.000
  2000    91     1   27209680.000   27209680.000          0.000          0.000          0.000
  2000    92     1   27124616.000   27124616.000          0.000          0.000          0.000
  2000    93     1   27037060.000   27037056.000          0.000          0.000          0.000
  2000    94     1   26946908.000   26946908.000          0.000          0.000          0.000
  2000    95     1   26854354.000   26854352.000          0.000          0.000          0.000
  2000    96     1   26759372.000   26759372.000          0.000          0.000          0.000
  2000    97     1   26661684.000   26661684.000          0.000          0.000          0.000
  2000    98     1   26561468.000   26561466.000          0.000          0.000          0.000
  2000    99     1   26458908.000   26458906.000          0.000          0.000          0.000
  2000   100     1   26354384.000   26354384.000          0.000          0.000          0.000
  2000   101     1   26248284.000   26248282.000          0.000          0.000          0.000
  2000   102     1   26140826.000   26140824.000          0.000          0.000          0.000
  2000   103     1   26031824.000   26031824.000          0.000          0.000          0.000
  2000   104     1   25921492.000   25921490.000          0.000          0.000          0.000
  2000   105     1   25809824.000   25809824.000          0.000          0.000          0.000
  2000   106     1   25696696.000   25696694.000          0.000          0.000          0.000
  2000   107     1   25582098.000   25582096.000          0.000          0.000          0.000
  2000   108     1   25466250.000   25466248.000          0.000          0.000          0.000
  2000   109     1   25349582.000   25349580.000          0.000          0.000          0.000
  2000   110     1   25232034.000   25232032.000          0.000          0.000          0.000
  2000   111     1   25114028.000   25114026.000          0.000          0.000          0.000
  2000   112     1   24995736.000   24995734.000          0.000          0.000          0.000
  2000   113     1   24877056.000   24877052.000          0.000          0.000          0.000
  2000   114     1   24757790.000   24757788.000          0.000          0.000          0.000
  2000   115     1   24638204.000   24638204.000          0.000          0.000          0.000
  2000   116     1   24518152.000   24518150.000          0.000          0.000          0.000
  2000   117     1   24397544.000   24397544.000          0.000          0.000          0.000
  2000   118     1   24276316.000   24276316.000          0.000          0.000          0.000
  2000   119     1   24154654.000   24154652.000          0.000          0.000          0.000
  2000   120     1   24032638.000   24032636.000          0.000          0.000          0.000
  2000   121     1   23910268.000   23910264.000          0.000          0.000          0.000
  2000   122     1   23787640.000   23787640.000          0.000          0.000          0.000
  2000   123     1   23664644.000   23664644.000          0.000          0.000          0.000
  2000   124     1   23541528.000   23541524.000          0.000          0.000          0.000
  2000   125     1   23418434.000   23418434.000          0.000          0.000          0.000
  2000   126     1   23295432.000   23295432.000          0.000          0.000          0.000
  2000   127     1   23172472.000   23172472.000          0.000          0.000          0.000
  2000   128     1   23049694.000   23049692.000          0.000          0.000          0.000
  2000   129     1   22927208.000   22927206.000          0.000          0.000          0.000
  2000   130     1   22804904.000   22804904.000          0.000          0.000          0.000
  2000   131     1   22682672.000   22682670.000          0.000          0.000          0.000
  2000   132     1   22560522.000   22560520.000          0.000          0.000          0.000
  2000   133     1   22438604.000   22438602.000          0.000          0.000          0.000
  2000   134     1   22316868.000   22316864.000          0.000          0.000          0.000
  2000   135     1   22195280.000   22195278.000          0.000          0.000          0.000
  2000   136     1   22073862.000   22073860.000          0.000          0.000          0.000
  2000   137     1   21952648.000   21952648.000          0.000          0.000          0.000
  2000   138     1   21831666.000   21831664.000          0.000          0.000          0.000
  2000   139     1   21710946.000   21710944.000          0.000          0.000          0.000
  2000   140     1   21590488.000   21590488.000          0.000          0.000          0.000
  2000   141     1   21470280.000   21470278.000          0.000          0.000          0.000
  2000   142     1   21350344.000   21350344.000          0.000          0.000          0.000
  2000   143     1   21230696.000   21230696.000          0.000          0.000          0.000
  2000   144     1   21111428.000   21111428.000          0.000          0.000          0.000
  2000   145     1   20992484.000   20992482.000          0.000          0.000          0.000
  2000   146     1   20873846.000   20873844.000          0.000          0.000          0.000
  2000   147     1   20755526.000   20755524.000          0.000          0.000          0.000
  2000   148     1   20637520.000   20637520.000          0.000          0.000          0.000
  2000   149     1   20519870.000   20519870.000          0.000          0.000          0.000
  2000   150     1   20402626.000   20402626.000          0.000          0.000          0.000
  2000   151     1   20285772.000   20285770.000          0.000          0.000          0.000
  2000   152     1   20169284.000   20169282.000          0.000          0.000          0.000
  2000   153     1   20053190.000   20053188.000          0.000          0.000          0.000
  2000   154     1   19937466.000   19937466.000          0.000          0.000          0.000
  2000   155     1   19822100.000   19822098.000          0.000          0.000          0.000
  2000   156     1   19707112.000   19707112.000          0.000          0.000          0.000
  2000   157     1   19592672.000   19592672.000          0.000          0.000          0.000
  2000   158     1   19478792.000   19478790.000          0.000          0.000          0.000
  2000   159     1   19365438.000   19365436.000          0.000          0.000          0.000
  2000   160     1   19252564.000   19252562.000          0.000          0.000          0.000
  2000   161     1   19140166.000   19140164.000          0.000          0.000          0.000
  2000   162     1   19028264.000   19028262.000          0.000          0.000          0.000
  2000   163     1   18916826.000   18916826.000          0.000          0.000          0.000
  2000   164     1   18805876.000   18805874.000          0.000          0.000          0.000
  2000   165     1   18695464.000   18695464.000          0.000          0.000          0.000
  2000   166     1   18585586.000   18585584.000          0.000          0.000          0.000
  2000   167     1   18476206.000   18476206.000          0.000          0.000          0.000
  2000   168     1   18367310.000   18367308.000          0.000          0.000          0.000
  2000   169     1   18258890.000   18258888.000          0.000          0.000          0.000
  2000   170     1   18150960.000   18150960.000          0.000          0.000          0.000
  2000   171     1   18043522.000   18043520.000          0.000          0.000          0.000
  2000   172     1   17936566.000   17936566.000          0.000          0.000          0.000
  2000   173     1   17830096.000   17830096.000          0.000          0.000          0.000
  2000   174     1   17724108.000   17724106.000          0.000          0.000          0.000
  2000   175     1   17618654.000   17618654.000          0.000          0.000          0.000
  2000   176     1   17513718.000   17513716.000          0.000          0.000          0.000
  2000   177     1   17409322.000   17409320.000          0.000          0.000          0.000
  2000   178     1   17305474.000   17305472.000          0.000          0.000          0.000
  2000   179     1   17202168.000   17202164.000          0.000          0.000          0.000
  2000   180     1   17099392.000   17099390.000          0.000          0.000          0.000
  2000   181     1   16997130.000   16997128.000          0.000          0.000          0.000
  2000   182     1   16895382.000   16895380.000          0.000          0.000          0.000
  2000   183     1   16794162.000   16794160.000          0.000          0.000          0.000
  2000   184     1   16693404.000   16693404.000          0.000          0.000          0.000
  2000   185     1   16593044.000   16593045.000          0.000          0.000          0.000
  2000   186     1   16493141.000   16493141.000          0.000          0.000          0.000
  2000   187     1   16393800.000   16393800.000          0.000          0.000          0.000
  2000   188     1   16295011.000   16295010.000          0.000          0.000          0.000
  2000   189     1   16196770.000   16196769.000          0.000          0.000          0.000
  2000   190     1   16099072.000   16099072.000          0.000          0.000          0.000
  2000   191     1   16001930.000   16001929.000          0.000          0.000          0.000
  2000   192     1   15905339.000   15905338.000          0.000          0.000          0.000
  2000   193     1   15809292.000   15809292.000          0.000          0.000          0.000
  2000   194     1   15713793.000   15713792.000          0.000          0.000          0.000
  2000   195     1   15618862.000   15618860.000          0.000          0.000          0.000
  2000   196     1   15524477.000   15524476.000          0.000          0.000          0.000
  2000   197     1   15430643.000   15430641.000          0.000          0.000          0.000
  2000   198     1   15337352.000   15337351.000          0.000          0.000          0.000
  2000   199     1   15244612.000   15244612.000          0.000          0.000          0.000
  2000   200     1   15152416.000   15152415.000          0.000          0.000          0.000
  2000   201     1   15060760.000   15060758.000          0.000          0.000          0.000
  2000   202     1   14969638.000   14969638.000          0.000          0.000          0.000
  2000   203     1   14879048.000   14879046.000          0.000          0.000          0.000
  2000   204     1   14788986.000   14788984.000          0.000          0.000          0.000
  2000   205     1   14699453.000   14699452.000          0.000          0.000          0.000
  2000   206     1   14610438.000   14610436.000          0.000          0.000          0.000
  2000   207     1   14521938.000   14521938.000          0.000          0.000          0.000
  2000   208     1   14433946.000   14433944.000          0.000          0.000          0.000
  2000   209     1   14346455.000   14346454.000          0.000          0.000          0.000
  2000   210     1   14259460.000   14259459.000          0.000          0.000          0.000
  2000   211     1   14172980.000   14172980.000          0.000          0.000          0.000
  2000   212     1   14086976.000   14086974.000          0.000          0.000          0.000
  2000   213     1   14001470.000   14001470.000          0.000          0.000          0.000
  2000   214     1   13916459.000   13916458.000          0.000          0.000          0.000
  2000   215     1   13831931.000   13831930.000          0.000          0.000          0.000
  2000   216     1   13747922.000   13747920.000          0.000          0.000          0.000
  2000   217     1   13664397.000   13664396.000          0.000          0.000          0.000
  2000   218     1   13581340.000   13581338.000          0.000          0.000          0.000
  2000   219     1   13498862.000   13498861.000          0.000          0.000          0.000
  2000   220     1   13417866.000   13417865.000          0.000          0.000          0.000
  2000   221     1   13336752.000   13336751.000          0.000          0.000          0.000
  2000   222     1   13255638.000   13255638.000          0.000          0.000          0.000
  2000   223     1   13175584.000   13175583.000          0.000          0.000          0.000
  2000   224     1   13095978.000   13095977.000          0.000          0.000          0.000
  2000   225     1   13016810.000   13016808.000          0.000          0.000          0.000
  2000   226     1   12938078.000   12938077.000          0.000          0.000          0.000
  2000   227     1   12859778.000   12859778.000          0.000          0.000          0.000
  2000   228     1   12781908.000   12781907.000          0.000          0.000          0.000
  2000   229     1   12704462.000   12704462.000          0.000          0.000          0.000
  2000   230     1   12627438.000   12627438.000          0.000          0.000          0.000
  2000   231     1   12550840.000   12550839.000          0.000          0.000          0.000
  2000   232     1   12474662.000   12474662.000          0.000          0.000          0.000
  2000   233     1   12398854.000   12398853.000          0.000          0.000          0.000
  2000   234     1   12323278.000   12323278.000          0.000          0.000          0.000
  2000   235     1   12248034.000   12248034.000          0.000          0.000          0.000
  2000   236     1   12173214.000   12173214.000          0.000          0.000          0.000
  2000   237     1   12098813.000   12098812.000          0.000          0.000          0.000
  2000   238     1   12024832.000   12024830.000          0.000          0.000          0.000
  2000   239     1   11951278.000   11951276.000          0.000          0.000          0.000
  2000   240     1   11878156.000   11878156.000          0.000          0.000          0.000
  2000   241     1   11805482.000   11805480.000          0.000          0.000          0.000
  2000   242     1   11733204.000   11733204.000          0.000          0.000          0.000
  2000   243     1   11661358.000   11661358.000          0.000          0.000          0.000
  2000   244     1   11589928.000   11589927.000          0.000          0.000          0.000
  2000   245     1   11518916.000   11518916.000          0.000          0.000          0.000
  2000   246     1   11448313.000   11448313.000          0.000          0.000          0.000
  2000   247     1   11378118.000   11378118.000          0.000          0.000          0.000
  2000   248     1   11308334.000   11308334.000          0.000          0.000          0.000
  2000   249     1   11239474.000   11239474.000          0.000          0.000          0.000
  2000   250     1   11170785.000   11170784.000          0.000          0.000          0.000
  2000   251     1   11101829.000   11101829.000          0.000          0.000          0.000
  2000   252     1   11033835.000   11033834.000          0.000          0.000          0.000
  2000   253     1   10966212.000   10966212.000          0.000          0.000          0.000
  2000   254     1   10898834.000   10898834.000          0.000          0.000          0.000
  2000   255     1   10831846.000   10831845.000          0.000          0.000          0.000
  2000   256     1   10765246.000   10765246.000          0.000          0.000          0.000
  2000   257     1   10699032.000   10699032.000          0.000          0.000          0.000
  2000   258     1   10633207.000   10633207.000          0.000          0.000          0.000
  2000   259     1   10567724.000   10567723.000          0.000          0.000          0.000
  2000   260     1   10502368.000   10502368.000          0.000          0.000          0.000
  2000   261     1   10437412.000   10437411.000          0.000          0.000          0.000
  2000   262     1   10372855.000   10372855.000          0.000          0.000          0.000
  2000   263     1   10308694.000   10308693.000          0.000          0.000          0.000
  2000   264     1   10244928.000   10244927.000          0.000          0.000          0.000
  2000   265     1   10181553.000   10181553.000          0.000          0.000          0.000
  2000   266     1   10118579.000   10118579.000          0.000          0.000          0.000
  2000   267     1   10055977.000   10055977.000          0.000          0.000          0.000
  2000   268     1    9993772.000    9993770.000          0.000          0.000          0.000
  2000   269     1    9931949.000    9931948.000          0.000          0.000          0.000
  2000   270     1    9870509.000    9870508.000          0.000          0.000          0.000
  2000   271     1    9809449.000    9809448.000          0.000          0.000          0.000
  2000   272     1    9748796.000    9748794.000          0.000          0.000          0.000
  2000   273     1    9689342.000    9689343.000          0.000          0.000          0.000
  2000   274     1    9629746.000    9629746.000          0.000          0.000          0.000
  2000   275     1    9570356.000    9570356.000          0.000          0.000          0.000
  2000   276     1    9510497.000    9510496.000          0.000          0.000          0.000
  2000   277     1    9451723.000    9451723.000          0.000          0.000          0.000
  2000   278     1    9394386.000    9394385.000          0.000          0.000          0.000
  2000   279     1   15279526.000   15279524.000          0.000          0.000          0.000
  2000   280     1    9281063.000    9281062.000          0.000          0.000          0.000
  2000   281     1    9225299.000    9225298.000          0.000          0.000          0.000
  2000   282     1    9170848.000    9170847.000          0.000          0.000          0.000
  2000   283     1    9115230.000    9115229.000          0.000          0.000          0.000
  2000   284     1    9061374.000    9061374.000          0.000          0.000          0.000
  2000   285     1    9009311.000    9009310.000          0.000          0.000          0.000
  2000   286     1    8956034.000    8956034.000          0.000          0.000          0.000
  2000   287     1    8904253.000    8904253.000          0.000          0.000          0.000
  2000   288     1    8852790.000    8852788.000          0.000          0.000          0.000
  2000   289     1    8803462.000    8803461.000          0.000          0.000          0.000
  2000   290     1    8756286.000    8756286.000          0.000          0.000          0.000
  2000   291     1    8708484.000    8708484.000          0.000          0.000          0.000
  2000   292     1    8661312.000    8661312.000          0.000          0.000          0.000
  2000   293     1    8614835.000    8614834.000          0.000          0.000          0.000
  2000   294     1    8568475.000    8568474.000          0.000          0.000          0.000
  2000   295     1    8522126.000    8522125.000          0.000          0.000          0.000
  2000   296     1    8475861.000    8475861.000          0.000          0.000          0.000
  2000   297     1    8429648.000    8429647.000          0.000          0.000          0.000
  2000   298     1    8383472.000    8383472.000          0.000          0.000          0.000
  2000   299     1    8337384.000    8337383.000          0.000          0.000          0.000
  2000   300     1    8291453.500    8291453.500          0.000          0.000          0.000
  2000   301     1    8247525.000    8247524.500          0.000          0.000          0.000
  2000   302     1    8204165.000    8204165.000          0.000          0.000          0.000
  2000   303     1    8159945.000    8159944.000          0.000          0.000          0.000
  2000   304     1    8117052.000    8117051.000          0.000          0.000          0.000
  2000   305     1    8074645.000    8074644.000          0.000          0.000          0.000
  2000   306     1    8033874.000    8033874.000          0.000          0.000          0.000
  2000   307     1    7994390.000    7994389.500          0.000          0.000          0.000
  2000   308     1    7956755.000    7956755.000          0.000          0.000          0.000
  2000   309     1    8224529.000    8224528.500          0.000          0.000          0.000
  2000   310     1    7891009.000    7891008.000          0.000          0.000          0.000
  2000   311     1    7864554.000    7864554.000          0.000          0.000          0.000
  2000   312     1    7839676.000    7839676.000          0.000          0.000          0.000
  2000   313     1    7814323.000    7814322.000          0.000          0.000          0.000
  2000   314     1    7791901.500    7791901.500          0.000          0.000          0.000
  2000   315     1   13142740.000   13142741.000          0.000          0.000          0.000
  2000   316     1    7773662.000    7773661.000          0.000          0.000          0.000
  2000   317     1    7770922.000    7770922.000          0.000          0.000          0.000
  2000   318     1    7774821.000    7774821.000          0.000          0.000          0.000
  2000   319     1    7786692.000    7786692.000          0.000          0.000          0.000
  2000   320     1    7802967.000    7802967.000          0.000          0.000          0.000
  2000   321     1    7825519.000    7825519.000          0.000          0.000          0.000
  2000   322     1    7851702.000    7851701.500          0.000          0.000          0.000
  2000   323     1    7888226.500    7888225.500          0.000          0.000          0.000
  2000   324     1    7929072.000    7929071.500          0.000          0.000          0.000
  2000   325     1    7977712.000    7977711.000          0.000          0.000          0.000
  2000   326     1    8030630.500    8030630.000          0.000          0.000          0.000
  2000   327     1    8078545.500    8078544.500          0.000          0.000          0.000
  2000   328     1    8122944.000    8122943.500          0.000          0.000          0.000
  2000   329     1    8163176.000    8163175.000          0.000          0.000          0.000
  2000   330     1    8198656.000    8198656.000          0.000          0.000          0.000
  2000   331     1    8229332.000    8229331.000          0.000          0.000          0.000
  2000   332     1    8255491.000    8255490.500          0.000          0.000          0.000
  2000   333     1    8277522.000    8277521.500          0.000          0.000          0.000
  2000   334     1    8296829.000    8296829.000          0.000          0.000          0.000
  2000   335     1    8332197.000    8332196.000          0.000          0.000          0.000
  2001     1     1    8381360.000    8381360.000          0.000          0.000          0.000
  2001     2     1   11977496.000   11977496.000          0.000          0.000          0.000
  2001     3     1    8558905.000    8558904.000          0.000          0.000          0.000
  2001     4     1    8672670.000    8672670.000          0.000          0.000          0.000
  2001     5     1    8779304.000    8779303.000          0.000          0.000          0.000
  2001     6     1    8881964.000    8881963.000          0.000          0.000          0.000
  2001     7     1    8979210.000    8979209.000          0.000          0.000          0.000
  2001     8     1    9071340.000    9071340.000          0.000          0.000          0.000
  2001     9     1    9159252.000    9159251.000          0.000          0.000          0.000
  2001    10     1    9243724.000    9243724.000          0.000          0.000          0.000
  2001    11     1    9324050.000    9324048.000          0.000          0.000          0.000
  2001    12     1    9399893.000    9399894.000          0.000          0.000          0.000
  2001    13     1    9471414.000    9471414.000          0.000          0.000          0.000
  2001    14     1    9538831.000    9538830.000          0.000          0.000          0.000
  2001    15     1    9601235.000    9601235.000          0.000          0.000          0.000
  2001    16     1    9658562.000    9658562.000          0.000          0.000          0.000
  2001    17     1    9716824.000    9716822.000          0.000          0.000          0.000
  2001    18     1    9780012.000    9780011.000          0.000          0.000          0.000
  2001    19     1    9846924.000    9846923.000          0.000          0.000          0.000
  2001    20     1   14102952.000   14102950.000          0.000          0.000          0.000
  2001    21     1   10955710.000   10955709.000          0.000          0.000          0.000
  2001    22     1   11827116.000   11827116.000          0.000          0.000          0.000
  2001    23     1   10737006.000   10737005.000          0.000          0.000          0.000
  2001    24     1   10791874.000   10791873.000          0.000          0.000          0.000
  2001    25     1   11131907.000   11131906.000          0.000          0.000          0.000
  2001    26     1   11389638.000   11389638.000          0.000          0.000          0.000
  2001    27     1   11701114.000   11701112.000          0.000          0.000          0.000
  2001    28     1   11963046.000   11963045.000          0.000          0.000          0.000
  2001    29     1   12287631.000   12287630.000          0.000          0.000          0.000
  2001    30     1   12816300.000   12816300.000          0.000          0.000          0.000
  2001    31     1   12989606.000   12989606.000          0.000          0.000          0.000
