Subasin-ID	year	day	hour	qlateral(m**3/s)	inflow(m**3/s)	evap(m**3)	prec(m**3)	intake(m**3/s)	overflow(m**3/s)	qbottom(m**3/s)	qout(m**3/s)	withdrawal(m**3/s)	elevation(m)	area(m**2)	volume(m**3)
    15	  2000	     1	     1	     0.000	    78.981	      66188.3	      29472.1	    36.000	    43.117	     0.000	    79.117	     0.020	   447.272	    10265968.0	    88646808.0	
    15	  2000	     2	     1	     0.000	   148.000	      42231.7	     201042.2	    36.000	   111.555	     0.000	   147.555	     0.020	   447.297	    10282175.0	    88842336.0	
    15	  2000	     3	     1	     0.000	   117.741	      58866.3	      93679.3	    36.000	    83.559	     0.000	   119.559	     0.020	   447.282	    10271899.0	    88718344.0	
    15	  2000	     4	     1	     0.000	   122.865	      58324.2	      35787.6	    36.000	    87.247	     0.000	   123.247	     0.020	   447.274	    10267144.0	    88660992.0	
    15	  2000	     5	     1	     0.000	   126.084	      37296.1	     158939.1	    36.000	    89.803	     0.000	   125.803	     0.020	   447.293	    10279095.0	    88805168.0	
    15	  2000	     6	     1	     0.000	   133.593	      31942.2	     126309.2	    36.000	    98.981	     0.000	   134.981	     0.020	   447.289	    10276835.0	    88777896.0	
    15	  2000	     7	     1	     0.000	   134.724	      41891.1	      83153.6	    36.000	    99.796	     0.000	   135.796	     0.020	   447.282	    10272433.0	    88724792.0	
    15	  2000	     8	     1	     0.000	   140.464	      45083.1	     110520.6	    36.000	   104.922	     0.000	   140.922	     0.020	   447.285	    10274437.0	    88748968.0	
    15	  2000	     9	     1	     0.000	   143.835	      33938.5	      84206.1	    36.000	   108.573	     0.000	   144.573	     0.020	   447.284	    10273179.0	    88733792.0	
    15	  2000	    10	     1	     0.000	   143.956	      49089.7	      34735.0	    36.000	   108.517	     0.000	   144.517	     0.020	   447.275	    10267822.0	    88669176.0	
    15	  2000	    11	     1	     0.000	   144.469	      51751.6	      15788.7	    36.000	   108.283	     0.000	   144.283	     0.020	   447.273	    10266031.0	    88647568.0	
    15	  2000	    12	     1	     0.000	   145.586	      56882.3	      13683.5	    36.000	   109.150	     0.000	   145.150	     0.020	   447.272	    10265431.0	    88640328.0	
    15	  2000	    13	     1	     0.000	   148.203	      60358.1	      23156.7	    36.000	   111.683	     0.000	   147.683	     0.020	   447.272	    10265928.0	    88646328.0	
    15	  2000	    14	     1	     0.000	   150.059	      65168.0	      15788.7	    36.000	   113.609	     0.000	   149.609	     0.020	   447.271	    10264918.0	    88634152.0	
    15	  2000	    15	     1	     0.000	   151.820	      66152.2	       9473.2	    36.000	   115.228	     0.000	   151.228	     0.020	   447.270	    10264312.0	    88626848.0	
    15	  2000	    16	     1	     0.000	   153.501	      65215.4	       6315.5	    36.000	   116.825	     0.000	   152.825	     0.020	   447.270	    10264129.0	    88624632.0	
    15	  2000	    17	     1	     0.000	   155.073	      60710.0	      50523.7	    36.000	   118.371	     0.000	   154.371	     0.020	   447.276	    10268168.0	    88673344.0	
    15	  2000	    18	     1	     0.000	   156.908	      40321.5	     111573.1	    36.000	   120.770	     0.000	   156.770	     0.020	   447.286	    10274919.0	    88754776.0	
    15	  2000	    19	     1	     0.000	   158.905	      28190.1	      98942.2	    36.000	   123.710	     0.000	   159.710	     0.020	   447.286	    10274877.0	    88754280.0	
    15	  2000	    20	     1	     0.000	   160.847	      46033.5	      33682.5	    36.000	   125.646	     0.000	   161.646	     0.020	   447.276	    10267989.0	    88671176.0	
    15	  2000	    21	     1	     0.000	   162.349	      56269.6	      23156.7	    36.000	   126.186	     0.000	   162.186	     0.020	   447.273	    10266267.0	    88650416.0	
    15	  2000	    22	     1	     0.000	   163.793	      60768.5	       7368.0	    36.000	   127.390	     0.000	   163.390	     0.020	   447.270	    10264585.0	    88630128.0	
    15	  2000	    23	     1	     0.000	   165.113	      59940.3	       3157.7	    36.000	   128.475	     0.000	   164.475	     0.020	   447.270	    10264304.0	    88626744.0	
    15	  2000	    24	     1	     0.000	   166.273	      63622.2	       6315.5	    36.000	   129.596	     0.000	   165.596	     0.020	   447.270	    10264261.0	    88626224.0	
    15	  2000	    25	     1	     0.000	   167.283	      62841.9	      14736.1	    36.000	   130.600	     0.000	   166.600	     0.020	   447.271	    10265024.0	    88635424.0	
    15	  2000	    26	     1	     0.000	   168.175	      61684.0	      10525.8	    36.000	   131.598	     0.000	   167.598	     0.020	   447.271	    10264770.0	    88632368.0	
    15	  2000	    27	     1	     0.000	   168.955	      57701.2	      15788.7	    36.000	   132.343	     0.000	   168.343	     0.020	   447.272	    10265537.0	    88641616.0	
    15	  2000	    28	     1	     0.000	   169.827	      48432.5	      86311.3	    36.000	   133.322	     0.000	   169.322	     0.020	   447.282	    10272153.0	    88721408.0	
    15	  2000	    29	     1	     0.000	   173.062	      40821.1	     184200.9	    36.000	   137.481	     0.000	   173.481	     0.020	   447.295	    10280897.0	    88826904.0	
    15	  2000	    30	     1	     0.000	   172.482	      31334.3	     103152.5	    36.000	   138.121	     0.000	   174.121	     0.020	   447.286	    10274966.0	    88755344.0	
    15	  2000	    31	     1	     0.000	   174.182	      38006.4	     137887.5	    36.000	   138.993	     0.000	   174.993	     0.020	   447.290	    10277292.0	    88783408.0	
    15	  2000	    32	     1	     0.000	   175.835	      40939.1	      52628.8	    36.000	   140.971	     0.000	   176.971	     0.020	   447.279	    10269981.0	    88695216.0	
    15	  2000	    33	     1	     0.000	   177.329	      51416.9	      23156.7	    36.000	   141.444	     0.000	   177.444	     0.020	   447.274	    10266669.0	    88655264.0	
    15	  2000	    34	     1	     0.000	   178.680	      56921.5	      11578.3	    36.000	   142.333	     0.000	   178.333	     0.020	   447.271	    10265253.0	    88638184.0	
    15	  2000	    35	     1	     0.000	   179.884	      62690.6	       5262.9	    36.000	   143.339	     0.000	   179.339	     0.020	   447.270	    10264251.0	    88626104.0	
    15	  2000	    36	     1	     0.000	   180.954	      61226.2	       8420.6	    36.000	   144.269	     0.000	   180.269	     0.020	   447.270	    10264634.0	    88630720.0	
    15	  2000	    37	     1	     0.000	   181.880	      59786.7	       2105.2	    36.000	   145.249	     0.000	   181.249	     0.020	   447.270	    10264230.0	    88625848.0	
    15	  2000	    38	     1	     0.000	   182.795	      46867.7	      56839.1	    36.000	   146.107	     0.000	   182.107	     0.020	   447.278	    10269839.0	    88693496.0	
    15	  2000	    39	     1	     0.000	   193.612	      25445.0	     205252.5	    36.000	   157.708	     0.000	   193.708	     0.020	   447.300	    10283915.0	    88863336.0	
    15	  2000	    40	     1	     0.000	   186.017	      32145.4	     156833.9	    36.000	   152.078	     0.000	   188.078	     0.020	   447.293	    10279348.0	    88808216.0	
    15	  2000	    41	     1	     0.000	   189.996	      19151.9	     167359.7	    36.000	   155.419	     0.000	   191.419	     0.020	   447.296	    10281297.0	    88831736.0	
    15	  2000	    42	     1	     0.000	   192.679	      22996.8	     121046.3	    36.000	   158.374	     0.000	   194.374	     0.020	   447.290	    10277140.0	    88781576.0	
    15	  2000	    43	     1	     0.000	   197.354	      32115.4	     141045.3	    36.000	   162.469	     0.000	   198.469	     0.020	   447.291	    10278042.0	    88792456.0	
    15	  2000	    44	     1	     0.000	   206.434	      26940.3	     168412.3	    36.000	   171.675	     0.000	   207.675	     0.020	   447.295	    10280739.0	    88825000.0	
    15	  2000	    45	     1	     0.000	   354.896	      18277.0	     248408.1	    36.000	   320.513	     0.000	   356.513	     0.020	   447.306	    10288085.0	    88913656.0	
    15	  2000	    46	     1	     0.000	   263.413	      32746.8	      88416.4	    36.000	   230.056	     0.000	   266.056	     0.020	   447.284	    10273628.0	    88739200.0	
    15	  2000	    47	     1	     0.000	   190.862	      36692.9	      31577.3	    36.000	   155.486	     0.000	   191.486	     0.020	   447.276	    10268588.0	    88678416.0	
    15	  2000	    48	     1	     0.000	   232.873	      49778.8	       8420.6	    36.000	   196.793	     0.000	   232.793	     0.020	   447.272	    10265583.0	    88642168.0	
    15	  2000	    49	     1	     0.000	   212.536	      52798.2	       7368.0	    36.000	   176.037	     0.000	   212.037	     0.020	   447.271	    10265245.0	    88638096.0	
    15	  2000	    50	     1	     0.000	   229.514	      52794.2	       8420.6	    36.000	   192.969	     0.000	   228.969	     0.020	   447.271	    10265333.0	    88639152.0	
    15	  2000	    51	     1	     0.000	   224.604	      60300.1	      19999.0	    36.000	   188.070	     0.000	   224.070	     0.020	   447.272	    10265671.0	    88643224.0	
    15	  2000	    52	     1	     0.000	   231.778	      46921.0	      14736.1	    36.000	   195.292	     0.000	   231.292	     0.020	   447.273	    10266344.0	    88651344.0	
    15	  2000	    53	     1	     0.000	   231.034	      54233.4	       8420.6	    36.000	   194.642	     0.000	   230.642	     0.020	   447.271	    10265213.0	    88637712.0	
    15	  2000	    54	     1	     0.000	   234.687	      56795.4	       5262.9	    36.000	   198.137	     0.000	   234.137	     0.020	   447.271	    10264739.0	    88631992.0	
    15	  2000	    55	     1	     0.000	   235.182	      57109.4	       6315.5	    36.000	   198.565	     0.000	   234.565	     0.020	   447.271	    10264801.0	    88632736.0	
    15	  2000	    56	     1	     0.000	   235.571	      56680.9	       9473.2	    36.000	   198.963	     0.000	   234.963	     0.020	   447.271	    10265098.0	    88636320.0	
    15	  2000	    57	     1	     0.000	   236.924	      59223.8	       6315.5	    36.000	   200.357	     0.000	   236.357	     0.020	   447.270	    10264625.0	    88630616.0	
    15	  2000	    58	     1	     0.000	   238.108	      54359.3	       9473.2	    36.000	   201.475	     0.000	   237.475	     0.020	   447.271	    10265291.0	    88638640.0	
    15	  2000	    59	     1	     0.000	   239.146	      51065.4	      12630.9	    36.000	   202.607	     0.000	   238.607	     0.020	   447.272	    10265826.0	    88645096.0	
    15	  2000	    60	     1	     0.000	   240.049	      53658.1	      10525.8	    36.000	   203.585	     0.000	   239.585	     0.020	   447.272	    10265436.0	    88640392.0	
    15	  2000	    61	     1	     0.000	   240.815	      57651.0	       1052.6	    36.000	   204.296	     0.000	   240.296	     0.020	   447.270	    10264319.0	    88626928.0	
    15	  2000	    62	     1	     0.000	   241.454	      54908.2	       2105.2	    36.000	   204.779	     0.000	   240.779	     0.020	   447.270	    10264634.0	    88630728.0	
    15	  2000	    63	     1	     0.000	   241.983	      51135.5	      10525.8	    36.000	   205.352	     0.000	   241.352	     0.020	   447.272	    10265645.0	    88642920.0	
    15	  2000	    64	     1	     0.000	   242.433	      39445.5	       5262.9	    36.000	   205.943	     0.000	   241.943	     0.020	   447.273	    10266178.0	    88649344.0	
    15	  2000	    65	     1	     0.000	   242.788	      40501.7	       4210.3	    36.000	   206.372	     0.000	   242.372	     0.020	   447.272	    10266004.0	    88647240.0	
    15	  2000	    66	     1	     0.000	   243.063	      40588.4	       5262.9	    36.000	   206.623	     0.000	   242.623	     0.020	   447.273	    10266083.0	    88648200.0	
    15	  2000	    67	     1	     0.000	   243.262	      42493.1	       7368.0	    36.000	   206.833	     0.000	   242.833	     0.020	   447.273	    10266100.0	    88648400.0	
    15	  2000	    68	     1	     0.000	   243.380	      51500.2	       8420.6	    36.000	   206.954	     0.000	   242.954	     0.020	   447.272	    10265440.0	    88640448.0	
    15	  2000	    69	     1	     0.000	   243.439	      49162.9	       8420.6	    36.000	   206.920	     0.000	   242.920	     0.020	   447.272	    10265634.0	    88642784.0	
    15	  2000	    70	     1	     0.000	   243.430	      51445.4	      19999.0	    36.000	   206.938	     0.000	   242.938	     0.020	   447.273	    10266405.0	    88652080.0	
    15	  2000	    71	     1	     0.000	   243.373	      52818.0	      13683.5	    36.000	   206.989	     0.000	   242.989	     0.020	   447.272	    10265767.0	    88644392.0	
    15	  2000	    72	     1	     0.000	   243.267	      52361.6	       8420.6	    36.000	   206.794	     0.000	   242.794	     0.020	   447.272	    10265369.0	    88639584.0	
    15	  2000	    73	     1	     0.000	   243.142	      31417.2	      18946.4	    36.000	   206.613	     0.000	   242.613	     0.020	   447.276	    10267978.0	    88671056.0	
    15	  2000	    74	     1	     0.000	   242.930	      54674.4	       5262.9	    36.000	   206.766	     0.000	   242.766	     0.020	   447.271	    10264916.0	    88634120.0	
    15	  2000	    75	     1	     0.000	   242.695	      52590.3	       7368.0	    36.000	   206.104	     0.000	   242.104	     0.020	   447.271	    10265262.0	    88638304.0	
    15	  2000	    76	     1	     0.000	   242.415	      48961.0	      17893.8	    36.000	   205.871	     0.000	   241.871	     0.020	   447.273	    10266437.0	    88652464.0	
    15	  2000	    77	     1	     0.000	   242.098	      45839.9	      10525.8	    36.000	   205.719	     0.000	   241.719	     0.020	   447.273	    10266085.0	    88648216.0	
    15	  2000	    78	     1	     0.000	   241.747	      44316.2	      11578.3	    36.000	   205.318	     0.000	   241.318	     0.020	   447.273	    10266298.0	    88650792.0	
    15	  2000	    79	     1	     0.000	   241.356	      48568.2	      21051.5	    36.000	   204.957	     0.000	   240.957	     0.020	   447.274	    10266730.0	    88656008.0	
    15	  2000	    80	     1	     0.000	   241.048	      39517.5	      69470.1	    36.000	   204.709	     0.000	   240.709	     0.020	   447.281	    10271496.0	    88713480.0	
    15	  2000	    81	     1	     0.000	   240.685	      38236.8	      16841.2	    36.000	   205.012	     0.000	   241.012	     0.020	   447.274	    10267239.0	    88662136.0	
    15	  2000	    82	     1	     0.000	   240.276	      54788.2	          0.0	    36.000	   204.008	     0.000	   240.008	     0.020	   447.270	    10264469.0	    88628736.0	
    15	  2000	    83	     1	     0.000	   239.843	      49573.1	          0.0	    36.000	   203.189	     0.000	   239.189	     0.020	   447.271	    10264902.0	    88633952.0	
    15	  2000	    84	     1	     0.000	   239.375	      42839.2	       3157.7	    36.000	   202.781	     0.000	   238.781	     0.020	   447.272	    10265722.0	    88643848.0	
    15	  2000	    85	     1	     0.000	   238.852	      50341.8	          0.0	    36.000	   202.373	     0.000	   238.373	     0.020	   447.271	    10264838.0	    88633184.0	
    15	  2000	    86	     1	     0.000	   238.290	      55695.3	          0.0	    36.000	   201.688	     0.000	   237.688	     0.020	   447.270	    10264394.0	    88627832.0	
    15	  2000	    87	     1	     0.000	   237.699	      51425.4	          0.0	    36.000	   201.034	     0.000	   237.034	     0.020	   447.271	    10264749.0	    88632104.0	
    15	  2000	    88	     1	     0.000	   237.081	      42541.1	       2105.2	    36.000	   200.466	     0.000	   236.466	     0.020	   447.272	    10265660.0	    88643096.0	
    15	  2000	    89	     1	     0.000	   236.431	      40870.9	       6315.5	    36.000	   199.943	     0.000	   235.943	     0.020	   447.273	    10266148.0	    88648976.0	
    15	  2000	    90	     1	     0.000	   235.754	      42000.1	       6315.5	    36.000	   199.334	     0.000	   235.334	     0.020	   447.273	    10266053.0	    88647840.0	
    15	  2000	    91	     1	     0.000	   235.054	      41053.8	       3157.7	    36.000	   198.621	     0.000	   234.621	     0.020	   447.272	    10265870.0	    88645632.0	
    15	  2000	    92	     1	     0.000	   234.329	      40862.0	       1052.6	    36.000	   197.870	     0.000	   233.870	     0.020	   447.272	    10265712.0	    88643720.0	
    15	  2000	    93	     1	     0.000	   233.574	      46223.4	       1052.6	    36.000	   197.093	     0.000	   233.093	     0.020	   447.271	    10265267.0	    88638360.0	
    15	  2000	    94	     1	     0.000	   232.799	      47729.4	          0.0	    36.000	   196.256	     0.000	   232.256	     0.020	   447.271	    10265055.0	    88635800.0	
    15	  2000	    95	     1	     0.000	   232.002	      47808.0	          0.0	    36.000	   195.429	     0.000	   231.429	     0.020	   447.271	    10265048.0	    88635720.0	
    15	  2000	    96	     1	     0.000	   231.183	      47001.1	          0.0	    36.000	   194.610	     0.000	   230.610	     0.020	   447.271	    10265115.0	    88636528.0	
    15	  2000	    97	     1	     0.000	   230.334	      52602.6	          0.0	    36.000	   193.770	     0.000	   229.770	     0.020	   447.270	    10264651.0	    88630928.0	
    15	  2000	    98	     1	     0.000	   229.467	      52311.2	          0.0	    36.000	   192.838	     0.000	   228.838	     0.020	   447.270	    10264675.0	    88631216.0	
    15	  2000	    99	     1	     0.000	   228.577	      52829.3	          0.0	    36.000	   191.952	     0.000	   227.952	     0.020	   447.270	    10264632.0	    88630696.0	
    15	  2000	   100	     1	     0.000	   227.676	      45857.9	          0.0	    36.000	   191.045	     0.000	   227.045	     0.020	   447.271	    10265210.0	    88637672.0	
    15	  2000	   101	     1	     0.000	   226.754	      45178.2	          0.0	    36.000	   190.203	     0.000	   226.203	     0.020	   447.271	    10265266.0	    88638352.0	
    15	  2000	   102	     1	     0.000	   225.826	      37859.6	          0.0	    36.000	   189.283	     0.000	   225.283	     0.020	   447.272	    10265873.0	    88645672.0	
    15	  2000	   103	     1	     0.000	   224.866	      50303.9	          0.0	    36.000	   188.408	     0.000	   224.408	     0.020	   447.271	    10264842.0	    88633224.0	
    15	  2000	   104	     1	     0.000	   223.905	      49289.3	          0.0	    36.000	   187.302	     0.000	   223.302	     0.020	   447.271	    10264925.0	    88634240.0	
    15	  2000	   105	     1	     0.000	   222.929	      49989.8	          0.0	    36.000	   186.339	     0.000	   222.339	     0.020	   447.271	    10264867.0	    88633536.0	
    15	  2000	   106	     1	     0.000	   221.939	      52330.4	          0.0	    36.000	   185.340	     0.000	   221.340	     0.020	   447.270	    10264674.0	    88631200.0	
    15	  2000	   107	     1	     0.000	   220.937	      52011.1	          0.0	    36.000	   184.311	     0.000	   220.311	     0.020	   447.270	    10264700.0	    88631520.0	
    15	  2000	   108	     1	     0.000	   219.925	      49767.6	          0.0	    36.000	   183.303	     0.000	   219.303	     0.020	   447.271	    10264886.0	    88633760.0	
    15	  2000	   109	     1	     0.000	   218.912	      41206.0	       1052.6	    36.000	   182.316	     0.000	   218.316	     0.020	   447.272	    10265683.0	    88643376.0	
    15	  2000	   110	     1	     0.000	   217.879	      45426.2	          0.0	    36.000	   181.394	     0.000	   217.394	     0.020	   447.271	    10265246.0	    88638104.0	
    15	  2000	   111	     1	     0.000	   216.852	      37349.5	       5262.9	    36.000	   180.306	     0.000	   216.306	     0.020	   447.273	    10266352.0	    88651440.0	
    15	  2000	   112	     1	     0.000	   215.817	      34480.4	       5262.9	    36.000	   179.426	     0.000	   215.426	     0.020	   447.273	    10266590.0	    88654312.0	
    15	  2000	   113	     1	     0.000	   214.774	      36787.1	          0.0	    36.000	   178.416	     0.000	   214.416	     0.020	   447.272	    10265962.0	    88646744.0	
    15	  2000	   114	     1	     0.000	   213.720	      43368.7	          0.0	    36.000	   177.275	     0.000	   213.275	     0.020	   447.272	    10265417.0	    88640160.0	
    15	  2000	   115	     1	     0.000	   212.672	      39929.6	          0.0	    36.000	   176.150	     0.000	   212.150	     0.020	   447.272	    10265702.0	    88643600.0	
    15	  2000	   116	     1	     0.000	   211.610	      46403.4	          0.0	    36.000	   175.128	     0.000	   211.128	     0.020	   447.271	    10265165.0	    88637128.0	
    15	  2000	   117	     1	     0.000	   210.546	      48798.9	          0.0	    36.000	   173.989	     0.000	   209.989	     0.020	   447.271	    10264966.0	    88634728.0	
    15	  2000	   118	     1	     0.000	   209.477	      50283.2	          0.0	    36.000	   172.893	     0.000	   208.893	     0.020	   447.271	    10264844.0	    88633248.0	
    15	  2000	   119	     1	     0.000	   208.412	      43562.8	          0.0	    36.000	   171.810	     0.000	   207.810	     0.020	   447.272	    10265400.0	    88639968.0	
    15	  2000	   120	     1	     0.000	   207.339	      41474.8	          0.0	    36.000	   170.814	     0.000	   206.814	     0.020	   447.272	    10265574.0	    88642056.0	
    15	  2000	   121	     1	     0.000	   206.258	      43367.9	          0.0	    36.000	   169.758	     0.000	   205.758	     0.020	   447.272	    10265417.0	    88640160.0	
    15	  2000	   122	     1	     0.000	   205.180	      40194.4	          0.0	    36.000	   168.658	     0.000	   204.658	     0.020	   447.272	    10265680.0	    88643336.0	
    15	  2000	   123	     1	     0.000	   204.087	      49148.0	          0.0	    36.000	   167.602	     0.000	   203.602	     0.020	   447.271	    10264937.0	    88634376.0	
    15	  2000	   124	     1	     0.000	   203.007	      43015.6	          0.0	    36.000	   166.418	     0.000	   202.418	     0.020	   447.272	    10265446.0	    88640512.0	
    15	  2000	   125	     1	     0.000	   201.925	      38038.9	          0.0	    36.000	   165.408	     0.000	   201.408	     0.020	   447.272	    10265858.0	    88645488.0	
    15	  2000	   126	     1	     0.000	   200.839	      38275.6	          0.0	    36.000	   164.379	     0.000	   200.379	     0.020	   447.272	    10265839.0	    88645256.0	
    15	  2000	   127	     1	     0.000	   199.752	      40445.1	          0.0	    36.000	   163.289	     0.000	   199.289	     0.020	   447.272	    10265659.0	    88643080.0	
    15	  2000	   128	     1	     0.000	   198.670	      38106.6	          0.0	    36.000	   162.182	     0.000	   198.182	     0.020	   447.272	    10265853.0	    88645424.0	
    15	  2000	   129	     1	     0.000	   197.594	      31353.0	       1052.6	    36.000	   161.133	     0.000	   197.133	     0.020	   447.273	    10266500.0	    88653224.0	
    15	  2000	   130	     1	     0.000	   196.510	      34702.8	          0.0	    36.000	   160.139	     0.000	   196.139	     0.020	   447.273	    10266135.0	    88648824.0	
    15	  2000	   131	     1	     0.000	   195.422	      43634.3	          0.0	    36.000	   159.000	     0.000	   195.000	     0.020	   447.272	    10265395.0	    88639896.0	
    15	  2000	   132	     1	     0.000	   194.341	      44500.6	          0.0	    36.000	   157.816	     0.000	   193.816	     0.020	   447.271	    10265323.0	    88639024.0	
    15	  2000	   133	     1	     0.000	   193.270	      36854.5	          0.0	    36.000	   156.735	     0.000	   192.735	     0.020	   447.272	    10265957.0	    88646672.0	
    15	  2000	   134	     1	     0.000	   192.194	      35728.8	       1052.6	    36.000	   155.748	     0.000	   191.748	     0.020	   447.273	    10266137.0	    88648848.0	
    15	  2000	   135	     1	     0.000	   191.114	      41572.3	          0.0	    36.000	   154.692	     0.000	   190.692	     0.020	   447.272	    10265565.0	    88641952.0	
    15	  2000	   136	     1	     0.000	   190.038	      43278.8	          0.0	    36.000	   153.537	     0.000	   189.537	     0.020	   447.272	    10265424.0	    88640248.0	
    15	  2000	   137	     1	     0.000	   188.965	      43912.4	          0.0	    36.000	   152.444	     0.000	   188.444	     0.020	   447.272	    10265372.0	    88639616.0	
    15	  2000	   138	     1	     0.000	   187.895	      43678.6	          0.0	    36.000	   151.367	     0.000	   187.367	     0.020	   447.272	    10265391.0	    88639848.0	
    15	  2000	   139	     1	     0.000	   186.827	      43329.7	          0.0	    36.000	   150.301	     0.000	   186.301	     0.020	   447.272	    10265420.0	    88640200.0	
    15	  2000	   140	     1	     0.000	   185.760	      43842.6	          0.0	    36.000	   149.238	     0.000	   185.238	     0.020	   447.272	    10265378.0	    88639688.0	
    15	  2000	   141	     1	     0.000	   184.694	      45213.5	          0.0	    36.000	   148.167	     0.000	   184.167	     0.020	   447.271	    10265263.0	    88638312.0	
    15	  2000	   142	     1	     0.000	   183.638	      39465.1	          0.0	    36.000	   147.094	     0.000	   183.094	     0.020	   447.272	    10265740.0	    88644064.0	
    15	  2000	   143	     1	     0.000	   182.574	      44807.4	          0.0	    36.000	   146.097	     0.000	   182.097	     0.020	   447.271	    10265297.0	    88638720.0	
    15	  2000	   144	     1	     0.000	   181.525	      36413.9	       1052.6	    36.000	   144.987	     0.000	   180.987	     0.020	   447.273	    10266081.0	    88648168.0	
    15	  2000	   145	     1	     0.000	   180.465	      44861.8	          0.0	    36.000	   144.036	     0.000	   180.036	     0.020	   447.271	    10265292.0	    88638664.0	
    15	  2000	   146	     1	     0.000	   179.413	      45951.3	          0.0	    36.000	   142.874	     0.000	   178.874	     0.020	   447.271	    10265202.0	    88637576.0	
    15	  2000	   147	     1	     0.000	   178.365	      47169.3	          0.0	    36.000	   141.813	     0.000	   177.813	     0.020	   447.271	    10265101.0	    88636360.0	
    15	  2000	   148	     1	     0.000	   177.320	      47144.2	          0.0	    36.000	   140.754	     0.000	   176.754	     0.020	   447.271	    10265103.0	    88636384.0	
    15	  2000	   149	     1	     0.000	   176.279	      45409.4	          0.0	    36.000	   139.713	     0.000	   175.713	     0.020	   447.271	    10265247.0	    88638120.0	
    15	  2000	   150	     1	     0.000	   175.242	      43835.8	          0.0	    36.000	   138.696	     0.000	   174.696	     0.020	   447.272	    10265378.0	    88639696.0	
    15	  2000	   151	     1	     0.000	   174.205	      45959.8	          0.0	    36.000	   137.678	     0.000	   173.678	     0.020	   447.271	    10265202.0	    88637568.0	
    15	  2000	   152	     1	     0.000	   173.172	      46505.8	          0.0	    36.000	   136.620	     0.000	   172.620	     0.020	   447.271	    10265156.0	    88637024.0	
    15	  2000	   153	     1	     0.000	   172.145	      45137.1	          0.0	    36.000	   135.587	     0.000	   171.587	     0.020	   447.271	    10265270.0	    88638392.0	
    15	  2000	   154	     1	     0.000	   171.122	      42629.8	          0.0	    36.000	   134.580	     0.000	   170.580	     0.020	   447.272	    10265478.0	    88640896.0	
    15	  2000	   155	     1	     0.000	   170.109	      34208.4	          0.0	    36.000	   133.596	     0.000	   169.596	     0.020	   447.273	    10266176.0	    88649320.0	
    15	  2000	   156	     1	     0.000	   169.095	      31568.2	          0.0	    36.000	   132.679	     0.000	   168.679	     0.020	   447.273	    10266395.0	    88651960.0	
    15	  2000	   157	     1	     0.000	   168.087	      27519.0	       1052.6	    36.000	   131.702	     0.000	   167.702	     0.020	   447.274	    10266818.0	    88657064.0	
    15	  2000	   158	     1	     0.000	   167.084	      23881.7	       1052.6	    36.000	   130.758	     0.000	   166.758	     0.020	   447.274	    10267119.0	    88660696.0	
    15	  2000	   159	     1	     0.000	   166.071	      36275.4	       1052.6	    36.000	   129.787	     0.000	   165.787	     0.020	   447.273	    10266092.0	    88648304.0	
    15	  2000	   160	     1	     0.000	   165.067	      42917.3	          0.0	    36.000	   128.639	     0.000	   164.639	     0.020	   447.272	    10265453.0	    88640608.0	
    15	  2000	   161	     1	     0.000	   164.072	      44505.3	          0.0	    36.000	   127.555	     0.000	   163.555	     0.020	   447.271	    10265323.0	    88639024.0	
    15	  2000	   162	     1	     0.000	   163.085	      40789.9	          0.0	    36.000	   126.550	     0.000	   162.550	     0.020	   447.272	    10265630.0	    88642736.0	
    15	  2000	   163	     1	     0.000	   162.096	      44441.2	          0.0	    36.000	   125.604	     0.000	   161.604	     0.020	   447.271	    10265328.0	    88639088.0	
    15	  2000	   164	     1	     0.000	   161.117	      41776.4	          0.0	    36.000	   124.582	     0.000	   160.582	     0.020	   447.272	    10265548.0	    88641752.0	
    15	  2000	   165	     1	     0.000	   160.146	      34340.4	       1052.6	    36.000	   123.643	     0.000	   159.643	     0.020	   447.273	    10266252.0	    88650240.0	
    15	  2000	   166	     1	     0.000	   159.176	      31602.1	          0.0	    36.000	   122.771	     0.000	   158.771	     0.020	   447.273	    10266392.0	    88651928.0	
    15	  2000	   167	     1	     0.000	   158.200	      41625.8	       1052.6	    36.000	   121.814	     0.000	   157.814	     0.020	   447.272	    10265648.0	    88642952.0	
    15	  2000	   168	     1	     0.000	   157.232	      45833.4	          0.0	    36.000	   120.743	     0.000	   156.743	     0.020	   447.271	    10265212.0	    88637696.0	
    15	  2000	   169	     1	     0.000	   156.270	      48609.8	          0.0	    36.000	   119.720	     0.000	   155.720	     0.020	   447.271	    10264982.0	    88634920.0	
    15	  2000	   170	     1	     0.000	   155.318	      45151.7	       1052.6	    36.000	   118.735	     0.000	   154.735	     0.020	   447.271	    10265356.0	    88639432.0	
    15	  2000	   171	     1	     0.000	   154.368	      43710.3	          0.0	    36.000	   117.837	     0.000	   153.837	     0.020	   447.272	    10265388.0	    88639816.0	
    15	  2000	   172	     1	     0.000	   153.416	      49076.5	          0.0	    36.000	   116.890	     0.000	   152.890	     0.020	   447.271	    10264943.0	    88634448.0	
    15	  2000	   173	     1	     0.000	   152.471	      51544.2	          0.0	    36.000	   115.883	     0.000	   151.883	     0.020	   447.271	    10264738.0	    88631984.0	
    15	  2000	   174	     1	     0.000	   151.532	      52225.2	          0.0	    36.000	   114.915	     0.000	   150.915	     0.020	   447.270	    10264682.0	    88631304.0	
    15	  2000	   175	     1	     0.000	   150.613	      34978.0	          0.0	    36.000	   113.988	     0.000	   149.988	     0.020	   447.273	    10266112.0	    88648552.0	
    15	  2000	   176	     1	     0.000	   149.673	      46269.6	       1052.6	    36.000	   113.249	     0.000	   149.249	     0.020	   447.271	    10265263.0	    88638312.0	
    15	  2000	   177	     1	     0.000	   148.752	      42776.7	       2105.2	    36.000	   112.208	     0.000	   148.208	     0.020	   447.272	    10265640.0	    88642856.0	
    15	  2000	   178	     1	     0.000	   147.833	      41002.5	       1052.6	    36.000	   111.343	     0.000	   147.343	     0.020	   447.272	    10265700.0	    88643576.0	
    15	  2000	   179	     1	     0.000	   146.914	      45385.2	          0.0	    36.000	   110.432	     0.000	   146.432	     0.020	   447.271	    10265249.0	    88638144.0	
    15	  2000	   180	     1	     0.000	   146.002	      47340.0	          0.0	    36.000	   109.457	     0.000	   145.457	     0.020	   447.271	    10265088.0	    88636192.0	
    15	  2000	   181	     1	     0.000	   145.092	      51631.9	          0.0	    36.000	   108.525	     0.000	   144.525	     0.020	   447.271	    10264731.0	    88631896.0	
    15	  2000	   182	     1	     0.000	   144.190	      52767.5	          0.0	    36.000	   107.572	     0.000	   143.572	     0.020	   447.270	    10264637.0	    88630760.0	
    15	  2000	   183	     1	     0.000	   143.297	      48613.9	          0.0	    36.000	   106.666	     0.000	   142.666	     0.020	   447.271	    10264981.0	    88634912.0	
    15	  2000	   184	     1	     0.000	   142.405	      47296.2	          0.0	    36.000	   105.822	     0.000	   141.822	     0.020	   447.271	    10265091.0	    88636232.0	
    15	  2000	   185	     1	     0.000	   141.512	      49959.6	          0.0	    36.000	   104.944	     0.000	   140.944	     0.020	   447.271	    10264870.0	    88633568.0	
    15	  2000	   186	     1	     0.000	   140.623	      52916.9	          0.0	    36.000	   104.024	     0.000	   140.024	     0.020	   447.270	    10264625.0	    88630608.0	
    15	  2000	   187	     1	     0.000	   139.748	      44853.3	       1052.6	    36.000	   103.115	     0.000	   139.115	     0.020	   447.272	    10265381.0	    88639728.0	
    15	  2000	   188	     1	     0.000	   138.864	      52868.5	          0.0	    36.000	   102.337	     0.000	   138.337	     0.020	   447.270	    10264628.0	    88630656.0	
    15	  2000	   189	     1	     0.000	   137.990	      55125.7	          0.0	    36.000	   101.358	     0.000	   137.358	     0.020	   447.270	    10264441.0	    88628400.0	
    15	  2000	   190	     1	     0.000	   137.123	      55344.8	          0.0	    36.000	   100.465	     0.000	   136.465	     0.020	   447.270	    10264424.0	    88628184.0	
    15	  2000	   191	     1	     0.000	   136.268	      48117.6	       1052.6	    36.000	    99.607	     0.000	   135.607	     0.020	   447.271	    10265110.0	    88636464.0	
    15	  2000	   192	     1	     0.000	   135.411	      47280.3	          0.0	    36.000	    98.847	     0.000	   134.847	     0.020	   447.271	    10265092.0	    88636248.0	
    15	  2000	   193	     1	     0.000	   134.556	      51275.6	          0.0	    36.000	    97.989	     0.000	   133.989	     0.020	   447.271	    10264761.0	    88632256.0	
    15	  2000	   194	     1	     0.000	   133.710	      49861.9	          0.0	    36.000	    97.096	     0.000	   133.096	     0.020	   447.271	    10264878.0	    88633664.0	
    15	  2000	   195	     1	     0.000	   132.877	      39436.0	       1052.6	    36.000	    96.280	     0.000	   132.280	     0.020	   447.272	    10265830.0	    88645144.0	
    15	  2000	   196	     1	     0.000	   132.026	      54760.7	          0.0	    36.000	    95.562	     0.000	   131.562	     0.020	   447.270	    10264472.0	    88628768.0	
    15	  2000	   197	     1	     0.000	   131.191	      58258.6	          0.0	    36.000	    94.537	     0.000	   130.537	     0.020	   447.270	    10264182.0	    88625272.0	
    15	  2000	   198	     1	     0.000	   130.363	      58641.3	          0.0	    36.000	    93.669	     0.000	   129.669	     0.020	   447.270	    10264150.0	    88624888.0	
    15	  2000	   199	     1	     0.000	   129.541	      57667.7	          0.0	    36.000	    92.843	     0.000	   128.843	     0.020	   447.270	    10264231.0	    88625864.0	
    15	  2000	   200	     1	     0.000	   128.724	      57226.5	          0.0	    36.000	    92.037	     0.000	   128.037	     0.020	   447.270	    10264267.0	    88626304.0	
    15	  2000	   201	     1	     0.000	   127.909	      59491.2	          0.0	    36.000	    91.227	     0.000	   127.227	     0.020	   447.270	    10264080.0	    88624040.0	
    15	  2000	   202	     1	     0.000	   127.105	      57367.5	          0.0	    36.000	    90.397	     0.000	   126.397	     0.020	   447.270	    10264256.0	    88626160.0	
    15	  2000	   203	     1	     0.000	   126.305	      53806.1	          0.0	    36.000	    89.621	     0.000	   125.621	     0.020	   447.270	    10264551.0	    88629720.0	
    15	  2000	   204	     1	     0.000	   125.503	      58064.4	          0.0	    36.000	    88.860	     0.000	   124.860	     0.020	   447.270	    10264198.0	    88625464.0	
    15	  2000	   205	     1	     0.000	   124.717	      48044.4	          0.0	    36.000	    88.025	     0.000	   124.025	     0.020	   447.271	    10265028.0	    88635480.0	
    15	  2000	   206	     1	     0.000	   123.924	      52721.6	          0.0	    36.000	    87.348	     0.000	   123.348	     0.020	   447.270	    10264641.0	    88630808.0	
    15	  2000	   207	     1	     0.000	   123.141	      50421.3	          0.0	    36.000	    86.511	     0.000	   122.511	     0.020	   447.271	    10264831.0	    88633104.0	
    15	  2000	   208	     1	     0.000	   122.357	      55390.9	          0.0	    36.000	    85.753	     0.000	   121.753	     0.020	   447.270	    10264420.0	    88628136.0	
    15	  2000	   209	     1	     0.000	   121.579	      57743.2	          0.0	    36.000	    84.918	     0.000	   120.918	     0.020	   447.270	    10264224.0	    88625784.0	
    15	  2000	   210	     1	     0.000	   120.809	      57202.3	          0.0	    36.000	    84.120	     0.000	   120.120	     0.020	   447.270	    10264269.0	    88626328.0	
    15	  2000	   211	     1	     0.000	   120.051	      46527.4	      15788.7	    36.000	    83.369	     0.000	   119.369	     0.020	   447.273	    10266464.0	    88652792.0	
    15	  2000	   212	     1	     0.000	   119.285	      51343.5	       4210.3	    36.000	    82.909	     0.000	   118.909	     0.020	   447.271	    10265104.0	    88636392.0	
    15	  2000	   213	     1	     0.000	   118.516	      64816.5	          0.0	    36.000	    81.950	     0.000	   117.950	     0.020	   447.269	    10263638.0	    88618712.0	
    15	  2000	   214	     1	     0.000	   117.767	      59842.9	          0.0	    36.000	    80.996	     0.000	   116.996	     0.020	   447.269	    10264051.0	    88623688.0	
    15	  2000	   215	     1	     0.000	   117.023	      54033.8	          0.0	    36.000	    80.310	     0.000	   116.310	     0.020	   447.270	    10264532.0	    88629496.0	
    15	  2000	   216	     1	     0.000	   116.283	      48443.1	      24209.3	    36.000	    79.638	     0.000	   115.638	     0.020	   447.274	    10267003.0	    88659296.0	
    15	  2000	   217	     1	     0.000	   115.546	      45055.5	       7368.0	    36.000	    79.246	     0.000	   115.246	     0.020	   447.272	    10265888.0	    88645840.0	
    15	  2000	   218	     1	     0.000	   114.828	      24226.5	       5262.9	    36.000	    78.372	     0.000	   114.372	     0.020	   447.275	    10267440.0	    88664568.0	
    15	  2000	   219	     1	     0.000	   114.085	      39265.4	      51576.3	    36.000	    77.846	     0.000	   113.846	     0.020	   447.279	    10270033.0	    88695840.0	
    15	  2000	   220	     1	     0.000	   113.377	      33016.7	     191569.0	    36.000	    77.500	     0.000	   113.500	     0.020	   447.297	    10282154.0	    88842080.0	
    15	  2000	   221	     1	     0.000	   112.667	      27523.2	      70522.6	    36.000	    78.482	     0.000	   114.482	     0.020	   447.283	    10272577.0	    88726528.0	
    15	  2000	   222	     1	     0.000	   111.930	      48076.2	       3157.7	    36.000	    76.408	     0.000	   112.408	     0.020	   447.271	    10265288.0	    88638608.0	
    15	  2000	   223	     1	     0.000	   111.214	      59788.6	       1052.6	    36.000	    74.674	     0.000	   110.674	     0.020	   447.270	    10264142.0	    88624792.0	
    15	  2000	   224	     1	     0.000	   110.521	      48463.8	          0.0	    36.000	    73.821	     0.000	   109.821	     0.020	   447.271	    10264994.0	    88635064.0	
    15	  2000	   225	     1	     0.000	   109.814	      58864.1	          0.0	    36.000	    73.233	     0.000	   109.233	     0.020	   447.270	    10264132.0	    88624664.0	
    15	  2000	   226	     1	     0.000	   109.118	      60147.3	          0.0	    36.000	    72.417	     0.000	   108.417	     0.020	   447.269	    10264025.0	    88623384.0	
    15	  2000	   227	     1	     0.000	   108.426	      61291.2	          0.0	    36.000	    71.710	     0.000	   107.710	     0.020	   447.269	    10263930.0	    88622240.0	
    15	  2000	   228	     1	     0.000	   107.737	      63043.6	          0.0	    36.000	    71.008	     0.000	   107.008	     0.020	   447.269	    10263785.0	    88620488.0	
    15	  2000	   229	     1	     0.000	   107.054	      62753.4	          0.0	    36.000	    70.305	     0.000	   106.305	     0.020	   447.269	    10263809.0	    88620776.0	
    15	  2000	   230	     1	     0.000	   106.373	      64838.8	          0.0	    36.000	    69.626	     0.000	   105.626	     0.020	   447.269	    10263636.0	    88618688.0	
    15	  2000	   231	     1	     0.000	   105.701	      59846.3	          0.0	    36.000	    68.930	     0.000	   104.930	     0.020	   447.269	    10264050.0	    88623680.0	
    15	  2000	   232	     1	     0.000	   105.023	      66049.4	          0.0	    36.000	    68.311	     0.000	   104.311	     0.020	   447.269	    10263536.0	    88617480.0	
    15	  2000	   233	     1	     0.000	   104.350	      71485.9	          0.0	    36.000	    67.566	     0.000	   103.566	     0.020	   447.268	    10263085.0	    88612040.0	
    15	  2000	   234	     1	     0.000	   103.684	      72328.6	          0.0	    36.000	    66.837	     0.000	   102.837	     0.020	   447.268	    10263015.0	    88611200.0	
    15	  2000	   235	     1	     0.000	   103.022	      73711.1	          0.0	    36.000	    66.165	     0.000	   102.165	     0.020	   447.268	    10262900.0	    88609816.0	
    15	  2000	   236	     1	     0.000	   102.363	      74537.0	          0.0	    36.000	    65.490	     0.000	   101.490	     0.020	   447.268	    10262832.0	    88608992.0	
    15	  2000	   237	     1	     0.000	   101.712	      71527.0	          0.0	    36.000	    64.829	     0.000	   100.829	     0.020	   447.268	    10263081.0	    88612000.0	
    15	  2000	   238	     1	     0.000	   101.066	      65819.3	          0.0	    36.000	    64.218	     0.000	   100.218	     0.020	   447.269	    10263555.0	    88617712.0	
    15	  2000	   239	     1	     0.000	   100.424	      59519.7	       1052.6	    36.000	    63.643	     0.000	    99.643	     0.020	   447.270	    10264165.0	    88625064.0	
    15	  2000	   240	     1	     0.000	    99.791	      48249.8	          0.0	    36.000	    63.094	     0.000	    99.094	     0.020	   447.271	    10265012.0	    88635280.0	
    15	  2000	   241	     1	     0.000	    99.156	      43090.7	       6315.5	    36.000	    62.577	     0.000	    98.577	     0.020	   447.272	    10265963.0	    88646752.0	
    15	  2000	   242	     1	     0.000	    98.499	      66910.3	          0.0	    36.000	    62.054	     0.000	    98.054	     0.020	   447.269	    10263464.0	    88616616.0	
    15	  2000	   243	     1	     0.000	    97.872	      61767.5	          0.0	    36.000	    61.077	     0.000	    97.077	     0.020	   447.269	    10263891.0	    88621760.0	
    15	  2000	   244	     1	     0.000	    97.248	      56179.8	       1052.6	    36.000	    60.513	     0.000	    96.513	     0.020	   447.270	    10264441.0	    88628400.0	
    15	  2000	   245	     1	     0.000	    96.635	      41757.3	          0.0	    36.000	    59.977	     0.000	    95.977	     0.020	   447.272	    10265550.0	    88641768.0	
    15	  2000	   246	     1	     0.000	    95.995	      62807.4	          0.0	    36.000	    59.492	     0.000	    95.492	     0.020	   447.269	    10263805.0	    88620720.0	
    15	  2000	   247	     1	     0.000	    95.377	      63343.7	       1052.6	    36.000	    58.630	     0.000	    94.630	     0.020	   447.269	    10263848.0	    88621240.0	
    15	  2000	   248	     1	     0.000	    94.762	      63815.4	       8420.6	    36.000	    58.021	     0.000	    94.021	     0.020	   447.270	    10264420.0	    88628136.0	
    15	  2000	   249	     1	     0.000	    94.158	      63742.2	     127361.8	    36.000	    57.497	     0.000	    93.497	     0.020	   447.285	    10274286.0	    88747144.0	
    15	  2000	   250	     1	     0.000	    93.575	      38934.4	      87363.9	    36.000	    58.291	     0.000	    94.291	     0.020	   447.283	    10273027.0	    88731960.0	
    15	  2000	   251	     1	     0.000	    92.943	      66324.2	       9473.2	    36.000	    57.484	     0.000	    93.484	     0.020	   447.270	    10264299.0	    88626680.0	
    15	  2000	   252	     1	     0.000	    92.341	      71175.3	          0.0	    36.000	    55.663	     0.000	    91.663	     0.020	   447.268	    10263111.0	    88612352.0	
    15	  2000	   253	     1	     0.000	    91.741	      76558.0	          0.0	    36.000	    54.897	     0.000	    90.897	     0.020	   447.267	    10262664.0	    88606968.0	
    15	  2000	   254	     1	     0.000	    91.145	      81481.4	          0.0	    36.000	    54.239	     0.000	    90.239	     0.020	   447.267	    10262256.0	    88602048.0	
    15	  2000	   255	     1	     0.000	    90.556	      82948.4	          0.0	    36.000	    53.593	     0.000	    89.593	     0.020	   447.267	    10262134.0	    88600576.0	
    15	  2000	   256	     1	     0.000	    89.970	      84185.6	          0.0	    36.000	    52.990	     0.000	    88.990	     0.020	   447.266	    10262032.0	    88599344.0	
    15	  2000	   257	     1	     0.000	    89.387	      84904.1	          0.0	    36.000	    52.393	     0.000	    88.393	     0.020	   447.266	    10261972.0	    88598624.0	
    15	  2000	   258	     1	     0.000	    88.814	      78517.1	          0.0	    36.000	    51.811	     0.000	    87.811	     0.020	   447.267	    10262502.0	    88605008.0	
    15	  2000	   259	     1	     0.000	    88.234	      82346.8	          0.0	    36.000	    51.306	     0.000	    87.306	     0.020	   447.267	    10262184.0	    88601184.0	
    15	  2000	   260	     1	     0.000	    87.661	      79190.8	          0.0	    36.000	    50.688	     0.000	    86.688	     0.020	   447.267	    10262446.0	    88604336.0	
    15	  2000	   261	     1	     0.000	    87.085	      82874.1	          0.0	    36.000	    50.148	     0.000	    86.148	     0.020	   447.267	    10262140.0	    88600656.0	
    15	  2000	   262	     1	     0.000	    86.518	      79221.9	          0.0	    36.000	    49.539	     0.000	    85.539	     0.020	   447.267	    10262443.0	    88604304.0	
    15	  2000	   263	     1	     0.000	    85.956	      74054.0	          0.0	    36.000	    49.020	     0.000	    85.020	     0.020	   447.268	    10262872.0	    88609472.0	
    15	  2000	   264	     1	     0.000	    85.394	      73916.4	          0.0	    36.000	    48.517	     0.000	    84.517	     0.020	   447.268	    10262883.0	    88609608.0	
    15	  2000	   265	     1	     0.000	    84.830	      78971.6	       1052.6	    36.000	    47.955	     0.000	    83.955	     0.020	   447.267	    10262551.0	    88605608.0	
    15	  2000	   266	     1	     0.000	    84.279	      74298.6	       9473.2	    36.000	    47.357	     0.000	    83.357	     0.020	   447.269	    10263637.0	    88618704.0	
    15	  2000	   267	     1	     0.000	    83.723	      77880.1	       2105.2	    36.000	    46.953	     0.000	    82.953	     0.020	   447.267	    10262729.0	    88607752.0	
    15	  2000	   268	     1	     0.000	    83.175	      76747.3	       1052.6	    36.000	    46.278	     0.000	    82.278	     0.020	   447.267	    10262736.0	    88607832.0	
    15	  2000	   269	     1	     0.000	    82.632	      73530.3	       1052.6	    36.000	    45.736	     0.000	    81.736	     0.020	   447.268	    10263003.0	    88611048.0	
    15	  2000	   270	     1	     0.000	    82.084	      80031.5	          0.0	    36.000	    45.225	     0.000	    81.225	     0.020	   447.267	    10262376.0	    88603496.0	
    15	  2000	   271	     1	     0.000	    81.553	      70592.1	       1052.6	    36.000	    44.606	     0.000	    80.606	     0.020	   447.268	    10263247.0	    88613992.0	
    15	  2000	   272	     1	     0.000	    81.024	      61996.5	      23156.7	    36.000	    44.200	     0.000	    80.200	     0.020	   447.272	    10265792.0	    88644688.0	
    15	  2000	   273	     1	     0.000	    80.534	      24837.3	     174727.7	    36.000	    44.065	     0.000	    80.065	     0.020	   447.296	    10281437.0	    88833416.0	
    15	  2000	   274	     1	     0.000	    79.995	      36214.0	      95784.5	    36.000	    45.710	     0.000	    81.710	     0.020	   447.285	    10273950.0	    88743096.0	
    15	  2000	   275	     1	     0.000	    79.473	      32623.1	      75785.5	    36.000	    44.142	     0.000	    80.142	     0.020	   447.283	    10272590.0	    88726688.0	
    15	  2000	   276	     1	     0.000	    78.932	      49457.0	      28419.6	    36.000	    43.412	     0.000	    79.412	     0.020	   447.274	    10267268.0	    88662488.0	
    15	  2000	   277	     1	     0.000	    78.409	      55340.6	      25261.8	    36.000	    42.146	     0.000	    78.146	     0.020	   447.273	    10266519.0	    88653448.0	
    15	  2000	   278	     1	     0.000	    77.920	      33932.9	     136835.0	    36.000	    41.552	     0.000	    77.552	     0.020	   447.290	    10277543.0	    88786432.0	
    15	  2000	   279	     1	     0.000	    77.431	      22027.4	     198937.0	    36.000	    42.602	     0.000	    78.602	     0.020	   447.300	    10283676.0	    88860440.0	
    15	  2000	   280	     1	     0.000	    76.937	      20095.0	     198937.0	    36.000	    42.964	     0.000	    78.964	     0.020	   447.300	    10283836.0	    88862368.0	
    15	  2000	   281	     1	     0.000	    76.436	      32880.5	     163149.4	    36.000	    42.485	     0.000	    78.485	     0.020	   447.294	    10279811.0	    88813800.0	
    15	  2000	   282	     1	     0.000	    75.962	      26671.2	     186306.1	    36.000	    41.450	     0.000	    77.450	     0.020	   447.298	    10282244.0	    88843160.0	
    15	  2000	   283	     1	     0.000	    75.473	      29658.2	      18946.4	    36.000	    41.300	     0.000	    77.300	     0.020	   447.276	    10268124.0	    88672816.0	
    15	  2000	   284	     1	     0.000	    74.989	      40389.7	      12630.9	    36.000	    38.845	     0.000	    74.845	     0.020	   447.274	    10266711.0	    88655768.0	
    15	  2000	   285	     1	     0.000	    74.529	      37983.2	      75785.5	    36.000	    38.188	     0.000	    74.188	     0.020	   447.282	    10272146.0	    88721328.0	
    15	  2000	   286	     1	     0.000	    74.054	      45544.1	      44208.2	    36.000	    38.471	     0.000	    74.471	     0.020	   447.277	    10268902.0	    88682192.0	
    15	  2000	   287	     1	     0.000	    73.592	      48925.7	      82101.0	    36.000	    37.556	     0.000	    73.556	     0.020	   447.281	    10271763.0	    88716704.0	
    15	  2000	   288	     1	     0.000	    73.149	      37388.4	     113678.3	    36.000	    37.513	     0.000	    73.513	     0.020	   447.287	    10275337.0	    88759816.0	
    15	  2000	   289	     1	     0.000	    72.717	      36018.5	     263144.2	    36.000	    37.580	     0.000	    73.580	     0.020	   447.306	    10287836.0	    88910656.0	
    15	  2000	   290	     1	     0.000	    72.312	      25909.6	     253671.0	    36.000	    38.921	     0.000	    74.921	     0.020	   447.306	    10287889.0	    88911288.0	
    15	  2000	   291	     1	     0.000	    71.887	      44262.3	      92626.8	    36.000	    38.503	     0.000	    74.503	     0.020	   447.283	    10273022.0	    88731896.0	
    15	  2000	   292	     1	     0.000	    71.458	      63578.2	       5262.9	    36.000	    35.997	     0.000	    71.997	     0.020	   447.270	    10264177.0	    88625216.0	
    15	  2000	   293	     1	     0.000	    71.048	      70388.9	      19999.0	    36.000	    34.353	     0.000	    70.353	     0.020	   447.271	    10264834.0	    88633136.0	
    15	  2000	   294	     1	     0.000	    70.658	      55743.9	      36840.2	    36.000	    34.054	     0.000	    70.054	     0.020	   447.275	    10267445.0	    88664624.0	
    15	  2000	   295	     1	     0.000	    70.246	      65846.8	       9473.2	    36.000	    34.007	     0.000	    70.007	     0.020	   447.270	    10264338.0	    88627152.0	
    15	  2000	   296	     1	     0.000	    69.834	      77079.1	       1052.6	    36.000	    33.161	     0.000	    69.161	     0.020	   447.267	    10262708.0	    88607504.0	
    15	  2000	   297	     1	     0.000	    69.435	      73242.7	       1052.6	    36.000	    32.535	     0.000	    68.535	     0.020	   447.268	    10263026.0	    88611336.0	
    15	  2000	   298	     1	     0.000	    69.031	      75526.0	          0.0	    36.000	    32.176	     0.000	    68.176	     0.020	   447.267	    10262750.0	    88608000.0	
    15	  2000	   299	     1	     0.000	    68.641	      62921.4	       4210.3	    36.000	    31.746	     0.000	    67.746	     0.020	   447.270	    10264144.0	    88624816.0	
    15	  2000	   300	     1	     0.000	    68.241	      62391.2	      25261.8	    36.000	    31.541	     0.000	    67.541	     0.020	   447.272	    10265934.0	    88646400.0	
    15	  2000	   301	     1	     0.000	    67.881	      44074.8	     221041.1	    36.000	    31.432	     0.000	    67.432	     0.020	   447.300	    10283681.0	    88860496.0	
    15	  2000	   302	     1	     0.000	    67.511	      43102.3	     150518.5	    36.000	    33.539	     0.000	    69.539	     0.020	   447.291	    10277916.0	    88790944.0	
    15	  2000	   303	     1	     0.000	    67.131	      50987.0	      37892.8	    36.000	    32.354	     0.000	    68.354	     0.020	   447.275	    10267926.0	    88670432.0	
    15	  2000	   304	     1	     0.000	    66.768	      51276.9	      43155.6	    36.000	    30.597	     0.000	    66.597	     0.020	   447.276	    10268339.0	    88675408.0	
    15	  2000	   305	     1	     0.000	    66.412	      48767.2	      66312.3	    36.000	    30.298	     0.000	    66.298	     0.020	   447.279	    10270467.0	    88701072.0	
    15	  2000	   306	     1	     0.000	    66.073	      43417.8	     123151.5	    36.000	    30.256	     0.000	    66.256	     0.020	   447.287	    10275623.0	    88763264.0	
    15	  2000	   307	     1	     0.000	    65.746	      41073.4	     123151.5	    36.000	    30.649	     0.000	    66.649	     0.020	   447.288	    10275817.0	    88765608.0	
    15	  2000	   308	     1	     0.000	    65.430	      51098.6	     156833.9	    36.000	    30.360	     0.000	    66.360	     0.020	   447.291	    10277778.0	    88789264.0	
    15	  2000	   309	     1	     0.000	    65.169	      40544.4	     187358.6	    36.000	    30.373	     0.000	    66.373	     0.020	   447.296	    10281182.0	    88830344.0	
    15	  2000	   310	     1	     0.000	    64.917	      36317.4	     105257.7	    36.000	    30.597	     0.000	    66.597	     0.020	   447.286	    10274728.0	    88752472.0	
    15	  2000	   311	     1	     0.000	    64.726	      33750.3	     226304.0	    36.000	    29.504	     0.000	    65.504	     0.020	   447.302	    10284971.0	    88876080.0	
    15	  2000	   312	     1	     0.000	    64.558	      32880.9	     119993.7	    36.000	    30.767	     0.000	    66.767	     0.020	   447.288	    10276234.0	    88770640.0	
    15	  2000	   313	     1	     0.000	    64.370	      50852.8	      47365.9	    36.000	    29.358	     0.000	    65.358	     0.020	   447.277	    10268723.0	    88680040.0	
    15	  2000	   314	     1	     0.000	    64.223	      53964.7	      86311.3	    36.000	    28.163	     0.000	    64.163	     0.020	   447.281	    10271694.0	    88715872.0	
    15	  2000	   315	     1	     0.000	    93.529	      30198.4	     288406.0	    36.000	    57.883	     0.000	    93.883	     0.020	   447.310	    10290411.0	    88941736.0	
    15	  2000	   316	     1	     0.000	    70.436	      34194.0	     111573.1	    36.000	    37.404	     0.000	    73.404	     0.020	   447.287	    10275427.0	    88760904.0	
    15	  2000	   317	     1	     0.000	    63.786	      32136.8	      86311.3	    36.000	    28.662	     0.000	    64.662	     0.020	   447.284	    10273504.0	    88737704.0	
    15	  2000	   318	     1	     0.000	    64.847	      31643.7	     139992.7	    36.000	    29.455	     0.000	    65.455	     0.020	   447.291	    10277994.0	    88791880.0	
    15	  2000	   319	     1	     0.000	    64.571	      23976.1	     128414.4	    36.000	    29.805	     0.000	    65.805	     0.020	   447.290	    10277670.0	    88787968.0	
    15	  2000	   320	     1	     0.000	    64.790	      31202.4	      78943.2	    36.000	    29.979	     0.000	    65.979	     0.020	   447.283	    10272970.0	    88731272.0	
    15	  2000	   321	     1	     0.000	    65.057	      23978.7	      65259.8	    36.000	    29.590	     0.000	    65.590	     0.020	   447.282	    10272435.0	    88724808.0	
    15	  2000	   322	     1	     0.000	    65.333	      34355.6	      64207.2	    36.000	    29.791	     0.000	    65.791	     0.020	   447.281	    10271487.0	    88713376.0	
    15	  2000	   323	     1	     0.000	    65.731	      37862.5	     155781.4	    36.000	    30.057	     0.000	    66.057	     0.020	   447.292	    10278787.0	    88801448.0	
    15	  2000	   324	     1	     0.000	    66.173	      38634.9	      83153.6	    36.000	    31.518	     0.000	    67.518	     0.020	   447.283	    10272703.0	    88728048.0	
    15	  2000	   325	     1	     0.000	    66.685	      40190.6	     102099.9	    36.000	    31.181	     0.000	    67.181	     0.020	   447.285	    10274145.0	    88745440.0	
    15	  2000	   326	     1	     0.000	    67.233	      36552.7	      67364.9	    36.000	    31.930	     0.000	    67.930	     0.020	   447.281	    10271567.0	    88714344.0	
    15	  2000	   327	     1	     0.000	    67.719	      57440.3	      38945.3	    36.000	    32.055	     0.000	    68.055	     0.020	   447.275	    10267479.0	    88665032.0	
    15	  2000	   328	     1	     0.000	    68.177	      65010.4	      11578.3	    36.000	    31.943	     0.000	    67.943	     0.020	   447.270	    10264582.0	    88630096.0	
    15	  2000	   329	     1	     0.000	    68.603	      65396.9	       6315.5	    36.000	    31.965	     0.000	    67.965	     0.020	   447.270	    10264114.0	    88624448.0	
    15	  2000	   330	     1	     0.000	    68.981	      68084.7	          0.0	    36.000	    32.277	     0.000	    68.277	     0.020	   447.268	    10263366.0	    88615440.0	
    15	  2000	   331	     1	     0.000	    69.312	      68576.3	       2105.2	    36.000	    32.504	     0.000	    68.504	     0.020	   447.269	    10263501.0	    88617056.0	
    15	  2000	   332	     1	     0.000	    69.599	      66972.6	          0.0	    36.000	    32.810	     0.000	    68.810	     0.020	   447.269	    10263459.0	    88616552.0	
    15	  2000	   333	     1	     0.000	    69.839	      71219.2	       3157.7	    36.000	    33.044	     0.000	    69.044	     0.020	   447.268	    10263368.0	    88615464.0	
    15	  2000	   334	     1	     0.000	    70.070	      51879.2	      54734.0	    36.000	    33.262	     0.000	    69.262	     0.020	   447.277	    10269249.0	    88686384.0	
    15	  2000	   335	     1	     0.000	    70.440	      39867.9	     170517.4	    36.000	    34.453	     0.000	    70.453	     0.020	   447.294	    10279842.0	    88814176.0	
    15	  2001	     1	     1	     0.000	    70.946	      19554.2	     150518.5	    36.000	    36.438	     0.000	    72.438	     0.020	   447.294	    10279868.0	    88814496.0	
    15	  2001	     2	     1	     0.000	    87.138	      12381.6	     239987.5	    36.000	    52.634	     0.000	    88.634	     0.020	   447.306	    10287876.0	    88911136.0	
    15	  2001	     3	     1	     0.000	    74.174	      23095.1	     116836.0	    36.000	    40.789	     0.000	    76.789	     0.020	   447.289	    10276783.0	    88777272.0	
    15	  2001	     4	     1	     0.000	    73.703	      16012.6	     115783.4	    36.000	    38.768	     0.000	    74.768	     0.020	   447.290	    10277282.0	    88783296.0	
    15	  2001	     5	     1	     0.000	    74.695	      30432.4	      28419.6	    36.000	    39.829	     0.000	    75.829	     0.020	   447.277	    10268846.0	    88681512.0	
    15	  2001	     6	     1	     0.000	    75.654	      33323.9	      15788.7	    36.000	    39.611	     0.000	    75.611	     0.020	   447.275	    10267559.0	    88665992.0	
    15	  2001	     7	     1	     0.000	    76.562	      35559.1	       8420.6	    36.000	    40.339	     0.000	    76.339	     0.020	   447.274	    10266763.0	    88656392.0	
    15	  2001	     8	     1	     0.000	    77.424	      35545.6	      12630.9	    36.000	    41.090	     0.000	    77.090	     0.020	   447.274	    10267113.0	    88660616.0	
    15	  2001	     9	     1	     0.000	    78.247	      33837.6	      22104.1	    36.000	    41.962	     0.000	    77.962	     0.020	   447.276	    10268040.0	    88671792.0	
    15	  2001	    10	     1	     0.000	    79.050	      25418.2	      17893.8	    36.000	    42.894	     0.000	    78.894	     0.020	   447.276	    10268388.0	    88676000.0	
    15	  2001	    11	     1	     0.000	    79.804	      27374.0	       6315.5	    36.000	    43.697	     0.000	    79.697	     0.020	   447.274	    10267267.0	    88662472.0	
    15	  2001	    12	     1	     0.000	    80.513	      30881.6	          0.0	    36.000	    44.250	     0.000	    80.250	     0.020	   447.273	    10266452.0	    88652648.0	
    15	  2001	    13	     1	     0.000	    81.186	      29274.5	          0.0	    36.000	    44.809	     0.000	    80.809	     0.020	   447.273	    10266585.0	    88654256.0	
    15	  2001	    14	     1	     0.000	    81.819	      29194.4	          0.0	    36.000	    45.460	     0.000	    81.460	     0.020	   447.273	    10266592.0	    88654336.0	
    15	  2001	    15	     1	     0.000	    82.393	      40377.6	          0.0	    36.000	    46.035	     0.000	    82.035	     0.020	   447.272	    10265665.0	    88643152.0	
    15	  2001	    16	     1	     0.000	    82.926	      40029.1	          0.0	    36.000	    46.439	     0.000	    82.439	     0.020	   447.272	    10265693.0	    88643496.0	
    15	  2001	    17	     1	     0.000	    83.499	      25012.7	      54734.0	    36.000	    47.016	     0.000	    83.016	     0.020	   447.281	    10271476.0	    88713248.0	
    15	  2001	    18	     1	     0.000	    84.079	      32069.7	      54734.0	    36.000	    48.403	     0.000	    84.403	     0.020	   447.280	    10270891.0	    88706192.0	
    15	  2001	    19	     1	     0.000	    84.711	      33828.2	      68417.5	    36.000	    48.954	     0.000	    84.954	     0.020	   447.282	    10271880.0	    88718120.0	
    15	  2001	    20	     1	     0.000	    89.687	      18482.3	     204199.9	    36.000	    54.067	     0.000	    90.067	     0.020	   447.301	    10284405.0	    88869248.0	
    15	  2001	    21	     1	     0.000	    90.337	      22228.9	     195779.3	    36.000	    56.466	     0.000	    92.466	     0.020	   447.299	    10283397.0	    88857080.0	
    15	  2001	    22	     1	     0.000	   102.734	      22450.4	     213673.1	    36.000	    68.723	     0.000	   104.723	     0.020	   447.302	    10284861.0	    88874752.0	
    15	  2001	    23	     1	     0.000	    90.644	      20984.4	     106310.2	    36.000	    56.837	     0.000	    92.837	     0.020	   447.288	    10276086.0	    88768856.0	
    15	  2001	    24	     1	     0.000	    92.656	      20272.6	     126309.2	    36.000	    57.623	     0.000	    93.623	     0.020	   447.291	    10277802.0	    88789568.0	
    15	  2001	    25	     1	     0.000	    95.555	      36968.7	     114730.9	    36.000	    60.763	     0.000	    96.762	     0.020	   447.287	    10275458.0	    88761288.0	
    15	  2001	    26	     1	     0.000	    97.342	      31600.5	      18946.4	    36.000	    62.222	     0.000	    98.222	     0.020	   447.276	    10267963.0	    88670872.0	
    15	  2001	    27	     1	     0.000	    99.849	      46046.4	      64207.2	    36.000	    63.683	     0.000	    99.683	     0.020	   447.279	    10270518.0	    88701688.0	
    15	  2001	    28	     1	     0.000	   101.767	      46007.9	      44208.2	    36.000	    65.957	     0.000	   101.957	     0.020	   447.277	    10268863.0	    88681728.0	
    15	  2001	    29	     1	     0.000	   104.454	      40773.3	     115783.4	    36.000	    68.414	     0.000	   104.414	     0.020	   447.287	    10275231.0	    88758536.0	
    15	  2001	    30	     1	     0.000	   110.125	      43230.4	     164202.0	    36.000	    74.973	     0.000	   110.973	     0.020	   447.293	    10279040.0	    88804496.0	
    15	  2001	    31	     1	     0.000	   110.971	      56031.2	      69470.1	    36.000	    76.351	     0.000	   112.351	     0.020	   447.279	    10270127.0	    88696968.0	
