total overland flow [m**3] for all sub-basins (MAP-IDs)
Year	Day	15	69
2000	1	0.45129E+05	0.13007E+00
2000	2	0.50506E+06	0.59294E+02
2000	3	0.30678E+06	0.47085E+02
2000	4	0.97763E+05	0.44044E+02
2000	5	0.54028E+06	0.18188E+03
2000	6	0.61594E+06	0.13545E+03
2000	7	0.47123E+06	0.19915E+05
2000	8	0.66810E+06	0.18132E+05
2000	9	0.54640E+06	0.82805E+03
2000	10	0.19167E+06	0.14810E+00
2000	11	0.49132E+05	0.14536E+00
2000	12	0.27507E+05	0.14330E+00
2000	13	0.47224E+05	0.14121E+00
2000	14	0.18907E+05	0.13890E+00
2000	15	0.39882E+04	0.13670E+00
2000	16	0.52862E+02	0.13447E+00
2000	17	0.18424E+02	0.15198E+02
2000	18	0.13735E+04	0.53720E+02
2000	19	0.43733E+05	0.18719E+03
2000	20	0.17281E+05	0.14200E+00
2000	21	0.39458E+04	0.13947E+00
2000	22	0.16332E+00	0.13684E+00
2000	23	0.16066E+00	0.13455E+00
2000	24	0.15814E+00	0.13256E+00
2000	25	0.15604E+00	0.13069E+00
2000	26	0.15416E+00	0.12878E+00
2000	27	0.15242E+00	0.12707E+00
2000	28	0.65865E+02	0.36796E+02
2000	29	0.17722E+03	0.13742E+03
2000	30	0.73734E+02	0.13201E+03
2000	31	0.31214E+06	0.13923E+00
2000	32	0.22610E+02	0.13795E+00
2000	33	0.10302E+01	0.13596E+00
2000	34	0.16827E+00	0.13392E+00
2000	35	0.16569E+00	0.13189E+00
2000	36	0.16311E+00	0.12988E+00
2000	37	0.16091E+00	0.12795E+00
2000	38	0.28277E+02	0.97440E+01
2000	39	0.19712E+03	0.35031E+02
2000	40	0.14455E+03	0.21513E+03
2000	41	0.12094E+06	0.26760E+03
2000	42	0.22316E+06	0.94241E+06
2000	43	0.38750E+06	0.12675E+03
2000	44	0.72589E+06	0.66065E+05
2000	45	0.19255E+07	0.32145E+06
2000	46	0.86063E+06	0.24585E+05
2000	47	0.25377E+06	0.12645E+03
2000	48	0.21037E+05	0.44693E+02
2000	49	0.71851E+04	0.52535E+00
2000	50	0.11403E+05	0.16909E+00
2000	51	0.40916E+05	0.16691E+00
2000	52	0.20113E+05	0.16464E+00
2000	53	0.38390E+04	0.16251E+00
2000	54	0.62799E+02	0.16024E+00
2000	55	0.60789E+01	0.15801E+00
2000	56	0.18612E+00	0.15586E+00
2000	57	0.18379E+00	0.15369E+00
2000	58	0.18151E+00	0.15150E+00
2000	59	0.17953E+00	0.14961E+00
2000	60	0.17758E+00	0.14766E+00
2000	61	0.17543E+00	0.14560E+00
2000	62	0.17319E+00	0.14359E+00
2000	63	0.17118E+00	0.14178E+00
2000	64	0.16947E+00	0.14022E+00
2000	65	0.16779E+00	0.13884E+00
2000	66	0.16611E+00	0.13756E+00
2000	67	0.16449E+00	0.13630E+00
2000	68	0.16285E+00	0.13497E+00
2000	69	0.16118E+00	0.13351E+00
2000	70	0.15973E+00	0.13203E+00
2000	71	0.15844E+00	0.13061E+00
2000	72	0.15696E+00	0.12914E+00
2000	73	0.15583E+00	0.12778E+00
2000	74	0.15467E+00	0.12634E+00
2000	75	0.15299E+00	0.12476E+00
2000	76	0.15151E+00	0.12325E+00
2000	77	0.15032E+00	0.12181E+00
2000	78	0.14899E+00	0.12038E+00
2000	79	0.14792E+00	0.11889E+00
2000	80	0.22435E+02	0.11743E+00
2000	81	0.14945E+00	0.49564E+01
2000	82	0.14775E+00	0.11494E+00
2000	83	0.14562E+00	0.11384E+00
2000	84	0.14387E+00	0.11283E+00
2000	85	0.14232E+00	0.11160E+00
2000	86	0.14065E+00	0.11007E+00
2000	87	0.13893E+00	0.10854E+00
2000	88	0.13734E+00	0.10715E+00
2000	89	0.13593E+00	0.10590E+00
2000	90	0.13460E+00	0.10465E+00
2000	91	0.13325E+00	0.10348E+00
2000	92	0.13185E+00	0.10230E+00
2000	93	0.13039E+00	0.10105E+00
2000	94	0.12887E+00	0.99770E-01
2000	95	0.12730E+00	0.98426E-01
2000	96	0.12572E+00	0.97015E-01
2000	97	0.12400E+00	0.95395E-01
2000	98	0.12217E+00	0.93638E-01
2000	99	0.12035E+00	0.91916E-01
2000	100	0.11861E+00	0.90270E-01
2000	101	0.11703E+00	0.88798E-01
2000	102	0.11560E+00	0.87449E-01
2000	103	0.11416E+00	0.86060E-01
2000	104	0.11265E+00	0.84693E-01
2000	105	0.11114E+00	0.83349E-01
2000	106	0.10951E+00	0.81898E-01
2000	107	0.10775E+00	0.80261E-01
2000	108	0.10600E+00	0.78528E-01
2000	109	0.10448E+00	0.76920E-01
2000	110	0.10304E+00	0.75480E-01
2000	111	0.10167E+00	0.74230E-01
2000	112	0.10052E+00	0.73221E-01
2000	113	0.99369E-01	0.72297E-01
2000	114	0.98118E-01	0.71210E-01
2000	115	0.96897E-01	0.70107E-01
2000	116	0.95656E-01	0.69057E-01
2000	117	0.94243E-01	0.67837E-01
2000	118	0.92707E-01	0.66420E-01
2000	119	0.91246E-01	0.64921E-01
2000	120	0.89871E-01	0.63539E-01
2000	121	0.88448E-01	0.62223E-01
2000	122	0.87070E-01	0.60840E-01
2000	123	0.85667E-01	0.59376E-01
2000	124	0.84273E-01	0.58039E-01
2000	125	0.83076E-01	0.56956E-01
2000	126	0.81981E-01	0.56023E-01
2000	127	0.80900E-01	0.55081E-01
2000	128	0.79863E-01	0.54185E-01
2000	129	0.78941E-01	0.53494E-01
2000	130	0.78046E-01	0.52755E-01
2000	131	0.77009E-01	0.51793E-01
2000	132	0.75844E-01	0.50730E-01
2000	133	0.74744E-01	0.49800E-01
2000	134	0.73720E-01	0.48885E-01
2000	135	0.72626E-01	0.47828E-01
2000	136	0.71485E-01	0.46749E-01
2000	137	0.70363E-01	0.45698E-01
2000	138	0.69258E-01	0.44698E-01
2000	139	0.68216E-01	0.43731E-01
2000	140	0.67186E-01	0.42756E-01
2000	141	0.66107E-01	0.41711E-01
2000	142	0.65023E-01	0.40612E-01
2000	143	0.63981E-01	0.39479E-01
2000	144	0.63027E-01	0.38459E-01
2000	145	0.62084E-01	0.37497E-01
2000	146	0.61039E-01	0.36433E-01
2000	147	0.59929E-01	0.35358E-01
2000	148	0.58766E-01	0.34278E-01
2000	149	0.57633E-01	0.33204E-01
2000	150	0.56608E-01	0.32217E-01
2000	151	0.55610E-01	0.31270E-01
2000	152	0.54522E-01	0.30254E-01
2000	153	0.53411E-01	0.29547E-01
2000	154	0.52358E-01	0.29125E-01
2000	155	0.51411E-01	0.28754E-01
2000	156	0.50589E-01	0.28433E-01
2000	157	0.49858E-01	0.28135E-01
2000	158	0.49204E-01	0.27843E-01
2000	159	0.48479E-01	0.27568E-01
2000	160	0.47591E-01	0.27245E-01
2000	161	0.46617E-01	0.26866E-01
2000	162	0.45648E-01	0.26503E-01
2000	163	0.44638E-01	0.26117E-01
2000	164	0.43608E-01	0.25701E-01
2000	165	0.42699E-01	0.25358E-01
2000	166	0.41885E-01	0.25059E-01
2000	167	0.40984E-01	0.24712E-01
2000	168	0.39962E-01	0.24310E-01
2000	169	0.38862E-01	0.23888E-01
2000	170	0.37704E-01	0.23494E-01
2000	171	0.36555E-01	0.23112E-01
2000	172	0.35375E-01	0.22705E-01
2000	173	0.34160E-01	0.22282E-01
2000	174	0.32918E-01	0.21860E-01
2000	175	0.31842E-01	0.21458E-01
2000	176	0.30876E-01	0.21089E-01
2000	177	0.29874E-01	0.20746E-01
2000	178	0.28965E-01	0.20449E-01
2000	179	0.28033E-01	0.20183E-01
2000	180	0.27048E-01	0.19886E-01
2000	181	0.26010E-01	0.19536E-01
2000	182	0.24892E-01	0.19165E-01
2000	183	0.23998E-01	0.18809E-01
2000	184	0.23562E-01	0.18484E-01
2000	185	0.23254E-01	0.18178E-01
2000	186	0.22930E-01	0.17856E-01
2000	187	0.22619E-01	0.17557E-01
2000	188	0.22326E-01	0.17278E-01
2000	189	0.22013E-01	0.16968E-01
2000	190	0.21696E-01	0.16657E-01
2000	191	0.21402E-01	0.16371E-01
2000	192	0.21128E-01	0.16095E-01
2000	193	0.20844E-01	0.15806E-01
2000	194	0.20566E-01	0.15530E-01
2000	195	0.20332E-01	0.15313E-01
2000	196	0.20114E-01	0.15107E-01
2000	197	0.19874E-01	0.14868E-01
2000	198	0.19635E-01	0.14634E-01
2000	199	0.19411E-01	0.14416E-01
2000	200	0.19199E-01	0.14209E-01
2000	201	0.18977E-01	0.13996E-01
2000	202	0.18741E-01	0.13772E-01
2000	203	0.18509E-01	0.13546E-01
2000	204	0.18271E-01	0.13313E-01
2000	205	0.18035E-01	0.13084E-01
2000	206	0.17797E-01	0.12848E-01
2000	207	0.17541E-01	0.12585E-01
2000	208	0.17269E-01	0.12308E-01
2000	209	0.16970E-01	0.12009E-01
2000	210	0.16658E-01	0.11682E-01
2000	211	0.16372E-01	0.11349E-01
2000	212	0.16110E-01	0.11042E-01
2000	213	0.15817E-01	0.10731E-01
2000	214	0.15498E-01	0.10402E-01
2000	215	0.15186E-01	0.10082E-01
2000	216	0.29626E+01	0.97653E-02
2000	217	0.14652E-01	0.13882E+01
2000	218	0.14465E-01	0.92946E-02
2000	219	0.12694E+02	0.90860E-02
2000	220	0.18463E+03	0.26483E+02
2000	221	0.27802E+02	0.86809E-02
2000	222	0.19835E-01	0.84892E-02
2000	223	0.18164E-01	0.82054E-02
2000	224	0.17621E-01	0.78746E-02
2000	225	0.17301E-01	0.75284E-02
2000	226	0.16928E-01	0.71538E-02
2000	227	0.16543E-01	0.67673E-02
2000	228	0.16147E-01	0.63553E-02
2000	229	0.15736E-01	0.59207E-02
2000	230	0.15311E-01	0.54731E-02
2000	231	0.14894E-01	0.50347E-02
2000	232	0.14481E-01	0.46374E-02
2000	233	0.14038E-01	0.43474E-02
2000	234	0.13574E-01	0.41008E-02
2000	235	0.13095E-01	0.38452E-02
2000	236	0.12598E-01	0.35818E-02
2000	237	0.12098E-01	0.33196E-02
2000	238	0.11600E-01	0.30534E-02
2000	239	0.11132E-01	0.27943E-02
2000	240	0.10738E-01	0.25855E-02
2000	241	0.10409E-01	0.24155E-02
2000	242	0.10036E-01	0.22175E-02
2000	243	0.95935E-02	0.19799E-02
2000	244	0.91535E-02	0.17329E-02
2000	245	0.87392E-02	0.14942E-02
2000	246	0.82962E-02	0.12481E-02
2000	247	0.77877E-02	0.97007E-03
2000	248	0.72754E-02	0.67719E-03
2000	249	0.93102E+02	0.13791E+01
2000	250	0.57008E+02	0.24071E+02
2000	251	0.99837E-02	0.12062E-03
2000	252	0.81194E-02	0.19595E-05
2000	253	0.74847E-02	0.00000E+00
2000	254	0.69194E-02	0.00000E+00
2000	255	0.63001E-02	0.00000E+00
2000	256	0.56613E-02	0.00000E+00
2000	257	0.50100E-02	0.00000E+00
2000	258	0.44735E-02	0.00000E+00
2000	259	0.41285E-02	0.00000E+00
2000	260	0.38117E-02	0.00000E+00
2000	261	0.34954E-02	0.00000E+00
2000	262	0.31739E-02	0.00000E+00
2000	263	0.28599E-02	0.00000E+00
2000	264	0.25476E-02	0.00000E+00
2000	265	0.22274E-02	0.00000E+00
2000	266	0.19137E-02	0.00000E+00
2000	267	0.16102E-02	0.00000E+00
2000	268	0.13012E-02	0.00000E+00
2000	269	0.99395E-03	0.00000E+00
2000	270	0.67677E-03	0.00000E+00
2000	271	0.35390E-03	0.00000E+00
2000	272	0.20877E+01	0.00000E+00
2000	273	0.16113E+03	0.34709E+02
2000	274	0.52463E+02	0.26282E+02
2000	275	0.30181E+02	0.31574E+02
2000	276	0.47937E-02	0.17014E+01
2000	277	0.33195E+01	0.14251E-02
2000	278	0.11492E+03	0.50063E+02
2000	279	0.18257E+03	0.39041E+07
2000	280	0.19981E+03	0.24035E+03
2000	281	0.14169E+03	0.34722E+03
2000	282	0.18002E+03	0.18424E+03
2000	283	0.18290E-01	0.87664E-02
2000	284	0.18123E-01	0.74215E-02
2000	285	0.36762E+02	0.46835E+02
2000	286	0.12728E+02	0.10268E+02
2000	287	0.47138E+02	0.15281E+03
2000	288	0.91364E+02	0.29022E+02
2000	289	0.82228E+06	0.18957E+03
2000	290	0.27935E+03	0.26305E+03
2000	291	0.58599E+02	0.22282E-01
2000	292	0.34225E-01	0.20318E-01
2000	293	0.11995E+01	0.19463E-01
2000	294	0.10071E+02	0.18910E-01
2000	295	0.32265E-01	0.18338E-01
2000	296	0.31014E-01	0.17720E-01
2000	297	0.30432E-01	0.17048E-01
2000	298	0.29830E-01	0.16392E-01
2000	299	0.29249E-01	0.15790E-01
2000	300	0.28740E-01	0.15231E-01
2000	301	0.22113E+03	0.28028E+02
2000	302	0.13904E+03	0.20786E+02
2000	303	0.71272E+01	0.15742E-01
2000	304	0.21951E+02	0.14057E-01
2000	305	0.28675E+02	0.14695E+02
2000	306	0.88989E+02	0.83053E+02
2000	307	0.10022E+03	0.18736E+03
2000	308	0.12874E+03	0.12821E+03
2000	309	0.17717E+03	0.22511E+06
2000	310	0.75033E+02	0.60830E+02
2000	311	0.24635E+03	0.17873E+03
2000	312	0.89158E+02	0.11896E+02
2000	313	0.95152E+01	0.34844E-01
2000	314	0.58131E+02	0.21028E+02
2000	315	0.32778E+03	0.39266E+03
2000	316	0.77939E+02	0.22177E+03
2000	317	0.56943E+02	0.14054E+03
2000	318	0.11250E+03	0.75270E+02
2000	319	0.10652E+03	0.14433E+03
2000	320	0.47622E+02	0.98441E+02
2000	321	0.25434E+02	0.13620E+03
2000	322	0.22059E+02	0.71885E+02
2000	323	0.15204E+03	0.69741E+02
2000	324	0.43793E+02	0.34713E+02
2000	325	0.70590E+02	0.79517E+02
2000	326	0.28515E+02	0.47024E+02
2000	327	0.74287E+01	0.70776E-01
2000	328	0.90195E-01	0.68560E-01
2000	329	0.88036E-01	0.67015E-01
2000	330	0.86035E-01	0.65931E-01
2000	331	0.84294E-01	0.64838E-01
2000	332	0.82640E-01	0.63738E-01
2000	333	0.80963E-01	0.62685E-01
2000	334	0.28318E+02	0.25638E+02
2000	335	0.16204E+03	0.18606E+03
2001	1	0.13280E+03	0.15220E+03
2001	2	0.25763E+03	0.37256E+07
2001	3	0.95038E+02	0.81101E+02
2001	4	0.77060E+02	0.11080E+03
2001	5	0.26931E+01	0.85270E-01
2001	6	0.11230E+00	0.84215E-01
2001	7	0.11123E+00	0.83217E-01
2001	8	0.11019E+00	0.82085E-01
2001	9	0.10974E+00	0.81087E-01
2001	10	0.10949E+00	0.80171E-01
2001	11	0.10886E+00	0.79480E-01
2001	12	0.10777E+00	0.78725E-01
2001	13	0.10661E+00	0.77976E-01
2001	14	0.10555E+00	0.77224E-01
2001	15	0.10445E+00	0.76381E-01
2001	16	0.10320E+00	0.75454E-01
2001	17	0.11616E+02	0.49215E+00
2001	18	0.18342E+02	0.36101E+02
2001	19	0.34516E+02	0.16041E+02
2001	20	0.89507E+05	0.47315E+06
2001	21	0.19731E+03	0.41521E+07
2001	22	0.63240E+05	0.23728E+03
2001	23	0.72143E+02	0.23038E+07
2001	24	0.88847E+04	0.10207E+03
2001	25	0.81155E+05	0.12252E+03
2001	26	0.12081E+05	0.16543E+02
2001	27	0.38819E+05	0.21447E+02
2001	28	0.24507E+05	0.17312E+02
2001	29	0.97353E+05	0.32411E+02
2001	30	0.30768E+06	0.23244E+00
2001	31	0.16643E+06	0.13326E+00
