soil moisture in profile [mm] for all sub-basins (MAP-IDs)
Year	Day	15	69
2000	1	 1078.787	 1020.765
2000	2	 1093.233	 1025.261
2000	3	 1096.753	 1028.673
2000	4	 1094.620	 1031.976
2000	5	 1105.026	 1045.157
2000	6	 1112.482	 1055.219
2000	7	 1115.392	 1066.317
2000	8	 1120.611	 1064.891
2000	9	 1123.609	 1060.989
2000	10	 1121.307	 1056.171
2000	11	 1117.525	 1052.040
2000	12	 1113.324	 1048.398
2000	13	 1109.840	 1043.663
2000	14	 1105.742	 1039.400
2000	15	 1101.128	 1034.997
2000	16	 1096.522	 1030.886
2000	17	 1096.072	 1030.470
2000	18	 1102.522	 1034.871
2000	19	 1108.206	 1049.148
2000	20	 1106.906	 1045.961
2000	21	 1104.250	 1041.696
2000	22	 1100.145	 1037.508
2000	23	 1095.849	 1033.413
2000	24	 1091.650	 1029.762
2000	25	 1088.231	 1025.874
2000	26	 1084.771	 1022.297
2000	27	 1081.880	 1019.787
2000	28	 1086.110	 1024.109
2000	29	 1099.861	 1034.249
2000	30	 1106.071	 1045.161
2000	31	 1115.307	 1043.976
2000	32	 1116.134	 1041.076
2000	33	 1113.710	 1037.655
2000	34	 1110.076	 1033.727
2000	35	 1105.595	 1029.584
2000	36	 1101.525	 1025.592
2000	37	 1097.374	 1021.790
2000	38	 1098.826	 1023.176
2000	39	 1115.059	 1026.893
2000	40	 1126.360	 1043.807
2000	41	 1138.797	 1063.953
2000	42	 1146.384	 1082.818
2000	43	 1155.570	 1093.335
2000	44	 1167.116	 1106.639
2000	45	 1186.037	 1119.212
2000	46	 1188.761	 1115.737
2000	47	 1186.057	 1110.886
2000	48	 1180.920	 1105.674
2000	49	 1175.896	 1101.623
2000	50	 1171.023	 1098.281
2000	51	 1166.955	 1093.784
2000	52	 1163.165	 1090.164
2000	53	 1158.713	 1086.026
2000	54	 1153.981	 1082.014
2000	55	 1149.249	 1077.920
2000	56	 1145.193	 1074.303
2000	57	 1140.801	 1070.176
2000	58	 1137.023	 1066.902
2000	59	 1133.623	 1063.712
2000	60	 1129.947	 1060.122
2000	61	 1125.758	 1056.550
2000	62	 1121.898	 1053.186
2000	63	 1118.707	 1050.380
2000	64	 1115.691	 1048.026
2000	65	 1112.586	 1045.784
2000	66	 1109.605	 1043.685
2000	67	 1106.700	 1041.457
2000	68	 1103.609	 1038.999
2000	69	 1100.620	 1036.333
2000	70	 1098.537	 1034.060
2000	71	 1096.015	 1031.318
2000	72	 1093.025	 1028.728
2000	73	 1091.959	 1026.512
2000	74	 1088.751	 1023.482
2000	75	 1085.795	 1020.608
2000	76	 1083.804	 1017.731
2000	77	 1081.222	 1014.959
2000	78	 1078.861	 1012.110
2000	79	 1077.335	 1009.097
2000	80	 1080.450	 1006.500
2000	81	 1078.760	 1006.037
2000	82	 1075.404	 1003.572
2000	83	 1072.137	 1001.594
2000	84	 1069.404	  999.524
2000	85	 1066.077	  996.271
2000	86	 1062.481	  993.012
2000	87	 1058.897	  989.978
2000	88	 1055.878	  987.471
2000	89	 1053.263	  985.061
2000	90	 1050.643	  982.711
2000	91	 1047.911	  980.695
2000	92	 1045.008	  978.318
2000	93	 1042.036	  976.047
2000	94	 1038.989	  973.529
2000	95	 1035.982	  971.030
2000	96	 1032.905	  968.244
2000	97	 1029.496	  964.912
2000	98	 1026.169	  961.584
2000	99	 1022.864	  958.389
2000	100	 1019.825	  955.339
2000	101	 1017.075	  952.814
2000	102	 1014.624	  950.246
2000	103	 1011.832	  947.581
2000	104	 1009.132	  945.119
2000	105	 1006.333	  942.535
2000	106	 1003.178	  939.640
2000	107	  999.882	  936.286
2000	108	  996.803	  933.004
2000	109	  994.315	  930.143
2000	110	  991.544	  927.507
2000	111	  989.308	  925.380
2000	112	  987.326	  923.665
2000	113	  985.105	  921.867
2000	114	  982.565	  919.522
2000	115	  980.277	  917.687
2000	116	  977.647	  915.480
2000	117	  974.641	  912.822
2000	118	  971.498	  909.761
2000	119	  968.804	  906.767
2000	120	  965.978	  904.194
2000	121	  963.070	  901.446
2000	122	  960.448	  898.593
2000	123	  957.436	  895.369
2000	124	  954.873	  892.919
2000	125	  952.661	  890.777
2000	126	  950.510	  888.949
2000	127	  948.359	  886.765
2000	128	  946.398	  885.149
2000	129	  944.707	  883.832
2000	130	  942.765	  881.995
2000	131	  940.355	  879.732
2000	132	  937.869	  877.468
2000	133	  935.732	  875.782
2000	134	  933.558	  873.561
2000	135	  931.110	  871.276
2000	136	  928.751	  868.958
2000	137	  926.389	  866.801
2000	138	  924.085	  864.694
2000	139	  921.839	  862.683
2000	140	  919.503	  860.535
2000	141	  917.036	  858.222
2000	142	  914.680	  855.845
2000	143	  912.399	  853.382
2000	144	  910.445	  851.499
2000	145	  908.196	  849.276
2000	146	  905.793	  846.957
2000	147	  903.250	  844.693
2000	148	  900.607	  842.346
2000	149	  898.203	  840.106
2000	150	  896.052	  838.138
2000	151	  893.759	  836.066
2000	152	  891.198	  833.618
2000	153	  888.809	  831.312
2000	154	  886.507	  829.246
2000	155	  884.594	  827.408
2000	156	  882.845	  825.812
2000	157	  881.341	  824.244
2000	158	  879.932	  822.683
2000	159	  878.101	  821.253
2000	160	  875.970	  819.248
2000	161	  873.757	  817.259
2000	162	  871.650	  815.341
2000	163	  869.241	  813.008
2000	164	  867.050	  810.676
2000	165	  865.192	  809.068
2000	166	  863.416	  807.208
2000	167	  861.155	  805.083
2000	168	  858.850	  802.496
2000	169	  856.226	  800.062
2000	170	  853.662	  797.746
2000	171	  851.084	  795.328
2000	172	  848.376	  792.658
2000	173	  845.644	  790.088
2000	174	  842.815	  787.422
2000	175	  840.835	  785.002
2000	176	  838.485	  782.714
2000	177	  836.358	  780.697
2000	178	  834.417	  778.991
2000	179	  832.176	  777.260
2000	180	  830.003	  775.173
2000	181	  827.517	  772.741
2000	182	  824.898	  770.228
2000	183	  822.569	  767.974
2000	184	  820.441	  765.893
2000	185	  818.219	  763.797
2000	186	  815.658	  761.354
2000	187	  813.469	  759.452
2000	188	  811.138	  757.289
2000	189	  808.596	  754.867
2000	190	  805.997	  752.486
2000	191	  803.682	  750.336
2000	192	  801.191	  747.893
2000	193	  798.491	  745.280
2000	194	  795.970	  742.923
2000	195	  794.056	  741.359
2000	196	  791.732	  739.133
2000	197	  789.253	  736.796
2000	198	  786.695	  734.433
2000	199	  784.290	  732.198
2000	200	  782.010	  730.091
2000	201	  779.465	  727.817
2000	202	  776.963	  725.530
2000	203	  774.591	  723.340
2000	204	  772.132	  721.014
2000	205	  769.904	  718.971
2000	206	  767.406	  716.520
2000	207	  764.880	  713.995
2000	208	  762.040	  711.335
2000	209	  759.029	  708.429
2000	210	  756.004	  705.307
2000	211	  753.697	  702.339
2000	212	  751.303	  699.819
2000	213	  748.453	  697.055
2000	214	  745.739	  694.385
2000	215	  743.028	  691.776
2000	216	  741.074	  689.088
2000	217	  739.227	  688.037
2000	218	  738.042	  686.346
2000	219	  739.057	  684.220
2000	220	  753.455	  685.854
2000	221	  757.461	  683.754
2000	222	  754.216	  680.426
2000	223	  749.718	  677.322
2000	224	  745.599	  674.900
2000	225	  742.031	  672.214
2000	226	  739.139	  669.433
2000	227	  736.249	  666.637
2000	228	  733.235	  663.515
2000	229	  730.102	  660.375
2000	230	  726.867	  657.075
2000	231	  723.937	  654.174
2000	232	  720.902	  651.066
2000	233	  717.659	  647.936
2000	234	  714.425	  644.731
2000	235	  710.996	  641.352
2000	236	  707.461	  637.932
2000	237	  703.959	  634.565
2000	238	  700.298	  630.834
2000	239	  697.168	  627.599
2000	240	  694.789	  625.408
2000	241	  692.844	  623.477
2000	242	  689.942	  620.678
2000	243	  687.003	  617.722
2000	244	  684.087	  614.713
2000	245	  681.570	  611.967
2000	246	  678.214	  608.687
2000	247	  674.668	  604.989
2000	248	  671.256	  601.227
2000	249	  677.414	  598.254
2000	250	  681.446	  599.401
2000	251	  676.761	  594.202
2000	252	  671.170	  589.543
2000	253	  665.902	  586.035
2000	254	  662.045	  582.396
2000	255	  658.085	  578.710
2000	256	  653.987	  575.140
2000	257	  649.858	  571.704
2000	258	  646.027	  568.716
2000	259	  642.215	  566.018
2000	260	  638.637	  563.587
2000	261	  634.917	  561.224
2000	262	  631.188	  559.146
2000	263	  627.508	  557.205
2000	264	  623.710	  555.401
2000	265	  619.859	  553.797
2000	266	  616.350	  552.262
2000	267	  612.775	  550.730
2000	268	  609.195	  549.364
2000	269	  605.772	  548.007
2000	270	  602.003	  546.653
2000	271	  598.373	  545.300
2000	272	  595.866	  544.044
2000	273	  610.376	  547.217
2000	274	  616.828	  550.145
2000	275	  621.010	  553.791
2000	276	  620.430	  552.547
2000	277	  618.960	  550.994
2000	278	  629.222	  555.195
2000	279	  646.415	  592.768
2000	280	  663.846	  612.435
2000	281	  677.068	  638.591
2000	282	  692.995	  654.071
2000	283	  692.769	  652.530
2000	284	  691.431	  650.160
2000	285	  696.145	  656.276
2000	286	  697.432	  657.980
2000	287	  702.032	  671.163
2000	288	  710.362	  675.121
2000	289	  733.051	  690.748
2000	290	  755.476	  711.758
2000	291	  761.567	  708.565
2000	292	  758.208	  704.103
2000	293	  755.906	  699.887
2000	294	  755.916	  696.996
2000	295	  752.682	  694.591
2000	296	  748.149	  691.835
2000	297	  744.134	  689.005
2000	298	  741.464	  686.352
2000	299	  739.299	  683.962
2000	300	  737.951	  681.909
2000	301	  755.952	  684.717
2000	302	  767.178	  685.749
2000	303	  767.113	  681.600
2000	304	  767.510	  678.435
2000	305	  770.241	  678.934
2000	306	  778.694	  685.503
2000	307	  787.199	  700.106
2000	308	  798.364	  710.190
2000	309	  813.548	  734.861
2000	310	  821.059	  741.527
2000	311	  840.116	  756.340
2000	312	  849.224	  758.211
2000	313	  850.559	  755.865
2000	314	  855.233	  756.656
2000	315	  880.380	  785.798
2000	316	  888.484	  803.269
2000	317	  894.293	  815.057
2000	318	  905.349	  822.846
2000	319	  915.625	  835.553
2000	320	  920.726	  844.611
2000	321	  924.950	  857.979
2000	322	  928.239	  865.704
2000	323	  939.768	  872.163
2000	324	  944.475	  876.211
2000	325	  950.888	  883.679
2000	326	  954.200	  889.034
2000	327	  953.799	  885.309
2000	328	  950.542	  881.189
2000	329	  947.172	  877.194
2000	330	  943.260	  873.100
2000	331	  939.379	  869.250
2000	332	  935.463	  865.893
2000	333	  931.556	  862.886
2000	334	  933.188	  864.922
2000	335	  946.422	  879.429
2001	1	  958.727	  893.034
2001	2	  979.614	  917.465
2001	3	  988.302	  925.543
2001	4	  997.209	  935.670
2001	5	  997.246	  934.035
2001	6	  996.012	  932.956
2001	7	  994.271	  930.999
2001	8	  992.731	  929.623
2001	9	  992.189	  927.786
2001	10	  991.706	  926.735
2001	11	  990.244	  925.484
2001	12	  988.402	  924.071
2001	13	  986.615	  922.629
2001	14	  984.950	  921.188
2001	15	  982.745	  919.231
2001	16	  980.484	  917.305
2001	17	  983.439	  917.326
2001	18	  986.196	  921.700
2001	19	  990.220	  924.196
2001	20	 1007.433	  949.314
2001	21	 1023.728	  969.322
2001	22	 1041.420	  988.202
2001	23	 1048.790	 1004.900
2001	24	 1057.947	 1014.271
2001	25	 1064.858	 1025.922
2001	26	 1063.305	 1027.920
2001	27	 1065.336	 1029.270
2001	28	 1065.511	 1029.692
2001	29	 1072.441	 1032.938
2001	30	 1083.072	 1030.732
2001	31	 1084.445	 1026.094
