total overland flow [m**3] for all sub-basins (MAP-IDs)
Year	Day	15	69
2000	1	0.45087E+05	0.12980E+00
2000	2	0.50470E+06	0.59294E+02
2000	3	0.30663E+06	0.47085E+02
2000	4	0.97709E+05	0.44043E+02
2000	5	0.53999E+06	0.18188E+03
2000	6	0.61547E+06	0.13545E+03
2000	7	0.47093E+06	0.14541E+05
2000	8	0.66773E+06	0.15467E+05
2000	9	0.54614E+06	0.54735E+03
2000	10	0.19158E+06	0.14789E+00
2000	11	0.49097E+05	0.14517E+00
2000	12	0.27490E+05	0.14310E+00
2000	13	0.47204E+05	0.14102E+00
2000	14	0.18896E+05	0.13872E+00
2000	15	0.39835E+04	0.13652E+00
2000	16	0.52393E+02	0.13429E+00
2000	17	0.18421E+02	0.15198E+02
2000	18	0.13616E+04	0.53719E+02
2000	19	0.43665E+05	0.18719E+03
2000	20	0.17260E+05	0.14184E+00
2000	21	0.39365E+04	0.13931E+00
2000	22	0.16032E+00	0.13669E+00
2000	23	0.15766E+00	0.13440E+00
2000	24	0.15515E+00	0.13241E+00
2000	25	0.15307E+00	0.13055E+00
2000	26	0.15121E+00	0.12864E+00
2000	27	0.14948E+00	0.12693E+00
2000	28	0.65862E+02	0.36796E+02
2000	29	0.17722E+03	0.13742E+03
2000	30	0.73731E+02	0.13201E+03
2000	31	0.31209E+06	0.13910E+00
2000	32	0.22608E+02	0.13782E+00
2000	33	0.10273E+01	0.13583E+00
2000	34	0.16539E+00	0.13379E+00
2000	35	0.16282E+00	0.13177E+00
2000	36	0.16026E+00	0.12977E+00
2000	37	0.15808E+00	0.12784E+00
2000	38	0.28274E+02	0.97439E+01
2000	39	0.19711E+03	0.35031E+02
2000	40	0.14454E+03	0.21513E+03
2000	41	0.12085E+06	0.26760E+03
2000	42	0.22309E+06	0.93772E+06
2000	43	0.38744E+06	0.12675E+03
2000	44	0.72572E+06	0.61233E+05
2000	45	0.19252E+07	0.31519E+06
2000	46	0.86053E+06	0.24235E+05
2000	47	0.25374E+06	0.12366E+03
2000	48	0.21025E+05	0.42201E+02
2000	49	0.71768E+04	0.28057E+00
2000	50	0.11396E+05	0.16901E+00
2000	51	0.40908E+05	0.16683E+00
2000	52	0.20108E+05	0.16456E+00
2000	53	0.38365E+04	0.16244E+00
2000	54	0.61955E+02	0.16017E+00
2000	55	0.59744E+01	0.15794E+00
2000	56	0.18380E+00	0.15579E+00
2000	57	0.18149E+00	0.15362E+00
2000	58	0.17924E+00	0.15143E+00
2000	59	0.17728E+00	0.14954E+00
2000	60	0.17534E+00	0.14760E+00
2000	61	0.17322E+00	0.14554E+00
2000	62	0.17101E+00	0.14353E+00
2000	63	0.16903E+00	0.14172E+00
2000	64	0.16734E+00	0.14015E+00
2000	65	0.16569E+00	0.13878E+00
2000	66	0.16404E+00	0.13750E+00
2000	67	0.16245E+00	0.13624E+00
2000	68	0.16084E+00	0.13491E+00
2000	69	0.15920E+00	0.13345E+00
2000	70	0.15774E+00	0.13197E+00
2000	71	0.15641E+00	0.13056E+00
2000	72	0.15494E+00	0.12909E+00
2000	73	0.15382E+00	0.12772E+00
2000	74	0.15268E+00	0.12628E+00
2000	75	0.15102E+00	0.12470E+00
2000	76	0.14956E+00	0.12320E+00
2000	77	0.14836E+00	0.12176E+00
2000	78	0.14706E+00	0.12033E+00
2000	79	0.14599E+00	0.11884E+00
2000	80	0.22433E+02	0.11738E+00
2000	81	0.14753E+00	0.49563E+01
2000	82	0.14584E+00	0.11490E+00
2000	83	0.14373E+00	0.11379E+00
2000	84	0.14198E+00	0.11279E+00
2000	85	0.14045E+00	0.11156E+00
2000	86	0.13879E+00	0.11003E+00
2000	87	0.13709E+00	0.10850E+00
2000	88	0.13552E+00	0.10711E+00
2000	89	0.13412E+00	0.10585E+00
2000	90	0.13281E+00	0.10460E+00
2000	91	0.13147E+00	0.10343E+00
2000	92	0.13009E+00	0.10226E+00
2000	93	0.12864E+00	0.10101E+00
2000	94	0.12713E+00	0.99726E-01
2000	95	0.12558E+00	0.98382E-01
2000	96	0.12401E+00	0.96972E-01
2000	97	0.12230E+00	0.95352E-01
2000	98	0.12048E+00	0.93595E-01
2000	99	0.11867E+00	0.91873E-01
2000	100	0.11695E+00	0.90227E-01
2000	101	0.11537E+00	0.88756E-01
2000	102	0.11395E+00	0.87407E-01
2000	103	0.11252E+00	0.86018E-01
2000	104	0.11102E+00	0.84651E-01
2000	105	0.10951E+00	0.83307E-01
2000	106	0.10789E+00	0.81857E-01
2000	107	0.10614E+00	0.80220E-01
2000	108	0.10440E+00	0.78487E-01
2000	109	0.10288E+00	0.76879E-01
2000	110	0.10145E+00	0.75439E-01
2000	111	0.10011E+00	0.74189E-01
2000	112	0.99048E-01	0.73181E-01
2000	113	0.97996E-01	0.72257E-01
2000	114	0.96802E-01	0.71170E-01
2000	115	0.95586E-01	0.70067E-01
2000	116	0.94349E-01	0.69019E-01
2000	117	0.92940E-01	0.67801E-01
2000	118	0.91409E-01	0.66383E-01
2000	119	0.89952E-01	0.64884E-01
2000	120	0.88580E-01	0.63503E-01
2000	121	0.87160E-01	0.62186E-01
2000	122	0.85785E-01	0.60804E-01
2000	123	0.84386E-01	0.59342E-01
2000	124	0.82995E-01	0.58006E-01
2000	125	0.81801E-01	0.56924E-01
2000	126	0.80709E-01	0.55990E-01
2000	127	0.79631E-01	0.55049E-01
2000	128	0.78596E-01	0.54153E-01
2000	129	0.77677E-01	0.53462E-01
2000	130	0.76785E-01	0.52722E-01
2000	131	0.75750E-01	0.51761E-01
2000	132	0.74587E-01	0.50698E-01
2000	133	0.73489E-01	0.49768E-01
2000	134	0.72468E-01	0.48853E-01
2000	135	0.71375E-01	0.47796E-01
2000	136	0.70236E-01	0.46717E-01
2000	137	0.69116E-01	0.45667E-01
2000	138	0.68013E-01	0.44666E-01
2000	139	0.66973E-01	0.43700E-01
2000	140	0.65945E-01	0.42724E-01
2000	141	0.64867E-01	0.41679E-01
2000	142	0.63785E-01	0.40580E-01
2000	143	0.62745E-01	0.39448E-01
2000	144	0.61793E-01	0.38427E-01
2000	145	0.60850E-01	0.37466E-01
2000	146	0.59807E-01	0.36402E-01
2000	147	0.58698E-01	0.35327E-01
2000	148	0.57537E-01	0.34247E-01
2000	149	0.56405E-01	0.33173E-01
2000	150	0.55381E-01	0.32186E-01
2000	151	0.54384E-01	0.31239E-01
2000	152	0.53297E-01	0.30225E-01
2000	153	0.52187E-01	0.29521E-01
2000	154	0.51135E-01	0.29100E-01
2000	155	0.50189E-01	0.28729E-01
2000	156	0.49368E-01	0.28408E-01
2000	157	0.48638E-01	0.28110E-01
2000	158	0.47985E-01	0.27818E-01
2000	159	0.47260E-01	0.27543E-01
2000	160	0.46373E-01	0.27221E-01
2000	161	0.45400E-01	0.26842E-01
2000	162	0.44432E-01	0.26479E-01
2000	163	0.43423E-01	0.26092E-01
2000	164	0.42393E-01	0.25676E-01
2000	165	0.41485E-01	0.25333E-01
2000	166	0.40672E-01	0.25035E-01
2000	167	0.39771E-01	0.24687E-01
2000	168	0.38751E-01	0.24286E-01
2000	169	0.37650E-01	0.23864E-01
2000	170	0.36493E-01	0.23470E-01
2000	171	0.35344E-01	0.23087E-01
2000	172	0.34165E-01	0.22681E-01
2000	173	0.32950E-01	0.22257E-01
2000	174	0.31709E-01	0.21836E-01
2000	175	0.30633E-01	0.21434E-01
2000	176	0.29667E-01	0.21065E-01
2000	177	0.28666E-01	0.20722E-01
2000	178	0.27757E-01	0.20425E-01
2000	179	0.26826E-01	0.20159E-01
2000	180	0.25841E-01	0.19862E-01
2000	181	0.24874E-01	0.19512E-01
2000	182	0.24229E-01	0.19141E-01
2000	183	0.23877E-01	0.18784E-01
2000	184	0.23558E-01	0.18460E-01
2000	185	0.23251E-01	0.18154E-01
2000	186	0.22927E-01	0.17833E-01
2000	187	0.22616E-01	0.17533E-01
2000	188	0.22323E-01	0.17255E-01
2000	189	0.22010E-01	0.16944E-01
2000	190	0.21693E-01	0.16634E-01
2000	191	0.21399E-01	0.16348E-01
2000	192	0.21125E-01	0.16071E-01
2000	193	0.20841E-01	0.15782E-01
2000	194	0.20563E-01	0.15506E-01
2000	195	0.20329E-01	0.15289E-01
2000	196	0.20111E-01	0.15083E-01
2000	197	0.19870E-01	0.14844E-01
2000	198	0.19632E-01	0.14611E-01
2000	199	0.19408E-01	0.14392E-01
2000	200	0.19196E-01	0.14186E-01
2000	201	0.18973E-01	0.13973E-01
2000	202	0.18738E-01	0.13749E-01
2000	203	0.18505E-01	0.13523E-01
2000	204	0.18268E-01	0.13289E-01
2000	205	0.18032E-01	0.13060E-01
2000	206	0.17793E-01	0.12825E-01
2000	207	0.17538E-01	0.12562E-01
2000	208	0.17266E-01	0.12285E-01
2000	209	0.16967E-01	0.11985E-01
2000	210	0.16655E-01	0.11658E-01
2000	211	0.16369E-01	0.11326E-01
2000	212	0.16107E-01	0.11018E-01
2000	213	0.15814E-01	0.10708E-01
2000	214	0.15495E-01	0.10378E-01
2000	215	0.15182E-01	0.10058E-01
2000	216	0.29626E+01	0.97419E-02
2000	217	0.14649E-01	0.13881E+01
2000	218	0.14462E-01	0.92712E-02
2000	219	0.12694E+02	0.90626E-02
2000	220	0.18463E+03	0.26483E+02
2000	221	0.27802E+02	0.86576E-02
2000	222	0.19832E-01	0.84658E-02
2000	223	0.18161E-01	0.81821E-02
2000	224	0.17618E-01	0.78512E-02
2000	225	0.17298E-01	0.75051E-02
2000	226	0.16925E-01	0.71306E-02
2000	227	0.16540E-01	0.67441E-02
2000	228	0.16144E-01	0.63321E-02
2000	229	0.15733E-01	0.58975E-02
2000	230	0.15308E-01	0.54499E-02
2000	231	0.14891E-01	0.50114E-02
2000	232	0.14478E-01	0.46188E-02
2000	233	0.14035E-01	0.43339E-02
2000	234	0.13571E-01	0.40875E-02
2000	235	0.13092E-01	0.38319E-02
2000	236	0.12595E-01	0.35685E-02
2000	237	0.12095E-01	0.33063E-02
2000	238	0.11597E-01	0.30402E-02
2000	239	0.11129E-01	0.27811E-02
2000	240	0.10735E-01	0.25723E-02
2000	241	0.10406E-01	0.24022E-02
2000	242	0.10033E-01	0.22042E-02
2000	243	0.95906E-02	0.19666E-02
2000	244	0.91505E-02	0.17197E-02
2000	245	0.87362E-02	0.14810E-02
2000	246	0.82933E-02	0.12349E-02
2000	247	0.77847E-02	0.95686E-03
2000	248	0.72725E-02	0.66398E-03
2000	249	0.93102E+02	0.13791E+01
2000	250	0.57008E+02	0.24071E+02
2000	251	0.99807E-02	0.11544E-03
2000	252	0.81164E-02	0.15345E-05
2000	253	0.74818E-02	0.00000E+00
2000	254	0.69165E-02	0.00000E+00
2000	255	0.62971E-02	0.00000E+00
2000	256	0.56584E-02	0.00000E+00
2000	257	0.50071E-02	0.00000E+00
2000	258	0.44715E-02	0.00000E+00
2000	259	0.41272E-02	0.00000E+00
2000	260	0.38104E-02	0.00000E+00
2000	261	0.34940E-02	0.00000E+00
2000	262	0.31725E-02	0.00000E+00
2000	263	0.28585E-02	0.00000E+00
2000	264	0.25462E-02	0.00000E+00
2000	265	0.22260E-02	0.00000E+00
2000	266	0.19123E-02	0.00000E+00
2000	267	0.16088E-02	0.00000E+00
2000	268	0.12998E-02	0.00000E+00
2000	269	0.99256E-03	0.00000E+00
2000	270	0.67538E-03	0.00000E+00
2000	271	0.35250E-03	0.00000E+00
2000	272	0.20877E+01	0.00000E+00
2000	273	0.16113E+03	0.34709E+02
2000	274	0.52463E+02	0.26282E+02
2000	275	0.30181E+02	0.31574E+02
2000	276	0.47923E-02	0.17014E+01
2000	277	0.33195E+01	0.14251E-02
2000	278	0.11492E+03	0.50063E+02
2000	279	0.18257E+03	0.39026E+07
2000	280	0.19981E+03	0.24035E+03
2000	281	0.14169E+03	0.34722E+03
2000	282	0.18002E+03	0.18424E+03
2000	283	0.18287E-01	0.87435E-02
2000	284	0.18120E-01	0.73987E-02
2000	285	0.36762E+02	0.46835E+02
2000	286	0.12728E+02	0.10268E+02
2000	287	0.47138E+02	0.15281E+03
2000	288	0.91364E+02	0.29022E+02
2000	289	0.82227E+06	0.18957E+03
2000	290	0.27935E+03	0.26305E+03
2000	291	0.58599E+02	0.22259E-01
2000	292	0.34222E-01	0.20296E-01
2000	293	0.11995E+01	0.19441E-01
2000	294	0.10071E+02	0.18887E-01
2000	295	0.32262E-01	0.18315E-01
2000	296	0.31011E-01	0.17698E-01
2000	297	0.30429E-01	0.17025E-01
2000	298	0.29827E-01	0.16370E-01
2000	299	0.29246E-01	0.15768E-01
2000	300	0.28738E-01	0.15208E-01
2000	301	0.22113E+03	0.28028E+02
2000	302	0.13904E+03	0.20786E+02
2000	303	0.71272E+01	0.15720E-01
2000	304	0.21951E+02	0.14035E-01
2000	305	0.28675E+02	0.14695E+02
2000	306	0.88989E+02	0.83053E+02
2000	307	0.10022E+03	0.18736E+03
2000	308	0.12874E+03	0.12821E+03
2000	309	0.17717E+03	0.22473E+06
2000	310	0.75033E+02	0.60830E+02
2000	311	0.24635E+03	0.17873E+03
2000	312	0.89158E+02	0.11896E+02
2000	313	0.95152E+01	0.34822E-01
2000	314	0.58131E+02	0.21028E+02
2000	315	0.32778E+03	0.39266E+03
2000	316	0.77939E+02	0.22177E+03
2000	317	0.56943E+02	0.14054E+03
2000	318	0.11250E+03	0.75270E+02
2000	319	0.10652E+03	0.14433E+03
2000	320	0.47622E+02	0.98441E+02
2000	321	0.25434E+02	0.13620E+03
2000	322	0.22059E+02	0.71885E+02
2000	323	0.15204E+03	0.69741E+02
2000	324	0.43792E+02	0.34713E+02
2000	325	0.70588E+02	0.79517E+02
2000	326	0.28514E+02	0.47024E+02
2000	327	0.74275E+01	0.70750E-01
2000	328	0.88995E-01	0.68534E-01
2000	329	0.86835E-01	0.66990E-01
2000	330	0.84836E-01	0.65906E-01
2000	331	0.83095E-01	0.64813E-01
2000	332	0.81441E-01	0.63713E-01
2000	333	0.79764E-01	0.62661E-01
2000	334	0.28317E+02	0.25638E+02
2000	335	0.16204E+03	0.18606E+03
2001	1	0.13280E+03	0.15220E+03
2001	2	0.25763E+03	0.37197E+07
2001	3	0.95037E+02	0.81101E+02
2001	4	0.77059E+02	0.11080E+03
2001	5	0.26919E+01	0.85247E-01
2001	6	0.11111E+00	0.84192E-01
2001	7	0.11003E+00	0.83194E-01
2001	8	0.10900E+00	0.82062E-01
2001	9	0.10854E+00	0.81064E-01
2001	10	0.10829E+00	0.80148E-01
2001	11	0.10766E+00	0.79458E-01
2001	12	0.10657E+00	0.78703E-01
2001	13	0.10541E+00	0.77954E-01
2001	14	0.10436E+00	0.77202E-01
2001	15	0.10325E+00	0.76359E-01
2001	16	0.10201E+00	0.75432E-01
2001	17	0.11615E+02	0.49213E+00
2001	18	0.18340E+02	0.36101E+02
2001	19	0.34515E+02	0.16041E+02
2001	20	0.89496E+05	0.47280E+06
2001	21	0.19731E+03	0.41504E+07
2001	22	0.63230E+05	0.23728E+03
2001	23	0.72142E+02	0.23017E+07
2001	24	0.88800E+04	0.10207E+03
2001	25	0.81143E+05	0.12252E+03
2001	26	0.12080E+05	0.16543E+02
2001	27	0.38817E+05	0.21447E+02
2001	28	0.24505E+05	0.17312E+02
2001	29	0.97348E+05	0.32411E+02
2001	30	0.30766E+06	0.23242E+00
2001	31	0.16642E+06	0.13324E+00
