soil moisture in profile [mm] for all sub-basins (MAP-IDs)
Year	Day	15	69
2000	1	 1086.374	 1024.628
2000	2	 1100.464	 1028.998
2000	3	 1103.837	 1032.350
2000	4	 1101.697	 1035.587
2000	5	 1111.763	 1048.583
2000	6	 1118.949	 1058.495
2000	7	 1121.670	 1069.361
2000	8	 1126.627	 1067.889
2000	9	 1129.396	 1063.981
2000	10	 1127.096	 1059.193
2000	11	 1123.383	 1055.097
2000	12	 1119.242	 1051.463
2000	13	 1115.839	 1046.779
2000	14	 1111.821	 1042.579
2000	15	 1107.284	 1038.339
2000	16	 1102.754	 1034.452
2000	17	 1102.306	 1033.996
2000	18	 1108.609	 1038.334
2000	19	 1114.116	 1052.473
2000	20	 1112.831	 1049.323
2000	21	 1110.238	 1045.163
2000	22	 1106.199	 1041.079
2000	23	 1101.970	 1037.056
2000	24	 1097.844	 1033.475
2000	25	 1094.467	 1029.724
2000	26	 1091.065	 1026.446
2000	27	 1088.236	 1024.021
2000	28	 1092.388	 1028.324
2000	29	 1105.980	 1038.389
2000	30	 1112.039	 1049.210
2000	31	 1121.142	 1048.066
2000	32	 1121.932	 1045.215
2000	33	 1119.532	 1041.859
2000	34	 1115.953	 1038.010
2000	35	 1111.519	 1033.930
2000	36	 1107.509	 1029.999
2000	37	 1103.417	 1026.294
2000	38	 1104.854	 1027.694
2000	39	 1120.795	 1031.356
2000	40	 1131.912	 1048.162
2000	41	 1144.064	 1067.997
2000	42	 1151.365	 1086.545
2000	43	 1160.265	 1096.931
2000	44	 1171.439	 1110.008
2000	45	 1189.068	 1122.303
2000	46	 1191.554	 1118.871
2000	47	 1188.897	 1114.098
2000	48	 1183.881	 1108.939
2000	49	 1178.998	 1104.947
2000	50	 1174.216	 1101.619
2000	51	 1170.274	 1097.189
2000	52	 1166.553	 1093.631
2000	53	 1162.178	 1089.573
2000	54	 1157.512	 1085.619
2000	55	 1152.850	 1081.651
2000	56	 1148.863	 1078.189
2000	57	 1144.541	 1074.156
2000	58	 1140.823	 1070.919
2000	59	 1137.475	 1067.772
2000	60	 1133.839	 1064.213
2000	61	 1129.724	 1060.696
2000	62	 1125.925	 1057.391
2000	63	 1122.792	 1054.645
2000	64	 1119.809	 1052.340
2000	65	 1116.746	 1050.143
2000	66	 1113.817	 1048.105
2000	67	 1110.965	 1045.929
2000	68	 1107.925	 1043.521
2000	69	 1104.976	 1040.941
2000	70	 1102.951	 1038.710
2000	71	 1100.493	 1036.039
2000	72	 1097.563	 1033.518
2000	73	 1096.527	 1031.349
2000	74	 1093.388	 1028.395
2000	75	 1090.496	 1025.577
2000	76	 1088.573	 1022.748
2000	77	 1086.033	 1020.004
2000	78	 1083.702	 1017.193
2000	79	 1082.217	 1014.212
2000	80	 1085.294	 1011.627
2000	81	 1083.659	 1011.147
2000	82	 1080.391	 1008.752
2000	83	 1077.197	 1006.818
2000	84	 1074.527	 1004.775
2000	85	 1071.260	 1001.625
2000	86	 1067.722	  998.396
2000	87	 1064.174	  995.365
2000	88	 1061.186	  992.867
2000	89	 1058.596	  990.450
2000	90	 1056.013	  987.982
2000	91	 1053.317	  985.907
2000	92	 1050.586	  983.378
2000	93	 1047.736	  981.037
2000	94	 1044.688	  978.505
2000	95	 1041.674	  975.993
2000	96	 1038.572	  973.197
2000	97	 1034.977	  969.855
2000	98	 1031.550	  966.518
2000	99	 1028.220	  963.315
2000	100	 1025.155	  960.259
2000	101	 1022.380	  957.735
2000	102	 1019.902	  955.158
2000	103	 1017.089	  952.486
2000	104	 1014.370	  950.017
2000	105	 1011.552	  947.427
2000	106	 1008.380	  944.525
2000	107	 1005.070	  941.174
2000	108	 1001.974	  937.886
2000	109	  999.474	  935.015
2000	110	  996.686	  932.369
2000	111	  994.429	  930.231
2000	112	  992.426	  928.513
2000	113	  990.192	  926.705
2000	114	  987.638	  924.355
2000	115	  985.336	  922.512
2000	116	  982.694	  920.299
2000	117	  979.679	  917.636
2000	118	  976.530	  914.578
2000	119	  973.818	  911.580
2000	120	  970.990	  908.999
2000	121	  968.073	  906.249
2000	122	  965.434	  903.396
2000	123	  962.416	  900.171
2000	124	  959.839	  897.705
2000	125	  957.617	  895.558
2000	126	  955.459	  893.726
2000	127	  953.299	  891.538
2000	128	  951.330	  889.919
2000	129	  949.642	  888.595
2000	130	  947.690	  886.755
2000	131	  945.275	  884.490
2000	132	  942.783	  882.222
2000	133	  940.638	  880.539
2000	134	  938.465	  878.314
2000	135	  936.011	  876.027
2000	136	  933.646	  873.707
2000	137	  931.279	  871.547
2000	138	  928.970	  869.438
2000	139	  926.719	  867.424
2000	140	  924.379	  865.274
2000	141	  921.908	  862.959
2000	142	  919.548	  860.580
2000	143	  917.261	  858.116
2000	144	  915.312	  856.230
2000	145	  913.059	  854.005
2000	146	  910.653	  851.684
2000	147	  908.107	  849.419
2000	148	  905.466	  847.070
2000	149	  903.055	  844.829
2000	150	  900.901	  842.860
2000	151	  898.605	  840.786
2000	152	  896.044	  838.338
2000	153	  893.650	  836.028
2000	154	  891.346	  833.956
2000	155	  889.430	  832.123
2000	156	  887.677	  830.524
2000	157	  886.172	  828.955
2000	158	  884.764	  827.397
2000	159	  882.941	  825.974
2000	160	  880.808	  823.969
2000	161	  878.593	  821.979
2000	162	  876.484	  820.060
2000	163	  874.076	  817.726
2000	164	  871.880	  815.393
2000	165	  870.027	  813.772
2000	166	  868.248	  811.927
2000	167	  865.999	  809.801
2000	168	  863.690	  807.219
2000	169	  861.072	  804.783
2000	170	  858.509	  802.468
2000	171	  855.929	  800.052
2000	172	  853.220	  797.382
2000	173	  850.487	  794.809
2000	174	  847.657	  792.145
2000	175	  845.674	  789.724
2000	176	  843.327	  787.433
2000	177	  841.194	  785.415
2000	178	  839.262	  783.713
2000	179	  837.022	  781.986
2000	180	  834.847	  779.898
2000	181	  832.365	  777.468
2000	182	  829.747	  774.957
2000	183	  827.415	  772.699
2000	184	  825.277	  770.617
2000	185	  823.051	  768.521
2000	186	  820.494	  766.080
2000	187	  818.306	  764.175
2000	188	  815.974	  762.012
2000	189	  813.434	  759.592
2000	190	  810.835	  757.211
2000	191	  808.521	  755.058
2000	192	  806.031	  752.617
2000	193	  803.330	  750.004
2000	194	  800.808	  747.646
2000	195	  798.896	  746.078
2000	196	  796.573	  743.852
2000	197	  794.093	  741.517
2000	198	  791.535	  739.153
2000	199	  789.129	  736.917
2000	200	  786.849	  734.805
2000	201	  784.303	  732.534
2000	202	  781.801	  730.246
2000	203	  779.428	  728.054
2000	204	  776.969	  725.729
2000	205	  774.742	  723.680
2000	206	  772.243	  721.235
2000	207	  769.716	  718.709
2000	208	  766.877	  716.049
2000	209	  763.865	  713.142
2000	210	  760.841	  710.019
2000	211	  758.498	  707.051
2000	212	  756.143	  704.534
2000	213	  753.342	  701.769
2000	214	  750.628	  699.099
2000	215	  747.917	  696.490
2000	216	  745.897	  693.801
2000	217	  744.145	  692.569
2000	218	  743.001	  691.060
2000	219	  743.803	  689.014
2000	220	  758.154	  690.418
2000	221	  762.152	  688.303
2000	222	  759.010	  685.045
2000	223	  754.614	  682.172
2000	224	  751.595	  679.750
2000	225	  748.799	  677.064
2000	226	  745.906	  674.283
2000	227	  743.016	  671.486
2000	228	  740.001	  668.363
2000	229	  736.868	  665.223
2000	230	  733.632	  661.923
2000	231	  730.702	  659.022
2000	232	  727.667	  655.914
2000	233	  724.424	  652.781
2000	234	  721.190	  649.573
2000	235	  717.760	  646.193
2000	236	  714.224	  642.773
2000	237	  710.722	  639.405
2000	238	  707.061	  635.674
2000	239	  703.936	  632.440
2000	240	  701.557	  630.249
2000	241	  699.547	  628.227
2000	242	  696.718	  625.540
2000	243	  693.780	  622.584
2000	244	  690.869	  619.575
2000	245	  688.351	  616.828
2000	246	  684.995	  613.548
2000	247	  681.450	  609.850
2000	248	  678.055	  606.098
2000	249	  683.990	  603.009
2000	250	  687.966	  603.947
2000	251	  683.259	  598.679
2000	252	  677.663	  594.677
2000	253	  673.667	  591.155
2000	254	  669.854	  587.401
2000	255	  665.893	  583.481
2000	256	  661.796	  579.635
2000	257	  657.666	  575.880
2000	258	  653.833	  572.576
2000	259	  650.016	  569.567
2000	260	  646.435	  566.839
2000	261	  642.715	  564.298
2000	262	  638.986	  562.105
2000	263	  635.305	  560.107
2000	264	  631.507	  558.267
2000	265	  627.661	  556.611
2000	266	  624.116	  555.035
2000	267	  620.624	  553.453
2000	268	  617.052	  551.992
2000	269	  613.634	  550.510
2000	270	  609.866	  549.062
2000	271	  606.239	  547.637
2000	272	  603.643	  546.338
2000	273	  618.137	  549.275
2000	274	  624.640	  552.128
2000	275	  628.786	  555.671
2000	276	  628.246	  554.371
2000	277	  626.756	  552.708
2000	278	  637.012	  556.780
2000	279	  654.189	  594.134
2000	280	  671.641	  613.793
2000	281	  684.855	  639.971
2000	282	  700.797	  655.458
2000	283	  700.608	  653.980
2000	284	  699.318	  651.707
2000	285	  704.001	  657.849
2000	286	  705.297	  659.573
2000	287	  709.915	  672.769
2000	288	  718.257	  676.749
2000	289	  740.978	  692.407
2000	290	  763.393	  713.385
2000	291	  769.518	  710.318
2000	292	  766.255	  705.998
2000	293	  763.998	  703.230
2000	294	  764.042	  700.901
2000	295	  760.848	  698.519
2000	296	  756.433	  695.764
2000	297	  753.725	  692.933
2000	298	  751.060	  690.288
2000	299	  748.893	  687.900
2000	300	  747.355	  685.707
2000	301	  765.361	  688.349
2000	302	  776.586	  689.306
2000	303	  776.503	  685.153
2000	304	  776.858	  681.933
2000	305	  779.555	  682.357
2000	306	  787.995	  688.875
2000	307	  796.478	  703.428
2000	308	  807.642	  713.466
2000	309	  822.819	  738.105
2000	310	  830.310	  744.728
2000	311	  849.348	  759.520
2000	312	  858.451	  761.392
2000	313	  859.815	  759.083
2000	314	  864.501	  759.826
2000	315	  889.475	  788.809
2000	316	  897.537	  806.289
2000	317	  903.286	  818.091
2000	318	  914.317	  825.894
2000	319	  924.518	  838.567
2000	320	  929.559	  847.627
2000	321	  933.707	  860.957
2000	322	  936.956	  868.658
2000	323	  948.410	  875.063
2000	324	  953.017	  879.065
2000	325	  959.373	  886.518
2000	326	  962.611	  891.823
2000	327	  962.213	  888.194
2000	328	  958.970	  884.165
2000	329	  955.628	  880.300
2000	330	  951.752	  876.683
2000	331	  947.891	  873.638
2000	332	  943.999	  870.632
2000	333	  940.112	  867.735
2000	334	  941.693	  869.729
2000	335	  954.846	  884.180
2001	1	  967.025	  897.747
2001	2	  987.695	  922.091
2001	3	  996.266	  930.115
2001	4	 1005.045	  940.206
2001	5	 1005.079	  938.616
2001	6	 1003.856	  937.572
2001	7	 1002.117	  935.694
2001	8	 1000.576	  934.377
2001	9	 1000.018	  932.597
2001	10	  999.529	  931.562
2001	11	  998.071	  930.348
2001	12	  996.238	  928.970
2001	13	  994.453	  927.558
2001	14	  992.797	  926.151
2001	15	  990.616	  924.249
2001	16	  988.375	  922.371
2001	17	  991.303	  922.406
2001	18	  994.025	  926.773
2001	19	  997.995	  929.258
2001	20	 1015.049	  954.128
2001	21	 1031.150	  974.120
2001	22	 1048.590	  992.845
2001	23	 1055.771	 1009.453
2001	24	 1064.741	 1018.639
2001	25	 1071.466	 1030.142
2001	26	 1069.876	 1032.042
2001	27	 1071.773	 1033.279
2001	28	 1071.904	 1033.659
2001	29	 1078.650	 1036.785
2001	30	 1089.012	 1034.518
2001	31	 1090.289	 1029.895
